[INFO] Scanning for projects...
[INFO] 
[INFO] -------------------------< com.example:backet >-------------------------
[INFO] Building backet 0.0.1-SNAPSHOT
[INFO]   from pom.xml
[INFO] --------------------------------[ jar ]---------------------------------
[INFO] 
[INFO] >>> spring-boot:3.5.7:run (default-cli) > test-compile @ backet >>>
[INFO] 
[INFO] --- resources:3.3.1:resources (default-resources) @ backet ---
[INFO] Copying 1 resource from src/main/resources to target/classes
[INFO] Copying 0 resource from src/main/resources to target/classes
[INFO] 
[INFO] --- compiler:3.14.1:compile (default-compile) @ backet ---
[INFO] Nothing to compile - all classes are up to date.
[INFO] 
[INFO] --- resources:3.3.1:testResources (default-testResources) @ backet ---
[INFO] skip non existing resourceDirectory /home/vboxuser/Desktop/Kefirchik/KefirInc/Backend/Backet/src/test/resources
[INFO] 
[INFO] --- compiler:3.14.1:testCompile (default-testCompile) @ backet ---
[INFO] Nothing to compile - all classes are up to date.
[INFO] 
[INFO] <<< spring-boot:3.5.7:run (default-cli) < test-compile @ backet <<<
[INFO] 
[INFO] 
[INFO] --- spring-boot:3.5.7:run (default-cli) @ backet ---
[INFO] Attaching agents: []

  .   ____          _            __ _ _
 /\\ / ___'_ __ _ _(_)_ __  __ _ \ \ \ \
( ( )\___ | '_ | '_| | '_ \/ _` | \ \ \ \
 \\/  ___)| |_)| | | | | || (_| |  ) ) ) )
  '  |____| .__|_| |_|_| |_\__, | / / / /
 =========|_|==============|___/=/_/_/_/

 :: Spring Boot ::                (v3.5.7)

2025-12-30T05:02:13.725Z  INFO 6634 --- [           main] com.example.backet.BacketApplication     : Starting BacketApplication using Java 17.0.17 with PID 6634 (/home/vboxuser/Desktop/Kefirchik/KefirInc/Backend/Backet/target/classes started by vboxuser in /home/vboxuser/Desktop/Kefirchik/KefirInc/Backend/Backet)
2025-12-30T05:02:13.731Z  INFO 6634 --- [           main] com.example.backet.BacketApplication     : The following 1 profile is active: "local"
2025-12-30T05:02:15.229Z  INFO 6634 --- [           main] .s.d.r.c.RepositoryConfigurationDelegate : Bootstrapping Spring Data JPA repositories in DEFAULT mode.
2025-12-30T05:02:15.333Z  INFO 6634 --- [           main] .s.d.r.c.RepositoryConfigurationDelegate : Finished Spring Data repository scanning in 85 ms. Found 3 JPA repository interfaces.
2025-12-30T05:02:16.738Z  INFO 6634 --- [           main] o.s.b.w.embedded.tomcat.TomcatWebServer  : Tomcat initialized with port 8085 (http)
2025-12-30T05:02:16.771Z  INFO 6634 --- [           main] o.apache.catalina.core.StandardService   : Starting service [Tomcat]
2025-12-30T05:02:16.772Z  INFO 6634 --- [           main] o.apache.catalina.core.StandardEngine    : Starting Servlet engine: [Apache Tomcat/10.1.48]
2025-12-30T05:02:16.883Z  INFO 6634 --- [           main] o.a.c.c.C.[Tomcat].[localhost].[/]       : Initializing Spring embedded WebApplicationContext
2025-12-30T05:02:16.885Z  INFO 6634 --- [           main] w.s.c.ServletWebServerApplicationContext : Root WebApplicationContext: initialization completed in 3048 ms
2025-12-30T05:02:17.391Z  INFO 6634 --- [           main] o.hibernate.jpa.internal.util.LogHelper  : HHH000204: Processing PersistenceUnitInfo [name: default]
2025-12-30T05:02:17.490Z  INFO 6634 --- [           main] org.hibernate.Version                    : HHH000412: Hibernate ORM core version 6.6.33.Final
2025-12-30T05:02:17.569Z  INFO 6634 --- [           main] o.h.c.internal.RegionFactoryInitiator    : HHH000026: Second-level cache disabled
2025-12-30T05:02:18.183Z  INFO 6634 --- [           main] o.s.o.j.p.SpringPersistenceUnitInfo      : No LoadTimeWeaver setup: ignoring JPA class transformer
2025-12-30T05:02:18.252Z  INFO 6634 --- [           main] com.zaxxer.hikari.HikariDataSource       : HikariPool-1 - Starting...
2025-12-30T05:02:19.196Z  INFO 6634 --- [           main] com.zaxxer.hikari.pool.HikariPool        : HikariPool-1 - Added connection org.postgresql.jdbc.PgConnection@134abd78
2025-12-30T05:02:19.199Z  INFO 6634 --- [           main] com.zaxxer.hikari.HikariDataSource       : HikariPool-1 - Start completed.
2025-12-30T05:02:19.297Z  WARN 6634 --- [           main] org.hibernate.orm.deprecation            : HHH90000025: PostgreSQLDialect does not need to be specified explicitly using 'hibernate.dialect' (remove the property setting and it will be selected by default)
2025-12-30T05:02:19.355Z  INFO 6634 --- [           main] org.hibernate.orm.connections.pooling    : HHH10001005: Database info:
	Database JDBC URL [Connecting through datasource 'HikariDataSource (HikariPool-1)']
	Database driver: undefined/unknown
	Database version: 16.11
	Autocommit mode: undefined/unknown
	Isolation level: undefined/unknown
	Minimum pool size: undefined/unknown
	Maximum pool size: undefined/unknown
2025-12-30T05:02:21.254Z  INFO 6634 --- [           main] o.h.e.t.j.p.i.JtaPlatformInitiator       : HHH000489: No JTA platform available (set 'hibernate.transaction.jta.platform' to enable JTA platform integration)
2025-12-30T05:02:21.381Z  INFO 6634 --- [           main] j.LocalContainerEntityManagerFactoryBean : Initialized JPA EntityManagerFactory for persistence unit 'default'
2025-12-30T05:02:22.233Z  WARN 6634 --- [           main] JpaBaseConfiguration$JpaWebConfiguration : spring.jpa.open-in-view is enabled by default. Therefore, database queries may be performed during view rendering. Explicitly configure spring.jpa.open-in-view to disable this warning
2025-12-30T05:02:23.899Z  INFO 6634 --- [           main] o.s.b.w.embedded.tomcat.TomcatWebServer  : Tomcat started on port 8085 (http) with context path '/'
2025-12-30T05:02:23.932Z  INFO 6634 --- [           main] com.example.backet.BacketApplication     : Started BacketApplication in 11.17 seconds (process running for 11.876)
