[INFO] Scanning for projects...
[INFO] 
[INFO] --------------------< com.kefir:collector-service >---------------------
[INFO] Building collector-service 1.0.0
[INFO] --------------------------------[ jar ]---------------------------------
[INFO] 
[INFO] >>> spring-boot-maven-plugin:2.7.0:run (default-cli) > test-compile @ collector-service >>>
[INFO] 
[INFO] --- maven-resources-plugin:3.2.0:resources (default-resources) @ collector-service ---
[INFO] Using 'UTF-8' encoding to copy filtered resources.
[INFO] Using 'UTF-8' encoding to copy filtered properties files.
[INFO] Copying 1 resource
[INFO] Copying 0 resource
[INFO] 
[INFO] --- maven-compiler-plugin:3.10.1:compile (default-compile) @ collector-service ---
[INFO] Nothing to compile - all classes are up to date
[INFO] 
[INFO] --- maven-resources-plugin:3.2.0:testResources (default-testResources) @ collector-service ---
[INFO] Using 'UTF-8' encoding to copy filtered resources.
[INFO] Using 'UTF-8' encoding to copy filtered properties files.
[INFO] skip non existing resourceDirectory /home/vboxuser/Desktop/Kefir/Backend/Collector/src/test/resources
[INFO] 
[INFO] --- maven-compiler-plugin:3.10.1:testCompile (default-testCompile) @ collector-service ---
[INFO] Nothing to compile - all classes are up to date
[INFO] 
[INFO] <<< spring-boot-maven-plugin:2.7.0:run (default-cli) < test-compile @ collector-service <<<
[INFO] 
[INFO] 
[INFO] --- spring-boot-maven-plugin:2.7.0:run (default-cli) @ collector-service ---
[INFO] Attaching agents: []

  .   ____          _            __ _ _
 /\\ / ___'_ __ _ _(_)_ __  __ _ \ \ \ \
( ( )\___ | '_ | '_| | '_ \/ _` | \ \ \ \
 \\/  ___)| |_)| | | | | || (_| |  ) ) ) )
  '  |____| .__|_| |_|_| |_\__, | / / / /
 =========|_|==============|___/=/_/_/_/
 :: Spring Boot ::                (v2.7.0)

2025-12-12 20:46:21.954  INFO 19443 --- [           main] c.e.collector.CollectorApplication       : Starting CollectorApplication using Java 17.0.17 on Babun with PID 19443 (/home/vboxuser/Desktop/Kefir/Backend/Collector/target/classes started by vboxuser in /home/vboxuser/Desktop/Kefir/Backend/Collector)
2025-12-12 20:46:21.958 DEBUG 19443 --- [           main] c.e.collector.CollectorApplication       : Running with Spring Boot v2.7.0, Spring v5.3.20
2025-12-12 20:46:21.959  INFO 19443 --- [           main] c.e.collector.CollectorApplication       : The following 1 profile is active: "local"
2025-12-12 20:46:23.112  INFO 19443 --- [           main] .s.d.r.c.RepositoryConfigurationDelegate : Bootstrapping Spring Data JPA repositories in DEFAULT mode.
2025-12-12 20:46:23.207  INFO 19443 --- [           main] .s.d.r.c.RepositoryConfigurationDelegate : Finished Spring Data repository scanning in 78 ms. Found 2 JPA repository interfaces.
2025-12-12 20:46:24.635  INFO 19443 --- [           main] o.s.b.w.embedded.tomcat.TomcatWebServer  : Tomcat initialized with port(s): 8084 (http)
2025-12-12 20:46:24.668  INFO 19443 --- [           main] o.apache.catalina.core.StandardService   : Starting service [Tomcat]
2025-12-12 20:46:24.672  INFO 19443 --- [           main] org.apache.catalina.core.StandardEngine  : Starting Servlet engine: [Apache Tomcat/9.0.63]
2025-12-12 20:46:25.015  INFO 19443 --- [           main] o.a.c.c.C.[Tomcat].[localhost].[/]       : Initializing Spring embedded WebApplicationContext
2025-12-12 20:46:25.015  INFO 19443 --- [           main] w.s.c.ServletWebServerApplicationContext : Root WebApplicationContext: initialization completed in 2950 ms
2025-12-12 20:46:25.574  INFO 19443 --- [           main] o.hibernate.jpa.internal.util.LogHelper  : HHH000204: Processing PersistenceUnitInfo [name: default]
2025-12-12 20:46:25.671  INFO 19443 --- [           main] org.hibernate.Version                    : HHH000412: Hibernate ORM core version 5.6.9.Final
2025-12-12 20:46:26.155  INFO 19443 --- [           main] o.hibernate.annotations.common.Version   : HCANN000001: Hibernate Commons Annotations {5.1.2.Final}
2025-12-12 20:46:26.364  INFO 19443 --- [           main] com.zaxxer.hikari.HikariDataSource       : HikariPool-1 - Starting...
2025-12-12 20:46:27.112  INFO 19443 --- [           main] com.zaxxer.hikari.HikariDataSource       : HikariPool-1 - Start completed.
2025-12-12 20:46:27.171  INFO 19443 --- [           main] org.hibernate.dialect.Dialect            : HHH000400: Using dialect: org.hibernate.dialect.PostgreSQLDialect
2025-12-12 20:46:29.404  INFO 19443 --- [           main] o.h.e.t.j.p.i.JtaPlatformInitiator       : HHH000490: Using JtaPlatform implementation: [org.hibernate.engine.transaction.jta.platform.internal.NoJtaPlatform]
2025-12-12 20:46:29.435  INFO 19443 --- [           main] j.LocalContainerEntityManagerFactoryBean : Initialized JPA EntityManagerFactory for persistence unit 'default'
2025-12-12 20:46:30.733  WARN 19443 --- [           main] JpaBaseConfiguration$JpaWebConfiguration : spring.jpa.open-in-view is enabled by default. Therefore, database queries may be performed during view rendering. Explicitly configure spring.jpa.open-in-view to disable this warning
2025-12-12 20:46:31.419  INFO 19443 --- [           main] o.s.b.w.embedded.tomcat.TomcatWebServer  : Tomcat started on port(s): 8084 (http) with context path ''
2025-12-12 20:46:31.448  INFO 19443 --- [           main] c.e.collector.CollectorApplication       : Started CollectorApplication in 10.254 seconds (JVM running for 10.993)
2025-12-12 20:53:38.697  INFO 19443 --- [ionShutdownHook] j.LocalContainerEntityManagerFactoryBean : Closing JPA EntityManagerFactory for persistence unit 'default'
2025-12-12 20:53:38.703  INFO 19443 --- [ionShutdownHook] com.zaxxer.hikari.HikariDataSource       : HikariPool-1 - Shutdown initiated...
2025-12-12 20:53:38.902  INFO 19443 --- [ionShutdownHook] com.zaxxer.hikari.HikariDataSource       : HikariPool-1 - Shutdown completed.
[INFO] ------------------------------------------------------------------------
[INFO] BUILD FAILURE
[INFO] -------