#
# There is insufficient memory for the Java Runtime Environment to continue.
# Native memory allocation (mmap) failed to map 65536 bytes for Failed to commit metaspace.
# Possible reasons:
#   The system is out of physical RAM or swap space
#   The process is running with CompressedOops enabled, and the Java Heap may be blocking the growth of the native heap
# Possible solutions:
#   Reduce memory load on the system
#   Increase physical memory or swap space
#   Check if swap backing store is full
#   Decrease Java heap size (-Xmx/-Xms)
#   Decrease number of Java threads
#   Decrease Java thread stack sizes (-Xss)
#   Set larger code cache with -XX:ReservedCodeCacheSize=
#   JVM is running with Zero Based Compressed Oops mode in which the Java heap is
#     placed in the first 32GB address space. The Java Heap base address is the
#     maximum limit for the native heap growth. Please use -XX:HeapBaseMinAddress
#     to set the Java Heap base and to place the Java Heap above 32GB virtual address.
# This output file may be truncated or incomplete.
#
#  Out of Memory Error (virtualSpaceNode.cpp:112), pid=22596, tid=22980
#
# JRE version: Java(TM) SE Runtime Environment (21.0.7+8) (build 21.0.7+8-LTS-245)
# Java VM: Java HotSpot(TM) 64-Bit Server VM (21.0.7+8-LTS-245, mixed mode, emulated-client, sharing, tiered, compressed oops, compressed class ptrs, g1 gc, windows-amd64)
# No core dump will be written. Minidumps are not enabled by default on client versions of Windows
#

---------------  S U M M A R Y ------------

Command Line: -XX:TieredStopAtLevel=1 com.kefir.collector.CollectorApplication

Host: Intel(R) Core(TM) i7-4700HQ CPU @ 2.40GHz, 8 cores, 11G,  Windows 10 , 64 bit Build 19041 (10.0.19041.5915)
Time: Wed Dec 17 04:40:08 2025 RTZ 2 (s 10 , 64 bit Build 19041 (10.0.19041.5915) elapsed time: 10.999923 seconds (0d 0h 0m 10s)

---------------  T H R E A D  ---------------

Current thread (0x000001babf5448a0):  JavaThread "main"             [_thread_in_vm, id=22980, stack(0x0000001d58c00000,0x0000001d58d00000) (1024K)]

Stack: [0x0000001d58c00000,0x0000001d58d00000]
Native frames: (J=compiled Java code, j=interpreted, Vv=VM code, C=native code)
V  [jvm.dll+0x6cae19]
V  [jvm.dll+0x855741]
V  [jvm.dll+0x857c6e]
V  [jvm.dll+0x858343]
V  [jvm.dll+0x27e0b6]
V  [jvm.dll+0x85135e]
V  [jvm.dll+0x66ea55]
V  [jvm.dll+0x66eaba]
V  [jvm.dll+0x6712d5]
V  [jvm.dll+0x6711a2]
V  [jvm.dll+0x66f42e]
V  [jvm.dll+0x269830]
V  [jvm.dll+0x215897]
V  [jvm.dll+0x20b1ee]
V  [jvm.dll+0x5ad9cc]
V  [jvm.dll+0x21c98a]
V  [jvm.dll+0x7ceeac]
V  [jvm.dll+0x7cfed4]
V  [jvm.dll+0x7d04a2]
V  [jvm.dll+0x7d0128]
V  [jvm.dll+0x26be8b]
V  [jvm.dll+0x3d325e]
C  0x000001bac9bd8cdf

The last pc belongs to new (printed below).
Java frames: (J=compiled Java code, j=interpreted, Vv=VM code)
j  java.nio.file.TempFileHelper.<clinit>()V+29 java.base@21.0.7
v  ~StubRoutines::call_stub 0x000001bac9bc100d
j  java.nio.file.Files.createTempDirectory(Ljava/lang/String;[Ljava/nio/file/attribute/FileAttribute;)Ljava/nio/file/Path;+3 java.base@21.0.7
j  org.springframework.boot.web.server.AbstractConfigurableWebServerFactory.createTempDir(Ljava/lang/String;)Ljava/io/File;+35
j  org.springframework.boot.web.embedded.tomcat.TomcatServletWebServerFactory.getWebServer([Lorg/springframework/boot/web/servlet/ServletContextInitializer;)Lorg/springframework/boot/web/server/WebServer;+35
j  org.springframework.boot.web.servlet.context.ServletWebServerApplicationContext.createWebServer()V+67
j  org.springframework.boot.web.servlet.context.ServletWebServerApplicationContext.onRefresh()V+5
j  org.springframework.context.support.AbstractApplicationContext.refresh()V+77
j  org.springframework.boot.web.servlet.context.ServletWebServerApplicationContext.refresh()V+1
j  org.springframework.boot.SpringApplication.refresh(Lorg/springframework/context/ConfigurableApplicationContext;)V+1
j  org.springframework.boot.SpringApplication.refreshContext(Lorg/springframework/context/ConfigurableApplicationContext;)V+16
j  org.springframework.boot.SpringApplication.run([Ljava/lang/String;)Lorg/springframework/context/ConfigurableApplicationContext;+107
j  org.springframework.boot.SpringApplication.run([Ljava/lang/Class;[Ljava/lang/String;)Lorg/springframework/context/ConfigurableApplicationContext;+9
j  org.springframework.boot.SpringApplication.run(Ljava/lang/Class;[Ljava/lang/String;)Lorg/springframework/context/ConfigurableApplicationContext;+9
j  com.kefir.collector.CollectorApplication.main([Ljava/lang/String;)V+3
v  ~StubRoutines::call_stub 0x000001bac9bc100d
new  187 new  [0x000001bac9bd8b60, 0x000001bac9bd8d68]  520 bytes
[MachCode]
  0x000001bac9bd8b60: 4883 ec08 | c5fa 1104 | 24eb 1f48 | 83ec 10c5 | fb11 0424 | eb14 4883 | ec10 4889 | 0424 48c7 
  0x000001bac9bd8b80: 4424 0800 | 0000 00eb | 0150 410f | b755 010f | cac1 ea10 | 488b 4de8 | 488b 4908 | 488b 4908 
  0x000001bac9bd8ba0: 488b 4108 | 807c 1004 | 070f 85d3 | 0000 0066 | 8b54 d148 | 488b 4928 | 488b 4cd1 | 0851 80b9 
  0x000001bac9bd8bc0: 2101 0000 | 040f 85b6 | 0000 008b | 5108 f6c2 | 010f 85aa | 0000 0049 | 8b87 b801 | 0000 488d 
  0x000001bac9bd8be0: 1c10 493b | 9fc8 0100 | 000f 8792 | 0000 0049 | 899f b801 | 0000 4883 | ea10 0f84 | 0f00 0000 
  0x000001bac9bd8c00: 33c9 c1ea | 0348 894c | d008 48ff | ca75 f648 | c700 0100 | 0000 5933 | f689 700c | 49ba 0000 
  0x000001bac9bd8c20: 00d4 ba01 | 0000 492b | ca89 4808 | 49ba 2158 | 608d fd7f | 0000 4180 | 3a00 0f84 | 3c00 0000 
  0x000001bac9bd8c40: 5048 8bc8 | 4883 ec20 | 40f6 c40f | 0f84 1900 | 0000 4883 | ec08 48b8 | 900d 118d | fd7f 0000 
  0x000001bac9bd8c60: ffd0 4883 | c408 e90c | 0000 0048 | b890 0d11 | 8dfd 7f00 | 00ff d048 | 83c4 2058 | e9cb 0000 
  0x000001bac9bd8c80: 0059 488b | 55e8 488b | 5208 488b | 5208 450f | b745 0141 | 0fc8 41c1 | e810 e805 | 0000 00e9 
  0x000001bac9bd8ca0: a800 0000 | 488d 4424 | 084c 896d | c049 8bcf | c5f8 7749 | 89af a803 | 0000 4989 | 8798 0300 
  0x000001bac9bd8cc0: 0048 83ec | 2040 f6c4 | 0f0f 8419 | 0000 0048 | 83ec 0848 | b810 32db | 8cfd 7f00 | 00ff d048 
  0x000001bac9bd8ce0: 83c4 08e9 | 0c00 0000 | 48b8 1032 | db8c fd7f | 0000 ffd0 | 4883 c420 | 49c7 8798 | 0300 0000 
  0x000001bac9bd8d00: 0000 0049 | c787 a803 | 0000 0000 | 0000 49c7 | 87a0 0300 | 0000 0000 | 00c5 f877 | 4983 7f08 
  0x000001bac9bd8d20: 000f 8405 | 0000 00e9 | d481 feff | 498b 87f0 | 0300 0049 | c787 f003 | 0000 0000 | 0000 4c8b 
  0x000001bac9bd8d40: 6dc0 4c8b | 75c8 4e8d | 74f5 00c3 | 410f b65d | 0349 83c5 | 0349 bad0 | 1b63 8dfd | 7f00 0041 
  0x000001bac9bd8d60: ff24 da0f | 1f44 0000 
[/MachCode]

---------------  P R O C E S S  ---------------

Threads class SMR info:
_java_thread_list=0x000001bad3da7eb0, length=10, elements={
0x000001babf5448a0, 0x000001bad3021050, 0x000001bad3022570, 0x000001bad3026950,
0x000001bad30273a0, 0x000001bad3027df0, 0x000001bad3028840, 0x000001bad3029290,
0x000001bad325d8e0, 0x000001bad3263f60
}

Java Threads: ( => current thread )
=>0x000001babf5448a0 JavaThread "main"                              [_thread_in_vm, id=22980, stack(0x0000001d58c00000,0x0000001d58d00000) (1024K)]
  0x000001bad3021050 JavaThread "Reference Handler"          daemon [_thread_blocked, id=23304, stack(0x0000001d59500000,0x0000001d59600000) (1024K)]
  0x000001bad3022570 JavaThread "Finalizer"                  daemon [_thread_blocked, id=23308, stack(0x0000001d59600000,0x0000001d59700000) (1024K)]
  0x000001bad3026950 JavaThread "Signal Dispatcher"          daemon [_thread_blocked, id=23312, stack(0x0000001d59700000,0x0000001d59800000) (1024K)]
  0x000001bad30273a0 JavaThread "Attach Listener"            daemon [_thread_blocked, id=23316, stack(0x0000001d59800000,0x0000001d59900000) (1024K)]
  0x000001bad3027df0 JavaThread "Service Thread"             daemon [_thread_blocked, id=23320, stack(0x0000001d59900000,0x0000001d59a00000) (1024K)]
  0x000001bad3028840 JavaThread "Monitor Deflation Thread"   daemon [_thread_blocked, id=23324, stack(0x0000001d59a00000,0x0000001d59b00000) (1024K)]
  0x000001bad3029290 JavaThread "C1 CompilerThread0"         daemon [_thread_blocked, id=23328, stack(0x0000001d59b00000,0x0000001d59c00000) (1024K)]
  0x000001bad325d8e0 JavaThread "Notification Thread"        daemon [_thread_blocked, id=23376, stack(0x0000001d59e00000,0x0000001d59f00000) (1024K)]
  0x000001bad3263f60 JavaThread "Common-Cleaner"             daemon [_thread_blocked, id=23380, stack(0x0000001d59f00000,0x0000001d5a000000) (1024K)]
Total: 10

Other Threads:
  0x000001bad3008f30 VMThread "VM Thread"                           [id=23104, stack(0x0000001d59400000,0x0000001d59500000) (1024K)]
  0x000001bac17eebd0 WatcherThread "VM Periodic Task Thread"        [id=23100, stack(0x0000001d59300000,0x0000001d59400000) (1024K)]
  0x000001bac1779fe0 WorkerThread "GC Thread#0"                     [id=23040, stack(0x0000001d58e00000,0x0000001d58f00000) (1024K)]
  0x000001bad39efdc0 WorkerThread "GC Thread#1"                     [id=23028, stack(0x0000001d5a000000,0x0000001d5a100000) (1024K)]
  0x000001bad39f0570 WorkerThread "GC Thread#2"                     [id=23024, stack(0x0000001d5a100000,0x0000001d5a200000) (1024K)]
  0x000001bad3a0a820 WorkerThread "GC Thread#3"                     [id=22956, stack(0x0000001d5a200000,0x0000001d5a300000) (1024K)]
  0x000001bad3a293c0 WorkerThread "GC Thread#4"                     [id=14916, stack(0x0000001d5a300000,0x0000001d5a400000) (1024K)]
  0x000001bad3a2c040 WorkerThread "GC Thread#5"                     [id=1560, stack(0x0000001d5a400000,0x0000001d5a500000) (1024K)]
  0x000001bad3a34c10 WorkerThread "GC Thread#6"                     [id=3456, stack(0x0000001d5a500000,0x0000001d5a600000) (1024K)]
  0x000001bad3a34fb0 WorkerThread "GC Thread#7"                     [id=14160, stack(0x0000001d5a600000,0x0000001d5a700000) (1024K)]
  0x000001bac1786610 ConcurrentGCThread "G1 Main Marker"            [id=23044, stack(0x0000001d58f00000,0x0000001d59000000) (1024K)]
  0x000001bac17871d0 WorkerThread "G1 Conc#0"                       [id=23048, stack(0x0000001d59000000,0x0000001d59100000) (1024K)]
  0x000001bad2ed10b0 ConcurrentGCThread "G1 Refine#0"               [id=23092, stack(0x0000001d59100000,0x0000001d59200000) (1024K)]
  0x000001bad2ed1a30 ConcurrentGCThread "G1 Service"                [id=23096, stack(0x0000001d59200000,0x0000001d59300000) (1024K)]
Total: 14

Threads with active compile tasks:
Total: 0

VM state: not at safepoint (normal execution)

VM Mutex/Monitor currently owned by a thread:  ([mutex/lock_event])
[0x00007ffd8d61be50] Metaspace_lock - owner thread: 0x000001babf5448a0

Heap address: 0x0000000748c00000, size: 2932 MB, Compressed Oops mode: Zero based, Oop shift amount: 3

CDS archive(s) mapped at: [0x000001bad4000000-0x000001bad4c90000-0x000001bad4c90000), size 13172736, SharedBaseAddress: 0x000001bad4000000, ArchiveRelocationMode: 1.
Compressed class space mapped at: 0x000001bad5000000-0x000001bb15000000, reserved size: 1073741824
Narrow klass base: 0x000001bad4000000, Narrow klass shift: 0, Narrow klass range: 0x100000000

GC Precious Log:
 CardTable entry size: 512
 Card Set container configuration: InlinePtr #cards 4 size 8 Array Of Cards #cards 16 size 48 Howl #buckets 8 coarsen threshold 3686 Howl Bitmap #cards 512 size 80 coarsen threshold 460 Card regions per heap region 1 cards per card region 4096
 CPUs: 8 total, 8 available
 Memory: 11723M
 Large Page Support: Disabled
 NUMA Support: Disabled
 Compressed Oops: Enabled (Zero based)
 Heap Region Size: 2M
 Heap Min Capacity: 8M
 Heap Initial Capacity: 184M
 Heap Max Capacity: 2932M
 Pre-touch: Disabled
 Parallel Workers: 8
 Concurrent Workers: 2
 Concurrent Refinement Workers: 8
 Periodic GC: Disabled

Heap:
 garbage-first heap   total 188416K, used 71862K [0x0000000748c00000, 0x0000000800000000)
  region size 2048K, 34 young (69632K), 1 survivors (2048K)
 Metaspace       used 20902K, committed 21248K, reserved 1114112K
  class space    used 2883K, committed 3072K, reserved 1048576K

Heap Regions: E=young(eden), S=young(survivor), O=old, HS=humongous(starts), HC=humongous(continues), CS=collection set, F=free, TAMS=top-at-mark-start, PB=parsable bottom
|   0|0x0000000748c00000, 0x0000000748e00000, 0x0000000748e00000|100%| O|  |TAMS 0x0000000748c00000| PB 0x0000000748c00000| Untracked 
|   1|0x0000000748e00000, 0x0000000749000000, 0x0000000749000000|100%| O|  |TAMS 0x0000000748e00000| PB 0x0000000748e00000| Untracked 
|   2|0x0000000749000000, 0x0000000749200000, 0x0000000749200000|100%| O|  |TAMS 0x0000000749000000| PB 0x0000000749000000| Untracked 
|   3|0x0000000749200000, 0x0000000749293418, 0x0000000749400000| 28%| O|  |TAMS 0x0000000749200000| PB 0x0000000749200000| Untracked 
|   4|0x0000000749400000, 0x0000000749400000, 0x0000000749600000|  0%| F|  |TAMS 0x0000000749400000| PB 0x0000000749400000| Untracked 
|   5|0x0000000749600000, 0x0000000749600000, 0x0000000749800000|  0%| F|  |TAMS 0x0000000749600000| PB 0x0000000749600000| Untracked 
|   6|0x0000000749800000, 0x0000000749800000, 0x0000000749a00000|  0%| F|  |TAMS 0x0000000749800000| PB 0x0000000749800000| Untracked 
|   7|0x0000000749a00000, 0x0000000749a00000, 0x0000000749c00000|  0%| F|  |TAMS 0x0000000749a00000| PB 0x0000000749a00000| Untracked 
|   8|0x0000000749c00000, 0x0000000749c00000, 0x0000000749e00000|  0%| F|  |TAMS 0x0000000749c00000| PB 0x0000000749c00000| Untracked 
|   9|0x0000000749e00000, 0x0000000749e00000, 0x000000074a000000|  0%| F|  |TAMS 0x0000000749e00000| PB 0x0000000749e00000| Untracked 
|  10|0x000000074a000000, 0x000000074a000000, 0x000000074a200000|  0%| F|  |TAMS 0x000000074a000000| PB 0x000000074a000000| Untracked 
|  11|0x000000074a200000, 0x000000074a200000, 0x000000074a400000|  0%| F|  |TAMS 0x000000074a200000| PB 0x000000074a200000| Untracked 
|  12|0x000000074a400000, 0x000000074a400000, 0x000000074a600000|  0%| F|  |TAMS 0x000000074a400000| PB 0x000000074a400000| Untracked 
|  13|0x000000074a600000, 0x000000074a600000, 0x000000074a800000|  0%| F|  |TAMS 0x000000074a600000| PB 0x000000074a600000| Untracked 
|  14|0x000000074a800000, 0x000000074a800000, 0x000000074aa00000|  0%| F|  |TAMS 0x000000074a800000| PB 0x000000074a800000| Untracked 
|  15|0x000000074aa00000, 0x000000074aa00000, 0x000000074ac00000|  0%| F|  |TAMS 0x000000074aa00000| PB 0x000000074aa00000| Untracked 
|  16|0x000000074ac00000, 0x000000074ac00000, 0x000000074ae00000|  0%| F|  |TAMS 0x000000074ac00000| PB 0x000000074ac00000| Untracked 
|  17|0x000000074ae00000, 0x000000074ae00000, 0x000000074b000000|  0%| F|  |TAMS 0x000000074ae00000| PB 0x000000074ae00000| Untracked 
|  18|0x000000074b000000, 0x000000074b000000, 0x000000074b200000|  0%| F|  |TAMS 0x000000074b000000| PB 0x000000074b000000| Untracked 
|  19|0x000000074b200000, 0x000000074b200000, 0x000000074b400000|  0%| F|  |TAMS 0x000000074b200000| PB 0x000000074b200000| Untracked 
|  20|0x000000074b400000, 0x000000074b400000, 0x000000074b600000|  0%| F|  |TAMS 0x000000074b400000| PB 0x000000074b400000| Untracked 
|  21|0x000000074b600000, 0x000000074b600000, 0x000000074b800000|  0%| F|  |TAMS 0x000000074b600000| PB 0x000000074b600000| Untracked 
|  22|0x000000074b800000, 0x000000074b800000, 0x000000074ba00000|  0%| F|  |TAMS 0x000000074b800000| PB 0x000000074b800000| Untracked 
|  23|0x000000074ba00000, 0x000000074ba00000, 0x000000074bc00000|  0%| F|  |TAMS 0x000000074ba00000| PB 0x000000074ba00000| Untracked 
|  24|0x000000074bc00000, 0x000000074bc00000, 0x000000074be00000|  0%| F|  |TAMS 0x000000074bc00000| PB 0x000000074bc00000| Untracked 
|  25|0x000000074be00000, 0x000000074be00000, 0x000000074c000000|  0%| F|  |TAMS 0x000000074be00000| PB 0x000000074be00000| Untracked 
|  26|0x000000074c000000, 0x000000074c000000, 0x000000074c200000|  0%| F|  |TAMS 0x000000074c000000| PB 0x000000074c000000| Untracked 
|  27|0x000000074c200000, 0x000000074c200000, 0x000000074c400000|  0%| F|  |TAMS 0x000000074c200000| PB 0x000000074c200000| Untracked 
|  28|0x000000074c400000, 0x000000074c400000, 0x000000074c600000|  0%| F|  |TAMS 0x000000074c400000| PB 0x000000074c400000| Untracked 
|  29|0x000000074c600000, 0x000000074c600000, 0x000000074c800000|  0%| F|  |TAMS 0x000000074c600000| PB 0x000000074c600000| Untracked 
|  30|0x000000074c800000, 0x000000074c800000, 0x000000074ca00000|  0%| F|  |TAMS 0x000000074c800000| PB 0x000000074c800000| Untracked 
|  31|0x000000074ca00000, 0x000000074ca00000, 0x000000074cc00000|  0%| F|  |TAMS 0x000000074ca00000| PB 0x000000074ca00000| Untracked 
|  32|0x000000074cc00000, 0x000000074cc00000, 0x000000074ce00000|  0%| F|  |TAMS 0x000000074cc00000| PB 0x000000074cc00000| Untracked 
|  33|0x000000074ce00000, 0x000000074ce00000, 0x000000074d000000|  0%| F|  |TAMS 0x000000074ce00000| PB 0x000000074ce00000| Untracked 
|  34|0x000000074d000000, 0x000000074d000000, 0x000000074d200000|  0%| F|  |TAMS 0x000000074d000000| PB 0x000000074d000000| Untracked 
|  35|0x000000074d200000, 0x000000074d200000, 0x000000074d400000|  0%| F|  |TAMS 0x000000074d200000| PB 0x000000074d200000| Untracked 
|  36|0x000000074d400000, 0x000000074d400000, 0x000000074d600000|  0%| F|  |TAMS 0x000000074d400000| PB 0x000000074d400000| Untracked 
|  37|0x000000074d600000, 0x000000074d600000, 0x000000074d800000|  0%| F|  |TAMS 0x000000074d600000| PB 0x000000074d600000| Untracked 
|  38|0x000000074d800000, 0x000000074d800000, 0x000000074da00000|  0%| F|  |TAMS 0x000000074d800000| PB 0x000000074d800000| Untracked 
|  39|0x000000074da00000, 0x000000074da00000, 0x000000074dc00000|  0%| F|  |TAMS 0x000000074da00000| PB 0x000000074da00000| Untracked 
|  40|0x000000074dc00000, 0x000000074dc00000, 0x000000074de00000|  0%| F|  |TAMS 0x000000074dc00000| PB 0x000000074dc00000| Untracked 
|  41|0x000000074de00000, 0x000000074de00000, 0x000000074e000000|  0%| F|  |TAMS 0x000000074de00000| PB 0x000000074de00000| Untracked 
|  42|0x000000074e000000, 0x000000074e000000, 0x000000074e200000|  0%| F|  |TAMS 0x000000074e000000| PB 0x000000074e000000| Untracked 
|  43|0x000000074e200000, 0x000000074e200000, 0x000000074e400000|  0%| F|  |TAMS 0x000000074e200000| PB 0x000000074e200000| Untracked 
|  44|0x000000074e400000, 0x000000074e400000, 0x000000074e600000|  0%| F|  |TAMS 0x000000074e400000| PB 0x000000074e400000| Untracked 
|  45|0x000000074e600000, 0x000000074e600000, 0x000000074e800000|  0%| F|  |TAMS 0x000000074e600000| PB 0x000000074e600000| Untracked 
|  46|0x000000074e800000, 0x000000074e800000, 0x000000074ea00000|  0%| F|  |TAMS 0x000000074e800000| PB 0x000000074e800000| Untracked 
|  47|0x000000074ea00000, 0x000000074ea00000, 0x000000074ec00000|  0%| F|  |TAMS 0x000000074ea00000| PB 0x000000074ea00000| Untracked 
|  48|0x000000074ec00000, 0x000000074ec00000, 0x000000074ee00000|  0%| F|  |TAMS 0x000000074ec00000| PB 0x000000074ec00000| Untracked 
|  49|0x000000074ee00000, 0x000000074ee00000, 0x000000074f000000|  0%| F|  |TAMS 0x000000074ee00000| PB 0x000000074ee00000| Untracked 
|  50|0x000000074f000000, 0x000000074f000000, 0x000000074f200000|  0%| F|  |TAMS 0x000000074f000000| PB 0x000000074f000000| Untracked 
|  51|0x000000074f200000, 0x000000074f200000, 0x000000074f400000|  0%| F|  |TAMS 0x000000074f200000| PB 0x000000074f200000| Untracked 
|  52|0x000000074f400000, 0x000000074f400000, 0x000000074f600000|  0%| F|  |TAMS 0x000000074f400000| PB 0x000000074f400000| Untracked 
|  53|0x000000074f600000, 0x000000074f600000, 0x000000074f800000|  0%| F|  |TAMS 0x000000074f600000| PB 0x000000074f600000| Untracked 
|  54|0x000000074f800000, 0x000000074f800000, 0x000000074fa00000|  0%| F|  |TAMS 0x000000074f800000| PB 0x000000074f800000| Untracked 
|  55|0x000000074fa00000, 0x000000074fa00000, 0x000000074fc00000|  0%| F|  |TAMS 0x000000074fa00000| PB 0x000000074fa00000| Untracked 
|  56|0x000000074fc00000, 0x000000074fc00000, 0x000000074fe00000|  0%| F|  |TAMS 0x000000074fc00000| PB 0x000000074fc00000| Untracked 
|  57|0x000000074fe00000, 0x000000074fe00000, 0x0000000750000000|  0%| F|  |TAMS 0x000000074fe00000| PB 0x000000074fe00000| Untracked 
|  58|0x0000000750000000, 0x00000007500e5d60, 0x0000000750200000| 44%| E|  |TAMS 0x0000000750000000| PB 0x0000000750000000| Complete 
|  59|0x0000000750200000, 0x0000000750400000, 0x0000000750400000|100%| E|CS|TAMS 0x0000000750200000| PB 0x0000000750200000| Complete 
|  60|0x0000000750400000, 0x0000000750600000, 0x0000000750600000|100%| E|CS|TAMS 0x0000000750400000| PB 0x0000000750400000| Complete 
|  61|0x0000000750600000, 0x0000000750800000, 0x0000000750800000|100%| E|CS|TAMS 0x0000000750600000| PB 0x0000000750600000| Complete 
|  62|0x0000000750800000, 0x0000000750a00000, 0x0000000750a00000|100%| E|CS|TAMS 0x0000000750800000| PB 0x0000000750800000| Complete 
|  63|0x0000000750a00000, 0x0000000750c00000, 0x0000000750c00000|100%| E|CS|TAMS 0x0000000750a00000| PB 0x0000000750a00000| Complete 
|  64|0x0000000750c00000, 0x0000000750e00000, 0x0000000750e00000|100%| E|CS|TAMS 0x0000000750c00000| PB 0x0000000750c00000| Complete 
|  65|0x0000000750e00000, 0x0000000751000000, 0x0000000751000000|100%| E|CS|TAMS 0x0000000750e00000| PB 0x0000000750e00000| Complete 
|  66|0x0000000751000000, 0x0000000751200000, 0x0000000751200000|100%| E|CS|TAMS 0x0000000751000000| PB 0x0000000751000000| Complete 
|  67|0x0000000751200000, 0x0000000751400000, 0x0000000751400000|100%| E|CS|TAMS 0x0000000751200000| PB 0x0000000751200000| Complete 
|  68|0x0000000751400000, 0x0000000751600000, 0x0000000751600000|100%| E|CS|TAMS 0x0000000751400000| PB 0x0000000751400000| Complete 
|  69|0x0000000751600000, 0x0000000751800000, 0x0000000751800000|100%| E|CS|TAMS 0x0000000751600000| PB 0x0000000751600000| Complete 
|  70|0x0000000751800000, 0x0000000751a00000, 0x0000000751a00000|100%| E|CS|TAMS 0x0000000751800000| PB 0x0000000751800000| Complete 
|  71|0x0000000751a00000, 0x0000000751c00000, 0x0000000751c00000|100%| E|CS|TAMS 0x0000000751a00000| PB 0x0000000751a00000| Complete 
|  72|0x0000000751c00000, 0x0000000751e00000, 0x0000000751e00000|100%| E|CS|TAMS 0x0000000751c00000| PB 0x0000000751c00000| Complete 
|  73|0x0000000751e00000, 0x0000000752000000, 0x0000000752000000|100%| E|CS|TAMS 0x0000000751e00000| PB 0x0000000751e00000| Complete 
|  74|0x0000000752000000, 0x0000000752200000, 0x0000000752200000|100%| E|CS|TAMS 0x0000000752000000| PB 0x0000000752000000| Complete 
|  75|0x0000000752200000, 0x0000000752400000, 0x0000000752400000|100%| E|CS|TAMS 0x0000000752200000| PB 0x0000000752200000| Complete 
|  76|0x0000000752400000, 0x0000000752600000, 0x0000000752600000|100%| E|CS|TAMS 0x0000000752400000| PB 0x0000000752400000| Complete 
|  77|0x0000000752600000, 0x000000075279a6e0, 0x0000000752800000| 80%| S|CS|TAMS 0x0000000752600000| PB 0x0000000752600000| Complete 
|  78|0x0000000752800000, 0x0000000752a00000, 0x0000000752a00000|100%| E|CS|TAMS 0x0000000752800000| PB 0x0000000752800000| Complete 
|  79|0x0000000752a00000, 0x0000000752c00000, 0x0000000752c00000|100%| E|CS|TAMS 0x0000000752a00000| PB 0x0000000752a00000| Complete 
|  80|0x0000000752c00000, 0x0000000752e00000, 0x0000000752e00000|100%| E|CS|TAMS 0x0000000752c00000| PB 0x0000000752c00000| Complete 
|  81|0x0000000752e00000, 0x0000000753000000, 0x0000000753000000|100%| E|CS|TAMS 0x0000000752e00000| PB 0x0000000752e00000| Complete 
|  82|0x0000000753000000, 0x0000000753200000, 0x0000000753200000|100%| E|CS|TAMS 0x0000000753000000| PB 0x0000000753000000| Complete 
|  83|0x0000000753200000, 0x0000000753400000, 0x0000000753400000|100%| E|CS|TAMS 0x0000000753200000| PB 0x0000000753200000| Complete 
|  84|0x0000000753400000, 0x0000000753600000, 0x0000000753600000|100%| E|CS|TAMS 0x0000000753400000| PB 0x0000000753400000| Complete 
|  85|0x0000000753600000, 0x0000000753800000, 0x0000000753800000|100%| E|CS|TAMS 0x0000000753600000| PB 0x0000000753600000| Complete 
|  86|0x0000000753800000, 0x0000000753a00000, 0x0000000753a00000|100%| E|CS|TAMS 0x0000000753800000| PB 0x0000000753800000| Complete 
|  87|0x0000000753a00000, 0x0000000753c00000, 0x0000000753c00000|100%| E|CS|TAMS 0x0000000753a00000| PB 0x0000000753a00000| Complete 
|  88|0x0000000753c00000, 0x0000000753e00000, 0x0000000753e00000|100%| E|CS|TAMS 0x0000000753c00000| PB 0x0000000753c00000| Complete 
|  89|0x0000000753e00000, 0x0000000754000000, 0x0000000754000000|100%| E|CS|TAMS 0x0000000753e00000| PB 0x0000000753e00000| Complete 
|  90|0x0000000754000000, 0x0000000754200000, 0x0000000754200000|100%| E|CS|TAMS 0x0000000754000000| PB 0x0000000754000000| Complete 
|  91|0x0000000754200000, 0x00000007543ffb70, 0x0000000754400000| 99%| E|  |TAMS 0x0000000754200000| PB 0x0000000754200000| Complete 

Card table byte_map: [0x000001bacd290000,0x000001bacd850000] _byte_map_base: 0x000001bac984a000

Marking Bits: (CMBitMap*) 0x000001bac177a5f0
 Bits: [0x000001bacd850000, 0x000001bad0620000)

Polling page: 0x000001babf6a0000

Metaspace:

Usage:
  Non-class:     17.60 MB used.
      Class:      2.82 MB used.
       Both:     20.41 MB used.

Virtual space:
  Non-class space:       64.00 MB reserved,      17.75 MB ( 28%) committed,  1 nodes.
      Class space:        1.00 GB reserved,       3.00 MB ( <1%) committed,  1 nodes.
             Both:        1.06 GB reserved,      20.75 MB (  2%) committed. 

Chunk freelists:
   Non-Class:  13.47 MB
       Class:  12.92 MB
        Both:  26.39 MB

MaxMetaspaceSize: unlimited
CompressedClassSpaceSize: 1.00 GB
Initial GC threshold: 21.00 MB
Current GC threshold: 21.00 MB
CDS: on
 - commit_granule_bytes: 65536.
 - commit_granule_words: 8192.
 - virtual_space_node_default_size: 8388608.
 - enlarge_chunks_in_place: 1.
 - use_allocation_guard: 0.


Internal statistics:

num_allocs_failed_limit: 0.
num_arena_births: 310.
num_arena_deaths: 0.
num_vsnodes_births: 2.
num_vsnodes_deaths: 0.
num_space_committed: 332.
num_space_uncommitted: 0.
num_chunks_returned_to_freelist: 0.
num_chunks_taken_from_freelist: 1090.
num_chunk_merges: 0.
num_chunk_splits: 746.
num_chunks_enlarged: 590.
num_inconsistent_stats: 0.

CodeCache: size=49152Kb used=6326Kb max_used=6919Kb free=42825Kb
 bounds [0x000001bac9bc0000, 0x000001baca290000, 0x000001baccbc0000]
 total_blobs=3667 nmethods=3189 adapters=402
 compilation: enabled
              stopped_count=0, restarted_count=0
 full_count=0

Compilation events (20 events):
Event: 10.722 Thread 0x000001bad3029290 3181       1       org.springframework.boot.context.properties.source.SpringIterableConfigurationPropertySource$Mappings::getConfigurationPropertyNames (74 bytes)
Event: 10.722 Thread 0x000001bad3029290 nmethod 3181 0x000001bac9d89510 code [0x000001bac9d896e0, 0x000001bac9d89ac8]
Event: 10.724 Thread 0x000001bad3029290 3182       1       java.lang.reflect.Method::getMethodAccessor (5 bytes)
Event: 10.724 Thread 0x000001bad3029290 nmethod 3182 0x000001bac9d89210 code [0x000001bac9d893a0, 0x000001bac9d89470]
Event: 10.724 Thread 0x000001bad3029290 3183       1       java.lang.reflect.Method::setMethodAccessor (20 bytes)
Event: 10.724 Thread 0x000001bad3029290 nmethod 3183 0x000001bac9d88d90 code [0x000001bac9d88f40, 0x000001bac9d89118]
Event: 10.726 Thread 0x000001bad3029290 3184       1       org.springframework.beans.factory.annotation.InjectionMetadata::needsRefresh (18 bytes)
Event: 10.726 Thread 0x000001bad3029290 nmethod 3184 0x000001bac9d88a10 code [0x000001bac9d88bc0, 0x000001bac9d88cb0]
Event: 10.740 Thread 0x000001bad3029290 3185       1       java.lang.invoke.LambdaFormEditor$TransformKey::packedBytes (37 bytes)
Event: 10.740 Thread 0x000001bad3029290 nmethod 3185 0x000001bac9d88710 code [0x000001bac9d888a0, 0x000001bac9d88958]
Event: 10.740 Thread 0x000001bad3029290 3186       1       org.springframework.core.BridgeMethodResolver$$Lambda/0x000001bad52e54b8::matches (9 bytes)
Event: 10.740 Thread 0x000001bad3029290 nmethod 3186 0x000001bac9d88390 code [0x000001bac9d88540, 0x000001bac9d88638]
Event: 10.740 Thread 0x000001bad3029290 3187       1       org.springframework.core.BridgeMethodResolver::lambda$findBridgedMethod$0 (6 bytes)
Event: 10.740 Thread 0x000001bad3029290 nmethod 3187 0x000001bac9d88090 code [0x000001bac9d88240, 0x000001bac9d88308]
Event: 10.740 Thread 0x000001bad3029290 3188       1       org.springframework.core.BridgeMethodResolver::isBridgedCandidateFor (46 bytes)
Event: 10.741 Thread 0x000001bad3029290 nmethod 3188 0x000001bac9d87b90 code [0x000001bac9d87d40, 0x000001bac9d87ed8]
Event: 10.741 Thread 0x000001bad3029290 3189       1       java.lang.invoke.LambdaFormEditor$TransformKey::of (51 bytes)
Event: 10.741 Thread 0x000001bad3029290 nmethod 3189 0x000001bac9d87510 code [0x000001bac9d87700, 0x000001bac9d87a48]
Event: 10.773 Thread 0x000001bad3029290 3190       1       java.nio.Buffer::hasRemaining (17 bytes)
Event: 10.773 Thread 0x000001bad3029290 nmethod 3190 0x000001bac9d87210 code [0x000001bac9d873a0, 0x000001bac9d87480]

GC Heap History (4 events):
Event: 3.895 GC heap before
{Heap before GC invocations=0 (full 0):
 garbage-first heap   total 188416K, used 22528K [0x0000000748c00000, 0x0000000800000000)
  region size 2048K, 11 young (22528K), 0 survivors (0K)
 Metaspace       used 5225K, committed 5440K, reserved 1114112K
  class space    used 672K, committed 768K, reserved 1048576K
}
Event: 4.293 GC heap after
{Heap after GC invocations=1 (full 0):
 garbage-first heap   total 188416K, used 6774K [0x0000000748c00000, 0x0000000800000000)
  region size 2048K, 2 young (4096K), 2 survivors (4096K)
 Metaspace       used 5225K, committed 5440K, reserved 1114112K
  class space    used 672K, committed 768K, reserved 1048576K
}
Event: 5.689 GC heap before
{Heap before GC invocations=1 (full 0):
 garbage-first heap   total 188416K, used 29302K [0x0000000748c00000, 0x0000000800000000)
  region size 2048K, 14 young (28672K), 2 survivors (4096K)
 Metaspace       used 11754K, committed 12032K, reserved 1114112K
  class space    used 1545K, committed 1664K, reserved 1048576K
}
Event: 5.696 GC heap after
{Heap after GC invocations=2 (full 0):
 garbage-first heap   total 188416K, used 8374K [0x0000000748c00000, 0x0000000800000000)
  region size 2048K, 1 young (2048K), 1 survivors (2048K)
 Metaspace       used 11754K, committed 12032K, reserved 1114112K
  class space    used 1545K, committed 1664K, reserved 1048576K
}

Dll operation events (8 events):
Event: 0.021 Loaded shared library C:\Program Files\Java\jdk-21\bin\java.dll
Event: 1.394 Loaded shared library C:\Program Files\Java\jdk-21\bin\net.dll
Event: 1.504 Loaded shared library C:\Program Files\Java\jdk-21\bin\nio.dll
Event: 1.555 Loaded shared library C:\Program Files\Java\jdk-21\bin\zip.dll
Event: 1.867 Loaded shared library C:\Program Files\Java\jdk-21\bin\verify.dll
Event: 1.880 Loaded shared library C:\Program Files\Java\jdk-21\bin\jimage.dll
Event: 4.856 Loaded shared library C:\Program Files\Java\jdk-21\bin\management.dll
Event: 4.860 Loaded shared library C:\Program Files\Java\jdk-21\bin\management_ext.dll

Deoptimization events (0 events):
No events

Classes loaded (20 events):
Event: 10.821 Loading class java/net/SocketOption done
Event: 10.821 Loading class java/net/Socket
Event: 10.823 Loading class java/net/Socket done
Event: 10.824 Loading class javax/net/ssl/SSLParameters
Event: 10.824 Loading class javax/net/ssl/SSLParameters done
Event: 10.824 Loading class java/security/AlgorithmConstraints
Event: 10.825 Loading class java/security/AlgorithmConstraints done
Event: 10.825 Loading class javax/net/ssl/SSLEngine
Event: 10.825 Loading class javax/net/ssl/SSLEngine done
Event: 10.825 Loading class javax/net/ssl/SSLSession
Event: 10.826 Loading class javax/net/ssl/SSLSession done
Event: 10.826 Loading class javax/net/ssl/SSLEngineResult
Event: 10.826 Loading class javax/net/ssl/SSLEngineResult done
Event: 10.826 Loading class javax/net/ssl/SSLException
Event: 10.826 Loading class javax/net/ssl/SSLException done
Event: 10.826 Loading class javax/net/ssl/SSLEngineResult$HandshakeStatus
Event: 10.826 Loading class javax/net/ssl/SSLEngineResult$HandshakeStatus done
Event: 10.828 Loading class java/nio/file/TempFileHelper
Event: 10.828 Loading class java/nio/file/TempFileHelper done
Event: 10.829 Loading class java/security/SecureRandom

Classes unloaded (0 events):
No events

Classes redefined (0 events):
No events

Internal exceptions (20 events):
Event: 10.020 Thread 0x000001babf5448a0 Exception <a 'java/lang/ClassNotFoundException'{0x0000000750c5f208}: org/springframework/core/OrderedCustomizer> (0x0000000750c5f208) 
thrown [s\open\src\hotspot\share\classfile\systemDictionary.cpp, line 312]
Event: 10.021 Thread 0x000001babf5448a0 Exception <a 'java/lang/ClassNotFoundException'{0x0000000750c63c90}: org/springframework/beans/factory/BeanClassLoaderAwareCustomizer> (0x0000000750c63c90) 
thrown [s\open\src\hotspot\share\classfile\systemDictionary.cpp, line 312]
Event: 10.021 Thread 0x000001babf5448a0 Exception <a 'java/lang/ClassNotFoundException'{0x0000000750c68688}: org/springframework/beans/factory/AwareCustomizer> (0x0000000750c68688) 
thrown [s\open\src\hotspot\share\classfile\systemDictionary.cpp, line 312]
Event: 10.022 Thread 0x000001babf5448a0 Exception <a 'java/lang/ClassNotFoundException'{0x0000000750c6c5d0}: org/springframework/aop/framework/AopInfrastructureBeanCustomizer> (0x0000000750c6c5d0) 
thrown [s\open\src\hotspot\share\classfile\systemDictionary.cpp, line 312]
Event: 10.024 Thread 0x000001babf5448a0 Exception <a 'java/lang/NoSuchMethodError'{0x0000000750c79850}: 'void java.lang.invoke.DirectMethodHandle$Holder.invokeVirtual(java.lang.Object, java.lang.Object, int)'> (0x0000000750c79850) 
thrown [s\open\src\hotspot\share\interpreter\linkResolver.cpp, line 773]
Event: 10.025 Thread 0x000001babf5448a0 Exception <a 'java/lang/NoSuchMethodError'{0x0000000750c7d7a8}: 'int java.lang.invoke.DirectMethodHandle$Holder.invokeSpecial(java.lang.Object, java.lang.Object, java.lang.Object, int)'> (0x0000000750c7d7a8) 
thrown [s\open\src\hotspot\share\interpreter\linkResolver.cpp, line 773]
Event: 10.026 Thread 0x000001babf5448a0 Exception <a 'java/lang/NoSuchMethodError'{0x0000000750c8f650}: 'java.lang.Object java.lang.invoke.DirectMethodHandle$Holder.invokeStatic(java.lang.Object, java.lang.Object, java.lang.Object, java.lang.Object, int)'> (0x0000000750c8f650) 
thrown [s\open\src\hotspot\share\interpreter\linkResolver.cpp, line 773]
Event: 10.028 Thread 0x000001babf5448a0 Exception <a 'java/lang/NoSuchMethodError'{0x0000000750c9a150}: 'void java.lang.invoke.DelegatingMethodHandle$Holder.reinvoke_L(java.lang.Object, java.lang.Object, int)'> (0x0000000750c9a150) 
thrown [s\open\src\hotspot\share\interpreter\linkResolver.cpp, line 773]
Event: 10.194 Thread 0x000001babf5448a0 Exception <a 'java/lang/NoSuchMethodError'{0x0000000750baf338}: 'java.lang.Object java.lang.invoke.DirectMethodHandle$Holder.invokeStatic(java.lang.Object, java.lang.Object, int)'> (0x0000000750baf338) 
thrown [s\open\src\hotspot\share\interpreter\linkResolver.cpp, line 773]
Event: 10.196 Thread 0x000001babf5448a0 Exception <a 'java/lang/NoSuchMethodError'{0x0000000750bba228}: 'void java.lang.invoke.DelegatingMethodHandle$Holder.delegate(java.lang.Object, java.lang.Object, int, java.lang.Object)'> (0x0000000750bba228) 
thrown [s\open\src\hotspot\share\interpreter\linkResolver.cpp, line 773]
Event: 10.258 Thread 0x000001babf5448a0 Exception <a 'java/lang/NoSuchMethodError'{0x00000007508b1df8}: 'java.lang.Object java.lang.invoke.DirectMethodHandle$Holder.invokeSpecialIFC(java.lang.Object, java.lang.Object, java.lang.Object)'> (0x00000007508b1df8) 
thrown [s\open\src\hotspot\share\interpreter\linkResolver.cpp, line 773]
Event: 10.281 Thread 0x000001babf5448a0 Exception <a 'java/lang/NoSuchMethodError'{0x0000000750904240}: 'java.lang.Object java.lang.invoke.DirectMethodHandle$Holder.invokeVirtual(java.lang.Object, java.lang.Object, java.lang.Object, java.lang.Object, java.lang.Object)'> (0x0000000750904240) 
thrown [s\open\src\hotspot\share\interpreter\linkResolver.cpp, line 773]
Event: 10.363 Thread 0x000001babf5448a0 Exception <a 'java/lang/NoSuchMethodError'{0x00000007509f3900}: 'int java.lang.invoke.DirectMethodHandle$Holder.invokeSpecial(java.lang.Object, java.lang.Object, java.lang.Object, java.lang.Object, java.lang.Object)'> (0x00000007509f3900) 
thrown [s\open\src\hotspot\share\interpreter\linkResolver.cpp, line 773]
Event: 10.465 Thread 0x000001babf5448a0 Exception <a 'java/lang/NoSuchMethodError'{0x000000075078c170}: 'java.lang.reflect.Method[] java.lang.Class.getDeclaredMethods(java.lang.Class)'> (0x000000075078c170) 
thrown [s\open\src\hotspot\share\interpreter\linkResolver.cpp, line 773]
Event: 10.471 Thread 0x000001babf5448a0 Exception <a 'java/lang/NoSuchMethodError'{0x00000007507a59c8}: 'java.lang.reflect.Field[] java.lang.Class.getDeclaredFields(java.lang.Class)'> (0x00000007507a59c8) 
thrown [s\open\src\hotspot\share\interpreter\linkResolver.cpp, line 773]
Event: 10.568 Thread 0x000001babf5448a0 Exception <a 'java/lang/NoSuchMethodError'{0x00000007504c93e8}: 'void java.lang.invoke.DirectMethodHandle$Holder.invokeInterface(java.lang.Object, java.lang.Object, int)'> (0x00000007504c93e8) 
thrown [s\open\src\hotspot\share\interpreter\linkResolver.cpp, line 773]
Event: 10.572 Thread 0x000001babf5448a0 Exception <a 'java/lang/NoSuchMethodError'{0x00000007504dee60}: 'int java.lang.invoke.DirectMethodHandle$Holder.invokeVirtual(java.lang.Object, java.lang.Object)'> (0x00000007504dee60) 
thrown [s\open\src\hotspot\share\interpreter\linkResolver.cpp, line 773]
Event: 10.580 Thread 0x000001babf5448a0 Exception <a 'java/lang/IncompatibleClassChangeError'{0x000000075050ef00}: Found class java.lang.Object, but interface was expected> (0x000000075050ef00) 
thrown [s\open\src\hotspot\share\interpreter\linkResolver.cpp, line 840]
Event: 10.581 Thread 0x000001babf5448a0 Exception <a 'java/lang/NoSuchMethodError'{0x00000007505136f8}: 'void java.lang.invoke.DirectMethodHandle$Holder.invokeStatic(java.lang.Object, int, java.lang.Object)'> (0x00000007505136f8) 
thrown [s\open\src\hotspot\share\interpreter\linkResolver.cpp, line 773]
Event: 10.589 Thread 0x000001babf5448a0 Exception <a 'java/lang/NoSuchMethodError'{0x000000075053c338}: 'int java.lang.invoke.DirectMethodHandle$Holder.invokeSpecial(java.lang.Object, java.lang.Object, int)'> (0x000000075053c338) 
thrown [s\open\src\hotspot\share\interpreter\linkResolver.cpp, line 773]

ZGC Phase Switch (0 events):
No events

VM Operations (20 events):
Event: 7.846 Executing VM operation: HandshakeAllThreads (Deoptimize)
Event: 7.846 Executing VM operation: HandshakeAllThreads (Deoptimize) done
Event: 8.168 Executing VM operation: ICBufferFull
Event: 8.168 Executing VM operation: ICBufferFull done
Event: 9.706 Executing VM operation: HandshakeAllThreads (Deoptimize)
Event: 9.706 Executing VM operation: HandshakeAllThreads (Deoptimize) done
Event: 9.706 Executing VM operation: Cleanup
Event: 9.706 Executing VM operation: Cleanup done
Event: 9.974 Executing VM operation: HandshakeAllThreads (Deoptimize)
Event: 9.974 Executing VM operation: HandshakeAllThreads (Deoptimize) done
Event: 9.976 Executing VM operation: HandshakeAllThreads (Deoptimize)
Event: 9.976 Executing VM operation: HandshakeAllThreads (Deoptimize) done
Event: 10.183 Executing VM operation: HandshakeAllThreads (Deoptimize)
Event: 10.183 Executing VM operation: HandshakeAllThreads (Deoptimize) done
Event: 10.493 Executing VM operation: HandshakeAllThreads (Deoptimize)
Event: 10.493 Executing VM operation: HandshakeAllThreads (Deoptimize) done
Event: 10.739 Executing VM operation: HandshakeAllThreads (Deoptimize)
Event: 10.739 Executing VM operation: HandshakeAllThreads (Deoptimize) done
Event: 10.739 Executing VM operation: Cleanup
Event: 10.739 Executing VM operation: Cleanup done

Events (18 events):
Event: 0.180 Thread 0x000001babf5448a0 Thread added: 0x000001babf5448a0
Event: 0.950 Thread 0x000001bad3021050 Thread added: 0x000001bad3021050
Event: 0.950 Thread 0x000001bad3022570 Thread added: 0x000001bad3022570
Event: 0.954 Thread 0x000001bad3026950 Thread added: 0x000001bad3026950
Event: 0.954 Thread 0x000001bad30273a0 Thread added: 0x000001bad30273a0
Event: 0.954 Thread 0x000001bad3027df0 Thread added: 0x000001bad3027df0
Event: 0.958 Thread 0x000001bad3028840 Thread added: 0x000001bad3028840
Event: 0.959 Thread 0x000001bad3029290 Thread added: 0x000001bad3029290
Event: 1.179 Thread 0x000001bad323f170 Thread added: 0x000001bad323f170
Event: 1.181 Thread 0x000001bad3257220 Thread added: 0x000001bad3257220
Event: 1.186 Thread 0x000001bad325d8e0 Thread added: 0x000001bad325d8e0
Event: 1.193 Thread 0x000001bad3263f60 Thread added: 0x000001bad3263f60
Event: 5.080 Thread 0x000001bad3af3450 Thread added: 0x000001bad3af3450
Event: 6.203 Thread 0x000001bb1941da10 Thread added: 0x000001bb1941da10
Event: 6.221 Thread 0x000001bad3af3450 Thread exited: 0x000001bad3af3450
Event: 6.518 Thread 0x000001bb1941da10 Thread exited: 0x000001bb1941da10
Event: 9.749 Thread 0x000001bad3257220 Thread exited: 0x000001bad3257220
Event: 9.749 Thread 0x000001bad323f170 Thread exited: 0x000001bad323f170


Dynamic libraries:
0x00007ff6e7780000 - 0x00007ff6e7790000 	C:\Program Files\Java\jdk-21\bin\java.exe
0x00007ffde7a30000 - 0x00007ffde7c28000 	C:\WINDOWS\SYSTEM32\ntdll.dll
0x00007ffde6e80000 - 0x00007ffde6f42000 	C:\WINDOWS\System32\KERNEL32.DLL
0x00007ffde56c0000 - 0x00007ffde59b6000 	C:\WINDOWS\System32\KERNELBASE.dll
0x00007ffde51c0000 - 0x00007ffde52c0000 	C:\WINDOWS\System32\ucrtbase.dll
0x00007ffdc4f50000 - 0x00007ffdc4f69000 	C:\Program Files\Java\jdk-21\bin\jli.dll
0x00007ffde6a90000 - 0x00007ffde6b41000 	C:\WINDOWS\System32\ADVAPI32.dll
0x00007ffde7070000 - 0x00007ffde710e000 	C:\WINDOWS\System32\msvcrt.dll
0x00007ffde5d60000 - 0x00007ffde5dff000 	C:\WINDOWS\System32\sechost.dll
0x00007ffde6d60000 - 0x00007ffde6e80000 	C:\WINDOWS\System32\RPCRT4.dll
0x00007ffde59f0000 - 0x00007ffde5a17000 	C:\WINDOWS\System32\bcrypt.dll
0x00007ffde5b30000 - 0x00007ffde5cd1000 	C:\WINDOWS\System32\USER32.dll
0x00007ffde59c0000 - 0x00007ffde59e2000 	C:\WINDOWS\System32\win32u.dll
0x00007ffde67d0000 - 0x00007ffde67fb000 	C:\WINDOWS\System32\GDI32.dll
0x00007ffde54d0000 - 0x00007ffde55e9000 	C:\WINDOWS\System32\gdi32full.dll
0x00007ffde5120000 - 0x00007ffde51bd000 	C:\WINDOWS\System32\msvcp_win.dll
0x00007ffdbd2a0000 - 0x00007ffdbd2bb000 	C:\Program Files\Java\jdk-21\bin\VCRUNTIME140.dll
0x00007ffdd1f70000 - 0x00007ffdd220b000 	C:\WINDOWS\WinSxS\amd64_microsoft.windows.common-controls_6595b64144ccf1df_6.0.19041.6456_none_60b8a6cb71f64256\COMCTL32.dll
0x00007ffddee20000 - 0x00007ffddee2a000 	C:\WINDOWS\SYSTEM32\VERSION.dll
0x00007ffde7990000 - 0x00007ffde79bf000 	C:\WINDOWS\System32\IMM32.DLL
0x00007ffdca470000 - 0x00007ffdca47c000 	C:\Program Files\Java\jdk-21\bin\vcruntime140_1.dll
0x00007ffdb3a40000 - 0x00007ffdb3ace000 	C:\Program Files\Java\jdk-21\bin\msvcp140.dll
0x00007ffd8c9e0000 - 0x00007ffd8d6fa000 	C:\Program Files\Java\jdk-21\bin\server\jvm.dll
0x00007ffde6800000 - 0x00007ffde686b000 	C:\WINDOWS\System32\WS2_32.dll
0x00007ffde4ef0000 - 0x00007ffde4f3b000 	C:\WINDOWS\SYSTEM32\POWRPROF.dll
0x00007ffdc4e10000 - 0x00007ffdc4e37000 	C:\WINDOWS\SYSTEM32\WINMM.dll
0x00007ffde4ed0000 - 0x00007ffde4ee2000 	C:\WINDOWS\SYSTEM32\UMPDC.dll
0x00007ffde2de0000 - 0x00007ffde2df2000 	C:\WINDOWS\SYSTEM32\kernel.appcore.dll
0x00007ffdca310000 - 0x00007ffdca31a000 	C:\Program Files\Java\jdk-21\bin\jimage.dll
0x00007ffdd3a40000 - 0x00007ffdd3c41000 	C:\WINDOWS\SYSTEM32\DBGHELP.DLL
0x00007ffdd00c0000 - 0x00007ffdd00f4000 	C:\WINDOWS\SYSTEM32\dbgcore.DLL
0x00007ffde5090000 - 0x00007ffde5112000 	C:\WINDOWS\System32\bcryptPrimitives.dll
0x00007ffdbc9b0000 - 0x00007ffdbc9cf000 	C:\Program Files\Java\jdk-21\bin\java.dll
0x00007ffde5e00000 - 0x00007ffde6570000 	C:\WINDOWS\System32\SHELL32.dll
0x00007ffde30c0000 - 0x00007ffde3865000 	C:\WINDOWS\SYSTEM32\windows.storage.dll
0x00007ffde7580000 - 0x00007ffde78d4000 	C:\WINDOWS\System32\combase.dll
0x00007ffde49e0000 - 0x00007ffde4a0b000 	C:\WINDOWS\SYSTEM32\Wldp.dll
0x00007ffde69b0000 - 0x00007ffde6a7d000 	C:\WINDOWS\System32\OLEAUT32.dll
0x00007ffde78e0000 - 0x00007ffde798d000 	C:\WINDOWS\System32\SHCORE.dll
0x00007ffde5ce0000 - 0x00007ffde5d3b000 	C:\WINDOWS\System32\shlwapi.dll
0x00007ffde4fc0000 - 0x00007ffde4fe4000 	C:\WINDOWS\SYSTEM32\profapi.dll
0x00007ffdca180000 - 0x00007ffdca190000 	C:\Program Files\Java\jdk-21\bin\net.dll
0x00007ffddeac0000 - 0x00007ffddebca000 	C:\WINDOWS\SYSTEM32\WINHTTP.dll
0x00007ffde46f0000 - 0x00007ffde475a000 	C:\WINDOWS\system32\mswsock.dll
0x00007ffdbc990000 - 0x00007ffdbc9a6000 	C:\Program Files\Java\jdk-21\bin\nio.dll
0x00007ffdbc4f0000 - 0x00007ffdbc508000 	C:\Program Files\Java\jdk-21\bin\zip.dll
0x00007ffdca040000 - 0x00007ffdca050000 	C:\Program Files\Java\jdk-21\bin\verify.dll
0x00007ffdc9b70000 - 0x00007ffdc9b7a000 	C:\Program Files\Java\jdk-21\bin\management.dll
0x00007ffdc88d0000 - 0x00007ffdc88db000 	C:\Program Files\Java\jdk-21\bin\management_ext.dll
0x00007ffde6760000 - 0x00007ffde6768000 	C:\WINDOWS\System32\PSAPI.DLL
0x00007ffdd40d0000 - 0x00007ffdd40e7000 	C:\WINDOWS\system32\napinsp.dll
0x00007ffdd00a0000 - 0x00007ffdd00bb000 	C:\WINDOWS\system32\pnrpnsp.dll
0x00007ffdcfe20000 - 0x00007ffdcfe3d000 	C:\WINDOWS\system32\wshbth.dll
0x00007ffde1930000 - 0x00007ffde194d000 	C:\WINDOWS\system32\NLAapi.dll
0x00007ffde43f0000 - 0x00007ffde442b000 	C:\WINDOWS\SYSTEM32\IPHLPAPI.DLL
0x00007ffde4430000 - 0x00007ffde44fa000 	C:\WINDOWS\SYSTEM32\DNSAPI.dll
0x00007ffde6a80000 - 0x00007ffde6a88000 	C:\WINDOWS\System32\NSI.dll
0x00007ffdced90000 - 0x00007ffdceda2000 	C:\WINDOWS\System32\winrnr.dll
0x00007ffdd7670000 - 0x00007ffdd767a000 	C:\Windows\System32\rasadhlp.dll
0x00007ffdd9190000 - 0x00007ffdd9210000 	C:\WINDOWS\System32\fwpuclnt.dll

dbghelp: loaded successfully - version: 4.0.5 - missing functions: none
symbol engine: initialized successfully - sym options: 0x614 - pdb path: .;C:\Program Files\Java\jdk-21\bin;C:\WINDOWS\SYSTEM32;C:\WINDOWS\WinSxS\amd64_microsoft.windows.common-controls_6595b64144ccf1df_6.0.19041.6456_none_60b8a6cb71f64256;C:\Program Files\Java\jdk-21\bin\server

VM Arguments:
jvm_args: -XX:TieredStopAtLevel=1 
java_command: com.kefir.collector.CollectorApplication
java_class_path (initial): C:\Users\2oleg\Downloads\Telegram Desktop\Kefir\Backend\Collector\target\classes;C:\Users\2oleg\.m2\repository\org\springframework\boot\spring-boot\2.7.0\spring-boot-2.7.0.jar;C:\Users\2oleg\.m2\repository\org\springframework\boot\spring-boot-autoconfigure\2.7.0\spring-boot-autoconfigure-2.7.0.jar;C:\Users\2oleg\.m2\repository\ch\qos\logback\logback-classic\1.2.11\logback-classic-1.2.11.jar;C:\Users\2oleg\.m2\repository\ch\qos\logback\logback-core\1.2.11\logback-core-1.2.11.jar;C:\Users\2oleg\.m2\repository\org\apache\logging\log4j\log4j-to-slf4j\2.17.2\log4j-to-slf4j-2.17.2.jar;C:\Users\2oleg\.m2\repository\org\apache\logging\log4j\log4j-api\2.17.2\log4j-api-2.17.2.jar;C:\Users\2oleg\.m2\repository\org\slf4j\jul-to-slf4j\1.7.36\jul-to-slf4j-1.7.36.jar;C:\Users\2oleg\.m2\repository\jakarta\annotation\jakarta.annotation-api\1.3.5\jakarta.annotation-api-1.3.5.jar;C:\Users\2oleg\.m2\repository\org\yaml\snakeyaml\1.30\snakeyaml-1.30.jar;C:\Users\2oleg\.m2\repository\com\fasterxml\jackson\core\jackson-databind\2.13.3\jackson-databind-2.13.3.jar;C:\Users\2oleg\.m2\repository\com\fasterxml\jackson\core\jackson-annotations\2.13.3\jackson-annotations-2.13.3.jar;C:\Users\2oleg\.m2\repository\com\fasterxml\jackson\core\jackson-core\2.13.3\jackson-core-2.13.3.jar;C:\Users\2oleg\.m2\repository\com\fasterxml\jackson\datatype\jackson-datatype-jdk8\2.13.3\jackson-datatype-jdk8-2.13.3.jar;C:\Users\2oleg\.m2\repository\com\fasterxml\jackson\datatype\jackson-datatype-jsr310\2.13.3\jackson-datatype-jsr310-2.13.3.jar;C:\Users\2oleg\.m2\repository\com\fasterxml\jackson\module\jackson-module-parameter-names\2.13.3\jackson-module-parameter-names-2.13.3.jar;C:\Users\2oleg\.m2\repository\org\apache\tomcat\embed\tomcat-embed-core\9.0.63\tomcat-embed-core-9.0.63.jar;C:\Users\2oleg\.m2\repository\org\apache\tomcat\embed\tomcat-embed-el\9.0.63\tomcat-embed-el-9.0.63.jar;C:\Users\2oleg\.m2\repository\org\apache\tomcat\embed\tomcat-embed-websocket\9.0.63\tomcat-embed-websocket-9.0.63.jar;C:\Users\2oleg\.m2\repository\org\springframework\spring-web\5.3.20\spring-web-5.3.20.jar;C:\Users\2oleg\.m2\repository\org\springframework\spring-beans\5.3.20\spring-beans-5.3.20.jar;C:\Users\2oleg\.m2\repository\org\springframework\spring-webmvc\5.3.20\spring-webmvc-5.3.20.jar;C:\Users\2oleg\.m2\repository\org\springframework\spring-aop\5.3.20\spring-aop-5.3.20.jar;C:\Users\2oleg\.m2\repository\org\springframework\spring-context\5.3.20\spring-context-5.3.20.jar;C:\Users\2oleg\.m2\repository\org\springframework\spring-expression\5.3.20\spring-expression-5.3.20.jar;C:\Users\2oleg\.m2\repository\org\aspectj\aspectjweaver\1.9.7\aspectjweaver-1.9.7.jar;C:\Users\2oleg\.m2\repository\com\zaxxer\HikariCP\4.0.3\HikariCP-4.0.3.jar;C:\Users\2oleg\.m2\repository\org\springframework\spring-jdbc\5.3.20\spring-jdbc-5.3.20.jar;C:\Users\2oleg\.m2\repository\jakarta\transaction\jakarta.transaction-api\1.3.3\jakarta.transaction-api-1.3.3.jar;C:\Users\2oleg\.m2\repository\jakarta\persistence\jakarta.persistence-api\2.2.3\jakarta.persistence-api-2.2.3.jar;C:\Users\2oleg\.m2\repository\org\hibernate\hibernate-core\5.6.9.Final\hibernate-core-5.6.9.Final.jar;C:\Users\2oleg\.m2\repository\org\jboss\logging\jboss-logging\3.4.3.Final\jboss-logging-3.4.3.Final.jar;C:\Users\2oleg\.m2\repository\net\bytebuddy\byte-buddy\1.12.10\byte-buddy-1.12.10.jar;C:\Users\2oleg\.m2\repository\antlr\antlr\2.7.7\antlr-2.7.7.jar;C:\Users\2oleg\.m2\repository\org\jboss\jandex\2.4.2.Final\jandex-2.4.2.Final.jar;C:\Users\2oleg\.m2\repository\com\fasterxml\classmate\1.5.1\classmate-1.5.1.jar;C:\Users\2oleg\.m2\repository\org\hibernate\common\hibernate-commons-annotations\5.1.2.Final\hibernate-commons-annotations-5.1.2.Final.jar;C:\Users\2oleg\.m2\repository\org\glassfish\jaxb\jaxb-runtime\2.3.6\jaxb-runtime-2.3.6.jar;C:\Users\2oleg\.m2\repository\org\glassfish\jaxb\txw2\2.3.6\txw2-2.3.6.jar;C:\Users\2oleg\.m2\repository\com\sun\istack\istack-commons-runtime\3.0.12\istack-commons-runtime-3.0.12.jar;C:\Users\2oleg\.m2\repository\com\sun\activation\jakarta.activation\1.2.2\jakarta.activation-1.2.2.jar;C:\Users\2oleg\.m2\repository\org\springframework\data\spring-data-jpa\2.7.0\spring-data-jpa-2.7.0.jar;C:\Users\2oleg\.m2\repository\org\springframework\data\spring-data-commons\2.7.0\spring-data-commons-2.7.0.jar;C:\Users\2oleg\.m2\repository\org\springframework\spring-orm\5.3.20\spring-orm-5.3.20.jar;C:\Users\2oleg\.m2\repository\org\springframework\spring-tx\5.3.20\spring-tx-5.3.20.jar;C:\Users\2oleg\.m2\repository\org\slf4j\slf4j-api\1.7.36\slf4j-api-1.7.36.jar;C:\Users\2oleg\.m2\repository\org\springframework\spring-aspects\5.3.20\spring-aspects-5.3.20.jar;C:\Users\2oleg\.m2\repository\org\postgresql\postgresql\42.3.5\postgresql-42.3.5.jar;C:\Users\2oleg\.m2\repository\org\checkerframework\checker-qual\3.5.0\checker-qual-3.5.0.jar;C:\Users\2oleg\.m2\repository\org\springframework\boot\spring-boot-actuator-autoconfigure\2.7.0\spring-boot-actuator-autoconfigure-2.7.0.jar;C:\Users\2oleg\.m2\repository\org\springframework\boot\spring-boot-actuator\2.7.0\spring-boot-actuator-2.7.0.jar;C:\Users\2oleg\.m2\repository\io\micrometer\micrometer-core\1.9.0\micrometer-core-1.9.0.jar;C:\Users\2oleg\.m2\repository\org\hdrhistogram\HdrHistogram\2.1.12\HdrHistogram-2.1.12.jar;C:\Users\2oleg\.m2\repository\org\latencyutils\LatencyUtils\2.0.3\LatencyUtils-2.0.3.jar;C:\Users\2oleg\.m2\repository\jakarta\xml\bind\jakarta.xml.bind-api\2.3.3\jakarta.xml.bind-api-2.3.3.jar;C:\Users\2oleg\.m2\repository\jakarta\activation\jakarta.activation-api\1.2.2\jakarta.activation-api-1.2.2.jar;C:\Users\2oleg\.m2\repository\org\springframework\spring-core\5.3.20\spring-core-5.3.20.jar;C:\Users\2oleg\.m2\repository\org\springframework\spring-jcl\5.3.20\spring-jcl-5.3.20.jar
Launcher Type: SUN_STANDARD

[Global flags]
     intx CICompilerCount                          = 4                                         {product} {ergonomic}
     uint ConcGCThreads                            = 2                                         {product} {ergonomic}
     uint G1ConcRefinementThreads                  = 8                                         {product} {ergonomic}
   size_t G1HeapRegionSize                         = 2097152                                   {product} {ergonomic}
    uintx GCDrainStackTargetSize                   = 64                                        {product} {ergonomic}
   size_t InitialHeapSize                          = 192937984                                 {product} {ergonomic}
   size_t MarkStackSize                            = 4194304                                   {product} {ergonomic}
   size_t MaxHeapSize                              = 3074424832                                {product} {ergonomic}
   size_t MaxNewSize                               = 1843396608                                {product} {ergonomic}
   size_t MinHeapDeltaBytes                        = 2097152                                   {product} {ergonomic}
   size_t MinHeapSize                              = 8388608                                   {product} {ergonomic}
    uintx NonNMethodCodeHeapSize                   = 4096                                   {pd product} {ergonomic}
    uintx NonProfiledCodeHeapSize                  = 0                                      {pd product} {ergonomic}
     bool ProfileInterpreter                       = false                                  {pd product} {command line}
    uintx ProfiledCodeHeapSize                     = 0                                      {pd product} {ergonomic}
   size_t SoftMaxHeapSize                          = 3074424832                             {manageable} {ergonomic}
     intx TieredStopAtLevel                        = 1                                         {product} {command line}
     bool UseCompressedOops                        = true                           {product lp64_product} {ergonomic}
     bool UseG1GC                                  = true                                      {product} {ergonomic}
     bool UseLargePagesIndividualAllocation        = false                                  {pd product} {ergonomic}

Logging:
Log output configuration:
 #0: stdout all=warning uptime,level,tags foldmultilines=false
 #1: stderr all=off uptime,level,tags foldmultilines=false

Environment Variables:
JAVA_HOME=C:\Program Files\Java\jdk-21
PATH=C:\Program Files\Common Files\Oracle\Java\javapath;C:\Program Files (x86)\Cuminas\Document Express DjVu Plug-in\;C:\Program Files (x86)\Razer Chroma SDK\bin;C:\Program Files\Razer Chroma SDK\bin;C:\WINDOWS\system32;C:\WINDOWS;C:\WINDOWS\System32\Wbem;C:\WINDOWS\System32\WindowsPowerShell\v1.0\;C:\WINDOWS\System32\OpenSSH\;C:\Program Files (x86)\NVIDIA Corporation\PhysX\Common;C:\WINDOWS\system32\config\systemprofile\AppData\Local\Microsoft\WindowsApps;C:\Program Files (x86)\Razer\ChromaBroadcast\bin;C:\Program Files\Razer\ChromaBroadcast\bin;C:\Users\2oleg\AppData\Local\Microsoft\WindowsApps;C:\Program Files\JetBrains\IntelliJ IDEA Community Edition 2024.3\bin;C:\Users\2oleg\AppData\Local\Programs\Microsoft VS Code\bin;C:\Program Files\Docker\Docker\resources\bin;C:\Users\2oleg\Downloads\curl-8.16.0_6-win64-mingw.zip\curl-8.16.0_6-win64-mingw\bin;C:\Users\2oleg\Downloads\curl-8.16.0_6-win64-mingw\curl-8.16.0_6-win64-mingw\bin;C:\Users\2oleg\Downloads\apache-maven-3.9.11-bin\apache-maven-3.9.11\bin;C:\ProgramData\chocolatey\bin;C:\Users\2oleg\AppData\Roaming\Cloud Foundry;C:\Program Files\Git\cmd;C:\Program Files\nodejs\;C:\Users\2oleg\AppData\Local\Muse Hub\lib;C:\Users\2oleg\AppData\Local\Microsoft\WindowsApps;C:\Program Files\JetBrains\IntelliJ IDEA Community Edition 2025.2.4\bin;C:\Users\2oleg\AppData\Local\Programs\Microsoft VS Code\bin;C:\Program Files\jq.exe;C:\Users\2oleg\AppData\Local\Microsoft\WinGet\Packages\jqlang.jq_Microsoft.Winget.Source_8wekyb3d8bbwe;C:\Program Files\Java\jdk-24;C:\Users\2oleg\Downloads\gradle-9.0.0-bin\gradle-9.0.0\bin;C:\Program Files\Docker\Docker\resources\bin;C:\Users\2oleg\AppData\Local\GitHubDesktop\bin;C:\Users\2oleg\AppData\Roaming\npm
USERNAME=2oleg
OS=Windows_NT
PROCESSOR_IDENTIFIER=Intel64 Family 6 Model 60 Stepping 3, GenuineIntel
TMP=C:\Users\2oleg\AppData\Local\Temp
TEMP=C:\Users\2oleg\AppData\Local\Temp




Periodic native trim disabled

---------------  S Y S T E M  ---------------

OS:
 Windows 10 , 64 bit Build 19041 (10.0.19041.5915)
OS uptime: 0 days 9:19 hours
Hyper-V role detected

CPU: total 8 (initial active 8) (4 cores per cpu, 2 threads per core) family 6 model 60 stepping 3 microcode 0x27, cx8, cmov, fxsr, ht, mmx, sse, sse2, sse3, ssse3, sse4.1, sse4.2, popcnt, lzcnt, tsc, tscinvbit, avx, avx2, aes, erms, clmul, bmi1, bmi2, fma, vzeroupper, clflush, hv, rdtscp, f16c
Processor Information for all 8 processors :
  Max Mhz: 2401, Current Mhz: 2401, Mhz Limit: 2401

Memory: 4k page, system-wide physical 11723M (340M free)
TotalPageFile size 23723M (AvailPageFile size 11M)
current process WorkingSet (physical memory assigned to process): 148M, peak: 148M
current process commit charge ("private bytes"): 302M, peak: 302M

vm_info: Java HotSpot(TM) 64-Bit Server VM (21.0.7+8-LTS-245) for windows-amd64 JRE (21.0.7+8-LTS-245), built on 2025-02-21T05:11:27Z by "mach5one" with MS VC++ 17.6 (VS2022)

END.
