#
# There is insufficient memory for the Java Runtime Environment to continue.
# Native memory allocation (malloc) failed to allocate 32744 bytes for Chunk::new
# Possible reasons:
#   The system is out of physical RAM or swap space
#   The process is running with CompressedOops enabled, and the Java Heap may be blocking the growth of the native heap
# Possible solutions:
#   Reduce memory load on the system
#   Increase physical memory or swap space
#   Check if swap backing store is full
#   Decrease Java heap size (-Xmx/-Xms)
#   Decrease number of Java threads
#   Decrease Java thread stack sizes (-Xss)
#   Set larger code cache with -XX:ReservedCodeCacheSize=
#   JVM is running with Zero Based Compressed Oops mode in which the Java heap is
#     placed in the first 32GB address space. The Java Heap base address is the
#     maximum limit for the native heap growth. Please use -XX:HeapBaseMinAddress
#     to set the Java Heap base and to place the Java Heap above 32GB virtual address.
# This output file may be truncated or incomplete.
#
#  Out of Memory Error (arena.cpp:168), pid=14856, tid=2312
#
# JRE version: Java(TM) SE Runtime Environment (21.0.7+8) (build 21.0.7+8-LTS-245)
# Java VM: Java HotSpot(TM) 64-Bit Server VM (21.0.7+8-LTS-245, mixed mode, sharing, tiered, compressed oops, compressed class ptrs, g1 gc, windows-amd64)
# No core dump will be written. Minidumps are not enabled by default on client versions of Windows
#

---------------  S U M M A R Y ------------

Command Line: --enable-native-access=ALL-UNNAMED -Dclassworlds.conf=C:\Users\2oleg\Downloads\apache-maven-3.9.11-bin\apache-maven-3.9.11\bin\m2.conf -Dmaven.home=C:\Users\2oleg\Downloads\apache-maven-3.9.11-bin\apache-maven-3.9.11 -Dlibrary.jansi.path=C:\Users\2oleg\Downloads\apache-maven-3.9.11-bin\apache-maven-3.9.11\lib\jansi-native -Dmaven.multiModuleProjectDirectory=C:\Users\2oleg\Downloads\Telegram Desktop\Kefir\Backend\Collector org.codehaus.plexus.classworlds.launcher.Launcher spring-boot:run -Dserver.port=8086 -DskipTests

Host: Intel(R) Core(TM) i7-4700HQ CPU @ 2.40GHz, 8 cores, 11G,  Windows 10 , 64 bit Build 19041 (10.0.19041.5915)
Time: Mon Dec 15 22:25:32 2025 RTZ 2 (s 10 , 64 bit Build 19041 (10.0.19041.5915) elapsed time: 2.709399 seconds (0d 0h 0m 2s)

---------------  T H R E A D  ---------------

Current thread (0x000001524c9b7430):  JavaThread "C1 CompilerThread0" daemon [_thread_in_native, id=2312, stack(0x00000017a4000000,0x00000017a4100000) (1024K)]


Current CompileTask:
C1:   2709  789       3       java.net.URLStreamHandler::parseURL (1124 bytes)

Stack: [0x00000017a4000000,0x00000017a4100000]
Native frames: (J=compiled Java code, j=interpreted, Vv=VM code, C=native code)
V  [jvm.dll+0x6cae19]
V  [jvm.dll+0x855741]
V  [jvm.dll+0x857c6e]
V  [jvm.dll+0x858343]
V  [jvm.dll+0x27e0b6]
V  [jvm.dll+0xc4ecd]
V  [jvm.dll+0xc5403]
V  [jvm.dll+0x13e4de]
V  [jvm.dll+0x13d877]
V  [jvm.dll+0x19e8d6]
V  [jvm.dll+0x1a01cd]
V  [jvm.dll+0x19fa1a]
V  [jvm.dll+0x168afb]
V  [jvm.dll+0x152e94]
V  [jvm.dll+0x153033]
V  [jvm.dll+0x153304]
V  [jvm.dll+0x152736]
V  [jvm.dll+0x15450d]
V  [jvm.dll+0x255819]
V  [jvm.dll+0x253daa]
V  [jvm.dll+0x3eebb6]
V  [jvm.dll+0x7ffa1b]
V  [jvm.dll+0x6c94fd]
C  [ucrtbase.dll+0x21bb2]
C  [KERNEL32.DLL+0x17374]
C  [ntdll.dll+0x4cc91]


---------------  P R O C E S S  ---------------

Threads class SMR info:
_java_thread_list=0x000001529208bf10, length=11, elements={
0x000001522ccc21b0, 0x000001524c9ac460, 0x000001524c9aceb0, 0x000001524c9ad900,
0x000001524c9ae350, 0x000001524c9b0db0, 0x000001524c9b1800, 0x000001524c9b4990,
0x000001524c9b7430, 0x000001524ca299c0, 0x000001524ca2a5d0
}

Java Threads: ( => current thread )
  0x000001522ccc21b0 JavaThread "main"                              [_thread_in_vm, id=2472, stack(0x00000017a3100000,0x00000017a3200000) (1024K)]
  0x000001524c9ac460 JavaThread "Reference Handler"          daemon [_thread_blocked, id=16192, stack(0x00000017a3900000,0x00000017a3a00000) (1024K)]
  0x000001524c9aceb0 JavaThread "Finalizer"                  daemon [_thread_blocked, id=3952, stack(0x00000017a3a00000,0x00000017a3b00000) (1024K)]
  0x000001524c9ad900 JavaThread "Signal Dispatcher"          daemon [_thread_blocked, id=1760, stack(0x00000017a3b00000,0x00000017a3c00000) (1024K)]
  0x000001524c9ae350 JavaThread "Attach Listener"            daemon [_thread_blocked, id=28456, stack(0x00000017a3c00000,0x00000017a3d00000) (1024K)]
  0x000001524c9b0db0 JavaThread "Service Thread"             daemon [_thread_blocked, id=832, stack(0x00000017a3d00000,0x00000017a3e00000) (1024K)]
  0x000001524c9b1800 JavaThread "Monitor Deflation Thread"   daemon [_thread_blocked, id=4444, stack(0x00000017a3e00000,0x00000017a3f00000) (1024K)]
  0x000001524c9b4990 JavaThread "C2 CompilerThread0"         daemon [_thread_in_native, id=30664, stack(0x00000017a3f00000,0x00000017a4000000) (1024K)]
=>0x000001524c9b7430 JavaThread "C1 CompilerThread0"         daemon [_thread_in_native, id=2312, stack(0x00000017a4000000,0x00000017a4100000) (1024K)]
  0x000001524ca299c0 JavaThread "Notification Thread"        daemon [_thread_blocked, id=14816, stack(0x00000017a4100000,0x00000017a4200000) (1024K)]
  0x000001524ca2a5d0 JavaThread "Common-Cleaner"             daemon [_thread_blocked, id=24472, stack(0x00000017a4200000,0x00000017a4300000) (1024K)]
Total: 11

Other Threads:
  0x000001524c993530 VMThread "VM Thread"                           [id=28544, stack(0x00000017a3800000,0x00000017a3900000) (1024K)]
  0x000001524c981030 WatcherThread "VM Periodic Task Thread"        [id=25300, stack(0x00000017a3700000,0x00000017a3800000) (1024K)]
  0x000001522eef1880 WorkerThread "GC Thread#0"                     [id=11940, stack(0x00000017a3200000,0x00000017a3300000) (1024K)]
  0x000001522eefddb0 ConcurrentGCThread "G1 Main Marker"            [id=22460, stack(0x00000017a3300000,0x00000017a3400000) (1024K)]
  0x000001522eefe870 WorkerThread "G1 Conc#0"                       [id=1692, stack(0x00000017a3400000,0x00000017a3500000) (1024K)]
  0x000001522ef6dbc0 ConcurrentGCThread "G1 Refine#0"               [id=17492, stack(0x00000017a3500000,0x00000017a3600000) (1024K)]
  0x000001522ef6e540 ConcurrentGCThread "G1 Service"                [id=26720, stack(0x00000017a3600000,0x00000017a3700000) (1024K)]
Total: 7

Threads with active compile tasks:
C2 CompilerThread0     2885  781   !   4       jdk.internal.loader.URLClassPath$JarLoader::getResource (40 bytes)
C1 CompilerThread0     2885  789       3       java.net.URLStreamHandler::parseURL (1124 bytes)
Total: 2

VM state: not at safepoint (normal execution)

VM Mutex/Monitor currently owned by a thread: None

Heap address: 0x0000000748c00000, size: 2932 MB, Compressed Oops mode: Zero based, Oop shift amount: 3

CDS archive(s) mapped at: [0x000001524d000000-0x000001524dc90000-0x000001524dc90000), size 13172736, SharedBaseAddress: 0x000001524d000000, ArchiveRelocationMode: 1.
Compressed class space mapped at: 0x000001524e000000-0x000001528e000000, reserved size: 1073741824
Narrow klass base: 0x000001524d000000, Narrow klass shift: 0, Narrow klass range: 0x100000000

GC Precious Log:
 CardTable entry size: 512
 Card Set container configuration: InlinePtr #cards 4 size 8 Array Of Cards #cards 16 size 48 Howl #buckets 8 coarsen threshold 3686 Howl Bitmap #cards 512 size 80 coarsen threshold 460 Card regions per heap region 1 cards per card region 4096
 CPUs: 8 total, 8 available
 Memory: 11723M
 Large Page Support: Disabled
 NUMA Support: Disabled
 Compressed Oops: Enabled (Zero based)
 Heap Region Size: 2M
 Heap Min Capacity: 8M
 Heap Initial Capacity: 184M
 Heap Max Capacity: 2932M
 Pre-touch: Disabled
 Parallel Workers: 8
 Concurrent Workers: 2
 Concurrent Refinement Workers: 8
 Periodic GC: Disabled

Heap:
 garbage-first heap   total 188416K, used 10240K [0x0000000748c00000, 0x0000000800000000)
  region size 2048K, 6 young (12288K), 0 survivors (0K)
 Metaspace       used 2779K, committed 2880K, reserved 1114112K
  class space    used 263K, committed 320K, reserved 1048576K

Heap Regions: E=young(eden), S=young(survivor), O=old, HS=humongous(starts), HC=humongous(continues), CS=collection set, F=free, TAMS=top-at-mark-start, PB=parsable bottom
|   0|0x0000000748c00000, 0x0000000748c00000, 0x0000000748e00000|  0%| F|  |TAMS 0x0000000748c00000| PB 0x0000000748c00000| Untracked 
|   1|0x0000000748e00000, 0x0000000748e00000, 0x0000000749000000|  0%| F|  |TAMS 0x0000000748e00000| PB 0x0000000748e00000| Untracked 
|   2|0x0000000749000000, 0x0000000749000000, 0x0000000749200000|  0%| F|  |TAMS 0x0000000749000000| PB 0x0000000749000000| Untracked 
|   3|0x0000000749200000, 0x0000000749200000, 0x0000000749400000|  0%| F|  |TAMS 0x0000000749200000| PB 0x0000000749200000| Untracked 
|   4|0x0000000749400000, 0x0000000749400000, 0x0000000749600000|  0%| F|  |TAMS 0x0000000749400000| PB 0x0000000749400000| Untracked 
|   5|0x0000000749600000, 0x0000000749600000, 0x0000000749800000|  0%| F|  |TAMS 0x0000000749600000| PB 0x0000000749600000| Untracked 
|   6|0x0000000749800000, 0x0000000749800000, 0x0000000749a00000|  0%| F|  |TAMS 0x0000000749800000| PB 0x0000000749800000| Untracked 
|   7|0x0000000749a00000, 0x0000000749a00000, 0x0000000749c00000|  0%| F|  |TAMS 0x0000000749a00000| PB 0x0000000749a00000| Untracked 
|   8|0x0000000749c00000, 0x0000000749c00000, 0x0000000749e00000|  0%| F|  |TAMS 0x0000000749c00000| PB 0x0000000749c00000| Untracked 
|   9|0x0000000749e00000, 0x0000000749e00000, 0x000000074a000000|  0%| F|  |TAMS 0x0000000749e00000| PB 0x0000000749e00000| Untracked 
|  10|0x000000074a000000, 0x000000074a000000, 0x000000074a200000|  0%| F|  |TAMS 0x000000074a000000| PB 0x000000074a000000| Untracked 
|  11|0x000000074a200000, 0x000000074a200000, 0x000000074a400000|  0%| F|  |TAMS 0x000000074a200000| PB 0x000000074a200000| Untracked 
|  12|0x000000074a400000, 0x000000074a400000, 0x000000074a600000|  0%| F|  |TAMS 0x000000074a400000| PB 0x000000074a400000| Untracked 
|  13|0x000000074a600000, 0x000000074a600000, 0x000000074a800000|  0%| F|  |TAMS 0x000000074a600000| PB 0x000000074a600000| Untracked 
|  14|0x000000074a800000, 0x000000074a800000, 0x000000074aa00000|  0%| F|  |TAMS 0x000000074a800000| PB 0x000000074a800000| Untracked 
|  15|0x000000074aa00000, 0x000000074aa00000, 0x000000074ac00000|  0%| F|  |TAMS 0x000000074aa00000| PB 0x000000074aa00000| Untracked 
|  16|0x000000074ac00000, 0x000000074ac00000, 0x000000074ae00000|  0%| F|  |TAMS 0x000000074ac00000| PB 0x000000074ac00000| Untracked 
|  17|0x000000074ae00000, 0x000000074ae00000, 0x000000074b000000|  0%| F|  |TAMS 0x000000074ae00000| PB 0x000000074ae00000| Untracked 
|  18|0x000000074b000000, 0x000000074b000000, 0x000000074b200000|  0%| F|  |TAMS 0x000000074b000000| PB 0x000000074b000000| Untracked 
|  19|0x000000074b200000, 0x000000074b200000, 0x000000074b400000|  0%| F|  |TAMS 0x000000074b200000| PB 0x000000074b200000| Untracked 
|  20|0x000000074b400000, 0x000000074b400000, 0x000000074b600000|  0%| F|  |TAMS 0x000000074b400000| PB 0x000000074b400000| Untracked 
|  21|0x000000074b600000, 0x000000074b600000, 0x000000074b800000|  0%| F|  |TAMS 0x000000074b600000| PB 0x000000074b600000| Untracked 
|  22|0x000000074b800000, 0x000000074b800000, 0x000000074ba00000|  0%| F|  |TAMS 0x000000074b800000| PB 0x000000074b800000| Untracked 
|  23|0x000000074ba00000, 0x000000074ba00000, 0x000000074bc00000|  0%| F|  |TAMS 0x000000074ba00000| PB 0x000000074ba00000| Untracked 
|  24|0x000000074bc00000, 0x000000074bc00000, 0x000000074be00000|  0%| F|  |TAMS 0x000000074bc00000| PB 0x000000074bc00000| Untracked 
|  25|0x000000074be00000, 0x000000074be00000, 0x000000074c000000|  0%| F|  |TAMS 0x000000074be00000| PB 0x000000074be00000| Untracked 
|  26|0x000000074c000000, 0x000000074c000000, 0x000000074c200000|  0%| F|  |TAMS 0x000000074c000000| PB 0x000000074c000000| Untracked 
|  27|0x000000074c200000, 0x000000074c200000, 0x000000074c400000|  0%| F|  |TAMS 0x000000074c200000| PB 0x000000074c200000| Untracked 
|  28|0x000000074c400000, 0x000000074c400000, 0x000000074c600000|  0%| F|  |TAMS 0x000000074c400000| PB 0x000000074c400000| Untracked 
|  29|0x000000074c600000, 0x000000074c600000, 0x000000074c800000|  0%| F|  |TAMS 0x000000074c600000| PB 0x000000074c600000| Untracked 
|  30|0x000000074c800000, 0x000000074c800000, 0x000000074ca00000|  0%| F|  |TAMS 0x000000074c800000| PB 0x000000074c800000| Untracked 
|  31|0x000000074ca00000, 0x000000074ca00000, 0x000000074cc00000|  0%| F|  |TAMS 0x000000074ca00000| PB 0x000000074ca00000| Untracked 
|  32|0x000000074cc00000, 0x000000074cc00000, 0x000000074ce00000|  0%| F|  |TAMS 0x000000074cc00000| PB 0x000000074cc00000| Untracked 
|  33|0x000000074ce00000, 0x000000074ce00000, 0x000000074d000000|  0%| F|  |TAMS 0x000000074ce00000| PB 0x000000074ce00000| Untracked 
|  34|0x000000074d000000, 0x000000074d000000, 0x000000074d200000|  0%| F|  |TAMS 0x000000074d000000| PB 0x000000074d000000| Untracked 
|  35|0x000000074d200000, 0x000000074d200000, 0x000000074d400000|  0%| F|  |TAMS 0x000000074d200000| PB 0x000000074d200000| Untracked 
|  36|0x000000074d400000, 0x000000074d400000, 0x000000074d600000|  0%| F|  |TAMS 0x000000074d400000| PB 0x000000074d400000| Untracked 
|  37|0x000000074d600000, 0x000000074d600000, 0x000000074d800000|  0%| F|  |TAMS 0x000000074d600000| PB 0x000000074d600000| Untracked 
|  38|0x000000074d800000, 0x000000074d800000, 0x000000074da00000|  0%| F|  |TAMS 0x000000074d800000| PB 0x000000074d800000| Untracked 
|  39|0x000000074da00000, 0x000000074da00000, 0x000000074dc00000|  0%| F|  |TAMS 0x000000074da00000| PB 0x000000074da00000| Untracked 
|  40|0x000000074dc00000, 0x000000074dc00000, 0x000000074de00000|  0%| F|  |TAMS 0x000000074dc00000| PB 0x000000074dc00000| Untracked 
|  41|0x000000074de00000, 0x000000074de00000, 0x000000074e000000|  0%| F|  |TAMS 0x000000074de00000| PB 0x000000074de00000| Untracked 
|  42|0x000000074e000000, 0x000000074e000000, 0x000000074e200000|  0%| F|  |TAMS 0x000000074e000000| PB 0x000000074e000000| Untracked 
|  43|0x000000074e200000, 0x000000074e200000, 0x000000074e400000|  0%| F|  |TAMS 0x000000074e200000| PB 0x000000074e200000| Untracked 
|  44|0x000000074e400000, 0x000000074e400000, 0x000000074e600000|  0%| F|  |TAMS 0x000000074e400000| PB 0x000000074e400000| Untracked 
|  45|0x000000074e600000, 0x000000074e600000, 0x000000074e800000|  0%| F|  |TAMS 0x000000074e600000| PB 0x000000074e600000| Untracked 
|  46|0x000000074e800000, 0x000000074e800000, 0x000000074ea00000|  0%| F|  |TAMS 0x000000074e800000| PB 0x000000074e800000| Untracked 
|  47|0x000000074ea00000, 0x000000074ea00000, 0x000000074ec00000|  0%| F|  |TAMS 0x000000074ea00000| PB 0x000000074ea00000| Untracked 
|  48|0x000000074ec00000, 0x000000074ec00000, 0x000000074ee00000|  0%| F|  |TAMS 0x000000074ec00000| PB 0x000000074ec00000| Untracked 
|  49|0x000000074ee00000, 0x000000074ee00000, 0x000000074f000000|  0%| F|  |TAMS 0x000000074ee00000| PB 0x000000074ee00000| Untracked 
|  50|0x000000074f000000, 0x000000074f000000, 0x000000074f200000|  0%| F|  |TAMS 0x000000074f000000| PB 0x000000074f000000| Untracked 
|  51|0x000000074f200000, 0x000000074f200000, 0x000000074f400000|  0%| F|  |TAMS 0x000000074f200000| PB 0x000000074f200000| Untracked 
|  52|0x000000074f400000, 0x000000074f400000, 0x000000074f600000|  0%| F|  |TAMS 0x000000074f400000| PB 0x000000074f400000| Untracked 
|  53|0x000000074f600000, 0x000000074f600000, 0x000000074f800000|  0%| F|  |TAMS 0x000000074f600000| PB 0x000000074f600000| Untracked 
|  54|0x000000074f800000, 0x000000074f800000, 0x000000074fa00000|  0%| F|  |TAMS 0x000000074f800000| PB 0x000000074f800000| Untracked 
|  55|0x000000074fa00000, 0x000000074fa00000, 0x000000074fc00000|  0%| F|  |TAMS 0x000000074fa00000| PB 0x000000074fa00000| Untracked 
|  56|0x000000074fc00000, 0x000000074fc00000, 0x000000074fe00000|  0%| F|  |TAMS 0x000000074fc00000| PB 0x000000074fc00000| Untracked 
|  57|0x000000074fe00000, 0x000000074fe00000, 0x0000000750000000|  0%| F|  |TAMS 0x000000074fe00000| PB 0x000000074fe00000| Untracked 
|  58|0x0000000750000000, 0x0000000750000000, 0x0000000750200000|  0%| F|  |TAMS 0x0000000750000000| PB 0x0000000750000000| Untracked 
|  59|0x0000000750200000, 0x0000000750200000, 0x0000000750400000|  0%| F|  |TAMS 0x0000000750200000| PB 0x0000000750200000| Untracked 
|  60|0x0000000750400000, 0x0000000750400000, 0x0000000750600000|  0%| F|  |TAMS 0x0000000750400000| PB 0x0000000750400000| Untracked 
|  61|0x0000000750600000, 0x0000000750600000, 0x0000000750800000|  0%| F|  |TAMS 0x0000000750600000| PB 0x0000000750600000| Untracked 
|  62|0x0000000750800000, 0x0000000750800000, 0x0000000750a00000|  0%| F|  |TAMS 0x0000000750800000| PB 0x0000000750800000| Untracked 
|  63|0x0000000750a00000, 0x0000000750a00000, 0x0000000750c00000|  0%| F|  |TAMS 0x0000000750a00000| PB 0x0000000750a00000| Untracked 
|  64|0x0000000750c00000, 0x0000000750c00000, 0x0000000750e00000|  0%| F|  |TAMS 0x0000000750c00000| PB 0x0000000750c00000| Untracked 
|  65|0x0000000750e00000, 0x0000000750e00000, 0x0000000751000000|  0%| F|  |TAMS 0x0000000750e00000| PB 0x0000000750e00000| Untracked 
|  66|0x0000000751000000, 0x0000000751000000, 0x0000000751200000|  0%| F|  |TAMS 0x0000000751000000| PB 0x0000000751000000| Untracked 
|  67|0x0000000751200000, 0x0000000751200000, 0x0000000751400000|  0%| F|  |TAMS 0x0000000751200000| PB 0x0000000751200000| Untracked 
|  68|0x0000000751400000, 0x0000000751400000, 0x0000000751600000|  0%| F|  |TAMS 0x0000000751400000| PB 0x0000000751400000| Untracked 
|  69|0x0000000751600000, 0x0000000751600000, 0x0000000751800000|  0%| F|  |TAMS 0x0000000751600000| PB 0x0000000751600000| Untracked 
|  70|0x0000000751800000, 0x0000000751800000, 0x0000000751a00000|  0%| F|  |TAMS 0x0000000751800000| PB 0x0000000751800000| Untracked 
|  71|0x0000000751a00000, 0x0000000751a00000, 0x0000000751c00000|  0%| F|  |TAMS 0x0000000751a00000| PB 0x0000000751a00000| Untracked 
|  72|0x0000000751c00000, 0x0000000751c00000, 0x0000000751e00000|  0%| F|  |TAMS 0x0000000751c00000| PB 0x0000000751c00000| Untracked 
|  73|0x0000000751e00000, 0x0000000751e00000, 0x0000000752000000|  0%| F|  |TAMS 0x0000000751e00000| PB 0x0000000751e00000| Untracked 
|  74|0x0000000752000000, 0x0000000752000000, 0x0000000752200000|  0%| F|  |TAMS 0x0000000752000000| PB 0x0000000752000000| Untracked 
|  75|0x0000000752200000, 0x0000000752200000, 0x0000000752400000|  0%| F|  |TAMS 0x0000000752200000| PB 0x0000000752200000| Untracked 
|  76|0x0000000752400000, 0x0000000752400000, 0x0000000752600000|  0%| F|  |TAMS 0x0000000752400000| PB 0x0000000752400000| Untracked 
|  77|0x0000000752600000, 0x0000000752600000, 0x0000000752800000|  0%| F|  |TAMS 0x0000000752600000| PB 0x0000000752600000| Untracked 
|  78|0x0000000752800000, 0x0000000752800000, 0x0000000752a00000|  0%| F|  |TAMS 0x0000000752800000| PB 0x0000000752800000| Untracked 
|  79|0x0000000752a00000, 0x0000000752a00000, 0x0000000752c00000|  0%| F|  |TAMS 0x0000000752a00000| PB 0x0000000752a00000| Untracked 
|  80|0x0000000752c00000, 0x0000000752c00000, 0x0000000752e00000|  0%| F|  |TAMS 0x0000000752c00000| PB 0x0000000752c00000| Untracked 
|  81|0x0000000752e00000, 0x0000000752e00000, 0x0000000753000000|  0%| F|  |TAMS 0x0000000752e00000| PB 0x0000000752e00000| Untracked 
|  82|0x0000000753000000, 0x0000000753000000, 0x0000000753200000|  0%| F|  |TAMS 0x0000000753000000| PB 0x0000000753000000| Untracked 
|  83|0x0000000753200000, 0x0000000753200000, 0x0000000753400000|  0%| F|  |TAMS 0x0000000753200000| PB 0x0000000753200000| Untracked 
|  84|0x0000000753400000, 0x0000000753400000, 0x0000000753600000|  0%| F|  |TAMS 0x0000000753400000| PB 0x0000000753400000| Untracked 
|  85|0x0000000753600000, 0x0000000753600000, 0x0000000753800000|  0%| F|  |TAMS 0x0000000753600000| PB 0x0000000753600000| Untracked 
|  86|0x0000000753800000, 0x0000000753873988, 0x0000000753a00000| 22%| E|  |TAMS 0x0000000753800000| PB 0x0000000753800000| Complete 
|  87|0x0000000753a00000, 0x0000000753c00000, 0x0000000753c00000|100%| E|CS|TAMS 0x0000000753a00000| PB 0x0000000753a00000| Complete 
|  88|0x0000000753c00000, 0x0000000753e00000, 0x0000000753e00000|100%| E|CS|TAMS 0x0000000753c00000| PB 0x0000000753c00000| Complete 
|  89|0x0000000753e00000, 0x0000000754000000, 0x0000000754000000|100%| E|CS|TAMS 0x0000000753e00000| PB 0x0000000753e00000| Complete 
|  90|0x0000000754000000, 0x0000000754200000, 0x0000000754200000|100%| E|CS|TAMS 0x0000000754000000| PB 0x0000000754000000| Complete 
|  91|0x0000000754200000, 0x0000000754400000, 0x0000000754400000|100%| E|CS|TAMS 0x0000000754200000| PB 0x0000000754200000| Complete 

Card table byte_map: [0x0000015246c30000,0x00000152471f0000] _byte_map_base: 0x00000152431ea000

Marking Bits: (CMBitMap*) 0x000001522eef1d90
 Bits: [0x00000152471f0000, 0x0000015249fc0000)

Polling page: 0x000001522ce90000

Metaspace:

Usage:
  Non-class:      2.46 MB used.
      Class:    263.77 KB used.
       Both:      2.71 MB used.

Virtual space:
  Non-class space:       64.00 MB reserved,       2.50 MB (  4%) committed,  1 nodes.
      Class space:        1.00 GB reserved,     320.00 KB ( <1%) committed,  1 nodes.
             Both:        1.06 GB reserved,       2.81 MB ( <1%) committed. 

Chunk freelists:
   Non-Class:  10.94 MB
       Class:  15.60 MB
        Both:  26.54 MB

MaxMetaspaceSize: unlimited
CompressedClassSpaceSize: 1.00 GB
Initial GC threshold: 21.00 MB
Current GC threshold: 21.00 MB
CDS: on
 - commit_granule_bytes: 65536.
 - commit_granule_words: 8192.
 - virtual_space_node_default_size: 8388608.
 - enlarge_chunks_in_place: 1.
 - use_allocation_guard: 0.


Internal statistics:

num_allocs_failed_limit: 0.
num_arena_births: 38.
num_arena_deaths: 0.
num_vsnodes_births: 2.
num_vsnodes_deaths: 0.
num_space_committed: 45.
num_space_uncommitted: 0.
num_chunks_returned_to_freelist: 0.
num_chunks_taken_from_freelist: 101.
num_chunk_merges: 0.
num_chunk_splits: 62.
num_chunks_enlarged: 49.
num_inconsistent_stats: 0.

CodeHeap 'non-profiled nmethods': size=120000Kb used=260Kb max_used=260Kb free=119740Kb
 bounds [0x000001523ee10000, 0x000001523f080000, 0x0000015246340000]
CodeHeap 'profiled nmethods': size=120000Kb used=1360Kb max_used=1360Kb free=118639Kb
 bounds [0x0000015237340000, 0x00000152375b0000, 0x000001523e870000]
CodeHeap 'non-nmethods': size=5760Kb used=1333Kb max_used=1350Kb free=4426Kb
 bounds [0x000001523e870000, 0x000001523eae0000, 0x000001523ee10000]
 total_blobs=1229 nmethods=786 adapters=348
 compilation: enabled
              stopped_count=0, restarted_count=0
 full_count=0

Compilation events (20 events):
Event: 2.683 Thread 0x000001524c9b7430  779       3       java.lang.StringBuilder::append (8 bytes)
Event: 2.683 Thread 0x000001524c9b7430 nmethod 779 0x000001523748f490 code [0x000001523748f640, 0x000001523748f790]
Event: 2.685 Thread 0x000001524c9b4990  780       4       java.util.jar.JarFile::getEntry (35 bytes)
Event: 2.685 Thread 0x000001524c9b7430  782       3       jdk.internal.ref.PhantomCleanable::clean (16 bytes)
Event: 2.685 Thread 0x000001524c9b7430 nmethod 782 0x000001523748f810 code [0x000001523748f9e0, 0x000001523748fcc8]
Event: 2.686 Thread 0x000001524c9b7430  783       3       jdk.internal.ref.CleanerImpl$PhantomCleanableRef::performCleanup (10 bytes)
Event: 2.686 Thread 0x000001524c9b7430 nmethod 783 0x000001523748fe10 code [0x000001523748ffc0, 0x00000152374901a0]
Event: 2.687 Thread 0x000001524c9b7430  784   !   3       java.util.zip.ZipFile::getInputStream (275 bytes)
Event: 2.689 Thread 0x000001524c9b7430 nmethod 784 0x0000015237490290 code [0x00000152374905a0, 0x0000015237491768]
Event: 2.689 Thread 0x000001524c9b7430  785       3       java.util.zip.ZipFile$ZipFileInputStream::<init> (96 bytes)
Event: 2.690 Thread 0x000001524c9b7430 nmethod 785 0x0000015237492210 code [0x0000015237492460, 0x0000015237492ea0]
Event: 2.690 Thread 0x000001524c9b7430  786       3       java.util.zip.ZipUtils::CENOFF (9 bytes)
Event: 2.690 Thread 0x000001524c9b7430 nmethod 786 0x0000015237493310 code [0x00000152374934c0, 0x0000015237493798]
Event: 2.690 Thread 0x000001524c9b7430  787       3       java.util.zip.InflaterInputStream::close (34 bytes)
Event: 2.690 Thread 0x000001524c9b7430 nmethod 787 0x0000015237493910 code [0x0000015237493ae0, 0x0000015237493d98]
Event: 2.692 Thread 0x000001524c9b7430  788       3       sun.net.www.protocol.file.Handler::parseURL (18 bytes)
Event: 2.692 Thread 0x000001524c9b7430 nmethod 788 0x0000015237493e90 code [0x0000015237494040, 0x0000015237494200]
Event: 2.692 Thread 0x000001524c9b7430  789       3       java.net.URLStreamHandler::parseURL (1124 bytes)
Event: 2.703 Thread 0x000001524c9b4990 nmethod 780 0x000001523ee4fb90 code [0x000001523ee4fe20, 0x000001523ee50ae8]
Event: 2.703 Thread 0x000001524c9b4990  781   !   4       jdk.internal.loader.URLClassPath$JarLoader::getResource (40 bytes)

GC Heap History (0 events):
No events

Dll operation events (8 events):
Event: 0.077 Loaded shared library C:\Program Files\Java\jdk-21\bin\java.dll
Event: 0.580 Loaded shared library C:\Program Files\Java\jdk-21\bin\net.dll
Event: 0.638 Loaded shared library C:\Program Files\Java\jdk-21\bin\jsvml.dll
Event: 0.650 Loaded shared library C:\Program Files\Java\jdk-21\bin\nio.dll
Event: 0.662 Loaded shared library C:\Program Files\Java\jdk-21\bin\zip.dll
Event: 1.479 Loaded shared library C:\Users\2oleg\Downloads\apache-maven-3.9.11-bin\apache-maven-3.9.11\lib\jansi-native\Windows\x86_64\jansi.dll
Event: 1.527 Loaded shared library C:\Program Files\Java\jdk-21\bin\verify.dll
Event: 1.555 Loaded shared library C:\Program Files\Java\jdk-21\bin\jimage.dll

Deoptimization events (20 events):
Event: 2.229 Thread 0x000001522ccc21b0 DEOPT PACKING pc=0x0000015237388655 sp=0x00000017a31f9e30
Event: 2.229 Thread 0x000001522ccc21b0 DEOPT UNPACKING pc=0x000001523e8c4e42 sp=0x00000017a31f92a0 mode 0
Event: 2.308 Thread 0x000001522ccc21b0 DEOPT PACKING pc=0x000001523739e4f7 sp=0x00000017a31fbce0
Event: 2.308 Thread 0x000001522ccc21b0 DEOPT UNPACKING pc=0x000001523e8c4e42 sp=0x00000017a31fb130 mode 0
Event: 2.616 Thread 0x000001522ccc21b0 Uncommon trap: trap_request=0xffffff45 fr.pc=0x000001523ee4c0bc relative=0x000000000000077c
Event: 2.616 Thread 0x000001522ccc21b0 Uncommon trap: reason=unstable_if action=reinterpret pc=0x000001523ee4c0bc method=java.util.regex.Matcher.search(I)Z @ 30 c2
Event: 2.616 Thread 0x000001522ccc21b0 DEOPT PACKING pc=0x000001523ee4c0bc sp=0x00000017a31fd930
Event: 2.616 Thread 0x000001522ccc21b0 DEOPT UNPACKING pc=0x000001523e8c46a2 sp=0x00000017a31fd910 mode 2
Event: 2.674 Thread 0x000001522ccc21b0 Uncommon trap: trap_request=0xffffff45 fr.pc=0x000001523ee275d0 relative=0x00000000000004f0
Event: 2.674 Thread 0x000001522ccc21b0 Uncommon trap: reason=unstable_if action=reinterpret pc=0x000001523ee275d0 method=java.lang.StringLatin1.canEncode(I)Z @ 4 c2
Event: 2.674 Thread 0x000001522ccc21b0 DEOPT PACKING pc=0x000001523ee275d0 sp=0x00000017a31fdf60
Event: 2.674 Thread 0x000001522ccc21b0 DEOPT UNPACKING pc=0x000001523e8c46a2 sp=0x00000017a31fde98 mode 2
Event: 2.674 Thread 0x000001522ccc21b0 Uncommon trap: trap_request=0xffffff45 fr.pc=0x000001523ee28434 relative=0x00000000000004d4
Event: 2.674 Thread 0x000001522ccc21b0 Uncommon trap: reason=unstable_if action=reinterpret pc=0x000001523ee28434 method=java.lang.AbstractStringBuilder.isLatin1()Z @ 10 c2
Event: 2.674 Thread 0x000001522ccc21b0 DEOPT PACKING pc=0x000001523ee28434 sp=0x00000017a31fdf80
Event: 2.674 Thread 0x000001522ccc21b0 DEOPT UNPACKING pc=0x000001523e8c46a2 sp=0x00000017a31fdf10 mode 2
Event: 2.683 Thread 0x000001522ccc21b0 Uncommon trap: trap_request=0xffffff45 fr.pc=0x000001523ee1ac68 relative=0x0000000000000048
Event: 2.683 Thread 0x000001522ccc21b0 Uncommon trap: reason=unstable_if action=reinterpret pc=0x000001523ee1ac68 method=java.lang.StringLatin1.canEncode(I)Z @ 4 c2
Event: 2.683 Thread 0x000001522ccc21b0 DEOPT PACKING pc=0x000001523ee1ac68 sp=0x00000017a31fdf10
Event: 2.683 Thread 0x000001522ccc21b0 DEOPT UNPACKING pc=0x000001523e8c46a2 sp=0x00000017a31fdea0 mode 2

Classes loaded (20 events):
Event: 2.315 Loading class java/util/concurrent/locks/ReentrantReadWriteLock$Sync done
Event: 2.315 Loading class java/util/concurrent/locks/ReentrantReadWriteLock$NonfairSync done
Event: 2.315 Loading class java/util/concurrent/locks/ReentrantReadWriteLock$Sync$ThreadLocalHoldCounter
Event: 2.315 Loading class java/util/concurrent/locks/ReentrantReadWriteLock$Sync$ThreadLocalHoldCounter done
Event: 2.315 Loading class java/util/concurrent/locks/ReentrantReadWriteLock$ReadLock
Event: 2.315 Loading class java/util/concurrent/locks/ReentrantReadWriteLock$ReadLock done
Event: 2.315 Loading class java/util/concurrent/locks/ReentrantReadWriteLock$WriteLock
Event: 2.315 Loading class java/util/concurrent/locks/ReentrantReadWriteLock$WriteLock done
Event: 2.320 Loading class java/text/ParseException
Event: 2.320 Loading class java/text/ParseException done
Event: 2.452 Loading class sun/util/calendar/ZoneInfoFile$Checksum
Event: 2.452 Loading class sun/util/calendar/ZoneInfoFile$Checksum done
Event: 2.456 Loading class jdk/internal/module/ModulePatcher$PatchedModuleReader
Event: 2.456 Loading class jdk/internal/module/ModulePatcher$PatchedModuleReader done
Event: 2.457 Loading class sun/net/www/protocol/jrt/Handler
Event: 2.457 Loading class sun/net/www/protocol/jrt/Handler done
Event: 2.620 Loading class sun/text/resources/cldr/FormatData_en
Event: 2.621 Loading class sun/text/resources/cldr/FormatData_en done
Event: 2.664 Loading class sun/text/resources/cldr/FormatData_en_US
Event: 2.664 Loading class sun/text/resources/cldr/FormatData_en_US done

Classes unloaded (0 events):
No events

Classes redefined (0 events):
No events

Internal exceptions (20 events):
Event: 1.482 Thread 0x000001522ccc21b0 Exception <a 'java/lang/NullPointerException'{0x0000000753f13760}> (0x0000000753f13760) 
thrown [s\open\src\hotspot\share\interpreter\linkResolver.cpp, line 1372]
Event: 1.482 Thread 0x000001522ccc21b0 Exception <a 'java/lang/NullPointerException'{0x0000000753f13a40}> (0x0000000753f13a40) 
thrown [s\open\src\hotspot\share\interpreter\linkResolver.cpp, line 1372]
Event: 1.482 Thread 0x000001522ccc21b0 Exception <a 'java/lang/NullPointerException'{0x0000000753f13d20}> (0x0000000753f13d20) 
thrown [s\open\src\hotspot\share\interpreter\linkResolver.cpp, line 1372]
Event: 1.504 Thread 0x000001522ccc21b0 Exception <a 'java/lang/NullPointerException'{0x0000000753f19d30}> (0x0000000753f19d30) 
thrown [s\open\src\hotspot\share\interpreter\linkResolver.cpp, line 1372]
Event: 1.512 Thread 0x000001522ccc21b0 Exception <a 'java/lang/NullPointerException'{0x0000000753f2e0f8}> (0x0000000753f2e0f8) 
thrown [s\open\src\hotspot\share\interpreter\linkResolver.cpp, line 1372]
Event: 1.512 Thread 0x000001522ccc21b0 Exception <a 'java/lang/NullPointerException'{0x0000000753f2e3d8}> (0x0000000753f2e3d8) 
thrown [s\open\src\hotspot\share\interpreter\linkResolver.cpp, line 1372]
Event: 1.512 Thread 0x000001522ccc21b0 Exception <a 'java/lang/NullPointerException'{0x0000000753f2e6b8}> (0x0000000753f2e6b8) 
thrown [s\open\src\hotspot\share\interpreter\linkResolver.cpp, line 1372]
Event: 1.512 Thread 0x000001522ccc21b0 Exception <a 'java/lang/NullPointerException'{0x0000000753f2e998}> (0x0000000753f2e998) 
thrown [s\open\src\hotspot\share\interpreter\linkResolver.cpp, line 1372]
Event: 1.523 Thread 0x000001522ccc21b0 Exception <a 'sun/nio/fs/WindowsException'{0x0000000753f5b7f8}> (0x0000000753f5b7f8) 
thrown [s\open\src\hotspot\share\prims\jni.cpp, line 520]
Event: 1.523 Thread 0x000001522ccc21b0 Exception <a 'sun/nio/fs/WindowsException'{0x0000000753f5bfa8}> (0x0000000753f5bfa8) 
thrown [s\open\src\hotspot\share\prims\jni.cpp, line 520]
Event: 1.523 Thread 0x000001522ccc21b0 Exception <a 'sun/nio/fs/WindowsException'{0x0000000753f5c5f8}> (0x0000000753f5c5f8) 
thrown [s\open\src\hotspot\share\prims\jni.cpp, line 520]
Event: 1.524 Thread 0x000001522ccc21b0 Exception <a 'sun/nio/fs/WindowsException'{0x0000000753fcd8d8}> (0x0000000753fcd8d8) 
thrown [s\open\src\hotspot\share\prims\jni.cpp, line 520]
Event: 1.524 Thread 0x000001522ccc21b0 Exception <a 'sun/nio/fs/WindowsException'{0x0000000753fcde58}> (0x0000000753fcde58) 
thrown [s\open\src\hotspot\share\prims\jni.cpp, line 520]
Event: 1.524 Thread 0x000001522ccc21b0 Exception <a 'sun/nio/fs/WindowsException'{0x0000000753fce3b0}> (0x0000000753fce3b0) 
thrown [s\open\src\hotspot\share\prims\jni.cpp, line 520]
Event: 1.524 Thread 0x000001522ccc21b0 Exception <a 'sun/nio/fs/WindowsException'{0x0000000753fce8b8}> (0x0000000753fce8b8) 
thrown [s\open\src\hotspot\share\prims\jni.cpp, line 520]
Event: 1.524 Thread 0x000001522ccc21b0 Exception <a 'sun/nio/fs/WindowsException'{0x0000000753fced78}> (0x0000000753fced78) 
thrown [s\open\src\hotspot\share\prims\jni.cpp, line 520]
Event: 1.582 Thread 0x000001522ccc21b0 Exception <a 'java/lang/NoSuchMethodError'{0x0000000753c1ee90}: 'void java.lang.invoke.DirectMethodHandle$Holder.invokeStatic(java.lang.Object, java.lang.Object)'> (0x0000000753c1ee90) 
thrown [s\open\src\hotspot\share\interpreter\linkResolver.cpp, line 773]
Event: 1.583 Thread 0x000001522ccc21b0 Exception <a 'java/lang/NoSuchMethodError'{0x0000000753c22270}: 'void java.lang.invoke.DirectMethodHandle$Holder.invokeStaticInit(java.lang.Object, java.lang.Object)'> (0x0000000753c22270) 
thrown [s\open\src\hotspot\share\interpreter\linkResolver.cpp, line 773]
Event: 1.664 Thread 0x000001522ccc21b0 Exception <a 'java/lang/NoSuchMethodError'{0x0000000753c6dd28}: 'void java.lang.invoke.DirectMethodHandle$Holder.invokeStatic(java.lang.Object, java.lang.Object, java.lang.Object)'> (0x0000000753c6dd28) 
thrown [s\open\src\hotspot\share\interpreter\linkResolver.cpp, line 773]
Event: 2.220 Thread 0x000001522ccc21b0 Exception <a 'java/lang/NoSuchMethodError'{0x0000000753defec8}: 'java.lang.Object java.lang.invoke.DirectMethodHandle$Holder.invokeSpecialIFC(java.lang.Object, java.lang.Object, java.lang.Object, java.lang.Object)'> (0x0000000753defec8) 
thrown [s\open\src\hotspot\share\interpreter\linkResolver.cpp, line 773]

ZGC Phase Switch (0 events):
No events

VM Operations (8 events):
Event: 1.204 Executing VM operation: Cleanup
Event: 1.204 Executing VM operation: Cleanup done
Event: 1.396 Executing VM operation: HandshakeAllThreads (Deoptimize)
Event: 1.396 Executing VM operation: HandshakeAllThreads (Deoptimize) done
Event: 1.595 Executing VM operation: HandshakeAllThreads (Deoptimize)
Event: 1.595 Executing VM operation: HandshakeAllThreads (Deoptimize) done
Event: 2.594 Executing VM operation: Cleanup
Event: 2.594 Executing VM operation: Cleanup done

Events (13 events):
Event: 0.142 Thread 0x000001522ccc21b0 Thread added: 0x000001522ccc21b0
Event: 0.234 Thread 0x000001524c9ac460 Thread added: 0x000001524c9ac460
Event: 0.234 Thread 0x000001524c9aceb0 Thread added: 0x000001524c9aceb0
Event: 0.234 Thread 0x000001524c9ad900 Thread added: 0x000001524c9ad900
Event: 0.234 Thread 0x000001524c9ae350 Thread added: 0x000001524c9ae350
Event: 0.235 Thread 0x000001524c9b0db0 Thread added: 0x000001524c9b0db0
Event: 0.235 Thread 0x000001524c9b1800 Thread added: 0x000001524c9b1800
Event: 0.235 Thread 0x000001524c9b4990 Thread added: 0x000001524c9b4990
Event: 0.235 Thread 0x000001524c9b7430 Thread added: 0x000001524c9b7430
Event: 0.275 Thread 0x000001524ca299c0 Thread added: 0x000001524ca299c0
Event: 0.283 Thread 0x000001524ca2a5d0 Thread added: 0x000001524ca2a5d0
Event: 1.405 Thread 0x000001524cecf890 Thread added: 0x000001524cecf890
Event: 1.621 Thread 0x000001524cecf890 Thread exited: 0x000001524cecf890


Dynamic libraries:
0x00007ff6a5e00000 - 0x00007ff6a5e10000 	C:\Program Files\Java\jdk-21\bin\java.exe
0x00007ff9f5930000 - 0x00007ff9f5b28000 	C:\WINDOWS\SYSTEM32\ntdll.dll
0x00007ff9f5400000 - 0x00007ff9f54c2000 	C:\WINDOWS\System32\KERNEL32.DLL
0x00007ff9f3130000 - 0x00007ff9f3426000 	C:\WINDOWS\System32\KERNELBASE.dll
0x00007ff9f3820000 - 0x00007ff9f3920000 	C:\WINDOWS\System32\ucrtbase.dll
0x00007ff9e2e70000 - 0x00007ff9e2e89000 	C:\Program Files\Java\jdk-21\bin\jli.dll
0x00007ff9f3da0000 - 0x00007ff9f3e51000 	C:\WINDOWS\System32\ADVAPI32.dll
0x00007ff9e2dc0000 - 0x00007ff9e2ddb000 	C:\Program Files\Java\jdk-21\bin\VCRUNTIME140.dll
0x00007ff9f5820000 - 0x00007ff9f58be000 	C:\WINDOWS\System32\msvcrt.dll
0x00007ff9f4800000 - 0x00007ff9f489f000 	C:\WINDOWS\System32\sechost.dll
0x00007ff9f3c10000 - 0x00007ff9f3d30000 	C:\WINDOWS\System32\RPCRT4.dll
0x00007ff9f3560000 - 0x00007ff9f3587000 	C:\WINDOWS\System32\bcrypt.dll
0x00007ff9f3f40000 - 0x00007ff9f40e1000 	C:\WINDOWS\System32\USER32.dll
0x00007ff9f3100000 - 0x00007ff9f3122000 	C:\WINDOWS\System32\win32u.dll
0x00007ff9e4da0000 - 0x00007ff9e503b000 	C:\WINDOWS\WinSxS\amd64_microsoft.windows.common-controls_6595b64144ccf1df_6.0.19041.6456_none_60b8a6cb71f64256\COMCTL32.dll
0x00007ff9f47c0000 - 0x00007ff9f47eb000 	C:\WINDOWS\System32\GDI32.dll
0x00007ff9f2f90000 - 0x00007ff9f30a9000 	C:\WINDOWS\System32\gdi32full.dll
0x00007ff9f3590000 - 0x00007ff9f362d000 	C:\WINDOWS\System32\msvcp_win.dll
0x00007ff9ecd10000 - 0x00007ff9ecd1a000 	C:\WINDOWS\SYSTEM32\VERSION.dll
0x00007ff9f3f10000 - 0x00007ff9f3f3f000 	C:\WINDOWS\System32\IMM32.DLL
0x00007ff9e25a0000 - 0x00007ff9e25ac000 	C:\Program Files\Java\jdk-21\bin\vcruntime140_1.dll
0x00007ff9d12b0000 - 0x00007ff9d133e000 	C:\Program Files\Java\jdk-21\bin\msvcp140.dll
0x00007ff9a2110000 - 0x00007ff9a2e2a000 	C:\Program Files\Java\jdk-21\bin\server\jvm.dll
0x00007ff9f4210000 - 0x00007ff9f427b000 	C:\WINDOWS\System32\WS2_32.dll
0x00007ff9e0140000 - 0x00007ff9e0167000 	C:\WINDOWS\SYSTEM32\WINMM.dll
0x00007ff9f2df0000 - 0x00007ff9f2e3b000 	C:\WINDOWS\SYSTEM32\POWRPROF.dll
0x00007ff9f2dd0000 - 0x00007ff9f2de2000 	C:\WINDOWS\SYSTEM32\UMPDC.dll
0x00007ff9f0dc0000 - 0x00007ff9f0dd2000 	C:\WINDOWS\SYSTEM32\kernel.appcore.dll
0x00007ff9e2590000 - 0x00007ff9e259a000 	C:\Program Files\Java\jdk-21\bin\jimage.dll
0x00007ff9df840000 - 0x00007ff9dfa41000 	C:\WINDOWS\SYSTEM32\DBGHELP.DLL
0x00007ff9dd350000 - 0x00007ff9dd384000 	C:\WINDOWS\SYSTEM32\dbgcore.DLL
0x00007ff9f3630000 - 0x00007ff9f36b2000 	C:\WINDOWS\System32\bcryptPrimitives.dll
0x00007ff9e2280000 - 0x00007ff9e229f000 	C:\Program Files\Java\jdk-21\bin\java.dll
0x00007ff9f4930000 - 0x00007ff9f50a0000 	C:\WINDOWS\System32\SHELL32.dll
0x00007ff9f0fc0000 - 0x00007ff9f1765000 	C:\WINDOWS\SYSTEM32\windows.storage.dll
0x00007ff9f50a0000 - 0x00007ff9f53f4000 	C:\WINDOWS\System32\combase.dll
0x00007ff9f28e0000 - 0x00007ff9f290b000 	C:\WINDOWS\SYSTEM32\Wldp.dll
0x00007ff9f46f0000 - 0x00007ff9f47bd000 	C:\WINDOWS\System32\OLEAUT32.dll
0x00007ff9f3920000 - 0x00007ff9f39cd000 	C:\WINDOWS\System32\SHCORE.dll
0x00007ff9f57c0000 - 0x00007ff9f581b000 	C:\WINDOWS\System32\shlwapi.dll
0x00007ff9f2ec0000 - 0x00007ff9f2ee4000 	C:\WINDOWS\SYSTEM32\profapi.dll
0x00007ff9e2270000 - 0x00007ff9e2280000 	C:\Program Files\Java\jdk-21\bin\net.dll
0x00007ff9ec950000 - 0x00007ff9eca5a000 	C:\WINDOWS\SYSTEM32\WINHTTP.dll
0x00007ff9c1e40000 - 0x00007ff9c1f17000 	C:\Program Files\Java\jdk-21\bin\jsvml.dll
0x00007ff9f25f0000 - 0x00007ff9f265a000 	C:\WINDOWS\system32\mswsock.dll
0x00007ff9e0dd0000 - 0x00007ff9e0de6000 	C:\Program Files\Java\jdk-21\bin\nio.dll
0x00007ff9e09b0000 - 0x00007ff9e09c8000 	C:\Program Files\Java\jdk-21\bin\zip.dll
0x00007ff9df250000 - 0x00007ff9df274000 	C:\Users\2oleg\Downloads\apache-maven-3.9.11-bin\apache-maven-3.9.11\lib\jansi-native\Windows\x86_64\jansi.dll
0x00007ff9e1970000 - 0x00007ff9e1980000 	C:\Program Files\Java\jdk-21\bin\verify.dll

dbghelp: loaded successfully - version: 4.0.5 - missing functions: none
symbol engine: initialized successfully - sym options: 0x614 - pdb path: .;C:\Program Files\Java\jdk-21\bin;C:\WINDOWS\SYSTEM32;C:\WINDOWS\WinSxS\amd64_microsoft.windows.common-controls_6595b64144ccf1df_6.0.19041.6456_none_60b8a6cb71f64256;C:\Program Files\Java\jdk-21\bin\server;C:\Users\2oleg\Downloads\apache-maven-3.9.11-bin\apache-maven-3.9.11\lib\jansi-native\Windows\x86_64

VM Arguments:
jvm_args: --enable-native-access=ALL-UNNAMED -Dclassworlds.conf=C:\Users\2oleg\Downloads\apache-maven-3.9.11-bin\apache-maven-3.9.11\bin\m2.conf -Dmaven.home=C:\Users\2oleg\Downloads\apache-maven-3.9.11-bin\apache-maven-3.9.11 -Dlibrary.jansi.path=C:\Users\2oleg\Downloads\apache-maven-3.9.11-bin\apache-maven-3.9.11\lib\jansi-native -Dmaven.multiModuleProjectDirectory=C:\Users\2oleg\Downloads\Telegram Desktop\Kefir\Backend\Collector 
java_command: org.codehaus.plexus.classworlds.launcher.Launcher spring-boot:run -Dserver.port=8086 -DskipTests
java_class_path (initial): C:\Users\2oleg\Downloads\apache-maven-3.9.11-bin\apache-maven-3.9.11\boot\plexus-classworlds-2.9.0.jar
Launcher Type: SUN_STANDARD

[Global flags]
     intx CICompilerCount                          = 4                                         {product} {ergonomic}
     uint ConcGCThreads                            = 2                                         {product} {ergonomic}
     uint G1ConcRefinementThreads                  = 8                                         {product} {ergonomic}
   size_t G1HeapRegionSize                         = 2097152                                   {product} {ergonomic}
    uintx GCDrainStackTargetSize                   = 64                                        {product} {ergonomic}
   size_t InitialHeapSize                          = 192937984                                 {product} {ergonomic}
   size_t MarkStackSize                            = 4194304                                   {product} {ergonomic}
   size_t MaxHeapSize                              = 3074424832                                {product} {ergonomic}
   size_t MaxNewSize                               = 1843396608                                {product} {ergonomic}
   size_t MinHeapDeltaBytes                        = 2097152                                   {product} {ergonomic}
   size_t MinHeapSize                              = 8388608                                   {product} {ergonomic}
    uintx NonNMethodCodeHeapSize                   = 5839372                                {pd product} {ergonomic}
    uintx NonProfiledCodeHeapSize                  = 122909434                              {pd product} {ergonomic}
    uintx ProfiledCodeHeapSize                     = 122909434                              {pd product} {ergonomic}
    uintx ReservedCodeCacheSize                    = 251658240                              {pd product} {ergonomic}
     bool SegmentedCodeCache                       = true                                      {product} {ergonomic}
   size_t SoftMaxHeapSize                          = 3074424832                             {manageable} {ergonomic}
     bool UseCompressedOops                        = true                           {product lp64_product} {ergonomic}
     bool UseG1GC                                  = true                                      {product} {ergonomic}
     bool UseLargePagesIndividualAllocation        = false                                  {pd product} {ergonomic}

Logging:
Log output configuration:
 #0: stdout all=warning uptime,level,tags foldmultilines=false
 #1: stderr all=off uptime,level,tags foldmultilines=false

Environment Variables:
JAVA_HOME=C:\Program Files\Java\jdk-21
PATH=C:\Program Files\Common Files\Oracle\Java\javapath;C:\Program Files (x86)\Cuminas\Document Express DjVu Plug-in\;C:\Program Files (x86)\Razer Chroma SDK\bin;C:\Program Files\Razer Chroma SDK\bin;C:\WINDOWS\system32;C:\WINDOWS;C:\WINDOWS\System32\Wbem;C:\WINDOWS\System32\WindowsPowerShell\v1.0\;C:\WINDOWS\System32\OpenSSH\;C:\Program Files (x86)\NVIDIA Corporation\PhysX\Common;C:\WINDOWS\system32\config\systemprofile\AppData\Local\Microsoft\WindowsApps;C:\Program Files (x86)\Razer\ChromaBroadcast\bin;C:\Program Files\Razer\ChromaBroadcast\bin;C:\Users\2oleg\AppData\Local\Microsoft\WindowsApps;C:\Program Files\JetBrains\IntelliJ IDEA Community Edition 2024.3\bin;C:\Users\2oleg\AppData\Local\Programs\Microsoft VS Code\bin;C:\Program Files\Docker\Docker\resources\bin;C:\Users\2oleg\Downloads\curl-8.16.0_6-win64-mingw.zip\curl-8.16.0_6-win64-mingw\bin;C:\Users\2oleg\Downloads\curl-8.16.0_6-win64-mingw\curl-8.16.0_6-win64-mingw\bin;C:\Users\2oleg\Downloads\apache-maven-3.9.11-bin\apache-maven-3.9.11\bin;C:\ProgramData\chocolatey\bin;C:\Users\2oleg\AppData\Roaming\Cloud Foundry;C:\Program Files\Git\cmd;C:\Program Files\nodejs\;C:\Users\2oleg\AppData\Local\Muse Hub\lib;C:\Users\2oleg\AppData\Local\Microsoft\WindowsApps;C:\Program Files\JetBrains\IntelliJ IDEA Community Edition 2025.2.4\bin;C:\Users\2oleg\AppData\Local\Programs\Microsoft VS Code\bin;C:\Program Files\jq.exe;C:\Users\2oleg\AppData\Local\Microsoft\WinGet\Packages\jqlang.jq_Microsoft.Winget.Source_8wekyb3d8bbwe;C:\Program Files\Java\jdk-24;C:\Users\2oleg\Downloads\gradle-9.0.0-bin\gradle-9.0.0\bin;C:\Program Files\Docker\Docker\resources\bin;C:\Users\2oleg\AppData\Local\GitHubDesktop\bin;C:\Users\2oleg\AppData\Roaming\npm
USERNAME=2oleg
OS=Windows_NT
PROCESSOR_IDENTIFIER=Intel64 Family 6 Model 60 Stepping 3, GenuineIntel
TMP=C:\Users\2oleg\AppData\Local\Temp
TEMP=C:\Users\2oleg\AppData\Local\Temp




Periodic native trim disabled

---------------  S Y S T E M  ---------------

OS:
 Windows 10 , 64 bit Build 19041 (10.0.19041.5915)
OS uptime: 13 days 9:11 hours
Hyper-V role detected

CPU: total 8 (initial active 8) (4 cores per cpu, 2 threads per core) family 6 model 60 stepping 3 microcode 0x27, cx8, cmov, fxsr, ht, mmx, sse, sse2, sse3, ssse3, sse4.1, sse4.2, popcnt, lzcnt, tsc, tscinvbit, avx, avx2, aes, erms, clmul, bmi1, bmi2, fma, vzeroupper, clflush, hv, rdtscp, f16c
Processor Information for all 8 processors :
  Max Mhz: 2401, Current Mhz: 2401, Mhz Limit: 2401

Memory: 4k page, system-wide physical 11723M (714M free)
TotalPageFile size 23723M (AvailPageFile size 93M)
current process WorkingSet (physical memory assigned to process): 56M, peak: 56M
current process commit charge ("private bytes"): 275M, peak: 275M

vm_info: Java HotSpot(TM) 64-Bit Server VM (21.0.7+8-LTS-245) for windows-amd64 JRE (21.0.7+8-LTS-245), built on 2025-02-21T05:11:27Z by "mach5one" with MS VC++ 17.6 (VS2022)

END.
