#
# There is insufficient memory for the Java Runtime Environment to continue.
# Native memory allocation (malloc) failed to allocate 77456 bytes for Chunk::new
# Possible reasons:
#   The system is out of physical RAM or swap space
#   The process is running with CompressedOops enabled, and the Java Heap may be blocking the growth of the native heap
# Possible solutions:
#   Reduce memory load on the system
#   Increase physical memory or swap space
#   Check if swap backing store is full
#   Decrease Java heap size (-Xmx/-Xms)
#   Decrease number of Java threads
#   Decrease Java thread stack sizes (-Xss)
#   Set larger code cache with -XX:ReservedCodeCacheSize=
#   JVM is running with Zero Based Compressed Oops mode in which the Java heap is
#     placed in the first 32GB address space. The Java Heap base address is the
#     maximum limit for the native heap growth. Please use -XX:HeapBaseMinAddress
#     to set the Java Heap base and to place the Java Heap above 32GB virtual address.
# This output file may be truncated or incomplete.
#
#  Out of Memory Error (arena.cpp:168), pid=17140, tid=9632
#
# JRE version: Java(TM) SE Runtime Environment (21.0.7+8) (build 21.0.7+8-LTS-245)
# Java VM: Java HotSpot(TM) 64-Bit Server VM (21.0.7+8-LTS-245, mixed mode, sharing, tiered, compressed oops, compressed class ptrs, g1 gc, windows-amd64)
# No core dump will be written. Minidumps are not enabled by default on client versions of Windows
#

---------------  S U M M A R Y ------------

Command Line: --enable-native-access=ALL-UNNAMED -Dclassworlds.conf=C:\Users\2oleg\Downloads\apache-maven-3.9.11-bin\apache-maven-3.9.11\bin\m2.conf -Dmaven.home=C:\Users\2oleg\Downloads\apache-maven-3.9.11-bin\apache-maven-3.9.11 -Dlibrary.jansi.path=C:\Users\2oleg\Downloads\apache-maven-3.9.11-bin\apache-maven-3.9.11\lib\jansi-native -Dmaven.multiModuleProjectDirectory=C:\Users\2oleg\Downloads\Telegram Desktop\Kefir\Backend\ApiGateWay org.codehaus.plexus.classworlds.launcher.Launcher spring-boot:run -Dserver.port=8080 -DskipTests

Host: Intel(R) Core(TM) i7-4700HQ CPU @ 2.40GHz, 8 cores, 11G,  Windows 10 , 64 bit Build 19041 (10.0.19041.5915)
Time: Wed Dec 17 04:40:08 2025 RTZ 2 (s 10 , 64 bit Build 19041 (10.0.19041.5915) elapsed time: 46.606098 seconds (0d 0h 0m 46s)

---------------  T H R E A D  ---------------

Current thread (0x000002b2fd095310):  JavaThread "C2 CompilerThread0" daemon [_thread_in_native, id=9632, stack(0x000000fea8300000,0x000000fea8400000) (1024K)]


Current CompileTask:
C2:  46606 4539   !   4       java.util.zip.InflaterInputStream::read (129 bytes)

Stack: [0x000000fea8300000,0x000000fea8400000]
Native frames: (J=compiled Java code, j=interpreted, Vv=VM code, C=native code)
V  [jvm.dll+0x6cae19]
V  [jvm.dll+0x855741]
V  [jvm.dll+0x857c6e]
V  [jvm.dll+0x858343]
V  [jvm.dll+0x27e0b6]
V  [jvm.dll+0xc4ecd]
V  [jvm.dll+0xc5403]
V  [jvm.dll+0x5d647a]
V  [jvm.dll+0x381e54]
V  [jvm.dll+0x38129a]
V  [jvm.dll+0x246b30]
V  [jvm.dll+0x24610f]
V  [jvm.dll+0x1c6efe]
V  [jvm.dll+0x255819]
V  [jvm.dll+0x253daa]
V  [jvm.dll+0x3eebb6]
V  [jvm.dll+0x7ffa1b]
V  [jvm.dll+0x6c94fd]
C  [ucrtbase.dll+0x21bb2]
C  [KERNEL32.DLL+0x17374]
C  [ntdll.dll+0x4cc91]


---------------  P R O C E S S  ---------------

Threads class SMR info:
_java_thread_list=0x000002b2fd47bf30, length=13, elements={
0x000002b2ec4cf960, 0x000002b2fd0896a0, 0x000002b2fd08a4a0, 0x000002b2fd08dff0,
0x000002b2fd08f0d0, 0x000002b2fd08fb20, 0x000002b2fd092580, 0x000002b2fd095310,
0x000002b2fd0962b0, 0x000002b2fd2f6020, 0x000002b2fd2f8850, 0x000002b2fe022fe0,
0x000002b2d41ff810
}

Java Threads: ( => current thread )
  0x000002b2ec4cf960 JavaThread "main"                              [_thread_in_native, id=20000, stack(0x000000fea7500000,0x000000fea7600000) (1024K)]
  0x000002b2fd0896a0 JavaThread "Reference Handler"          daemon [_thread_blocked, id=14652, stack(0x000000fea7d00000,0x000000fea7e00000) (1024K)]
  0x000002b2fd08a4a0 JavaThread "Finalizer"                  daemon [_thread_blocked, id=17200, stack(0x000000fea7e00000,0x000000fea7f00000) (1024K)]
  0x000002b2fd08dff0 JavaThread "Signal Dispatcher"          daemon [_thread_blocked, id=16232, stack(0x000000fea7f00000,0x000000fea8000000) (1024K)]
  0x000002b2fd08f0d0 JavaThread "Attach Listener"            daemon [_thread_blocked, id=14372, stack(0x000000fea8000000,0x000000fea8100000) (1024K)]
  0x000002b2fd08fb20 JavaThread "Service Thread"             daemon [_thread_blocked, id=10648, stack(0x000000fea8100000,0x000000fea8200000) (1024K)]
  0x000002b2fd092580 JavaThread "Monitor Deflation Thread"   daemon [_thread_blocked, id=21884, stack(0x000000fea8200000,0x000000fea8300000) (1024K)]
=>0x000002b2fd095310 JavaThread "C2 CompilerThread0"         daemon [_thread_in_native, id=9632, stack(0x000000fea8300000,0x000000fea8400000) (1024K)]
  0x000002b2fd0962b0 JavaThread "C1 CompilerThread0"         daemon [_thread_blocked, id=12144, stack(0x000000fea8400000,0x000000fea8500000) (1024K)]
  0x000002b2fd2f6020 JavaThread "Notification Thread"        daemon [_thread_blocked, id=20712, stack(0x000000fea8500000,0x000000fea8600000) (1024K)]
  0x000002b2fd2f8850 JavaThread "Common-Cleaner"             daemon [_thread_blocked, id=8128, stack(0x000000fea8600000,0x000000fea8700000) (1024K)]
  0x000002b2fe022fe0 JavaThread "Thread-1"                   daemon [_thread_blocked, id=260, stack(0x000000fea8700000,0x000000fea8800000) (1024K)]
  0x000002b2d41ff810 JavaThread "C2 CompilerThread1"         daemon [_thread_in_native, id=22000, stack(0x000000fea8f00000,0x000000fea9000000) (1024K)]
Total: 13

Other Threads:
  0x000002b2fd06e4e0 VMThread "VM Thread"                           [id=15672, stack(0x000000fea7c00000,0x000000fea7d00000) (1024K)]
  0x000002b2fd05de70 WatcherThread "VM Periodic Task Thread"        [id=21492, stack(0x000000fea7b00000,0x000000fea7c00000) (1024K)]
  0x000002b2ec63f600 WorkerThread "GC Thread#0"                     [id=11344, stack(0x000000fea7600000,0x000000fea7700000) (1024K)]
  0x000002b2fdfe9a80 WorkerThread "GC Thread#1"                     [id=14644, stack(0x000000fea8800000,0x000000fea8900000) (1024K)]
  0x000002b2fdfea900 WorkerThread "GC Thread#2"                     [id=8716, stack(0x000000fea8900000,0x000000fea8a00000) (1024K)]
  0x000002b2fdfeb040 WorkerThread "GC Thread#3"                     [id=19852, stack(0x000000fea8a00000,0x000000fea8b00000) (1024K)]
  0x000002b2fdfea560 WorkerThread "GC Thread#4"                     [id=2292, stack(0x000000fea8b00000,0x000000fea8c00000) (1024K)]
  0x000002b2fdfeaca0 WorkerThread "GC Thread#5"                     [id=20348, stack(0x000000fea8c00000,0x000000fea8d00000) (1024K)]
  0x000002b2fdfe96e0 WorkerThread "GC Thread#6"                     [id=13360, stack(0x000000fea8d00000,0x000000fea8e00000) (1024K)]
  0x000002b2fdfe9e20 WorkerThread "GC Thread#7"                     [id=21084, stack(0x000000fea8e00000,0x000000fea8f00000) (1024K)]
  0x000002b2ec64bd20 ConcurrentGCThread "G1 Main Marker"            [id=21920, stack(0x000000fea7700000,0x000000fea7800000) (1024K)]
  0x000002b2ec64c820 WorkerThread "G1 Conc#0"                       [id=19264, stack(0x000000fea7800000,0x000000fea7900000) (1024K)]
  0x000002b2fcf30090 ConcurrentGCThread "G1 Refine#0"               [id=19364, stack(0x000000fea7900000,0x000000fea7a00000) (1024K)]
  0x000002b2fcf30db0 ConcurrentGCThread "G1 Service"                [id=16552, stack(0x000000fea7a00000,0x000000fea7b00000) (1024K)]
Total: 14

Threads with active compile tasks:
C2 CompilerThread0    46681 4539   !   4       java.util.zip.InflaterInputStream::read (129 bytes)
C2 CompilerThread1    46681 4562       4       org.eclipse.aether.util.graph.transformer.ConflictResolver::gatherConflictItems (111 bytes)
Total: 2

VM state: not at safepoint (normal execution)

VM Mutex/Monitor currently owned by a thread: None

Heap address: 0x0000000748c00000, size: 2932 MB, Compressed Oops mode: Zero based, Oop shift amount: 3

CDS archive(s) mapped at: [0x000002b28f000000-0x000002b28fc90000-0x000002b28fc90000), size 13172736, SharedBaseAddress: 0x000002b28f000000, ArchiveRelocationMode: 1.
Compressed class space mapped at: 0x000002b290000000-0x000002b2d0000000, reserved size: 1073741824
Narrow klass base: 0x000002b28f000000, Narrow klass shift: 0, Narrow klass range: 0x100000000

GC Precious Log:
 CardTable entry size: 512
 Card Set container configuration: InlinePtr #cards 4 size 8 Array Of Cards #cards 16 size 48 Howl #buckets 8 coarsen threshold 3686 Howl Bitmap #cards 512 size 80 coarsen threshold 460 Card regions per heap region 1 cards per card region 4096
 CPUs: 8 total, 8 available
 Memory: 11723M
 Large Page Support: Disabled
 NUMA Support: Disabled
 Compressed Oops: Enabled (Zero based)
 Heap Region Size: 2M
 Heap Min Capacity: 8M
 Heap Initial Capacity: 184M
 Heap Max Capacity: 2932M
 Pre-touch: Disabled
 Parallel Workers: 8
 Concurrent Workers: 2
 Concurrent Refinement Workers: 8
 Periodic GC: Disabled

Heap:
 garbage-first heap   total 188416K, used 19952K [0x0000000748c00000, 0x0000000800000000)
  region size 2048K, 9 young (18432K), 6 survivors (12288K)
 Metaspace       used 16600K, committed 16896K, reserved 1114112K
  class space    used 1860K, committed 1984K, reserved 1048576K

Heap Regions: E=young(eden), S=young(survivor), O=old, HS=humongous(starts), HC=humongous(continues), CS=collection set, F=free, TAMS=top-at-mark-start, PB=parsable bottom
|   0|0x0000000748c00000, 0x0000000748e00000, 0x0000000748e00000|100%| O|  |TAMS 0x0000000748c00000| PB 0x0000000748c00000| Untracked 
|   1|0x0000000748e00000, 0x0000000748f87638, 0x0000000749000000| 76%| O|  |TAMS 0x0000000748e00000| PB 0x0000000748e00000| Untracked 
|   2|0x0000000749000000, 0x0000000749000000, 0x0000000749200000|  0%| F|  |TAMS 0x0000000749000000| PB 0x0000000749000000| Untracked 
|   3|0x0000000749200000, 0x0000000749200000, 0x0000000749400000|  0%| F|  |TAMS 0x0000000749200000| PB 0x0000000749200000| Untracked 
|   4|0x0000000749400000, 0x0000000749400000, 0x0000000749600000|  0%| F|  |TAMS 0x0000000749400000| PB 0x0000000749400000| Untracked 
|   5|0x0000000749600000, 0x0000000749600000, 0x0000000749800000|  0%| F|  |TAMS 0x0000000749600000| PB 0x0000000749600000| Untracked 
|   6|0x0000000749800000, 0x0000000749800000, 0x0000000749a00000|  0%| F|  |TAMS 0x0000000749800000| PB 0x0000000749800000| Untracked 
|   7|0x0000000749a00000, 0x0000000749a00000, 0x0000000749c00000|  0%| F|  |TAMS 0x0000000749a00000| PB 0x0000000749a00000| Untracked 
|   8|0x0000000749c00000, 0x0000000749c00000, 0x0000000749e00000|  0%| F|  |TAMS 0x0000000749c00000| PB 0x0000000749c00000| Untracked 
|   9|0x0000000749e00000, 0x0000000749e00000, 0x000000074a000000|  0%| F|  |TAMS 0x0000000749e00000| PB 0x0000000749e00000| Untracked 
|  10|0x000000074a000000, 0x000000074a000000, 0x000000074a200000|  0%| F|  |TAMS 0x000000074a000000| PB 0x000000074a000000| Untracked 
|  11|0x000000074a200000, 0x000000074a200000, 0x000000074a400000|  0%| F|  |TAMS 0x000000074a200000| PB 0x000000074a200000| Untracked 
|  12|0x000000074a400000, 0x000000074a400000, 0x000000074a600000|  0%| F|  |TAMS 0x000000074a400000| PB 0x000000074a400000| Untracked 
|  13|0x000000074a600000, 0x000000074a600000, 0x000000074a800000|  0%| F|  |TAMS 0x000000074a600000| PB 0x000000074a600000| Untracked 
|  14|0x000000074a800000, 0x000000074a800000, 0x000000074aa00000|  0%| F|  |TAMS 0x000000074a800000| PB 0x000000074a800000| Untracked 
|  15|0x000000074aa00000, 0x000000074aa00000, 0x000000074ac00000|  0%| F|  |TAMS 0x000000074aa00000| PB 0x000000074aa00000| Untracked 
|  16|0x000000074ac00000, 0x000000074ac00000, 0x000000074ae00000|  0%| F|  |TAMS 0x000000074ac00000| PB 0x000000074ac00000| Untracked 
|  17|0x000000074ae00000, 0x000000074ae00000, 0x000000074b000000|  0%| F|  |TAMS 0x000000074ae00000| PB 0x000000074ae00000| Untracked 
|  18|0x000000074b000000, 0x000000074b000000, 0x000000074b200000|  0%| F|  |TAMS 0x000000074b000000| PB 0x000000074b000000| Untracked 
|  19|0x000000074b200000, 0x000000074b200000, 0x000000074b400000|  0%| F|  |TAMS 0x000000074b200000| PB 0x000000074b200000| Untracked 
|  20|0x000000074b400000, 0x000000074b400000, 0x000000074b600000|  0%| F|  |TAMS 0x000000074b400000| PB 0x000000074b400000| Untracked 
|  21|0x000000074b600000, 0x000000074b600000, 0x000000074b800000|  0%| F|  |TAMS 0x000000074b600000| PB 0x000000074b600000| Untracked 
|  22|0x000000074b800000, 0x000000074b800000, 0x000000074ba00000|  0%| F|  |TAMS 0x000000074b800000| PB 0x000000074b800000| Untracked 
|  23|0x000000074ba00000, 0x000000074ba00000, 0x000000074bc00000|  0%| F|  |TAMS 0x000000074ba00000| PB 0x000000074ba00000| Untracked 
|  24|0x000000074bc00000, 0x000000074bc00000, 0x000000074be00000|  0%| F|  |TAMS 0x000000074bc00000| PB 0x000000074bc00000| Untracked 
|  25|0x000000074be00000, 0x000000074be00000, 0x000000074c000000|  0%| F|  |TAMS 0x000000074be00000| PB 0x000000074be00000| Untracked 
|  26|0x000000074c000000, 0x000000074c000000, 0x000000074c200000|  0%| F|  |TAMS 0x000000074c000000| PB 0x000000074c000000| Untracked 
|  27|0x000000074c200000, 0x000000074c200000, 0x000000074c400000|  0%| F|  |TAMS 0x000000074c200000| PB 0x000000074c200000| Untracked 
|  28|0x000000074c400000, 0x000000074c400000, 0x000000074c600000|  0%| F|  |TAMS 0x000000074c400000| PB 0x000000074c400000| Untracked 
|  29|0x000000074c600000, 0x000000074c600000, 0x000000074c800000|  0%| F|  |TAMS 0x000000074c600000| PB 0x000000074c600000| Untracked 
|  30|0x000000074c800000, 0x000000074c800000, 0x000000074ca00000|  0%| F|  |TAMS 0x000000074c800000| PB 0x000000074c800000| Untracked 
|  31|0x000000074ca00000, 0x000000074cbf4be0, 0x000000074cc00000| 97%| S|CS|TAMS 0x000000074ca00000| PB 0x000000074ca00000| Complete 
|  32|0x000000074cc00000, 0x000000074ce00000, 0x000000074ce00000|100%| S|CS|TAMS 0x000000074cc00000| PB 0x000000074cc00000| Complete 
|  33|0x000000074ce00000, 0x000000074d000000, 0x000000074d000000|100%| S|CS|TAMS 0x000000074ce00000| PB 0x000000074ce00000| Complete 
|  34|0x000000074d000000, 0x000000074d200000, 0x000000074d200000|100%| S|CS|TAMS 0x000000074d000000| PB 0x000000074d000000| Complete 
|  35|0x000000074d200000, 0x000000074d400000, 0x000000074d400000|100%| S|CS|TAMS 0x000000074d200000| PB 0x000000074d200000| Complete 
|  36|0x000000074d400000, 0x000000074d600000, 0x000000074d600000|100%| S|CS|TAMS 0x000000074d400000| PB 0x000000074d400000| Complete 
|  37|0x000000074d600000, 0x000000074d600000, 0x000000074d800000|  0%| F|  |TAMS 0x000000074d600000| PB 0x000000074d600000| Untracked 
|  38|0x000000074d800000, 0x000000074d800000, 0x000000074da00000|  0%| F|  |TAMS 0x000000074d800000| PB 0x000000074d800000| Untracked 
|  39|0x000000074da00000, 0x000000074da00000, 0x000000074dc00000|  0%| F|  |TAMS 0x000000074da00000| PB 0x000000074da00000| Untracked 
|  40|0x000000074dc00000, 0x000000074dc00000, 0x000000074de00000|  0%| F|  |TAMS 0x000000074dc00000| PB 0x000000074dc00000| Untracked 
|  41|0x000000074de00000, 0x000000074de00000, 0x000000074e000000|  0%| F|  |TAMS 0x000000074de00000| PB 0x000000074de00000| Untracked 
|  42|0x000000074e000000, 0x000000074e000000, 0x000000074e200000|  0%| F|  |TAMS 0x000000074e000000| PB 0x000000074e000000| Untracked 
|  43|0x000000074e200000, 0x000000074e200000, 0x000000074e400000|  0%| F|  |TAMS 0x000000074e200000| PB 0x000000074e200000| Untracked 
|  44|0x000000074e400000, 0x000000074e400000, 0x000000074e600000|  0%| F|  |TAMS 0x000000074e400000| PB 0x000000074e400000| Untracked 
|  45|0x000000074e600000, 0x000000074e600000, 0x000000074e800000|  0%| F|  |TAMS 0x000000074e600000| PB 0x000000074e600000| Untracked 
|  46|0x000000074e800000, 0x000000074e800000, 0x000000074ea00000|  0%| F|  |TAMS 0x000000074e800000| PB 0x000000074e800000| Untracked 
|  47|0x000000074ea00000, 0x000000074ea00000, 0x000000074ec00000|  0%| F|  |TAMS 0x000000074ea00000| PB 0x000000074ea00000| Untracked 
|  48|0x000000074ec00000, 0x000000074ec00000, 0x000000074ee00000|  0%| F|  |TAMS 0x000000074ec00000| PB 0x000000074ec00000| Untracked 
|  49|0x000000074ee00000, 0x000000074ee00000, 0x000000074f000000|  0%| F|  |TAMS 0x000000074ee00000| PB 0x000000074ee00000| Untracked 
|  50|0x000000074f000000, 0x000000074f000000, 0x000000074f200000|  0%| F|  |TAMS 0x000000074f000000| PB 0x000000074f000000| Untracked 
|  51|0x000000074f200000, 0x000000074f200000, 0x000000074f400000|  0%| F|  |TAMS 0x000000074f200000| PB 0x000000074f200000| Untracked 
|  52|0x000000074f400000, 0x000000074f400000, 0x000000074f600000|  0%| F|  |TAMS 0x000000074f400000| PB 0x000000074f400000| Untracked 
|  53|0x000000074f600000, 0x000000074f600000, 0x000000074f800000|  0%| F|  |TAMS 0x000000074f600000| PB 0x000000074f600000| Untracked 
|  54|0x000000074f800000, 0x000000074f800000, 0x000000074fa00000|  0%| F|  |TAMS 0x000000074f800000| PB 0x000000074f800000| Untracked 
|  55|0x000000074fa00000, 0x000000074fa00000, 0x000000074fc00000|  0%| F|  |TAMS 0x000000074fa00000| PB 0x000000074fa00000| Untracked 
|  56|0x000000074fc00000, 0x000000074fc00000, 0x000000074fe00000|  0%| F|  |TAMS 0x000000074fc00000| PB 0x000000074fc00000| Untracked 
|  57|0x000000074fe00000, 0x000000074fe00000, 0x0000000750000000|  0%| F|  |TAMS 0x000000074fe00000| PB 0x000000074fe00000| Untracked 
|  58|0x0000000750000000, 0x0000000750000000, 0x0000000750200000|  0%| F|  |TAMS 0x0000000750000000| PB 0x0000000750000000| Untracked 
|  59|0x0000000750200000, 0x0000000750200000, 0x0000000750400000|  0%| F|  |TAMS 0x0000000750200000| PB 0x0000000750200000| Untracked 
|  60|0x0000000750400000, 0x0000000750400000, 0x0000000750600000|  0%| F|  |TAMS 0x0000000750400000| PB 0x0000000750400000| Untracked 
|  61|0x0000000750600000, 0x0000000750600000, 0x0000000750800000|  0%| F|  |TAMS 0x0000000750600000| PB 0x0000000750600000| Untracked 
|  62|0x0000000750800000, 0x0000000750800000, 0x0000000750a00000|  0%| F|  |TAMS 0x0000000750800000| PB 0x0000000750800000| Untracked 
|  63|0x0000000750a00000, 0x0000000750a00000, 0x0000000750c00000|  0%| F|  |TAMS 0x0000000750a00000| PB 0x0000000750a00000| Untracked 
|  64|0x0000000750c00000, 0x0000000750c00000, 0x0000000750e00000|  0%| F|  |TAMS 0x0000000750c00000| PB 0x0000000750c00000| Untracked 
|  65|0x0000000750e00000, 0x0000000750e00000, 0x0000000751000000|  0%| F|  |TAMS 0x0000000750e00000| PB 0x0000000750e00000| Untracked 
|  66|0x0000000751000000, 0x0000000751000000, 0x0000000751200000|  0%| F|  |TAMS 0x0000000751000000| PB 0x0000000751000000| Untracked 
|  67|0x0000000751200000, 0x0000000751200000, 0x0000000751400000|  0%| F|  |TAMS 0x0000000751200000| PB 0x0000000751200000| Untracked 
|  68|0x0000000751400000, 0x0000000751400000, 0x0000000751600000|  0%| F|  |TAMS 0x0000000751400000| PB 0x0000000751400000| Untracked 
|  69|0x0000000751600000, 0x0000000751600000, 0x0000000751800000|  0%| F|  |TAMS 0x0000000751600000| PB 0x0000000751600000| Untracked 
|  70|0x0000000751800000, 0x0000000751800000, 0x0000000751a00000|  0%| F|  |TAMS 0x0000000751800000| PB 0x0000000751800000| Untracked 
|  71|0x0000000751a00000, 0x0000000751a00000, 0x0000000751c00000|  0%| F|  |TAMS 0x0000000751a00000| PB 0x0000000751a00000| Untracked 
|  72|0x0000000751c00000, 0x0000000751c00000, 0x0000000751e00000|  0%| F|  |TAMS 0x0000000751c00000| PB 0x0000000751c00000| Untracked 
|  73|0x0000000751e00000, 0x0000000751e00000, 0x0000000752000000|  0%| F|  |TAMS 0x0000000751e00000| PB 0x0000000751e00000| Untracked 
|  74|0x0000000752000000, 0x0000000752000000, 0x0000000752200000|  0%| F|  |TAMS 0x0000000752000000| PB 0x0000000752000000| Untracked 
|  75|0x0000000752200000, 0x0000000752200000, 0x0000000752400000|  0%| F|  |TAMS 0x0000000752200000| PB 0x0000000752200000| Untracked 
|  76|0x0000000752400000, 0x0000000752400000, 0x0000000752600000|  0%| F|  |TAMS 0x0000000752400000| PB 0x0000000752400000| Untracked 
|  77|0x0000000752600000, 0x0000000752600000, 0x0000000752800000|  0%| F|  |TAMS 0x0000000752600000| PB 0x0000000752600000| Untracked 
|  78|0x0000000752800000, 0x0000000752800000, 0x0000000752a00000|  0%| F|  |TAMS 0x0000000752800000| PB 0x0000000752800000| Untracked 
|  79|0x0000000752a00000, 0x0000000752a00000, 0x0000000752c00000|  0%| F|  |TAMS 0x0000000752a00000| PB 0x0000000752a00000| Untracked 
|  80|0x0000000752c00000, 0x0000000752c00000, 0x0000000752e00000|  0%| F|  |TAMS 0x0000000752c00000| PB 0x0000000752c00000| Untracked 
|  81|0x0000000752e00000, 0x0000000752e00000, 0x0000000753000000|  0%| F|  |TAMS 0x0000000752e00000| PB 0x0000000752e00000| Untracked 
|  82|0x0000000753000000, 0x0000000753000000, 0x0000000753200000|  0%| F|  |TAMS 0x0000000753000000| PB 0x0000000753000000| Untracked 
|  83|0x0000000753200000, 0x0000000753200000, 0x0000000753400000|  0%| F|  |TAMS 0x0000000753200000| PB 0x0000000753200000| Untracked 
|  84|0x0000000753400000, 0x0000000753400000, 0x0000000753600000|  0%| F|  |TAMS 0x0000000753400000| PB 0x0000000753400000| Untracked 
|  85|0x0000000753600000, 0x0000000753600000, 0x0000000753800000|  0%| F|  |TAMS 0x0000000753600000| PB 0x0000000753600000| Untracked 
|  86|0x0000000753800000, 0x0000000753800000, 0x0000000753a00000|  0%| F|  |TAMS 0x0000000753800000| PB 0x0000000753800000| Untracked 
|  87|0x0000000753a00000, 0x0000000753a00000, 0x0000000753c00000|  0%| F|  |TAMS 0x0000000753a00000| PB 0x0000000753a00000| Untracked 
|  88|0x0000000753c00000, 0x0000000753c00000, 0x0000000753e00000|  0%| F|  |TAMS 0x0000000753c00000| PB 0x0000000753c00000| Untracked 
|  89|0x0000000753e00000, 0x0000000754000000, 0x0000000754000000|100%| E|  |TAMS 0x0000000753e00000| PB 0x0000000753e00000| Complete 
|  90|0x0000000754000000, 0x0000000754200000, 0x0000000754200000|100%| E|CS|TAMS 0x0000000754000000| PB 0x0000000754000000| Complete 
|  91|0x0000000754200000, 0x0000000754400000, 0x0000000754400000|100%| E|CS|TAMS 0x0000000754200000| PB 0x0000000754200000| Complete 

Card table byte_map: [0x000002b2f72b0000,0x000002b2f7870000] _byte_map_base: 0x000002b2f386a000

Marking Bits: (CMBitMap*) 0x000002b2ec63fd00
 Bits: [0x000002b2f7870000, 0x000002b2fa640000)

Polling page: 0x000002b2ec6c0000

Metaspace:

Usage:
  Non-class:     14.39 MB used.
      Class:      1.82 MB used.
       Both:     16.21 MB used.

Virtual space:
  Non-class space:       64.00 MB reserved,      14.56 MB ( 23%) committed,  1 nodes.
      Class space:        1.00 GB reserved,       1.94 MB ( <1%) committed,  1 nodes.
             Both:        1.06 GB reserved,      16.50 MB (  2%) committed. 

Chunk freelists:
   Non-Class:  1.30 MB
       Class:  13.92 MB
        Both:  15.21 MB

MaxMetaspaceSize: unlimited
CompressedClassSpaceSize: 1.00 GB
Initial GC threshold: 21.00 MB
Current GC threshold: 21.00 MB
CDS: on
 - commit_granule_bytes: 65536.
 - commit_granule_words: 8192.
 - virtual_space_node_default_size: 8388608.
 - enlarge_chunks_in_place: 1.
 - use_allocation_guard: 0.


Internal statistics:

num_allocs_failed_limit: 0.
num_arena_births: 170.
num_arena_deaths: 0.
num_vsnodes_births: 2.
num_vsnodes_deaths: 0.
num_space_committed: 264.
num_space_uncommitted: 0.
num_chunks_returned_to_freelist: 0.
num_chunks_taken_from_freelist: 695.
num_chunk_merges: 0.
num_chunk_splits: 504.
num_chunks_enlarged: 423.
num_inconsistent_stats: 0.

CodeHeap 'non-profiled nmethods': size=120000Kb used=2350Kb max_used=2350Kb free=117649Kb
 bounds [0x000002b287ad0000, 0x000002b287d40000, 0x000002b28f000000]
CodeHeap 'profiled nmethods': size=120000Kb used=9825Kb max_used=9825Kb free=110174Kb
 bounds [0x000002b280000000, 0x000002b2809a0000, 0x000002b287530000]
CodeHeap 'non-nmethods': size=5760Kb used=1392Kb max_used=1461Kb free=4367Kb
 bounds [0x000002b287530000, 0x000002b2877a0000, 0x000002b287ad0000]
 total_blobs=5063 nmethods=4576 adapters=391
 compilation: enabled
              stopped_count=0, restarted_count=0
 full_count=0

Compilation events (20 events):
Event: 46.049 Thread 0x000002b2fd0962b0 4563       3       java.util.HashMap$KeySet::iterator (12 bytes)
Event: 46.050 Thread 0x000002b2fd0962b0 nmethod 4563 0x000002b28098e090 code [0x000002b28098e240, 0x000002b28098e450]
Event: 46.050 Thread 0x000002b2fd0962b0 4564       3       java.util.HashMap$KeyIterator::<init> (6 bytes)
Event: 46.050 Thread 0x000002b2fd0962b0 nmethod 4564 0x000002b28098e590 code [0x000002b28098e740, 0x000002b28098e878]
Event: 46.050 Thread 0x000002b2fd0962b0 4565   !   3       java.util.ArrayList$Itr::remove (68 bytes)
Event: 46.050 Thread 0x000002b2fd0962b0 nmethod 4565 0x000002b28098e910 code [0x000002b28098eb20, 0x000002b28098f0a8]
Event: 46.050 Thread 0x000002b2fd0962b0 4566       1       org.eclipse.aether.util.graph.transformer.ConflictResolver$ConflictItem::getNode (5 bytes)
Event: 46.050 Thread 0x000002b2fd0962b0 nmethod 4566 0x000002b287d19910 code [0x000002b287d19aa0, 0x000002b287d19b70]
Event: 46.050 Thread 0x000002b2fd0962b0 4567       1       org.eclipse.aether.graph.DefaultDependencyNode::getVersionConstraint (5 bytes)
Event: 46.050 Thread 0x000002b2fd0962b0 nmethod 4567 0x000002b287d19c10 code [0x000002b287d19da0, 0x000002b287d19e70]
Event: 46.050 Thread 0x000002b2fd0962b0 4568       1       org.eclipse.aether.graph.DefaultDependencyNode::getVersion (5 bytes)
Event: 46.051 Thread 0x000002b2fd0962b0 nmethod 4568 0x000002b287d19f10 code [0x000002b287d1a0a0, 0x000002b287d1a170]
Event: 46.051 Thread 0x000002b2fd0962b0 4570       1       org.eclipse.aether.util.graph.transformer.ConflictResolver$ConflictItem::getOptionalities (5 bytes)
Event: 46.051 Thread 0x000002b2fd0962b0 nmethod 4570 0x000002b287d1a210 code [0x000002b287d1a3a0, 0x000002b287d1a468]
Event: 46.054 Thread 0x000002b2fd0962b0 4574       3       java.util.IdentityHashMap::clear (39 bytes)
Event: 46.054 Thread 0x000002b2fd0962b0 nmethod 4574 0x000002b28098f310 code [0x000002b28098f4c0, 0x000002b28098f828]
Event: 46.057 Thread 0x000002b2fd0962b0 4575       3       org.eclipse.aether.util.graph.transformer.ConflictResolver$State::scopes (55 bytes)
Event: 46.057 Thread 0x000002b2fd0962b0 nmethod 4575 0x000002b28098f910 code [0x000002b28098fb00, 0x000002b280990140]
Event: 46.061 Thread 0x000002b2fd0962b0 4576       3       org.eclipse.aether.graph.DefaultDependencyNode::setRequestContext (18 bytes)
Event: 46.061 Thread 0x000002b2fd0962b0 nmethod 4576 0x000002b280990310 code [0x000002b2809904c0, 0x000002b2809906b8]

GC Heap History (6 events):
Event: 7.289 GC heap before
{Heap before GC invocations=0 (full 0):
 garbage-first heap   total 188416K, used 22528K [0x0000000748c00000, 0x0000000800000000)
  region size 2048K, 11 young (22528K), 0 survivors (0K)
 Metaspace       used 5617K, committed 5824K, reserved 1114112K
  class space    used 645K, committed 768K, reserved 1048576K
}
Event: 7.538 GC heap after
{Heap after GC invocations=1 (full 0):
 garbage-first heap   total 188416K, used 3840K [0x0000000748c00000, 0x0000000800000000)
  region size 2048K, 2 young (4096K), 2 survivors (4096K)
 Metaspace       used 5617K, committed 5824K, reserved 1114112K
  class space    used 645K, committed 768K, reserved 1048576K
}
Event: 14.180 GC heap before
{Heap before GC invocations=1 (full 0):
 garbage-first heap   total 188416K, used 36608K [0x0000000748c00000, 0x0000000800000000)
  region size 2048K, 18 young (36864K), 2 survivors (4096K)
 Metaspace       used 9863K, committed 10112K, reserved 1114112K
  class space    used 1154K, committed 1280K, reserved 1048576K
}
Event: 14.189 GC heap after
{Heap after GC invocations=2 (full 0):
 garbage-first heap   total 188416K, used 5544K [0x0000000748c00000, 0x0000000800000000)
  region size 2048K, 1 young (2048K), 1 survivors (2048K)
 Metaspace       used 9863K, committed 10112K, reserved 1114112K
  class space    used 1154K, committed 1280K, reserved 1048576K
}
Event: 45.800 GC heap before
{Heap before GC invocations=2 (full 0):
 garbage-first heap   total 188416K, used 114088K [0x0000000748c00000, 0x0000000800000000)
  region size 2048K, 55 young (112640K), 1 survivors (2048K)
 Metaspace       used 16449K, committed 16768K, reserved 1114112K
  class space    used 1849K, committed 1984K, reserved 1048576K
}
Event: 45.820 GC heap after
{Heap after GC invocations=3 (full 0):
 garbage-first heap   total 188416K, used 15856K [0x0000000748c00000, 0x0000000800000000)
  region size 2048K, 6 young (12288K), 6 survivors (12288K)
 Metaspace       used 16449K, committed 16768K, reserved 1114112K
  class space    used 1849K, committed 1984K, reserved 1048576K
}

Dll operation events (8 events):
Event: 0.677 Loaded shared library C:\Program Files\Java\jdk-21\bin\java.dll
Event: 1.133 Loaded shared library C:\Program Files\Java\jdk-21\bin\jsvml.dll
Event: 1.205 Loaded shared library C:\Program Files\Java\jdk-21\bin\net.dll
Event: 1.209 Loaded shared library C:\Program Files\Java\jdk-21\bin\nio.dll
Event: 1.216 Loaded shared library C:\Program Files\Java\jdk-21\bin\zip.dll
Event: 2.308 Loaded shared library C:\Users\2oleg\Downloads\apache-maven-3.9.11-bin\apache-maven-3.9.11\lib\jansi-native\Windows\x86_64\jansi.dll
Event: 2.588 Loaded shared library C:\Program Files\Java\jdk-21\bin\jimage.dll
Event: 2.600 Loaded shared library C:\Program Files\Java\jdk-21\bin\verify.dll

Deoptimization events (20 events):
Event: 45.305 Thread 0x000002b2ec4cf960 DEOPT PACKING pc=0x000002b287d0e1e8 sp=0x000000fea75fc930
Event: 45.305 Thread 0x000002b2ec4cf960 DEOPT UNPACKING pc=0x000002b2875846a2 sp=0x000000fea75fc8c8 mode 2
Event: 45.779 Thread 0x000002b2ec4cf960 DEOPT PACKING pc=0x000002b2800c4463 sp=0x000000fea75fc650
Event: 45.779 Thread 0x000002b2ec4cf960 DEOPT UNPACKING pc=0x000002b287584e42 sp=0x000000fea75fbb30 mode 0
Event: 45.823 Thread 0x000002b2fd2f8850 Uncommon trap: trap_request=0xffffff45 fr.pc=0x000002b287b4ac44 relative=0x00000000000001a4
Event: 45.823 Thread 0x000002b2fd2f8850 Uncommon trap: reason=unstable_if action=reinterpret pc=0x000002b287b4ac44 method=java.util.concurrent.locks.ReentrantLock$NonfairSync.initialTryLock()Z @ 25 c2
Event: 45.823 Thread 0x000002b2fd2f8850 DEOPT PACKING pc=0x000002b287b4ac44 sp=0x000000fea86fefd0
Event: 45.823 Thread 0x000002b2fd2f8850 DEOPT UNPACKING pc=0x000002b2875846a2 sp=0x000000fea86feeb8 mode 2
Event: 46.033 Thread 0x000002b2ec4cf960 Uncommon trap: trap_request=0xffffff45 fr.pc=0x000002b287c94f4c relative=0x000000000000028c
Event: 46.033 Thread 0x000002b2ec4cf960 Uncommon trap: reason=unstable_if action=reinterpret pc=0x000002b287c94f4c method=java.util.HashMap.getNode(Ljava/lang/Object;)Ljava/util/HashMap$Node; @ 57 c2
Event: 46.033 Thread 0x000002b2ec4cf960 DEOPT PACKING pc=0x000002b287c94f4c sp=0x000000fea75fdad0
Event: 46.033 Thread 0x000002b2ec4cf960 DEOPT UNPACKING pc=0x000002b2875846a2 sp=0x000000fea75fd9e0 mode 2
Event: 46.033 Thread 0x000002b2ec4cf960 Uncommon trap: trap_request=0xffffff45 fr.pc=0x000002b287c8f7bc relative=0x000000000000027c
Event: 46.033 Thread 0x000002b2ec4cf960 Uncommon trap: reason=unstable_if action=reinterpret pc=0x000002b287c8f7bc method=java.util.HashMap.getNode(Ljava/lang/Object;)Ljava/util/HashMap$Node; @ 57 c2
Event: 46.033 Thread 0x000002b2ec4cf960 DEOPT PACKING pc=0x000002b287c8f7bc sp=0x000000fea75fda60
Event: 46.033 Thread 0x000002b2ec4cf960 DEOPT UNPACKING pc=0x000002b2875846a2 sp=0x000000fea75fd9e0 mode 2
Event: 46.033 Thread 0x000002b2ec4cf960 Uncommon trap: trap_request=0xffffff45 fr.pc=0x000002b287b72450 relative=0x00000000000000b0
Event: 46.033 Thread 0x000002b2ec4cf960 Uncommon trap: reason=unstable_if action=reinterpret pc=0x000002b287b72450 method=java.util.HashMap.hash(Ljava/lang/Object;)I @ 1 c2
Event: 46.034 Thread 0x000002b2ec4cf960 DEOPT PACKING pc=0x000002b287b72450 sp=0x000000fea75fd9d0
Event: 46.034 Thread 0x000002b2ec4cf960 DEOPT UNPACKING pc=0x000002b2875846a2 sp=0x000000fea75fd968 mode 2

Classes loaded (20 events):
Event: 24.233 Loading class sun/nio/fs/WindowsException
Event: 24.234 Loading class sun/nio/fs/WindowsException done
Event: 24.234 Loading class sun/nio/fs/WindowsDirectoryStream
Event: 24.240 Loading class java/nio/file/DirectoryStream
Event: 24.241 Loading class java/nio/file/DirectoryStream done
Event: 24.241 Loading class sun/nio/fs/WindowsDirectoryStream done
Event: 24.241 Loading class java/nio/file/NoSuchFileException
Event: 24.245 Loading class java/nio/file/NoSuchFileException done
Event: 31.011 Loading class java/util/stream/MatchOps$MatchKind
Event: 31.011 Loading class java/util/stream/MatchOps$MatchKind done
Event: 31.011 Loading class java/util/stream/MatchOps
Event: 31.011 Loading class java/util/stream/MatchOps done
Event: 31.012 Loading class java/util/stream/MatchOps$MatchOp
Event: 31.012 Loading class java/util/stream/MatchOps$MatchOp done
Event: 31.012 Loading class java/util/stream/MatchOps$BooleanTerminalSink
Event: 31.012 Loading class java/util/stream/MatchOps$BooleanTerminalSink done
Event: 31.013 Loading class java/util/stream/MatchOps$1MatchSink
Event: 31.027 Loading class java/util/stream/MatchOps$1MatchSink done
Event: 43.033 Loading class sun/nio/cs/ISO_8859_1$Decoder
Event: 43.034 Loading class sun/nio/cs/ISO_8859_1$Decoder done

Classes unloaded (0 events):
No events

Classes redefined (0 events):
No events

Internal exceptions (20 events):
Event: 31.294 Thread 0x000002b2ec4cf960 Implicit null exception at 0x000002b287c29566 to 0x000002b287c2aef8
Event: 31.294 Thread 0x000002b2ec4cf960 Implicit null exception at 0x000002b287ba001b to 0x000002b287ba0214
Event: 31.295 Thread 0x000002b2ec4cf960 Implicit null exception at 0x000002b287c03189 to 0x000002b287c03a28
Event: 33.059 Thread 0x000002b2ec4cf960 Exception <a 'sun/nio/fs/WindowsException'{0x0000000750a693f8}> (0x0000000750a693f8) 
thrown [s\open\src\hotspot\share\prims\jni.cpp, line 520]
Event: 33.059 Thread 0x000002b2ec4cf960 Exception <a 'sun/nio/fs/WindowsException'{0x0000000750a696c8}> (0x0000000750a696c8) 
thrown [s\open\src\hotspot\share\prims\jni.cpp, line 520]
Event: 33.197 Thread 0x000002b2ec4cf960 Exception <a 'sun/nio/fs/WindowsException'{0x0000000750858820}> (0x0000000750858820) 
thrown [s\open\src\hotspot\share\prims\jni.cpp, line 520]
Event: 33.197 Thread 0x000002b2ec4cf960 Exception <a 'sun/nio/fs/WindowsException'{0x0000000750858b20}> (0x0000000750858b20) 
thrown [s\open\src\hotspot\share\prims\jni.cpp, line 520]
Event: 34.471 Thread 0x000002b2ec4cf960 Exception <a 'sun/nio/fs/WindowsException'{0x0000000750498138}> (0x0000000750498138) 
thrown [s\open\src\hotspot\share\prims\jni.cpp, line 520]
Event: 34.471 Thread 0x000002b2ec4cf960 Exception <a 'sun/nio/fs/WindowsException'{0x0000000750498450}> (0x0000000750498450) 
thrown [s\open\src\hotspot\share\prims\jni.cpp, line 520]
Event: 39.754 Thread 0x000002b2ec4cf960 Exception <a 'sun/nio/fs/WindowsException'{0x000000074ef4b230}> (0x000000074ef4b230) 
thrown [s\open\src\hotspot\share\prims\jni.cpp, line 520]
Event: 39.754 Thread 0x000002b2ec4cf960 Exception <a 'sun/nio/fs/WindowsException'{0x000000074ef4b4f0}> (0x000000074ef4b4f0) 
thrown [s\open\src\hotspot\share\prims\jni.cpp, line 520]
Event: 43.049 Thread 0x000002b2ec4cf960 Exception <a 'sun/nio/fs/WindowsException'{0x000000074dcde4e8}> (0x000000074dcde4e8) 
thrown [s\open\src\hotspot\share\prims\jni.cpp, line 520]
Event: 43.049 Thread 0x000002b2ec4cf960 Exception <a 'sun/nio/fs/WindowsException'{0x000000074dcde7e8}> (0x000000074dcde7e8) 
thrown [s\open\src\hotspot\share\prims\jni.cpp, line 520]
Event: 43.308 Thread 0x000002b2ec4cf960 Exception <a 'sun/nio/fs/WindowsException'{0x000000074ddfda50}> (0x000000074ddfda50) 
thrown [s\open\src\hotspot\share\prims\jni.cpp, line 520]
Event: 43.308 Thread 0x000002b2ec4cf960 Exception <a 'sun/nio/fs/WindowsException'{0x000000074ddfdd30}> (0x000000074ddfdd30) 
thrown [s\open\src\hotspot\share\prims\jni.cpp, line 520]
Event: 45.590 Thread 0x000002b2ec4cf960 Exception <a 'sun/nio/fs/WindowsException'{0x000000074d656580}> (0x000000074d656580) 
thrown [s\open\src\hotspot\share\prims\jni.cpp, line 520]
Event: 45.590 Thread 0x000002b2ec4cf960 Exception <a 'sun/nio/fs/WindowsException'{0x000000074d6568a0}> (0x000000074d6568a0) 
thrown [s\open\src\hotspot\share\prims\jni.cpp, line 520]
Event: 45.598 Thread 0x000002b2ec4cf960 Exception <a 'sun/nio/fs/WindowsException'{0x000000074d6b42f8}> (0x000000074d6b42f8) 
thrown [s\open\src\hotspot\share\prims\jni.cpp, line 520]
Event: 45.598 Thread 0x000002b2ec4cf960 Exception <a 'sun/nio/fs/WindowsException'{0x000000074d6b4640}> (0x000000074d6b4640) 
thrown [s\open\src\hotspot\share\prims\jni.cpp, line 520]
Event: 46.033 Thread 0x000002b2ec4cf960 Implicit null exception at 0x000002b287b723bd to 0x000002b287b72441

ZGC Phase Switch (0 events):
No events

VM Operations (20 events):
Event: 34.077 Executing VM operation: Cleanup
Event: 34.077 Executing VM operation: Cleanup done
Event: 35.077 Executing VM operation: Cleanup
Event: 35.078 Executing VM operation: Cleanup done
Event: 37.078 Executing VM operation: Cleanup
Event: 37.078 Executing VM operation: Cleanup done
Event: 38.080 Executing VM operation: Cleanup
Event: 38.080 Executing VM operation: Cleanup done
Event: 39.080 Executing VM operation: Cleanup
Event: 39.081 Executing VM operation: Cleanup done
Event: 40.081 Executing VM operation: Cleanup
Event: 40.082 Executing VM operation: Cleanup done
Event: 42.081 Executing VM operation: Cleanup
Event: 42.081 Executing VM operation: Cleanup done
Event: 43.082 Executing VM operation: Cleanup
Event: 43.296 Executing VM operation: Cleanup done
Event: 45.296 Executing VM operation: Cleanup
Event: 45.297 Executing VM operation: Cleanup done
Event: 45.800 Executing VM operation: G1CollectForAllocation (G1 Evacuation Pause)
Event: 45.821 Executing VM operation: G1CollectForAllocation (G1 Evacuation Pause) done

Events (20 events):
Event: 1.118 Thread 0x000002b2fd08a4a0 Thread added: 0x000002b2fd08a4a0
Event: 1.119 Thread 0x000002b2fd08dff0 Thread added: 0x000002b2fd08dff0
Event: 1.119 Thread 0x000002b2fd08f0d0 Thread added: 0x000002b2fd08f0d0
Event: 1.119 Thread 0x000002b2fd08fb20 Thread added: 0x000002b2fd08fb20
Event: 1.119 Thread 0x000002b2fd092580 Thread added: 0x000002b2fd092580
Event: 1.120 Thread 0x000002b2fd095310 Thread added: 0x000002b2fd095310
Event: 1.130 Thread 0x000002b2fd0962b0 Thread added: 0x000002b2fd0962b0
Event: 1.195 Thread 0x000002b2fd2f6020 Thread added: 0x000002b2fd2f6020
Event: 1.199 Thread 0x000002b2fd2f8850 Thread added: 0x000002b2fd2f8850
Event: 2.302 Thread 0x000002b2fd740d60 Thread added: 0x000002b2fd740d60
Event: 2.759 Thread 0x000002b2fd740d60 Thread exited: 0x000002b2fd740d60
Event: 7.024 Thread 0x000002b2fd112630 Thread added: 0x000002b2fd112630
Event: 7.546 Thread 0x000002b2fd112630 Thread exited: 0x000002b2fd112630
Event: 7.549 Thread 0x000002b2fd112630 Thread added: 0x000002b2fd112630
Event: 8.540 Thread 0x000002b2fd112630 Thread exited: 0x000002b2fd112630
Event: 18.863 Thread 0x000002b2fe022fe0 Thread added: 0x000002b2fe022fe0
Event: 31.413 Thread 0x000002b2fe16c8e0 Thread added: 0x000002b2fe16c8e0
Event: 31.593 Thread 0x000002b2fe16c8e0 Thread exited: 0x000002b2fe16c8e0
Event: 39.734 Thread 0x000002b2fde83070 Thread added: 0x000002b2fde83070
Event: 39.918 Thread 0x000002b2fde83070 Thread exited: 0x000002b2fde83070


Dynamic libraries:
0x00007ff6e7780000 - 0x00007ff6e7790000 	C:\Program Files\Java\jdk-21\bin\java.exe
0x00007ffde7a30000 - 0x00007ffde7c28000 	C:\WINDOWS\SYSTEM32\ntdll.dll
0x00007ffde6e80000 - 0x00007ffde6f42000 	C:\WINDOWS\System32\KERNEL32.DLL
0x00007ffde56c0000 - 0x00007ffde59b6000 	C:\WINDOWS\System32\KERNELBASE.dll
0x00007ffde51c0000 - 0x00007ffde52c0000 	C:\WINDOWS\System32\ucrtbase.dll
0x00007ffdc4f50000 - 0x00007ffdc4f69000 	C:\Program Files\Java\jdk-21\bin\jli.dll
0x00007ffde6a90000 - 0x00007ffde6b41000 	C:\WINDOWS\System32\ADVAPI32.dll
0x00007ffde7070000 - 0x00007ffde710e000 	C:\WINDOWS\System32\msvcrt.dll
0x00007ffde5d60000 - 0x00007ffde5dff000 	C:\WINDOWS\System32\sechost.dll
0x00007ffde6d60000 - 0x00007ffde6e80000 	C:\WINDOWS\System32\RPCRT4.dll
0x00007ffde59f0000 - 0x00007ffde5a17000 	C:\WINDOWS\System32\bcrypt.dll
0x00007ffde5b30000 - 0x00007ffde5cd1000 	C:\WINDOWS\System32\USER32.dll
0x00007ffde59c0000 - 0x00007ffde59e2000 	C:\WINDOWS\System32\win32u.dll
0x00007ffde67d0000 - 0x00007ffde67fb000 	C:\WINDOWS\System32\GDI32.dll
0x00007ffde54d0000 - 0x00007ffde55e9000 	C:\WINDOWS\System32\gdi32full.dll
0x00007ffde5120000 - 0x00007ffde51bd000 	C:\WINDOWS\System32\msvcp_win.dll
0x00007ffdd1f70000 - 0x00007ffdd220b000 	C:\WINDOWS\WinSxS\amd64_microsoft.windows.common-controls_6595b64144ccf1df_6.0.19041.6456_none_60b8a6cb71f64256\COMCTL32.dll
0x00007ffddee20000 - 0x00007ffddee2a000 	C:\WINDOWS\SYSTEM32\VERSION.dll
0x00007ffdbd2a0000 - 0x00007ffdbd2bb000 	C:\Program Files\Java\jdk-21\bin\VCRUNTIME140.dll
0x00007ffde7990000 - 0x00007ffde79bf000 	C:\WINDOWS\System32\IMM32.DLL
0x00007ffdca470000 - 0x00007ffdca47c000 	C:\Program Files\Java\jdk-21\bin\vcruntime140_1.dll
0x00007ffdb3a40000 - 0x00007ffdb3ace000 	C:\Program Files\Java\jdk-21\bin\msvcp140.dll
0x00007ffd8c9e0000 - 0x00007ffd8d6fa000 	C:\Program Files\Java\jdk-21\bin\server\jvm.dll
0x00007ffde4ef0000 - 0x00007ffde4f3b000 	C:\WINDOWS\SYSTEM32\POWRPROF.dll
0x00007ffde6800000 - 0x00007ffde686b000 	C:\WINDOWS\System32\WS2_32.dll
0x00007ffdc4e10000 - 0x00007ffdc4e37000 	C:\WINDOWS\SYSTEM32\WINMM.dll
0x00007ffde4ed0000 - 0x00007ffde4ee2000 	C:\WINDOWS\SYSTEM32\UMPDC.dll
0x00007ffde2de0000 - 0x00007ffde2df2000 	C:\WINDOWS\SYSTEM32\kernel.appcore.dll
0x00007ffdca310000 - 0x00007ffdca31a000 	C:\Program Files\Java\jdk-21\bin\jimage.dll
0x00007ffdd3a40000 - 0x00007ffdd3c41000 	C:\WINDOWS\SYSTEM32\DBGHELP.DLL
0x00007ffdd00c0000 - 0x00007ffdd00f4000 	C:\WINDOWS\SYSTEM32\dbgcore.DLL
0x00007ffde5090000 - 0x00007ffde5112000 	C:\WINDOWS\System32\bcryptPrimitives.dll
0x00007ffdbc9b0000 - 0x00007ffdbc9cf000 	C:\Program Files\Java\jdk-21\bin\java.dll
0x00007ffde5e00000 - 0x00007ffde6570000 	C:\WINDOWS\System32\SHELL32.dll
0x00007ffde30c0000 - 0x00007ffde3865000 	C:\WINDOWS\SYSTEM32\windows.storage.dll
0x00007ffde7580000 - 0x00007ffde78d4000 	C:\WINDOWS\System32\combase.dll
0x00007ffde49e0000 - 0x00007ffde4a0b000 	C:\WINDOWS\SYSTEM32\Wldp.dll
0x00007ffde69b0000 - 0x00007ffde6a7d000 	C:\WINDOWS\System32\OLEAUT32.dll
0x00007ffde78e0000 - 0x00007ffde798d000 	C:\WINDOWS\System32\SHCORE.dll
0x00007ffde5ce0000 - 0x00007ffde5d3b000 	C:\WINDOWS\System32\shlwapi.dll
0x00007ffde4fc0000 - 0x00007ffde4fe4000 	C:\WINDOWS\SYSTEM32\profapi.dll
0x00007ffdb2ad0000 - 0x00007ffdb2ba7000 	C:\Program Files\Java\jdk-21\bin\jsvml.dll
0x00007ffdca180000 - 0x00007ffdca190000 	C:\Program Files\Java\jdk-21\bin\net.dll
0x00007ffddeac0000 - 0x00007ffddebca000 	C:\WINDOWS\SYSTEM32\WINHTTP.dll
0x00007ffde46f0000 - 0x00007ffde475a000 	C:\WINDOWS\system32\mswsock.dll
0x00007ffdbc990000 - 0x00007ffdbc9a6000 	C:\Program Files\Java\jdk-21\bin\nio.dll
0x00007ffdbc4f0000 - 0x00007ffdbc508000 	C:\Program Files\Java\jdk-21\bin\zip.dll
0x00007ffdb5e10000 - 0x00007ffdb5e34000 	C:\Users\2oleg\Downloads\apache-maven-3.9.11-bin\apache-maven-3.9.11\lib\jansi-native\Windows\x86_64\jansi.dll
0x00007ffdca040000 - 0x00007ffdca050000 	C:\Program Files\Java\jdk-21\bin\verify.dll

dbghelp: loaded successfully - version: 4.0.5 - missing functions: none
symbol engine: initialized successfully - sym options: 0x614 - pdb path: .;C:\Program Files\Java\jdk-21\bin;C:\WINDOWS\SYSTEM32;C:\WINDOWS\WinSxS\amd64_microsoft.windows.common-controls_6595b64144ccf1df_6.0.19041.6456_none_60b8a6cb71f64256;C:\Program Files\Java\jdk-21\bin\server;C:\Users\2oleg\Downloads\apache-maven-3.9.11-bin\apache-maven-3.9.11\lib\jansi-native\Windows\x86_64

VM Arguments:
jvm_args: --enable-native-access=ALL-UNNAMED -Dclassworlds.conf=C:\Users\2oleg\Downloads\apache-maven-3.9.11-bin\apache-maven-3.9.11\bin\m2.conf -Dmaven.home=C:\Users\2oleg\Downloads\apache-maven-3.9.11-bin\apache-maven-3.9.11 -Dlibrary.jansi.path=C:\Users\2oleg\Downloads\apache-maven-3.9.11-bin\apache-maven-3.9.11\lib\jansi-native -Dmaven.multiModuleProjectDirectory=C:\Users\2oleg\Downloads\Telegram Desktop\Kefir\Backend\ApiGateWay 
java_command: org.codehaus.plexus.classworlds.launcher.Launcher spring-boot:run -Dserver.port=8080 -DskipTests
java_class_path (initial): C:\Users\2oleg\Downloads\apache-maven-3.9.11-bin\apache-maven-3.9.11\boot\plexus-classworlds-2.9.0.jar
Launcher Type: SUN_STANDARD

[Global flags]
     intx CICompilerCount                          = 4                                         {product} {ergonomic}
     uint ConcGCThreads                            = 2                                         {product} {ergonomic}
     uint G1ConcRefinementThreads                  = 8                                         {product} {ergonomic}
   size_t G1HeapRegionSize                         = 2097152                                   {product} {ergonomic}
    uintx GCDrainStackTargetSize                   = 64                                        {product} {ergonomic}
   size_t InitialHeapSize                          = 192937984                                 {product} {ergonomic}
   size_t MarkStackSize                            = 4194304                                   {product} {ergonomic}
   size_t MaxHeapSize                              = 3074424832                                {product} {ergonomic}
   size_t MaxNewSize                               = 1843396608                                {product} {ergonomic}
   size_t MinHeapDeltaBytes                        = 2097152                                   {product} {ergonomic}
   size_t MinHeapSize                              = 8388608                                   {product} {ergonomic}
    uintx NonNMethodCodeHeapSize                   = 5839372                                {pd product} {ergonomic}
    uintx NonProfiledCodeHeapSize                  = 122909434                              {pd product} {ergonomic}
    uintx ProfiledCodeHeapSize                     = 122909434                              {pd product} {ergonomic}
    uintx ReservedCodeCacheSize                    = 251658240                              {pd product} {ergonomic}
     bool SegmentedCodeCache                       = true                                      {product} {ergonomic}
   size_t SoftMaxHeapSize                          = 3074424832                             {manageable} {ergonomic}
     bool UseCompressedOops                        = true                           {product lp64_product} {ergonomic}
     bool UseG1GC                                  = true                                      {product} {ergonomic}
     bool UseLargePagesIndividualAllocation        = false                                  {pd product} {ergonomic}

Logging:
Log output configuration:
 #0: stdout all=warning uptime,level,tags foldmultilines=false
 #1: stderr all=off uptime,level,tags foldmultilines=false

Environment Variables:
JAVA_HOME=C:\Program Files\Java\jdk-21
PATH=C:\Program Files\Common Files\Oracle\Java\javapath;C:\Program Files (x86)\Cuminas\Document Express DjVu Plug-in\;C:\Program Files (x86)\Razer Chroma SDK\bin;C:\Program Files\Razer Chroma SDK\bin;C:\WINDOWS\system32;C:\WINDOWS;C:\WINDOWS\System32\Wbem;C:\WINDOWS\System32\WindowsPowerShell\v1.0\;C:\WINDOWS\System32\OpenSSH\;C:\Program Files (x86)\NVIDIA Corporation\PhysX\Common;C:\WINDOWS\system32\config\systemprofile\AppData\Local\Microsoft\WindowsApps;C:\Program Files (x86)\Razer\ChromaBroadcast\bin;C:\Program Files\Razer\ChromaBroadcast\bin;C:\Users\2oleg\AppData\Local\Microsoft\WindowsApps;C:\Program Files\JetBrains\IntelliJ IDEA Community Edition 2024.3\bin;C:\Users\2oleg\AppData\Local\Programs\Microsoft VS Code\bin;C:\Program Files\Docker\Docker\resources\bin;C:\Users\2oleg\Downloads\curl-8.16.0_6-win64-mingw.zip\curl-8.16.0_6-win64-mingw\bin;C:\Users\2oleg\Downloads\curl-8.16.0_6-win64-mingw\curl-8.16.0_6-win64-mingw\bin;C:\Users\2oleg\Downloads\apache-maven-3.9.11-bin\apache-maven-3.9.11\bin;C:\ProgramData\chocolatey\bin;C:\Users\2oleg\AppData\Roaming\Cloud Foundry;C:\Program Files\Git\cmd;C:\Program Files\nodejs\;C:\Users\2oleg\AppData\Local\Muse Hub\lib;C:\Users\2oleg\AppData\Local\Microsoft\WindowsApps;C:\Program Files\JetBrains\IntelliJ IDEA Community Edition 2025.2.4\bin;C:\Users\2oleg\AppData\Local\Programs\Microsoft VS Code\bin;C:\Program Files\jq.exe;C:\Users\2oleg\AppData\Local\Microsoft\WinGet\Packages\jqlang.jq_Microsoft.Winget.Source_8wekyb3d8bbwe;C:\Program Files\Java\jdk-24;C:\Users\2oleg\Downloads\gradle-9.0.0-bin\gradle-9.0.0\bin;C:\Program Files\Docker\Docker\resources\bin;C:\Users\2oleg\AppData\Local\GitHubDesktop\bin;C:\Users\2oleg\AppData\Roaming\npm
USERNAME=2oleg
OS=Windows_NT
PROCESSOR_IDENTIFIER=Intel64 Family 6 Model 60 Stepping 3, GenuineIntel
TMP=C:\Users\2oleg\AppData\Local\Temp
TEMP=C:\Users\2oleg\AppData\Local\Temp




Periodic native trim disabled

---------------  S Y S T E M  ---------------

OS:
 Windows 10 , 64 bit Build 19041 (10.0.19041.5915)
OS uptime: 0 days 9:19 hours
Hyper-V role detected

CPU: total 8 (initial active 8) (4 cores per cpu, 2 threads per core) family 6 model 60 stepping 3 microcode 0x27, cx8, cmov, fxsr, ht, mmx, sse, sse2, sse3, ssse3, sse4.1, sse4.2, popcnt, lzcnt, tsc, tscinvbit, avx, avx2, aes, erms, clmul, bmi1, bmi2, fma, vzeroupper, clflush, hv, rdtscp, f16c
Processor Information for all 8 processors :
  Max Mhz: 2401, Current Mhz: 2401, Mhz Limit: 2401

Memory: 4k page, system-wide physical 11723M (764M free)
TotalPageFile size 23723M (AvailPageFile size 790M)
current process WorkingSet (physical memory assigned to process): 212M, peak: 212M
current process commit charge ("private bytes"): 314M, peak: 324M

vm_info: Java HotSpot(TM) 64-Bit Server VM (21.0.7+8-LTS-245) for windows-amd64 JRE (21.0.7+8-LTS-245), built on 2025-02-21T05:11:27Z by "mach5one" with MS VC++ 17.6 (VS2022)

END.
