#
# There is insufficient memory for the Java Runtime Environment to continue.
# Native memory allocation (malloc) failed to allocate 1693936 bytes for Chunk::new
# Possible reasons:
#   The system is out of physical RAM or swap space
#   The process is running with CompressedOops enabled, and the Java Heap may be blocking the growth of the native heap
# Possible solutions:
#   Reduce memory load on the system
#   Increase physical memory or swap space
#   Check if swap backing store is full
#   Decrease Java heap size (-Xmx/-Xms)
#   Decrease number of Java threads
#   Decrease Java thread stack sizes (-Xss)
#   Set larger code cache with -XX:ReservedCodeCacheSize=
#   JVM is running with Zero Based Compressed Oops mode in which the Java heap is
#     placed in the first 32GB address space. The Java Heap base address is the
#     maximum limit for the native heap growth. Please use -XX:HeapBaseMinAddress
#     to set the Java Heap base and to place the Java Heap above 32GB virtual address.
# This output file may be truncated or incomplete.
#
#  Out of Memory Error (arena.cpp:168), pid=13992, tid=9052
#
# JRE version: Java(TM) SE Runtime Environment (21.0.7+8) (build 21.0.7+8-LTS-245)
# Java VM: Java HotSpot(TM) 64-Bit Server VM (21.0.7+8-LTS-245, mixed mode, sharing, tiered, compressed oops, compressed class ptrs, g1 gc, windows-amd64)
# No core dump will be written. Minidumps are not enabled by default on client versions of Windows
#

---------------  S U M M A R Y ------------

Command Line: --enable-native-access=ALL-UNNAMED -Dclassworlds.conf=C:\Users\2oleg\Downloads\apache-maven-3.9.11-bin\apache-maven-3.9.11\bin\m2.conf -Dmaven.home=C:\Users\2oleg\Downloads\apache-maven-3.9.11-bin\apache-maven-3.9.11 -Dlibrary.jansi.path=C:\Users\2oleg\Downloads\apache-maven-3.9.11-bin\apache-maven-3.9.11\lib\jansi-native -Dmaven.multiModuleProjectDirectory=C:\Users\2oleg\Downloads\Telegram Desktop\Kefir\Backend\ApiGateWay org.codehaus.plexus.classworlds.launcher.Launcher spring-boot:run -Dserver.port=8080 -DskipTests

Host: Intel(R) Core(TM) i7-4700HQ CPU @ 2.40GHz, 8 cores, 11G,  Windows 10 , 64 bit Build 19041 (10.0.19041.5915)
Time: Wed Dec 17 04:58:56 2025 RTZ 2 (s 10 , 64 bit Build 19041 (10.0.19041.5915) elapsed time: 32.719310 seconds (0d 0h 0m 32s)

---------------  T H R E A D  ---------------

Current thread (0x000002167fc837a0):  JavaThread "C2 CompilerThread0" daemon [_thread_in_native, id=9052, stack(0x0000001b03800000,0x0000001b03900000) (1024K)]


Current CompileTask:
C2:  32719 4004   !   4       org.codehaus.plexus.interpolation.StringSearchInterpolator::interpolate (692 bytes)

Stack: [0x0000001b03800000,0x0000001b03900000]
Native frames: (J=compiled Java code, j=interpreted, Vv=VM code, C=native code)
V  [jvm.dll+0x6cae19]
V  [jvm.dll+0x855741]
V  [jvm.dll+0x857c6e]
V  [jvm.dll+0x858343]
V  [jvm.dll+0x27e0b6]
V  [jvm.dll+0xc4ecd]
V  [jvm.dll+0xc5403]
V  [jvm.dll+0x3b5752]
V  [jvm.dll+0x381e25]
V  [jvm.dll+0x38129a]
V  [jvm.dll+0x246b30]
V  [jvm.dll+0x24610f]
V  [jvm.dll+0x1c6efe]
V  [jvm.dll+0x255819]
V  [jvm.dll+0x253daa]
V  [jvm.dll+0x3eebb6]
V  [jvm.dll+0x7ffa1b]
V  [jvm.dll+0x6c94fd]
C  [ucrtbase.dll+0x21bb2]
C  [KERNEL32.DLL+0x17374]
C  [ntdll.dll+0x4cc91]


---------------  P R O C E S S  ---------------

Threads class SMR info:
_java_thread_list=0x000002161a940f10, length=13, elements={
0x000002167a274580, 0x000002167fc78050, 0x000002167fc79cb0, 0x000002167fc7c710,
0x000002167fc7d160, 0x000002167fc7dbb0, 0x000002167fc7e600, 0x000002167fc837a0,
0x000002167fc849d0, 0x000002161a30cbd0, 0x000002161a30f400, 0x00000216600f19a0,
0x0000021660550a80
}

Java Threads: ( => current thread )
  0x000002167a274580 JavaThread "main"                              [_thread_in_native, id=12436, stack(0x0000001b02a00000,0x0000001b02b00000) (1024K)]
  0x000002167fc78050 JavaThread "Reference Handler"          daemon [_thread_blocked, id=16172, stack(0x0000001b03200000,0x0000001b03300000) (1024K)]
  0x000002167fc79cb0 JavaThread "Finalizer"                  daemon [_thread_blocked, id=22544, stack(0x0000001b03300000,0x0000001b03400000) (1024K)]
  0x000002167fc7c710 JavaThread "Signal Dispatcher"          daemon [_thread_blocked, id=1104, stack(0x0000001b03400000,0x0000001b03500000) (1024K)]
  0x000002167fc7d160 JavaThread "Attach Listener"            daemon [_thread_blocked, id=18452, stack(0x0000001b03500000,0x0000001b03600000) (1024K)]
  0x000002167fc7dbb0 JavaThread "Service Thread"             daemon [_thread_blocked, id=18000, stack(0x0000001b03600000,0x0000001b03700000) (1024K)]
  0x000002167fc7e600 JavaThread "Monitor Deflation Thread"   daemon [_thread_blocked, id=11964, stack(0x0000001b03700000,0x0000001b03800000) (1024K)]
=>0x000002167fc837a0 JavaThread "C2 CompilerThread0"         daemon [_thread_in_native, id=9052, stack(0x0000001b03800000,0x0000001b03900000) (1024K)]
  0x000002167fc849d0 JavaThread "C1 CompilerThread0"         daemon [_thread_blocked, id=10392, stack(0x0000001b03900000,0x0000001b03a00000) (1024K)]
  0x000002161a30cbd0 JavaThread "Notification Thread"        daemon [_thread_blocked, id=22944, stack(0x0000001b03a00000,0x0000001b03b00000) (1024K)]
  0x000002161a30f400 JavaThread "Common-Cleaner"             daemon [_thread_blocked, id=22224, stack(0x0000001b03b00000,0x0000001b03c00000) (1024K)]
  0x00000216600f19a0 JavaThread "Thread-1"                   daemon [_thread_blocked, id=10564, stack(0x0000001b04300000,0x0000001b04400000) (1024K)]
  0x0000021660550a80 JavaThread "C2 CompilerThread1"         daemon [_thread_in_native, id=22132, stack(0x0000001b02700000,0x0000001b02800000) (1024K)]
Total: 13

Other Threads:
  0x000002167fc5ee00 VMThread "VM Thread"                           [id=23116, stack(0x0000001b03100000,0x0000001b03200000) (1024K)]
  0x000002167fc4a520 WatcherThread "VM Periodic Task Thread"        [id=19848, stack(0x0000001b03000000,0x0000001b03100000) (1024K)]
  0x000002167c35dc40 WorkerThread "GC Thread#0"                     [id=19632, stack(0x0000001b02b00000,0x0000001b02c00000) (1024K)]
  0x000002161a47b930 WorkerThread "GC Thread#1"                     [id=17200, stack(0x0000001b03c00000,0x0000001b03d00000) (1024K)]
  0x000002161ae81940 WorkerThread "GC Thread#2"                     [id=24496, stack(0x0000001b03d00000,0x0000001b03e00000) (1024K)]
  0x000002161ae81ce0 WorkerThread "GC Thread#3"                     [id=6184, stack(0x0000001b03e00000,0x0000001b03f00000) (1024K)]
  0x000002161abde070 WorkerThread "GC Thread#4"                     [id=23360, stack(0x0000001b03f00000,0x0000001b04000000) (1024K)]
  0x000002161ab2a470 WorkerThread "GC Thread#5"                     [id=17180, stack(0x0000001b04000000,0x0000001b04100000) (1024K)]
  0x000002161ab2a810 WorkerThread "GC Thread#6"                     [id=17540, stack(0x0000001b04100000,0x0000001b04200000) (1024K)]
  0x000002161ab2abb0 WorkerThread "GC Thread#7"                     [id=3696, stack(0x0000001b04200000,0x0000001b04300000) (1024K)]
  0x000002167c36a360 ConcurrentGCThread "G1 Main Marker"            [id=22408, stack(0x0000001b02c00000,0x0000001b02d00000) (1024K)]
  0x000002167c36ae60 WorkerThread "G1 Conc#0"                       [id=21884, stack(0x0000001b02d00000,0x0000001b02e00000) (1024K)]
  0x000002167fb20090 ConcurrentGCThread "G1 Refine#0"               [id=23292, stack(0x0000001b02e00000,0x0000001b02f00000) (1024K)]
  0x000002167fb20db0 ConcurrentGCThread "G1 Service"                [id=10468, stack(0x0000001b02f00000,0x0000001b03000000) (1024K)]
Total: 14

Threads with active compile tasks:
C2 CompilerThread0    32752 4004   !   4       org.codehaus.plexus.interpolation.StringSearchInterpolator::interpolate (692 bytes)
C2 CompilerThread1    32752 4192       4       sun.nio.cs.UTF_8$Decoder::decodeArrayLoop (688 bytes)
Total: 2

VM state: not at safepoint (normal execution)

VM Mutex/Monitor currently owned by a thread:  ([mutex/lock_event])
[0x00007ffd8d61c9d0] MethodCompileQueue_lock - owner thread: 0x0000000000000000

Heap address: 0x0000000748c00000, size: 2932 MB, Compressed Oops mode: Zero based, Oop shift amount: 3

CDS archive(s) mapped at: [0x000002161b000000-0x000002161bc90000-0x000002161bc90000), size 13172736, SharedBaseAddress: 0x000002161b000000, ArchiveRelocationMode: 1.
Compressed class space mapped at: 0x000002161c000000-0x000002165c000000, reserved size: 1073741824
Narrow klass base: 0x000002161b000000, Narrow klass shift: 0, Narrow klass range: 0x100000000

GC Precious Log:
 CardTable entry size: 512
 Card Set container configuration: InlinePtr #cards 4 size 8 Array Of Cards #cards 16 size 48 Howl #buckets 8 coarsen threshold 3686 Howl Bitmap #cards 512 size 80 coarsen threshold 460 Card regions per heap region 1 cards per card region 4096
 CPUs: 8 total, 8 available
 Memory: 11723M
 Large Page Support: Disabled
 NUMA Support: Disabled
 Compressed Oops: Enabled (Zero based)
 Heap Region Size: 2M
 Heap Min Capacity: 8M
 Heap Initial Capacity: 184M
 Heap Max Capacity: 2932M
 Pre-touch: Disabled
 Parallel Workers: 8
 Concurrent Workers: 2
 Concurrent Refinement Workers: 8
 Periodic GC: Disabled

Heap:
 garbage-first heap   total 188416K, used 93475K [0x0000000748c00000, 0x0000000800000000)
  region size 2048K, 45 young (92160K), 1 survivors (2048K)
 Metaspace       used 16226K, committed 16512K, reserved 1114112K
  class space    used 1845K, committed 1984K, reserved 1048576K

Heap Regions: E=young(eden), S=young(survivor), O=old, HS=humongous(starts), HC=humongous(continues), CS=collection set, F=free, TAMS=top-at-mark-start, PB=parsable bottom
|   0|0x0000000748c00000, 0x0000000748e00000, 0x0000000748e00000|100%| O|  |TAMS 0x0000000748c00000| PB 0x0000000748c00000| Untracked 
|   1|0x0000000748e00000, 0x0000000748f80510, 0x0000000749000000| 75%| O|  |TAMS 0x0000000748e00000| PB 0x0000000748e00000| Untracked 
|   2|0x0000000749000000, 0x0000000749000000, 0x0000000749200000|  0%| F|  |TAMS 0x0000000749000000| PB 0x0000000749000000| Untracked 
|   3|0x0000000749200000, 0x0000000749200000, 0x0000000749400000|  0%| F|  |TAMS 0x0000000749200000| PB 0x0000000749200000| Untracked 
|   4|0x0000000749400000, 0x0000000749400000, 0x0000000749600000|  0%| F|  |TAMS 0x0000000749400000| PB 0x0000000749400000| Untracked 
|   5|0x0000000749600000, 0x0000000749600000, 0x0000000749800000|  0%| F|  |TAMS 0x0000000749600000| PB 0x0000000749600000| Untracked 
|   6|0x0000000749800000, 0x0000000749800000, 0x0000000749a00000|  0%| F|  |TAMS 0x0000000749800000| PB 0x0000000749800000| Untracked 
|   7|0x0000000749a00000, 0x0000000749a00000, 0x0000000749c00000|  0%| F|  |TAMS 0x0000000749a00000| PB 0x0000000749a00000| Untracked 
|   8|0x0000000749c00000, 0x0000000749c00000, 0x0000000749e00000|  0%| F|  |TAMS 0x0000000749c00000| PB 0x0000000749c00000| Untracked 
|   9|0x0000000749e00000, 0x0000000749e00000, 0x000000074a000000|  0%| F|  |TAMS 0x0000000749e00000| PB 0x0000000749e00000| Untracked 
|  10|0x000000074a000000, 0x000000074a000000, 0x000000074a200000|  0%| F|  |TAMS 0x000000074a000000| PB 0x000000074a000000| Untracked 
|  11|0x000000074a200000, 0x000000074a200000, 0x000000074a400000|  0%| F|  |TAMS 0x000000074a200000| PB 0x000000074a200000| Untracked 
|  12|0x000000074a400000, 0x000000074a400000, 0x000000074a600000|  0%| F|  |TAMS 0x000000074a400000| PB 0x000000074a400000| Untracked 
|  13|0x000000074a600000, 0x000000074a600000, 0x000000074a800000|  0%| F|  |TAMS 0x000000074a600000| PB 0x000000074a600000| Untracked 
|  14|0x000000074a800000, 0x000000074a800000, 0x000000074aa00000|  0%| F|  |TAMS 0x000000074a800000| PB 0x000000074a800000| Untracked 
|  15|0x000000074aa00000, 0x000000074aa00000, 0x000000074ac00000|  0%| F|  |TAMS 0x000000074aa00000| PB 0x000000074aa00000| Untracked 
|  16|0x000000074ac00000, 0x000000074ac00000, 0x000000074ae00000|  0%| F|  |TAMS 0x000000074ac00000| PB 0x000000074ac00000| Untracked 
|  17|0x000000074ae00000, 0x000000074ae00000, 0x000000074b000000|  0%| F|  |TAMS 0x000000074ae00000| PB 0x000000074ae00000| Untracked 
|  18|0x000000074b000000, 0x000000074b000000, 0x000000074b200000|  0%| F|  |TAMS 0x000000074b000000| PB 0x000000074b000000| Untracked 
|  19|0x000000074b200000, 0x000000074b200000, 0x000000074b400000|  0%| F|  |TAMS 0x000000074b200000| PB 0x000000074b200000| Untracked 
|  20|0x000000074b400000, 0x000000074b400000, 0x000000074b600000|  0%| F|  |TAMS 0x000000074b400000| PB 0x000000074b400000| Untracked 
|  21|0x000000074b600000, 0x000000074b600000, 0x000000074b800000|  0%| F|  |TAMS 0x000000074b600000| PB 0x000000074b600000| Untracked 
|  22|0x000000074b800000, 0x000000074b800000, 0x000000074ba00000|  0%| F|  |TAMS 0x000000074b800000| PB 0x000000074b800000| Untracked 
|  23|0x000000074ba00000, 0x000000074ba00000, 0x000000074bc00000|  0%| F|  |TAMS 0x000000074ba00000| PB 0x000000074ba00000| Untracked 
|  24|0x000000074bc00000, 0x000000074bc00000, 0x000000074be00000|  0%| F|  |TAMS 0x000000074bc00000| PB 0x000000074bc00000| Untracked 
|  25|0x000000074be00000, 0x000000074be00000, 0x000000074c000000|  0%| F|  |TAMS 0x000000074be00000| PB 0x000000074be00000| Untracked 
|  26|0x000000074c000000, 0x000000074c000000, 0x000000074c200000|  0%| F|  |TAMS 0x000000074c000000| PB 0x000000074c000000| Untracked 
|  27|0x000000074c200000, 0x000000074c200000, 0x000000074c400000|  0%| F|  |TAMS 0x000000074c200000| PB 0x000000074c200000| Untracked 
|  28|0x000000074c400000, 0x000000074c400000, 0x000000074c600000|  0%| F|  |TAMS 0x000000074c400000| PB 0x000000074c400000| Untracked 
|  29|0x000000074c600000, 0x000000074c600000, 0x000000074c800000|  0%| F|  |TAMS 0x000000074c600000| PB 0x000000074c600000| Untracked 
|  30|0x000000074c800000, 0x000000074c800000, 0x000000074ca00000|  0%| F|  |TAMS 0x000000074c800000| PB 0x000000074c800000| Untracked 
|  31|0x000000074ca00000, 0x000000074ca00000, 0x000000074cc00000|  0%| F|  |TAMS 0x000000074ca00000| PB 0x000000074ca00000| Untracked 
|  32|0x000000074cc00000, 0x000000074cc00000, 0x000000074ce00000|  0%| F|  |TAMS 0x000000074cc00000| PB 0x000000074cc00000| Untracked 
|  33|0x000000074ce00000, 0x000000074ce00000, 0x000000074d000000|  0%| F|  |TAMS 0x000000074ce00000| PB 0x000000074ce00000| Untracked 
|  34|0x000000074d000000, 0x000000074d000000, 0x000000074d200000|  0%| F|  |TAMS 0x000000074d000000| PB 0x000000074d000000| Untracked 
|  35|0x000000074d200000, 0x000000074d200000, 0x000000074d400000|  0%| F|  |TAMS 0x000000074d200000| PB 0x000000074d200000| Untracked 
|  36|0x000000074d400000, 0x000000074d400000, 0x000000074d600000|  0%| F|  |TAMS 0x000000074d400000| PB 0x000000074d400000| Untracked 
|  37|0x000000074d600000, 0x000000074d600000, 0x000000074d800000|  0%| F|  |TAMS 0x000000074d600000| PB 0x000000074d600000| Untracked 
|  38|0x000000074d800000, 0x000000074d800000, 0x000000074da00000|  0%| F|  |TAMS 0x000000074d800000| PB 0x000000074d800000| Untracked 
|  39|0x000000074da00000, 0x000000074da00000, 0x000000074dc00000|  0%| F|  |TAMS 0x000000074da00000| PB 0x000000074da00000| Untracked 
|  40|0x000000074dc00000, 0x000000074dc00000, 0x000000074de00000|  0%| F|  |TAMS 0x000000074dc00000| PB 0x000000074dc00000| Untracked 
|  41|0x000000074de00000, 0x000000074de00000, 0x000000074e000000|  0%| F|  |TAMS 0x000000074de00000| PB 0x000000074de00000| Untracked 
|  42|0x000000074e000000, 0x000000074e000000, 0x000000074e200000|  0%| F|  |TAMS 0x000000074e000000| PB 0x000000074e000000| Untracked 
|  43|0x000000074e200000, 0x000000074e200000, 0x000000074e400000|  0%| F|  |TAMS 0x000000074e200000| PB 0x000000074e200000| Untracked 
|  44|0x000000074e400000, 0x000000074e400000, 0x000000074e600000|  0%| F|  |TAMS 0x000000074e400000| PB 0x000000074e400000| Untracked 
|  45|0x000000074e600000, 0x000000074e600000, 0x000000074e800000|  0%| F|  |TAMS 0x000000074e600000| PB 0x000000074e600000| Untracked 
|  46|0x000000074e800000, 0x000000074e800000, 0x000000074ea00000|  0%| F|  |TAMS 0x000000074e800000| PB 0x000000074e800000| Untracked 
|  47|0x000000074ea00000, 0x000000074ea9f240, 0x000000074ec00000| 31%| E|  |TAMS 0x000000074ea00000| PB 0x000000074ea00000| Complete 
|  48|0x000000074ec00000, 0x000000074ee00000, 0x000000074ee00000|100%| E|CS|TAMS 0x000000074ec00000| PB 0x000000074ec00000| Complete 
|  49|0x000000074ee00000, 0x000000074f000000, 0x000000074f000000|100%| E|CS|TAMS 0x000000074ee00000| PB 0x000000074ee00000| Complete 
|  50|0x000000074f000000, 0x000000074f200000, 0x000000074f200000|100%| E|CS|TAMS 0x000000074f000000| PB 0x000000074f000000| Complete 
|  51|0x000000074f200000, 0x000000074f400000, 0x000000074f400000|100%| E|CS|TAMS 0x000000074f200000| PB 0x000000074f200000| Complete 
|  52|0x000000074f400000, 0x000000074f600000, 0x000000074f600000|100%| E|CS|TAMS 0x000000074f400000| PB 0x000000074f400000| Complete 
|  53|0x000000074f600000, 0x000000074f800000, 0x000000074f800000|100%| E|CS|TAMS 0x000000074f600000| PB 0x000000074f600000| Complete 
|  54|0x000000074f800000, 0x000000074fa00000, 0x000000074fa00000|100%| E|CS|TAMS 0x000000074f800000| PB 0x000000074f800000| Complete 
|  55|0x000000074fa00000, 0x000000074fc00000, 0x000000074fc00000|100%| E|CS|TAMS 0x000000074fa00000| PB 0x000000074fa00000| Complete 
|  56|0x000000074fc00000, 0x000000074fe00000, 0x000000074fe00000|100%| E|CS|TAMS 0x000000074fc00000| PB 0x000000074fc00000| Complete 
|  57|0x000000074fe00000, 0x0000000750000000, 0x0000000750000000|100%| E|CS|TAMS 0x000000074fe00000| PB 0x000000074fe00000| Complete 
|  58|0x0000000750000000, 0x0000000750200000, 0x0000000750200000|100%| E|CS|TAMS 0x0000000750000000| PB 0x0000000750000000| Complete 
|  59|0x0000000750200000, 0x0000000750400000, 0x0000000750400000|100%| E|CS|TAMS 0x0000000750200000| PB 0x0000000750200000| Complete 
|  60|0x0000000750400000, 0x0000000750600000, 0x0000000750600000|100%| E|CS|TAMS 0x0000000750400000| PB 0x0000000750400000| Complete 
|  61|0x0000000750600000, 0x0000000750800000, 0x0000000750800000|100%| E|CS|TAMS 0x0000000750600000| PB 0x0000000750600000| Complete 
|  62|0x0000000750800000, 0x0000000750a00000, 0x0000000750a00000|100%| E|CS|TAMS 0x0000000750800000| PB 0x0000000750800000| Complete 
|  63|0x0000000750a00000, 0x0000000750c00000, 0x0000000750c00000|100%| E|CS|TAMS 0x0000000750a00000| PB 0x0000000750a00000| Complete 
|  64|0x0000000750c00000, 0x0000000750e00000, 0x0000000750e00000|100%| E|CS|TAMS 0x0000000750c00000| PB 0x0000000750c00000| Complete 
|  65|0x0000000750e00000, 0x0000000751000000, 0x0000000751000000|100%| E|CS|TAMS 0x0000000750e00000| PB 0x0000000750e00000| Complete 
|  66|0x0000000751000000, 0x0000000751200000, 0x0000000751200000|100%| E|CS|TAMS 0x0000000751000000| PB 0x0000000751000000| Complete 
|  67|0x0000000751200000, 0x0000000751400000, 0x0000000751400000|100%| E|CS|TAMS 0x0000000751200000| PB 0x0000000751200000| Complete 
|  68|0x0000000751400000, 0x0000000751600000, 0x0000000751600000|100%| E|CS|TAMS 0x0000000751400000| PB 0x0000000751400000| Complete 
|  69|0x0000000751600000, 0x0000000751800000, 0x0000000751800000|100%| E|CS|TAMS 0x0000000751600000| PB 0x0000000751600000| Complete 
|  70|0x0000000751800000, 0x0000000751a00000, 0x0000000751a00000|100%| E|CS|TAMS 0x0000000751800000| PB 0x0000000751800000| Complete 
|  71|0x0000000751a00000, 0x0000000751c00000, 0x0000000751c00000|100%| E|CS|TAMS 0x0000000751a00000| PB 0x0000000751a00000| Complete 
|  72|0x0000000751c00000, 0x0000000751e00000, 0x0000000751e00000|100%| E|CS|TAMS 0x0000000751c00000| PB 0x0000000751c00000| Complete 
|  73|0x0000000751e00000, 0x0000000752000000, 0x0000000752000000|100%| E|CS|TAMS 0x0000000751e00000| PB 0x0000000751e00000| Complete 
|  74|0x0000000752000000, 0x00000007521c8908, 0x0000000752200000| 89%| S|CS|TAMS 0x0000000752000000| PB 0x0000000752000000| Complete 
|  75|0x0000000752200000, 0x0000000752400000, 0x0000000752400000|100%| E|CS|TAMS 0x0000000752200000| PB 0x0000000752200000| Complete 
|  76|0x0000000752400000, 0x0000000752600000, 0x0000000752600000|100%| E|CS|TAMS 0x0000000752400000| PB 0x0000000752400000| Complete 
|  77|0x0000000752600000, 0x0000000752800000, 0x0000000752800000|100%| E|CS|TAMS 0x0000000752600000| PB 0x0000000752600000| Complete 
|  78|0x0000000752800000, 0x0000000752a00000, 0x0000000752a00000|100%| E|CS|TAMS 0x0000000752800000| PB 0x0000000752800000| Complete 
|  79|0x0000000752a00000, 0x0000000752c00000, 0x0000000752c00000|100%| E|CS|TAMS 0x0000000752a00000| PB 0x0000000752a00000| Complete 
|  80|0x0000000752c00000, 0x0000000752e00000, 0x0000000752e00000|100%| E|CS|TAMS 0x0000000752c00000| PB 0x0000000752c00000| Complete 
|  81|0x0000000752e00000, 0x0000000753000000, 0x0000000753000000|100%| E|CS|TAMS 0x0000000752e00000| PB 0x0000000752e00000| Complete 
|  82|0x0000000753000000, 0x0000000753200000, 0x0000000753200000|100%| E|CS|TAMS 0x0000000753000000| PB 0x0000000753000000| Complete 
|  83|0x0000000753200000, 0x0000000753400000, 0x0000000753400000|100%| E|CS|TAMS 0x0000000753200000| PB 0x0000000753200000| Complete 
|  84|0x0000000753400000, 0x0000000753600000, 0x0000000753600000|100%| E|CS|TAMS 0x0000000753400000| PB 0x0000000753400000| Complete 
|  85|0x0000000753600000, 0x0000000753800000, 0x0000000753800000|100%| E|CS|TAMS 0x0000000753600000| PB 0x0000000753600000| Complete 
|  86|0x0000000753800000, 0x0000000753a00000, 0x0000000753a00000|100%| E|CS|TAMS 0x0000000753800000| PB 0x0000000753800000| Complete 
|  87|0x0000000753a00000, 0x0000000753c00000, 0x0000000753c00000|100%| E|CS|TAMS 0x0000000753a00000| PB 0x0000000753a00000| Complete 
|  88|0x0000000753c00000, 0x0000000753e00000, 0x0000000753e00000|100%| E|CS|TAMS 0x0000000753c00000| PB 0x0000000753c00000| Complete 
|  89|0x0000000753e00000, 0x0000000754000000, 0x0000000754000000|100%| E|CS|TAMS 0x0000000753e00000| PB 0x0000000753e00000| Complete 
|  90|0x0000000754000000, 0x0000000754200000, 0x0000000754200000|100%| E|CS|TAMS 0x0000000754000000| PB 0x0000000754000000| Complete 
|  91|0x0000000754200000, 0x0000000754400000, 0x0000000754400000|100%| E|CS|TAMS 0x0000000754200000| PB 0x0000000754200000| Complete 

Card table byte_map: [0x000002167ccd0000,0x000002167d290000] _byte_map_base: 0x000002167928a000

Marking Bits: (CMBitMap*) 0x000002167c35e340
 Bits: [0x00000216173d0000, 0x000002161a1a0000)

Polling page: 0x000002167a200000

Metaspace:

Usage:
  Non-class:     14.05 MB used.
      Class:      1.80 MB used.
       Both:     15.85 MB used.

Virtual space:
  Non-class space:       64.00 MB reserved,      14.19 MB ( 22%) committed,  1 nodes.
      Class space:        1.00 GB reserved,       1.94 MB ( <1%) committed,  1 nodes.
             Both:        1.06 GB reserved,      16.12 MB (  1%) committed. 

Chunk freelists:
   Non-Class:  1.58 MB
       Class:  13.93 MB
        Both:  15.51 MB

MaxMetaspaceSize: unlimited
CompressedClassSpaceSize: 1.00 GB
Initial GC threshold: 21.00 MB
Current GC threshold: 21.00 MB
CDS: on
 - commit_granule_bytes: 65536.
 - commit_granule_words: 8192.
 - virtual_space_node_default_size: 8388608.
 - enlarge_chunks_in_place: 1.
 - use_allocation_guard: 0.


Internal statistics:

num_allocs_failed_limit: 0.
num_arena_births: 170.
num_arena_deaths: 0.
num_vsnodes_births: 2.
num_vsnodes_deaths: 0.
num_space_committed: 258.
num_space_uncommitted: 0.
num_chunks_returned_to_freelist: 0.
num_chunks_taken_from_freelist: 693.
num_chunk_merges: 0.
num_chunk_splits: 498.
num_chunks_enlarged: 410.
num_inconsistent_stats: 0.

CodeHeap 'non-profiled nmethods': size=120000Kb used=1966Kb max_used=1966Kb free=118033Kb
 bounds [0x000002160fea0000, 0x0000021610110000, 0x00000216173d0000]
CodeHeap 'profiled nmethods': size=120000Kb used=8728Kb max_used=8728Kb free=111271Kb
 bounds [0x00000216083d0000, 0x0000021608c60000, 0x000002160f900000]
CodeHeap 'non-nmethods': size=5760Kb used=1391Kb max_used=1421Kb free=4368Kb
 bounds [0x000002160f900000, 0x000002160fb70000, 0x000002160fea0000]
 total_blobs=4688 nmethods=4201 adapters=391
 compilation: enabled
              stopped_count=0, restarted_count=0
 full_count=0

Compilation events (20 events):
Event: 31.830 Thread 0x000002167fc849d0 4065       1       org.eclipse.aether.internal.impl.collect.DataPool$ConstraintKey::hashCode (5 bytes)
Event: 31.830 Thread 0x000002167fc849d0 nmethod 4065 0x000002161006c210 code [0x000002161006c3a0, 0x000002161006c468]
Event: 31.830 Thread 0x000002167fc849d0 4066       1       org.eclipse.aether.repository.RepositoryPolicy::isEnabled (5 bytes)
Event: 31.830 Thread 0x000002167fc849d0 nmethod 4066 0x000002161006c510 code [0x000002161006c6a0, 0x000002161006c770]
Event: 31.830 Thread 0x000002167fc849d0 4068   !   3       org.eclipse.aether.internal.impl.collect.df.DfDependencyCollector::processDependency (684 bytes)
Event: 31.836 Thread 0x000002167fc849d0 nmethod 4068 0x0000021608bed310 code [0x0000021608beda40, 0x0000021608bf1dd0]
Event: 31.836 Thread 0x000002167fc849d0 4067       3       org.eclipse.aether.internal.impl.collect.df.DfDependencyCollector::processDependency (28 bytes)
Event: 31.836 Thread 0x000002167fc849d0 nmethod 4067 0x0000021608bf3c90 code [0x0000021608bf3e40, 0x0000021608bf4040]
Event: 31.836 Thread 0x000002167fc849d0 4069       1       org.eclipse.aether.internal.impl.collect.DataPool$DescriptorKey::hashCode (5 bytes)
Event: 31.836 Thread 0x000002167fc849d0 nmethod 4069 0x000002161006c810 code [0x000002161006c9a0, 0x000002161006ca68]
Event: 31.837 Thread 0x000002167fc849d0 4070       1       org.eclipse.aether.resolution.ArtifactDescriptorResult::getAliases (5 bytes)
Event: 31.837 Thread 0x000002167fc849d0 nmethod 4070 0x000002161006cb10 code [0x000002161006cca0, 0x000002161006cd70]
Event: 31.844 Thread 0x000002167fc849d0 4072       3       java.util.LinkedHashSet::<init> (10 bytes)
Event: 31.844 Thread 0x000002167fc849d0 nmethod 4072 0x0000021608bf4190 code [0x0000021608bf4360, 0x0000021608bf44b8]
Event: 31.847 Thread 0x000002167fc849d0 4073       1       org.eclipse.aether.graph.DefaultDependencyNode::getChildren (5 bytes)
Event: 31.847 Thread 0x000002167fc849d0 nmethod 4073 0x000002161006ce10 code [0x000002161006cfa0, 0x000002161006d070]
Event: 31.904 Thread 0x000002167fc849d0 4074       3       java.util.regex.Pattern$BranchConn::match (11 bytes)
Event: 31.904 Thread 0x000002167fc849d0 nmethod 4074 0x0000021608bf4590 code [0x0000021608bf4740, 0x0000021608bf4920]
Event: 31.905 Thread 0x000002167fc849d0 4075  s!   3       java.io.FileDescriptor::closeAll (163 bytes)
Event: 31.906 Thread 0x000002167fc849d0 nmethod 4075 0x0000021608bf4a10 code [0x0000021608bf4ca0, 0x0000021608bf5b20]

GC Heap History (4 events):
Event: 10.240 GC heap before
{Heap before GC invocations=0 (full 0):
 garbage-first heap   total 188416K, used 22528K [0x0000000748c00000, 0x0000000800000000)
  region size 2048K, 11 young (22528K), 0 survivors (0K)
 Metaspace       used 5625K, committed 5824K, reserved 1114112K
  class space    used 647K, committed 768K, reserved 1048576K
}
Event: 11.026 GC heap after
{Heap after GC invocations=1 (full 0):
 garbage-first heap   total 188416K, used 3840K [0x0000000748c00000, 0x0000000800000000)
  region size 2048K, 2 young (4096K), 2 survivors (4096K)
 Metaspace       used 5625K, committed 5824K, reserved 1114112K
  class space    used 647K, committed 768K, reserved 1048576K
}
Event: 18.582 GC heap before
{Heap before GC invocations=1 (full 0):
 garbage-first heap   total 188416K, used 34560K [0x0000000748c00000, 0x0000000800000000)
  region size 2048K, 17 young (34816K), 2 survivors (4096K)
 Metaspace       used 9634K, committed 9856K, reserved 1114112K
  class space    used 1127K, committed 1216K, reserved 1048576K
}
Event: 18.589 GC heap after
{Heap after GC invocations=2 (full 0):
 garbage-first heap   total 188416K, used 5411K [0x0000000748c00000, 0x0000000800000000)
  region size 2048K, 1 young (2048K), 1 survivors (2048K)
 Metaspace       used 9634K, committed 9856K, reserved 1114112K
  class space    used 1127K, committed 1216K, reserved 1048576K
}

Dll operation events (8 events):
Event: 0.713 Loaded shared library C:\Program Files\Java\jdk-21\bin\java.dll
Event: 2.191 Loaded shared library C:\Program Files\Java\jdk-21\bin\jsvml.dll
Event: 3.324 Loaded shared library C:\Program Files\Java\jdk-21\bin\net.dll
Event: 3.682 Loaded shared library C:\Program Files\Java\jdk-21\bin\nio.dll
Event: 3.691 Loaded shared library C:\Program Files\Java\jdk-21\bin\zip.dll
Event: 5.191 Loaded shared library C:\Users\2oleg\Downloads\apache-maven-3.9.11-bin\apache-maven-3.9.11\lib\jansi-native\Windows\x86_64\jansi.dll
Event: 5.487 Loaded shared library C:\Program Files\Java\jdk-21\bin\verify.dll
Event: 5.489 Loaded shared library C:\Program Files\Java\jdk-21\bin\jimage.dll

Deoptimization events (20 events):
Event: 30.794 Thread 0x000002167a274580 Uncommon trap: trap_request=0xffffffbe fr.pc=0x0000021610053b68 relative=0x0000000000000388
Event: 30.794 Thread 0x000002167a274580 Uncommon trap: reason=profile_predicate action=maybe_recompile pc=0x0000021610053b68 method=java.util.regex.Pattern$Slice.match(Ljava/util/regex/Matcher;ILjava/lang/CharSequence;)Z @ 18 c2
Event: 30.794 Thread 0x000002167a274580 DEOPT PACKING pc=0x0000021610053b68 sp=0x0000001b02afc340
Event: 30.794 Thread 0x000002167a274580 DEOPT UNPACKING pc=0x000002160f9546a2 sp=0x0000001b02afc2d0 mode 2
Event: 30.804 Thread 0x000002167a274580 DEOPT PACKING pc=0x00000216084318d1 sp=0x0000001b02afc430
Event: 30.804 Thread 0x000002167a274580 DEOPT UNPACKING pc=0x000002160f954e42 sp=0x0000001b02afb930 mode 0
Event: 30.963 Thread 0x000002167a274580 Uncommon trap: trap_request=0xffffff45 fr.pc=0x000002161004fc58 relative=0x00000000000002d8
Event: 30.963 Thread 0x000002167a274580 Uncommon trap: reason=unstable_if action=reinterpret pc=0x000002161004fc58 method=org.apache.maven.model.ConfigurationContainer.getLocation(Ljava/lang/Object;)Lorg/apache/maven/model/InputLocation; @ 18 c2
Event: 30.963 Thread 0x000002167a274580 DEOPT PACKING pc=0x000002161004fc58 sp=0x0000001b02afc230
Event: 30.963 Thread 0x000002167a274580 DEOPT UNPACKING pc=0x000002160f9546a2 sp=0x0000001b02afc1c0 mode 2
Event: 31.161 Thread 0x000002167a274580 Uncommon trap: trap_request=0xffffff45 fr.pc=0x000002161001551c relative=0x000000000000087c
Event: 31.161 Thread 0x000002167a274580 Uncommon trap: reason=unstable_if action=reinterpret pc=0x000002161001551c method=java.util.HashMap.putVal(ILjava/lang/Object;Ljava/lang/Object;ZZ)Ljava/lang/Object; @ 193 c2
Event: 31.161 Thread 0x000002167a274580 DEOPT PACKING pc=0x000002161001551c sp=0x0000001b02afc450
Event: 31.164 Thread 0x000002167a274580 DEOPT UNPACKING pc=0x000002160f9546a2 sp=0x0000001b02afc360 mode 2
Event: 31.382 Thread 0x000002167a274580 Uncommon trap: trap_request=0xffffff45 fr.pc=0x0000021610018f7c relative=0x0000000000002b5c
Event: 31.382 Thread 0x000002167a274580 Uncommon trap: reason=unstable_if action=reinterpret pc=0x0000021610018f7c method=org.codehaus.plexus.util.xml.pull.MXParser.parseAttribute()C @ 786 c2
Event: 31.382 Thread 0x000002167a274580 DEOPT PACKING pc=0x0000021610018f7c sp=0x0000001b02afbd70
Event: 31.382 Thread 0x000002167a274580 DEOPT UNPACKING pc=0x000002160f9546a2 sp=0x0000001b02afbcf8 mode 2
Event: 31.904 Thread 0x000002167a274580 DEOPT PACKING pc=0x0000021608b2627d sp=0x0000001b02afc8f0
Event: 31.904 Thread 0x000002167a274580 DEOPT UNPACKING pc=0x000002160f954e42 sp=0x0000001b02afbe28 mode 0

Classes loaded (20 events):
Event: 26.000 Loading class java/util/stream/Streams$RangeIntSpliterator
Event: 26.001 Loading class java/util/stream/Streams$RangeIntSpliterator done
Event: 26.668 Loading class sun/nio/fs/WindowsException
Event: 26.669 Loading class sun/nio/fs/WindowsException done
Event: 26.669 Loading class sun/nio/fs/WindowsDirectoryStream
Event: 26.669 Loading class java/nio/file/DirectoryStream
Event: 26.669 Loading class java/nio/file/DirectoryStream done
Event: 26.669 Loading class sun/nio/fs/WindowsDirectoryStream done
Event: 26.669 Loading class java/nio/file/NoSuchFileException
Event: 26.670 Loading class java/nio/file/NoSuchFileException done
Event: 27.606 Loading class java/util/stream/MatchOps$MatchKind
Event: 27.607 Loading class java/util/stream/MatchOps$MatchKind done
Event: 27.607 Loading class java/util/stream/MatchOps
Event: 27.607 Loading class java/util/stream/MatchOps done
Event: 27.607 Loading class java/util/stream/MatchOps$MatchOp
Event: 27.607 Loading class java/util/stream/MatchOps$MatchOp done
Event: 27.607 Loading class java/util/stream/MatchOps$BooleanTerminalSink
Event: 27.607 Loading class java/util/stream/MatchOps$BooleanTerminalSink done
Event: 27.608 Loading class java/util/stream/MatchOps$1MatchSink
Event: 27.608 Loading class java/util/stream/MatchOps$1MatchSink done

Classes unloaded (0 events):
No events

Classes redefined (0 events):
No events

Internal exceptions (20 events):
Event: 26.669 Thread 0x000002167a274580 Exception <a 'sun/nio/fs/WindowsException'{0x0000000751f52f10}> (0x0000000751f52f10) 
thrown [s\open\src\hotspot\share\prims\jni.cpp, line 520]
Event: 27.776 Thread 0x000002167a274580 Exception <a 'sun/nio/fs/WindowsException'{0x00000007515900d8}> (0x00000007515900d8) 
thrown [s\open\src\hotspot\share\prims\jni.cpp, line 520]
Event: 27.776 Thread 0x000002167a274580 Exception <a 'sun/nio/fs/WindowsException'{0x0000000751590438}> (0x0000000751590438) 
thrown [s\open\src\hotspot\share\prims\jni.cpp, line 520]
Event: 27.859 Thread 0x000002167a274580 Exception <a 'sun/nio/fs/WindowsException'{0x00000007515b70c8}> (0x00000007515b70c8) 
thrown [s\open\src\hotspot\share\prims\jni.cpp, line 520]
Event: 27.860 Thread 0x000002167a274580 Exception <a 'sun/nio/fs/WindowsException'{0x00000007515b73f0}> (0x00000007515b73f0) 
thrown [s\open\src\hotspot\share\prims\jni.cpp, line 520]
Event: 27.870 Thread 0x000002167a274580 Exception <a 'sun/nio/fs/WindowsException'{0x00000007512204b8}> (0x00000007512204b8) 
thrown [s\open\src\hotspot\share\prims\jni.cpp, line 520]
Event: 27.870 Thread 0x000002167a274580 Exception <a 'sun/nio/fs/WindowsException'{0x0000000751220798}> (0x0000000751220798) 
thrown [s\open\src\hotspot\share\prims\jni.cpp, line 520]
Event: 27.891 Thread 0x000002167a274580 Exception <a 'sun/nio/fs/WindowsException'{0x0000000751330af0}> (0x0000000751330af0) 
thrown [s\open\src\hotspot\share\prims\jni.cpp, line 520]
Event: 27.891 Thread 0x000002167a274580 Exception <a 'sun/nio/fs/WindowsException'{0x0000000751330e98}> (0x0000000751330e98) 
thrown [s\open\src\hotspot\share\prims\jni.cpp, line 520]
Event: 28.005 Thread 0x000002167a274580 Exception <a 'sun/nio/fs/WindowsException'{0x00000007513cf450}> (0x00000007513cf450) 
thrown [s\open\src\hotspot\share\prims\jni.cpp, line 520]
Event: 28.005 Thread 0x000002167a274580 Exception <a 'sun/nio/fs/WindowsException'{0x00000007513cf7f8}> (0x00000007513cf7f8) 
thrown [s\open\src\hotspot\share\prims\jni.cpp, line 520]
Event: 28.017 Thread 0x000002167a274580 Implicit null exception at 0x000002160ffe18cd to 0x000002160ffe2c9c
Event: 28.017 Thread 0x000002167a274580 Implicit null exception at 0x000002160ff59f9b to 0x000002160ff5a194
Event: 28.017 Thread 0x000002167a274580 Implicit null exception at 0x000002160ffb3a0d to 0x000002160ffb42a8
Event: 28.727 Thread 0x000002167a274580 Exception <a 'sun/nio/fs/WindowsException'{0x0000000750823df0}> (0x0000000750823df0) 
thrown [s\open\src\hotspot\share\prims\jni.cpp, line 520]
Event: 28.727 Thread 0x000002167a274580 Exception <a 'sun/nio/fs/WindowsException'{0x00000007508240c0}> (0x00000007508240c0) 
thrown [s\open\src\hotspot\share\prims\jni.cpp, line 520]
Event: 29.051 Thread 0x000002167a274580 Exception <a 'sun/nio/fs/WindowsException'{0x0000000750612670}> (0x0000000750612670) 
thrown [s\open\src\hotspot\share\prims\jni.cpp, line 520]
Event: 29.051 Thread 0x000002167a274580 Exception <a 'sun/nio/fs/WindowsException'{0x0000000750612970}> (0x0000000750612970) 
thrown [s\open\src\hotspot\share\prims\jni.cpp, line 520]
Event: 30.055 Thread 0x000002167a274580 Exception <a 'sun/nio/fs/WindowsException'{0x00000007502b5420}> (0x00000007502b5420) 
thrown [s\open\src\hotspot\share\prims\jni.cpp, line 520]
Event: 30.055 Thread 0x000002167a274580 Exception <a 'sun/nio/fs/WindowsException'{0x00000007502b5738}> (0x00000007502b5738) 
thrown [s\open\src\hotspot\share\prims\jni.cpp, line 520]

ZGC Phase Switch (0 events):
No events

VM Operations (20 events):
Event: 24.155 Executing VM operation: HandshakeAllThreads (Deoptimize)
Event: 24.155 Executing VM operation: HandshakeAllThreads (Deoptimize) done
Event: 24.155 Executing VM operation: Cleanup
Event: 24.155 Executing VM operation: Cleanup done
Event: 24.281 Executing VM operation: HandshakeAllThreads (Deoptimize)
Event: 24.281 Executing VM operation: HandshakeAllThreads (Deoptimize) done
Event: 24.810 Executing VM operation: HandshakeAllThreads (Deoptimize)
Event: 24.896 Executing VM operation: HandshakeAllThreads (Deoptimize) done
Event: 24.898 Executing VM operation: HandshakeAllThreads (Deoptimize)
Event: 24.898 Executing VM operation: HandshakeAllThreads (Deoptimize) done
Event: 25.897 Executing VM operation: Cleanup
Event: 25.898 Executing VM operation: Cleanup done
Event: 27.464 Executing VM operation: ICBufferFull
Event: 27.465 Executing VM operation: ICBufferFull done
Event: 28.465 Executing VM operation: Cleanup
Event: 28.561 Executing VM operation: Cleanup done
Event: 29.562 Executing VM operation: Cleanup
Event: 29.563 Executing VM operation: Cleanup done
Event: 30.563 Executing VM operation: Cleanup
Event: 30.564 Executing VM operation: Cleanup done

Events (20 events):
Event: 1.745 Thread 0x000002167fc7dbb0 Thread added: 0x000002167fc7dbb0
Event: 1.745 Thread 0x000002167fc7e600 Thread added: 0x000002167fc7e600
Event: 1.745 Thread 0x000002167fc837a0 Thread added: 0x000002167fc837a0
Event: 1.881 Thread 0x000002167fc849d0 Thread added: 0x000002167fc849d0
Event: 2.415 Thread 0x000002161a30cbd0 Thread added: 0x000002161a30cbd0
Event: 2.422 Thread 0x000002161a30f400 Thread added: 0x000002161a30f400
Event: 5.186 Thread 0x000002161a6bdfc0 Thread added: 0x000002161a6bdfc0
Event: 5.698 Thread 0x000002161a6bdfc0 Thread exited: 0x000002161a6bdfc0
Event: 9.952 Thread 0x000002161a47b5c0 Thread added: 0x000002161a47b5c0
Event: 10.236 Thread 0x000002161a47b5c0 Thread exited: 0x000002161a47b5c0
Event: 22.994 Thread 0x00000216600f6000 Thread added: 0x00000216600f6000
Event: 23.252 Thread 0x00000216600f6000 Thread exited: 0x00000216600f6000
Event: 24.426 Thread 0x00000216600f19a0 Thread added: 0x00000216600f19a0
Event: 28.106 Thread 0x00000216606aa810 Thread added: 0x00000216606aa810
Event: 28.561 Thread 0x00000216606aa810 Thread exited: 0x00000216606aa810
Event: 28.740 Thread 0x00000216606ca850 Thread added: 0x00000216606ca850
Event: 29.046 Thread 0x00000216606ca850 Thread exited: 0x00000216606ca850
Event: 29.721 Thread 0x000002166069c600 Thread added: 0x000002166069c600
Event: 30.032 Thread 0x000002166069c600 Thread exited: 0x000002166069c600
Event: 31.844 Thread 0x0000021660550a80 Thread added: 0x0000021660550a80


Dynamic libraries:
0x00007ff6e7780000 - 0x00007ff6e7790000 	C:\Program Files\Java\jdk-21\bin\java.exe
0x00007ffde7a30000 - 0x00007ffde7c28000 	C:\WINDOWS\SYSTEM32\ntdll.dll
0x00007ffde6e80000 - 0x00007ffde6f42000 	C:\WINDOWS\System32\KERNEL32.DLL
0x00007ffde56c0000 - 0x00007ffde59b6000 	C:\WINDOWS\System32\KERNELBASE.dll
0x00007ffdc4f50000 - 0x00007ffdc4f69000 	C:\Program Files\Java\jdk-21\bin\jli.dll
0x00007ffde6a90000 - 0x00007ffde6b41000 	C:\WINDOWS\System32\ADVAPI32.dll
0x00007ffde7070000 - 0x00007ffde710e000 	C:\WINDOWS\System32\msvcrt.dll
0x00007ffdbd2a0000 - 0x00007ffdbd2bb000 	C:\Program Files\Java\jdk-21\bin\VCRUNTIME140.dll
0x00007ffde5d60000 - 0x00007ffde5dff000 	C:\WINDOWS\System32\sechost.dll
0x00007ffde6d60000 - 0x00007ffde6e80000 	C:\WINDOWS\System32\RPCRT4.dll
0x00007ffde59f0000 - 0x00007ffde5a17000 	C:\WINDOWS\System32\bcrypt.dll
0x00007ffde5b30000 - 0x00007ffde5cd1000 	C:\WINDOWS\System32\USER32.dll
0x00007ffde59c0000 - 0x00007ffde59e2000 	C:\WINDOWS\System32\win32u.dll
0x00007ffde67d0000 - 0x00007ffde67fb000 	C:\WINDOWS\System32\GDI32.dll
0x00007ffde54d0000 - 0x00007ffde55e9000 	C:\WINDOWS\System32\gdi32full.dll
0x00007ffdd1f70000 - 0x00007ffdd220b000 	C:\WINDOWS\WinSxS\amd64_microsoft.windows.common-controls_6595b64144ccf1df_6.0.19041.6456_none_60b8a6cb71f64256\COMCTL32.dll
0x00007ffde5120000 - 0x00007ffde51bd000 	C:\WINDOWS\System32\msvcp_win.dll
0x00007ffddee20000 - 0x00007ffddee2a000 	C:\WINDOWS\SYSTEM32\VERSION.dll
0x00007ffde51c0000 - 0x00007ffde52c0000 	C:\WINDOWS\System32\ucrtbase.dll
0x00007ffde7990000 - 0x00007ffde79bf000 	C:\WINDOWS\System32\IMM32.DLL
0x00007ffdca470000 - 0x00007ffdca47c000 	C:\Program Files\Java\jdk-21\bin\vcruntime140_1.dll
0x00007ffdb3a40000 - 0x00007ffdb3ace000 	C:\Program Files\Java\jdk-21\bin\msvcp140.dll
0x00007ffd8c9e0000 - 0x00007ffd8d6fa000 	C:\Program Files\Java\jdk-21\bin\server\jvm.dll
0x00007ffde6800000 - 0x00007ffde686b000 	C:\WINDOWS\System32\WS2_32.dll
0x00007ffde4ef0000 - 0x00007ffde4f3b000 	C:\WINDOWS\SYSTEM32\POWRPROF.dll
0x00007ffdc4e10000 - 0x00007ffdc4e37000 	C:\WINDOWS\SYSTEM32\WINMM.dll
0x00007ffde4ed0000 - 0x00007ffde4ee2000 	C:\WINDOWS\SYSTEM32\UMPDC.dll
0x00007ffde2de0000 - 0x00007ffde2df2000 	C:\WINDOWS\SYSTEM32\kernel.appcore.dll
0x00007ffdca310000 - 0x00007ffdca31a000 	C:\Program Files\Java\jdk-21\bin\jimage.dll
0x00007ffdd3a40000 - 0x00007ffdd3c41000 	C:\WINDOWS\SYSTEM32\DBGHELP.DLL
0x00007ffdd00c0000 - 0x00007ffdd00f4000 	C:\WINDOWS\SYSTEM32\dbgcore.DLL
0x00007ffde5090000 - 0x00007ffde5112000 	C:\WINDOWS\System32\bcryptPrimitives.dll
0x00007ffdbc9b0000 - 0x00007ffdbc9cf000 	C:\Program Files\Java\jdk-21\bin\java.dll
0x00007ffde5e00000 - 0x00007ffde6570000 	C:\WINDOWS\System32\SHELL32.dll
0x00007ffde30c0000 - 0x00007ffde3865000 	C:\WINDOWS\SYSTEM32\windows.storage.dll
0x00007ffde7580000 - 0x00007ffde78d4000 	C:\WINDOWS\System32\combase.dll
0x00007ffde49e0000 - 0x00007ffde4a0b000 	C:\WINDOWS\SYSTEM32\Wldp.dll
0x00007ffde69b0000 - 0x00007ffde6a7d000 	C:\WINDOWS\System32\OLEAUT32.dll
0x00007ffde78e0000 - 0x00007ffde798d000 	C:\WINDOWS\System32\SHCORE.dll
0x00007ffde5ce0000 - 0x00007ffde5d3b000 	C:\WINDOWS\System32\shlwapi.dll
0x00007ffde4fc0000 - 0x00007ffde4fe4000 	C:\WINDOWS\SYSTEM32\profapi.dll
0x00007ffdb2ad0000 - 0x00007ffdb2ba7000 	C:\Program Files\Java\jdk-21\bin\jsvml.dll
0x00007ffdca180000 - 0x00007ffdca190000 	C:\Program Files\Java\jdk-21\bin\net.dll
0x00007ffddeac0000 - 0x00007ffddebca000 	C:\WINDOWS\SYSTEM32\WINHTTP.dll
0x00007ffde46f0000 - 0x00007ffde475a000 	C:\WINDOWS\system32\mswsock.dll
0x00007ffdbc990000 - 0x00007ffdbc9a6000 	C:\Program Files\Java\jdk-21\bin\nio.dll
0x00007ffdbc4f0000 - 0x00007ffdbc508000 	C:\Program Files\Java\jdk-21\bin\zip.dll
0x00007ffdb5e10000 - 0x00007ffdb5e34000 	C:\Users\2oleg\Downloads\apache-maven-3.9.11-bin\apache-maven-3.9.11\lib\jansi-native\Windows\x86_64\jansi.dll
0x00007ffdca040000 - 0x00007ffdca050000 	C:\Program Files\Java\jdk-21\bin\verify.dll

dbghelp: loaded successfully - version: 4.0.5 - missing functions: none
symbol engine: initialized successfully - sym options: 0x614 - pdb path: .;C:\Program Files\Java\jdk-21\bin;C:\WINDOWS\SYSTEM32;C:\WINDOWS\WinSxS\amd64_microsoft.windows.common-controls_6595b64144ccf1df_6.0.19041.6456_none_60b8a6cb71f64256;C:\Program Files\Java\jdk-21\bin\server;C:\Users\2oleg\Downloads\apache-maven-3.9.11-bin\apache-maven-3.9.11\lib\jansi-native\Windows\x86_64

VM Arguments:
jvm_args: --enable-native-access=ALL-UNNAMED -Dclassworlds.conf=C:\Users\2oleg\Downloads\apache-maven-3.9.11-bin\apache-maven-3.9.11\bin\m2.conf -Dmaven.home=C:\Users\2oleg\Downloads\apache-maven-3.9.11-bin\apache-maven-3.9.11 -Dlibrary.jansi.path=C:\Users\2oleg\Downloads\apache-maven-3.9.11-bin\apache-maven-3.9.11\lib\jansi-native -Dmaven.multiModuleProjectDirectory=C:\Users\2oleg\Downloads\Telegram Desktop\Kefir\Backend\ApiGateWay 
java_command: org.codehaus.plexus.classworlds.launcher.Launcher spring-boot:run -Dserver.port=8080 -DskipTests
java_class_path (initial): C:\Users\2oleg\Downloads\apache-maven-3.9.11-bin\apache-maven-3.9.11\boot\plexus-classworlds-2.9.0.jar
Launcher Type: SUN_STANDARD

[Global flags]
     intx CICompilerCount                          = 4                                         {product} {ergonomic}
     uint ConcGCThreads                            = 2                                         {product} {ergonomic}
     uint G1ConcRefinementThreads                  = 8                                         {product} {ergonomic}
   size_t G1HeapRegionSize                         = 2097152                                   {product} {ergonomic}
    uintx GCDrainStackTargetSize                   = 64                                        {product} {ergonomic}
   size_t InitialHeapSize                          = 192937984                                 {product} {ergonomic}
   size_t MarkStackSize                            = 4194304                                   {product} {ergonomic}
   size_t MaxHeapSize                              = 3074424832                                {product} {ergonomic}
   size_t MaxNewSize                               = 1843396608                                {product} {ergonomic}
   size_t MinHeapDeltaBytes                        = 2097152                                   {product} {ergonomic}
   size_t MinHeapSize                              = 8388608                                   {product} {ergonomic}
    uintx NonNMethodCodeHeapSize                   = 5839372                                {pd product} {ergonomic}
    uintx NonProfiledCodeHeapSize                  = 122909434                              {pd product} {ergonomic}
    uintx ProfiledCodeHeapSize                     = 122909434                              {pd product} {ergonomic}
    uintx ReservedCodeCacheSize                    = 251658240                              {pd product} {ergonomic}
     bool SegmentedCodeCache                       = true                                      {product} {ergonomic}
   size_t SoftMaxHeapSize                          = 3074424832                             {manageable} {ergonomic}
     bool UseCompressedOops                        = true                           {product lp64_product} {ergonomic}
     bool UseG1GC                                  = true                                      {product} {ergonomic}
     bool UseLargePagesIndividualAllocation        = false                                  {pd product} {ergonomic}

Logging:
Log output configuration:
 #0: stdout all=warning uptime,level,tags foldmultilines=false
 #1: stderr all=off uptime,level,tags foldmultilines=false

Environment Variables:
JAVA_HOME=C:\Program Files\Java\jdk-21
PATH=C:\Program Files\Common Files\Oracle\Java\javapath;C:\Program Files (x86)\Cuminas\Document Express DjVu Plug-in\;C:\Program Files (x86)\Razer Chroma SDK\bin;C:\Program Files\Razer Chroma SDK\bin;C:\WINDOWS\system32;C:\WINDOWS;C:\WINDOWS\System32\Wbem;C:\WINDOWS\System32\WindowsPowerShell\v1.0\;C:\WINDOWS\System32\OpenSSH\;C:\Program Files (x86)\NVIDIA Corporation\PhysX\Common;C:\WINDOWS\system32\config\systemprofile\AppData\Local\Microsoft\WindowsApps;C:\Program Files (x86)\Razer\ChromaBroadcast\bin;C:\Program Files\Razer\ChromaBroadcast\bin;C:\Users\2oleg\AppData\Local\Microsoft\WindowsApps;C:\Program Files\JetBrains\IntelliJ IDEA Community Edition 2024.3\bin;C:\Users\2oleg\AppData\Local\Programs\Microsoft VS Code\bin;C:\Program Files\Docker\Docker\resources\bin;C:\Users\2oleg\Downloads\curl-8.16.0_6-win64-mingw.zip\curl-8.16.0_6-win64-mingw\bin;C:\Users\2oleg\Downloads\curl-8.16.0_6-win64-mingw\curl-8.16.0_6-win64-mingw\bin;C:\Users\2oleg\Downloads\apache-maven-3.9.11-bin\apache-maven-3.9.11\bin;C:\ProgramData\chocolatey\bin;C:\Users\2oleg\AppData\Roaming\Cloud Foundry;C:\Program Files\Git\cmd;C:\Program Files\nodejs\;C:\Users\2oleg\AppData\Local\Muse Hub\lib;C:\Program Files\JetBrains\IntelliJ IDEA Community Edition 2025.2.4\bin;C:\Program Files\jq.exe;C:\Users\2oleg\AppData\Local\Microsoft\WinGet\Packages\jqlang.jq_Microsoft.Winget.Source_8wekyb3d8bbwe;C:\Program Files\Java\jdk-24;C:\Users\2oleg\Downloads\gradle-9.0.0-bin\gradle-9.0.0\bin;C:\Users\2oleg\AppData\Local\GitHubDesktop\bin;C:\Users\2oleg\AppData\Roaming\npm
USERNAME=2oleg
OS=Windows_NT
PROCESSOR_IDENTIFIER=Intel64 Family 6 Model 60 Stepping 3, GenuineIntel
TMP=C:\Users\2oleg\AppData\Local\Temp
TEMP=C:\Users\2oleg\AppData\Local\Temp




Periodic native trim disabled

---------------  S Y S T E M  ---------------

OS:
 Windows 10 , 64 bit Build 19041 (10.0.19041.5915)
OS uptime: 0 days 9:38 hours
Hyper-V role detected

CPU: total 8 (initial active 8) (4 cores per cpu, 2 threads per core) family 6 model 60 stepping 3 microcode 0x27, cx8, cmov, fxsr, ht, mmx, sse, sse2, sse3, ssse3, sse4.1, sse4.2, popcnt, lzcnt, tsc, tscinvbit, avx, avx2, aes, erms, clmul, bmi1, bmi2, fma, vzeroupper, clflush, hv, rdtscp, f16c
Processor Information for all 8 processors :
  Max Mhz: 2401, Current Mhz: 2401, Mhz Limit: 2401

Memory: 4k page, system-wide physical 11723M (407M free)
TotalPageFile size 23723M (AvailPageFile size 28M)
current process WorkingSet (physical memory assigned to process): 179M, peak: 179M
current process commit charge ("private bytes"): 315M, peak: 315M

vm_info: Java HotSpot(TM) 64-Bit Server VM (21.0.7+8-LTS-245) for windows-amd64 JRE (21.0.7+8-LTS-245), built on 2025-02-21T05:11:27Z by "mach5one" with MS VC++ 17.6 (VS2022)

END.
