#
# There is insufficient memory for the Java Runtime Environment to continue.
# Native memory allocation (malloc) failed to allocate 667760 bytes for Chunk::new
# Possible reasons:
#   The system is out of physical RAM or swap space
#   The process is running with CompressedOops enabled, and the Java Heap may be blocking the growth of the native heap
# Possible solutions:
#   Reduce memory load on the system
#   Increase physical memory or swap space
#   Check if swap backing store is full
#   Decrease Java heap size (-Xmx/-Xms)
#   Decrease number of Java threads
#   Decrease Java thread stack sizes (-Xss)
#   Set larger code cache with -XX:ReservedCodeCacheSize=
#   JVM is running with Zero Based Compressed Oops mode in which the Java heap is
#     placed in the first 32GB address space. The Java Heap base address is the
#     maximum limit for the native heap growth. Please use -XX:HeapBaseMinAddress
#     to set the Java Heap base and to place the Java Heap above 32GB virtual address.
# This output file may be truncated or incomplete.
#
#  Out of Memory Error (arena.cpp:168), pid=23904, tid=23264
#
# JRE version: Java(TM) SE Runtime Environment (21.0.7+8) (build 21.0.7+8-LTS-245)
# Java VM: Java HotSpot(TM) 64-Bit Server VM (21.0.7+8-LTS-245, mixed mode, sharing, tiered, compressed oops, compressed class ptrs, g1 gc, windows-amd64)
# No core dump will be written. Minidumps are not enabled by default on client versions of Windows
#

---------------  S U M M A R Y ------------

Command Line: --enable-native-access=ALL-UNNAMED -Dclassworlds.conf=C:\Users\2oleg\Downloads\apache-maven-3.9.11-bin\apache-maven-3.9.11\bin\m2.conf -Dmaven.home=C:\Users\2oleg\Downloads\apache-maven-3.9.11-bin\apache-maven-3.9.11 -Dlibrary.jansi.path=C:\Users\2oleg\Downloads\apache-maven-3.9.11-bin\apache-maven-3.9.11\lib\jansi-native -Dmaven.multiModuleProjectDirectory=C:\Users\2oleg\Downloads\Telegram Desktop\Kefir\Backend\Delivery org.codehaus.plexus.classworlds.launcher.Launcher spring-boot:run -Dserver.port=8088 -DskipTests

Host: Intel(R) Core(TM) i7-4700HQ CPU @ 2.40GHz, 8 cores, 11G,  Windows 10 , 64 bit Build 19041 (10.0.19041.5915)
Time: Wed Dec 17 04:58:56 2025 RTZ 2 (s 10 , 64 bit Build 19041 (10.0.19041.5915) elapsed time: 38.494532 seconds (0d 0h 0m 38s)

---------------  T H R E A D  ---------------

Current thread (0x0000025ae9594ec0):  JavaThread "C2 CompilerThread0" daemon [_thread_in_native, id=23264, stack(0x00000082f9d00000,0x00000082f9e00000) (1024K)]


Current CompileTask:
C2:  38494 3820       4       org.codehaus.plexus.util.xml.pull.MXParser::parseAttribute (1438 bytes)

Stack: [0x00000082f9d00000,0x00000082f9e00000]
Native frames: (J=compiled Java code, j=interpreted, Vv=VM code, C=native code)
V  [jvm.dll+0x6cae19]
V  [jvm.dll+0x855741]
V  [jvm.dll+0x857c6e]
V  [jvm.dll+0x858343]
V  [jvm.dll+0x27e0b6]
V  [jvm.dll+0xc4ecd]
V  [jvm.dll+0xc5403]
V  [jvm.dll+0x3b578c]
V  [jvm.dll+0x1dfa19]
V  [jvm.dll+0x246c82]
V  [jvm.dll+0x24610f]
V  [jvm.dll+0x1c6efe]
V  [jvm.dll+0x255819]
V  [jvm.dll+0x253daa]
V  [jvm.dll+0x3eebb6]
V  [jvm.dll+0x7ffa1b]
V  [jvm.dll+0x6c94fd]
C  [ucrtbase.dll+0x21bb2]
C  [KERNEL32.DLL+0x17374]
C  [ntdll.dll+0x4cc91]


---------------  P R O C E S S  ---------------

Threads class SMR info:
_java_thread_list=0x0000025aee3fa650, length=13, elements={
0x0000025ac9967310, 0x0000025ae958a720, 0x0000025ae958b520, 0x0000025ae958e230,
0x0000025ae958ec80, 0x0000025ae958f6d0, 0x0000025ae9592130, 0x0000025ae9594ec0,
0x0000025ae9596600, 0x0000025ae97e0ef0, 0x0000025ae97e4730, 0x0000025aee9fcd20,
0x0000025aee2e5260
}

Java Threads: ( => current thread )
  0x0000025ac9967310 JavaThread "main"                              [_thread_in_native, id=6492, stack(0x00000082f8f00000,0x00000082f9000000) (1024K)]
  0x0000025ae958a720 JavaThread "Reference Handler"          daemon [_thread_blocked, id=22308, stack(0x00000082f9700000,0x00000082f9800000) (1024K)]
  0x0000025ae958b520 JavaThread "Finalizer"                  daemon [_thread_blocked, id=9304, stack(0x00000082f9800000,0x00000082f9900000) (1024K)]
  0x0000025ae958e230 JavaThread "Signal Dispatcher"          daemon [_thread_blocked, id=22948, stack(0x00000082f9900000,0x00000082f9a00000) (1024K)]
  0x0000025ae958ec80 JavaThread "Attach Listener"            daemon [_thread_blocked, id=17680, stack(0x00000082f9a00000,0x00000082f9b00000) (1024K)]
  0x0000025ae958f6d0 JavaThread "Service Thread"             daemon [_thread_blocked, id=10188, stack(0x00000082f9b00000,0x00000082f9c00000) (1024K)]
  0x0000025ae9592130 JavaThread "Monitor Deflation Thread"   daemon [_thread_blocked, id=16460, stack(0x00000082f9c00000,0x00000082f9d00000) (1024K)]
=>0x0000025ae9594ec0 JavaThread "C2 CompilerThread0"         daemon [_thread_in_native, id=23264, stack(0x00000082f9d00000,0x00000082f9e00000) (1024K)]
  0x0000025ae9596600 JavaThread "C1 CompilerThread0"         daemon [_thread_blocked, id=23236, stack(0x00000082f9e00000,0x00000082f9f00000) (1024K)]
  0x0000025ae97e0ef0 JavaThread "Notification Thread"        daemon [_thread_blocked, id=21588, stack(0x00000082f9f00000,0x00000082fa000000) (1024K)]
  0x0000025ae97e4730 JavaThread "Common-Cleaner"             daemon [_thread_blocked, id=16560, stack(0x00000082fa000000,0x00000082fa100000) (1024K)]
  0x0000025aee9fcd20 JavaThread "Thread-1"                   daemon [_thread_blocked, id=16768, stack(0x00000082fa100000,0x00000082fa200000) (1024K)]
  0x0000025aee2e5260 JavaThread "C2 CompilerThread1"         daemon [_thread_in_native, id=5376, stack(0x00000082fa900000,0x00000082faa00000) (1024K)]
Total: 13

Other Threads:
  0x0000025ae9570660 VMThread "VM Thread"                           [id=17008, stack(0x00000082f9600000,0x00000082f9700000) (1024K)]
  0x0000025ae955e620 WatcherThread "VM Periodic Task Thread"        [id=20188, stack(0x00000082f9500000,0x00000082f9600000) (1024K)]
  0x0000025acbacebf0 WorkerThread "GC Thread#0"                     [id=19796, stack(0x00000082f9000000,0x00000082f9100000) (1024K)]
  0x0000025aee5513b0 WorkerThread "GC Thread#1"                     [id=9288, stack(0x00000082fa200000,0x00000082fa300000) (1024K)]
  0x0000025aee551750 WorkerThread "GC Thread#2"                     [id=20452, stack(0x00000082fa300000,0x00000082fa400000) (1024K)]
  0x0000025aee713bc0 WorkerThread "GC Thread#3"                     [id=19556, stack(0x00000082fa400000,0x00000082fa500000) (1024K)]
  0x0000025ae9a40ad0 WorkerThread "GC Thread#4"                     [id=22924, stack(0x00000082fa500000,0x00000082fa600000) (1024K)]
  0x0000025aee38ff10 WorkerThread "GC Thread#5"                     [id=24212, stack(0x00000082fa600000,0x00000082fa700000) (1024K)]
  0x0000025aee3902b0 WorkerThread "GC Thread#6"                     [id=21028, stack(0x00000082fa700000,0x00000082fa800000) (1024K)]
  0x0000025aee390650 WorkerThread "GC Thread#7"                     [id=8288, stack(0x00000082fa800000,0x00000082fa900000) (1024K)]
  0x0000025acbadb220 ConcurrentGCThread "G1 Main Marker"            [id=22436, stack(0x00000082f9100000,0x00000082f9200000) (1024K)]
  0x0000025acbadbc30 WorkerThread "G1 Conc#0"                       [id=5452, stack(0x00000082f9200000,0x00000082f9300000) (1024K)]
  0x0000025ae9430090 ConcurrentGCThread "G1 Refine#0"               [id=17800, stack(0x00000082f9300000,0x00000082f9400000) (1024K)]
  0x0000025ae9430cc0 ConcurrentGCThread "G1 Service"                [id=3288, stack(0x00000082f9400000,0x00000082f9500000) (1024K)]
Total: 14

Threads with active compile tasks:
C2 CompilerThread0    38529 3820       4       org.codehaus.plexus.util.xml.pull.MXParser::parseAttribute (1438 bytes)
C2 CompilerThread1    38529 3833       4       org.codehaus.plexus.util.xml.Xpp3Dom::<init> (125 bytes)
Total: 2

VM state: not at safepoint (normal execution)

VM Mutex/Monitor currently owned by a thread: None

Heap address: 0x0000000748c00000, size: 2932 MB, Compressed Oops mode: Zero based, Oop shift amount: 3

CDS archive(s) mapped at: [0x0000025a80000000-0x0000025a80c90000-0x0000025a80c90000), size 13172736, SharedBaseAddress: 0x0000025a80000000, ArchiveRelocationMode: 1.
Compressed class space mapped at: 0x0000025a81000000-0x0000025ac1000000, reserved size: 1073741824
Narrow klass base: 0x0000025a80000000, Narrow klass shift: 0, Narrow klass range: 0x100000000

GC Precious Log:
 CardTable entry size: 512
 Card Set container configuration: InlinePtr #cards 4 size 8 Array Of Cards #cards 16 size 48 Howl #buckets 8 coarsen threshold 3686 Howl Bitmap #cards 512 size 80 coarsen threshold 460 Card regions per heap region 1 cards per card region 4096
 CPUs: 8 total, 8 available
 Memory: 11723M
 Large Page Support: Disabled
 NUMA Support: Disabled
 Compressed Oops: Enabled (Zero based)
 Heap Region Size: 2M
 Heap Min Capacity: 8M
 Heap Initial Capacity: 184M
 Heap Max Capacity: 2932M
 Pre-touch: Disabled
 Parallel Workers: 8
 Concurrent Workers: 2
 Concurrent Refinement Workers: 8
 Periodic GC: Disabled

Heap:
 garbage-first heap   total 188416K, used 75230K [0x0000000748c00000, 0x0000000800000000)
  region size 2048K, 36 young (73728K), 1 survivors (2048K)
 Metaspace       used 16040K, committed 16320K, reserved 1114112K
  class space    used 1841K, committed 1920K, reserved 1048576K

Heap Regions: E=young(eden), S=young(survivor), O=old, HS=humongous(starts), HC=humongous(continues), CS=collection set, F=free, TAMS=top-at-mark-start, PB=parsable bottom
|   0|0x0000000748c00000, 0x0000000748e00000, 0x0000000748e00000|100%| O|  |TAMS 0x0000000748c00000| PB 0x0000000748c00000| Untracked 
|   1|0x0000000748e00000, 0x0000000748f8c978, 0x0000000749000000| 77%| O|  |TAMS 0x0000000748e00000| PB 0x0000000748e00000| Untracked 
|   2|0x0000000749000000, 0x0000000749000000, 0x0000000749200000|  0%| F|  |TAMS 0x0000000749000000| PB 0x0000000749000000| Untracked 
|   3|0x0000000749200000, 0x0000000749200000, 0x0000000749400000|  0%| F|  |TAMS 0x0000000749200000| PB 0x0000000749200000| Untracked 
|   4|0x0000000749400000, 0x0000000749400000, 0x0000000749600000|  0%| F|  |TAMS 0x0000000749400000| PB 0x0000000749400000| Untracked 
|   5|0x0000000749600000, 0x0000000749600000, 0x0000000749800000|  0%| F|  |TAMS 0x0000000749600000| PB 0x0000000749600000| Untracked 
|   6|0x0000000749800000, 0x0000000749800000, 0x0000000749a00000|  0%| F|  |TAMS 0x0000000749800000| PB 0x0000000749800000| Untracked 
|   7|0x0000000749a00000, 0x0000000749a00000, 0x0000000749c00000|  0%| F|  |TAMS 0x0000000749a00000| PB 0x0000000749a00000| Untracked 
|   8|0x0000000749c00000, 0x0000000749c00000, 0x0000000749e00000|  0%| F|  |TAMS 0x0000000749c00000| PB 0x0000000749c00000| Untracked 
|   9|0x0000000749e00000, 0x0000000749e00000, 0x000000074a000000|  0%| F|  |TAMS 0x0000000749e00000| PB 0x0000000749e00000| Untracked 
|  10|0x000000074a000000, 0x000000074a000000, 0x000000074a200000|  0%| F|  |TAMS 0x000000074a000000| PB 0x000000074a000000| Untracked 
|  11|0x000000074a200000, 0x000000074a200000, 0x000000074a400000|  0%| F|  |TAMS 0x000000074a200000| PB 0x000000074a200000| Untracked 
|  12|0x000000074a400000, 0x000000074a400000, 0x000000074a600000|  0%| F|  |TAMS 0x000000074a400000| PB 0x000000074a400000| Untracked 
|  13|0x000000074a600000, 0x000000074a600000, 0x000000074a800000|  0%| F|  |TAMS 0x000000074a600000| PB 0x000000074a600000| Untracked 
|  14|0x000000074a800000, 0x000000074a800000, 0x000000074aa00000|  0%| F|  |TAMS 0x000000074a800000| PB 0x000000074a800000| Untracked 
|  15|0x000000074aa00000, 0x000000074aa00000, 0x000000074ac00000|  0%| F|  |TAMS 0x000000074aa00000| PB 0x000000074aa00000| Untracked 
|  16|0x000000074ac00000, 0x000000074ac00000, 0x000000074ae00000|  0%| F|  |TAMS 0x000000074ac00000| PB 0x000000074ac00000| Untracked 
|  17|0x000000074ae00000, 0x000000074ae00000, 0x000000074b000000|  0%| F|  |TAMS 0x000000074ae00000| PB 0x000000074ae00000| Untracked 
|  18|0x000000074b000000, 0x000000074b000000, 0x000000074b200000|  0%| F|  |TAMS 0x000000074b000000| PB 0x000000074b000000| Untracked 
|  19|0x000000074b200000, 0x000000074b200000, 0x000000074b400000|  0%| F|  |TAMS 0x000000074b200000| PB 0x000000074b200000| Untracked 
|  20|0x000000074b400000, 0x000000074b400000, 0x000000074b600000|  0%| F|  |TAMS 0x000000074b400000| PB 0x000000074b400000| Untracked 
|  21|0x000000074b600000, 0x000000074b600000, 0x000000074b800000|  0%| F|  |TAMS 0x000000074b600000| PB 0x000000074b600000| Untracked 
|  22|0x000000074b800000, 0x000000074b800000, 0x000000074ba00000|  0%| F|  |TAMS 0x000000074b800000| PB 0x000000074b800000| Untracked 
|  23|0x000000074ba00000, 0x000000074ba00000, 0x000000074bc00000|  0%| F|  |TAMS 0x000000074ba00000| PB 0x000000074ba00000| Untracked 
|  24|0x000000074bc00000, 0x000000074bc00000, 0x000000074be00000|  0%| F|  |TAMS 0x000000074bc00000| PB 0x000000074bc00000| Untracked 
|  25|0x000000074be00000, 0x000000074be00000, 0x000000074c000000|  0%| F|  |TAMS 0x000000074be00000| PB 0x000000074be00000| Untracked 
|  26|0x000000074c000000, 0x000000074c000000, 0x000000074c200000|  0%| F|  |TAMS 0x000000074c000000| PB 0x000000074c000000| Untracked 
|  27|0x000000074c200000, 0x000000074c200000, 0x000000074c400000|  0%| F|  |TAMS 0x000000074c200000| PB 0x000000074c200000| Untracked 
|  28|0x000000074c400000, 0x000000074c400000, 0x000000074c600000|  0%| F|  |TAMS 0x000000074c400000| PB 0x000000074c400000| Untracked 
|  29|0x000000074c600000, 0x000000074c600000, 0x000000074c800000|  0%| F|  |TAMS 0x000000074c600000| PB 0x000000074c600000| Untracked 
|  30|0x000000074c800000, 0x000000074c800000, 0x000000074ca00000|  0%| F|  |TAMS 0x000000074c800000| PB 0x000000074c800000| Untracked 
|  31|0x000000074ca00000, 0x000000074ca00000, 0x000000074cc00000|  0%| F|  |TAMS 0x000000074ca00000| PB 0x000000074ca00000| Untracked 
|  32|0x000000074cc00000, 0x000000074cc00000, 0x000000074ce00000|  0%| F|  |TAMS 0x000000074cc00000| PB 0x000000074cc00000| Untracked 
|  33|0x000000074ce00000, 0x000000074ce00000, 0x000000074d000000|  0%| F|  |TAMS 0x000000074ce00000| PB 0x000000074ce00000| Untracked 
|  34|0x000000074d000000, 0x000000074d000000, 0x000000074d200000|  0%| F|  |TAMS 0x000000074d000000| PB 0x000000074d000000| Untracked 
|  35|0x000000074d200000, 0x000000074d200000, 0x000000074d400000|  0%| F|  |TAMS 0x000000074d200000| PB 0x000000074d200000| Untracked 
|  36|0x000000074d400000, 0x000000074d400000, 0x000000074d600000|  0%| F|  |TAMS 0x000000074d400000| PB 0x000000074d400000| Untracked 
|  37|0x000000074d600000, 0x000000074d600000, 0x000000074d800000|  0%| F|  |TAMS 0x000000074d600000| PB 0x000000074d600000| Untracked 
|  38|0x000000074d800000, 0x000000074d800000, 0x000000074da00000|  0%| F|  |TAMS 0x000000074d800000| PB 0x000000074d800000| Untracked 
|  39|0x000000074da00000, 0x000000074da00000, 0x000000074dc00000|  0%| F|  |TAMS 0x000000074da00000| PB 0x000000074da00000| Untracked 
|  40|0x000000074dc00000, 0x000000074dc00000, 0x000000074de00000|  0%| F|  |TAMS 0x000000074dc00000| PB 0x000000074dc00000| Untracked 
|  41|0x000000074de00000, 0x000000074de00000, 0x000000074e000000|  0%| F|  |TAMS 0x000000074de00000| PB 0x000000074de00000| Untracked 
|  42|0x000000074e000000, 0x000000074e000000, 0x000000074e200000|  0%| F|  |TAMS 0x000000074e000000| PB 0x000000074e000000| Untracked 
|  43|0x000000074e200000, 0x000000074e200000, 0x000000074e400000|  0%| F|  |TAMS 0x000000074e200000| PB 0x000000074e200000| Untracked 
|  44|0x000000074e400000, 0x000000074e400000, 0x000000074e600000|  0%| F|  |TAMS 0x000000074e400000| PB 0x000000074e400000| Untracked 
|  45|0x000000074e600000, 0x000000074e600000, 0x000000074e800000|  0%| F|  |TAMS 0x000000074e600000| PB 0x000000074e600000| Untracked 
|  46|0x000000074e800000, 0x000000074e800000, 0x000000074ea00000|  0%| F|  |TAMS 0x000000074e800000| PB 0x000000074e800000| Untracked 
|  47|0x000000074ea00000, 0x000000074ea00000, 0x000000074ec00000|  0%| F|  |TAMS 0x000000074ea00000| PB 0x000000074ea00000| Untracked 
|  48|0x000000074ec00000, 0x000000074ec00000, 0x000000074ee00000|  0%| F|  |TAMS 0x000000074ec00000| PB 0x000000074ec00000| Untracked 
|  49|0x000000074ee00000, 0x000000074ee00000, 0x000000074f000000|  0%| F|  |TAMS 0x000000074ee00000| PB 0x000000074ee00000| Untracked 
|  50|0x000000074f000000, 0x000000074f000000, 0x000000074f200000|  0%| F|  |TAMS 0x000000074f000000| PB 0x000000074f000000| Untracked 
|  51|0x000000074f200000, 0x000000074f200000, 0x000000074f400000|  0%| F|  |TAMS 0x000000074f200000| PB 0x000000074f200000| Untracked 
|  52|0x000000074f400000, 0x000000074f400000, 0x000000074f600000|  0%| F|  |TAMS 0x000000074f400000| PB 0x000000074f400000| Untracked 
|  53|0x000000074f600000, 0x000000074f600000, 0x000000074f800000|  0%| F|  |TAMS 0x000000074f600000| PB 0x000000074f600000| Untracked 
|  54|0x000000074f800000, 0x000000074f800000, 0x000000074fa00000|  0%| F|  |TAMS 0x000000074f800000| PB 0x000000074f800000| Untracked 
|  55|0x000000074fa00000, 0x000000074fa00000, 0x000000074fc00000|  0%| F|  |TAMS 0x000000074fa00000| PB 0x000000074fa00000| Untracked 
|  56|0x000000074fc00000, 0x000000074fdf4078, 0x000000074fe00000| 97%| E|  |TAMS 0x000000074fc00000| PB 0x000000074fc00000| Complete 
|  57|0x000000074fe00000, 0x0000000750000000, 0x0000000750000000|100%| E|CS|TAMS 0x000000074fe00000| PB 0x000000074fe00000| Complete 
|  58|0x0000000750000000, 0x0000000750200000, 0x0000000750200000|100%| E|CS|TAMS 0x0000000750000000| PB 0x0000000750000000| Complete 
|  59|0x0000000750200000, 0x0000000750400000, 0x0000000750400000|100%| E|CS|TAMS 0x0000000750200000| PB 0x0000000750200000| Complete 
|  60|0x0000000750400000, 0x0000000750600000, 0x0000000750600000|100%| E|CS|TAMS 0x0000000750400000| PB 0x0000000750400000| Complete 
|  61|0x0000000750600000, 0x0000000750800000, 0x0000000750800000|100%| E|CS|TAMS 0x0000000750600000| PB 0x0000000750600000| Complete 
|  62|0x0000000750800000, 0x0000000750a00000, 0x0000000750a00000|100%| E|CS|TAMS 0x0000000750800000| PB 0x0000000750800000| Complete 
|  63|0x0000000750a00000, 0x0000000750c00000, 0x0000000750c00000|100%| E|CS|TAMS 0x0000000750a00000| PB 0x0000000750a00000| Complete 
|  64|0x0000000750c00000, 0x0000000750e00000, 0x0000000750e00000|100%| E|CS|TAMS 0x0000000750c00000| PB 0x0000000750c00000| Complete 
|  65|0x0000000750e00000, 0x0000000751000000, 0x0000000751000000|100%| E|CS|TAMS 0x0000000750e00000| PB 0x0000000750e00000| Complete 
|  66|0x0000000751000000, 0x0000000751200000, 0x0000000751200000|100%| E|CS|TAMS 0x0000000751000000| PB 0x0000000751000000| Complete 
|  67|0x0000000751200000, 0x0000000751400000, 0x0000000751400000|100%| E|CS|TAMS 0x0000000751200000| PB 0x0000000751200000| Complete 
|  68|0x0000000751400000, 0x0000000751600000, 0x0000000751600000|100%| E|CS|TAMS 0x0000000751400000| PB 0x0000000751400000| Complete 
|  69|0x0000000751600000, 0x0000000751800000, 0x0000000751800000|100%| E|CS|TAMS 0x0000000751600000| PB 0x0000000751600000| Complete 
|  70|0x0000000751800000, 0x0000000751a00000, 0x0000000751a00000|100%| E|CS|TAMS 0x0000000751800000| PB 0x0000000751800000| Complete 
|  71|0x0000000751a00000, 0x0000000751c00000, 0x0000000751c00000|100%| E|CS|TAMS 0x0000000751a00000| PB 0x0000000751a00000| Complete 
|  72|0x0000000751c00000, 0x0000000751e00000, 0x0000000751e00000|100%| E|CS|TAMS 0x0000000751c00000| PB 0x0000000751c00000| Complete 
|  73|0x0000000751e00000, 0x0000000751feb0a0, 0x0000000752000000| 95%| S|CS|TAMS 0x0000000751e00000| PB 0x0000000751e00000| Complete 
|  74|0x0000000752000000, 0x0000000752200000, 0x0000000752200000|100%| E|CS|TAMS 0x0000000752000000| PB 0x0000000752000000| Complete 
|  75|0x0000000752200000, 0x0000000752400000, 0x0000000752400000|100%| E|CS|TAMS 0x0000000752200000| PB 0x0000000752200000| Complete 
|  76|0x0000000752400000, 0x0000000752600000, 0x0000000752600000|100%| E|CS|TAMS 0x0000000752400000| PB 0x0000000752400000| Complete 
|  77|0x0000000752600000, 0x0000000752800000, 0x0000000752800000|100%| E|CS|TAMS 0x0000000752600000| PB 0x0000000752600000| Complete 
|  78|0x0000000752800000, 0x0000000752a00000, 0x0000000752a00000|100%| E|CS|TAMS 0x0000000752800000| PB 0x0000000752800000| Complete 
|  79|0x0000000752a00000, 0x0000000752c00000, 0x0000000752c00000|100%| E|CS|TAMS 0x0000000752a00000| PB 0x0000000752a00000| Complete 
|  80|0x0000000752c00000, 0x0000000752e00000, 0x0000000752e00000|100%| E|CS|TAMS 0x0000000752c00000| PB 0x0000000752c00000| Complete 
|  81|0x0000000752e00000, 0x0000000753000000, 0x0000000753000000|100%| E|CS|TAMS 0x0000000752e00000| PB 0x0000000752e00000| Complete 
|  82|0x0000000753000000, 0x0000000753200000, 0x0000000753200000|100%| E|CS|TAMS 0x0000000753000000| PB 0x0000000753000000| Complete 
|  83|0x0000000753200000, 0x0000000753400000, 0x0000000753400000|100%| E|CS|TAMS 0x0000000753200000| PB 0x0000000753200000| Complete 
|  84|0x0000000753400000, 0x0000000753600000, 0x0000000753600000|100%| E|CS|TAMS 0x0000000753400000| PB 0x0000000753400000| Complete 
|  85|0x0000000753600000, 0x0000000753800000, 0x0000000753800000|100%| E|CS|TAMS 0x0000000753600000| PB 0x0000000753600000| Complete 
|  86|0x0000000753800000, 0x0000000753a00000, 0x0000000753a00000|100%| E|CS|TAMS 0x0000000753800000| PB 0x0000000753800000| Complete 
|  87|0x0000000753a00000, 0x0000000753c00000, 0x0000000753c00000|100%| E|CS|TAMS 0x0000000753a00000| PB 0x0000000753a00000| Complete 
|  88|0x0000000753c00000, 0x0000000753e00000, 0x0000000753e00000|100%| E|CS|TAMS 0x0000000753c00000| PB 0x0000000753c00000| Complete 
|  89|0x0000000753e00000, 0x0000000754000000, 0x0000000754000000|100%| E|CS|TAMS 0x0000000753e00000| PB 0x0000000753e00000| Complete 
|  90|0x0000000754000000, 0x0000000754200000, 0x0000000754200000|100%| E|CS|TAMS 0x0000000754000000| PB 0x0000000754000000| Complete 
|  91|0x0000000754200000, 0x0000000754400000, 0x0000000754400000|100%| E|CS|TAMS 0x0000000754200000| PB 0x0000000754200000| Complete 

Card table byte_map: [0x0000025ae3810000,0x0000025ae3dd0000] _byte_map_base: 0x0000025adfdca000

Marking Bits: (CMBitMap*) 0x0000025acbacf200
 Bits: [0x0000025ae3dd0000, 0x0000025ae6ba0000)

Polling page: 0x0000025ac9a60000

Metaspace:

Usage:
  Non-class:     13.87 MB used.
      Class:      1.80 MB used.
       Both:     15.66 MB used.

Virtual space:
  Non-class space:       64.00 MB reserved,      14.06 MB ( 22%) committed,  1 nodes.
      Class space:        1.00 GB reserved,       1.88 MB ( <1%) committed,  1 nodes.
             Both:        1.06 GB reserved,      15.94 MB (  1%) committed. 

Chunk freelists:
   Non-Class:  1.73 MB
       Class:  13.94 MB
        Both:  15.67 MB

MaxMetaspaceSize: unlimited
CompressedClassSpaceSize: 1.00 GB
Initial GC threshold: 21.00 MB
Current GC threshold: 21.00 MB
CDS: on
 - commit_granule_bytes: 65536.
 - commit_granule_words: 8192.
 - virtual_space_node_default_size: 8388608.
 - enlarge_chunks_in_place: 1.
 - use_allocation_guard: 0.


Internal statistics:

num_allocs_failed_limit: 0.
num_arena_births: 162.
num_arena_deaths: 0.
num_vsnodes_births: 2.
num_vsnodes_deaths: 0.
num_space_committed: 255.
num_space_uncommitted: 0.
num_chunks_returned_to_freelist: 0.
num_chunks_taken_from_freelist: 678.
num_chunk_merges: 0.
num_chunk_splits: 486.
num_chunks_enlarged: 401.
num_inconsistent_stats: 0.

CodeHeap 'non-profiled nmethods': size=120000Kb used=1690Kb max_used=1690Kb free=118309Kb
 bounds [0x0000025adb9f0000, 0x0000025adbc60000, 0x0000025ae2f20000]
CodeHeap 'profiled nmethods': size=120000Kb used=8278Kb max_used=8278Kb free=111721Kb
 bounds [0x0000025ad3f20000, 0x0000025ad4740000, 0x0000025adb450000]
CodeHeap 'non-nmethods': size=5760Kb used=1392Kb max_used=1418Kb free=4367Kb
 bounds [0x0000025adb450000, 0x0000025adb6c0000, 0x0000025adb9f0000]
 total_blobs=4501 nmethods=4014 adapters=391
 compilation: enabled
              stopped_count=0, restarted_count=0
 full_count=0

Compilation events (20 events):
Event: 37.581 Thread 0x0000025ae9596600 3859       1       org.apache.maven.model.DistributionManagement::getRepository (5 bytes)
Event: 37.581 Thread 0x0000025ae9596600 nmethod 3859 0x0000025adbb89a90 code [0x0000025adbb89c20, 0x0000025adbb89cf0]
Event: 37.581 Thread 0x0000025ae9596600 3860       3       org.apache.maven.model.interpolation.StringVisitorModelInterpolator$ModelVisitor::visit (42 bytes)
Event: 37.581 Thread 0x0000025ae9596600 nmethod 3860 0x0000025ad46e7410 code [0x0000025ad46e7640, 0x0000025ad46e7f48]
Event: 37.593 Thread 0x0000025ae9596600 3861       3       java.util.ArrayDeque::push (6 bytes)
Event: 37.593 Thread 0x0000025ae9596600 nmethod 3861 0x0000025ad46e8210 code [0x0000025ad46e83c0, 0x0000025ad46e8518]
Event: 37.593 Thread 0x0000025ae9596600 3862       3       java.util.ArrayDeque::dec (13 bytes)
Event: 37.593 Thread 0x0000025ae9596600 nmethod 3862 0x0000025ad46e8610 code [0x0000025ad46e87a0, 0x0000025ad46e88c8]
Event: 37.598 Thread 0x0000025ae9596600 3863       3       java.util.ArrayDeque::pop (5 bytes)
Event: 37.599 Thread 0x0000025ae9596600 nmethod 3863 0x0000025ad46e8990 code [0x0000025ad46e8b60, 0x0000025ad46e8e30]
Event: 37.599 Thread 0x0000025ae9596600 3864       3       java.util.ArrayDeque::removeFirst (19 bytes)
Event: 37.599 Thread 0x0000025ae9596600 nmethod 3864 0x0000025ad46e8f90 code [0x0000025ad46e9160, 0x0000025ad46e93c8]
Event: 37.614 Thread 0x0000025ae9596600 3865       1       org.apache.maven.model.Model::setMailingLists (6 bytes)
Event: 37.615 Thread 0x0000025ae9596600 nmethod 3865 0x0000025adbb89d90 code [0x0000025adbb89f20, 0x0000025adbb8a040]
Event: 37.616 Thread 0x0000025ae9596600 3866       3       org.codehaus.plexus.util.xml.Xpp3Dom::mergeIntoXpp3Dom (518 bytes)
Event: 37.621 Thread 0x0000025ae9596600 nmethod 3866 0x0000025ad46e9510 code [0x0000025ad46e9c00, 0x0000025ad46edf28]
Event: 37.621 Thread 0x0000025ae9596600 3868       3       org.apache.maven.model.Model::getLicenses (23 bytes)
Event: 37.621 Thread 0x0000025ae9596600 nmethod 3868 0x0000025ad46ef410 code [0x0000025ad46ef5e0, 0x0000025ad46ef9e8]
Event: 37.621 Thread 0x0000025ae9596600 3867       1       org.apache.maven.model.DistributionManagement::getSnapshotRepository (5 bytes)
Event: 37.621 Thread 0x0000025ae9596600 nmethod 3867 0x0000025adbb8a090 code [0x0000025adbb8a220, 0x0000025adbb8a2f0]

GC Heap History (4 events):
Event: 9.164 GC heap before
{Heap before GC invocations=0 (full 0):
 garbage-first heap   total 188416K, used 20480K [0x0000000748c00000, 0x0000000800000000)
  region size 2048K, 11 young (22528K), 0 survivors (0K)
 Metaspace       used 5611K, committed 5824K, reserved 1114112K
  class space    used 645K, committed 768K, reserved 1048576K
}
Event: 9.392 GC heap after
{Heap after GC invocations=1 (full 0):
 garbage-first heap   total 188416K, used 3784K [0x0000000748c00000, 0x0000000800000000)
  region size 2048K, 2 young (4096K), 2 survivors (4096K)
 Metaspace       used 5611K, committed 5824K, reserved 1114112K
  class space    used 645K, committed 768K, reserved 1048576K
}
Event: 16.521 GC heap before
{Heap before GC invocations=1 (full 0):
 garbage-first heap   total 188416K, used 36552K [0x0000000748c00000, 0x0000000800000000)
  region size 2048K, 18 young (36864K), 2 survivors (4096K)
 Metaspace       used 9821K, committed 10048K, reserved 1114112K
  class space    used 1151K, committed 1280K, reserved 1048576K
}
Event: 16.529 GC heap after
{Heap after GC invocations=2 (full 0):
 garbage-first heap   total 188416K, used 5598K [0x0000000748c00000, 0x0000000800000000)
  region size 2048K, 1 young (2048K), 1 survivors (2048K)
 Metaspace       used 9821K, committed 10048K, reserved 1114112K
  class space    used 1151K, committed 1280K, reserved 1048576K
}

Dll operation events (8 events):
Event: 1.180 Loaded shared library C:\Program Files\Java\jdk-21\bin\java.dll
Event: 2.403 Loaded shared library C:\Program Files\Java\jdk-21\bin\jsvml.dll
Event: 2.672 Loaded shared library C:\Program Files\Java\jdk-21\bin\net.dll
Event: 2.676 Loaded shared library C:\Program Files\Java\jdk-21\bin\nio.dll
Event: 2.682 Loaded shared library C:\Program Files\Java\jdk-21\bin\zip.dll
Event: 3.961 Loaded shared library C:\Users\2oleg\Downloads\apache-maven-3.9.11-bin\apache-maven-3.9.11\lib\jansi-native\Windows\x86_64\jansi.dll
Event: 4.549 Loaded shared library C:\Program Files\Java\jdk-21\bin\verify.dll
Event: 4.559 Loaded shared library C:\Program Files\Java\jdk-21\bin\jimage.dll

Deoptimization events (20 events):
Event: 35.041 Thread 0x0000025ac9967310 DEOPT PACKING pc=0x0000025adbb7f000 sp=0x00000082f8ffc4b0
Event: 35.041 Thread 0x0000025ac9967310 DEOPT UNPACKING pc=0x0000025adb4a46a2 sp=0x00000082f8ffc440 mode 2
Event: 35.041 Thread 0x0000025ac9967310 Uncommon trap: trap_request=0xffffffbe fr.pc=0x0000025adbb7f000 relative=0x0000000000000be0
Event: 35.041 Thread 0x0000025ac9967310 Uncommon trap: reason=profile_predicate action=maybe_recompile pc=0x0000025adbb7f000 method=java.util.regex.Pattern$CharPropertyGreedy.match(Ljava/util/regex/Matcher;ILjava/lang/CharSequence;)Z @ 103 c2
Event: 35.041 Thread 0x0000025ac9967310 DEOPT PACKING pc=0x0000025adbb7f000 sp=0x00000082f8ffc0f0
Event: 35.041 Thread 0x0000025ac9967310 DEOPT UNPACKING pc=0x0000025adb4a46a2 sp=0x00000082f8ffc080 mode 2
Event: 37.249 Thread 0x0000025ac9967310 Uncommon trap: trap_request=0xffffff45 fr.pc=0x0000025adbb6dfe4 relative=0x00000000000006c4
Event: 37.249 Thread 0x0000025ac9967310 Uncommon trap: reason=unstable_if action=reinterpret pc=0x0000025adbb6dfe4 method=org.codehaus.plexus.util.xml.pull.MXParser.isValidCodePoint(I)Z @ 15 c2
Event: 37.249 Thread 0x0000025ac9967310 DEOPT PACKING pc=0x0000025adbb6dfe4 sp=0x00000082f8ffc360
Event: 37.249 Thread 0x0000025ac9967310 DEOPT UNPACKING pc=0x0000025adb4a46a2 sp=0x00000082f8ffc2a8 mode 2
Event: 37.249 Thread 0x0000025ac9967310 Uncommon trap: trap_request=0xffffff45 fr.pc=0x0000025adbb5cefc relative=0x000000000000005c
Event: 37.249 Thread 0x0000025ac9967310 Uncommon trap: reason=unstable_if action=reinterpret pc=0x0000025adbb5cefc method=org.codehaus.plexus.util.xml.pull.MXParser.isValidCodePoint(I)Z @ 15 c2
Event: 37.249 Thread 0x0000025ac9967310 DEOPT PACKING pc=0x0000025adbb5cefc sp=0x00000082f8ffc310
Event: 37.249 Thread 0x0000025ac9967310 DEOPT UNPACKING pc=0x0000025adb4a46a2 sp=0x00000082f8ffc2a8 mode 2
Event: 37.254 Thread 0x0000025ac9967310 Uncommon trap: trap_request=0xffffff45 fr.pc=0x0000025adbb4f354 relative=0x0000000000000494
Event: 37.254 Thread 0x0000025ac9967310 Uncommon trap: reason=unstable_if action=reinterpret pc=0x0000025adbb4f354 method=org.codehaus.plexus.util.xml.pull.MXParser.isValidCodePoint(I)Z @ 15 c2
Event: 37.254 Thread 0x0000025ac9967310 DEOPT PACKING pc=0x0000025adbb4f354 sp=0x00000082f8ffc2c0
Event: 37.254 Thread 0x0000025ac9967310 DEOPT UNPACKING pc=0x0000025adb4a46a2 sp=0x00000082f8ffc208 mode 2
Event: 37.583 Thread 0x0000025ac9967310 DEOPT PACKING pc=0x0000025ad3fd4f51 sp=0x00000082f8ffc140
Event: 37.583 Thread 0x0000025ac9967310 DEOPT UNPACKING pc=0x0000025adb4a4e42 sp=0x00000082f8ffb640 mode 0

Classes loaded (20 events):
Event: 26.892 Loading class java/util/stream/Streams$RangeIntSpliterator
Event: 26.892 Loading class java/util/stream/Streams$RangeIntSpliterator done
Event: 31.305 Loading class sun/nio/fs/WindowsException
Event: 31.306 Loading class sun/nio/fs/WindowsException done
Event: 31.306 Loading class sun/nio/fs/WindowsDirectoryStream
Event: 31.306 Loading class java/nio/file/DirectoryStream
Event: 31.306 Loading class java/nio/file/DirectoryStream done
Event: 31.306 Loading class sun/nio/fs/WindowsDirectoryStream done
Event: 31.306 Loading class java/nio/file/NoSuchFileException
Event: 31.306 Loading class java/nio/file/NoSuchFileException done
Event: 34.024 Loading class java/util/stream/MatchOps$MatchKind
Event: 34.024 Loading class java/util/stream/MatchOps$MatchKind done
Event: 34.024 Loading class java/util/stream/MatchOps
Event: 34.024 Loading class java/util/stream/MatchOps done
Event: 34.024 Loading class java/util/stream/MatchOps$MatchOp
Event: 34.025 Loading class java/util/stream/MatchOps$MatchOp done
Event: 34.025 Loading class java/util/stream/MatchOps$BooleanTerminalSink
Event: 34.025 Loading class java/util/stream/MatchOps$BooleanTerminalSink done
Event: 34.025 Loading class java/util/stream/MatchOps$1MatchSink
Event: 34.025 Loading class java/util/stream/MatchOps$1MatchSink done

Classes unloaded (0 events):
No events

Classes redefined (0 events):
No events

Internal exceptions (20 events):
Event: 26.374 Thread 0x0000025ac9967310 Exception <a 'java/lang/NoSuchMethodError'{0x0000000752a8f238}: 'void java.lang.invoke.DirectMethodHandle$Holder.invokeVirtual(java.lang.Object, java.lang.Object, int)'> (0x0000000752a8f238) 
thrown [s\open\src\hotspot\share\interpreter\linkResolver.cpp, line 773]
Event: 26.374 Thread 0x0000025ac9967310 Exception <a 'java/lang/NoSuchMethodError'{0x0000000752a92fe8}: 'void java.lang.invoke.DirectMethodHandle$Holder.invokeSpecial(java.lang.Object, java.lang.Object, java.lang.Object, int)'> (0x0000000752a92fe8) 
thrown [s\open\src\hotspot\share\interpreter\linkResolver.cpp, line 773]
Event: 26.375 Thread 0x0000025ac9967310 Exception <a 'java/lang/NoSuchMethodError'{0x0000000752a966b8}: 'void java.lang.invoke.DelegatingMethodHandle$Holder.reinvoke_L(java.lang.Object, java.lang.Object, int)'> (0x0000000752a966b8) 
thrown [s\open\src\hotspot\share\interpreter\linkResolver.cpp, line 773]
Event: 31.306 Thread 0x0000025ac9967310 Exception <a 'sun/nio/fs/WindowsException'{0x0000000751aa3260}> (0x0000000751aa3260) 
thrown [s\open\src\hotspot\share\prims\jni.cpp, line 520]
Event: 31.306 Thread 0x0000025ac9967310 Exception <a 'sun/nio/fs/WindowsException'{0x0000000751aa36e0}> (0x0000000751aa36e0) 
thrown [s\open\src\hotspot\share\prims\jni.cpp, line 520]
Event: 34.192 Thread 0x0000025ac9967310 Exception <a 'sun/nio/fs/WindowsException'{0x00000007510b3930}> (0x00000007510b3930) 
thrown [s\open\src\hotspot\share\prims\jni.cpp, line 520]
Event: 34.192 Thread 0x0000025ac9967310 Exception <a 'sun/nio/fs/WindowsException'{0x00000007510b3c90}> (0x00000007510b3c90) 
thrown [s\open\src\hotspot\share\prims\jni.cpp, line 520]
Event: 34.195 Thread 0x0000025ac9967310 Exception <a 'sun/nio/fs/WindowsException'{0x00000007510da920}> (0x00000007510da920) 
thrown [s\open\src\hotspot\share\prims\jni.cpp, line 520]
Event: 34.195 Thread 0x0000025ac9967310 Exception <a 'sun/nio/fs/WindowsException'{0x00000007510dac48}> (0x00000007510dac48) 
thrown [s\open\src\hotspot\share\prims\jni.cpp, line 520]
Event: 34.303 Thread 0x0000025ac9967310 Exception <a 'sun/nio/fs/WindowsException'{0x0000000751143878}> (0x0000000751143878) 
thrown [s\open\src\hotspot\share\prims\jni.cpp, line 520]
Event: 34.303 Thread 0x0000025ac9967310 Exception <a 'sun/nio/fs/WindowsException'{0x0000000751143b58}> (0x0000000751143b58) 
thrown [s\open\src\hotspot\share\prims\jni.cpp, line 520]
Event: 34.325 Thread 0x0000025ac9967310 Exception <a 'sun/nio/fs/WindowsException'{0x0000000750e53fe0}> (0x0000000750e53fe0) 
thrown [s\open\src\hotspot\share\prims\jni.cpp, line 520]
Event: 34.325 Thread 0x0000025ac9967310 Exception <a 'sun/nio/fs/WindowsException'{0x0000000750e54388}> (0x0000000750e54388) 
thrown [s\open\src\hotspot\share\prims\jni.cpp, line 520]
Event: 34.335 Thread 0x0000025ac9967310 Exception <a 'sun/nio/fs/WindowsException'{0x0000000750ef2940}> (0x0000000750ef2940) 
thrown [s\open\src\hotspot\share\prims\jni.cpp, line 520]
Event: 34.335 Thread 0x0000025ac9967310 Exception <a 'sun/nio/fs/WindowsException'{0x0000000750ef2ce8}> (0x0000000750ef2ce8) 
thrown [s\open\src\hotspot\share\prims\jni.cpp, line 520]
Event: 34.488 Thread 0x0000025ac9967310 Implicit null exception at 0x0000025adbb2caef to 0x0000025adbb2e4d8
Event: 34.488 Thread 0x0000025ac9967310 Implicit null exception at 0x0000025adbac299b to 0x0000025adbac2b94
Event: 34.489 Thread 0x0000025ac9967310 Implicit null exception at 0x0000025adbb11c89 to 0x0000025adbb12528
Event: 37.450 Thread 0x0000025ac9967310 Exception <a 'sun/nio/fs/WindowsException'{0x00000007507610b0}> (0x00000007507610b0) 
thrown [s\open\src\hotspot\share\prims\jni.cpp, line 520]
Event: 37.450 Thread 0x0000025ac9967310 Exception <a 'sun/nio/fs/WindowsException'{0x0000000750761380}> (0x0000000750761380) 
thrown [s\open\src\hotspot\share\prims\jni.cpp, line 520]

ZGC Phase Switch (0 events):
No events

VM Operations (20 events):
Event: 24.429 Executing VM operation: Cleanup done
Event: 24.430 Executing VM operation: HandshakeAllThreads (Deoptimize)
Event: 24.430 Executing VM operation: HandshakeAllThreads (Deoptimize) done
Event: 25.430 Executing VM operation: Cleanup
Event: 25.431 Executing VM operation: Cleanup done
Event: 26.432 Executing VM operation: Cleanup
Event: 26.553 Executing VM operation: Cleanup done
Event: 28.553 Executing VM operation: Cleanup
Event: 28.553 Executing VM operation: Cleanup done
Event: 30.554 Executing VM operation: Cleanup
Event: 30.554 Executing VM operation: Cleanup done
Event: 32.555 Executing VM operation: Cleanup
Event: 32.555 Executing VM operation: Cleanup done
Event: 33.556 Executing VM operation: Cleanup
Event: 33.556 Executing VM operation: Cleanup done
Event: 34.557 Executing VM operation: Cleanup
Event: 34.620 Executing VM operation: Cleanup done
Event: 36.621 Executing VM operation: Cleanup
Event: 36.621 Executing VM operation: Cleanup done
Event: 37.622 Executing VM operation: Cleanup

Events (20 events):
Event: 2.357 Thread 0x0000025ae958e230 Thread added: 0x0000025ae958e230
Event: 2.357 Thread 0x0000025ae958ec80 Thread added: 0x0000025ae958ec80
Event: 2.357 Thread 0x0000025ae958f6d0 Thread added: 0x0000025ae958f6d0
Event: 2.357 Thread 0x0000025ae9592130 Thread added: 0x0000025ae9592130
Event: 2.357 Thread 0x0000025ae9594ec0 Thread added: 0x0000025ae9594ec0
Event: 2.359 Thread 0x0000025ae9596600 Thread added: 0x0000025ae9596600
Event: 2.458 Thread 0x0000025ae97e0ef0 Thread added: 0x0000025ae97e0ef0
Event: 2.606 Thread 0x0000025ae97e4730 Thread added: 0x0000025ae97e4730
Event: 3.957 Thread 0x0000025aee0bee00 Thread added: 0x0000025aee0bee00
Event: 4.616 Thread 0x0000025aee0bee00 Thread exited: 0x0000025aee0bee00
Event: 5.431 Thread 0x0000025aee1fa500 Thread added: 0x0000025aee1fa500
Event: 5.630 Thread 0x0000025aee1fa500 Thread exited: 0x0000025aee1fa500
Event: 8.980 Thread 0x0000025aee41cbe0 Thread added: 0x0000025aee41cbe0
Event: 9.812 Thread 0x0000025aee41cbe0 Thread exited: 0x0000025aee41cbe0
Event: 23.430 Thread 0x0000025aee9fcd20 Thread added: 0x0000025aee9fcd20
Event: 25.720 Thread 0x0000025ae9765640 Thread added: 0x0000025ae9765640
Event: 26.199 Thread 0x0000025ae9765640 Thread exited: 0x0000025ae9765640
Event: 26.888 Thread 0x0000025ae9898910 Thread added: 0x0000025ae9898910
Event: 27.342 Thread 0x0000025ae9898910 Thread exited: 0x0000025ae9898910
Event: 37.561 Thread 0x0000025aee2e5260 Thread added: 0x0000025aee2e5260


Dynamic libraries:
0x00007ff6e7780000 - 0x00007ff6e7790000 	C:\Program Files\Java\jdk-21\bin\java.exe
0x00007ffde7a30000 - 0x00007ffde7c28000 	C:\WINDOWS\SYSTEM32\ntdll.dll
0x00007ffde6e80000 - 0x00007ffde6f42000 	C:\WINDOWS\System32\KERNEL32.DLL
0x00007ffde56c0000 - 0x00007ffde59b6000 	C:\WINDOWS\System32\KERNELBASE.dll
0x00007ffdc4f50000 - 0x00007ffdc4f69000 	C:\Program Files\Java\jdk-21\bin\jli.dll
0x00007ffdbd2a0000 - 0x00007ffdbd2bb000 	C:\Program Files\Java\jdk-21\bin\VCRUNTIME140.dll
0x00007ffde6a90000 - 0x00007ffde6b41000 	C:\WINDOWS\System32\ADVAPI32.dll
0x00007ffde7070000 - 0x00007ffde710e000 	C:\WINDOWS\System32\msvcrt.dll
0x00007ffde5d60000 - 0x00007ffde5dff000 	C:\WINDOWS\System32\sechost.dll
0x00007ffde6d60000 - 0x00007ffde6e80000 	C:\WINDOWS\System32\RPCRT4.dll
0x00007ffde59f0000 - 0x00007ffde5a17000 	C:\WINDOWS\System32\bcrypt.dll
0x00007ffde5b30000 - 0x00007ffde5cd1000 	C:\WINDOWS\System32\USER32.dll
0x00007ffde59c0000 - 0x00007ffde59e2000 	C:\WINDOWS\System32\win32u.dll
0x00007ffde67d0000 - 0x00007ffde67fb000 	C:\WINDOWS\System32\GDI32.dll
0x00007ffdd1f70000 - 0x00007ffdd220b000 	C:\WINDOWS\WinSxS\amd64_microsoft.windows.common-controls_6595b64144ccf1df_6.0.19041.6456_none_60b8a6cb71f64256\COMCTL32.dll
0x00007ffde54d0000 - 0x00007ffde55e9000 	C:\WINDOWS\System32\gdi32full.dll
0x00007ffde5120000 - 0x00007ffde51bd000 	C:\WINDOWS\System32\msvcp_win.dll
0x00007ffddee20000 - 0x00007ffddee2a000 	C:\WINDOWS\SYSTEM32\VERSION.dll
0x00007ffde51c0000 - 0x00007ffde52c0000 	C:\WINDOWS\System32\ucrtbase.dll
0x00007ffde7990000 - 0x00007ffde79bf000 	C:\WINDOWS\System32\IMM32.DLL
0x00007ffdca470000 - 0x00007ffdca47c000 	C:\Program Files\Java\jdk-21\bin\vcruntime140_1.dll
0x00007ffdb3a40000 - 0x00007ffdb3ace000 	C:\Program Files\Java\jdk-21\bin\msvcp140.dll
0x00007ffd8c9e0000 - 0x00007ffd8d6fa000 	C:\Program Files\Java\jdk-21\bin\server\jvm.dll
0x00007ffde6800000 - 0x00007ffde686b000 	C:\WINDOWS\System32\WS2_32.dll
0x00007ffde4ef0000 - 0x00007ffde4f3b000 	C:\WINDOWS\SYSTEM32\POWRPROF.dll
0x00007ffdc4e10000 - 0x00007ffdc4e37000 	C:\WINDOWS\SYSTEM32\WINMM.dll
0x00007ffde4ed0000 - 0x00007ffde4ee2000 	C:\WINDOWS\SYSTEM32\UMPDC.dll
0x00007ffde2de0000 - 0x00007ffde2df2000 	C:\WINDOWS\SYSTEM32\kernel.appcore.dll
0x00007ffdca310000 - 0x00007ffdca31a000 	C:\Program Files\Java\jdk-21\bin\jimage.dll
0x00007ffdd3a40000 - 0x00007ffdd3c41000 	C:\WINDOWS\SYSTEM32\DBGHELP.DLL
0x00007ffdd00c0000 - 0x00007ffdd00f4000 	C:\WINDOWS\SYSTEM32\dbgcore.DLL
0x00007ffde5090000 - 0x00007ffde5112000 	C:\WINDOWS\System32\bcryptPrimitives.dll
0x00007ffdbc9b0000 - 0x00007ffdbc9cf000 	C:\Program Files\Java\jdk-21\bin\java.dll
0x00007ffde5e00000 - 0x00007ffde6570000 	C:\WINDOWS\System32\SHELL32.dll
0x00007ffde30c0000 - 0x00007ffde3865000 	C:\WINDOWS\SYSTEM32\windows.storage.dll
0x00007ffde7580000 - 0x00007ffde78d4000 	C:\WINDOWS\System32\combase.dll
0x00007ffde49e0000 - 0x00007ffde4a0b000 	C:\WINDOWS\SYSTEM32\Wldp.dll
0x00007ffde69b0000 - 0x00007ffde6a7d000 	C:\WINDOWS\System32\OLEAUT32.dll
0x00007ffde78e0000 - 0x00007ffde798d000 	C:\WINDOWS\System32\SHCORE.dll
0x00007ffde5ce0000 - 0x00007ffde5d3b000 	C:\WINDOWS\System32\shlwapi.dll
0x00007ffde4fc0000 - 0x00007ffde4fe4000 	C:\WINDOWS\SYSTEM32\profapi.dll
0x00007ffdb2ad0000 - 0x00007ffdb2ba7000 	C:\Program Files\Java\jdk-21\bin\jsvml.dll
0x00007ffdca180000 - 0x00007ffdca190000 	C:\Program Files\Java\jdk-21\bin\net.dll
0x00007ffddeac0000 - 0x00007ffddebca000 	C:\WINDOWS\SYSTEM32\WINHTTP.dll
0x00007ffde46f0000 - 0x00007ffde475a000 	C:\WINDOWS\system32\mswsock.dll
0x00007ffdbc990000 - 0x00007ffdbc9a6000 	C:\Program Files\Java\jdk-21\bin\nio.dll
0x00007ffdbc4f0000 - 0x00007ffdbc508000 	C:\Program Files\Java\jdk-21\bin\zip.dll
0x00007ffdb5e10000 - 0x00007ffdb5e34000 	C:\Users\2oleg\Downloads\apache-maven-3.9.11-bin\apache-maven-3.9.11\lib\jansi-native\Windows\x86_64\jansi.dll
0x00007ffdca040000 - 0x00007ffdca050000 	C:\Program Files\Java\jdk-21\bin\verify.dll

dbghelp: loaded successfully - version: 4.0.5 - missing functions: none
symbol engine: initialized successfully - sym options: 0x614 - pdb path: .;C:\Program Files\Java\jdk-21\bin;C:\WINDOWS\SYSTEM32;C:\WINDOWS\WinSxS\amd64_microsoft.windows.common-controls_6595b64144ccf1df_6.0.19041.6456_none_60b8a6cb71f64256;C:\Program Files\Java\jdk-21\bin\server;C:\Users\2oleg\Downloads\apache-maven-3.9.11-bin\apache-maven-3.9.11\lib\jansi-native\Windows\x86_64

VM Arguments:
jvm_args: --enable-native-access=ALL-UNNAMED -Dclassworlds.conf=C:\Users\2oleg\Downloads\apache-maven-3.9.11-bin\apache-maven-3.9.11\bin\m2.conf -Dmaven.home=C:\Users\2oleg\Downloads\apache-maven-3.9.11-bin\apache-maven-3.9.11 -Dlibrary.jansi.path=C:\Users\2oleg\Downloads\apache-maven-3.9.11-bin\apache-maven-3.9.11\lib\jansi-native -Dmaven.multiModuleProjectDirectory=C:\Users\2oleg\Downloads\Telegram Desktop\Kefir\Backend\Delivery 
java_command: org.codehaus.plexus.classworlds.launcher.Launcher spring-boot:run -Dserver.port=8088 -DskipTests
java_class_path (initial): C:\Users\2oleg\Downloads\apache-maven-3.9.11-bin\apache-maven-3.9.11\boot\plexus-classworlds-2.9.0.jar
Launcher Type: SUN_STANDARD

[Global flags]
     intx CICompilerCount                          = 4                                         {product} {ergonomic}
     uint ConcGCThreads                            = 2                                         {product} {ergonomic}
     uint G1ConcRefinementThreads                  = 8                                         {product} {ergonomic}
   size_t G1HeapRegionSize                         = 2097152                                   {product} {ergonomic}
    uintx GCDrainStackTargetSize                   = 64                                        {product} {ergonomic}
   size_t InitialHeapSize                          = 192937984                                 {product} {ergonomic}
   size_t MarkStackSize                            = 4194304                                   {product} {ergonomic}
   size_t MaxHeapSize                              = 3074424832                                {product} {ergonomic}
   size_t MaxNewSize                               = 1843396608                                {product} {ergonomic}
   size_t MinHeapDeltaBytes                        = 2097152                                   {product} {ergonomic}
   size_t MinHeapSize                              = 8388608                                   {product} {ergonomic}
    uintx NonNMethodCodeHeapSize                   = 5839372                                {pd product} {ergonomic}
    uintx NonProfiledCodeHeapSize                  = 122909434                              {pd product} {ergonomic}
    uintx ProfiledCodeHeapSize                     = 122909434                              {pd product} {ergonomic}
    uintx ReservedCodeCacheSize                    = 251658240                              {pd product} {ergonomic}
     bool SegmentedCodeCache                       = true                                      {product} {ergonomic}
   size_t SoftMaxHeapSize                          = 3074424832                             {manageable} {ergonomic}
     bool UseCompressedOops                        = true                           {product lp64_product} {ergonomic}
     bool UseG1GC                                  = true                                      {product} {ergonomic}
     bool UseLargePagesIndividualAllocation        = false                                  {pd product} {ergonomic}

Logging:
Log output configuration:
 #0: stdout all=warning uptime,level,tags foldmultilines=false
 #1: stderr all=off uptime,level,tags foldmultilines=false

Environment Variables:
JAVA_HOME=C:\Program Files\Java\jdk-21
PATH=C:\Program Files\Common Files\Oracle\Java\javapath;C:\Program Files (x86)\Cuminas\Document Express DjVu Plug-in\;C:\Program Files (x86)\Razer Chroma SDK\bin;C:\Program Files\Razer Chroma SDK\bin;C:\WINDOWS\system32;C:\WINDOWS;C:\WINDOWS\System32\Wbem;C:\WINDOWS\System32\WindowsPowerShell\v1.0\;C:\WINDOWS\System32\OpenSSH\;C:\Program Files (x86)\NVIDIA Corporation\PhysX\Common;C:\WINDOWS\system32\config\systemprofile\AppData\Local\Microsoft\WindowsApps;C:\Program Files (x86)\Razer\ChromaBroadcast\bin;C:\Program Files\Razer\ChromaBroadcast\bin;C:\Users\2oleg\AppData\Local\Microsoft\WindowsApps;C:\Program Files\JetBrains\IntelliJ IDEA Community Edition 2024.3\bin;C:\Users\2oleg\AppData\Local\Programs\Microsoft VS Code\bin;C:\Program Files\Docker\Docker\resources\bin;C:\Users\2oleg\Downloads\curl-8.16.0_6-win64-mingw.zip\curl-8.16.0_6-win64-mingw\bin;C:\Users\2oleg\Downloads\curl-8.16.0_6-win64-mingw\curl-8.16.0_6-win64-mingw\bin;C:\Users\2oleg\Downloads\apache-maven-3.9.11-bin\apache-maven-3.9.11\bin;C:\ProgramData\chocolatey\bin;C:\Users\2oleg\AppData\Roaming\Cloud Foundry;C:\Program Files\Git\cmd;C:\Program Files\nodejs\;C:\Users\2oleg\AppData\Local\Muse Hub\lib;C:\Program Files\JetBrains\IntelliJ IDEA Community Edition 2025.2.4\bin;C:\Program Files\jq.exe;C:\Users\2oleg\AppData\Local\Microsoft\WinGet\Packages\jqlang.jq_Microsoft.Winget.Source_8wekyb3d8bbwe;C:\Program Files\Java\jdk-24;C:\Users\2oleg\Downloads\gradle-9.0.0-bin\gradle-9.0.0\bin;C:\Users\2oleg\AppData\Local\GitHubDesktop\bin;C:\Users\2oleg\AppData\Roaming\npm
USERNAME=2oleg
OS=Windows_NT
PROCESSOR_IDENTIFIER=Intel64 Family 6 Model 60 Stepping 3, GenuineIntel
TMP=C:\Users\2oleg\AppData\Local\Temp
TEMP=C:\Users\2oleg\AppData\Local\Temp




Periodic native trim disabled

---------------  S Y S T E M  ---------------

OS:
 Windows 10 , 64 bit Build 19041 (10.0.19041.5915)
OS uptime: 0 days 9:38 hours
Hyper-V role detected

CPU: total 8 (initial active 8) (4 cores per cpu, 2 threads per core) family 6 model 60 stepping 3 microcode 0x27, cx8, cmov, fxsr, ht, mmx, sse, sse2, sse3, ssse3, sse4.1, sse4.2, popcnt, lzcnt, tsc, tscinvbit, avx, avx2, aes, erms, clmul, bmi1, bmi2, fma, vzeroupper, clflush, hv, rdtscp, f16c
Processor Information for all 8 processors :
  Max Mhz: 2401, Current Mhz: 2401, Mhz Limit: 2401

Memory: 4k page, system-wide physical 11723M (474M free)
TotalPageFile size 23723M (AvailPageFile size 29M)
current process WorkingSet (physical memory assigned to process): 155M, peak: 155M
current process commit charge ("private bytes"): 307M, peak: 307M

vm_info: Java HotSpot(TM) 64-Bit Server VM (21.0.7+8-LTS-245) for windows-amd64 JRE (21.0.7+8-LTS-245), built on 2025-02-21T05:11:27Z by "mach5one" with MS VC++ 17.6 (VS2022)

END.
