#
# There is insufficient memory for the Java Runtime Environment to continue.
# Native memory allocation (mmap) failed to map 65536 bytes for Failed to commit metaspace.
# Possible reasons:
#   The system is out of physical RAM or swap space
#   The process is running with CompressedOops enabled, and the Java Heap may be blocking the growth of the native heap
# Possible solutions:
#   Reduce memory load on the system
#   Increase physical memory or swap space
#   Check if swap backing store is full
#   Decrease Java heap size (-Xmx/-Xms)
#   Decrease number of Java threads
#   Decrease Java thread stack sizes (-Xss)
#   Set larger code cache with -XX:ReservedCodeCacheSize=
#   JVM is running with Zero Based Compressed Oops mode in which the Java heap is
#     placed in the first 32GB address space. The Java Heap base address is the
#     maximum limit for the native heap growth. Please use -XX:HeapBaseMinAddress
#     to set the Java Heap base and to place the Java Heap above 32GB virtual address.
# This output file may be truncated or incomplete.
#
#  Out of Memory Error (virtualSpaceNode.cpp:112), pid=5728, tid=15660
#
# JRE version: Java(TM) SE Runtime Environment (21.0.7+8) (build 21.0.7+8-LTS-245)
# Java VM: Java HotSpot(TM) 64-Bit Server VM (21.0.7+8-LTS-245, mixed mode, emulated-client, sharing, tiered, compressed oops, compressed class ptrs, g1 gc, windows-amd64)
# No core dump will be written. Minidumps are not enabled by default on client versions of Windows
#

---------------  S U M M A R Y ------------

Command Line: -XX:TieredStopAtLevel=1 yand.User.UserApplication

Host: Intel(R) Core(TM) i7-4700HQ CPU @ 2.40GHz, 8 cores, 11G,  Windows 10 , 64 bit Build 19041 (10.0.19041.5915)
Time: Wed Dec 17 04:40:08 2025 RTZ 2 (s 10 , 64 bit Build 19041 (10.0.19041.5915) elapsed time: 41.292688 seconds (0d 0h 0m 41s)

---------------  T H R E A D  ---------------

Current thread (0x000001fc3dfaa590):  JavaThread "main"             [_thread_in_vm, id=15660, stack(0x000000ed0cc00000,0x000000ed0cd00000) (1024K)]

Stack: [0x000000ed0cc00000,0x000000ed0cd00000]
Native frames: (J=compiled Java code, j=interpreted, Vv=VM code, C=native code)
V  [jvm.dll+0x6cae19]
V  [jvm.dll+0x855741]
V  [jvm.dll+0x857c6e]
V  [jvm.dll+0x858343]
V  [jvm.dll+0x27e0b6]
V  [jvm.dll+0x85135e]
V  [jvm.dll+0x66ea55]
V  [jvm.dll+0x1e410c]
V  [jvm.dll+0x1e3ede]
V  [jvm.dll+0x671383]
V  [jvm.dll+0x6711a2]
V  [jvm.dll+0x66f42e]
V  [jvm.dll+0x2152b8]
V  [jvm.dll+0x215d51]
V  [jvm.dll+0x20b1ee]
V  [jvm.dll+0x5ad9cc]
V  [jvm.dll+0x7cf846]
V  [jvm.dll+0x471336]
V  [jvm.dll+0x4771b8]
C  [java.dll+0x17ec]

Java frames: (J=compiled Java code, j=interpreted, Vv=VM code)
J 577  java.lang.ClassLoader.defineClass1(Ljava/lang/ClassLoader;Ljava/lang/String;[BIILjava/security/ProtectionDomain;Ljava/lang/String;)Ljava/lang/Class; java.base@21.0.7 (0 bytes) @ 0x000001fc48268291 [0x000001fc482681c0+0x00000000000000d1]
J 962 c1 java.lang.ClassLoader.defineClass(Ljava/lang/String;[BIILjava/security/ProtectionDomain;)Ljava/lang/Class; java.base@21.0.7 (43 bytes) @ 0x000001fc48306284 [0x000001fc48306160+0x0000000000000124]
J 841 c1 jdk.internal.loader.BuiltinClassLoader.defineClass(Ljava/lang/String;Ljdk/internal/loader/Resource;)Ljava/lang/Class; java.base@21.0.7 (121 bytes) @ 0x000001fc482d3b24 [0x000001fc482d35c0+0x0000000000000564]
J 838 c1 jdk.internal.loader.BuiltinClassLoader.findClassOnClassPathOrNull(Ljava/lang/String;)Ljava/lang/Class; java.base@21.0.7 (64 bytes) @ 0x000001fc482d28bc [0x000001fc482d25e0+0x00000000000002dc]
J 397 c1 jdk.internal.loader.BuiltinClassLoader.loadClassOrNull(Ljava/lang/String;Z)Ljava/lang/Class; java.base@21.0.7 (143 bytes) @ 0x000001fc4822498c [0x000001fc48224580+0x000000000000040c]
J 715 c1 jdk.internal.loader.ClassLoaders$AppClassLoader.loadClass(Ljava/lang/String;Z)Ljava/lang/Class; java.base@21.0.7 (40 bytes) @ 0x000001fc4829e90c [0x000001fc4829e8c0+0x000000000000004c]
J 714 c1 java.lang.ClassLoader.loadClass(Ljava/lang/String;)Ljava/lang/Class; java.base@21.0.7 (7 bytes) @ 0x000001fc4829e114 [0x000001fc4829e0c0+0x0000000000000054]
v  ~StubRoutines::call_stub 0x000001fc47ed100d
j  org.hibernate.metamodel.model.domain.internal.EntityPersisterConcurrentMap.put(Ljava/lang/String;Lorg/hibernate/persister/entity/EntityPersister;)V+5
j  org.hibernate.metamodel.model.domain.internal.MappingMetamodelImpl.processBootEntities(Ljava/util/Collection;Lorg/hibernate/cache/spi/CacheImplementor;Lorg/hibernate/persister/spi/PersisterFactory;Lorg/hibernate/metamodel/spi/RuntimeModelCreationContext;)V+94
j  org.hibernate.metamodel.model.domain.internal.MappingMetamodelImpl.finishInitialization(Lorg/hibernate/metamodel/spi/RuntimeModelCreationContext;)V+90
j  org.hibernate.internal.SessionFactoryImpl.initializeMappingModel(Lorg/hibernate/metamodel/model/domain/internal/MappingMetamodelImpl;Lorg/hibernate/boot/spi/BootstrapContext;Lorg/hibernate/boot/spi/MetadataImplementor;Lorg/hibernate/boot/spi/SessionFactoryOptions;)V+18
j  org.hibernate.internal.SessionFactoryImpl.<init>(Lorg/hibernate/boot/spi/MetadataImplementor;Lorg/hibernate/boot/spi/SessionFactoryOptions;Lorg/hibernate/boot/spi/BootstrapContext;)V+599
j  org.hibernate.boot.internal.SessionFactoryBuilderImpl.build()Lorg/hibernate/SessionFactory;+16
j  org.hibernate.jpa.boot.internal.EntityManagerFactoryBuilderImpl.build()Ljakarta/persistence/EntityManagerFactory;+22
j  org.springframework.orm.jpa.vendor.SpringHibernateJpaPersistenceProvider.createContainerEntityManagerFactory(Ljakarta/persistence/spi/PersistenceUnitInfo;Ljava/util/Map;)Ljakarta/persistence/EntityManagerFactory;+59
j  org.springframework.orm.jpa.LocalContainerEntityManagerFactoryBean.createNativeEntityManagerFactory()Ljakarta/persistence/EntityManagerFactory;+111
j  org.springframework.orm.jpa.AbstractEntityManagerFactoryBean.buildNativeEntityManagerFactory()Ljakarta/persistence/EntityManagerFactory;+1
j  org.springframework.orm.jpa.AbstractEntityManagerFactoryBean.afterPropertiesSet()V+192
j  org.springframework.orm.jpa.LocalContainerEntityManagerFactoryBean.afterPropertiesSet()V+81
j  org.springframework.beans.factory.support.AbstractAutowireCapableBeanFactory.invokeInitMethods(Ljava/lang/String;Ljava/lang/Object;Lorg/springframework/beans/factory/support/RootBeanDefinition;)V+56
j  org.springframework.beans.factory.support.AbstractAutowireCapableBeanFactory.initializeBean(Ljava/lang/String;Ljava/lang/Object;Lorg/springframework/beans/factory/support/RootBeanDefinition;)Ljava/lang/Object;+34
j  org.springframework.beans.factory.support.AbstractAutowireCapableBeanFactory.doCreateBean(Ljava/lang/String;Lorg/springframework/beans/factory/support/RootBeanDefinition;[Ljava/lang/Object;)Ljava/lang/Object;+228
j  org.springframework.beans.factory.support.AbstractAutowireCapableBeanFactory.createBean(Ljava/lang/String;Lorg/springframework/beans/factory/support/RootBeanDefinition;[Ljava/lang/Object;)Ljava/lang/Object;+153
j  org.springframework.beans.factory.support.AbstractBeanFactory.lambda$doGetBean$0(Ljava/lang/String;Lorg/springframework/beans/factory/support/RootBeanDefinition;[Ljava/lang/Object;)Ljava/lang/Object;+4
j  org.springframework.beans.factory.support.AbstractBeanFactory$$Lambda+0x000001fc53211f18.getObject()Ljava/lang/Object;+16
j  org.springframework.beans.factory.support.DefaultSingletonBeanRegistry.getSingleton(Ljava/lang/String;Lorg/springframework/beans/factory/ObjectFactory;)Ljava/lang/Object;+897
J 2555 c1 org.springframework.beans.factory.support.AbstractBeanFactory.doGetBean(Ljava/lang/String;Ljava/lang/Class;[Ljava/lang/Object;Z)Ljava/lang/Object; (787 bytes) @ 0x000001fc485755e4 [0x000001fc48574f60+0x0000000000000684]
J 2561 c1 org.springframework.beans.factory.support.AbstractBeanFactory.getBean(Ljava/lang/String;Ljava/lang/Class;)Ljava/lang/Object; (9 bytes) @ 0x000001fc48572b94 [0x000001fc48572b40+0x0000000000000054]
j  org.springframework.context.support.AbstractApplicationContext.finishBeanFactoryInitialization(Lorg/springframework/beans/factory/config/ConfigurableListableBeanFactory;)V+226
j  org.springframework.context.support.AbstractApplicationContext.refresh()V+94
j  org.springframework.boot.web.servlet.context.ServletWebServerApplicationContext.refresh()V+1
j  org.springframework.boot.SpringApplication.refresh(Lorg/springframework/context/ConfigurableApplicationContext;)V+1
j  org.springframework.boot.SpringApplication.refreshContext(Lorg/springframework/context/ConfigurableApplicationContext;)V+19
j  org.springframework.boot.SpringApplication.run([Ljava/lang/String;)Lorg/springframework/context/ConfigurableApplicationContext;+113
j  org.springframework.boot.SpringApplication.run([Ljava/lang/Class;[Ljava/lang/String;)Lorg/springframework/context/ConfigurableApplicationContext;+9
j  org.springframework.boot.SpringApplication.run(Ljava/lang/Class;[Ljava/lang/String;)Lorg/springframework/context/ConfigurableApplicationContext;+9
j  yand.User.UserApplication.main([Ljava/lang/String;)V+3
v  ~StubRoutines::call_stub 0x000001fc47ed100d

Compiled method (n/a)   41437  577     n 0       java.lang.ClassLoader::defineClass1 (native)
 total in heap  [0x000001fc48268010,0x000001fc48268670] = 1632
 relocation     [0x000001fc48268170,0x000001fc482681a8] = 56
 main code      [0x000001fc482681c0,0x000001fc4826866f] = 1199
 stub code      [0x000001fc4826866f,0x000001fc48268670] = 1

[Constant Pool (empty)]

[MachCode]
[Entry Point]
  # {method} {0x000001fc52439a30} 'defineClass1' '(Ljava/lang/ClassLoader;Ljava/lang/String;[BIILjava/security/ProtectionDomain;Ljava/lang/String;)Ljava/lang/Class;' in 'java/lang/ClassLoader'
  # parm0:    rdx:rdx   = 'java/lang/ClassLoader'
  # parm1:    r8:r8     = 'java/lang/String'
  # parm2:    r9:r9     = '[B'
  # parm3:    rdi       = int
  # parm4:    rsi       = int
  # parm5:    rcx:rcx   = 'java/security/ProtectionDomain'
  # parm6:    [sp+0xa0]   = 'java/lang/String'  (sp of caller)
  0x000001fc482681c0: 448b 5208 | 49bb 0000 | 0052 fc01 | 0000 4d03 | d349 3bc2 | 0f84 0600 

  0x000001fc482681d8: ;   {runtime_call ic_miss_stub}
  0x000001fc482681d8: 0000 e9a1 | 65cb ff90 
[Verified Entry Point]
  0x000001fc482681e0: 8984 2400 | 80ff ff55 | 488b ec48 | 81ec 9000 | 0000 6690 | 4181 7f20 | 0500 0000 

  0x000001fc482681fc: ;   {runtime_call StubRoutines (final stubs)}
  0x000001fc482681fc: 7405 e85d | cbc9 ff48 | 837d 1000 | 488d 4510 | 480f 4445 | 1048 8944 | 2440 4889 | 4c24 7048 
  0x000001fc4826821c: 83f9 0048 | 8d44 2470 | 480f 4444 | 2470 4889 | 4424 3848 | 8974 2430 | 4889 7c24 | 284c 894c 
  0x000001fc4826823c: 2458 4983 | f900 488d | 4424 5848 | 0f44 4424 | 5848 8944 | 2420 4c89 | 4424 5049 | 83f8 004c 
  0x000001fc4826825c: 8d4c 2450 | 4c0f 444c | 2450 4889 | 5424 4848 | 83fa 004c | 8d44 2448 | 4c0f 4444 

  0x000001fc48268278: ;   {oop(a 'java/lang/Class'{0x0000000748de0590} = 'java/lang/ClassLoader')}
  0x000001fc48268278: 2448 49be | 9005 de48 | 0700 0000 | 4c89 7424 | 784c 8d74 | 2478 498b | d6c5 f877 

  0x000001fc48268294: ;   {internal_word}
  0x000001fc48268294: 49ba 9182 | 2648 fc01 | 0000 4d89 | 97a0 0300 | 0049 89a7 | 9803 0000 

  0x000001fc482682ac: ;   {external_word}
  0x000001fc482682ac: 49ba 2058 | 608d fd7f | 0000 4180 | 3a00 0f84 | 4e00 0000 | 5241 5041 

  0x000001fc482682c4: ;   {metadata({method} {0x000001fc52439a30} 'defineClass1' '(Ljava/lang/ClassLoader;Ljava/lang/String;[BIILjava/security/ProtectionDomain;Ljava/lang/String;)Ljava/lang/Class;' in 'java/lang/ClassLoader')}
  0x000001fc482682c4: 5148 ba28 | 9a43 52fc | 0100 0049 | 8bcf 4883 | ec20 40f6 | c40f 0f84 | 1900 0000 | 4883 ec08 
  0x000001fc482682e4: ;   {runtime_call}
  0x000001fc482682e4: 48b8 500d | 118d fd7f | 0000 ffd0 | 4883 c408 | e90c 0000 

  0x000001fc482682f8: ;   {runtime_call}
  0x000001fc482682f8: 0048 b850 | 0d11 8dfd | 7f00 00ff | d048 83c4 | 2041 5941 | 585a 498d | 8fb8 0300 | 0041 c787 
  0x000001fc48268318: 4404 0000 | 0400 0000 

  0x000001fc48268320: ;   {runtime_call}
  0x000001fc48268320: 48b8 ac16 | 9bbc fd7f | 0000 ffd0 | c5f8 7741 | c787 4404 | 0000 0500 | 0000 f083 | 4424 c000 
  0x000001fc48268340: 493b af48 | 0400 000f | 870e 0000 | 0041 83bf | 4004 0000 | 000f 842b | 0000 00c5 | f877 4889 
  0x000001fc48268360: 45f8 498b | cf4c 8be4 | 4883 ec20 | 4883 e4f0 

  0x000001fc48268370: ;   {runtime_call}
  0x000001fc48268370: 48b8 30b9 | dc8c fd7f | 0000 ffd0 | 498b e44d | 33e4 488b | 45f8 41c7 | 8744 0400 | 0008 0000 
  0x000001fc48268390: 0041 83bf | c004 0000 | 020f 84a3 

  0x000001fc4826839c: ;   {external_word}
  0x000001fc4826839c: 0200 0049 | ba20 5860 | 8dfd 7f00 | 0041 803a | 000f 844c | 0000 0048 

  0x000001fc482683b4: ;   {metadata({method} {0x000001fc52439a30} 'defineClass1' '(Ljava/lang/ClassLoader;Ljava/lang/String;[BIILjava/security/ProtectionDomain;Ljava/lang/String;)Ljava/lang/Class;' in 'java/lang/ClassLoader')}
  0x000001fc482683b4: 8945 f848 | ba28 9a43 | 52fc 0100 | 0049 8bcf | 4883 ec20 | 40f6 c40f | 0f84 1900 | 0000 4883 
  0x000001fc482683d4: ;   {runtime_call}
  0x000001fc482683d4: ec08 48b8 | 500d 118d | fd7f 0000 | ffd0 4883 | c408 e90c 

  0x000001fc482683e8: ;   {runtime_call}
  0x000001fc482683e8: 0000 0048 | b850 0d11 | 8dfd 7f00 | 00ff d048 | 83c4 2048 | 8b45 f849 | c787 9803 | 0000 0000 
  0x000001fc48268408: 0000 49c7 | 87a0 0300 | 0000 0000 | 00c5 f877 | 4885 c00f | 84fe 0100 | 00a8 030f | 8508 0000 
  0x000001fc48268428: 0048 8b00 | e9ee 0100 | 00a8 010f | 8509 0000 | 0048 8b40 | fee9 dd01 | 0000 488b | 40ff 4180 
  0x000001fc48268448: 7f40 000f | 84ce 0100 | 0048 83f8 | 000f 84c4 | 0100 0049 | 8b4f 2848 | 83f9 000f | 8414 0000 
  0x000001fc48268468: 0048 83e9 | 0849 894f | 2849 034f | 3848 8901 | e9a2 0100 | 0048 81ec | d000 0000 | 4889 0424 
  0x000001fc48268488: 4889 4c24 | 0848 8954 | 2410 4889 | 7424 1848 | 897c 2420 | 4c89 4424 | 284c 894c | 2430 4c89 
  0x000001fc482684a8: 5424 384c | 895c 2440 | c5fb 1144 | 2450 c5fb | 114c 2458 | c5fb 1154 | 2460 c5fb | 115c 2468 
  0x000001fc482684c8: c5fb 1164 | 2470 c5fb | 116c 2478 | c5fb 11b4 | 2480 0000 | 00c5 fb11 | bc24 8800 | 0000 c57b 
  0x000001fc482684e8: ;   {no_reloc}
  0x000001fc482684e8: 1184 2490 | 0000 00c5 | 7b11 8c24 | 9800 0000 | c57b 1194 | 24a0 0000 | 00c5 7b11 | 9c24 a800 
  0x000001fc48268508: 0000 c57b | 11a4 24b0 | 0000 00c5 | 7b11 ac24 | b800 0000 | c57b 11b4 | 24c0 0000 | 00c5 7b11 
  0x000001fc48268528: bc24 c800 | 0000 498b | d748 8bc8 | 4883 ec20 | 40f6 c40f | 0f84 1900 | 0000 4883 

  0x000001fc48268544: ;   {runtime_call}
  0x000001fc48268544: ec08 48b8 | 90f6 cf8c | fd7f 0000 | ffd0 4883 | c408 e90c 

  0x000001fc48268558: ;   {runtime_call}
  0x000001fc48268558: 0000 0048 | b890 f6cf | 8cfd 7f00 | 00ff d048 | 83c4 20c5 | 7b10 bc24 | c800 0000 | c57b 10b4 
  0x000001fc48268578: 24c0 0000 | 00c5 7b10 | ac24 b800 | 0000 c57b | 10a4 24b0 | 0000 00c5 | 7b10 9c24 | a800 0000 
  0x000001fc48268598: c57b 1094 | 24a0 0000 | 00c5 7b10 | 8c24 9800 | 0000 c57b | 1084 2490 | 0000 00c5 | fb10 bc24 
  0x000001fc482685b8: 8800 0000 | c5fb 10b4 | 2480 0000 | 00c5 fb10 | 6c24 78c5 | fb10 6424 | 70c5 fb10 | 5c24 68c5 
  0x000001fc482685d8: fb10 5424 | 60c5 fb10 | 4c24 58c5 | fb10 4424 | 504c 8b5c | 2440 4c8b | 5424 384c | 8b4c 2430 
  0x000001fc482685f8: 4c8b 4424 | 2848 8b7c | 2420 488b | 7424 1848 | 8b54 2410 | 488b 4c24 | 0848 8b04 | 2448 81c4 
  0x000001fc48268618: d000 0000 | c5f8 7749 | 8b8f 2804 | 0000 c781 | 0001 0000 | 0000 0000 | c949 837f | 0800 0f85 
  0x000001fc48268638: 0100 0000 

  0x000001fc4826863c: ;   {runtime_call StubRoutines (initial stubs)}
  0x000001fc4826863c: c3e9 be88 | c6ff c5f8 | 7748 8945 | f84c 8be4 | 4883 ec20 | 4883 e4f0 

  0x000001fc48268654: ;   {runtime_call}
  0x000001fc48268654: 48b8 4045 | 118d fd7f | 0000 ffd0 | 498b e44d | 33e4 488b | 45f8 e930 | fdff fff4 
[/MachCode]


Compiled method (c1)   41650  962       1       java.lang.ClassLoader::defineClass (43 bytes)
 total in heap  [0x000001fc48305f90,0x000001fc48306558] = 1480
 relocation     [0x000001fc483060f0,0x000001fc48306160] = 112
 main code      [0x000001fc48306160,0x000001fc48306328] = 456
 stub code      [0x000001fc48306328,0x000001fc483063a0] = 120
 metadata       [0x000001fc483063a0,0x000001fc483063d0] = 48
 scopes data    [0x000001fc483063d0,0x000001fc48306488] = 184
 scopes pcs     [0x000001fc48306488,0x000001fc48306528] = 160
 dependencies   [0x000001fc48306528,0x000001fc48306530] = 8
 nul chk table  [0x000001fc48306530,0x000001fc48306558] = 40

[Constant Pool (empty)]

[MachCode]
[Entry Point]
  # {method} {0x000001fc52439db0} 'defineClass' '(Ljava/lang/String;[BIILjava/security/ProtectionDomain;)Ljava/lang/Class;' in 'java/lang/ClassLoader'
  # this:     rdx:rdx   = 'java/lang/ClassLoader'
  # parm0:    r8:r8     = 'java/lang/String'
  # parm1:    r9:r9     = '[B'
  # parm2:    rdi       = int
  # parm3:    rsi       = int
  # parm4:    rcx:rcx   = 'java/security/ProtectionDomain'
  #           [sp+0xc0]  (sp of caller)
  0x000001fc48306160: 448b 5208 | 49bb 0000 | 0052 fc01 | 0000 4d03 | d34c 3bd0 

  0x000001fc48306174: ;   {runtime_call ic_miss_stub}
  0x000001fc48306174: 0f85 0686 | c1ff 660f | 1f44 0000 
[Verified Entry Point]
  0x000001fc48306180: 8984 2400 | 80ff ff55 | 4881 ecb0 | 0000 0090 | 4181 7f20 | 0500 0000 

  0x000001fc48306198: ;   {runtime_call StubRoutines (final stubs)}
  0x000001fc48306198: 7405 e8c1 | ebbf ff48 | 8954 2478 | 89b4 2494 | 0000 0089 | bc24 9000 | 0000 4c89 | 8c24 8800 
  0x000001fc483061b8: 0000 498b | d84c 8bc3 | 4c8b c948 | 8bca 488b | d148 899c | 2480 0000 | 0066 0f1f 

  0x000001fc483061d4: ;   {optimized virtual_call}
  0x000001fc483061d4: 4400 00e8 

  0x000001fc483061d8: ; ImmutableOopMap {[120]=Oop [128]=Oop [136]=Oop }
                      ;*invokevirtual preDefineClass {reexecute=0 rethrow=0 return_oop=0}
                      ; - java.lang.ClassLoader::defineClass@4 (line 1025)
  0x000001fc483061d8: e415 0000 

  0x000001fc483061dc: ;   {other}
  0x000001fc483061dc: 0f1f 8400 | 4c02 0000 | 4889 8424 | 9800 0000 

  0x000001fc483061ec: ; implicit exception: dispatches to 0x000001fc483062d2
  0x000001fc483061ec: 448b 4010 | 49c1 e003 | 4d85 c00f | 850f 0000 

  0x000001fc483061fc: ;   {oop(nullptr)}
  0x000001fc483061fc: 0048 bb00 | 0000 0000 | 0000 00e9 | 4300 0000 

  0x000001fc4830620c: ; implicit exception: dispatches to 0x000001fc483062d7
  0x000001fc4830620c: 458b 400c | 49c1 e003 | 4d85 c00f | 850f 0000 

  0x000001fc4830621c: ;   {oop(nullptr)}
  0x000001fc4830621c: 0048 bb00 | 0000 0000 | 0000 00e9 | 2300 0000 

  0x000001fc4830622c: ; implicit exception: dispatches to 0x000001fc483062dc
  0x000001fc4830622c: 418b 5038 | 48c1 e203 

  0x000001fc48306234: ; implicit exception: dispatches to 0x000001fc483062e1
                      ;   {optimized virtual_call}
  0x000001fc48306234: 483b 02e8 

  0x000001fc48306238: ; ImmutableOopMap {[120]=Oop [128]=Oop [136]=Oop [152]=Oop }
                      ;*invokevirtual toExternalForm {reexecute=0 rethrow=0 return_oop=0}
                      ; - java.net.URL::toExternalForm@5 (line 1203)
                      ; - java.net.URL::toString@1 (line 1189)
                      ; - java.lang.ClassLoader::defineClassSourceLocation@22 (line 927)
                      ; - java.lang.ClassLoader::defineClass@12 (line 1026)
  0x000001fc48306238: 44f4 f9ff 

  0x000001fc4830623c: ;   {other}
  0x000001fc4830623c: 0f1f 8400 | ac02 0001 | 488b d848 | 8b84 2498 | 0000 008b | b424 9400 | 0000 8bbc | 2490 0000 
  0x000001fc4830625c: 004c 8b8c | 2488 0000 | 004c 8b84 | 2480 0000 | 0048 8b54 | 2478 4c8b | da49 8bd3 | 488b c848 
  0x000001fc4830627c: ;   {static_call}
  0x000001fc4830627c: 891c 24e8 

  0x000001fc48306280: ; ImmutableOopMap {[120]=Oop [152]=Oop }
                      ;*invokestatic defineClass1 {reexecute=0 rethrow=0 return_oop=0}
                      ; - java.lang.ClassLoader::defineClass@27 (line 1027)
  0x000001fc48306280: 5c1f f6ff 

  0x000001fc48306284: ;   {other}
  0x000001fc48306284: 0f1f 8400 | f402 0002 | 4c8b c04c | 8b8c 2498 | 0000 0048 | 8b54 2478 | 4889 8424 | a000 0000 
  0x000001fc483062a4: ;   {optimized virtual_call}
  0x000001fc483062a4: 6666 90e8 

  0x000001fc483062a8: ; ImmutableOopMap {[160]=Oop }
                      ;*invokevirtual postDefineClass {reexecute=0 rethrow=0 return_oop=0}
                      ; - java.lang.ClassLoader::defineClass@37 (line 1028)
  0x000001fc483062a8: 5422 0000 

  0x000001fc483062ac: ;   {other}
  0x000001fc483062ac: 0f1f 8400 | 1c03 0003 | 488b 8424 | a000 0000 | 4881 c4b0 | 0000 005d 

  0x000001fc483062c4: ;   {poll_return}
  0x000001fc483062c4: 493b a748 | 0400 000f | 8715 0000 

  0x000001fc483062d0: ;   {runtime_call throw_null_pointer_exception Runtime1 stub}
  0x000001fc483062d0: 00c3 e8a9 

  0x000001fc483062d4: ; ImmutableOopMap {rax=Oop [120]=Oop [128]=Oop [136]=Oop [152]=Oop }
                      ;*invokevirtual getCodeSource {reexecute=0 rethrow=0 return_oop=0}
                      ; - java.lang.ClassLoader::defineClassSourceLocation@1 (line 924)
                      ; - java.lang.ClassLoader::defineClass@12 (line 1026)
                      ;   {runtime_call throw_null_pointer_exception Runtime1 stub}
  0x000001fc483062d4: 38cd ffe8 

  0x000001fc483062d8: ; ImmutableOopMap {rax=Oop [120]=Oop [128]=Oop [136]=Oop [152]=Oop }
                      ;*invokevirtual getLocation {reexecute=0 rethrow=0 return_oop=0}
                      ; - java.lang.ClassLoader::defineClassSourceLocation@12 (line 926)
                      ; - java.lang.ClassLoader::defineClass@12 (line 1026)
  0x000001fc483062d8: a438 cdff 

  0x000001fc483062dc: ;   {runtime_call throw_null_pointer_exception Runtime1 stub}
  0x000001fc483062dc: e89f 38cd 

  0x000001fc483062e0: ; ImmutableOopMap {r8=Oop [120]=Oop [128]=Oop [136]=Oop [152]=Oop }
                      ;*invokevirtual toString {reexecute=0 rethrow=0 return_oop=0}
                      ; - java.lang.ClassLoader::defineClassSourceLocation@22 (line 927)
                      ; - java.lang.ClassLoader::defineClass@12 (line 1026)
                      ;   {runtime_call throw_null_pointer_exception Runtime1 stub}
  0x000001fc483062e0: ffe8 9a38 

  0x000001fc483062e4: ; ImmutableOopMap {r8=Oop rdx=Oop [120]=Oop [128]=Oop [136]=Oop [152]=Oop }
                      ;*invokevirtual toExternalForm {reexecute=0 rethrow=0 return_oop=0}
                      ; - java.net.URL::toExternalForm@5 (line 1203)
                      ; - java.net.URL::toString@1 (line 1189)
                      ; - java.lang.ClassLoader::defineClassSourceLocation@22 (line 927)
                      ; - java.lang.ClassLoader::defineClass@12 (line 1026)
                      ;   {internal_word}
  0x000001fc483062e4: cdff 49ba | c462 3048 | fc01 0000 | 4d89 9760 

  0x000001fc483062f4: ;   {runtime_call SafepointBlob}
  0x000001fc483062f4: 0400 00e9 | 04f4 c1ff | 498b 87f8 | 0400 0049 | c787 f804 | 0000 0000 | 0000 49c7 | 8700 0500 
  0x000001fc48306314: 0000 0000 | 0048 81c4 | b000 0000 

  0x000001fc48306320: ;   {runtime_call unwind_exception Runtime1 stub}
  0x000001fc48306320: 5de9 5a29 | cdff f4f4 
[Stub Code]
  0x000001fc48306328: ;   {no_reloc}
  0x000001fc48306328: 0f1f 4400 

  0x000001fc4830632c: ;   {static_stub}
  0x000001fc4830632c: 0048 bb00 | 0000 0000 

  0x000001fc48306334: ;   {runtime_call}
  0x000001fc48306334: 0000 00e9 | fbff ffff 

  0x000001fc4830633c: ;   {static_stub}
  0x000001fc4830633c: 48bb 0000 | 0000 0000 

  0x000001fc48306344: ;   {runtime_call}
  0x000001fc48306344: 0000 e9fb 

  0x000001fc48306348: ;   {static_stub}
  0x000001fc48306348: ffff ff48 | bb00 0000 | 0000 0000 

  0x000001fc48306354: ;   {runtime_call}
  0x000001fc48306354: 00e9 fbff 

  0x000001fc48306358: ;   {static_stub}
  0x000001fc48306358: ffff 48bb | 0000 0000 | 0000 0000 

  0x000001fc48306364: ;   {runtime_call}
  0x000001fc48306364: e9fb ffff 

  0x000001fc48306368: ;   {runtime_call handle_exception_from_callee Runtime1 stub}
  0x000001fc48306368: ffe8 1256 

  0x000001fc4830636c: ;   {external_word}
  0x000001fc4830636c: cdff 48b9 | b048 388d | fd7f 0000 | 4883 e4f0 

  0x000001fc4830637c: ;   {runtime_call}
  0x000001fc4830637c: 48b8 202f | 008d fd7f | 0000 ffd0 

  0x000001fc48306388: ;   {section_word}
  0x000001fc48306388: f449 ba89 | 6330 48fc | 0100 0041 

  0x000001fc48306394: ;   {runtime_call DeoptimizationBlob}
  0x000001fc48306394: 52e9 06e6 | c1ff f4f4 | f4f4 f4f4 
[/MachCode]


Compiled method (c1)   41801  841       1       jdk.internal.loader.BuiltinClassLoader::defineClass (121 bytes)
 total in heap  [0x000001fc482d3310,0x000001fc482d4238] = 3880
 relocation     [0x000001fc482d3470,0x000001fc482d35b8] = 328
 main code      [0x000001fc482d35c0,0x000001fc482d3c98] = 1752
 stub code      [0x000001fc482d3c98,0x000001fc482d3db8] = 288
 metadata       [0x000001fc482d3db8,0x000001fc482d3e00] = 72
 scopes data    [0x000001fc482d3e00,0x000001fc482d4058] = 600
 scopes pcs     [0x000001fc482d4058,0x000001fc482d41f8] = 416
 dependencies   [0x000001fc482d41f8,0x000001fc482d4200] = 8
 handler table  [0x000001fc482d4200,0x000001fc482d4218] = 24
 nul chk table  [0x000001fc482d4218,0x000001fc482d4238] = 32

[Constant Pool (empty)]

[MachCode]
[Entry Point]
  # {method} {0x000001fc52069b80} 'defineClass' '(Ljava/lang/String;Ljdk/internal/loader/Resource;)Ljava/lang/Class;' in 'jdk/internal/loader/BuiltinClassLoader'
  # this:     rdx:rdx   = 'jdk/internal/loader/BuiltinClassLoader'
  # parm0:    r8:r8     = 'java/lang/String'
  # parm1:    r9:r9     = 'jdk/internal/loader/Resource'
  #           [sp+0x110]  (sp of caller)
  0x000001fc482d35c0: 448b 5208 | 49bb 0000 | 0052 fc01 | 0000 4d03 | d34c 3bd0 

  0x000001fc482d35d4: ;   {runtime_call ic_miss_stub}
  0x000001fc482d35d4: 0f85 a6b1 | c4ff 660f | 1f44 0000 
[Verified Entry Point]
  0x000001fc482d35e0: 8984 2400 | 80ff ff55 | 4881 ec00 | 0100 0090 | 4181 7f20 | 0500 0000 

  0x000001fc482d35f8: ;   {runtime_call StubRoutines (final stubs)}
  0x000001fc482d35f8: 7405 e861 | 17c3 ff48 | 8994 24a0 | 0000 004c | 8984 2490 | 0000 004c | 898c 2498 | 0000 0049 
  0x000001fc482d3618: 8bd1 6666 | 9048 b8ff | ffff ffff 

  0x000001fc482d3624: ;   {virtual_call}
  0x000001fc482d3624: ffff ffe8 

  0x000001fc482d3628: ; ImmutableOopMap {[144]=Oop [152]=Oop [160]=Oop }
                      ;*invokevirtual getCodeSourceURL {reexecute=0 rethrow=0 return_oop=0}
                      ; - jdk.internal.loader.BuiltinClassLoader::defineClass@1 (line 842)
  0x000001fc482d3628: 74ee ebff 

  0x000001fc482d362c: ;   {other}
  0x000001fc482d362c: 0f1f 8400 | 1c03 0000 | 4889 8424 | a800 0000 | 4c8b 8424 | 9000 0000 

  0x000001fc482d3644: ; implicit exception: dispatches to 0x000001fc482d3b92
  0x000001fc482d3644: 418b 7014 | 48c1 e603 

  0x000001fc482d364c: ; implicit exception: dispatches to 0x000001fc482d3b97
  0x000001fc482d364c: 8b56 0c45 | 0fbe 4810 | 498b c9c1 | e118 c1f9 | 18d3 fa48 | 8bfa ffcf | 4585 c9ba | 0000 0000 
  0x000001fc482d366c: 7505 ba01 | 0000 0083 | e201 85d2 | 488b d641 | b82e 0000 | 004c 8bcf | 0f84 1700 | 0000 0f1f 
  0x000001fc482d368c: ;   {static_call}
  0x000001fc482d368c: 4400 00e8 

  0x000001fc482d3690: ; ImmutableOopMap {[144]=Oop [152]=Oop [160]=Oop [168]=Oop }
                      ;*invokestatic lastIndexOf {reexecute=0 rethrow=0 return_oop=0}
                      ; - java.lang.String::lastIndexOf@13 (line 2573)
                      ; - java.lang.String::lastIndexOf@8 (line 2535)
                      ; - jdk.internal.loader.BuiltinClassLoader::defineClass@8 (line 845)
  0x000001fc482d3690: ac18 eeff 

  0x000001fc482d3694: ;   {other}
  0x000001fc482d3694: 0f1f 8400 | 8403 0001 | e913 0000 | 0066 0f1f 

  0x000001fc482d36a4: ;   {static_call}
  0x000001fc482d36a4: 4400 00e8 

  0x000001fc482d36a8: ; ImmutableOopMap {[144]=Oop [152]=Oop [160]=Oop [168]=Oop }
                      ;*invokestatic lastIndexOf {reexecute=0 rethrow=0 return_oop=0}
                      ; - java.lang.String::lastIndexOf@25 (line 2574)
                      ; - java.lang.String::lastIndexOf@8 (line 2535)
                      ; - jdk.internal.loader.BuiltinClassLoader::defineClass@8 (line 845)
  0x000001fc482d36a8: d4b9 c4ff 

  0x000001fc482d36ac: ;   {other}
  0x000001fc482d36ac: 0f1f 8400 | 9c03 0002 | 83f8 ff0f | 847f 0000 | 0041 b800 | 0000 004c | 8bc8 488b | 9424 9000 
  0x000001fc482d36cc: ;   {optimized virtual_call}
  0x000001fc482d36cc: 0000 90e8 

  0x000001fc482d36d0: ; ImmutableOopMap {[144]=Oop [152]=Oop [160]=Oop [168]=Oop }
                      ;*invokevirtual substring {reexecute=0 rethrow=0 return_oop=0}
                      ; - jdk.internal.loader.BuiltinClassLoader::defineClass@23 (line 847)
  0x000001fc482d36d0: acce f0ff 

  0x000001fc482d36d4: ;   {other}
  0x000001fc482d36d4: 0f1f 8400 | c403 0003 | 488b 9424 | 9800 0000 | 4889 8424 | b000 0000 | 9048 b8ff | ffff ffff 
  0x000001fc482d36f4: ;   {virtual_call}
  0x000001fc482d36f4: ffff ffe8 

  0x000001fc482d36f8: ; ImmutableOopMap {[144]=Oop [152]=Oop [160]=Oop [168]=Oop [176]=Oop }
                      ;*invokevirtual getManifest {reexecute=0 rethrow=0 return_oop=0}
                      ; - jdk.internal.loader.BuiltinClassLoader::defineClass@29 (line 848)
  0x000001fc482d36f8: 540d d2ff 

  0x000001fc482d36fc: ;   {other}
  0x000001fc482d36fc: 0f1f 8400 | ec03 0004 | 4c8b 8424 | b000 0000 | 4c8b c848 | 8bbc 24a8 | 0000 0048 | 8b94 24a0 
  0x000001fc482d371c: 0000 0066 | 0f1f 4400 | 0048 b8c0 | a106 52fc 

  0x000001fc482d372c: ;   {virtual_call}
  0x000001fc482d372c: 0100 00e8 

  0x000001fc482d3730: ; ImmutableOopMap {[144]=Oop [152]=Oop [160]=Oop [168]=Oop }
                      ;*invokevirtual defineOrCheckPackage {reexecute=0 rethrow=0 return_oop=0}
                      ; - jdk.internal.loader.BuiltinClassLoader::defineClass@40 (line 849)
  0x000001fc482d3730: 8cfa ffff 

  0x000001fc482d3734: ;   {other}
  0x000001fc482d3734: 0f1f 8400 | 2404 0005 | 4c8b 8c24 | 9800 0000 | 488d 9424 | e000 0000 | 4c89 4a08 | 498b 0148 
  0x000001fc482d3754: 83c8 0148 | 8902 f049 | 0fb1 110f | 8412 0000 | 0048 2bc4 | 4825 07f0 | ffff 4889 | 020f 8525 
  0x000001fc482d3774: 0400 0049 | ff87 4805 | 0000 418b | 510c 48c1 | e203 4885 | d20f 8551 | 0000 0049 | 8bd1 6666 
  0x000001fc482d3794: 9048 b8ff | ffff ffff 

  0x000001fc482d379c: ;   {virtual_call}
  0x000001fc482d379c: ffff ffe8 

  0x000001fc482d37a0: ; ImmutableOopMap {[144]=Oop [152]=Oop [160]=Oop [168]=Oop [232]=Oop }
                      ;*invokevirtual getInputStream {reexecute=0 rethrow=0 return_oop=0}
                      ; - jdk.internal.loader.Resource::cachedInputStream@9 (line 77)
                      ; - jdk.internal.loader.Resource::getByteBuffer@1 (line 163)
                      ; - jdk.internal.loader.BuiltinClassLoader::defineClass@45 (line 853)
  0x000001fc482d37a0: 5ce7 ebff 

  0x000001fc482d37a4: ;   {other}
  0x000001fc482d37a4: 0f1f 8400 | 9404 0006 | 410f be57 | 4085 d24c | 8b8c 2498 | 0000 000f | 85ee 0300 | 004c 8bd0 
  0x000001fc482d37c4: 49c1 ea03 | 4589 510c | 498b d148 | 33d0 48c1 | ea15 4883 | fa00 0f85 | ef03 0000 | 418b 510c 
  0x000001fc482d37e4: 48c1 e203 | 488d 8424 | e000 0000 | 488b 3048 | 85f6 0f84 | 0f00 0000 | 488b 7808 | f048 0fb1 
  0x000001fc482d3804: 370f 85dc | 0300 0049 | ff8f 4805 | 0000 4885 | d20f 8443 

  0x000001fc482d3818: ;   {metadata('sun/nio/ByteBuffered')}
  0x000001fc482d3818: 0000 0048 | b860 b636 | 52fc 0100 | 008b 5a08 | 49ba 0000 | 0052 fc01 | 0000 4903 | da48 3b43 
  0x000001fc482d3838: 200f 8424 | 0000 0048 | 3bd8 0f84 | 1b00 0000 

  0x000001fc482d3848: ;   {runtime_call slow_subtype_check Runtime1 stub}
  0x000001fc482d3848: 5350 e831 | 8dd0 ff5b | 5b85 db0f | 8405 0000 | 00e9 0500 | 0000 4833 | f6eb 0a48 | be01 0000 
  0x000001fc482d3868: 0000 0000 | 0085 f60f | 846c 0000 | 0048 85d2 | 0f84 4300 

  0x000001fc482d387c: ;   {metadata('sun/nio/ByteBuffered')}
  0x000001fc482d387c: 0000 48bb | 60b6 3652 | fc01 0000 | 8b7a 0849 | ba00 0000 | 52fc 0100 | 0049 03fa | 483b 5f20 
  0x000001fc482d389c: 0f84 1f00 | 0000 483b | fb0f 8416 | 0000 0057 

  0x000001fc482d38ac: ;   {runtime_call slow_subtype_check Runtime1 stub}
  0x000001fc482d38ac: 53e8 ce8c | d0ff 5f5f | 85ff 0f84 | 4103 0000 | e900 0000 | 000f 1f40 | 0048 b8ff | ffff ffff 
  0x000001fc482d38cc: ;   {virtual_call}
  0x000001fc482d38cc: ffff ffe8 

  0x000001fc482d38d0: ; ImmutableOopMap {[144]=Oop [152]=Oop [160]=Oop [168]=Oop }
                      ;*invokeinterface getByteBuffer {reexecute=0 rethrow=0 return_oop=0}
                      ; - jdk.internal.loader.Resource::getByteBuffer@16 (line 165)
                      ; - jdk.internal.loader.BuiltinClassLoader::defineClass@45 (line 853)
  0x000001fc482d38d0: acb4 c4ff 

  0x000001fc482d38d4: ;   {other}
  0x000001fc482d38d4: 0f1f 8400 | c405 0007 | e90a 0000 

  0x000001fc482d38e0: ;   {oop(nullptr)}
  0x000001fc482d38e0: 0048 b800 | 0000 0000 | 0000 0048 | 85c0 0f84 | 0601 0000 | 4889 8424 | b800 0000 | 488b 9424 
  0x000001fc482d3900: 9800 0000 | 9048 b8ff | ffff ffff 

  0x000001fc482d390c: ;   {virtual_call}
  0x000001fc482d390c: ffff ffe8 

  0x000001fc482d3910: ; ImmutableOopMap {[144]=Oop [160]=Oop [168]=Oop [184]=Oop }
                      ;*invokevirtual getCodeSigners {reexecute=0 rethrow=0 return_oop=0}
                      ; - jdk.internal.loader.BuiltinClassLoader::defineClass@56 (line 855)
  0x000001fc482d3910: 6cb4 c4ff 

  0x000001fc482d3914: ;   {other}
  0x000001fc482d3914: 0f1f 8400 | 0406 0008 

  0x000001fc482d391c: ;   {metadata('java/security/CodeSource')}
  0x000001fc482d391c: 4c8b c848 | bac0 5c00 | 52fc 0100 | 0049 8b87 | b801 0000 | 488d 7828 | 493b bfc8 | 0100 000f 
  0x000001fc482d393c: 87c5 0200 | 0049 89bf | b801 0000 | 48c7 0001 | 0000 0048 | 8bca 49ba | 0000 0052 | fc01 0000 
  0x000001fc482d395c: 492b ca89 | 4808 4833 | c989 480c | 4833 c948 | 8948 1048 | 8948 1848 | 8948 204c | 8b84 24a8 
  0x000001fc482d397c: 0000 0048 | 8bd0 4889 | 8424 c000 | 0000 0f1f 

  0x000001fc482d398c: ;   {optimized virtual_call}
  0x000001fc482d398c: 4400 00e8 

  0x000001fc482d3990: ; ImmutableOopMap {[144]=Oop [160]=Oop [184]=Oop [192]=Oop }
                      ;*invokespecial <init> {reexecute=0 rethrow=0 return_oop=0}
                      ; - jdk.internal.loader.BuiltinClassLoader::defineClass@68 (line 856)
  0x000001fc482d3990: ecb0 c4ff 

  0x000001fc482d3994: ;   {other}
  0x000001fc482d3994: 0f1f 8400 | 8406 0009 | 4c8b 8424 | c000 0000 | 488b 9424 | a000 0000 

  0x000001fc482d39ac: ;   {optimized virtual_call}
  0x000001fc482d39ac: 6666 90e8 

  0x000001fc482d39b0: ; ImmutableOopMap {[144]=Oop [160]=Oop [184]=Oop }
                      ;*invokevirtual getProtectionDomain {reexecute=0 rethrow=0 return_oop=0}
                      ; - java.security.SecureClassLoader::defineClass@5 (line 182)
                      ; - jdk.internal.loader.BuiltinClassLoader::defineClass@79 (line 857)
  0x000001fc482d39b0: ccb0 c4ff 

  0x000001fc482d39b4: ;   {other}
  0x000001fc482d39b4: 0f1f 8400 | a406 000a | 4c8b 8424 | 9000 0000 | 4c8b 8c24 | b800 0000 | 488b f848 | 8b94 24a0 
  0x000001fc482d39d4: ;   {optimized virtual_call}
  0x000001fc482d39d4: 0000 00e8 

  0x000001fc482d39d8: ; ImmutableOopMap {}
                      ;*invokevirtual defineClass {reexecute=0 rethrow=0 return_oop=0}
                      ; - java.security.SecureClassLoader::defineClass@8 (line 182)
                      ; - jdk.internal.loader.BuiltinClassLoader::defineClass@79 (line 857)
  0x000001fc482d39d8: a4b0 c4ff 

  0x000001fc482d39dc: ;   {other}
  0x000001fc482d39dc: 0f1f 8400 | cc06 000b | 4881 c400 | 0100 005d 

  0x000001fc482d39ec: ;   {poll_return}
  0x000001fc482d39ec: 493b a748 | 0400 000f | 871a 0200 | 00c3 4c8b | 8c24 9800 | 0000 498b | d148 b8ff | ffff ffff 
  0x000001fc482d3a0c: ;   {virtual_call}
  0x000001fc482d3a0c: ffff ffe8 

  0x000001fc482d3a10: ; ImmutableOopMap {[144]=Oop [152]=Oop [160]=Oop [168]=Oop }
                      ;*invokevirtual getBytes {reexecute=0 rethrow=0 return_oop=0}
                      ; - jdk.internal.loader.BuiltinClassLoader::defineClass@84 (line 859)
  0x000001fc482d3a10: a4eb ebff 

  0x000001fc482d3a14: ;   {other}
  0x000001fc482d3a14: 0f1f 8400 | 0407 000c | 4889 8424 | c800 0000 | 488b 9424 | 9800 0000 | 9048 b8ff | ffff ffff 
  0x000001fc482d3a34: ;   {virtual_call}
  0x000001fc482d3a34: ffff ffe8 

  0x000001fc482d3a38: ; ImmutableOopMap {[144]=Oop [160]=Oop [168]=Oop [200]=Oop }
                      ;*invokevirtual getCodeSigners {reexecute=0 rethrow=0 return_oop=0}
                      ; - jdk.internal.loader.BuiltinClassLoader::defineClass@90 (line 860)
  0x000001fc482d3a38: 440a d2ff 

  0x000001fc482d3a3c: ;   {other}
  0x000001fc482d3a3c: 0f1f 8400 | 2c07 000d 

  0x000001fc482d3a44: ;   {metadata('java/security/CodeSource')}
  0x000001fc482d3a44: 4c8b c848 | bac0 5c00 | 52fc 0100 | 0049 8b87 | b801 0000 | 488d 7828 | 493b bfc8 | 0100 000f 
  0x000001fc482d3a64: 87c0 0100 | 0049 89bf | b801 0000 | 48c7 0001 | 0000 0048 | 8bca 49ba | 0000 0052 | fc01 0000 
  0x000001fc482d3a84: 492b ca89 | 4808 4833 | c989 480c | 4833 c948 | 8948 1048 | 8948 1848 | 8948 204c | 8b84 24a8 
  0x000001fc482d3aa4: 0000 0048 | 8bd0 4889 | 8424 d000 | 0000 0f1f 

  0x000001fc482d3ab4: ;   {optimized virtual_call}
  0x000001fc482d3ab4: 4400 00e8 

  0x000001fc482d3ab8: ; ImmutableOopMap {[144]=Oop [160]=Oop [200]=Oop [208]=Oop }
                      ;*invokespecial <init> {reexecute=0 rethrow=0 return_oop=0}
                      ; - jdk.internal.loader.BuiltinClassLoader::defineClass@102 (line 861)
  0x000001fc482d3ab8: 4416 0300 

  0x000001fc482d3abc: ;   {other}
  0x000001fc482d3abc: 0f1f 8400 | ac07 000e | 488b 8424 | c800 0000 

  0x000001fc482d3acc: ; implicit exception: dispatches to 0x000001fc482d3c36
  0x000001fc482d3acc: 8b70 0c4c | 8b84 24d0 | 0000 0048 | 8b94 24a0 | 0000 0089 | b424 d800 

  0x000001fc482d3ae4: ;   {optimized virtual_call}
  0x000001fc482d3ae4: 0000 90e8 

  0x000001fc482d3ae8: ; ImmutableOopMap {[144]=Oop [160]=Oop [200]=Oop }
                      ;*invokevirtual getProtectionDomain {reexecute=0 rethrow=0 return_oop=0}
                      ; - java.security.SecureClassLoader::defineClass@9 (line 150)
                      ; - jdk.internal.loader.BuiltinClassLoader::defineClass@117 (line 862)
  0x000001fc482d3ae8: 1410 0300 

  0x000001fc482d3aec: ;   {other}
  0x000001fc482d3aec: 0f1f 8400 | dc07 000f | 4c8b 8424 | 9000 0000 | 4c8b 8c24 | c800 0000 | bf00 0000 | 008b b424 
  0x000001fc482d3b0c: d800 0000 | 488b c848 | 8b94 24a0 | 0000 000f 

  0x000001fc482d3b1c: ;   {optimized virtual_call}
  0x000001fc482d3b1c: 1f40 00e8 

  0x000001fc482d3b20: ; ImmutableOopMap {}
                      ;*invokevirtual defineClass {reexecute=0 rethrow=0 return_oop=0}
                      ; - java.security.SecureClassLoader::defineClass@12 (line 150)
                      ; - jdk.internal.loader.BuiltinClassLoader::defineClass@117 (line 862)
  0x000001fc482d3b20: 5c26 0300 

  0x000001fc482d3b24: ;   {other}
  0x000001fc482d3b24: 0f1f 8400 | 1408 0010 | 4881 c400 | 0100 005d 

  0x000001fc482d3b34: ;   {poll_return}
  0x000001fc482d3b34: 493b a748 | 0400 000f | 87fa 0000 | 00c3 498b | 87f8 0400 | 004d 33d2 | 4d89 97f8 | 0400 004d 
  0x000001fc482d3b54: 33d2 4d89 | 9700 0500 | 0048 8bf0 | 488d 8424 | e000 0000 | 488b 3848 | 85ff 0f84 | 0f00 0000 
  0x000001fc482d3b74: 488b 5808 | f048 0fb1 | 3b0f 85ce | 0000 0049 | ff8f 4805 | 0000 488b | c6e9 f200 

  0x000001fc482d3b90: ;   {runtime_call throw_null_pointer_exception Runtime1 stub}
  0x000001fc482d3b90: 0000 e8e9 

  0x000001fc482d3b94: ; ImmutableOopMap {rax=Oop r8=Oop [144]=Oop [152]=Oop [160]=Oop [168]=Oop }
                      ;*invokevirtual lastIndexOf {reexecute=0 rethrow=0 return_oop=0}
                      ; - jdk.internal.loader.BuiltinClassLoader::defineClass@8 (line 845)
                      ;   {runtime_call throw_null_pointer_exception Runtime1 stub}
  0x000001fc482d3b94: 5fd0 ffe8 

  0x000001fc482d3b98: ; ImmutableOopMap {rax=Oop r8=Oop rsi=Oop [144]=Oop [152]=Oop [160]=Oop [168]=Oop }
                      ;*arraylength {reexecute=0 rethrow=0 return_oop=0}
                      ; - java.lang.String::length@4 (line 1519)
                      ; - java.lang.String::lastIndexOf@3 (line 2535)
                      ; - jdk.internal.loader.BuiltinClassLoader::defineClass@8 (line 845)
  0x000001fc482d3b98: e45f d0ff | 4c89 4c24 | 0848 8914 

  0x000001fc482d3ba4: ;   {runtime_call monitorenter_nofpu Runtime1 stub}
  0x000001fc482d3ba4: 24e8 d68f 

  0x000001fc482d3ba8: ; ImmutableOopMap {r9=Oop [144]=Oop [152]=Oop [160]=Oop [168]=Oop [232]=Oop }
                      ;*synchronization entry
                      ; - jdk.internal.loader.Resource::cachedInputStream@-1 (line 76)
                      ; - jdk.internal.loader.Resource::getByteBuffer@1 (line 163)
                      ; - jdk.internal.loader.BuiltinClassLoader::defineClass@45 (line 853)
  0x000001fc482d3ba8: d0ff e9cf | fbff ff41 | 8b51 0c48 | c1e2 0348 | 83fa 000f | 8400 fcff | ff48 8914 

  0x000001fc482d3bc4: ;   {runtime_call g1_pre_barrier_slow}
  0x000001fc482d3bc4: 24e8 b6b6 | d0ff e9f2 | fbff ff48 | 83f8 000f | 8407 fcff | ff4c 890c 

  0x000001fc482d3bdc: ;   {runtime_call g1_post_barrier_slow}
  0x000001fc482d3bdc: 24e8 9eb9 | d0ff e9f9 | fbff ff48 | 8d84 24e0 | 0000 0048 

  0x000001fc482d3bf0: ;   {runtime_call monitorexit_nofpu Runtime1 stub}
  0x000001fc482d3bf0: 8904 24e8 | 8895 d0ff | e915 fcff | ff48 8914 

  0x000001fc482d3c00: ;   {runtime_call throw_class_cast_exception Runtime1 stub}
  0x000001fc482d3c00: 24e8 7a83 

  0x000001fc482d3c04: ; ImmutableOopMap {[144]=Oop [152]=Oop [160]=Oop [168]=Oop }
                      ;*checkcast {reexecute=0 rethrow=0 return_oop=0}
                      ; - jdk.internal.loader.Resource::getByteBuffer@13 (line 165)
                      ; - jdk.internal.loader.BuiltinClassLoader::defineClass@45 (line 853)
  0x000001fc482d3c04: d0ff 488b 

  0x000001fc482d3c08: ;   {runtime_call fast_new_instance Runtime1 stub}
  0x000001fc482d3c08: d2e8 7268 

  0x000001fc482d3c0c: ; ImmutableOopMap {r9=Oop [144]=Oop [160]=Oop [168]=Oop [184]=Oop }
                      ;*new {reexecute=0 rethrow=0 return_oop=0}
                      ; - jdk.internal.loader.BuiltinClassLoader::defineClass@61 (line 856)
  0x000001fc482d3c0c: d0ff e964 

  0x000001fc482d3c10: ;   {internal_word}
  0x000001fc482d3c10: fdff ff49 | baec 392d | 48fc 0100 | 004d 8997 | 6004 0000 

  0x000001fc482d3c24: ;   {runtime_call SafepointBlob}
  0x000001fc482d3c24: e9d7 1ac5 | ff48 8bd2 

  0x000001fc482d3c2c: ;   {runtime_call fast_new_instance Runtime1 stub}
  0x000001fc482d3c2c: e84f 68d0 

  0x000001fc482d3c30: ; ImmutableOopMap {r9=Oop [144]=Oop [160]=Oop [168]=Oop [200]=Oop }
                      ;*new {reexecute=0 rethrow=0 return_oop=0}
                      ; - jdk.internal.loader.BuiltinClassLoader::defineClass@95 (line 861)
  0x000001fc482d3c30: ffe9 69fe 

  0x000001fc482d3c34: ;   {runtime_call throw_null_pointer_exception Runtime1 stub}
  0x000001fc482d3c34: ffff e845 

  0x000001fc482d3c38: ; ImmutableOopMap {rax=Oop [144]=Oop [160]=Oop [200]=Oop [208]=Oop }
                      ;*arraylength {reexecute=0 rethrow=0 return_oop=0}
                      ; - jdk.internal.loader.BuiltinClassLoader::defineClass@114 (line 862)
                      ;   {internal_word}
  0x000001fc482d3c38: 5fd0 ff49 | ba34 3b2d | 48fc 0100 | 004d 8997 | 6004 0000 

  0x000001fc482d3c4c: ;   {runtime_call SafepointBlob}
  0x000001fc482d3c4c: e9af 1ac5 | ff48 8d84 | 24e0 0000 | 0048 8904 

  0x000001fc482d3c5c: ;   {runtime_call monitorexit_nofpu Runtime1 stub}
  0x000001fc482d3c5c: 24e8 1e95 | d0ff e923 | ffff ff49 | 8b87 f804 | 0000 49c7 | 87f8 0400 | 0000 0000 | 0049 c787 
  0x000001fc482d3c7c: 0005 0000 | 0000 0000 | 4881 c400 | 0100 005d 

  0x000001fc482d3c8c: ;   {runtime_call unwind_exception Runtime1 stub}
  0x000001fc482d3c8c: e9ef 4fd0 | fff4 f4f4 | f4f4 f4f4 
[Stub Code]
  0x000001fc482d3c98: ;   {no_reloc}
  0x000001fc482d3c98: 0f1f 4400 

  0x000001fc482d3c9c: ;   {static_stub}
  0x000001fc482d3c9c: 0048 bb00 | 0000 0000 

  0x000001fc482d3ca4: ;   {runtime_call}
  0x000001fc482d3ca4: 0000 00e9 | fbff ffff 

  0x000001fc482d3cac: ;   {static_stub}
  0x000001fc482d3cac: 9048 bb00 | 0000 0000 

  0x000001fc482d3cb4: ;   {runtime_call}
  0x000001fc482d3cb4: 0000 00e9 | fbff ffff 

  0x000001fc482d3cbc: ;   {static_stub}
  0x000001fc482d3cbc: 9048 bb00 | 0000 0000 

  0x000001fc482d3cc4: ;   {runtime_call}
  0x000001fc482d3cc4: 0000 00e9 | fbff ffff 

  0x000001fc482d3ccc: ;   {static_stub}
  0x000001fc482d3ccc: 9048 bb00 | 0000 0000 

  0x000001fc482d3cd4: ;   {runtime_call}
  0x000001fc482d3cd4: 0000 00e9 | fbff ffff 

  0x000001fc482d3cdc: ;   {static_stub}
  0x000001fc482d3cdc: 9048 bb00 | 0000 0000 

  0x000001fc482d3ce4: ;   {runtime_call}
  0x000001fc482d3ce4: 0000 00e9 | fbff ffff 

  0x000001fc482d3cec: ;   {static_stub}
  0x000001fc482d3cec: 9048 bb00 | 0000 0000 

  0x000001fc482d3cf4: ;   {runtime_call}
  0x000001fc482d3cf4: 0000 00e9 | fbff ffff 

  0x000001fc482d3cfc: ;   {static_stub}
  0x000001fc482d3cfc: 9048 bb00 | 0000 0000 

  0x000001fc482d3d04: ;   {runtime_call}
  0x000001fc482d3d04: 0000 00e9 | fbff ffff 

  0x000001fc482d3d0c: ;   {static_stub}
  0x000001fc482d3d0c: 9048 bb00 | 0000 0000 

  0x000001fc482d3d14: ;   {runtime_call}
  0x000001fc482d3d14: 0000 00e9 | fbff ffff 

  0x000001fc482d3d1c: ;   {static_stub}
  0x000001fc482d3d1c: 48bb f831 | 4752 fc01 

  0x000001fc482d3d24: ;   {runtime_call I2C/C2I adapters}
  0x000001fc482d3d24: 0000 e940 

  0x000001fc482d3d28: ;   {static_stub}
  0x000001fc482d3d28: 70c4 ff48 | bbb8 d204 | 52fc 0100 

  0x000001fc482d3d34: ;   {runtime_call I2C/C2I adapters}
  0x000001fc482d3d34: 00e9 ad04 

  0x000001fc482d3d38: ;   {static_stub}
  0x000001fc482d3d38: c5ff 48bb | 0000 0000 | 0000 0000 

  0x000001fc482d3d44: ;   {runtime_call}
  0x000001fc482d3d44: e9fb ffff 

  0x000001fc482d3d48: ;   {static_stub}
  0x000001fc482d3d48: ff48 bba8 | 9d43 52fc 

  0x000001fc482d3d50: ;   {runtime_call I2C/C2I adapters}
  0x000001fc482d3d50: 0100 00e9 | 1dd4 c3ff 

  0x000001fc482d3d58: ;   {static_stub}
  0x000001fc482d3d58: 48bb 0000 | 0000 0000 

  0x000001fc482d3d60: ;   {runtime_call}
  0x000001fc482d3d60: 0000 e9fb 

  0x000001fc482d3d64: ;   {static_stub}
  0x000001fc482d3d64: ffff ff48 | bb00 0000 | 0000 0000 

  0x000001fc482d3d70: ;   {runtime_call}
  0x000001fc482d3d70: 00e9 fbff 

  0x000001fc482d3d74: ;   {static_stub}
  0x000001fc482d3d74: ffff 48bb | 0000 0000 | 0000 0000 

  0x000001fc482d3d80: ;   {runtime_call}
  0x000001fc482d3d80: e9fb ffff 

  0x000001fc482d3d84: ;   {runtime_call handle_exception_from_callee Runtime1 stub}
  0x000001fc482d3d84: ffe8 f67b 

  0x000001fc482d3d88: ;   {external_word}
  0x000001fc482d3d88: d0ff 48b9 | b048 388d | fd7f 0000 | 4883 e4f0 

  0x000001fc482d3d98: ;   {runtime_call}
  0x000001fc482d3d98: 48b8 202f | 008d fd7f | 0000 ffd0 

  0x000001fc482d3da4: ;   {section_word}
  0x000001fc482d3da4: f449 baa5 | 3d2d 48fc | 0100 0041 

  0x000001fc482d3db0: ;   {runtime_call DeoptimizationBlob}
  0x000001fc482d3db0: 52e9 ea0b | c5ff f4f4 
[/MachCode]


---------------  P R O C E S S  ---------------

Threads class SMR info:
_java_thread_list=0x000001fc971fd8c0, length=16, elements={
0x000001fc3dfaa590, 0x000001fc51b86420, 0x000001fc51b87af0, 0x000001fc51b8aed0,
0x000001fc51b8c930, 0x000001fc51b8d380, 0x000001fc51b8df80, 0x000001fc51b909e0,
0x000001fc970cf430, 0x000001fc970d3090, 0x000001fc97eb3a10, 0x000001fc97eacf10,
0x000001fc97d78920, 0x000001fc97cde850, 0x000001fc98446b70, 0x000001fc97ea4f70
}

Java Threads: ( => current thread )
=>0x000001fc3dfaa590 JavaThread "main"                              [_thread_in_vm, id=15660, stack(0x000000ed0cc00000,0x000000ed0cd00000) (1024K)]
  0x000001fc51b86420 JavaThread "Reference Handler"          daemon [_thread_blocked, id=9848, stack(0x000000ed0d400000,0x000000ed0d500000) (1024K)]
  0x000001fc51b87af0 JavaThread "Finalizer"                  daemon [_thread_blocked, id=21900, stack(0x000000ed0d500000,0x000000ed0d600000) (1024K)]
  0x000001fc51b8aed0 JavaThread "Signal Dispatcher"          daemon [_thread_blocked, id=6676, stack(0x000000ed0d600000,0x000000ed0d700000) (1024K)]
  0x000001fc51b8c930 JavaThread "Attach Listener"            daemon [_thread_blocked, id=12240, stack(0x000000ed0d700000,0x000000ed0d800000) (1024K)]
  0x000001fc51b8d380 JavaThread "Service Thread"             daemon [_thread_blocked, id=5700, stack(0x000000ed0d800000,0x000000ed0d900000) (1024K)]
  0x000001fc51b8df80 JavaThread "Monitor Deflation Thread"   daemon [_thread_blocked, id=13936, stack(0x000000ed0d900000,0x000000ed0da00000) (1024K)]
  0x000001fc51b909e0 JavaThread "C1 CompilerThread0"         daemon [_thread_blocked, id=22168, stack(0x000000ed0da00000,0x000000ed0db00000) (1024K)]
  0x000001fc970cf430 JavaThread "Notification Thread"        daemon [_thread_blocked, id=4488, stack(0x000000ed0de00000,0x000000ed0df00000) (1024K)]
  0x000001fc970d3090 JavaThread "Common-Cleaner"             daemon [_thread_blocked, id=3016, stack(0x000000ed0df00000,0x000000ed0e000000) (1024K)]
  0x000001fc97eb3a10 JavaThread "Catalina-utility-1"                [_thread_blocked, id=20576, stack(0x000000ed0e400000,0x000000ed0e500000) (1024K)]
  0x000001fc97eacf10 JavaThread "Catalina-utility-2"                [_thread_blocked, id=21676, stack(0x000000ed0e800000,0x000000ed0e900000) (1024K)]
  0x000001fc97d78920 JavaThread "container-0"                       [_thread_blocked, id=12460, stack(0x000000ed0e900000,0x000000ed0ea00000) (1024K)]
  0x000001fc97cde850 JavaThread "PostgreSQL-JDBC-Cleaner"    daemon [_thread_blocked, id=22576, stack(0x000000ed0ec00000,0x000000ed0ed00000) (1024K)]
  0x000001fc98446b70 JavaThread "HikariPool-1:housekeeper"   daemon [_thread_blocked, id=22612, stack(0x000000ed0ed00000,0x000000ed0ee00000) (1024K)]
  0x000001fc97ea4f70 JavaThread "HikariPool-1:connection-adder" daemon [_thread_in_vm, id=22656, stack(0x000000ed0ee00000,0x000000ed0ef00000) (1024K)]
Total: 16

Other Threads:
  0x000001fc51b6a620 VMThread "VM Thread"                           [id=18768, stack(0x000000ed0d300000,0x000000ed0d400000) (1024K)] _threads_hazard_ptr=0x000001fc971fd8c0
  0x000001fc51b565d0 WatcherThread "VM Periodic Task Thread"        [id=17084, stack(0x000000ed0d200000,0x000000ed0d300000) (1024K)]
  0x000001fc3e278790 WorkerThread "GC Thread#0"                     [id=14188, stack(0x000000ed0cd00000,0x000000ed0ce00000) (1024K)]
  0x000001fc97879060 WorkerThread "GC Thread#1"                     [id=11736, stack(0x000000ed0db00000,0x000000ed0dc00000) (1024K)]
  0x000001fc9787b550 WorkerThread "GC Thread#2"                     [id=7688, stack(0x000000ed0dc00000,0x000000ed0dd00000) (1024K)]
  0x000001fc9787b8f0 WorkerThread "GC Thread#3"                     [id=21284, stack(0x000000ed0dd00000,0x000000ed0de00000) (1024K)]
  0x000001fc97252e90 WorkerThread "GC Thread#4"                     [id=20560, stack(0x000000ed0e000000,0x000000ed0e100000) (1024K)]
  0x000001fc97a8f620 WorkerThread "GC Thread#5"                     [id=3640, stack(0x000000ed0e500000,0x000000ed0e600000) (1024K)]
  0x000001fc97a01c70 WorkerThread "GC Thread#6"                     [id=15912, stack(0x000000ed0e600000,0x000000ed0e700000) (1024K)]
  0x000001fc97aa98b0 WorkerThread "GC Thread#7"                     [id=20816, stack(0x000000ed0e700000,0x000000ed0e800000) (1024K)]
  0x000001fc3e2856c0 ConcurrentGCThread "G1 Main Marker"            [id=2444, stack(0x000000ed0ce00000,0x000000ed0cf00000) (1024K)]
  0x000001fc3e2861c0 WorkerThread "G1 Conc#0"                       [id=16500, stack(0x000000ed0cf00000,0x000000ed0d000000) (1024K)]
  0x000001fc98160c70 WorkerThread "G1 Conc#1"                       [id=21944, stack(0x000000ed0e200000,0x000000ed0e300000) (1024K)]
  0x000001fc3e2ee0a0 ConcurrentGCThread "G1 Refine#0"               [id=4380, stack(0x000000ed0d000000,0x000000ed0d100000) (1024K)]
  0x000001fc51a290e0 ConcurrentGCThread "G1 Service"                [id=21604, stack(0x000000ed0d100000,0x000000ed0d200000) (1024K)]
Total: 15

Threads with active compile tasks:
Total: 0

VM state: synchronizing (normal execution)

VM Mutex/Monitor currently owned by a thread:  ([mutex/lock_event])
[0x00007ffd8d61be50] Metaspace_lock - owner thread: 0x000001fc3dfaa590
[0x00007ffd8d61de50] Threads_lock - owner thread: 0x000001fc51b6a620

Heap address: 0x0000000748c00000, size: 2932 MB, Compressed Oops mode: Zero based, Oop shift amount: 3

CDS archive(s) mapped at: [0x000001fc52000000-0x000001fc52c90000-0x000001fc52c90000), size 13172736, SharedBaseAddress: 0x000001fc52000000, ArchiveRelocationMode: 1.
Compressed class space mapped at: 0x000001fc53000000-0x000001fc93000000, reserved size: 1073741824
Narrow klass base: 0x000001fc52000000, Narrow klass shift: 0, Narrow klass range: 0x100000000

GC Precious Log:
 CardTable entry size: 512
 Card Set container configuration: InlinePtr #cards 4 size 8 Array Of Cards #cards 16 size 48 Howl #buckets 8 coarsen threshold 3686 Howl Bitmap #cards 512 size 80 coarsen threshold 460 Card regions per heap region 1 cards per card region 4096
 CPUs: 8 total, 8 available
 Memory: 11723M
 Large Page Support: Disabled
 NUMA Support: Disabled
 Compressed Oops: Enabled (Zero based)
 Heap Region Size: 2M
 Heap Min Capacity: 8M
 Heap Initial Capacity: 184M
 Heap Max Capacity: 2932M
 Pre-touch: Disabled
 Parallel Workers: 8
 Concurrent Workers: 2
 Concurrent Refinement Workers: 8
 Periodic GC: Disabled

Heap:
 garbage-first heap   total 73728K, used 52269K [0x0000000748c00000, 0x0000000800000000)
  region size 2048K, 20 young (40960K), 3 survivors (6144K)
 Metaspace       used 49427K, committed 49984K, reserved 1114112K
  class space    used 6994K, committed 7232K, reserved 1048576K

Heap Regions: E=young(eden), S=young(survivor), O=old, HS=humongous(starts), HC=humongous(continues), CS=collection set, F=free, TAMS=top-at-mark-start, PB=parsable bottom
|   0|0x0000000748c00000, 0x0000000748e00000, 0x0000000748e00000|100%| O|  |TAMS 0x0000000748c00000| PB 0x0000000748c00000| Untracked 
|   1|0x0000000748e00000, 0x0000000749000000, 0x0000000749000000|100%| O|  |TAMS 0x0000000748e00000| PB 0x0000000748e00000| Untracked 
|   2|0x0000000749000000, 0x0000000749200000, 0x0000000749200000|100%| O|  |TAMS 0x0000000749000000| PB 0x0000000749000000| Untracked 
|   3|0x0000000749200000, 0x0000000749200000, 0x0000000749400000|  0%| F|  |TAMS 0x0000000749200000| PB 0x0000000749200000| Untracked 
|   4|0x0000000749400000, 0x0000000749600000, 0x0000000749600000|100%| O|  |TAMS 0x0000000749400000| PB 0x0000000749400000| Untracked 
|   5|0x0000000749600000, 0x0000000749800000, 0x0000000749800000|100%| O|  |TAMS 0x0000000749600000| PB 0x0000000749600000| Untracked 
|   6|0x0000000749800000, 0x0000000749a00000, 0x0000000749a00000|100%| O|  |TAMS 0x0000000749800000| PB 0x0000000749800000| Untracked 
|   7|0x0000000749a00000, 0x0000000749c00000, 0x0000000749c00000|100%| O|  |TAMS 0x0000000749a00000| PB 0x0000000749a00000| Untracked 
|   8|0x0000000749c00000, 0x0000000749e00000, 0x0000000749e00000|100%| O|  |TAMS 0x0000000749c00000| PB 0x0000000749c00000| Untracked 
|   9|0x0000000749e00000, 0x0000000749ed1400, 0x000000074a000000| 40%| O|  |TAMS 0x0000000749e00000| PB 0x0000000749e00000| Untracked 
|  10|0x000000074a000000, 0x000000074a000000, 0x000000074a200000|  0%| F|  |TAMS 0x000000074a000000| PB 0x000000074a000000| Untracked 
|  11|0x000000074a200000, 0x000000074a200000, 0x000000074a400000|  0%| F|  |TAMS 0x000000074a200000| PB 0x000000074a200000| Untracked 
|  12|0x000000074a400000, 0x000000074a400000, 0x000000074a600000|  0%| F|  |TAMS 0x000000074a400000| PB 0x000000074a400000| Untracked 
|  13|0x000000074a600000, 0x000000074a63a0c0, 0x000000074a800000| 11%| S|CS|TAMS 0x000000074a600000| PB 0x000000074a600000| Complete 
|  14|0x000000074a800000, 0x000000074aa00000, 0x000000074aa00000|100%| S|CS|TAMS 0x000000074a800000| PB 0x000000074a800000| Complete 
|  15|0x000000074aa00000, 0x000000074ac00000, 0x000000074ac00000|100%| S|CS|TAMS 0x000000074aa00000| PB 0x000000074aa00000| Complete 
|  16|0x000000074ac00000, 0x000000074ac00000, 0x000000074ae00000|  0%| F|  |TAMS 0x000000074ac00000| PB 0x000000074ac00000| Untracked 
|  17|0x000000074ae00000, 0x000000074ae00000, 0x000000074b000000|  0%| F|  |TAMS 0x000000074ae00000| PB 0x000000074ae00000| Untracked 
|  18|0x000000074b000000, 0x000000074b000000, 0x000000074b200000|  0%| F|  |TAMS 0x000000074b000000| PB 0x000000074b000000| Untracked 
|  19|0x000000074b200000, 0x000000074b3dc300, 0x000000074b400000| 93%| E|  |TAMS 0x000000074b200000| PB 0x000000074b200000| Complete 
|  20|0x000000074b400000, 0x000000074b600000, 0x000000074b600000|100%| E|CS|TAMS 0x000000074b400000| PB 0x000000074b400000| Complete 
|  21|0x000000074b600000, 0x000000074b800000, 0x000000074b800000|100%| E|CS|TAMS 0x000000074b600000| PB 0x000000074b600000| Complete 
|  22|0x000000074b800000, 0x000000074ba00000, 0x000000074ba00000|100%| E|CS|TAMS 0x000000074b800000| PB 0x000000074b800000| Complete 
|  23|0x000000074ba00000, 0x000000074bc00000, 0x000000074bc00000|100%| E|CS|TAMS 0x000000074ba00000| PB 0x000000074ba00000| Complete 
|  24|0x000000074bc00000, 0x000000074be00000, 0x000000074be00000|100%| E|CS|TAMS 0x000000074bc00000| PB 0x000000074bc00000| Complete 
|  25|0x000000074be00000, 0x000000074c000000, 0x000000074c000000|100%| E|CS|TAMS 0x000000074be00000| PB 0x000000074be00000| Complete 
|  26|0x000000074c000000, 0x000000074c200000, 0x000000074c200000|100%| E|CS|TAMS 0x000000074c000000| PB 0x000000074c000000| Complete 
|  27|0x000000074c200000, 0x000000074c400000, 0x000000074c400000|100%| E|CS|TAMS 0x000000074c200000| PB 0x000000074c200000| Complete 
|  28|0x000000074c400000, 0x000000074c600000, 0x000000074c600000|100%| E|  |TAMS 0x000000074c400000| PB 0x000000074c400000| Complete 
|  29|0x000000074c600000, 0x000000074c800000, 0x000000074c800000|100%| E|CS|TAMS 0x000000074c600000| PB 0x000000074c600000| Complete 
|  30|0x000000074c800000, 0x000000074ca00000, 0x000000074ca00000|100%| E|CS|TAMS 0x000000074c800000| PB 0x000000074c800000| Complete 
|  63|0x0000000750a00000, 0x0000000750c00000, 0x0000000750c00000|100%| E|CS|TAMS 0x0000000750a00000| PB 0x0000000750a00000| Complete 
|  64|0x0000000750c00000, 0x0000000750e00000, 0x0000000750e00000|100%| E|CS|TAMS 0x0000000750c00000| PB 0x0000000750c00000| Complete 
|  65|0x0000000750e00000, 0x0000000751000000, 0x0000000751000000|100%| E|CS|TAMS 0x0000000750e00000| PB 0x0000000750e00000| Complete 
|  66|0x0000000751000000, 0x0000000751200000, 0x0000000751200000|100%| E|CS|TAMS 0x0000000751000000| PB 0x0000000751000000| Complete 
|  91|0x0000000754200000, 0x0000000754400000, 0x0000000754400000|100%| E|CS|TAMS 0x0000000754200000| PB 0x0000000754200000| Complete 

Card table byte_map: [0x000001fc4bd80000,0x000001fc4c340000] _byte_map_base: 0x000001fc4833a000

Marking Bits: (CMBitMap*) 0x000001fc3e278e90
 Bits: [0x000001fc4c340000, 0x000001fc4f110000)

Polling page: 0x000001fc3e2f0000

Metaspace:

Usage:
  Non-class:     41.44 MB used.
      Class:      6.83 MB used.
       Both:     48.27 MB used.

Virtual space:
  Non-class space:       64.00 MB reserved,      41.75 MB ( 65%) committed,  1 nodes.
      Class space:        1.00 GB reserved,       7.06 MB ( <1%) committed,  1 nodes.
             Both:        1.06 GB reserved,      48.81 MB (  4%) committed. 

Chunk freelists:
   Non-Class:  5.86 MB
       Class:  8.91 MB
        Both:  14.77 MB

MaxMetaspaceSize: unlimited
CompressedClassSpaceSize: 1.00 GB
Initial GC threshold: 21.00 MB
Current GC threshold: 51.06 MB
CDS: on
 - commit_granule_bytes: 65536.
 - commit_granule_words: 8192.
 - virtual_space_node_default_size: 8388608.
 - enlarge_chunks_in_place: 1.
 - use_allocation_guard: 0.


Internal statistics:

num_allocs_failed_limit: 6.
num_arena_births: 734.
num_arena_deaths: 0.
num_vsnodes_births: 2.
num_vsnodes_deaths: 0.
num_space_committed: 781.
num_space_uncommitted: 0.
num_chunks_returned_to_freelist: 6.
num_chunks_taken_from_freelist: 2522.
num_chunk_merges: 6.
num_chunk_splits: 1845.
num_chunks_enlarged: 1457.
num_inconsistent_stats: 0.

CodeCache: size=49152Kb used=8076Kb max_used=9163Kb free=41075Kb
 bounds [0x000001fc47ed0000, 0x000001fc487f0000, 0x000001fc4aed0000]
 total_blobs=4930 nmethods=4312 adapters=541
 compilation: enabled
              stopped_count=0, restarted_count=0
 full_count=0

Compilation events (20 events):
Event: 40.764 Thread 0x000001fc51b909e0 4364       1       net.bytebuddy.jar.asm.ByteVector::putUTF8 (144 bytes)
Event: 40.765 Thread 0x000001fc51b909e0 nmethod 4364 0x000001fc483f1910 code [0x000001fc483f1b00, 0x000001fc483f1f70]
Event: 40.769 Thread 0x000001fc51b909e0 4365       1       net.bytebuddy.description.method.MethodDescription$Latent::getDeclaringType (5 bytes)
Event: 40.769 Thread 0x000001fc51b909e0 nmethod 4365 0x000001fc483f1610 code [0x000001fc483f17a0, 0x000001fc483f1870]
Event: 40.769 Thread 0x000001fc51b909e0 4366       1       net.bytebuddy.description.method.ParameterDescription$TypeSubstituting::getType (22 bytes)
Event: 40.769 Thread 0x000001fc51b909e0 nmethod 4366 0x000001fc483f1210 code [0x000001fc483f13c0, 0x000001fc483f1550]
Event: 40.769 Thread 0x000001fc51b909e0 4367       1       net.bytebuddy.description.type.TypeDescription$Generic$Visitor$Substitutor$ForAttachment::<init> (12 bytes)
Event: 40.770 Thread 0x000001fc51b909e0 nmethod 4367 0x000001fc483f0e10 code [0x000001fc483f0fc0, 0x000001fc483f1170]
Event: 40.944 Thread 0x000001fc51b909e0 4368       1       org.hibernate.mapping.Property::getValue (5 bytes)
Event: 40.944 Thread 0x000001fc51b909e0 nmethod 4368 0x000001fc483f0b10 code [0x000001fc483f0ca0, 0x000001fc483f0d70]
Event: 40.955 Thread 0x000001fc51b909e0 4369       1       java.util.stream.ReferencePipeline$7$1::cancellationRequested (15 bytes)
Event: 40.955 Thread 0x000001fc51b909e0 nmethod 4369 0x000001fc483f0790 code [0x000001fc483f0940, 0x000001fc483f0a40]
Event: 40.955 Thread 0x000001fc51b909e0 4370       1       java.lang.invoke.DelegatingMethodHandle$Holder::reinvoke_L (18 bytes)
Event: 40.955 Thread 0x000001fc51b909e0 nmethod 4370 0x000001fc483f0390 code [0x000001fc483f0540, 0x000001fc483f06a0]
Event: 41.138 Thread 0x000001fc51b909e0 4371       1       java.util.ArrayList$ArrayListSpliterator::getFence (35 bytes)
Event: 41.138 Thread 0x000001fc51b909e0 nmethod 4371 0x000001fc483ed110 code [0x000001fc483ed2a0, 0x000001fc483ed388]
Event: 41.138 Thread 0x000001fc51b909e0 4372   !   1       java.util.stream.ReferencePipeline$7$1::accept (127 bytes)
Event: 41.139 Thread 0x000001fc51b909e0 nmethod 4372 0x000001fc483ec410 code [0x000001fc483ec660, 0x000001fc483ecbe8]
Event: 41.139 Thread 0x000001fc51b909e0 4373       1       java.util.stream.AbstractPipeline::sequential (10 bytes)
Event: 41.139 Thread 0x000001fc51b909e0 nmethod 4373 0x000001fc483ec110 code [0x000001fc483ec2a0, 0x000001fc483ec378]

GC Heap History (14 events):
Event: 7.647 GC heap before
{Heap before GC invocations=0 (full 0):
 garbage-first heap   total 188416K, used 20480K [0x0000000748c00000, 0x0000000800000000)
  region size 2048K, 11 young (22528K), 0 survivors (0K)
 Metaspace       used 4589K, committed 4800K, reserved 1114112K
  class space    used 597K, committed 704K, reserved 1048576K
}
Event: 7.982 GC heap after
{Heap after GC invocations=1 (full 0):
 garbage-first heap   total 188416K, used 7040K [0x0000000748c00000, 0x0000000800000000)
  region size 2048K, 2 young (4096K), 2 survivors (4096K)
 Metaspace       used 4589K, committed 4800K, reserved 1114112K
  class space    used 597K, committed 704K, reserved 1048576K
}
Event: 10.725 GC heap before
{Heap before GC invocations=1 (full 0):
 garbage-first heap   total 188416K, used 31616K [0x0000000748c00000, 0x0000000800000000)
  region size 2048K, 14 young (28672K), 2 survivors (4096K)
 Metaspace       used 10457K, committed 10816K, reserved 1114112K
  class space    used 1400K, committed 1536K, reserved 1048576K
}
Event: 10.733 GC heap after
{Heap after GC invocations=2 (full 0):
 garbage-first heap   total 188416K, used 9798K [0x0000000748c00000, 0x0000000800000000)
  region size 2048K, 2 young (4096K), 2 survivors (4096K)
 Metaspace       used 10457K, committed 10816K, reserved 1114112K
  class space    used 1400K, committed 1536K, reserved 1048576K
}
Event: 15.655 GC heap before
{Heap before GC invocations=2 (full 0):
 garbage-first heap   total 188416K, used 54854K [0x0000000748c00000, 0x0000000800000000)
  region size 2048K, 25 young (51200K), 2 survivors (4096K)
 Metaspace       used 17910K, committed 18240K, reserved 1114112K
  class space    used 2418K, committed 2560K, reserved 1048576K
}
Event: 15.666 GC heap after
{Heap after GC invocations=3 (full 0):
 garbage-first heap   total 188416K, used 13532K [0x0000000748c00000, 0x0000000800000000)
  region size 2048K, 4 young (8192K), 4 survivors (8192K)
 Metaspace       used 17910K, committed 18240K, reserved 1114112K
  class space    used 2418K, committed 2560K, reserved 1048576K
}
Event: 22.331 GC heap before
{Heap before GC invocations=4 (full 0):
 garbage-first heap   total 61440K, used 58588K [0x0000000748c00000, 0x0000000800000000)
  region size 2048K, 26 young (53248K), 4 survivors (8192K)
 Metaspace       used 24673K, committed 25152K, reserved 1114112K
  class space    used 3429K, committed 3648K, reserved 1048576K
}
Event: 22.351 GC heap after
{Heap after GC invocations=5 (full 0):
 garbage-first heap   total 73728K, used 18104K [0x0000000748c00000, 0x0000000800000000)
  region size 2048K, 6 young (12288K), 6 survivors (12288K)
 Metaspace       used 24673K, committed 25152K, reserved 1114112K
  class space    used 3429K, committed 3648K, reserved 1048576K
}
Event: 28.376 GC heap before
{Heap before GC invocations=5 (full 0):
 garbage-first heap   total 73728K, used 42680K [0x0000000748c00000, 0x0000000800000000)
  region size 2048K, 19 young (38912K), 6 survivors (12288K)
 Metaspace       used 30353K, committed 30848K, reserved 1114112K
  class space    used 4126K, committed 4352K, reserved 1048576K
}
Event: 28.392 GC heap after
{Heap after GC invocations=6 (full 0):
 garbage-first heap   total 73728K, used 20370K [0x0000000748c00000, 0x0000000800000000)
  region size 2048K, 2 young (4096K), 2 survivors (4096K)
 Metaspace       used 30353K, committed 30848K, reserved 1114112K
  class space    used 4126K, committed 4352K, reserved 1048576K
}
Event: 28.483 GC heap before
{Heap before GC invocations=6 (full 0):
 garbage-first heap   total 73728K, used 20370K [0x0000000748c00000, 0x0000000800000000)
  region size 2048K, 3 young (6144K), 2 survivors (4096K)
 Metaspace       used 30641K, committed 31168K, reserved 1114112K
  class space    used 4154K, committed 4416K, reserved 1048576K
}
Event: 28.487 GC heap after
{Heap after GC invocations=7 (full 0):
 garbage-first heap   total 73728K, used 19637K [0x0000000748c00000, 0x0000000800000000)
  region size 2048K, 2 young (4096K), 2 survivors (4096K)
 Metaspace       used 30641K, committed 31168K, reserved 1114112K
  class space    used 4154K, committed 4416K, reserved 1048576K
}
Event: 33.884 GC heap before
{Heap before GC invocations=8 (full 0):
 garbage-first heap   total 73728K, used 56501K [0x0000000748c00000, 0x0000000800000000)
  region size 2048K, 20 young (40960K), 2 survivors (4096K)
 Metaspace       used 40084K, committed 40640K, reserved 1114112K
  class space    used 5583K, committed 5824K, reserved 1048576K
}
Event: 33.889 GC heap after
{Heap after GC invocations=9 (full 0):
 garbage-first heap   total 73728K, used 21549K [0x0000000748c00000, 0x0000000800000000)
  region size 2048K, 3 young (6144K), 3 survivors (6144K)
 Metaspace       used 40084K, committed 40640K, reserved 1114112K
  class space    used 5583K, committed 5824K, reserved 1048576K
}

Dll operation events (9 events):
Event: 0.863 Loaded shared library C:\Program Files\Java\jdk-21\bin\java.dll
Event: 2.490 Loaded shared library C:\Program Files\Java\jdk-21\bin\net.dll
Event: 2.493 Loaded shared library C:\Program Files\Java\jdk-21\bin\nio.dll
Event: 2.504 Loaded shared library C:\Program Files\Java\jdk-21\bin\zip.dll
Event: 3.455 Loaded shared library C:\Program Files\Java\jdk-21\bin\jimage.dll
Event: 11.606 Loaded shared library C:\Program Files\Java\jdk-21\bin\sunmscapi.dll
Event: 23.362 Loaded shared library C:\Program Files\Java\jdk-21\bin\management.dll
Event: 23.368 Loaded shared library C:\Program Files\Java\jdk-21\bin\management_ext.dll
Event: 26.070 Loaded shared library C:\Program Files\Java\jdk-21\bin\extnet.dll

Deoptimization events (0 events):
No events

Classes loaded (20 events):
Event: 35.023 Loading class java/util/concurrent/CompletableFuture$Completion
Event: 35.023 Loading class java/util/concurrent/CompletableFuture$AsynchronousCompletionTask
Event: 35.023 Loading class java/util/concurrent/CompletableFuture$AsynchronousCompletionTask done
Event: 35.024 Loading class java/util/concurrent/CompletableFuture$Completion done
Event: 35.194 Loading class java/util/concurrent/CancellationException
Event: 35.194 Loading class java/util/concurrent/CancellationException done
Event: 37.584 Loading class java/time/Clock$TickClock
Event: 37.585 Loading class java/time/Clock$TickClock done
Event: 38.055 Loading class java/util/ArrayList$ListItr
Event: 38.062 Loading class java/util/ArrayList$ListItr done
Event: 39.055 Loading class java/util/AbstractList$SubList
Event: 39.056 Loading class java/util/AbstractList$SubList done
Event: 39.974 Loading class java/lang/reflect/AnnotatedArrayType
Event: 39.981 Loading class java/lang/reflect/AnnotatedArrayType done
Event: 40.473 Loading class java/lang/foreign/ValueLayout
Event: 40.473 Loading class java/lang/foreign/MemoryLayout
Event: 40.473 Loading class java/lang/foreign/MemoryLayout done
Event: 40.473 Loading class java/lang/foreign/ValueLayout done
Event: 40.715 Loading class jdk/internal/org/objectweb/asm/ClassReader
Event: 40.716 Loading class jdk/internal/org/objectweb/asm/ClassReader done

Classes unloaded (0 events):
No events

Classes redefined (0 events):
No events

Internal exceptions (20 events):
Event: 21.821 Thread 0x000001fc3dfaa590 Exception <a 'java/lang/NoSuchMethodError'{0x000000074975a0e0}: 'java.lang.Object java.lang.invoke.DirectMethodHandle$Holder.invokeStaticInit(java.lang.Object, java.lang.Object, int, int, int, int)'> (0x000000074975a0e0) 
thrown [s\open\src\hotspot\share\interpreter\linkResolver.cpp, line 773]
Event: 23.048 Thread 0x000001fc3dfaa590 Exception <a 'java/lang/NoSuchMethodError'{0x00000007511347b8}: 'int java.lang.invoke.DirectMethodHandle$Holder.invokeVirtual(java.lang.Object, java.lang.Object, java.lang.Object, java.lang.Object)'> (0x00000007511347b8) 
thrown [s\open\src\hotspot\share\interpreter\linkResolver.cpp, line 773]
Event: 23.058 Thread 0x000001fc3dfaa590 Exception <a 'java/lang/NoSuchMethodError'{0x0000000751138230}: 'int java.lang.invoke.DelegatingMethodHandle$Holder.reinvoke_L(java.lang.Object, java.lang.Object, java.lang.Object, java.lang.Object)'> (0x0000000751138230) 
thrown [s\open\src\hotspot\share\interpreter\linkResolver.cpp, line 773]
Event: 23.579 Thread 0x000001fc3dfaa590 Exception <a 'java/io/FileNotFoundException'{0x0000000750e68650}> (0x0000000750e68650) 
thrown [s\open\src\hotspot\share\prims\jni.cpp, line 520]
Event: 23.993 Thread 0x000001fc3dfaa590 Exception <a 'java/lang/NoSuchMethodError'{0x0000000750df2300}: 'int java.lang.invoke.DirectMethodHandle$Holder.invokeInterface(java.lang.Object, java.lang.Object, java.lang.Object, java.lang.Object)'> (0x0000000750df2300) 
thrown [s\open\src\hotspot\share\interpreter\linkResolver.cpp, line 773]
Event: 24.341 Thread 0x000001fc3dfaa590 Exception <a 'java/lang/NoSuchMethodError'{0x000000074bc6a6d8}: 'long java.lang.invoke.DirectMethodHandle$Holder.invokeVirtual(java.lang.Object, java.lang.Object)'> (0x000000074bc6a6d8) 
thrown [s\open\src\hotspot\share\interpreter\linkResolver.cpp, line 773]
Event: 24.525 Thread 0x000001fc3dfaa590 Exception <a 'java/lang/NoSuchMethodError'{0x000000074ba360b8}: 'void java.lang.invoke.DirectMethodHandle$Holder.invokeVirtual(java.lang.Object, java.lang.Object, long)'> (0x000000074ba360b8) 
thrown [s\open\src\hotspot\share\interpreter\linkResolver.cpp, line 773]
Event: 24.852 Thread 0x000001fc3dfaa590 Exception <a 'java/lang/NoSuchMethodError'{0x000000074b8b9130}: 'java.lang.Object java.lang.invoke.DirectMethodHandle$Holder.newInvokeSpecial(java.lang.Object, java.lang.Object, java.lang.Object, java.lang.Object, java.lang.Object, java.lang.Object, java.lang.Object, java.lang.Object, java.lang.Object, java.lang.Object, java.lang.Object, java.lang.Object)'> (0x000000074b8b9130) 
thrown [s\open\src\hotspot\share\interpreter\linkResolver.cpp, line 773]
Event: 25.032 Thread 0x000001fc3dfaa590 Exception <a 'java/lang/NoSuchMethodError'{0x000000074b73a138}: method resolution failed> (0x000000074b73a138) 
thrown [s\open\src\hotspot\share\prims\methodHandles.cpp, line 1144]
Event: 25.053 Thread 0x000001fc3dfaa590 Exception <a 'java/lang/NoSuchMethodError'{0x000000074b78fa30}: 'int java.lang.invoke.DirectMethodHandle$Holder.invokeStaticInit(java.lang.Object, java.lang.Object, java.lang.Object, java.lang.Object)'> (0x000000074b78fa30) 
thrown [s\open\src\hotspot\share\interpreter\linkResolver.cpp, line 773]
Event: 27.846 Thread 0x000001fc3dfaa590 Exception <a 'sun/nio/fs/WindowsException'{0x000000074b581678}> (0x000000074b581678) 
thrown [s\open\src\hotspot\share\prims\jni.cpp, line 520]
Event: 27.908 Thread 0x000001fc3dfaa590 Exception <a 'java/lang/NoSuchMethodError'{0x000000074b24c4a0}: 'int java.lang.invoke.DirectMethodHandle$Holder.invokeInterface(java.lang.Object, java.lang.Object, int)'> (0x000000074b24c4a0) 
thrown [s\open\src\hotspot\share\interpreter\linkResolver.cpp, line 773]
Event: 27.908 Thread 0x000001fc3dfaa590 Exception <a 'java/lang/IncompatibleClassChangeError'{0x000000074b24fa68}: Found class java.lang.Object, but interface was expected> (0x000000074b24fa68) 
thrown [s\open\src\hotspot\share\interpreter\linkResolver.cpp, line 840]
Event: 28.257 Thread 0x000001fc3dfaa590 Exception <a 'java/lang/NoSuchMethodError'{0x000000074ae32df0}: 'java.lang.Object java.lang.invoke.DirectMethodHandle$Holder.invokeStaticInit(java.lang.Object, java.lang.Object, java.lang.Object, java.lang.Object)'> (0x000000074ae32df0) 
thrown [s\open\src\hotspot\share\interpreter\linkResolver.cpp, line 773]
Event: 28.552 Thread 0x000001fc3dfaa590 Exception <a 'java/lang/NoSuchMethodError'{0x00000007542a1b20}: 'void java.lang.invoke.DelegatingMethodHandle$Holder.reinvoke_L(java.lang.Object, java.lang.Object, java.lang.Object, java.lang.Object, int, java.lang.Object, java.lang.Object, java.lang.Object)'> (0x00000007542a1b20) 
thrown [s\open\src\hotspot\share\interpreter\linkResolver.cpp, line 773]
Event: 32.374 Thread 0x000001fc3dfaa590 Exception <a 'java/lang/NoSuchMethodError'{0x000000074b7d0200}: 'int java.lang.invoke.DirectMethodHandle$Holder.invokeStatic(java.lang.Object)'> (0x000000074b7d0200) 
thrown [s\open\src\hotspot\share\interpreter\linkResolver.cpp, line 773]
Event: 32.786 Thread 0x000001fc3dfaa590 Exception <a 'java/lang/NoSuchMethodError'{0x000000074b0068e0}: 'int java.lang.invoke.Invokers$Holder.invokeExact_MT(java.lang.Object, java.lang.Object)'> (0x000000074b0068e0) 
thrown [s\open\src\hotspot\share\interpreter\linkResolver.cpp, line 773]
Event: 35.247 Thread 0x000001fc3dfaa590 Exception <a 'java/lang/IncompatibleClassChangeError'{0x000000074c9bf6b0}: Found class java.lang.Object, but interface was expected> (0x000000074c9bf6b0) 
thrown [s\open\src\hotspot\share\interpreter\linkResolver.cpp, line 840]
Event: 35.297 Thread 0x000001fc3dfaa590 Exception <a 'java/lang/NoSuchMethodError'{0x000000074c68a130}: 'java.lang.Object java.lang.invoke.DirectMethodHandle$Holder.invokeStatic(java.lang.Object, java.lang.Object, int, java.lang.Object)'> (0x000000074c68a130) 
thrown [s\open\src\hotspot\share\interpreter\linkResolver.cpp, line 773]
Event: 35.298 Thread 0x000001fc3dfaa590 Exception <a 'java/lang/NoSuchMethodError'{0x000000074c68d938}: 'java.lang.Object java.lang.invoke.DirectMethodHandle$Holder.invokeStaticInit(java.lang.Object, java.lang.Object, int, java.lang.Object)'> (0x000000074c68d938) 
thrown [s\open\src\hotspot\share\interpreter\linkResolver.cpp, line 773]

ZGC Phase Switch (0 events):
No events

VM Operations (20 events):
Event: 31.676 Executing VM operation: Cleanup
Event: 31.676 Executing VM operation: Cleanup done
Event: 33.677 Executing VM operation: Cleanup
Event: 33.708 Executing VM operation: Cleanup done
Event: 33.884 Executing VM operation: G1CollectForAllocation (G1 Evacuation Pause)
Event: 33.889 Executing VM operation: G1CollectForAllocation (G1 Evacuation Pause) done
Event: 35.890 Executing VM operation: Cleanup
Event: 35.955 Executing VM operation: Cleanup done
Event: 37.957 Executing VM operation: Cleanup
Event: 38.001 Executing VM operation: Cleanup done
Event: 38.047 Executing VM operation: HandshakeAllThreads (Deoptimize)
Event: 38.047 Executing VM operation: HandshakeAllThreads (Deoptimize) done
Event: 38.063 Executing VM operation: HandshakeAllThreads (Deoptimize)
Event: 38.063 Executing VM operation: HandshakeAllThreads (Deoptimize) done
Event: 38.881 Executing VM operation: HandshakeAllThreads (Deoptimize)
Event: 38.881 Executing VM operation: HandshakeAllThreads (Deoptimize) done
Event: 39.882 Executing VM operation: Cleanup
Event: 39.964 Executing VM operation: Cleanup done
Event: 40.449 Executing VM operation: HandshakeAllThreads (Deoptimize)
Event: 40.450 Executing VM operation: HandshakeAllThreads (Deoptimize) done

Events (20 events):
Event: 28.522 Thread 0x000001fc51b6a620 flushing nmethod 0x000001fc481f2310
Event: 28.522 Thread 0x000001fc51b6a620 flushing nmethod 0x000001fc48225310
Event: 28.522 Thread 0x000001fc51b6a620 flushing nmethod 0x000001fc48225690
Event: 28.522 Thread 0x000001fc51b6a620 flushing nmethod 0x000001fc48062b10
Event: 28.522 Thread 0x000001fc51b6a620 flushing nmethod 0x000001fc48064c10
Event: 28.522 Thread 0x000001fc51b6a620 flushing nmethod 0x000001fc4820a910
Event: 28.522 Thread 0x000001fc51b6a620 flushing nmethod 0x000001fc4827e890
Event: 28.522 Thread 0x000001fc51b6a620 flushing nmethod 0x000001fc48299410
Event: 28.522 Thread 0x000001fc51b6a620 flushing nmethod 0x000001fc4829c590
Event: 28.522 Thread 0x000001fc51b6a620 flushing nmethod 0x000001fc485a6d90
Event: 28.522 Thread 0x000001fc51b6a620 flushing nmethod 0x000001fc485aa590
Event: 28.522 Thread 0x000001fc51b6a620 flushing nmethod 0x000001fc48036f90
Event: 28.522 Thread 0x000001fc51b6a620 flushing nmethod 0x000001fc4813f990
Event: 28.522 Thread 0x000001fc51b6a620 flushing nmethod 0x000001fc48182d90
Event: 28.522 Thread 0x000001fc51b6a620 flushing nmethod 0x000001fc481a0990
Event: 28.522 Thread 0x000001fc51b6a620 flushing nmethod 0x000001fc481c1a90
Event: 28.522 Thread 0x000001fc51b6a620 flushing nmethod 0x000001fc481c2910
Event: 29.667 Thread 0x000001fc97cde1b0 Thread exited: 0x000001fc97cde1b0
Event: 30.792 Thread 0x000001fc97a32f60 Thread exited: 0x000001fc97a32f60
Event: 38.905 Thread 0x000001fc97772880 Thread exited: 0x000001fc97772880


Dynamic libraries:
0x00007ff6e7780000 - 0x00007ff6e7790000 	C:\Program Files\Java\jdk-21\bin\java.exe
0x00007ffde7a30000 - 0x00007ffde7c28000 	C:\WINDOWS\SYSTEM32\ntdll.dll
0x00007ffde6e80000 - 0x00007ffde6f42000 	C:\WINDOWS\System32\KERNEL32.DLL
0x00007ffde56c0000 - 0x00007ffde59b6000 	C:\WINDOWS\System32\KERNELBASE.dll
0x00007ffdbd2a0000 - 0x00007ffdbd2bb000 	C:\Program Files\Java\jdk-21\bin\VCRUNTIME140.dll
0x00007ffdc4f50000 - 0x00007ffdc4f69000 	C:\Program Files\Java\jdk-21\bin\jli.dll
0x00007ffde6a90000 - 0x00007ffde6b41000 	C:\WINDOWS\System32\ADVAPI32.dll
0x00007ffde7070000 - 0x00007ffde710e000 	C:\WINDOWS\System32\msvcrt.dll
0x00007ffde5d60000 - 0x00007ffde5dff000 	C:\WINDOWS\System32\sechost.dll
0x00007ffde6d60000 - 0x00007ffde6e80000 	C:\WINDOWS\System32\RPCRT4.dll
0x00007ffde59f0000 - 0x00007ffde5a17000 	C:\WINDOWS\System32\bcrypt.dll
0x00007ffde5b30000 - 0x00007ffde5cd1000 	C:\WINDOWS\System32\USER32.dll
0x00007ffde59c0000 - 0x00007ffde59e2000 	C:\WINDOWS\System32\win32u.dll
0x00007ffde67d0000 - 0x00007ffde67fb000 	C:\WINDOWS\System32\GDI32.dll
0x00007ffdd1f70000 - 0x00007ffdd220b000 	C:\WINDOWS\WinSxS\amd64_microsoft.windows.common-controls_6595b64144ccf1df_6.0.19041.6456_none_60b8a6cb71f64256\COMCTL32.dll
0x00007ffde54d0000 - 0x00007ffde55e9000 	C:\WINDOWS\System32\gdi32full.dll
0x00007ffde5120000 - 0x00007ffde51bd000 	C:\WINDOWS\System32\msvcp_win.dll
0x00007ffddee20000 - 0x00007ffddee2a000 	C:\WINDOWS\SYSTEM32\VERSION.dll
0x00007ffde51c0000 - 0x00007ffde52c0000 	C:\WINDOWS\System32\ucrtbase.dll
0x00007ffde7990000 - 0x00007ffde79bf000 	C:\WINDOWS\System32\IMM32.DLL
0x00007ffdca470000 - 0x00007ffdca47c000 	C:\Program Files\Java\jdk-21\bin\vcruntime140_1.dll
0x00007ffdb3a40000 - 0x00007ffdb3ace000 	C:\Program Files\Java\jdk-21\bin\msvcp140.dll
0x00007ffd8c9e0000 - 0x00007ffd8d6fa000 	C:\Program Files\Java\jdk-21\bin\server\jvm.dll
0x00007ffde6800000 - 0x00007ffde686b000 	C:\WINDOWS\System32\WS2_32.dll
0x00007ffde4ef0000 - 0x00007ffde4f3b000 	C:\WINDOWS\SYSTEM32\POWRPROF.dll
0x00007ffdc4e10000 - 0x00007ffdc4e37000 	C:\WINDOWS\SYSTEM32\WINMM.dll
0x00007ffde4ed0000 - 0x00007ffde4ee2000 	C:\WINDOWS\SYSTEM32\UMPDC.dll
0x00007ffde2de0000 - 0x00007ffde2df2000 	C:\WINDOWS\SYSTEM32\kernel.appcore.dll
0x00007ffdca310000 - 0x00007ffdca31a000 	C:\Program Files\Java\jdk-21\bin\jimage.dll
0x00007ffdd3a40000 - 0x00007ffdd3c41000 	C:\WINDOWS\SYSTEM32\DBGHELP.DLL
0x00007ffdd00c0000 - 0x00007ffdd00f4000 	C:\WINDOWS\SYSTEM32\dbgcore.DLL
0x00007ffde5090000 - 0x00007ffde5112000 	C:\WINDOWS\System32\bcryptPrimitives.dll
0x00007ffdbc9b0000 - 0x00007ffdbc9cf000 	C:\Program Files\Java\jdk-21\bin\java.dll
0x00007ffde5e00000 - 0x00007ffde6570000 	C:\WINDOWS\System32\SHELL32.dll
0x00007ffde30c0000 - 0x00007ffde3865000 	C:\WINDOWS\SYSTEM32\windows.storage.dll
0x00007ffde7580000 - 0x00007ffde78d4000 	C:\WINDOWS\System32\combase.dll
0x00007ffde49e0000 - 0x00007ffde4a0b000 	C:\WINDOWS\SYSTEM32\Wldp.dll
0x00007ffde69b0000 - 0x00007ffde6a7d000 	C:\WINDOWS\System32\OLEAUT32.dll
0x00007ffde78e0000 - 0x00007ffde798d000 	C:\WINDOWS\System32\SHCORE.dll
0x00007ffde5ce0000 - 0x00007ffde5d3b000 	C:\WINDOWS\System32\shlwapi.dll
0x00007ffde4fc0000 - 0x00007ffde4fe4000 	C:\WINDOWS\SYSTEM32\profapi.dll
0x00007ffdca180000 - 0x00007ffdca190000 	C:\Program Files\Java\jdk-21\bin\net.dll
0x00007ffddeac0000 - 0x00007ffddebca000 	C:\WINDOWS\SYSTEM32\WINHTTP.dll
0x00007ffde46f0000 - 0x00007ffde475a000 	C:\WINDOWS\system32\mswsock.dll
0x00007ffdbc990000 - 0x00007ffdbc9a6000 	C:\Program Files\Java\jdk-21\bin\nio.dll
0x00007ffdbc4f0000 - 0x00007ffdbc508000 	C:\Program Files\Java\jdk-21\bin\zip.dll
0x00007ffdc9f40000 - 0x00007ffdc9f4e000 	C:\Program Files\Java\jdk-21\bin\sunmscapi.dll
0x00007ffde52c0000 - 0x00007ffde541d000 	C:\WINDOWS\System32\CRYPT32.dll
0x00007ffde4a50000 - 0x00007ffde4a77000 	C:\WINDOWS\SYSTEM32\ncrypt.dll
0x00007ffde4a10000 - 0x00007ffde4a4b000 	C:\WINDOWS\SYSTEM32\NTASN1.dll
0x00007ffde48b0000 - 0x00007ffde48c8000 	C:\WINDOWS\SYSTEM32\CRYPTSP.dll
0x00007ffde4020000 - 0x00007ffde4058000 	C:\WINDOWS\system32\rsaenh.dll
0x00007ffde4f40000 - 0x00007ffde4f6e000 	C:\WINDOWS\SYSTEM32\USERENV.dll
0x00007ffde48f0000 - 0x00007ffde48fc000 	C:\WINDOWS\SYSTEM32\CRYPTBASE.dll
0x00007ffde43f0000 - 0x00007ffde442b000 	C:\WINDOWS\SYSTEM32\IPHLPAPI.DLL
0x00007ffde6a80000 - 0x00007ffde6a88000 	C:\WINDOWS\System32\NSI.dll
0x00007ffdc9b70000 - 0x00007ffdc9b7a000 	C:\Program Files\Java\jdk-21\bin\management.dll
0x00007ffdc88d0000 - 0x00007ffdc88db000 	C:\Program Files\Java\jdk-21\bin\management_ext.dll
0x00007ffde6760000 - 0x00007ffde6768000 	C:\WINDOWS\System32\PSAPI.DLL
0x00007ffde4430000 - 0x00007ffde44fa000 	C:\WINDOWS\SYSTEM32\DNSAPI.dll
0x00007ffdd7670000 - 0x00007ffdd767a000 	C:\Windows\System32\rasadhlp.dll
0x00007ffdd9190000 - 0x00007ffdd9210000 	C:\WINDOWS\System32\fwpuclnt.dll
0x00007ffdc65c0000 - 0x00007ffdc65c9000 	C:\Program Files\Java\jdk-21\bin\extnet.dll

dbghelp: loaded successfully - version: 4.0.5 - missing functions: none
symbol engine: initialized successfully - sym options: 0x614 - pdb path: .;C:\Program Files\Java\jdk-21\bin;C:\WINDOWS\SYSTEM32;C:\WINDOWS\WinSxS\amd64_microsoft.windows.common-controls_6595b64144ccf1df_6.0.19041.6456_none_60b8a6cb71f64256;C:\Program Files\Java\jdk-21\bin\server

VM Arguments:
jvm_args: -XX:TieredStopAtLevel=1 
java_command: yand.User.UserApplication
java_class_path (initial): C:\Users\2oleg\Downloads\Telegram Desktop\Kefir\Backend\User\target\classes;C:\Users\2oleg\.m2\repository\org\springframework\boot\spring-boot\3.5.7\spring-boot-3.5.7.jar;C:\Users\2oleg\.m2\repository\org\springframework\boot\spring-boot-autoconfigure\3.5.7\spring-boot-autoconfigure-3.5.7.jar;C:\Users\2oleg\.m2\repository\ch\qos\logback\logback-classic\1.5.20\logback-classic-1.5.20.jar;C:\Users\2oleg\.m2\repository\ch\qos\logback\logback-core\1.5.20\logback-core-1.5.20.jar;C:\Users\2oleg\.m2\repository\org\apache\logging\log4j\log4j-to-slf4j\2.24.3\log4j-to-slf4j-2.24.3.jar;C:\Users\2oleg\.m2\repository\org\apache\logging\log4j\log4j-api\2.24.3\log4j-api-2.24.3.jar;C:\Users\2oleg\.m2\repository\org\slf4j\jul-to-slf4j\2.0.17\jul-to-slf4j-2.0.17.jar;C:\Users\2oleg\.m2\repository\jakarta\annotation\jakarta.annotation-api\2.1.1\jakarta.annotation-api-2.1.1.jar;C:\Users\2oleg\.m2\repository\org\yaml\snakeyaml\2.4\snakeyaml-2.4.jar;C:\Users\2oleg\.m2\repository\com\zaxxer\HikariCP\6.3.3\HikariCP-6.3.3.jar;C:\Users\2oleg\.m2\repository\org\springframework\spring-jdbc\6.2.12\spring-jdbc-6.2.12.jar;C:\Users\2oleg\.m2\repository\org\hibernate\orm\hibernate-core\6.6.33.Final\hibernate-core-6.6.33.Final.jar;C:\Users\2oleg\.m2\repository\jakarta\persistence\jakarta.persistence-api\3.1.0\jakarta.persistence-api-3.1.0.jar;C:\Users\2oleg\.m2\repository\jakarta\transaction\jakarta.transaction-api\2.0.1\jakarta.transaction-api-2.0.1.jar;C:\Users\2oleg\.m2\repository\org\jboss\logging\jboss-logging\3.6.1.Final\jboss-logging-3.6.1.Final.jar;C:\Users\2oleg\.m2\repository\org\hibernate\common\hibernate-commons-annotations\7.0.3.Final\hibernate-commons-annotations-7.0.3.Final.jar;C:\Users\2oleg\.m2\repository\io\smallrye\jandex\3.2.0\jandex-3.2.0.jar;C:\Users\2oleg\.m2\repository\com\fasterxml\classmate\1.7.1\classmate-1.7.1.jar;C:\Users\2oleg\.m2\repository\net\bytebuddy\byte-buddy\1.17.8\byte-buddy-1.17.8.jar;C:\Users\2oleg\.m2\repository\org\glassfish\jaxb\jaxb-runtime\4.0.6\jaxb-runtime-4.0.6.jar;C:\Users\2oleg\.m2\repository\org\glassfish\jaxb\jaxb-core\4.0.6\jaxb-core-4.0.6.jar;C:\Users\2oleg\.m2\repository\org\eclipse\angus\angus-activation\2.0.3\angus-activation-2.0.3.jar;C:\Users\2oleg\.m2\repository\org\glassfish\jaxb\txw2\4.0.6\txw2-4.0.6.jar;C:\Users\2oleg\.m2\repository\com\sun\istack\istack-commons-runtime\4.1.2\istack-commons-runtime-4.1.2.jar;C:\Users\2oleg\.m2\repository\jakarta\inject\jakarta.inject-api\2.0.1\jakarta.inject-api-2.0.1.jar;C:\Users\2oleg\.m2\repository\org\antlr\antlr4-runtime\4.13.0\antlr4-runtime-4.13.0.jar;C:\Users\2oleg\.m2\repository\org\springframework\data\spring-data-jpa\3.5.5\spring-data-jpa-3.5.5.jar;C:\Users\2oleg\.m2\repository\org\springframework\data\spring-data-commons\3.5.5\spring-data-commons-3.5.5.jar;C:\Users\2oleg\.m2\repository\org\springframework\spring-orm\6.2.12\spring-orm-6.2.12.jar;C:\Users\2oleg\.m2\repository\org\springframework\spring-context\6.2.12\spring-context-6.2.12.jar;C:\Users\2oleg\.m2\repository\org\springframework\spring-tx\6.2.12\spring-tx-6.2.12.jar;C:\Users\2oleg\.m2\repository\org\springframework\spring-beans\6.2.12\spring-beans-6.2.12.jar;C:\Users\2oleg\.m2\repository\org\slf4j\slf4j-api\2.0.17\slf4j-api-2.0.17.jar;C:\Users\2oleg\.m2\repository\org\springframework\spring-aspects\6.2.12\spring-aspects-6.2.12.jar;C:\Users\2oleg\.m2\repository\org\aspectj\aspectjweaver\1.9.24\aspectjweaver-1.9.24.jar;C:\Users\2oleg\.m2\repository\org\springframework\data\spring-data-rest-webmvc\4.5.5\spring-data-rest-webmvc-4.5.5.jar;C:\Users\2oleg\.m2\repository\org\springframework\data\spring-data-rest-core\4.5.5\spring-data-rest-core-4.5.5.jar;C:\Users\2oleg\.m2\repository\org\springframework\hateoas\spring-hateoas\2.5.1\spring-hateoas-2.5.1.jar;C:\Users\2oleg\.m2\repository\org\springframework\plugin\spring-plugin-core\3.0.0\spring-plugin-core-3.0.0.jar;C:\Users\2oleg\.m2\repository\org\atteo\evo-inflector\1.3\evo-inflector-1.3.jar;C:\Users\2oleg\.m2\repository\com\fasterxml\jackson\core\jackson-databind\2.19.2\jackson-databind-2.19.2.jar;C:\Users\2oleg\.m2\repository\com\fasterxml\jackson\core\jackson-core\2.19.2\jackson-core-2.19.2.jar;C:\Users\2oleg\.m2\repository\com\fasterxml\jackson\core\jackson-annotations\2.19.2\jackson-annotations-2.19.2.jar;C:\Users\2oleg\.m2\repository\org\springframework\spring-aop\6.2.12\spring-aop-6.2.12.jar;C:\Users\2oleg\.m2\repository\org\springframework\security\spring-security-config\6.5.6\spring-security-config-6.5.6.jar;C:\Users\2oleg\.m2\repository\org\springframework\security\spring-security-web\6.5.6\spring-security-web-6.5.6.jar;C:\Users\2oleg\.m2\repository\org\springframework\spring-expression\6.2.12\spring-expression-6.2.12.jar;C:\Users\2oleg\.m2\repository\com\fasterxml\jackson\datatype\jackson-datatype-jdk8\2.19.2\jackson-datatype-jdk8-2.19.2.jar;C:\Users\2oleg\.m2\repository\com\fasterxml\jackson\datatype\jackson-datatype-jsr310\2.19.2\jackson-datatype-jsr310-2.19.2.jar;C:\Users\2oleg\.m2\repository\com\fasterxml\jackson\module\jackson-module-parameter-names\2.19.2\jackson-module-parameter-names-2.19.2.jar;C:\Users\2oleg\.m2\repository\org\apache\tomcat\embed\tomcat-embed-core\10.1.48\tomcat-embed-core-10.1.48.jar;C:\Users\2oleg\.m2\repository\org\apache\tomcat\embed\tomcat-embed-el\10.1.48\tomcat-embed-el-10.1.48.jar;C:\Users\2oleg\.m2\repository\org\apache\tomcat\embed\tomcat-embed-websocket\10.1.48\tomcat-embed-websocket-10.1.48.jar;C:\Users\2oleg\.m2\repository\org\springframework\spring-web\6.2.12\spring-web-6.2.12.jar;C:\Users\2oleg\.m2\repository\io\micrometer\micrometer-observation\1.15.5\micrometer-observation-1.15.5.jar;C:\Users\2oleg\.m2\repository\io\micrometer\micrometer-commons\1.15.5\micrometer-commons-1.15.5.jar;C:\Users\2oleg\.m2\repository\org\springframework\spring-webmvc\6.2.12\spring-webmvc-6.2.12.jar;C:\Users\2oleg\.m2\repository\org\postgresql\postgresql\42.7.8\postgresql-42.7.8.jar;C:\Users\2oleg\.m2\repository\org\checkerframework\checker-qual\3.49.5\checker-qual-3.49.5.jar;C:\Users\2oleg\.m2\repository\com\jayway\jsonpath\json-path\2.9.0\json-path-2.9.0.jar;C:\Users\2oleg\.m2\repository\jakarta\xml\bind\jakarta.xml.bind-api\4.0.4\jakarta.xml.bind-api-4.0.4.jar;C:\Users\2oleg\.m2\repository\jakarta\activation\jakarta.activation-api\2.1.4\jakarta.activation-api-2.1.4.jar;C:\Users\2oleg\.m2\repository\net\minidev\json-smart\2.5.2\json-smart-2.5.2.jar;C:\Users\2oleg\.m2\repository\net\minidev\accessors-smart\2.5.2\accessors-smart-2.5.2.jar;C:\Users\2oleg\.m2\repository\org\ow2\asm\asm\9.7.1\asm-9.7.1.jar;C:\Users\2oleg\.m2\repository\org\springframework\spring-core\6.2.12\spring-core-6.2.12.jar;C:\Users\2oleg\.m2\repository\org\springframework\spring-jcl\6.2.12\spring-jcl-6.2.12.jar;C:\Users\2oleg\.m2\repository\org\springframework\security\spring-security-core\6.5.6\spring-security-core-6.5.6.jar;C:\Users\2oleg\.m2\repository\org\springframework\security\spring-security-crypto\6.5.6\spring-security-crypto-6.5.6.jar
Launcher Type: SUN_STANDARD

[Global flags]
     intx CICompilerCount                          = 4                                         {product} {ergonomic}
     uint ConcGCThreads                            = 2                                         {product} {ergonomic}
     uint G1ConcRefinementThreads                  = 8                                         {product} {ergonomic}
   size_t G1HeapRegionSize                         = 2097152                                   {product} {ergonomic}
    uintx GCDrainStackTargetSize                   = 64                                        {product} {ergonomic}
   size_t InitialHeapSize                          = 192937984                                 {product} {ergonomic}
   size_t MarkStackSize                            = 4194304                                   {product} {ergonomic}
   size_t MaxHeapSize                              = 3074424832                                {product} {ergonomic}
   size_t MaxNewSize                               = 1843396608                                {product} {ergonomic}
   size_t MinHeapDeltaBytes                        = 2097152                                   {product} {ergonomic}
   size_t MinHeapSize                              = 8388608                                   {product} {ergonomic}
    uintx NonNMethodCodeHeapSize                   = 4096                                   {pd product} {ergonomic}
    uintx NonProfiledCodeHeapSize                  = 0                                      {pd product} {ergonomic}
     bool ProfileInterpreter                       = false                                  {pd product} {command line}
    uintx ProfiledCodeHeapSize                     = 0                                      {pd product} {ergonomic}
   size_t SoftMaxHeapSize                          = 3074424832                             {manageable} {ergonomic}
     intx TieredStopAtLevel                        = 1                                         {product} {command line}
     bool UseCompressedOops                        = true                           {product lp64_product} {ergonomic}
     bool UseG1GC                                  = true                                      {product} {ergonomic}
     bool UseLargePagesIndividualAllocation        = false                                  {pd product} {ergonomic}

Logging:
Log output configuration:
 #0: stdout all=warning uptime,level,tags foldmultilines=false
 #1: stderr all=off uptime,level,tags foldmultilines=false

Environment Variables:
JAVA_HOME=C:\Program Files\Java\jdk-21
PATH=C:\Program Files\Common Files\Oracle\Java\javapath;C:\Program Files (x86)\Cuminas\Document Express DjVu Plug-in\;C:\Program Files (x86)\Razer Chroma SDK\bin;C:\Program Files\Razer Chroma SDK\bin;C:\WINDOWS\system32;C:\WINDOWS;C:\WINDOWS\System32\Wbem;C:\WINDOWS\System32\WindowsPowerShell\v1.0\;C:\WINDOWS\System32\OpenSSH\;C:\Program Files (x86)\NVIDIA Corporation\PhysX\Common;C:\WINDOWS\system32\config\systemprofile\AppData\Local\Microsoft\WindowsApps;C:\Program Files (x86)\Razer\ChromaBroadcast\bin;C:\Program Files\Razer\ChromaBroadcast\bin;C:\Users\2oleg\AppData\Local\Microsoft\WindowsApps;C:\Program Files\JetBrains\IntelliJ IDEA Community Edition 2024.3\bin;C:\Users\2oleg\AppData\Local\Programs\Microsoft VS Code\bin;C:\Program Files\Docker\Docker\resources\bin;C:\Users\2oleg\Downloads\curl-8.16.0_6-win64-mingw.zip\curl-8.16.0_6-win64-mingw\bin;C:\Users\2oleg\Downloads\curl-8.16.0_6-win64-mingw\curl-8.16.0_6-win64-mingw\bin;C:\Users\2oleg\Downloads\apache-maven-3.9.11-bin\apache-maven-3.9.11\bin;C:\ProgramData\chocolatey\bin;C:\Users\2oleg\AppData\Roaming\Cloud Foundry;C:\Program Files\Git\cmd;C:\Program Files\nodejs\;C:\Users\2oleg\AppData\Local\Muse Hub\lib;C:\Users\2oleg\AppData\Local\Microsoft\WindowsApps;C:\Program Files\JetBrains\IntelliJ IDEA Community Edition 2025.2.4\bin;C:\Users\2oleg\AppData\Local\Programs\Microsoft VS Code\bin;C:\Program Files\jq.exe;C:\Users\2oleg\AppData\Local\Microsoft\WinGet\Packages\jqlang.jq_Microsoft.Winget.Source_8wekyb3d8bbwe;C:\Program Files\Java\jdk-24;C:\Users\2oleg\Downloads\gradle-9.0.0-bin\gradle-9.0.0\bin;C:\Program Files\Docker\Docker\resources\bin;C:\Users\2oleg\AppData\Local\GitHubDesktop\bin;C:\Users\2oleg\AppData\Roaming\npm
USERNAME=2oleg
OS=Windows_NT
PROCESSOR_IDENTIFIER=Intel64 Family 6 Model 60 Stepping 3, GenuineIntel
TMP=C:\Users\2oleg\AppData\Local\Temp
TEMP=C:\Users\2oleg\AppData\Local\Temp




Periodic native trim disabled

---------------  S Y S T E M  ---------------

OS:
 Windows 10 , 64 bit Build 19041 (10.0.19041.5915)
OS uptime: 0 days 9:19 hours
Hyper-V role detected

CPU: total 8 (initial active 8) (4 cores per cpu, 2 threads per core) family 6 model 60 stepping 3 microcode 0x27, cx8, cmov, fxsr, ht, mmx, sse, sse2, sse3, ssse3, sse4.1, sse4.2, popcnt, lzcnt, tsc, tscinvbit, avx, avx2, aes, erms, clmul, bmi1, bmi2, fma, vzeroupper, clflush, hv, rdtscp, f16c
Processor Information for all 8 processors :
  Max Mhz: 2401, Current Mhz: 2401, Mhz Limit: 2401

Memory: 4k page, system-wide physical 11723M (805M free)
TotalPageFile size 23723M (AvailPageFile size 839M)
current process WorkingSet (physical memory assigned to process): 194M, peak: 194M
current process commit charge ("private bytes"): 234M, peak: 300M

vm_info: Java HotSpot(TM) 64-Bit Server VM (21.0.7+8-LTS-245) for windows-amd64 JRE (21.0.7+8-LTS-245), built on 2025-02-21T05:11:27Z by "mach5one" with MS VC++ 17.6 (VS2022)

END.
