#
# There is insufficient memory for the Java Runtime Environment to continue.
# Native memory allocation (mmap) failed to map 65536 bytes for Failed to commit metaspace.
# Possible reasons:
#   The system is out of physical RAM or swap space
#   The process is running with CompressedOops enabled, and the Java Heap may be blocking the growth of the native heap
# Possible solutions:
#   Reduce memory load on the system
#   Increase physical memory or swap space
#   Check if swap backing store is full
#   Decrease Java heap size (-Xmx/-Xms)
#   Decrease number of Java threads
#   Decrease Java thread stack sizes (-Xss)
#   Set larger code cache with -XX:ReservedCodeCacheSize=
#   JVM is running with Zero Based Compressed Oops mode in which the Java heap is
#     placed in the first 32GB address space. The Java Heap base address is the
#     maximum limit for the native heap growth. Please use -XX:HeapBaseMinAddress
#     to set the Java Heap base and to place the Java Heap above 32GB virtual address.
# This output file may be truncated or incomplete.
#
#  Out of Memory Error (virtualSpaceNode.cpp:112), pid=15392, tid=5744
#
# JRE version: Java(TM) SE Runtime Environment (21.0.7+8) (build 21.0.7+8-LTS-245)
# Java VM: Java HotSpot(TM) 64-Bit Server VM (21.0.7+8-LTS-245, mixed mode, emulated-client, sharing, tiered, compressed oops, compressed class ptrs, g1 gc, windows-amd64)
# No core dump will be written. Minidumps are not enabled by default on client versions of Windows
#

---------------  S U M M A R Y ------------

Command Line: -XX:TieredStopAtLevel=1 yand.User.UserApplication

Host: Intel(R) Core(TM) i7-4700HQ CPU @ 2.40GHz, 8 cores, 11G,  Windows 10 , 64 bit Build 19041 (10.0.19041.5915)
Time: Sat Dec 20 01:16:05 2025 RTZ 2 (s 10 , 64 bit Build 19041 (10.0.19041.5915) elapsed time: 8.087370 seconds (0d 0h 0m 8s)

---------------  T H R E A D  ---------------

Current thread (0x00000153ecb7e000):  JavaThread "background-preinit"        [_thread_in_vm, id=5744, stack(0x0000003e98e00000,0x0000003e98f00000) (1024K)]

Stack: [0x0000003e98e00000,0x0000003e98f00000]
Native frames: (J=compiled Java code, j=interpreted, Vv=VM code, C=native code)
V  [jvm.dll+0x6cae19]
V  [jvm.dll+0x855741]
V  [jvm.dll+0x857c6e]
V  [jvm.dll+0x858343]
V  [jvm.dll+0x27e0b6]
V  [jvm.dll+0x85135e]
V  [jvm.dll+0x66ea55]
V  [jvm.dll+0x1e410c]
V  [jvm.dll+0x1e3ede]
V  [jvm.dll+0x671383]
V  [jvm.dll+0x6711a2]
V  [jvm.dll+0x66f42e]
V  [jvm.dll+0x269830]
V  [jvm.dll+0x215897]
V  [jvm.dll+0x20b1ee]
V  [jvm.dll+0x5ad9cc]
V  [jvm.dll+0x7cf846]
V  [jvm.dll+0x471336]
V  [jvm.dll+0x4771b8]
C  [java.dll+0x17ec]

Java frames: (J=compiled Java code, j=interpreted, Vv=VM code)
J 574  java.lang.ClassLoader.defineClass1(Ljava/lang/ClassLoader;Ljava/lang/String;[BIILjava/security/ProtectionDomain;Ljava/lang/String;)Ljava/lang/Class; java.base@21.0.7 (0 bytes) @ 0x000001539dcae311 [0x000001539dcae240+0x00000000000000d1]
J 962 c1 java.lang.ClassLoader.defineClass(Ljava/lang/String;[BIILjava/security/ProtectionDomain;)Ljava/lang/Class; java.base@21.0.7 (43 bytes) @ 0x000001539dd4d404 [0x000001539dd4d2e0+0x0000000000000124]
J 823 c1 jdk.internal.loader.BuiltinClassLoader.defineClass(Ljava/lang/String;Ljdk/internal/loader/Resource;)Ljava/lang/Class; java.base@21.0.7 (121 bytes) @ 0x000001539dd14624 [0x000001539dd140c0+0x0000000000000564]
J 820 c1 jdk.internal.loader.BuiltinClassLoader.findClassOnClassPathOrNull(Ljava/lang/String;)Ljava/lang/Class; java.base@21.0.7 (64 bytes) @ 0x000001539dd133bc [0x000001539dd130e0+0x00000000000002dc]
J 395 c1 jdk.internal.loader.BuiltinClassLoader.loadClassOrNull(Ljava/lang/String;Z)Ljava/lang/Class; java.base@21.0.7 (143 bytes) @ 0x000001539dc6aa8c [0x000001539dc6a680+0x000000000000040c]
J 703 c1 jdk.internal.loader.ClassLoaders$AppClassLoader.loadClass(Ljava/lang/String;Z)Ljava/lang/Class; java.base@21.0.7 (40 bytes) @ 0x000001539dce0c8c [0x000001539dce0c40+0x000000000000004c]
J 702 c1 java.lang.ClassLoader.loadClass(Ljava/lang/String;)Ljava/lang/Class; java.base@21.0.7 (7 bytes) @ 0x000001539dcdfe14 [0x000001539dcdfdc0+0x0000000000000054]
v  ~StubRoutines::call_stub 0x000001539da3100d
j  org.springframework.boot.autoconfigure.BackgroundPreinitializer$TomcatInitializer.run()V+8
j  org.springframework.boot.autoconfigure.BackgroundPreinitializer$1.runSafely(Ljava/lang/Runnable;)Z+1
j  org.springframework.boot.autoconfigure.BackgroundPreinitializer$1.run()V+70
j  java.lang.Thread.runWith(Ljava/lang/Object;Ljava/lang/Runnable;)V+5 java.base@21.0.7
j  java.lang.Thread.run()V+19 java.base@21.0.7
v  ~StubRoutines::call_stub 0x000001539da3100d

Compiled method (n/a)    8121  574     n 0       java.lang.ClassLoader::defineClass1 (native)
 total in heap  [0x000001539dcae090,0x000001539dcae6f0] = 1632
 relocation     [0x000001539dcae1f0,0x000001539dcae228] = 56
 main code      [0x000001539dcae240,0x000001539dcae6ef] = 1199
 stub code      [0x000001539dcae6ef,0x000001539dcae6f0] = 1

[Constant Pool (empty)]

[MachCode]
[Entry Point]
  # {method} {0x00000153a7439a30} 'defineClass1' '(Ljava/lang/ClassLoader;Ljava/lang/String;[BIILjava/security/ProtectionDomain;Ljava/lang/String;)Ljava/lang/Class;' in 'java/lang/ClassLoader'
  # parm0:    rdx:rdx   = 'java/lang/ClassLoader'
  # parm1:    r8:r8     = 'java/lang/String'
  # parm2:    r9:r9     = '[B'
  # parm3:    rdi       = int
  # parm4:    rsi       = int
  # parm5:    rcx:rcx   = 'java/security/ProtectionDomain'
  # parm6:    [sp+0xa0]   = 'java/lang/String'  (sp of caller)
  0x000001539dcae240: 448b 5208 | 49bb 0000 | 00a7 5301 | 0000 4d03 | d349 3bc2 | 0f84 0600 

  0x000001539dcae258: ;   {runtime_call ic_miss_stub}
  0x000001539dcae258: 0000 e921 | 05dd ff90 
[Verified Entry Point]
  0x000001539dcae260: 8984 2400 | 80ff ff55 | 488b ec48 | 81ec 9000 | 0000 6690 | 4181 7f20 | 0100 0000 

  0x000001539dcae27c: ;   {runtime_call StubRoutines (final stubs)}
  0x000001539dcae27c: 7405 e8dd | 6adb ff48 | 837d 1000 | 488d 4510 | 480f 4445 | 1048 8944 | 2440 4889 | 4c24 7048 
  0x000001539dcae29c: 83f9 0048 | 8d44 2470 | 480f 4444 | 2470 4889 | 4424 3848 | 8974 2430 | 4889 7c24 | 284c 894c 
  0x000001539dcae2bc: 2458 4983 | f900 488d | 4424 5848 | 0f44 4424 | 5848 8944 | 2420 4c89 | 4424 5049 | 83f8 004c 
  0x000001539dcae2dc: 8d4c 2450 | 4c0f 444c | 2450 4889 | 5424 4848 | 83fa 004c | 8d44 2448 | 4c0f 4444 

  0x000001539dcae2f8: ;   {oop(a 'java/lang/Class'{0x0000000748de3358} = 'java/lang/ClassLoader')}
  0x000001539dcae2f8: 2448 49be | 5833 de48 | 0700 0000 | 4c89 7424 | 784c 8d74 | 2478 498b | d6c5 f877 

  0x000001539dcae314: ;   {internal_word}
  0x000001539dcae314: 49ba 11e3 | ca9d 5301 | 0000 4d89 | 97a0 0300 | 0049 89a7 | 9803 0000 

  0x000001539dcae32c: ;   {external_word}
  0x000001539dcae32c: 49ba 2058 | 918f fd7f | 0000 4180 | 3a00 0f84 | 4e00 0000 | 5241 5041 

  0x000001539dcae344: ;   {metadata({method} {0x00000153a7439a30} 'defineClass1' '(Ljava/lang/ClassLoader;Ljava/lang/String;[BIILjava/security/ProtectionDomain;Ljava/lang/String;)Ljava/lang/Class;' in 'java/lang/ClassLoader')}
  0x000001539dcae344: 5148 ba28 | 9a43 a753 | 0100 0049 | 8bcf 4883 | ec20 40f6 | c40f 0f84 | 1900 0000 | 4883 ec08 
  0x000001539dcae364: ;   {runtime_call}
  0x000001539dcae364: 48b8 500d | 428f fd7f | 0000 ffd0 | 4883 c408 | e90c 0000 

  0x000001539dcae378: ;   {runtime_call}
  0x000001539dcae378: 0048 b850 | 0d42 8ffd | 7f00 00ff | d048 83c4 | 2041 5941 | 585a 498d | 8fb8 0300 | 0041 c787 
  0x000001539dcae398: 4404 0000 | 0400 0000 

  0x000001539dcae3a0: ;   {runtime_call}
  0x000001539dcae3a0: 48b8 ac16 | ecb7 fd7f | 0000 ffd0 | c5f8 7741 | c787 4404 | 0000 0500 | 0000 f083 | 4424 c000 
  0x000001539dcae3c0: 493b af48 | 0400 000f | 870e 0000 | 0041 83bf | 4004 0000 | 000f 842b | 0000 00c5 | f877 4889 
  0x000001539dcae3e0: 45f8 498b | cf4c 8be4 | 4883 ec20 | 4883 e4f0 

  0x000001539dcae3f0: ;   {runtime_call}
  0x000001539dcae3f0: 48b8 30b9 | 0d8f fd7f | 0000 ffd0 | 498b e44d | 33e4 488b | 45f8 41c7 | 8744 0400 | 0008 0000 
  0x000001539dcae410: 0041 83bf | c004 0000 | 020f 84a3 

  0x000001539dcae41c: ;   {external_word}
  0x000001539dcae41c: 0200 0049 | ba20 5891 | 8ffd 7f00 | 0041 803a | 000f 844c | 0000 0048 

  0x000001539dcae434: ;   {metadata({method} {0x00000153a7439a30} 'defineClass1' '(Ljava/lang/ClassLoader;Ljava/lang/String;[BIILjava/security/ProtectionDomain;Ljava/lang/String;)Ljava/lang/Class;' in 'java/lang/ClassLoader')}
  0x000001539dcae434: 8945 f848 | ba28 9a43 | a753 0100 | 0049 8bcf | 4883 ec20 | 40f6 c40f | 0f84 1900 | 0000 4883 
  0x000001539dcae454: ;   {runtime_call}
  0x000001539dcae454: ec08 48b8 | 500d 428f | fd7f 0000 | ffd0 4883 | c408 e90c 

  0x000001539dcae468: ;   {runtime_call}
  0x000001539dcae468: 0000 0048 | b850 0d42 | 8ffd 7f00 | 00ff d048 | 83c4 2048 | 8b45 f849 | c787 9803 | 0000 0000 
  0x000001539dcae488: 0000 49c7 | 87a0 0300 | 0000 0000 | 00c5 f877 | 4885 c00f | 84fe 0100 | 00a8 030f | 8508 0000 
  0x000001539dcae4a8: 0048 8b00 | e9ee 0100 | 00a8 010f | 8509 0000 | 0048 8b40 | fee9 dd01 | 0000 488b | 40ff 4180 
  0x000001539dcae4c8: 7f40 000f | 84ce 0100 | 0048 83f8 | 000f 84c4 | 0100 0049 | 8b4f 2848 | 83f9 000f | 8414 0000 
  0x000001539dcae4e8: 0048 83e9 | 0849 894f | 2849 034f | 3848 8901 | e9a2 0100 | 0048 81ec | d000 0000 | 4889 0424 
  0x000001539dcae508: 4889 4c24 | 0848 8954 | 2410 4889 | 7424 1848 | 897c 2420 | 4c89 4424 | 284c 894c | 2430 4c89 
  0x000001539dcae528: 5424 384c | 895c 2440 | c5fb 1144 | 2450 c5fb | 114c 2458 | c5fb 1154 | 2460 c5fb | 115c 2468 
  0x000001539dcae548: c5fb 1164 | 2470 c5fb | 116c 2478 | c5fb 11b4 | 2480 0000 | 00c5 fb11 | bc24 8800 | 0000 c57b 
  0x000001539dcae568: ;   {no_reloc}
  0x000001539dcae568: 1184 2490 | 0000 00c5 | 7b11 8c24 | 9800 0000 | c57b 1194 | 24a0 0000 | 00c5 7b11 | 9c24 a800 
  0x000001539dcae588: 0000 c57b | 11a4 24b0 | 0000 00c5 | 7b11 ac24 | b800 0000 | c57b 11b4 | 24c0 0000 | 00c5 7b11 
  0x000001539dcae5a8: bc24 c800 | 0000 498b | d748 8bc8 | 4883 ec20 | 40f6 c40f | 0f84 1900 | 0000 4883 

  0x000001539dcae5c4: ;   {runtime_call}
  0x000001539dcae5c4: ec08 48b8 | 90f6 008f | fd7f 0000 | ffd0 4883 | c408 e90c 

  0x000001539dcae5d8: ;   {runtime_call}
  0x000001539dcae5d8: 0000 0048 | b890 f600 | 8ffd 7f00 | 00ff d048 | 83c4 20c5 | 7b10 bc24 | c800 0000 | c57b 10b4 
  0x000001539dcae5f8: 24c0 0000 | 00c5 7b10 | ac24 b800 | 0000 c57b | 10a4 24b0 | 0000 00c5 | 7b10 9c24 | a800 0000 
  0x000001539dcae618: c57b 1094 | 24a0 0000 | 00c5 7b10 | 8c24 9800 | 0000 c57b | 1084 2490 | 0000 00c5 | fb10 bc24 
  0x000001539dcae638: 8800 0000 | c5fb 10b4 | 2480 0000 | 00c5 fb10 | 6c24 78c5 | fb10 6424 | 70c5 fb10 | 5c24 68c5 
  0x000001539dcae658: fb10 5424 | 60c5 fb10 | 4c24 58c5 | fb10 4424 | 504c 8b5c | 2440 4c8b | 5424 384c | 8b4c 2430 
  0x000001539dcae678: 4c8b 4424 | 2848 8b7c | 2420 488b | 7424 1848 | 8b54 2410 | 488b 4c24 | 0848 8b04 | 2448 81c4 
  0x000001539dcae698: d000 0000 | c5f8 7749 | 8b8f 2804 | 0000 c781 | 0001 0000 | 0000 0000 | c949 837f | 0800 0f85 
  0x000001539dcae6b8: 0100 0000 

  0x000001539dcae6bc: ;   {runtime_call StubRoutines (initial stubs)}
  0x000001539dcae6bc: c3e9 3e28 | d8ff c5f8 | 7748 8945 | f84c 8be4 | 4883 ec20 | 4883 e4f0 

  0x000001539dcae6d4: ;   {runtime_call}
  0x000001539dcae6d4: 48b8 4045 | 428f fd7f | 0000 ffd0 | 498b e44d | 33e4 488b | 45f8 e930 | fdff fff4 
[/MachCode]


Compiled method (c1)    8161  962       1       java.lang.ClassLoader::defineClass (43 bytes)
 total in heap  [0x000001539dd4d110,0x000001539dd4d6d8] = 1480
 relocation     [0x000001539dd4d270,0x000001539dd4d2e0] = 112
 main code      [0x000001539dd4d2e0,0x000001539dd4d4a8] = 456
 stub code      [0x000001539dd4d4a8,0x000001539dd4d520] = 120
 metadata       [0x000001539dd4d520,0x000001539dd4d550] = 48
 scopes data    [0x000001539dd4d550,0x000001539dd4d608] = 184
 scopes pcs     [0x000001539dd4d608,0x000001539dd4d6a8] = 160
 dependencies   [0x000001539dd4d6a8,0x000001539dd4d6b0] = 8
 nul chk table  [0x000001539dd4d6b0,0x000001539dd4d6d8] = 40

[Constant Pool (empty)]

[MachCode]
[Entry Point]
  # {method} {0x00000153a7439db0} 'defineClass' '(Ljava/lang/String;[BIILjava/security/ProtectionDomain;)Ljava/lang/Class;' in 'java/lang/ClassLoader'
  # this:     rdx:rdx   = 'java/lang/ClassLoader'
  # parm0:    r8:r8     = 'java/lang/String'
  # parm1:    r9:r9     = '[B'
  # parm2:    rdi       = int
  # parm3:    rsi       = int
  # parm4:    rcx:rcx   = 'java/security/ProtectionDomain'
  #           [sp+0xc0]  (sp of caller)
  0x000001539dd4d2e0: 448b 5208 | 49bb 0000 | 00a7 5301 | 0000 4d03 | d34c 3bd0 

  0x000001539dd4d2f4: ;   {runtime_call ic_miss_stub}
  0x000001539dd4d2f4: 0f85 8614 | d3ff 660f | 1f44 0000 
[Verified Entry Point]
  0x000001539dd4d300: 8984 2400 | 80ff ff55 | 4881 ecb0 | 0000 0090 | 4181 7f20 | 0100 0000 

  0x000001539dd4d318: ;   {runtime_call StubRoutines (final stubs)}
  0x000001539dd4d318: 7405 e841 | 7ad1 ff48 | 8954 2478 | 89b4 2494 | 0000 0089 | bc24 9000 | 0000 4c89 | 8c24 8800 
  0x000001539dd4d338: 0000 498b | d84c 8bc3 | 4c8b c948 | 8bca 488b | d148 899c | 2480 0000 | 0066 0f1f 

  0x000001539dd4d354: ;   {optimized virtual_call}
  0x000001539dd4d354: 4400 00e8 

  0x000001539dd4d358: ; ImmutableOopMap {[120]=Oop [128]=Oop [136]=Oop }
                      ;*invokevirtual preDefineClass {reexecute=0 rethrow=0 return_oop=0}
                      ; - java.lang.ClassLoader::defineClass@4 (line 1025)
  0x000001539dd4d358: 6406 0000 

  0x000001539dd4d35c: ;   {other}
  0x000001539dd4d35c: 0f1f 8400 | 4c02 0000 | 4889 8424 | 9800 0000 

  0x000001539dd4d36c: ; implicit exception: dispatches to 0x000001539dd4d452
  0x000001539dd4d36c: 448b 4010 | 49c1 e003 | 4d85 c00f | 850f 0000 

  0x000001539dd4d37c: ;   {oop(nullptr)}
  0x000001539dd4d37c: 0048 bb00 | 0000 0000 | 0000 00e9 | 4300 0000 

  0x000001539dd4d38c: ; implicit exception: dispatches to 0x000001539dd4d457
  0x000001539dd4d38c: 458b 400c | 49c1 e003 | 4d85 c00f | 850f 0000 

  0x000001539dd4d39c: ;   {oop(nullptr)}
  0x000001539dd4d39c: 0048 bb00 | 0000 0000 | 0000 00e9 | 2300 0000 

  0x000001539dd4d3ac: ; implicit exception: dispatches to 0x000001539dd4d45c
  0x000001539dd4d3ac: 418b 5038 | 48c1 e203 

  0x000001539dd4d3b4: ; implicit exception: dispatches to 0x000001539dd4d461
                      ;   {optimized virtual_call}
  0x000001539dd4d3b4: 483b 02e8 

  0x000001539dd4d3b8: ; ImmutableOopMap {[120]=Oop [128]=Oop [136]=Oop [152]=Oop }
                      ;*invokevirtual toExternalForm {reexecute=0 rethrow=0 return_oop=0}
                      ; - java.net.URL::toExternalForm@5 (line 1203)
                      ; - java.net.URL::toString@1 (line 1189)
                      ; - java.lang.ClassLoader::defineClassSourceLocation@22 (line 927)
                      ; - java.lang.ClassLoader::defineClass@12 (line 1026)
  0x000001539dd4d3b8: 44a2 f9ff 

  0x000001539dd4d3bc: ;   {other}
  0x000001539dd4d3bc: 0f1f 8400 | ac02 0001 | 488b d848 | 8b84 2498 | 0000 008b | b424 9400 | 0000 8bbc | 2490 0000 
  0x000001539dd4d3dc: 004c 8b8c | 2488 0000 | 004c 8b84 | 2480 0000 | 0048 8b54 | 2478 4c8b | da49 8bd3 | 488b c848 
  0x000001539dd4d3fc: ;   {static_call}
  0x000001539dd4d3fc: 891c 24e8 

  0x000001539dd4d400: ; ImmutableOopMap {[120]=Oop [152]=Oop }
                      ;*invokestatic defineClass1 {reexecute=0 rethrow=0 return_oop=0}
                      ; - java.lang.ClassLoader::defineClass@27 (line 1027)
  0x000001539dd4d400: 5c0e f6ff 

  0x000001539dd4d404: ;   {other}
  0x000001539dd4d404: 0f1f 8400 | f402 0002 | 4c8b c04c | 8b8c 2498 | 0000 0048 | 8b54 2478 | 4889 8424 | a000 0000 
  0x000001539dd4d424: ;   {optimized virtual_call}
  0x000001539dd4d424: 6666 90e8 

  0x000001539dd4d428: ; ImmutableOopMap {[160]=Oop }
                      ;*invokevirtual postDefineClass {reexecute=0 rethrow=0 return_oop=0}
                      ; - java.lang.ClassLoader::defineClass@37 (line 1028)
  0x000001539dd4d428: 54be fcff 

  0x000001539dd4d42c: ;   {other}
  0x000001539dd4d42c: 0f1f 8400 | 1c03 0003 | 488b 8424 | a000 0000 | 4881 c4b0 | 0000 005d 

  0x000001539dd4d444: ;   {poll_return}
  0x000001539dd4d444: 493b a748 | 0400 000f | 8715 0000 

  0x000001539dd4d450: ;   {runtime_call throw_null_pointer_exception Runtime1 stub}
  0x000001539dd4d450: 00c3 e829 

  0x000001539dd4d454: ; ImmutableOopMap {rax=Oop [120]=Oop [128]=Oop [136]=Oop [152]=Oop }
                      ;*invokevirtual getCodeSource {reexecute=0 rethrow=0 return_oop=0}
                      ; - java.lang.ClassLoader::defineClassSourceLocation@1 (line 924)
                      ; - java.lang.ClassLoader::defineClass@12 (line 1026)
                      ;   {runtime_call throw_null_pointer_exception Runtime1 stub}
  0x000001539dd4d454: c3de ffe8 

  0x000001539dd4d458: ; ImmutableOopMap {rax=Oop [120]=Oop [128]=Oop [136]=Oop [152]=Oop }
                      ;*invokevirtual getLocation {reexecute=0 rethrow=0 return_oop=0}
                      ; - java.lang.ClassLoader::defineClassSourceLocation@12 (line 926)
                      ; - java.lang.ClassLoader::defineClass@12 (line 1026)
  0x000001539dd4d458: 24c3 deff 

  0x000001539dd4d45c: ;   {runtime_call throw_null_pointer_exception Runtime1 stub}
  0x000001539dd4d45c: e81f c3de 

  0x000001539dd4d460: ; ImmutableOopMap {r8=Oop [120]=Oop [128]=Oop [136]=Oop [152]=Oop }
                      ;*invokevirtual toString {reexecute=0 rethrow=0 return_oop=0}
                      ; - java.lang.ClassLoader::defineClassSourceLocation@22 (line 927)
                      ; - java.lang.ClassLoader::defineClass@12 (line 1026)
                      ;   {runtime_call throw_null_pointer_exception Runtime1 stub}
  0x000001539dd4d460: ffe8 1ac3 

  0x000001539dd4d464: ; ImmutableOopMap {r8=Oop rdx=Oop [120]=Oop [128]=Oop [136]=Oop [152]=Oop }
                      ;*invokevirtual toExternalForm {reexecute=0 rethrow=0 return_oop=0}
                      ; - java.net.URL::toExternalForm@5 (line 1203)
                      ; - java.net.URL::toString@1 (line 1189)
                      ; - java.lang.ClassLoader::defineClassSourceLocation@22 (line 927)
                      ; - java.lang.ClassLoader::defineClass@12 (line 1026)
                      ;   {internal_word}
  0x000001539dd4d464: deff 49ba | 44d4 d49d | 5301 0000 | 4d89 9760 

  0x000001539dd4d474: ;   {runtime_call SafepointBlob}
  0x000001539dd4d474: 0400 00e9 | 8482 d3ff | 498b 87f8 | 0400 0049 | c787 f804 | 0000 0000 | 0000 49c7 | 8700 0500 
  0x000001539dd4d494: 0000 0000 | 0048 81c4 | b000 0000 

  0x000001539dd4d4a0: ;   {runtime_call unwind_exception Runtime1 stub}
  0x000001539dd4d4a0: 5de9 dab3 | deff f4f4 
[Stub Code]
  0x000001539dd4d4a8: ;   {no_reloc}
  0x000001539dd4d4a8: 0f1f 4400 

  0x000001539dd4d4ac: ;   {static_stub}
  0x000001539dd4d4ac: 0048 bb00 | 0000 0000 

  0x000001539dd4d4b4: ;   {runtime_call}
  0x000001539dd4d4b4: 0000 00e9 | fbff ffff 

  0x000001539dd4d4bc: ;   {static_stub}
  0x000001539dd4d4bc: 48bb 0000 | 0000 0000 

  0x000001539dd4d4c4: ;   {runtime_call}
  0x000001539dd4d4c4: 0000 e9fb 

  0x000001539dd4d4c8: ;   {static_stub}
  0x000001539dd4d4c8: ffff ff48 | bb00 0000 | 0000 0000 

  0x000001539dd4d4d4: ;   {runtime_call}
  0x000001539dd4d4d4: 00e9 fbff 

  0x000001539dd4d4d8: ;   {static_stub}
  0x000001539dd4d4d8: ffff 48bb | 0000 0000 | 0000 0000 

  0x000001539dd4d4e4: ;   {runtime_call}
  0x000001539dd4d4e4: e9fb ffff 

  0x000001539dd4d4e8: ;   {runtime_call handle_exception_from_callee Runtime1 stub}
  0x000001539dd4d4e8: ffe8 92e0 

  0x000001539dd4d4ec: ;   {external_word}
  0x000001539dd4d4ec: deff 48b9 | b048 698f | fd7f 0000 | 4883 e4f0 

  0x000001539dd4d4fc: ;   {runtime_call}
  0x000001539dd4d4fc: 48b8 202f | 318f fd7f | 0000 ffd0 

  0x000001539dd4d508: ;   {section_word}
  0x000001539dd4d508: f449 ba09 | d5d4 9d53 | 0100 0041 

  0x000001539dd4d514: ;   {runtime_call DeoptimizationBlob}
  0x000001539dd4d514: 52e9 8674 | d3ff f4f4 | f4f4 f4f4 
[/MachCode]


Compiled method (c1)    8192  823       1       jdk.internal.loader.BuiltinClassLoader::defineClass (121 bytes)
 total in heap  [0x000001539dd13e10,0x000001539dd14d38] = 3880
 relocation     [0x000001539dd13f70,0x000001539dd140b8] = 328
 main code      [0x000001539dd140c0,0x000001539dd14798] = 1752
 stub code      [0x000001539dd14798,0x000001539dd148b8] = 288
 metadata       [0x000001539dd148b8,0x000001539dd14900] = 72
 scopes data    [0x000001539dd14900,0x000001539dd14b58] = 600
 scopes pcs     [0x000001539dd14b58,0x000001539dd14cf8] = 416
 dependencies   [0x000001539dd14cf8,0x000001539dd14d00] = 8
 handler table  [0x000001539dd14d00,0x000001539dd14d18] = 24
 nul chk table  [0x000001539dd14d18,0x000001539dd14d38] = 32

[Constant Pool (empty)]

[MachCode]
[Entry Point]
  # {method} {0x00000153a7069b80} 'defineClass' '(Ljava/lang/String;Ljdk/internal/loader/Resource;)Ljava/lang/Class;' in 'jdk/internal/loader/BuiltinClassLoader'
  # this:     rdx:rdx   = 'jdk/internal/loader/BuiltinClassLoader'
  # parm0:    r8:r8     = 'java/lang/String'
  # parm1:    r9:r9     = 'jdk/internal/loader/Resource'
  #           [sp+0x110]  (sp of caller)
  0x000001539dd140c0: 448b 5208 | 49bb 0000 | 00a7 5301 | 0000 4d03 | d34c 3bd0 

  0x000001539dd140d4: ;   {runtime_call ic_miss_stub}
  0x000001539dd140d4: 0f85 a6a6 | d6ff 660f | 1f44 0000 
[Verified Entry Point]
  0x000001539dd140e0: 8984 2400 | 80ff ff55 | 4881 ec00 | 0100 0090 | 4181 7f20 | 0100 0000 

  0x000001539dd140f8: ;   {runtime_call StubRoutines (final stubs)}
  0x000001539dd140f8: 7405 e861 | 0cd5 ff48 | 8994 24a0 | 0000 004c | 8984 2490 | 0000 004c | 898c 2498 | 0000 0049 
  0x000001539dd14118: 8bd1 6666 | 9048 b8d0 | 4221 a753 

  0x000001539dd14124: ;   {virtual_call}
  0x000001539dd14124: 0100 00e8 

  0x000001539dd14128: ; ImmutableOopMap {[144]=Oop [152]=Oop [160]=Oop }
                      ;*invokevirtual getCodeSourceURL {reexecute=0 rethrow=0 return_oop=0}
                      ; - jdk.internal.loader.BuiltinClassLoader::defineClass@1 (line 842)
  0x000001539dd14128: f45b 0000 

  0x000001539dd1412c: ;   {other}
  0x000001539dd1412c: 0f1f 8400 | 1c03 0000 | 4889 8424 | a800 0000 | 4c8b 8424 | 9000 0000 

  0x000001539dd14144: ; implicit exception: dispatches to 0x000001539dd14692
  0x000001539dd14144: 418b 7014 | 48c1 e603 

  0x000001539dd1414c: ; implicit exception: dispatches to 0x000001539dd14697
  0x000001539dd1414c: 8b56 0c45 | 0fbe 4810 | 498b c9c1 | e118 c1f9 | 18d3 fa48 | 8bfa ffcf | 4585 c9ba | 0000 0000 
  0x000001539dd1416c: 7505 ba01 | 0000 0083 | e201 85d2 | 488b d641 | b82e 0000 | 004c 8bcf | 0f84 1700 | 0000 0f1f 
  0x000001539dd1418c: ;   {static_call}
  0x000001539dd1418c: 4400 00e8 

  0x000001539dd14190: ; ImmutableOopMap {[144]=Oop [152]=Oop [160]=Oop [168]=Oop }
                      ;*invokestatic lastIndexOf {reexecute=0 rethrow=0 return_oop=0}
                      ; - java.lang.String::lastIndexOf@13 (line 2573)
                      ; - java.lang.String::lastIndexOf@8 (line 2535)
                      ; - jdk.internal.loader.BuiltinClassLoader::defineClass@8 (line 845)
  0x000001539dd14190: acb1 eeff 

  0x000001539dd14194: ;   {other}
  0x000001539dd14194: 0f1f 8400 | 8403 0001 | e913 0000 | 0066 0f1f 

  0x000001539dd141a4: ;   {static_call}
  0x000001539dd141a4: 4400 00e8 

  0x000001539dd141a8: ; ImmutableOopMap {[144]=Oop [152]=Oop [160]=Oop [168]=Oop }
                      ;*invokestatic lastIndexOf {reexecute=0 rethrow=0 return_oop=0}
                      ; - java.lang.String::lastIndexOf@25 (line 2574)
                      ; - java.lang.String::lastIndexOf@8 (line 2535)
                      ; - jdk.internal.loader.BuiltinClassLoader::defineClass@8 (line 845)
  0x000001539dd141a8: d4ae d6ff 

  0x000001539dd141ac: ;   {other}
  0x000001539dd141ac: 0f1f 8400 | 9c03 0002 | 83f8 ff0f | 847f 0000 | 0041 b800 | 0000 004c | 8bc8 488b | 9424 9000 
  0x000001539dd141cc: ;   {optimized virtual_call}
  0x000001539dd141cc: 0000 90e8 

  0x000001539dd141d0: ; ImmutableOopMap {[144]=Oop [152]=Oop [160]=Oop [168]=Oop }
                      ;*invokevirtual substring {reexecute=0 rethrow=0 return_oop=0}
                      ; - jdk.internal.loader.BuiltinClassLoader::defineClass@23 (line 847)
  0x000001539dd141d0: ac92 f1ff 

  0x000001539dd141d4: ;   {other}
  0x000001539dd141d4: 0f1f 8400 | c403 0003 | 488b 9424 | 9800 0000 | 4889 8424 | b000 0000 | 9048 b8d0 | 4221 a753 
  0x000001539dd141f4: ;   {virtual_call}
  0x000001539dd141f4: 0100 00e8 

  0x000001539dd141f8: ; ImmutableOopMap {[144]=Oop [152]=Oop [160]=Oop [168]=Oop [176]=Oop }
                      ;*invokevirtual getManifest {reexecute=0 rethrow=0 return_oop=0}
                      ; - jdk.internal.loader.BuiltinClassLoader::defineClass@29 (line 848)
  0x000001539dd141f8: 2462 0000 

  0x000001539dd141fc: ;   {other}
  0x000001539dd141fc: 0f1f 8400 | ec03 0004 | 4c8b 8424 | b000 0000 | 4c8b c848 | 8bbc 24a8 | 0000 0048 | 8b94 24a0 
  0x000001539dd1421c: 0000 0066 | 0f1f 4400 | 0048 b8c0 | a106 a753 

  0x000001539dd1422c: ;   {virtual_call}
  0x000001539dd1422c: 0100 00e8 

  0x000001539dd14230: ; ImmutableOopMap {[144]=Oop [152]=Oop [160]=Oop [168]=Oop }
                      ;*invokevirtual defineOrCheckPackage {reexecute=0 rethrow=0 return_oop=0}
                      ; - jdk.internal.loader.BuiltinClassLoader::defineClass@40 (line 849)
  0x000001539dd14230: 8cfa ffff 

  0x000001539dd14234: ;   {other}
  0x000001539dd14234: 0f1f 8400 | 2404 0005 | 4c8b 8c24 | 9800 0000 | 488d 9424 | e000 0000 | 4c89 4a08 | 498b 0148 
  0x000001539dd14254: 83c8 0148 | 8902 f049 | 0fb1 110f | 8412 0000 | 0048 2bc4 | 4825 07f0 | ffff 4889 | 020f 8525 
  0x000001539dd14274: 0400 0049 | ff87 4805 | 0000 418b | 510c 48c1 | e203 4885 | d20f 8551 | 0000 0049 | 8bd1 6666 
  0x000001539dd14294: 9048 b8d0 | 4221 a753 

  0x000001539dd1429c: ;   {virtual_call}
  0x000001539dd1429c: 0100 00e8 

  0x000001539dd142a0: ; ImmutableOopMap {[144]=Oop [152]=Oop [160]=Oop [168]=Oop [232]=Oop }
                      ;*invokevirtual getInputStream {reexecute=0 rethrow=0 return_oop=0}
                      ; - jdk.internal.loader.Resource::cachedInputStream@9 (line 77)
                      ; - jdk.internal.loader.Resource::getByteBuffer@1 (line 163)
                      ; - jdk.internal.loader.BuiltinClassLoader::defineClass@45 (line 853)
  0x000001539dd142a0: 9caf 0300 

  0x000001539dd142a4: ;   {other}
  0x000001539dd142a4: 0f1f 8400 | 9404 0006 | 410f be57 | 4085 d24c | 8b8c 2498 | 0000 000f | 85ee 0300 | 004c 8bd0 
  0x000001539dd142c4: 49c1 ea03 | 4589 510c | 498b d148 | 33d0 48c1 | ea15 4883 | fa00 0f85 | ef03 0000 | 418b 510c 
  0x000001539dd142e4: 48c1 e203 | 488d 8424 | e000 0000 | 488b 3048 | 85f6 0f84 | 0f00 0000 | 488b 7808 | f048 0fb1 
  0x000001539dd14304: 370f 85dc | 0300 0049 | ff8f 4805 | 0000 4885 | d20f 8443 

  0x000001539dd14318: ;   {metadata('sun/nio/ByteBuffered')}
  0x000001539dd14318: 0000 0048 | b860 b636 | a753 0100 | 008b 5a08 | 49ba 0000 | 00a7 5301 | 0000 4903 | da48 3b43 
  0x000001539dd14338: 200f 8424 | 0000 0048 | 3bd8 0f84 | 1b00 0000 

  0x000001539dd14348: ;   {runtime_call slow_subtype_check Runtime1 stub}
  0x000001539dd14348: 5350 e831 | 7ee2 ff5b | 5b85 db0f | 8405 0000 | 00e9 0500 | 0000 4833 | f6eb 0a48 | be01 0000 
  0x000001539dd14368: 0000 0000 | 0085 f60f | 846c 0000 | 0048 85d2 | 0f84 4300 

  0x000001539dd1437c: ;   {metadata('sun/nio/ByteBuffered')}
  0x000001539dd1437c: 0000 48bb | 60b6 36a7 | 5301 0000 | 8b7a 0849 | ba00 0000 | a753 0100 | 0049 03fa | 483b 5f20 
  0x000001539dd1439c: 0f84 1f00 | 0000 483b | fb0f 8416 | 0000 0057 

  0x000001539dd143ac: ;   {runtime_call slow_subtype_check Runtime1 stub}
  0x000001539dd143ac: 53e8 ce7d | e2ff 5f5f | 85ff 0f84 | 4103 0000 | e900 0000 | 000f 1f40 | 0048 b8ff | ffff ffff 
  0x000001539dd143cc: ;   {virtual_call}
  0x000001539dd143cc: ffff ffe8 

  0x000001539dd143d0: ; ImmutableOopMap {[144]=Oop [152]=Oop [160]=Oop [168]=Oop }
                      ;*invokeinterface getByteBuffer {reexecute=0 rethrow=0 return_oop=0}
                      ; - jdk.internal.loader.Resource::getByteBuffer@16 (line 165)
                      ; - jdk.internal.loader.BuiltinClassLoader::defineClass@45 (line 853)
  0x000001539dd143d0: aca9 d6ff 

  0x000001539dd143d4: ;   {other}
  0x000001539dd143d4: 0f1f 8400 | c405 0007 | e90a 0000 

  0x000001539dd143e0: ;   {oop(nullptr)}
  0x000001539dd143e0: 0048 b800 | 0000 0000 | 0000 0048 | 85c0 0f84 | 0601 0000 | 4889 8424 | b800 0000 | 488b 9424 
  0x000001539dd14400: 9800 0000 | 9048 b8ff | ffff ffff 

  0x000001539dd1440c: ;   {virtual_call}
  0x000001539dd1440c: ffff ffe8 

  0x000001539dd14410: ; ImmutableOopMap {[144]=Oop [160]=Oop [168]=Oop [184]=Oop }
                      ;*invokevirtual getCodeSigners {reexecute=0 rethrow=0 return_oop=0}
                      ; - jdk.internal.loader.BuiltinClassLoader::defineClass@56 (line 855)
  0x000001539dd14410: 6ca9 d6ff 

  0x000001539dd14414: ;   {other}
  0x000001539dd14414: 0f1f 8400 | 0406 0008 

  0x000001539dd1441c: ;   {metadata('java/security/CodeSource')}
  0x000001539dd1441c: 4c8b c848 | bac0 5c00 | a753 0100 | 0049 8b87 | b801 0000 | 488d 7828 | 493b bfc8 | 0100 000f 
  0x000001539dd1443c: 87c5 0200 | 0049 89bf | b801 0000 | 48c7 0001 | 0000 0048 | 8bca 49ba | 0000 00a7 | 5301 0000 
  0x000001539dd1445c: 492b ca89 | 4808 4833 | c989 480c | 4833 c948 | 8948 1048 | 8948 1848 | 8948 204c | 8b84 24a8 
  0x000001539dd1447c: 0000 0048 | 8bd0 4889 | 8424 c000 | 0000 0f1f 

  0x000001539dd1448c: ;   {optimized virtual_call}
  0x000001539dd1448c: 4400 00e8 

  0x000001539dd14490: ; ImmutableOopMap {[144]=Oop [160]=Oop [184]=Oop [192]=Oop }
                      ;*invokespecial <init> {reexecute=0 rethrow=0 return_oop=0}
                      ; - jdk.internal.loader.BuiltinClassLoader::defineClass@68 (line 856)
  0x000001539dd14490: eca5 d6ff 

  0x000001539dd14494: ;   {other}
  0x000001539dd14494: 0f1f 8400 | 8406 0009 | 4c8b 8424 | c000 0000 | 488b 9424 | a000 0000 

  0x000001539dd144ac: ;   {optimized virtual_call}
  0x000001539dd144ac: 6666 90e8 

  0x000001539dd144b0: ; ImmutableOopMap {[144]=Oop [160]=Oop [184]=Oop }
                      ;*invokevirtual getProtectionDomain {reexecute=0 rethrow=0 return_oop=0}
                      ; - java.security.SecureClassLoader::defineClass@5 (line 182)
                      ; - jdk.internal.loader.BuiltinClassLoader::defineClass@79 (line 857)
  0x000001539dd144b0: cca5 d6ff 

  0x000001539dd144b4: ;   {other}
  0x000001539dd144b4: 0f1f 8400 | a406 000a | 4c8b 8424 | 9000 0000 | 4c8b 8c24 | b800 0000 | 488b f848 | 8b94 24a0 
  0x000001539dd144d4: ;   {optimized virtual_call}
  0x000001539dd144d4: 0000 00e8 

  0x000001539dd144d8: ; ImmutableOopMap {}
                      ;*invokevirtual defineClass {reexecute=0 rethrow=0 return_oop=0}
                      ; - java.security.SecureClassLoader::defineClass@8 (line 182)
                      ; - jdk.internal.loader.BuiltinClassLoader::defineClass@79 (line 857)
  0x000001539dd144d8: a4a5 d6ff 

  0x000001539dd144dc: ;   {other}
  0x000001539dd144dc: 0f1f 8400 | cc06 000b | 4881 c400 | 0100 005d 

  0x000001539dd144ec: ;   {poll_return}
  0x000001539dd144ec: 493b a748 | 0400 000f | 871a 0200 | 00c3 4c8b | 8c24 9800 | 0000 498b | d148 b8d0 | 4221 a753 
  0x000001539dd1450c: ;   {virtual_call}
  0x000001539dd1450c: 0100 00e8 

  0x000001539dd14510: ; ImmutableOopMap {[144]=Oop [152]=Oop [160]=Oop [168]=Oop }
                      ;*invokevirtual getBytes {reexecute=0 rethrow=0 return_oop=0}
                      ; - jdk.internal.loader.BuiltinClassLoader::defineClass@84 (line 859)
  0x000001539dd14510: ccb7 0300 

  0x000001539dd14514: ;   {other}
  0x000001539dd14514: 0f1f 8400 | 0407 000c | 4889 8424 | c800 0000 | 488b 9424 | 9800 0000 | 9048 b8d0 | 4221 a753 
  0x000001539dd14534: ;   {virtual_call}
  0x000001539dd14534: 0100 00e8 

  0x000001539dd14538: ; ImmutableOopMap {[144]=Oop [160]=Oop [168]=Oop [200]=Oop }
                      ;*invokevirtual getCodeSigners {reexecute=0 rethrow=0 return_oop=0}
                      ; - jdk.internal.loader.BuiltinClassLoader::defineClass@90 (line 860)
  0x000001539dd14538: 0481 0000 

  0x000001539dd1453c: ;   {other}
  0x000001539dd1453c: 0f1f 8400 | 2c07 000d 

  0x000001539dd14544: ;   {metadata('java/security/CodeSource')}
  0x000001539dd14544: 4c8b c848 | bac0 5c00 | a753 0100 | 0049 8b87 | b801 0000 | 488d 7828 | 493b bfc8 | 0100 000f 
  0x000001539dd14564: 87c0 0100 | 0049 89bf | b801 0000 | 48c7 0001 | 0000 0048 | 8bca 49ba | 0000 00a7 | 5301 0000 
  0x000001539dd14584: 492b ca89 | 4808 4833 | c989 480c | 4833 c948 | 8948 1048 | 8948 1848 | 8948 204c | 8b84 24a8 
  0x000001539dd145a4: 0000 0048 | 8bd0 4889 | 8424 d000 | 0000 0f1f 

  0x000001539dd145b4: ;   {optimized virtual_call}
  0x000001539dd145b4: 4400 00e8 

  0x000001539dd145b8: ; ImmutableOopMap {[144]=Oop [160]=Oop [200]=Oop [208]=Oop }
                      ;*invokespecial <init> {reexecute=0 rethrow=0 return_oop=0}
                      ; - jdk.internal.loader.BuiltinClassLoader::defineClass@102 (line 861)
  0x000001539dd145b8: c47c 0300 

  0x000001539dd145bc: ;   {other}
  0x000001539dd145bc: 0f1f 8400 | ac07 000e | 488b 8424 | c800 0000 

  0x000001539dd145cc: ; implicit exception: dispatches to 0x000001539dd14736
  0x000001539dd145cc: 8b70 0c4c | 8b84 24d0 | 0000 0048 | 8b94 24a0 | 0000 0089 | b424 d800 

  0x000001539dd145e4: ;   {optimized virtual_call}
  0x000001539dd145e4: 0000 90e8 

  0x000001539dd145e8: ; ImmutableOopMap {[144]=Oop [160]=Oop [200]=Oop }
                      ;*invokevirtual getProtectionDomain {reexecute=0 rethrow=0 return_oop=0}
                      ; - java.security.SecureClassLoader::defineClass@9 (line 150)
                      ; - jdk.internal.loader.BuiltinClassLoader::defineClass@117 (line 862)
  0x000001539dd145e8: 9476 0300 

  0x000001539dd145ec: ;   {other}
  0x000001539dd145ec: 0f1f 8400 | dc07 000f | 4c8b 8424 | 9000 0000 | 4c8b 8c24 | c800 0000 | bf00 0000 | 008b b424 
  0x000001539dd1460c: d800 0000 | 488b c848 | 8b94 24a0 | 0000 000f 

  0x000001539dd1461c: ;   {optimized virtual_call}
  0x000001539dd1461c: 1f40 00e8 

  0x000001539dd14620: ; ImmutableOopMap {}
                      ;*invokevirtual defineClass {reexecute=0 rethrow=0 return_oop=0}
                      ; - java.security.SecureClassLoader::defineClass@12 (line 150)
                      ; - jdk.internal.loader.BuiltinClassLoader::defineClass@117 (line 862)
  0x000001539dd14620: dc8c 0300 

  0x000001539dd14624: ;   {other}
  0x000001539dd14624: 0f1f 8400 | 1408 0010 | 4881 c400 | 0100 005d 

  0x000001539dd14634: ;   {poll_return}
  0x000001539dd14634: 493b a748 | 0400 000f | 87fa 0000 | 00c3 498b | 87f8 0400 | 004d 33d2 | 4d89 97f8 | 0400 004d 
  0x000001539dd14654: 33d2 4d89 | 9700 0500 | 0048 8bf0 | 488d 8424 | e000 0000 | 488b 3848 | 85ff 0f84 | 0f00 0000 
  0x000001539dd14674: 488b 5808 | f048 0fb1 | 3b0f 85ce | 0000 0049 | ff8f 4805 | 0000 488b | c6e9 f200 

  0x000001539dd14690: ;   {runtime_call throw_null_pointer_exception Runtime1 stub}
  0x000001539dd14690: 0000 e8e9 

  0x000001539dd14694: ; ImmutableOopMap {rax=Oop r8=Oop [144]=Oop [152]=Oop [160]=Oop [168]=Oop }
                      ;*invokevirtual lastIndexOf {reexecute=0 rethrow=0 return_oop=0}
                      ; - jdk.internal.loader.BuiltinClassLoader::defineClass@8 (line 845)
                      ;   {runtime_call throw_null_pointer_exception Runtime1 stub}
  0x000001539dd14694: 50e2 ffe8 

  0x000001539dd14698: ; ImmutableOopMap {rax=Oop r8=Oop rsi=Oop [144]=Oop [152]=Oop [160]=Oop [168]=Oop }
                      ;*arraylength {reexecute=0 rethrow=0 return_oop=0}
                      ; - java.lang.String::length@4 (line 1519)
                      ; - java.lang.String::lastIndexOf@3 (line 2535)
                      ; - jdk.internal.loader.BuiltinClassLoader::defineClass@8 (line 845)
  0x000001539dd14698: e450 e2ff | 4c89 4c24 | 0848 8914 

  0x000001539dd146a4: ;   {runtime_call monitorenter_nofpu Runtime1 stub}
  0x000001539dd146a4: 24e8 d680 

  0x000001539dd146a8: ; ImmutableOopMap {r9=Oop [144]=Oop [152]=Oop [160]=Oop [168]=Oop [232]=Oop }
                      ;*synchronization entry
                      ; - jdk.internal.loader.Resource::cachedInputStream@-1 (line 76)
                      ; - jdk.internal.loader.Resource::getByteBuffer@1 (line 163)
                      ; - jdk.internal.loader.BuiltinClassLoader::defineClass@45 (line 853)
  0x000001539dd146a8: e2ff e9cf | fbff ff41 | 8b51 0c48 | c1e2 0348 | 83fa 000f | 8400 fcff | ff48 8914 

  0x000001539dd146c4: ;   {runtime_call g1_pre_barrier_slow}
  0x000001539dd146c4: 24e8 b6a7 | e2ff e9f2 | fbff ff48 | 83f8 000f | 8407 fcff | ff4c 890c 

  0x000001539dd146dc: ;   {runtime_call g1_post_barrier_slow}
  0x000001539dd146dc: 24e8 9eaa | e2ff e9f9 | fbff ff48 | 8d84 24e0 | 0000 0048 

  0x000001539dd146f0: ;   {runtime_call monitorexit_nofpu Runtime1 stub}
  0x000001539dd146f0: 8904 24e8 | 8886 e2ff | e915 fcff | ff48 8914 

  0x000001539dd14700: ;   {runtime_call throw_class_cast_exception Runtime1 stub}
  0x000001539dd14700: 24e8 7a74 

  0x000001539dd14704: ; ImmutableOopMap {[144]=Oop [152]=Oop [160]=Oop [168]=Oop }
                      ;*checkcast {reexecute=0 rethrow=0 return_oop=0}
                      ; - jdk.internal.loader.Resource::getByteBuffer@13 (line 165)
                      ; - jdk.internal.loader.BuiltinClassLoader::defineClass@45 (line 853)
  0x000001539dd14704: e2ff 488b 

  0x000001539dd14708: ;   {runtime_call fast_new_instance Runtime1 stub}
  0x000001539dd14708: d2e8 7259 

  0x000001539dd1470c: ; ImmutableOopMap {r9=Oop [144]=Oop [160]=Oop [168]=Oop [184]=Oop }
                      ;*new {reexecute=0 rethrow=0 return_oop=0}
                      ; - jdk.internal.loader.BuiltinClassLoader::defineClass@61 (line 856)
  0x000001539dd1470c: e2ff e964 

  0x000001539dd14710: ;   {internal_word}
  0x000001539dd14710: fdff ff49 | baec 44d1 | 9d53 0100 | 004d 8997 | 6004 0000 

  0x000001539dd14724: ;   {runtime_call SafepointBlob}
  0x000001539dd14724: e9d7 0fd7 | ff48 8bd2 

  0x000001539dd1472c: ;   {runtime_call fast_new_instance Runtime1 stub}
  0x000001539dd1472c: e84f 59e2 

  0x000001539dd14730: ; ImmutableOopMap {r9=Oop [144]=Oop [160]=Oop [168]=Oop [200]=Oop }
                      ;*new {reexecute=0 rethrow=0 return_oop=0}
                      ; - jdk.internal.loader.BuiltinClassLoader::defineClass@95 (line 861)
  0x000001539dd14730: ffe9 69fe 

  0x000001539dd14734: ;   {runtime_call throw_null_pointer_exception Runtime1 stub}
  0x000001539dd14734: ffff e845 

  0x000001539dd14738: ; ImmutableOopMap {rax=Oop [144]=Oop [160]=Oop [200]=Oop [208]=Oop }
                      ;*arraylength {reexecute=0 rethrow=0 return_oop=0}
                      ; - jdk.internal.loader.BuiltinClassLoader::defineClass@114 (line 862)
                      ;   {internal_word}
  0x000001539dd14738: 50e2 ff49 | ba34 46d1 | 9d53 0100 | 004d 8997 | 6004 0000 

  0x000001539dd1474c: ;   {runtime_call SafepointBlob}
  0x000001539dd1474c: e9af 0fd7 | ff48 8d84 | 24e0 0000 | 0048 8904 

  0x000001539dd1475c: ;   {runtime_call monitorexit_nofpu Runtime1 stub}
  0x000001539dd1475c: 24e8 1e86 | e2ff e923 | ffff ff49 | 8b87 f804 | 0000 49c7 | 87f8 0400 | 0000 0000 | 0049 c787 
  0x000001539dd1477c: 0005 0000 | 0000 0000 | 4881 c400 | 0100 005d 

  0x000001539dd1478c: ;   {runtime_call unwind_exception Runtime1 stub}
  0x000001539dd1478c: e9ef 40e2 | fff4 f4f4 | f4f4 f4f4 
[Stub Code]
  0x000001539dd14798: ;   {no_reloc}
  0x000001539dd14798: 0f1f 4400 

  0x000001539dd1479c: ;   {static_stub}
  0x000001539dd1479c: 0048 bb00 | 0000 0000 

  0x000001539dd147a4: ;   {runtime_call}
  0x000001539dd147a4: 0000 00e9 | fbff ffff 

  0x000001539dd147ac: ;   {static_stub}
  0x000001539dd147ac: 9048 bb00 | 0000 0000 

  0x000001539dd147b4: ;   {runtime_call}
  0x000001539dd147b4: 0000 00e9 | fbff ffff 

  0x000001539dd147bc: ;   {static_stub}
  0x000001539dd147bc: 9048 bb00 | 0000 0000 

  0x000001539dd147c4: ;   {runtime_call}
  0x000001539dd147c4: 0000 00e9 | fbff ffff 

  0x000001539dd147cc: ;   {static_stub}
  0x000001539dd147cc: 9048 bb00 | 0000 0000 

  0x000001539dd147d4: ;   {runtime_call}
  0x000001539dd147d4: 0000 00e9 | fbff ffff 

  0x000001539dd147dc: ;   {static_stub}
  0x000001539dd147dc: 9048 bb00 | 0000 0000 

  0x000001539dd147e4: ;   {runtime_call}
  0x000001539dd147e4: 0000 00e9 | fbff ffff 

  0x000001539dd147ec: ;   {static_stub}
  0x000001539dd147ec: 9048 bb00 | 0000 0000 

  0x000001539dd147f4: ;   {runtime_call}
  0x000001539dd147f4: 0000 00e9 | fbff ffff 

  0x000001539dd147fc: ;   {static_stub}
  0x000001539dd147fc: 9048 bb00 | 0000 0000 

  0x000001539dd14804: ;   {runtime_call}
  0x000001539dd14804: 0000 00e9 | fbff ffff 

  0x000001539dd1480c: ;   {static_stub}
  0x000001539dd1480c: 9048 bb00 | 0000 0000 

  0x000001539dd14814: ;   {runtime_call}
  0x000001539dd14814: 0000 00e9 | fbff ffff 

  0x000001539dd1481c: ;   {static_stub}
  0x000001539dd1481c: 48bb 0000 | 0000 0000 

  0x000001539dd14824: ;   {runtime_call}
  0x000001539dd14824: 0000 e9fb 

  0x000001539dd14828: ;   {static_stub}
  0x000001539dd14828: ffff ff48 | bb00 0000 | 0000 0000 

  0x000001539dd14834: ;   {runtime_call}
  0x000001539dd14834: 00e9 fbff 

  0x000001539dd14838: ;   {static_stub}
  0x000001539dd14838: ffff 48bb | 0000 0000 | 0000 0000 

  0x000001539dd14844: ;   {runtime_call}
  0x000001539dd14844: e9fb ffff 

  0x000001539dd14848: ;   {static_stub}
  0x000001539dd14848: ff48 bbf8 | 3147 a753 

  0x000001539dd14850: ;   {runtime_call I2C/C2I adapters}
  0x000001539dd14850: 0100 00e9 | 1365 d6ff 

  0x000001539dd14858: ;   {static_stub}
  0x000001539dd14858: 48bb b8d2 | 04a7 5301 

  0x000001539dd14860: ;   {runtime_call I2C/C2I adapters}
  0x000001539dd14860: 0000 e980 

  0x000001539dd14864: ;   {static_stub}
  0x000001539dd14864: f9d6 ff48 | bb00 0000 | 0000 0000 

  0x000001539dd14870: ;   {runtime_call}
  0x000001539dd14870: 00e9 fbff 

  0x000001539dd14874: ;   {static_stub}
  0x000001539dd14874: ffff 48bb | a89d 43a7 | 5301 0000 

  0x000001539dd14880: ;   {runtime_call I2C/C2I adapters}
  0x000001539dd14880: e9f0 c8d5 

  0x000001539dd14884: ;   {runtime_call handle_exception_from_callee Runtime1 stub}
  0x000001539dd14884: ffe8 f66c 

  0x000001539dd14888: ;   {external_word}
  0x000001539dd14888: e2ff 48b9 | b048 698f | fd7f 0000 | 4883 e4f0 

  0x000001539dd14898: ;   {runtime_call}
  0x000001539dd14898: 48b8 202f | 318f fd7f | 0000 ffd0 

  0x000001539dd148a4: ;   {section_word}
  0x000001539dd148a4: f449 baa5 | 48d1 9d53 | 0100 0041 

  0x000001539dd148b0: ;   {runtime_call DeoptimizationBlob}
  0x000001539dd148b0: 52e9 ea00 | d7ff f4f4 
[/MachCode]


---------------  P R O C E S S  ---------------

Threads class SMR info:
_java_thread_list=0x00000153ecb5a8d0, length=12, elements={
0x00000153933fa380, 0x00000153a6ea7270, 0x00000153a6ea8330, 0x00000153a6eab150,
0x00000153a6eacbb0, 0x00000153a6ead600, 0x00000153a6eae050, 0x00000153a6eaeaa0,
0x00000153ec1c4f40, 0x00000153ec1c7f10, 0x00000153ec1cc770, 0x00000153ecb7e000
}

Java Threads: ( => current thread )
  0x00000153933fa380 JavaThread "main"                              [_thread_in_vm, id=15448, stack(0x0000003e97800000,0x0000003e97900000) (1024K)]
  0x00000153a6ea7270 JavaThread "Reference Handler"          daemon [_thread_blocked, id=21376, stack(0x0000003e98000000,0x0000003e98100000) (1024K)]
  0x00000153a6ea8330 JavaThread "Finalizer"                  daemon [_thread_blocked, id=8072, stack(0x0000003e98100000,0x0000003e98200000) (1024K)]
  0x00000153a6eab150 JavaThread "Signal Dispatcher"          daemon [_thread_blocked, id=20636, stack(0x0000003e98200000,0x0000003e98300000) (1024K)]
  0x00000153a6eacbb0 JavaThread "Attach Listener"            daemon [_thread_blocked, id=11960, stack(0x0000003e98300000,0x0000003e98400000) (1024K)]
  0x00000153a6ead600 JavaThread "Service Thread"             daemon [_thread_blocked, id=13256, stack(0x0000003e98400000,0x0000003e98500000) (1024K)]
  0x00000153a6eae050 JavaThread "Monitor Deflation Thread"   daemon [_thread_blocked, id=1840, stack(0x0000003e98500000,0x0000003e98600000) (1024K)]
  0x00000153a6eaeaa0 JavaThread "C1 CompilerThread0"         daemon [_thread_blocked, id=19444, stack(0x0000003e98600000,0x0000003e98700000) (1024K)]
  0x00000153ec1c4f40 JavaThread "Notification Thread"        daemon [_thread_blocked, id=11448, stack(0x0000003e98700000,0x0000003e98800000) (1024K)]
  0x00000153ec1c7f10 JavaThread "Common-Cleaner"             daemon [_thread_blocked, id=11932, stack(0x0000003e98800000,0x0000003e98900000) (1024K)]
  0x00000153ec1cc770 JavaThread "C1 CompilerThread1"         daemon [_thread_blocked, id=24220, stack(0x0000003e98900000,0x0000003e98a00000) (1024K)]
=>0x00000153ecb7e000 JavaThread "background-preinit"                [_thread_in_vm, id=5744, stack(0x0000003e98e00000,0x0000003e98f00000) (1024K)]
Total: 12

Other Threads:
  0x00000153a6e8bc30 VMThread "VM Thread"                           [id=15564, stack(0x0000003e97f00000,0x0000003e98000000) (1024K)]
  0x00000153a6e7bc00 WatcherThread "VM Periodic Task Thread"        [id=21040, stack(0x0000003e97e00000,0x0000003e97f00000) (1024K)]
  0x00000153955e98e0 WorkerThread "GC Thread#0"                     [id=21496, stack(0x0000003e97900000,0x0000003e97a00000) (1024K)]
  0x00000153ec680600 WorkerThread "GC Thread#1"                     [id=24184, stack(0x0000003e98a00000,0x0000003e98b00000) (1024K)]
  0x00000153ec6809a0 WorkerThread "GC Thread#2"                     [id=15172, stack(0x0000003e98b00000,0x0000003e98c00000) (1024K)]
  0x00000153ec680d40 WorkerThread "GC Thread#3"                     [id=1692, stack(0x0000003e98c00000,0x0000003e98d00000) (1024K)]
  0x00000153eca76460 WorkerThread "GC Thread#4"                     [id=652, stack(0x0000003e98d00000,0x0000003e98e00000) (1024K)]
  0x00000153ecddfec0 WorkerThread "GC Thread#5"                     [id=12708, stack(0x0000003e98f00000,0x0000003e99000000) (1024K)]
  0x00000153ecde0670 WorkerThread "GC Thread#6"                     [id=9540, stack(0x0000003e99000000,0x0000003e99100000) (1024K)]
  0x00000153ecde0a10 WorkerThread "GC Thread#7"                     [id=1516, stack(0x0000003e99100000,0x0000003e99200000) (1024K)]
  0x00000153955f6810 ConcurrentGCThread "G1 Main Marker"            [id=6368, stack(0x0000003e97a00000,0x0000003e97b00000) (1024K)]
  0x00000153955f7320 WorkerThread "G1 Conc#0"                       [id=21656, stack(0x0000003e97b00000,0x0000003e97c00000) (1024K)]
  0x00000153a6d4a0f0 ConcurrentGCThread "G1 Refine#0"               [id=9004, stack(0x0000003e97c00000,0x0000003e97d00000) (1024K)]
  0x00000153a6d4c510 ConcurrentGCThread "G1 Service"                [id=17732, stack(0x0000003e97d00000,0x0000003e97e00000) (1024K)]
Total: 14

Threads with active compile tasks:
Total: 0

VM state: not at safepoint (normal execution)

VM Mutex/Monitor currently owned by a thread:  ([mutex/lock_event])
[0x00007ffd8f92be50] Metaspace_lock - owner thread: 0x00000153ecb7e000

Heap address: 0x0000000748c00000, size: 2932 MB, Compressed Oops mode: Zero based, Oop shift amount: 3

CDS archive(s) mapped at: [0x00000153a7000000-0x00000153a7c90000-0x00000153a7c90000), size 13172736, SharedBaseAddress: 0x00000153a7000000, ArchiveRelocationMode: 1.
Compressed class space mapped at: 0x00000153a8000000-0x00000153e8000000, reserved size: 1073741824
Narrow klass base: 0x00000153a7000000, Narrow klass shift: 0, Narrow klass range: 0x100000000

GC Precious Log:
 CardTable entry size: 512
 Card Set container configuration: InlinePtr #cards 4 size 8 Array Of Cards #cards 16 size 48 Howl #buckets 8 coarsen threshold 3686 Howl Bitmap #cards 512 size 80 coarsen threshold 460 Card regions per heap region 1 cards per card region 4096
 CPUs: 8 total, 8 available
 Memory: 11723M
 Large Page Support: Disabled
 NUMA Support: Disabled
 Compressed Oops: Enabled (Zero based)
 Heap Region Size: 2M
 Heap Min Capacity: 8M
 Heap Initial Capacity: 184M
 Heap Max Capacity: 2932M
 Pre-touch: Disabled
 Parallel Workers: 8
 Concurrent Workers: 2
 Concurrent Refinement Workers: 8
 Periodic GC: Disabled

Heap:
 garbage-first heap   total 188416K, used 26134K [0x0000000748c00000, 0x0000000800000000)
  region size 2048K, 11 young (22528K), 2 survivors (4096K)
 Metaspace       used 14917K, committed 15232K, reserved 1114112K
  class space    used 2010K, committed 2176K, reserved 1048576K

Heap Regions: E=young(eden), S=young(survivor), O=old, HS=humongous(starts), HC=humongous(continues), CS=collection set, F=free, TAMS=top-at-mark-start, PB=parsable bottom
|   0|0x0000000748c00000, 0x0000000748e00000, 0x0000000748e00000|100%| O|  |TAMS 0x0000000748c00000| PB 0x0000000748c00000| Untracked 
|   1|0x0000000748e00000, 0x0000000749000000, 0x0000000749000000|100%| O|  |TAMS 0x0000000748e00000| PB 0x0000000748e00000| Untracked 
|   2|0x0000000749000000, 0x0000000749200000, 0x0000000749200000|100%| O|  |TAMS 0x0000000749000000| PB 0x0000000749000000| Untracked 
|   3|0x0000000749200000, 0x0000000749310f70, 0x0000000749400000| 53%| O|  |TAMS 0x0000000749200000| PB 0x0000000749200000| Untracked 
|   4|0x0000000749400000, 0x0000000749400000, 0x0000000749600000|  0%| F|  |TAMS 0x0000000749400000| PB 0x0000000749400000| Untracked 
|   5|0x0000000749600000, 0x0000000749600000, 0x0000000749800000|  0%| F|  |TAMS 0x0000000749600000| PB 0x0000000749600000| Untracked 
|   6|0x0000000749800000, 0x0000000749800000, 0x0000000749a00000|  0%| F|  |TAMS 0x0000000749800000| PB 0x0000000749800000| Untracked 
|   7|0x0000000749a00000, 0x0000000749a00000, 0x0000000749c00000|  0%| F|  |TAMS 0x0000000749a00000| PB 0x0000000749a00000| Untracked 
|   8|0x0000000749c00000, 0x0000000749c00000, 0x0000000749e00000|  0%| F|  |TAMS 0x0000000749c00000| PB 0x0000000749c00000| Untracked 
|   9|0x0000000749e00000, 0x0000000749e00000, 0x000000074a000000|  0%| F|  |TAMS 0x0000000749e00000| PB 0x0000000749e00000| Untracked 
|  10|0x000000074a000000, 0x000000074a000000, 0x000000074a200000|  0%| F|  |TAMS 0x000000074a000000| PB 0x000000074a000000| Untracked 
|  11|0x000000074a200000, 0x000000074a200000, 0x000000074a400000|  0%| F|  |TAMS 0x000000074a200000| PB 0x000000074a200000| Untracked 
|  12|0x000000074a400000, 0x000000074a400000, 0x000000074a600000|  0%| F|  |TAMS 0x000000074a400000| PB 0x000000074a400000| Untracked 
|  13|0x000000074a600000, 0x000000074a600000, 0x000000074a800000|  0%| F|  |TAMS 0x000000074a600000| PB 0x000000074a600000| Untracked 
|  14|0x000000074a800000, 0x000000074a800000, 0x000000074aa00000|  0%| F|  |TAMS 0x000000074a800000| PB 0x000000074a800000| Untracked 
|  15|0x000000074aa00000, 0x000000074aa00000, 0x000000074ac00000|  0%| F|  |TAMS 0x000000074aa00000| PB 0x000000074aa00000| Untracked 
|  16|0x000000074ac00000, 0x000000074ac00000, 0x000000074ae00000|  0%| F|  |TAMS 0x000000074ac00000| PB 0x000000074ac00000| Untracked 
|  17|0x000000074ae00000, 0x000000074ae00000, 0x000000074b000000|  0%| F|  |TAMS 0x000000074ae00000| PB 0x000000074ae00000| Untracked 
|  18|0x000000074b000000, 0x000000074b000000, 0x000000074b200000|  0%| F|  |TAMS 0x000000074b000000| PB 0x000000074b000000| Untracked 
|  19|0x000000074b200000, 0x000000074b200000, 0x000000074b400000|  0%| F|  |TAMS 0x000000074b200000| PB 0x000000074b200000| Untracked 
|  20|0x000000074b400000, 0x000000074b400000, 0x000000074b600000|  0%| F|  |TAMS 0x000000074b400000| PB 0x000000074b400000| Untracked 
|  21|0x000000074b600000, 0x000000074b600000, 0x000000074b800000|  0%| F|  |TAMS 0x000000074b600000| PB 0x000000074b600000| Untracked 
|  22|0x000000074b800000, 0x000000074b800000, 0x000000074ba00000|  0%| F|  |TAMS 0x000000074b800000| PB 0x000000074b800000| Untracked 
|  23|0x000000074ba00000, 0x000000074ba00000, 0x000000074bc00000|  0%| F|  |TAMS 0x000000074ba00000| PB 0x000000074ba00000| Untracked 
|  24|0x000000074bc00000, 0x000000074bc00000, 0x000000074be00000|  0%| F|  |TAMS 0x000000074bc00000| PB 0x000000074bc00000| Untracked 
|  25|0x000000074be00000, 0x000000074be00000, 0x000000074c000000|  0%| F|  |TAMS 0x000000074be00000| PB 0x000000074be00000| Untracked 
|  26|0x000000074c000000, 0x000000074c000000, 0x000000074c200000|  0%| F|  |TAMS 0x000000074c000000| PB 0x000000074c000000| Untracked 
|  27|0x000000074c200000, 0x000000074c200000, 0x000000074c400000|  0%| F|  |TAMS 0x000000074c200000| PB 0x000000074c200000| Untracked 
|  28|0x000000074c400000, 0x000000074c400000, 0x000000074c600000|  0%| F|  |TAMS 0x000000074c400000| PB 0x000000074c400000| Untracked 
|  29|0x000000074c600000, 0x000000074c600000, 0x000000074c800000|  0%| F|  |TAMS 0x000000074c600000| PB 0x000000074c600000| Untracked 
|  30|0x000000074c800000, 0x000000074c800000, 0x000000074ca00000|  0%| F|  |TAMS 0x000000074c800000| PB 0x000000074c800000| Untracked 
|  31|0x000000074ca00000, 0x000000074ca00000, 0x000000074cc00000|  0%| F|  |TAMS 0x000000074ca00000| PB 0x000000074ca00000| Untracked 
|  32|0x000000074cc00000, 0x000000074cc00000, 0x000000074ce00000|  0%| F|  |TAMS 0x000000074cc00000| PB 0x000000074cc00000| Untracked 
|  33|0x000000074ce00000, 0x000000074ce00000, 0x000000074d000000|  0%| F|  |TAMS 0x000000074ce00000| PB 0x000000074ce00000| Untracked 
|  34|0x000000074d000000, 0x000000074d000000, 0x000000074d200000|  0%| F|  |TAMS 0x000000074d000000| PB 0x000000074d000000| Untracked 
|  35|0x000000074d200000, 0x000000074d200000, 0x000000074d400000|  0%| F|  |TAMS 0x000000074d200000| PB 0x000000074d200000| Untracked 
|  36|0x000000074d400000, 0x000000074d400000, 0x000000074d600000|  0%| F|  |TAMS 0x000000074d400000| PB 0x000000074d400000| Untracked 
|  37|0x000000074d600000, 0x000000074d600000, 0x000000074d800000|  0%| F|  |TAMS 0x000000074d600000| PB 0x000000074d600000| Untracked 
|  38|0x000000074d800000, 0x000000074d800000, 0x000000074da00000|  0%| F|  |TAMS 0x000000074d800000| PB 0x000000074d800000| Untracked 
|  39|0x000000074da00000, 0x000000074da00000, 0x000000074dc00000|  0%| F|  |TAMS 0x000000074da00000| PB 0x000000074da00000| Untracked 
|  40|0x000000074dc00000, 0x000000074dc00000, 0x000000074de00000|  0%| F|  |TAMS 0x000000074dc00000| PB 0x000000074dc00000| Untracked 
|  41|0x000000074de00000, 0x000000074de00000, 0x000000074e000000|  0%| F|  |TAMS 0x000000074de00000| PB 0x000000074de00000| Untracked 
|  42|0x000000074e000000, 0x000000074e000000, 0x000000074e200000|  0%| F|  |TAMS 0x000000074e000000| PB 0x000000074e000000| Untracked 
|  43|0x000000074e200000, 0x000000074e200000, 0x000000074e400000|  0%| F|  |TAMS 0x000000074e200000| PB 0x000000074e200000| Untracked 
|  44|0x000000074e400000, 0x000000074e400000, 0x000000074e600000|  0%| F|  |TAMS 0x000000074e400000| PB 0x000000074e400000| Untracked 
|  45|0x000000074e600000, 0x000000074e600000, 0x000000074e800000|  0%| F|  |TAMS 0x000000074e600000| PB 0x000000074e600000| Untracked 
|  46|0x000000074e800000, 0x000000074e800000, 0x000000074ea00000|  0%| F|  |TAMS 0x000000074e800000| PB 0x000000074e800000| Untracked 
|  47|0x000000074ea00000, 0x000000074ea00000, 0x000000074ec00000|  0%| F|  |TAMS 0x000000074ea00000| PB 0x000000074ea00000| Untracked 
|  48|0x000000074ec00000, 0x000000074ec00000, 0x000000074ee00000|  0%| F|  |TAMS 0x000000074ec00000| PB 0x000000074ec00000| Untracked 
|  49|0x000000074ee00000, 0x000000074ee00000, 0x000000074f000000|  0%| F|  |TAMS 0x000000074ee00000| PB 0x000000074ee00000| Untracked 
|  50|0x000000074f000000, 0x000000074f000000, 0x000000074f200000|  0%| F|  |TAMS 0x000000074f000000| PB 0x000000074f000000| Untracked 
|  51|0x000000074f200000, 0x000000074f200000, 0x000000074f400000|  0%| F|  |TAMS 0x000000074f200000| PB 0x000000074f200000| Untracked 
|  52|0x000000074f400000, 0x000000074f400000, 0x000000074f600000|  0%| F|  |TAMS 0x000000074f400000| PB 0x000000074f400000| Untracked 
|  53|0x000000074f600000, 0x000000074f600000, 0x000000074f800000|  0%| F|  |TAMS 0x000000074f600000| PB 0x000000074f600000| Untracked 
|  54|0x000000074f800000, 0x000000074f800000, 0x000000074fa00000|  0%| F|  |TAMS 0x000000074f800000| PB 0x000000074f800000| Untracked 
|  55|0x000000074fa00000, 0x000000074fa00000, 0x000000074fc00000|  0%| F|  |TAMS 0x000000074fa00000| PB 0x000000074fa00000| Untracked 
|  56|0x000000074fc00000, 0x000000074fc00000, 0x000000074fe00000|  0%| F|  |TAMS 0x000000074fc00000| PB 0x000000074fc00000| Untracked 
|  57|0x000000074fe00000, 0x000000074fe00000, 0x0000000750000000|  0%| F|  |TAMS 0x000000074fe00000| PB 0x000000074fe00000| Untracked 
|  58|0x0000000750000000, 0x0000000750000000, 0x0000000750200000|  0%| F|  |TAMS 0x0000000750000000| PB 0x0000000750000000| Untracked 
|  59|0x0000000750200000, 0x0000000750200000, 0x0000000750400000|  0%| F|  |TAMS 0x0000000750200000| PB 0x0000000750200000| Untracked 
|  60|0x0000000750400000, 0x0000000750400000, 0x0000000750600000|  0%| F|  |TAMS 0x0000000750400000| PB 0x0000000750400000| Untracked 
|  61|0x0000000750600000, 0x0000000750600000, 0x0000000750800000|  0%| F|  |TAMS 0x0000000750600000| PB 0x0000000750600000| Untracked 
|  62|0x0000000750800000, 0x0000000750800000, 0x0000000750a00000|  0%| F|  |TAMS 0x0000000750800000| PB 0x0000000750800000| Untracked 
|  63|0x0000000750a00000, 0x0000000750a00000, 0x0000000750c00000|  0%| F|  |TAMS 0x0000000750a00000| PB 0x0000000750a00000| Untracked 
|  64|0x0000000750c00000, 0x0000000750c00000, 0x0000000750e00000|  0%| F|  |TAMS 0x0000000750c00000| PB 0x0000000750c00000| Untracked 
|  65|0x0000000750e00000, 0x0000000750e00000, 0x0000000751000000|  0%| F|  |TAMS 0x0000000750e00000| PB 0x0000000750e00000| Untracked 
|  66|0x0000000751000000, 0x0000000751000000, 0x0000000751200000|  0%| F|  |TAMS 0x0000000751000000| PB 0x0000000751000000| Untracked 
|  67|0x0000000751200000, 0x0000000751200000, 0x0000000751400000|  0%| F|  |TAMS 0x0000000751200000| PB 0x0000000751200000| Untracked 
|  68|0x0000000751400000, 0x0000000751400000, 0x0000000751600000|  0%| F|  |TAMS 0x0000000751400000| PB 0x0000000751400000| Untracked 
|  69|0x0000000751600000, 0x0000000751600000, 0x0000000751800000|  0%| F|  |TAMS 0x0000000751600000| PB 0x0000000751600000| Untracked 
|  70|0x0000000751800000, 0x0000000751800000, 0x0000000751a00000|  0%| F|  |TAMS 0x0000000751800000| PB 0x0000000751800000| Untracked 
|  71|0x0000000751a00000, 0x0000000751a00000, 0x0000000751c00000|  0%| F|  |TAMS 0x0000000751a00000| PB 0x0000000751a00000| Untracked 
|  72|0x0000000751c00000, 0x0000000751c00000, 0x0000000751e00000|  0%| F|  |TAMS 0x0000000751c00000| PB 0x0000000751c00000| Untracked 
|  73|0x0000000751e00000, 0x0000000751e00000, 0x0000000752000000|  0%| F|  |TAMS 0x0000000751e00000| PB 0x0000000751e00000| Untracked 
|  74|0x0000000752000000, 0x0000000752000000, 0x0000000752200000|  0%| F|  |TAMS 0x0000000752000000| PB 0x0000000752000000| Untracked 
|  75|0x0000000752200000, 0x0000000752200000, 0x0000000752400000|  0%| F|  |TAMS 0x0000000752200000| PB 0x0000000752200000| Untracked 
|  76|0x0000000752400000, 0x0000000752474b08, 0x0000000752600000| 22%| S|CS|TAMS 0x0000000752400000| PB 0x0000000752400000| Complete 
|  77|0x0000000752600000, 0x0000000752800000, 0x0000000752800000|100%| S|CS|TAMS 0x0000000752600000| PB 0x0000000752600000| Complete 
|  78|0x0000000752800000, 0x0000000752800000, 0x0000000752a00000|  0%| F|  |TAMS 0x0000000752800000| PB 0x0000000752800000| Untracked 
|  79|0x0000000752a00000, 0x0000000752a00000, 0x0000000752c00000|  0%| F|  |TAMS 0x0000000752a00000| PB 0x0000000752a00000| Untracked 
|  80|0x0000000752c00000, 0x0000000752c00000, 0x0000000752e00000|  0%| F|  |TAMS 0x0000000752c00000| PB 0x0000000752c00000| Untracked 
|  81|0x0000000752e00000, 0x0000000752e00000, 0x0000000753000000|  0%| F|  |TAMS 0x0000000752e00000| PB 0x0000000752e00000| Untracked 
|  82|0x0000000753000000, 0x0000000753000000, 0x0000000753200000|  0%| F|  |TAMS 0x0000000753000000| PB 0x0000000753000000| Untracked 
|  83|0x0000000753200000, 0x0000000753309bb0, 0x0000000753400000| 51%| E|  |TAMS 0x0000000753200000| PB 0x0000000753200000| Complete 
|  84|0x0000000753400000, 0x0000000753600000, 0x0000000753600000|100%| E|CS|TAMS 0x0000000753400000| PB 0x0000000753400000| Complete 
|  85|0x0000000753600000, 0x0000000753800000, 0x0000000753800000|100%| E|CS|TAMS 0x0000000753600000| PB 0x0000000753600000| Complete 
|  86|0x0000000753800000, 0x0000000753a00000, 0x0000000753a00000|100%| E|CS|TAMS 0x0000000753800000| PB 0x0000000753800000| Complete 
|  87|0x0000000753a00000, 0x0000000753c00000, 0x0000000753c00000|100%| E|CS|TAMS 0x0000000753a00000| PB 0x0000000753a00000| Complete 
|  88|0x0000000753c00000, 0x0000000753e00000, 0x0000000753e00000|100%| E|CS|TAMS 0x0000000753c00000| PB 0x0000000753c00000| Complete 
|  89|0x0000000753e00000, 0x0000000754000000, 0x0000000754000000|100%| E|CS|TAMS 0x0000000753e00000| PB 0x0000000753e00000| Complete 
|  90|0x0000000754000000, 0x0000000754200000, 0x0000000754200000|100%| E|CS|TAMS 0x0000000754000000| PB 0x0000000754000000| Complete 
|  91|0x0000000754200000, 0x0000000754400000, 0x0000000754400000|100%| E|CS|TAMS 0x0000000754200000| PB 0x0000000754200000| Complete 

Card table byte_map: [0x00000153a1100000,0x00000153a16c0000] _byte_map_base: 0x000001539d6ba000

Marking Bits: (CMBitMap*) 0x00000153955e9fe0
 Bits: [0x00000153a16c0000, 0x00000153a4490000)

Polling page: 0x00000153933a0000

Metaspace:

Usage:
  Non-class:     12.60 MB used.
      Class:      1.96 MB used.
       Both:     14.57 MB used.

Virtual space:
  Non-class space:       64.00 MB reserved,      12.75 MB ( 20%) committed,  1 nodes.
      Class space:        1.00 GB reserved,       2.12 MB ( <1%) committed,  1 nodes.
             Both:        1.06 GB reserved,      14.88 MB (  1%) committed. 

Chunk freelists:
   Non-Class:  1.98 MB
       Class:  13.80 MB
        Both:  15.78 MB

MaxMetaspaceSize: unlimited
CompressedClassSpaceSize: 1.00 GB
Initial GC threshold: 21.00 MB
Current GC threshold: 21.00 MB
CDS: on
 - commit_granule_bytes: 65536.
 - commit_granule_words: 8192.
 - virtual_space_node_default_size: 8388608.
 - enlarge_chunks_in_place: 1.
 - use_allocation_guard: 0.


Internal statistics:

num_allocs_failed_limit: 0.
num_arena_births: 386.
num_arena_deaths: 0.
num_vsnodes_births: 2.
num_vsnodes_deaths: 0.
num_space_committed: 238.
num_space_uncommitted: 0.
num_chunks_returned_to_freelist: 0.
num_chunks_taken_from_freelist: 938.
num_chunk_merges: 0.
num_chunk_splits: 624.
num_chunks_enlarged: 439.
num_inconsistent_stats: 0.

CodeCache: size=49152Kb used=4922Kb max_used=4922Kb free=44229Kb
 bounds [0x000001539da30000, 0x000001539df00000, 0x00000153a0a30000]
 total_blobs=2568 nmethods=2070 adapters=421
 compilation: enabled
              stopped_count=0, restarted_count=0
 full_count=0

Compilation events (20 events):
Event: 7.926 Thread 0x00000153ec1cc770 nmethod 2061 0x000001539defa190 code [0x000001539defa340, 0x000001539defa438]
Event: 7.927 Thread 0x00000153ec1cc770 2062       1       java.nio.Buffer::<init> (105 bytes)
Event: 7.927 Thread 0x00000153a6eaeaa0 nmethod 2060 0x000001539defa510 code [0x000001539defa720, 0x000001539defab58]
Event: 7.927 Thread 0x00000153ec1cc770 nmethod 2062 0x000001539defae90 code [0x000001539defb0e0, 0x000001539defb5a0]
Event: 7.928 Thread 0x00000153ec1cc770 2063       1       java.lang.reflect.Proxy::isProxyClass (22 bytes)
Event: 7.928 Thread 0x00000153a6eaeaa0 2064       1       java.lang.reflect.Proxy$ProxyBuilder::isProxyClass (21 bytes)
Event: 7.929 Thread 0x00000153ec1cc770 nmethod 2063 0x000001539defb810 code [0x000001539defba20, 0x000001539defbe80]
Event: 7.929 Thread 0x00000153a6eaeaa0 nmethod 2064 0x000001539defc110 code [0x000001539defc300, 0x000001539defc6f8]
Event: 7.929 Thread 0x00000153ec1cc770 2065       1       java.nio.ByteOrder::nativeOrder (4 bytes)
Event: 7.929 Thread 0x00000153ec1cc770 nmethod 2065 0x000001539defc990 code [0x000001539defcb20, 0x000001539defcbd0]
Event: 7.931 Thread 0x00000153ec1cc770 2066       1       org.springframework.util.StringUtils::hasText (17 bytes)
Event: 7.931 Thread 0x00000153a6eaeaa0 2067       1       java.util.LinkedHashMap::afterNodeAccess (266 bytes)
Event: 7.931 Thread 0x00000153ec1cc770 nmethod 2066 0x000001539defcc90 code [0x000001539defce40, 0x000001539defcfb8]
Event: 7.932 Thread 0x00000153ec1cc770 2068       1       java.nio.ByteBuffer::position (6 bytes)
Event: 7.932 Thread 0x00000153a6eaeaa0 nmethod 2067 0x000001539defd110 code [0x000001539defd320, 0x000001539defdb78]
Event: 7.932 Thread 0x00000153ec1cc770 nmethod 2068 0x000001539defdd90 code [0x000001539defdf40, 0x000001539defe030]
Event: 7.932 Thread 0x00000153ec1cc770 2069       1       org.springframework.core.annotation.AnnotationsScanner::getDeclaredAnnotation (55 bytes)
Event: 7.932 Thread 0x00000153a6eaeaa0 2070       1       java.nio.ByteBuffer::<init> (47 bytes)
Event: 7.932 Thread 0x00000153a6eaeaa0 nmethod 2070 0x000001539defe090 code [0x000001539defe240, 0x000001539defe3a8]
Event: 7.932 Thread 0x00000153ec1cc770 nmethod 2069 0x000001539defe490 code [0x000001539defe640, 0x000001539defe7e8]

GC Heap History (4 events):
Event: 4.924 GC heap before
{Heap before GC invocations=0 (full 0):
 garbage-first heap   total 188416K, used 20480K [0x0000000748c00000, 0x0000000800000000)
  region size 2048K, 11 young (22528K), 0 survivors (0K)
 Metaspace       used 4902K, committed 5120K, reserved 1114112K
  class space    used 642K, committed 768K, reserved 1048576K
}
Event: 5.091 GC heap after
{Heap after GC invocations=1 (full 0):
 garbage-first heap   total 188416K, used 7616K [0x0000000748c00000, 0x0000000800000000)
  region size 2048K, 2 young (4096K), 2 survivors (4096K)
 Metaspace       used 4902K, committed 5120K, reserved 1114112K
  class space    used 642K, committed 768K, reserved 1048576K
}
Event: 6.895 GC heap before
{Heap before GC invocations=1 (full 0):
 garbage-first heap   total 188416K, used 32192K [0x0000000748c00000, 0x0000000800000000)
  region size 2048K, 14 young (28672K), 2 survivors (4096K)
 Metaspace       used 10518K, committed 10880K, reserved 1114112K
  class space    used 1432K, committed 1600K, reserved 1048576K
}
Event: 6.903 GC heap after
{Heap after GC invocations=2 (full 0):
 garbage-first heap   total 188416K, used 9750K [0x0000000748c00000, 0x0000000800000000)
  region size 2048K, 2 young (4096K), 2 survivors (4096K)
 Metaspace       used 10518K, committed 10880K, reserved 1114112K
  class space    used 1432K, committed 1600K, reserved 1048576K
}

Dll operation events (5 events):
Event: 0.057 Loaded shared library C:\Program Files\Java\jdk-21\bin\java.dll
Event: 1.939 Loaded shared library C:\Program Files\Java\jdk-21\bin\net.dll
Event: 1.945 Loaded shared library C:\Program Files\Java\jdk-21\bin\nio.dll
Event: 1.973 Loaded shared library C:\Program Files\Java\jdk-21\bin\zip.dll
Event: 2.568 Loaded shared library C:\Program Files\Java\jdk-21\bin\jimage.dll

Deoptimization events (0 events):
No events

Classes loaded (20 events):
Event: 7.915 Loading class java/util/spi/ResourceBundleControlProvider
Event: 7.915 Loading class java/util/spi/ResourceBundleControlProvider done
Event: 7.917 Loading class java/util/ResourceBundle$CacheKey
Event: 7.917 Loading class java/util/ResourceBundle$CacheKey done
Event: 7.917 Loading class java/util/ResourceBundle$KeyElementReference
Event: 7.917 Loading class java/util/ResourceBundle$CacheKeyReference
Event: 7.917 Loading class java/util/ResourceBundle$CacheKeyReference done
Event: 7.917 Loading class java/util/ResourceBundle$KeyElementReference done
Event: 7.918 Loading class java/util/ResourceBundle$Control$2
Event: 7.918 Loading class java/util/ResourceBundle$Control$2 done
Event: 7.919 Loading class java/util/PropertyResourceBundle
Event: 7.919 Loading class java/util/PropertyResourceBundle done
Event: 7.919 Loading class sun/util/PropertyResourceBundleCharset
Event: 7.920 Loading class sun/util/PropertyResourceBundleCharset done
Event: 7.920 Loading class sun/util/PropertyResourceBundleCharset$PropertiesFileDecoder
Event: 7.920 Loading class sun/util/PropertyResourceBundleCharset$PropertiesFileDecoder done
Event: 7.920 Loading class java/util/ResourceBundle$BundleReference
Event: 7.921 Loading class java/util/ResourceBundle$BundleReference done
Event: 7.929 Loading class javax/management/MBeanRegistration
Event: 7.929 Loading class javax/management/MBeanRegistration done

Classes unloaded (0 events):
No events

Classes redefined (0 events):
No events

Internal exceptions (20 events):
Event: 5.872 Thread 0x00000153933fa380 Exception <a 'java/lang/NoSuchMethodError'{0x0000000753ff24a0}: 'int java.lang.invoke.DirectMethodHandle$Holder.invokeSpecialIFC(java.lang.Object, java.lang.Object, java.lang.Object, java.lang.Object)'> (0x0000000753ff24a0) 
thrown [s\open\src\hotspot\share\interpreter\linkResolver.cpp, line 773]
Event: 5.923 Thread 0x00000153933fa380 Exception <a 'java/lang/NoSuchMethodError'{0x0000000753ca7c58}: 'void java.lang.invoke.DirectMethodHandle$Holder.invokeInterface(java.lang.Object, java.lang.Object, java.lang.Object)'> (0x0000000753ca7c58) 
thrown [s\open\src\hotspot\share\interpreter\linkResolver.cpp, line 773]
Event: 5.958 Thread 0x00000153933fa380 Exception <a 'java/lang/NoSuchMethodError'{0x0000000753d27d18}: 'void java.lang.invoke.DirectMethodHandle$Holder.invokeStaticInit(java.lang.Object, java.lang.Object, java.lang.Object)'> (0x0000000753d27d18) 
thrown [s\open\src\hotspot\share\interpreter\linkResolver.cpp, line 773]
Event: 5.964 Thread 0x00000153933fa380 Exception <a 'java/lang/NoSuchMethodError'{0x0000000753d5ebb8}: 'java.lang.Object java.lang.invoke.DirectMethodHandle$Holder.invokeStaticInit(java.lang.Object, int)'> (0x0000000753d5ebb8) 
thrown [s\open\src\hotspot\share\interpreter\linkResolver.cpp, line 773]
Event: 5.967 Thread 0x00000153933fa380 Exception <a 'java/lang/NoSuchMethodError'{0x0000000753d68eb0}: 'java.lang.Object java.lang.invoke.DirectMethodHandle$Holder.invokeStatic(java.lang.Object, int, java.lang.Object)'> (0x0000000753d68eb0) 
thrown [s\open\src\hotspot\share\interpreter\linkResolver.cpp, line 773]
Event: 5.967 Thread 0x00000153933fa380 Exception <a 'java/lang/NoSuchMethodError'{0x0000000753d6c510}: 'java.lang.Object java.lang.invoke.DirectMethodHandle$Holder.invokeStaticInit(java.lang.Object, int, java.lang.Object)'> (0x0000000753d6c510) 
thrown [s\open\src\hotspot\share\interpreter\linkResolver.cpp, line 773]
Event: 5.988 Thread 0x00000153933fa380 Exception <a 'java/lang/NoSuchMethodError'{0x0000000753d885f8}: 'java.lang.Object java.lang.invoke.DirectMethodHandle$Holder.invokeVirtual(java.lang.Object, java.lang.Object, java.lang.Object)'> (0x0000000753d885f8) 
thrown [s\open\src\hotspot\share\interpreter\linkResolver.cpp, line 773]
Event: 6.038 Thread 0x00000153933fa380 Exception <a 'java/lang/NoSuchMethodError'{0x0000000753a3bcf0}: 'void java.lang.invoke.DirectMethodHandle$Holder.invokeVirtual(java.lang.Object, java.lang.Object, java.lang.Object, java.lang.Object)'> (0x0000000753a3bcf0) 
thrown [s\open\src\hotspot\share\interpreter\linkResolver.cpp, line 773]
Event: 6.181 Thread 0x00000153933fa380 Exception <a 'java/lang/NoSuchMethodError'{0x0000000753872be0}: 'java.lang.Object java.lang.invoke.Invokers$Holder.invoke_MT(java.lang.Object, java.lang.Object, java.lang.Object, java.lang.Object, java.lang.Object, java.lang.Object, java.lang.Object, java.lang.Object, java.lang.Object)'> (0x0000000753872be0) 
thrown [s\open\src\hotspot\share\interpreter\linkResolver.cpp, line 773]
Event: 6.208 Thread 0x00000153933fa380 Exception <a 'java/lang/NoSuchMethodError'{0x00000007538a0ee8}: 'java.lang.reflect.Field[] java.lang.Class.getDeclaredFields(java.lang.Class)'> (0x00000007538a0ee8) 
thrown [s\open\src\hotspot\share\interpreter\linkResolver.cpp, line 773]
Event: 6.215 Thread 0x00000153ecb7e000 Exception <a 'java/lang/NoClassDefFoundError'{0x00000007538c8198}: jakarta/validation/Validation> (0x00000007538c8198) 
thrown [s\open\src\hotspot\share\classfile\systemDictionary.cpp, line 301]
Event: 6.226 Thread 0x00000153933fa380 Exception <a 'java/lang/IncompatibleClassChangeError'{0x0000000753910660}: Found class java.lang.Object, but interface was expected> (0x0000000753910660) 
thrown [s\open\src\hotspot\share\interpreter\linkResolver.cpp, line 840]
Event: 7.689 Thread 0x00000153933fa380 Exception <a 'java/lang/NoSuchMethodError'{0x0000000753b2b888}: 'int java.lang.invoke.DirectMethodHandle$Holder.invokeSpecial(java.lang.Object, java.lang.Object, java.lang.Object, java.lang.Object, java.lang.Object)'> (0x0000000753b2b888) 
thrown [s\open\src\hotspot\share\interpreter\linkResolver.cpp, line 773]
Event: 7.693 Thread 0x00000153933fa380 Exception <a 'java/lang/NoSuchMethodError'{0x0000000753970ac8}: 'void java.lang.invoke.DirectMethodHandle$Holder.invokeVirtual(java.lang.Object, java.lang.Object)'> (0x0000000753970ac8) 
thrown [s\open\src\hotspot\share\interpreter\linkResolver.cpp, line 773]
Event: 7.816 Thread 0x00000153ecb7e000 Exception <a 'java/lang/NoSuchMethodError'{0x00000007534e8298}: 'long java.lang.invoke.DirectMethodHandle$Holder.invokeSpecial(java.lang.Object, java.lang.Object)'> (0x00000007534e8298) 
thrown [s\open\src\hotspot\share\interpreter\linkResolver.cpp, line 773]
Event: 7.818 Thread 0x00000153ecb7e000 Exception <a 'java/lang/NoSuchMethodError'{0x00000007535602c0}: 'long java.lang.invoke.DirectMethodHandle$Holder.invokeStatic(java.lang.Object, java.lang.Object)'> (0x00000007535602c0) 
thrown [s\open\src\hotspot\share\interpreter\linkResolver.cpp, line 773]
Event: 7.818 Thread 0x00000153ecb7e000 Exception <a 'java/lang/NoSuchMethodError'{0x0000000753563388}: 'long java.lang.invoke.DirectMethodHandle$Holder.invokeStaticInit(java.lang.Object, java.lang.Object)'> (0x0000000753563388) 
thrown [s\open\src\hotspot\share\interpreter\linkResolver.cpp, line 773]
Event: 7.820 Thread 0x00000153ecb7e000 Exception <a 'java/lang/NoSuchMethodError'{0x000000075356f278}: 'long java.lang.invoke.DirectMethodHandle$Holder.invokeInterface(java.lang.Object, java.lang.Object)'> (0x000000075356f278) 
thrown [s\open\src\hotspot\share\interpreter\linkResolver.cpp, line 773]
Event: 7.821 Thread 0x00000153ecb7e000 Exception <a 'java/lang/IncompatibleClassChangeError'{0x0000000753572288}: Found class java.lang.Object, but interface was expected> (0x0000000753572288) 
thrown [s\open\src\hotspot\share\interpreter\linkResolver.cpp, line 840]
Event: 7.825 Thread 0x00000153ecb7e000 Exception <a 'java/lang/NoSuchMethodError'{0x000000075358aea8}: 'java.lang.Object java.lang.invoke.DirectMethodHandle$Holder.invokeVirtual(java.lang.Object, java.lang.Object, java.lang.Object, java.lang.Object)'> (0x000000075358aea8) 
thrown [s\open\src\hotspot\share\interpreter\linkResolver.cpp, line 773]

ZGC Phase Switch (0 events):
No events

VM Operations (20 events):
Event: 4.284 Executing VM operation: HandshakeAllThreads (Deoptimize)
Event: 4.284 Executing VM operation: HandshakeAllThreads (Deoptimize) done
Event: 4.304 Executing VM operation: HandshakeAllThreads (Deoptimize)
Event: 4.304 Executing VM operation: HandshakeAllThreads (Deoptimize) done
Event: 4.924 Executing VM operation: G1CollectForAllocation (G1 Evacuation Pause)
Event: 5.091 Executing VM operation: G1CollectForAllocation (G1 Evacuation Pause) done
Event: 5.737 Executing VM operation: HandshakeAllThreads (Deoptimize)
Event: 5.737 Executing VM operation: HandshakeAllThreads (Deoptimize) done
Event: 6.163 Executing VM operation: HandshakeAllThreads (Deoptimize)
Event: 6.163 Executing VM operation: HandshakeAllThreads (Deoptimize) done
Event: 6.163 Executing VM operation: Cleanup
Event: 6.164 Executing VM operation: Cleanup done
Event: 6.168 Executing VM operation: HandshakeAllThreads (Deoptimize)
Event: 6.168 Executing VM operation: HandshakeAllThreads (Deoptimize) done
Event: 6.895 Executing VM operation: G1CollectForAllocation (G1 Evacuation Pause)
Event: 6.903 Executing VM operation: G1CollectForAllocation (G1 Evacuation Pause) done
Event: 7.047 Executing VM operation: HandshakeAllThreads (Deoptimize)
Event: 7.047 Executing VM operation: HandshakeAllThreads (Deoptimize) done
Event: 7.538 Executing VM operation: HandshakeAllThreads (Deoptimize)
Event: 7.541 Executing VM operation: HandshakeAllThreads (Deoptimize) done

Events (12 events):
Event: 0.414 Thread 0x00000153933fa380 Thread added: 0x00000153933fa380
Event: 0.554 Thread 0x00000153a6ea7270 Thread added: 0x00000153a6ea7270
Event: 0.554 Thread 0x00000153a6ea8330 Thread added: 0x00000153a6ea8330
Event: 0.555 Thread 0x00000153a6eab150 Thread added: 0x00000153a6eab150
Event: 0.555 Thread 0x00000153a6eacbb0 Thread added: 0x00000153a6eacbb0
Event: 0.555 Thread 0x00000153a6ead600 Thread added: 0x00000153a6ead600
Event: 0.555 Thread 0x00000153a6eae050 Thread added: 0x00000153a6eae050
Event: 0.555 Thread 0x00000153a6eaeaa0 Thread added: 0x00000153a6eaeaa0
Event: 1.819 Thread 0x00000153ec1c4f40 Thread added: 0x00000153ec1c4f40
Event: 1.890 Thread 0x00000153ec1c7f10 Thread added: 0x00000153ec1c7f10
Event: 1.950 Thread 0x00000153ec1cc770 Thread added: 0x00000153ec1cc770
Event: 6.178 Thread 0x00000153ecb7e000 Thread added: 0x00000153ecb7e000


Dynamic libraries:
0x00007ff6085b0000 - 0x00007ff6085c0000 	C:\Program Files\Java\jdk-21\bin\java.exe
0x00007ffde7a30000 - 0x00007ffde7c28000 	C:\WINDOWS\SYSTEM32\ntdll.dll
0x00007ffde6e80000 - 0x00007ffde6f42000 	C:\WINDOWS\System32\KERNEL32.DLL
0x00007ffde56c0000 - 0x00007ffde59b6000 	C:\WINDOWS\System32\KERNELBASE.dll
0x00007ffde51c0000 - 0x00007ffde52c0000 	C:\WINDOWS\System32\ucrtbase.dll
0x00007ffdb7fb0000 - 0x00007ffdb7fc9000 	C:\Program Files\Java\jdk-21\bin\jli.dll
0x00007ffde6a90000 - 0x00007ffde6b41000 	C:\WINDOWS\System32\ADVAPI32.dll
0x00007ffde7070000 - 0x00007ffde710e000 	C:\WINDOWS\System32\msvcrt.dll
0x00007ffde5d60000 - 0x00007ffde5dff000 	C:\WINDOWS\System32\sechost.dll
0x00007ffde6d60000 - 0x00007ffde6e80000 	C:\WINDOWS\System32\RPCRT4.dll
0x00007ffde59f0000 - 0x00007ffde5a17000 	C:\WINDOWS\System32\bcrypt.dll
0x00007ffde5b30000 - 0x00007ffde5cd1000 	C:\WINDOWS\System32\USER32.dll
0x00007ffde59c0000 - 0x00007ffde59e2000 	C:\WINDOWS\System32\win32u.dll
0x00007ffde67d0000 - 0x00007ffde67fb000 	C:\WINDOWS\System32\GDI32.dll
0x00007ffde54d0000 - 0x00007ffde55e9000 	C:\WINDOWS\System32\gdi32full.dll
0x00007ffde5120000 - 0x00007ffde51bd000 	C:\WINDOWS\System32\msvcp_win.dll
0x00007ffddee20000 - 0x00007ffddee2a000 	C:\WINDOWS\SYSTEM32\VERSION.dll
0x00007ffdb7ee0000 - 0x00007ffdb7efb000 	C:\Program Files\Java\jdk-21\bin\VCRUNTIME140.dll
0x00007ffddaa50000 - 0x00007ffddaceb000 	C:\WINDOWS\WinSxS\amd64_microsoft.windows.common-controls_6595b64144ccf1df_6.0.19041.6456_none_60b8a6cb71f64256\COMCTL32.dll
0x00007ffde7990000 - 0x00007ffde79bf000 	C:\WINDOWS\System32\IMM32.DLL
0x00007ffdcee10000 - 0x00007ffdcee1c000 	C:\Program Files\Java\jdk-21\bin\vcruntime140_1.dll
0x00007ffda0360000 - 0x00007ffda03ee000 	C:\Program Files\Java\jdk-21\bin\msvcp140.dll
0x00007ffd8ecf0000 - 0x00007ffd8fa0a000 	C:\Program Files\Java\jdk-21\bin\server\jvm.dll
0x00007ffde6800000 - 0x00007ffde686b000 	C:\WINDOWS\System32\WS2_32.dll
0x00007ffde4ef0000 - 0x00007ffde4f3b000 	C:\WINDOWS\SYSTEM32\POWRPROF.dll
0x00007ffdc4e10000 - 0x00007ffdc4e37000 	C:\WINDOWS\SYSTEM32\WINMM.dll
0x00007ffde4ed0000 - 0x00007ffde4ee2000 	C:\WINDOWS\SYSTEM32\UMPDC.dll
0x00007ffde2de0000 - 0x00007ffde2df2000 	C:\WINDOWS\SYSTEM32\kernel.appcore.dll
0x00007ffdccc20000 - 0x00007ffdccc2a000 	C:\Program Files\Java\jdk-21\bin\jimage.dll
0x00007ffdd3a40000 - 0x00007ffdd3c41000 	C:\WINDOWS\SYSTEM32\DBGHELP.DLL
0x00007ffdd00c0000 - 0x00007ffdd00f4000 	C:\WINDOWS\SYSTEM32\dbgcore.DLL
0x00007ffde5090000 - 0x00007ffde5112000 	C:\WINDOWS\System32\bcryptPrimitives.dll
0x00007ffdb7ec0000 - 0x00007ffdb7edf000 	C:\Program Files\Java\jdk-21\bin\java.dll
0x00007ffde5e00000 - 0x00007ffde6570000 	C:\WINDOWS\System32\SHELL32.dll
0x00007ffde30c0000 - 0x00007ffde3865000 	C:\WINDOWS\SYSTEM32\windows.storage.dll
0x00007ffde7580000 - 0x00007ffde78d4000 	C:\WINDOWS\System32\combase.dll
0x00007ffde49e0000 - 0x00007ffde4a0b000 	C:\WINDOWS\SYSTEM32\Wldp.dll
0x00007ffde69b0000 - 0x00007ffde6a7d000 	C:\WINDOWS\System32\OLEAUT32.dll
0x00007ffde78e0000 - 0x00007ffde798d000 	C:\WINDOWS\System32\SHCORE.dll
0x00007ffde5ce0000 - 0x00007ffde5d3b000 	C:\WINDOWS\System32\shlwapi.dll
0x00007ffde4fc0000 - 0x00007ffde4fe4000 	C:\WINDOWS\SYSTEM32\profapi.dll
0x00007ffdccb00000 - 0x00007ffdccb10000 	C:\Program Files\Java\jdk-21\bin\net.dll
0x00007ffddeac0000 - 0x00007ffddebca000 	C:\WINDOWS\SYSTEM32\WINHTTP.dll
0x00007ffde46f0000 - 0x00007ffde475a000 	C:\WINDOWS\system32\mswsock.dll
0x00007ffdb7ea0000 - 0x00007ffdb7eb6000 	C:\Program Files\Java\jdk-21\bin\nio.dll
0x00007ffdb7960000 - 0x00007ffdb7978000 	C:\Program Files\Java\jdk-21\bin\zip.dll

dbghelp: loaded successfully - version: 4.0.5 - missing functions: none
symbol engine: initialized successfully - sym options: 0x614 - pdb path: .;C:\Program Files\Java\jdk-21\bin;C:\WINDOWS\SYSTEM32;C:\WINDOWS\WinSxS\amd64_microsoft.windows.common-controls_6595b64144ccf1df_6.0.19041.6456_none_60b8a6cb71f64256;C:\Program Files\Java\jdk-21\bin\server

VM Arguments:
jvm_args: -XX:TieredStopAtLevel=1 
java_command: yand.User.UserApplication
java_class_path (initial): C:\Users\2oleg\Downloads\Telegram Desktop\Kefir\Backend\User\target\classes;C:\Users\2oleg\.m2\repository\org\springframework\boot\spring-boot\3.5.7\spring-boot-3.5.7.jar;C:\Users\2oleg\.m2\repository\org\springframework\boot\spring-boot-autoconfigure\3.5.7\spring-boot-autoconfigure-3.5.7.jar;C:\Users\2oleg\.m2\repository\ch\qos\logback\logback-classic\1.5.20\logback-classic-1.5.20.jar;C:\Users\2oleg\.m2\repository\ch\qos\logback\logback-core\1.5.20\logback-core-1.5.20.jar;C:\Users\2oleg\.m2\repository\org\apache\logging\log4j\log4j-to-slf4j\2.24.3\log4j-to-slf4j-2.24.3.jar;C:\Users\2oleg\.m2\repository\org\apache\logging\log4j\log4j-api\2.24.3\log4j-api-2.24.3.jar;C:\Users\2oleg\.m2\repository\org\slf4j\jul-to-slf4j\2.0.17\jul-to-slf4j-2.0.17.jar;C:\Users\2oleg\.m2\repository\jakarta\annotation\jakarta.annotation-api\2.1.1\jakarta.annotation-api-2.1.1.jar;C:\Users\2oleg\.m2\repository\org\yaml\snakeyaml\2.4\snakeyaml-2.4.jar;C:\Users\2oleg\.m2\repository\com\zaxxer\HikariCP\6.3.3\HikariCP-6.3.3.jar;C:\Users\2oleg\.m2\repository\org\springframework\spring-jdbc\6.2.12\spring-jdbc-6.2.12.jar;C:\Users\2oleg\.m2\repository\org\hibernate\orm\hibernate-core\6.6.33.Final\hibernate-core-6.6.33.Final.jar;C:\Users\2oleg\.m2\repository\jakarta\persistence\jakarta.persistence-api\3.1.0\jakarta.persistence-api-3.1.0.jar;C:\Users\2oleg\.m2\repository\jakarta\transaction\jakarta.transaction-api\2.0.1\jakarta.transaction-api-2.0.1.jar;C:\Users\2oleg\.m2\repository\org\jboss\logging\jboss-logging\3.6.1.Final\jboss-logging-3.6.1.Final.jar;C:\Users\2oleg\.m2\repository\org\hibernate\common\hibernate-commons-annotations\7.0.3.Final\hibernate-commons-annotations-7.0.3.Final.jar;C:\Users\2oleg\.m2\repository\io\smallrye\jandex\3.2.0\jandex-3.2.0.jar;C:\Users\2oleg\.m2\repository\com\fasterxml\classmate\1.7.1\classmate-1.7.1.jar;C:\Users\2oleg\.m2\repository\net\bytebuddy\byte-buddy\1.17.8\byte-buddy-1.17.8.jar;C:\Users\2oleg\.m2\repository\org\glassfish\jaxb\jaxb-runtime\4.0.6\jaxb-runtime-4.0.6.jar;C:\Users\2oleg\.m2\repository\org\glassfish\jaxb\jaxb-core\4.0.6\jaxb-core-4.0.6.jar;C:\Users\2oleg\.m2\repository\org\eclipse\angus\angus-activation\2.0.3\angus-activation-2.0.3.jar;C:\Users\2oleg\.m2\repository\org\glassfish\jaxb\txw2\4.0.6\txw2-4.0.6.jar;C:\Users\2oleg\.m2\repository\com\sun\istack\istack-commons-runtime\4.1.2\istack-commons-runtime-4.1.2.jar;C:\Users\2oleg\.m2\repository\jakarta\inject\jakarta.inject-api\2.0.1\jakarta.inject-api-2.0.1.jar;C:\Users\2oleg\.m2\repository\org\antlr\antlr4-runtime\4.13.0\antlr4-runtime-4.13.0.jar;C:\Users\2oleg\.m2\repository\org\springframework\data\spring-data-jpa\3.5.5\spring-data-jpa-3.5.5.jar;C:\Users\2oleg\.m2\repository\org\springframework\data\spring-data-commons\3.5.5\spring-data-commons-3.5.5.jar;C:\Users\2oleg\.m2\repository\org\springframework\spring-orm\6.2.12\spring-orm-6.2.12.jar;C:\Users\2oleg\.m2\repository\org\springframework\spring-context\6.2.12\spring-context-6.2.12.jar;C:\Users\2oleg\.m2\repository\org\springframework\spring-tx\6.2.12\spring-tx-6.2.12.jar;C:\Users\2oleg\.m2\repository\org\springframework\spring-beans\6.2.12\spring-beans-6.2.12.jar;C:\Users\2oleg\.m2\repository\org\slf4j\slf4j-api\2.0.17\slf4j-api-2.0.17.jar;C:\Users\2oleg\.m2\repository\org\springframework\spring-aspects\6.2.12\spring-aspects-6.2.12.jar;C:\Users\2oleg\.m2\repository\org\aspectj\aspectjweaver\1.9.24\aspectjweaver-1.9.24.jar;C:\Users\2oleg\.m2\repository\org\springframework\data\spring-data-rest-webmvc\4.5.5\spring-data-rest-webmvc-4.5.5.jar;C:\Users\2oleg\.m2\repository\org\springframework\data\spring-data-rest-core\4.5.5\spring-data-rest-core-4.5.5.jar;C:\Users\2oleg\.m2\repository\org\springframework\hateoas\spring-hateoas\2.5.1\spring-hateoas-2.5.1.jar;C:\Users\2oleg\.m2\repository\org\springframework\plugin\spring-plugin-core\3.0.0\spring-plugin-core-3.0.0.jar;C:\Users\2oleg\.m2\repository\org\atteo\evo-inflector\1.3\evo-inflector-1.3.jar;C:\Users\2oleg\.m2\repository\com\fasterxml\jackson\core\jackson-databind\2.19.2\jackson-databind-2.19.2.jar;C:\Users\2oleg\.m2\repository\com\fasterxml\jackson\core\jackson-core\2.19.2\jackson-core-2.19.2.jar;C:\Users\2oleg\.m2\repository\com\fasterxml\jackson\core\jackson-annotations\2.19.2\jackson-annotations-2.19.2.jar;C:\Users\2oleg\.m2\repository\org\springframework\spring-aop\6.2.12\spring-aop-6.2.12.jar;C:\Users\2oleg\.m2\repository\org\springframework\security\spring-security-config\6.5.6\spring-security-config-6.5.6.jar;C:\Users\2oleg\.m2\repository\org\springframework\security\spring-security-web\6.5.6\spring-security-web-6.5.6.jar;C:\Users\2oleg\.m2\repository\org\springframework\spring-expression\6.2.12\spring-expression-6.2.12.jar;C:\Users\2oleg\.m2\repository\com\fasterxml\jackson\datatype\jackson-datatype-jdk8\2.19.2\jackson-datatype-jdk8-2.19.2.jar;C:\Users\2oleg\.m2\repository\com\fasterxml\jackson\datatype\jackson-datatype-jsr310\2.19.2\jackson-datatype-jsr310-2.19.2.jar;C:\Users\2oleg\.m2\repository\com\fasterxml\jackson\module\jackson-module-parameter-names\2.19.2\jackson-module-parameter-names-2.19.2.jar;C:\Users\2oleg\.m2\repository\org\apache\tomcat\embed\tomcat-embed-core\10.1.48\tomcat-embed-core-10.1.48.jar;C:\Users\2oleg\.m2\repository\org\apache\tomcat\embed\tomcat-embed-el\10.1.48\tomcat-embed-el-10.1.48.jar;C:\Users\2oleg\.m2\repository\org\apache\tomcat\embed\tomcat-embed-websocket\10.1.48\tomcat-embed-websocket-10.1.48.jar;C:\Users\2oleg\.m2\repository\org\springframework\spring-web\6.2.12\spring-web-6.2.12.jar;C:\Users\2oleg\.m2\repository\io\micrometer\micrometer-observation\1.15.5\micrometer-observation-1.15.5.jar;C:\Users\2oleg\.m2\repository\io\micrometer\micrometer-commons\1.15.5\micrometer-commons-1.15.5.jar;C:\Users\2oleg\.m2\repository\org\springframework\spring-webmvc\6.2.12\spring-webmvc-6.2.12.jar;C:\Users\2oleg\.m2\repository\org\postgresql\postgresql\42.7.8\postgresql-42.7.8.jar;C:\Users\2oleg\.m2\repository\org\checkerframework\checker-qual\3.49.5\checker-qual-3.49.5.jar;C:\Users\2oleg\.m2\repository\com\jayway\jsonpath\json-path\2.9.0\json-path-2.9.0.jar;C:\Users\2oleg\.m2\repository\jakarta\xml\bind\jakarta.xml.bind-api\4.0.4\jakarta.xml.bind-api-4.0.4.jar;C:\Users\2oleg\.m2\repository\jakarta\activation\jakarta.activation-api\2.1.4\jakarta.activation-api-2.1.4.jar;C:\Users\2oleg\.m2\repository\net\minidev\json-smart\2.5.2\json-smart-2.5.2.jar;C:\Users\2oleg\.m2\repository\net\minidev\accessors-smart\2.5.2\accessors-smart-2.5.2.jar;C:\Users\2oleg\.m2\repository\org\ow2\asm\asm\9.7.1\asm-9.7.1.jar;C:\Users\2oleg\.m2\repository\org\springframework\spring-core\6.2.12\spring-core-6.2.12.jar;C:\Users\2oleg\.m2\repository\org\springframework\spring-jcl\6.2.12\spring-jcl-6.2.12.jar;C:\Users\2oleg\.m2\repository\org\springframework\security\spring-security-core\6.5.6\spring-security-core-6.5.6.jar;C:\Users\2oleg\.m2\repository\org\springframework\security\spring-security-crypto\6.5.6\spring-security-crypto-6.5.6.jar
Launcher Type: SUN_STANDARD

[Global flags]
     intx CICompilerCount                          = 4                                         {product} {ergonomic}
     uint ConcGCThreads                            = 2                                         {product} {ergonomic}
     uint G1ConcRefinementThreads                  = 8                                         {product} {ergonomic}
   size_t G1HeapRegionSize                         = 2097152                                   {product} {ergonomic}
    uintx GCDrainStackTargetSize                   = 64                                        {product} {ergonomic}
   size_t InitialHeapSize                          = 192937984                                 {product} {ergonomic}
   size_t MarkStackSize                            = 4194304                                   {product} {ergonomic}
   size_t MaxHeapSize                              = 3074424832                                {product} {ergonomic}
   size_t MaxNewSize                               = 1843396608                                {product} {ergonomic}
   size_t MinHeapDeltaBytes                        = 2097152                                   {product} {ergonomic}
   size_t MinHeapSize                              = 8388608                                   {product} {ergonomic}
    uintx NonNMethodCodeHeapSize                   = 4096                                   {pd product} {ergonomic}
    uintx NonProfiledCodeHeapSize                  = 0                                      {pd product} {ergonomic}
     bool ProfileInterpreter                       = false                                  {pd product} {command line}
    uintx ProfiledCodeHeapSize                     = 0                                      {pd product} {ergonomic}
   size_t SoftMaxHeapSize                          = 3074424832                             {manageable} {ergonomic}
     intx TieredStopAtLevel                        = 1                                         {product} {command line}
     bool UseCompressedOops                        = true                           {product lp64_product} {ergonomic}
     bool UseG1GC                                  = true                                      {product} {ergonomic}
     bool UseLargePagesIndividualAllocation        = false                                  {pd product} {ergonomic}

Logging:
Log output configuration:
 #0: stdout all=warning uptime,level,tags foldmultilines=false
 #1: stderr all=off uptime,level,tags foldmultilines=false

Environment Variables:
JAVA_HOME=C:\Program Files\Java\jdk-21
PATH=C:\Program Files\Common Files\Oracle\Java\javapath;C:\Program Files (x86)\Cuminas\Document Express DjVu Plug-in\;C:\Program Files (x86)\Razer Chroma SDK\bin;C:\Program Files\Razer Chroma SDK\bin;C:\WINDOWS\system32;C:\WINDOWS;C:\WINDOWS\System32\Wbem;C:\WINDOWS\System32\WindowsPowerShell\v1.0\;C:\WINDOWS\System32\OpenSSH\;C:\Program Files (x86)\NVIDIA Corporation\PhysX\Common;C:\WINDOWS\system32\config\systemprofile\AppData\Local\Microsoft\WindowsApps;C:\Program Files (x86)\Razer\ChromaBroadcast\bin;C:\Program Files\Razer\ChromaBroadcast\bin;C:\Users\2oleg\AppData\Local\Microsoft\WindowsApps;C:\Program Files\JetBrains\IntelliJ IDEA Community Edition 2024.3\bin;C:\Users\2oleg\AppData\Local\Programs\Microsoft VS Code\bin;C:\Program Files\Docker\Docker\resources\bin;C:\Users\2oleg\Downloads\curl-8.16.0_6-win64-mingw.zip\curl-8.16.0_6-win64-mingw\bin;C:\Users\2oleg\Downloads\curl-8.16.0_6-win64-mingw\curl-8.16.0_6-win64-mingw\bin;C:\Users\2oleg\Downloads\apache-maven-3.9.11-bin\apache-maven-3.9.11\bin;C:\ProgramData\chocolatey\bin;C:\Users\2oleg\AppData\Roaming\Cloud Foundry;C:\Program Files\Git\cmd;C:\Program Files\nodejs\;C:\WINDOWS\system32\config\systemprofile\AppData\Local\Muse Hub\lib;C:\Users\2oleg\AppData\Local\Microsoft\WindowsApps;C:\Program Files\JetBrains\IntelliJ IDEA Community Edition 2025.2.4\bin;C:\Users\2oleg\AppData\Local\Programs\Microsoft VS Code\bin;C:\Program Files\jq.exe;C:\Users\2oleg\AppData\Local\Microsoft\WinGet\Packages\jqlang.jq_Microsoft.Winget.Source_8wekyb3d8bbwe;C:\Program Files\Java\jdk-24;C:\Users\2oleg\Downloads\gradle-9.0.0-bin\gradle-9.0.0\bin;C:\Program Files\Docker\Docker\resources\bin;C:\Users\2oleg\AppData\Local\GitHubDesktop\bin;C:\Users\2oleg\AppData\Roaming\npm
USERNAME=2oleg
OS=Windows_NT
PROCESSOR_IDENTIFIER=Intel64 Family 6 Model 60 Stepping 3, GenuineIntel
TMP=C:\Users\2oleg\AppData\Local\Temp
TEMP=C:\Users\2oleg\AppData\Local\Temp




Periodic native trim disabled

---------------  S Y S T E M  ---------------

OS:
 Windows 10 , 64 bit Build 19041 (10.0.19041.5915)
OS uptime: 3 days 5:55 hours
Hyper-V role detected

CPU: total 8 (initial active 8) (4 cores per cpu, 2 threads per core) family 6 model 60 stepping 3 microcode 0x27, cx8, cmov, fxsr, ht, mmx, sse, sse2, sse3, ssse3, sse4.1, sse4.2, popcnt, lzcnt, tsc, tscinvbit, avx, avx2, aes, erms, clmul, bmi1, bmi2, fma, vzeroupper, clflush, hv, rdtscp, f16c
Processor Information for all 8 processors :
  Max Mhz: 2401, Current Mhz: 2401, Mhz Limit: 2401

Memory: 4k page, system-wide physical 11723M (552M free)
TotalPageFile size 23723M (AvailPageFile size 313M)
current process WorkingSet (physical memory assigned to process): 97M, peak: 97M
current process commit charge ("private bytes"): 289M, peak: 289M

vm_info: Java HotSpot(TM) 64-Bit Server VM (21.0.7+8-LTS-245) for windows-amd64 JRE (21.0.7+8-LTS-245), built on 2025-02-21T05:11:27Z by "mach5one" with MS VC++ 17.6 (VS2022)

END.
