#
# There is insufficient memory for the Java Runtime Environment to continue.
# Native memory allocation (malloc) failed to allocate 220632 bytes. Error detail: Chunk::new
# Possible reasons:
#   The system is out of physical RAM or swap space
#   This process is running with CompressedOops enabled, and the Java Heap may be blocking the growth of the native heap
# Possible solutions:
#   Reduce memory load on the system
#   Increase physical memory or swap space
#   Check if swap backing store is full
#   Decrease Java heap size (-Xmx/-Xms)
#   Decrease number of Java threads
#   Decrease Java thread stack sizes (-Xss)
#   Set larger code cache with -XX:ReservedCodeCacheSize=
#   JVM is running with Zero Based Compressed Oops mode in which the Java heap is
#     placed in the first 32GB address space. The Java Heap base address is the
#     maximum limit for the native heap growth. Please use -XX:HeapBaseMinAddress
#     to set the Java Heap base and to place the Java Heap above 32GB virtual address.
# This output file may be truncated or incomplete.
#
#  Out of Memory Error (arena.cpp:162), pid=5316, tid=22888
#
# JRE version: Java(TM) SE Runtime Environment (24.0.2+12) (build 24.0.2+12-54)
# Java VM: Java HotSpot(TM) 64-Bit Server VM (24.0.2+12-54, mixed mode, sharing, tiered, compressed oops, compressed class ptrs, g1 gc, windows-amd64)
# No core dump will be written. Minidumps are not enabled by default on client versions of Windows
#

---------------  S U M M A R Y ------------

Command Line: -javaagent:C:\Program Files\JetBrains\IntelliJ IDEA Community Edition 2025.2.4\lib\idea_rt.jar=59009 -Dfile.encoding=UTF-8 -Dsun.stdout.encoding=UTF-8 -Dsun.stderr.encoding=UTF-8 com.kefir.logistics.launcher_service.LauncherServiceApplication

Host: Intel(R) Core(TM) i7-4700HQ CPU @ 2.40GHz, 8 cores, 11G,  Windows 10 , 64 bit Build 19041 (10.0.19041.5915)
Time: Mon Dec 15 23:08:37 2025 elapsed time: 29.037411 seconds (0d 0h 0m 29s)

---------------  T H R E A D  ---------------

Current thread (0x0000028bd8a96b40):  JavaThread "C2 CompilerThread0" daemon [_thread_in_native, id=22888, stack(0x000000d85e100000,0x000000d85e200000) (1024K)]


Current CompileTask:
C2:29037 7130 % !   4       java.io.BufferedReader::readLine @ 140 (331 bytes)

Stack: [0x000000d85e100000,0x000000d85e200000]
Native frames: (J=compiled Java code, j=interpreted, Vv=VM code, C=native code)
V  [jvm.dll+0x730829]  (no source info available)
V  [jvm.dll+0x8d9da3]  (no source info available)
V  [jvm.dll+0x8dc28d]  (no source info available)
V  [jvm.dll+0x8dc903]  (no source info available)
V  [jvm.dll+0x2a9f56]  (no source info available)
V  [jvm.dll+0xced7f]  (no source info available)
V  [jvm.dll+0xcefdf]  (no source info available)
V  [jvm.dll+0x3f367c]  (no source info available)
V  [jvm.dll+0x205bf4]  (no source info available)
V  [jvm.dll+0x26f6b0]  (no source info available)
V  [jvm.dll+0x26e8ff]  (no source info available)
V  [jvm.dll+0x1e9c90]  (no source info available)
V  [jvm.dll+0x27e0cb]  (no source info available)
V  [jvm.dll+0x27c36a]  (no source info available)
V  [jvm.dll+0x42f396]  (no source info available)
V  [jvm.dll+0x87d9eb]  (no source info available)
V  [jvm.dll+0x72ef45]  (no source info available)
C  [ucrtbase.dll+0x21bb2]  (no source info available)
C  [KERNEL32.DLL+0x17374]  (no source info available)
C  [ntdll.dll+0x4cc91]  (no source info available)

Lock stack of current Java thread (top to bottom):


---------------  P R O C E S S  ---------------

Threads class SMR info:
_java_thread_list=0x0000028c21c08eb0, length=53, elements={
0x0000028bd8a86100, 0x0000028bd8a88bc0, 0x0000028bd8a8ab80, 0x0000028bd8a8d6c0,
0x0000028bd8a8e990, 0x0000028bd8a91c70, 0x0000028bd8a96b40, 0x0000028bd8a9ae90,
0x0000028bd8c829c0, 0x0000028bd8c82270, 0x0000028bd8c83fb0, 0x0000028bd8c81b20,
0x0000028bd8c84700, 0x0000028c20558cf0, 0x0000028c20556110, 0x0000028c20559b90,
0x0000028c20557700, 0x0000028c2055a2e0, 0x0000028c20557e50, 0x0000028c20556fb0,
0x0000028c205585a0, 0x0000028c205559c0, 0x0000028c20559440, 0x0000028c20556860,
0x0000028c2194d920, 0x0000028c21950500, 0x0000028c2194fdb0, 0x0000028c2194a5f0,
0x0000028c21949750, 0x0000028c2194ad40, 0x0000028c2194b490, 0x0000028c21950c50,
0x0000028c2194e070, 0x0000028c2194bbe0, 0x0000028c2194c330, 0x0000028c2194f660,
0x0000028c2194d1d0, 0x0000028c21949ea0, 0x0000028c2194e7c0, 0x0000028c2194ef10,
0x0000028c2055b180, 0x0000028c2055c020, 0x0000028bd8c83110, 0x0000028c209da860,
0x0000028c209df180, 0x0000028c209df8d0, 0x0000028c209dc5a0, 0x0000028c209dd440,
0x0000028c209dccf0, 0x0000028c209e0020, 0x0000028c209da110, 0x0000028c209dafb0,
0x0000028c209ddb90
}

Java Threads: ( => current thread )
  0x0000028bd8a86100 JavaThread "Reference Handler"          daemon [_thread_blocked, id=21652, stack(0x000000d85db00000,0x000000d85dc00000) (1024K)]
  0x0000028bd8a88bc0 JavaThread "Finalizer"                  daemon [_thread_blocked, id=25904, stack(0x000000d85dc00000,0x000000d85dd00000) (1024K)]
  0x0000028bd8a8ab80 JavaThread "Signal Dispatcher"          daemon [_thread_blocked, id=31612, stack(0x000000d85dd00000,0x000000d85de00000) (1024K)]
  0x0000028bd8a8d6c0 JavaThread "Attach Listener"            daemon [_thread_blocked, id=27660, stack(0x000000d85de00000,0x000000d85df00000) (1024K)]
  0x0000028bd8a8e990 JavaThread "Service Thread"             daemon [_thread_blocked, id=21668, stack(0x000000d85df00000,0x000000d85e000000) (1024K)]
  0x0000028bd8a91c70 JavaThread "Monitor Deflation Thread"   daemon [_thread_blocked, id=2060, stack(0x000000d85e000000,0x000000d85e100000) (1024K)]
=>0x0000028bd8a96b40 JavaThread "C2 CompilerThread0"         daemon [_thread_in_native, id=22888, stack(0x000000d85e100000,0x000000d85e200000) (1024K)]
  0x0000028bd8a9ae90 JavaThread "C1 CompilerThread0"         daemon [_thread_blocked, id=24116, stack(0x000000d85e200000,0x000000d85e300000) (1024K)]
  0x0000028bd8c829c0 JavaThread "Common-Cleaner"             daemon [_thread_blocked, id=23228, stack(0x000000d85e300000,0x000000d85e400000) (1024K)]
  0x0000028bd8c82270 JavaThread "Monitor Ctrl-Break"         daemon [_thread_in_native, id=28020, stack(0x000000d85e500000,0x000000d85e600000) (1024K)]
  0x0000028bd8c83fb0 JavaThread "Notification Thread"        daemon [_thread_blocked, id=32692, stack(0x000000d85e600000,0x000000d85e700000) (1024K)]
  0x0000028bd8c81b20 JavaThread "MVStore background writer C:/Users/2oleg/Downloads/Telegram Desktop/Kefir/Backend/launcher-service/data/launcherdb.mv.db" daemon [_thread_blocked, id=23808, stack(0x000000d85e700000,0x000000d85e800000) (1024K)]
  0x0000028bd8c84700 JavaThread "HikariPool-1 housekeeper"   daemon [_thread_blocked, id=12016, stack(0x000000d85f100000,0x000000d85f200000) (1024K)]
  0x0000028c20558cf0 JavaThread "Catalina-utility-1"                [_thread_blocked, id=27060, stack(0x000000d85f300000,0x000000d85f400000) (1024K)]
  0x0000028c20556110 JavaThread "Catalina-utility-2"                [_thread_blocked, id=26220, stack(0x000000d85f400000,0x000000d85f500000) (1024K)]
  0x0000028c20559b90 JavaThread "container-0"                       [_thread_blocked, id=17460, stack(0x000000d85f500000,0x000000d85f600000) (1024K)]
  0x0000028c20557700 JavaThread "H2-serialization"           daemon [_thread_blocked, id=1584, stack(0x000000d85f600000,0x000000d85f700000) (1024K)]
  0x0000028c2055a2e0 JavaThread "H2-save"                    daemon [_thread_blocked, id=15600, stack(0x000000d85f700000,0x000000d85f800000) (1024K)]
  0x0000028c20557e50 JavaThread "Thread-2"                          [_thread_blocked, id=13788, stack(0x000000d85f800000,0x000000d85f900000) (1024K)]
  0x0000028c20556fb0 JavaThread "http-nio-8099-exec-1"       daemon [_thread_blocked, id=1840, stack(0x000000d85f900000,0x000000d85fa00000) (1024K)]
  0x0000028c205585a0 JavaThread "http-nio-8099-exec-2"       daemon [_thread_blocked, id=15904, stack(0x000000d85fa00000,0x000000d85fb00000) (1024K)]
  0x0000028c205559c0 JavaThread "http-nio-8099-exec-3"       daemon [_thread_blocked, id=21592, stack(0x000000d85fb00000,0x000000d85fc00000) (1024K)]
  0x0000028c20559440 JavaThread "http-nio-8099-exec-4"       daemon [_thread_blocked, id=32560, stack(0x000000d85fc00000,0x000000d85fd00000) (1024K)]
  0x0000028c20556860 JavaThread "http-nio-8099-exec-5"       daemon [_thread_blocked, id=29268, stack(0x000000d85fd00000,0x000000d85fe00000) (1024K)]
  0x0000028c2194d920 JavaThread "http-nio-8099-exec-6"       daemon [_thread_blocked, id=17924, stack(0x000000d85fe00000,0x000000d85ff00000) (1024K)]
  0x0000028c21950500 JavaThread "http-nio-8099-exec-7"       daemon [_thread_blocked, id=32136, stack(0x000000d85ff00000,0x000000d860000000) (1024K)]
  0x0000028c2194fdb0 JavaThread "http-nio-8099-exec-8"       daemon [_thread_blocked, id=27144, stack(0x000000d860000000,0x000000d860100000) (1024K)]
  0x0000028c2194a5f0 JavaThread "http-nio-8099-exec-9"       daemon [_thread_blocked, id=30580, stack(0x000000d860100000,0x000000d860200000) (1024K)]
  0x0000028c21949750 JavaThread "http-nio-8099-exec-10"      daemon [_thread_blocked, id=6188, stack(0x000000d860200000,0x000000d860300000) (1024K)]
  0x0000028c2194ad40 JavaThread "http-nio-8099-Poller"       daemon [_thread_in_native, id=1624, stack(0x000000d860300000,0x000000d860400000) (1024K)]
  0x0000028c2194b490 JavaThread "http-nio-8099-Acceptor"     daemon [_thread_in_native, id=27880, stack(0x000000d860400000,0x000000d860500000) (1024K)]
  0x0000028c21950c50 JavaThread "scheduling-1"                      [_thread_blocked, id=1696, stack(0x000000d860500000,0x000000d860600000) (1024K)]
  0x0000028c2194e070 JavaThread "Thread-3"                          [_thread_blocked, id=11696, stack(0x000000d860600000,0x000000d860700000) (1024K)]
  0x0000028c2194bbe0 JavaThread "Keep-Alive-Timer"           daemon [_thread_blocked, id=17284, stack(0x000000d860800000,0x000000d860900000) (1024K)]
  0x0000028c2194c330 JavaThread "DestroyJavaVM"                     [_thread_blocked, id=19964, stack(0x000000d85d300000,0x000000d85d400000) (1024K)]
  0x0000028c2194f660 JavaThread "pool-2-thread-1"                   [_thread_in_native, id=13620, stack(0x000000d85e400000,0x000000d85e500000) (1024K)]
  0x0000028c2194d1d0 JavaThread "pool-2-thread-2"                   [_thread_in_native, id=26844, stack(0x000000d85ed00000,0x000000d85ee00000) (1024K)]
  0x0000028c21949ea0 JavaThread "pool-2-thread-3"                   [_thread_in_native, id=28524, stack(0x000000d85f200000,0x000000d85f300000) (1024K)]
  0x0000028c2194e7c0 JavaThread "pool-2-thread-4"                   [_thread_in_native, id=20228, stack(0x000000d860900000,0x000000d860a00000) (1024K)]
  0x0000028c2194ef10 JavaThread "pool-2-thread-5"                   [_thread_in_native, id=21176, stack(0x000000d860a00000,0x000000d860b00000) (1024K)]
  0x0000028c2055b180 JavaThread "pool-2-thread-6"                   [_thread_in_native, id=12796, stack(0x000000d860b00000,0x000000d860c00000) (1024K)]
  0x0000028c2055c020 JavaThread "pool-2-thread-7"                   [_thread_in_native, id=18308, stack(0x000000d860c00000,0x000000d860d00000) (1024K)]
  0x0000028bd8c83110 JavaThread "pool-2-thread-8"                   [_thread_blocked, id=10120, stack(0x000000d860d00000,0x000000d860e00000) (1024K)]
  0x0000028c209da860 JavaThread "pool-2-thread-9"                   [_thread_blocked, id=26236, stack(0x000000d860e00000,0x000000d860f00000) (1024K)]
  0x0000028c209df180 JavaThread "pool-2-thread-10"                  [_thread_in_native, id=24112, stack(0x000000d860f00000,0x000000d861000000) (1024K)]
  0x0000028c209df8d0 JavaThread "pool-2-thread-11"                  [_thread_blocked, id=12784, stack(0x000000d861000000,0x000000d861100000) (1024K)]
  0x0000028c209dc5a0 JavaThread "pool-2-thread-12"                  [_thread_blocked, id=21572, stack(0x000000d861100000,0x000000d861200000) (1024K)]
  0x0000028c209dd440 JavaThread "pool-2-thread-13"                  [_thread_blocked, id=6060, stack(0x000000d861200000,0x000000d861300000) (1024K)]
  0x0000028c209dccf0 JavaThread "pool-2-thread-14"                  [_thread_blocked, id=27684, stack(0x000000d861300000,0x000000d861400000) (1024K)]
  0x0000028c209e0020 JavaThread "pool-2-thread-15"                  [_thread_blocked, id=14016, stack(0x000000d861400000,0x000000d861500000) (1024K)]
  0x0000028c209da110 JavaThread "pool-2-thread-16"                  [_thread_blocked, id=16792, stack(0x000000d861500000,0x000000d861600000) (1024K)]
  0x0000028c209dafb0 JavaThread "pool-2-thread-17"                  [_thread_in_native, id=31076, stack(0x000000d861600000,0x000000d861700000) (1024K)]
  0x0000028c209ddb90 JavaThread "pool-2-thread-18"                  [_thread_blocked, id=25204, stack(0x000000d861700000,0x000000d861800000) (1024K)]
Total: 53

Other Threads:
  0x0000028bd8a75f00 VMThread "VM Thread"                           [id=25072, stack(0x000000d85da00000,0x000000d85db00000) (1024K)]
  0x0000028bd893ed90 WatcherThread "VM Periodic Task Thread"        [id=23132, stack(0x000000d85d900000,0x000000d85da00000) (1024K)]
  0x0000028bbaa41f70 WorkerThread "GC Thread#0"                     [id=27312, stack(0x000000d85d400000,0x000000d85d500000) (1024K)]
  0x0000028c1e9359e0 WorkerThread "GC Thread#1"                     [id=29156, stack(0x000000d85e800000,0x000000d85e900000) (1024K)]
  0x0000028c1e935d90 WorkerThread "GC Thread#2"                     [id=23520, stack(0x000000d85e900000,0x000000d85ea00000) (1024K)]
  0x0000028c1e934770 WorkerThread "GC Thread#3"                     [id=9852, stack(0x000000d85ea00000,0x000000d85eb00000) (1024K)]
  0x0000028c1e936140 WorkerThread "GC Thread#4"                     [id=29800, stack(0x000000d85eb00000,0x000000d85ec00000) (1024K)]
  0x0000028c1e934ed0 WorkerThread "GC Thread#5"                     [id=30544, stack(0x000000d85ec00000,0x000000d85ed00000) (1024K)]
  0x0000028c1efcc540 WorkerThread "GC Thread#6"                     [id=32736, stack(0x000000d85ee00000,0x000000d85ef00000) (1024K)]
  0x0000028c1efcbde0 WorkerThread "GC Thread#7"                     [id=18056, stack(0x000000d85ef00000,0x000000d85f000000) (1024K)]
  0x0000028bbaa51560 ConcurrentGCThread "G1 Main Marker"            [id=31728, stack(0x000000d85d500000,0x000000d85d600000) (1024K)]
  0x0000028bbaa52720 WorkerThread "G1 Conc#0"                       [id=14856, stack(0x000000d85d600000,0x000000d85d700000) (1024K)]
  0x0000028c1efce670 WorkerThread "G1 Conc#1"                       [id=19616, stack(0x000000d85f000000,0x000000d85f100000) (1024K)]
  0x0000028bd89370e0 ConcurrentGCThread "G1 Refine#0"               [id=21876, stack(0x000000d85d700000,0x000000d85d800000) (1024K)]
  0x0000028bd8937910 ConcurrentGCThread "G1 Service"                [id=14544, stack(0x000000d85d800000,0x000000d85d900000) (1024K)]
Total: 15

Threads with active compile tasks:
C2 CompilerThread0  29241 7130 % !   4       java.io.BufferedReader::readLine @ 140 (331 bytes)
Total: 1

VM state: not at safepoint (normal execution)

VM Mutex/Monitor currently owned by a thread: None

Heap address: 0x0000000748c00000, size: 2932 MB, Compressed Oops mode: Zero based, Oop shift amount: 3

CDS archive(s) mapped at: [0x0000028bd9000000-0x0000028bd9d40000-0x0000028bd9d40000), size 13893632, SharedBaseAddress: 0x0000028bd9000000, ArchiveRelocationMode: 1.
Compressed class space mapped at: 0x0000028bda000000-0x0000028c1a000000, reserved size: 1073741824
UseCompressedClassPointers 1, UseCompactObjectHeaders 0
Narrow klass pointer bits 32, Max shift 3
Narrow klass base: 0x0000028bd9000000, Narrow klass shift: 0
Encoding Range: [0x0000028bd9000000 - 0x0000028cd9000000), (4294967296 bytes)
Klass Range:    [0x0000028bd9000000 - 0x0000028c1a000000), (1090519040 bytes)
Klass ID Range:  [8 - 1090519033) (1090519025)

GC Precious Log:
 CardTable entry size: 512
 Card Set container configuration: InlinePtr #cards 4 size 8 Array Of Cards #cards 16 size 48 Howl #buckets 8 coarsen threshold 3686 Howl Bitmap #cards 512 size 80 coarsen threshold 460 Card regions per heap region 1 cards per card region 4096
 CPUs: 8 total, 8 available
 Memory: 11723M
 Large Page Support: Disabled
 NUMA Support: Disabled
 Compressed Oops: Enabled (Zero based)
 Heap Region Size: 2M
 Heap Min Capacity: 8M
 Heap Initial Capacity: 184M
 Heap Max Capacity: 2932M
 Pre-touch: Disabled
 Parallel Workers: 8
 Concurrent Workers: 2
 Concurrent Refinement Workers: 8
 Periodic GC: Disabled

Heap:
 garbage-first heap   total reserved 3002368K, committed 67584K, used 37264K [0x0000000748c00000, 0x0000000800000000)
  region size 2048K, 4 young (8192K), 2 survivors (4096K)
 Metaspace       used 68481K, committed 69248K, reserved 1114112K
  class space    used 7334K, committed 7680K, reserved 1048576K

Heap Regions: E=young(eden), S=young(survivor), O=old, HS=humongous(starts), HC=humongous(continues), CS=collection set, F=free, TAMS=top-at-mark-start, PB=parsable bottom
|   0|0x0000000748c00000, 0x0000000748e00000, 0x0000000748e00000|100%| O|  |TAMS 0x0000000748c00000| PB 0x0000000748c00000| Untracked |  0
|   1|0x0000000748e00000, 0x0000000749000000, 0x0000000749000000|100%| O|  |TAMS 0x0000000748e00000| PB 0x0000000748e00000| Untracked |  0
|   2|0x0000000749000000, 0x0000000749200000, 0x0000000749200000|100%| O|  |TAMS 0x0000000749000000| PB 0x0000000749000000| Untracked |  0
|   3|0x0000000749200000, 0x0000000749400000, 0x0000000749400000|100%| O|  |TAMS 0x0000000749200000| PB 0x0000000749200000| Untracked |  0
|   4|0x0000000749400000, 0x0000000749600000, 0x0000000749600000|100%| O|  |TAMS 0x0000000749400000| PB 0x0000000749400000| Untracked |  0
|   5|0x0000000749600000, 0x0000000749800000, 0x0000000749800000|100%| O|  |TAMS 0x0000000749600000| PB 0x0000000749600000| Untracked |  0
|   6|0x0000000749800000, 0x0000000749800000, 0x0000000749a00000|  0%| F|  |TAMS 0x0000000749800000| PB 0x0000000749800000| Untracked |  0
|   7|0x0000000749a00000, 0x0000000749c00000, 0x0000000749c00000|100%| O|Cm|TAMS 0x0000000749a00000| PB 0x0000000749a00000| Complete |  0
|   8|0x0000000749c00000, 0x0000000749e00000, 0x0000000749e00000|100%| O|  |TAMS 0x0000000749c00000| PB 0x0000000749c00000| Untracked |  0
|   9|0x0000000749e00000, 0x000000074a000000, 0x000000074a000000|100%| O|  |TAMS 0x0000000749e00000| PB 0x0000000749e00000| Untracked |  0
|  10|0x000000074a000000, 0x000000074a200000, 0x000000074a200000|100%| O|  |TAMS 0x000000074a000000| PB 0x000000074a000000| Untracked |  0
|  11|0x000000074a200000, 0x000000074a400000, 0x000000074a400000|100%|HS|  |TAMS 0x000000074a200000| PB 0x000000074a200000| Complete |  0
|  12|0x000000074a400000, 0x000000074a600000, 0x000000074a600000|100%| O|  |TAMS 0x000000074a400000| PB 0x000000074a400000| Untracked |  0
|  13|0x000000074a600000, 0x000000074a800000, 0x000000074a800000|100%| O|  |TAMS 0x000000074a600000| PB 0x000000074a600000| Untracked |  0
|  14|0x000000074a800000, 0x000000074aa00000, 0x000000074aa00000|100%| O|  |TAMS 0x000000074a800000| PB 0x000000074a800000| Untracked |  0
|  15|0x000000074aa00000, 0x000000074ac00000, 0x000000074ac00000|100%| O|  |TAMS 0x000000074aa00000| PB 0x000000074aa00000| Untracked |  0
|  16|0x000000074ac00000, 0x000000074aceb770, 0x000000074ae00000| 45%| O|  |TAMS 0x000000074ac00000| PB 0x000000074ac00000| Untracked |  0
|  17|0x000000074ae00000, 0x000000074ae00000, 0x000000074b000000|  0%| F|  |TAMS 0x000000074ae00000| PB 0x000000074ae00000| Untracked |  0
|  18|0x000000074b000000, 0x000000074b000000, 0x000000074b200000|  0%| F|  |TAMS 0x000000074b000000| PB 0x000000074b000000| Untracked |  0
|  19|0x000000074b200000, 0x000000074b378910, 0x000000074b400000| 73%| S|CS|TAMS 0x000000074b200000| PB 0x000000074b200000| Complete |  0
|  20|0x000000074b400000, 0x000000074b400000, 0x000000074b600000|  0%| F|  |TAMS 0x000000074b400000| PB 0x000000074b400000| Untracked |  0
|  21|0x000000074b600000, 0x000000074b600000, 0x000000074b800000|  0%| F|  |TAMS 0x000000074b600000| PB 0x000000074b600000| Untracked |  0
|  22|0x000000074b800000, 0x000000074ba00000, 0x000000074ba00000|100%| S|CS|TAMS 0x000000074b800000| PB 0x000000074b800000| Complete |  0
|  23|0x000000074ba00000, 0x000000074ba00000, 0x000000074bc00000|  0%| F|  |TAMS 0x000000074ba00000| PB 0x000000074ba00000| Untracked |  0
|  24|0x000000074bc00000, 0x000000074bc00000, 0x000000074be00000|  0%| F|  |TAMS 0x000000074bc00000| PB 0x000000074bc00000| Untracked |  0
|  25|0x000000074be00000, 0x000000074be00000, 0x000000074c000000|  0%| F|  |TAMS 0x000000074be00000| PB 0x000000074be00000| Untracked |  0
|  69|0x0000000751600000, 0x0000000751600000, 0x0000000751800000|  0%| F|  |TAMS 0x0000000751600000| PB 0x0000000751600000| Untracked |  0
|  70|0x0000000751800000, 0x0000000751800000, 0x0000000751a00000|  0%| F|  |TAMS 0x0000000751800000| PB 0x0000000751800000| Untracked |  0
|  71|0x0000000751a00000, 0x0000000751a00000, 0x0000000751c00000|  0%| F|  |TAMS 0x0000000751a00000| PB 0x0000000751a00000| Untracked |  0
|  72|0x0000000751c00000, 0x0000000751c00000, 0x0000000751e00000|  0%| F|  |TAMS 0x0000000751c00000| PB 0x0000000751c00000| Untracked |  0
|  73|0x0000000751e00000, 0x0000000751e00000, 0x0000000752000000|  0%| F|  |TAMS 0x0000000751e00000| PB 0x0000000751e00000| Untracked |  0
|  91|0x0000000754200000, 0x000000075434f018, 0x0000000754400000| 65%| E|  |TAMS 0x0000000754200000| PB 0x0000000754200000| Complete |  0
|1465|0x00000007ffe00000, 0x0000000800000000, 0x0000000800000000|100%| E|CS|TAMS 0x00000007ffe00000| PB 0x00000007ffe00000| Complete |  0

Card table byte_map: [0x0000028bd2c90000,0x0000028bd3250000] _byte_map_base: 0x0000028bcf24a000

Marking Bits: (CMBitMap*) 0x0000028bbaa42590
 Bits: [0x0000028bd3250000, 0x0000028bd6020000)

Polling page: 0x0000028bba1c0000

Metaspace:

Usage:
  Non-class:     59.71 MB used.
      Class:      7.16 MB used.
       Both:     66.88 MB used.

Virtual space:
  Non-class space:       64.00 MB reserved,      60.12 MB ( 94%) committed,  1 nodes.
      Class space:        1.00 GB reserved,       7.50 MB ( <1%) committed,  1 nodes.
             Both:        1.06 GB reserved,      67.62 MB (  6%) committed. 

Chunk freelists:
   Non-Class:  2.95 MB
       Class:  8.47 MB
        Both:  11.42 MB

MaxMetaspaceSize: unlimited
CompressedClassSpaceSize: 1.00 GB
Initial GC threshold: 21.00 MB
Current GC threshold: 112.19 MB
CDS: on
 - commit_granule_bytes: 65536.
 - commit_granule_words: 8192.
 - virtual_space_node_default_size: 8388608.
 - enlarge_chunks_in_place: 1.
UseCompressedClassPointers 1, UseCompactObjectHeaders 0
Narrow klass pointer bits 32, Max shift 3
Narrow klass base: 0x0000028bd9000000, Narrow klass shift: 0
Encoding Range: [0x0000028bd9000000 - 0x0000028cd9000000), (4294967296 bytes)
Klass Range:    [0x0000028bd9000000 - 0x0000028c1a000000), (1090519040 bytes)
Klass ID Range:  [8 - 1090519033) (1090519025)


Internal statistics:

num_allocs_failed_limit: 9.
num_arena_births: 966.
num_arena_deaths: 0.
num_vsnodes_births: 2.
num_vsnodes_deaths: 0.
num_space_committed: 1082.
num_space_uncommitted: 0.
num_chunks_returned_to_freelist: 9.
num_chunks_taken_from_freelist: 3362.
num_chunk_merges: 9.
num_chunk_splits: 2432.
num_chunks_enlarged: 1935.
num_inconsistent_stats: 0.

CodeHeap 'non-profiled nmethods': size=120064Kb used=3202Kb max_used=3454Kb free=116861Kb
 bounds [0x0000028bcad50000, 0x0000028bcb0b0000, 0x0000028bd2290000]
CodeHeap 'profiled nmethods': size=120000Kb used=9973Kb max_used=10371Kb free=110026Kb
 bounds [0x0000028bc3290000, 0x0000028bc3cc0000, 0x0000028bca7c0000]
CodeHeap 'non-nmethods': size=5696Kb used=1565Kb max_used=1679Kb free=4130Kb
 bounds [0x0000028bca7c0000, 0x0000028bcaa30000, 0x0000028bcad50000]
CodeCache: size=245760Kb, used=14740Kb, max_used=15504Kb, free=231017Kb
 total_blobs=6806, nmethods=6072, adapters=639, full_count=0
Compilation: enabled, stopped_count=0, restarted_count=0

Compilation events (20 events):
Event: 27.752 Thread 0x0000028bd8a9ae90 nmethod 7120 0x0000028bc3451f88 code [0x0000028bc3452220, 0x0000028bc3453628]
Event: 27.752 Thread 0x0000028bd8a9ae90 7121       3       ch.qos.logback.core.UnsynchronizedAppenderBase::getFilterChainDecision (9 bytes)
Event: 27.753 Thread 0x0000028bd8a9ae90 nmethod 7121 0x0000028bc3748d08 code [0x0000028bc3748e20, 0x0000028bc3748fe0]
Event: 27.753 Thread 0x0000028bd8a9ae90 7123       3       ch.qos.logback.classic.filter.ThresholdFilter::decide (9 bytes)
Event: 27.753 Thread 0x0000028bd8a9ae90 nmethod 7123 0x0000028bc38d8208 code [0x0000028bc38d8360, 0x0000028bc38d88d0]
Event: 27.753 Thread 0x0000028bd8a9ae90 7124       3       ch.qos.logback.classic.filter.ThresholdFilter::decide (35 bytes)
Event: 27.753 Thread 0x0000028bd8a9ae90 nmethod 7124 0x0000028bc344c488 code [0x0000028bc344c5c0, 0x0000028bc344c9d8]
Event: 27.753 Thread 0x0000028bd8a9ae90 7125       3       ch.qos.logback.core.recovery.ResilientOutputStreamBase::postSuccessfulWrite (53 bytes)
Event: 27.754 Thread 0x0000028bd8a9ae90 nmethod 7125 0x0000028bc3ac3f88 code [0x0000028bc3ac4120, 0x0000028bc3ac4760]
Event: 28.612 Thread 0x0000028bd8a9ae90 7128       3       org.h2.mvstore.FreeSpaceBitSet::getProjectedFillRate (86 bytes)
Event: 28.613 Thread 0x0000028bd8a9ae90 nmethod 7128 0x0000028bc3aac788 code [0x0000028bc3aac900, 0x0000028bc3aacec8]
Event: 28.613 Thread 0x0000028bd8a9ae90 7127       3       org.h2.mvstore.MVStore::unlockAndCheckPanicCondition (19 bytes)
Event: 28.613 Thread 0x0000028bd8a9ae90 nmethod 7127 0x0000028bc3b3bf08 code [0x0000028bc3b3c080, 0x0000028bc3b3c648]
Event: 28.613 Thread 0x0000028bd8a9ae90 7126   !   3       org.h2.mvstore.MVStore::tryCommit (63 bytes)
Event: 28.614 Thread 0x0000028bd8a9ae90 nmethod 7126 0x0000028bc3bef008 code [0x0000028bc3bef240, 0x0000028bc3bf03e8]
Event: 28.966 Thread 0x0000028bd8a9ae90 7129   !   3       java.io.PrintStream::flush (35 bytes)
Event: 28.967 Thread 0x0000028bd8a9ae90 nmethod 7129 0x0000028bc3996288 code [0x0000028bc39963e0, 0x0000028bc3996910]
Event: 28.972 Thread 0x0000028bd8a96b40 7130 % !   4       java.io.BufferedReader::readLine @ 140 (331 bytes)
Event: 29.029 Thread 0x0000028bd8a9ae90 7131       3       java.time.Clock$SystemClock::instant (4 bytes)
Event: 29.029 Thread 0x0000028bd8a9ae90 nmethod 7131 0x0000028bc397e808 code [0x0000028bc397e920, 0x0000028bc397ea50]

GC Heap History (20 events):
Event: 4.099 GC heap before
{Heap before GC invocations=5 (full 0):
 garbage-first heap   total reserved 3002368K, committed 55296K, used 36972K [0x0000000748c00000, 0x0000000800000000)
  region size 2048K, 13 young (26624K), 2 survivors (4096K)
 Metaspace       used 29688K, committed 30016K, reserved 1114112K
  class space    used 3090K, committed 3200K, reserved 1048576K
}
Event: 4.107 GC heap after
{Heap after GC invocations=6 (full 0):
 garbage-first heap   total reserved 3002368K, committed 55296K, used 18636K [0x0000000748c00000, 0x0000000800000000)
  region size 2048K, 2 young (4096K), 2 survivors (4096K)
 Metaspace       used 29688K, committed 30016K, reserved 1114112K
  class space    used 3090K, committed 3200K, reserved 1048576K
}
Event: 4.811 GC heap before
{Heap before GC invocations=6 (full 0):
 garbage-first heap   total reserved 3002368K, committed 55296K, used 41164K [0x0000000748c00000, 0x0000000800000000)
  region size 2048K, 13 young (26624K), 2 survivors (4096K)
 Metaspace       used 34050K, committed 34432K, reserved 1114112K
  class space    used 3545K, committed 3712K, reserved 1048576K
}
Event: 4.825 GC heap after
{Heap after GC invocations=7 (full 0):
 garbage-first heap   total reserved 3002368K, committed 55296K, used 21483K [0x0000000748c00000, 0x0000000800000000)
  region size 2048K, 2 young (4096K), 2 survivors (4096K)
 Metaspace       used 34050K, committed 34432K, reserved 1114112K
  class space    used 3545K, committed 3712K, reserved 1048576K
}
Event: 4.997 GC heap before
{Heap before GC invocations=7 (full 0):
 garbage-first heap   total reserved 3002368K, committed 55296K, used 25579K [0x0000000748c00000, 0x0000000800000000)
  region size 2048K, 5 young (10240K), 2 survivors (4096K)
 Metaspace       used 35705K, committed 36096K, reserved 1114112K
  class space    used 3689K, committed 3904K, reserved 1048576K
}
Event: 5.003 GC heap after
{Heap after GC invocations=8 (full 0):
 garbage-first heap   total reserved 3002368K, committed 67584K, used 22148K [0x0000000748c00000, 0x0000000800000000)
  region size 2048K, 1 young (2048K), 1 survivors (2048K)
 Metaspace       used 35705K, committed 36096K, reserved 1114112K
  class space    used 3689K, committed 3904K, reserved 1048576K
}
Event: 5.941 GC heap before
{Heap before GC invocations=9 (full 0):
 garbage-first heap   total reserved 3002368K, committed 67584K, used 54916K [0x0000000748c00000, 0x0000000800000000)
  region size 2048K, 16 young (32768K), 1 survivors (2048K)
 Metaspace       used 43042K, committed 43456K, reserved 1114112K
  class space    used 4481K, committed 4672K, reserved 1048576K
}
Event: 5.945 GC heap after
{Heap after GC invocations=10 (full 0):
 garbage-first heap   total reserved 3002368K, committed 67584K, used 26225K [0x0000000748c00000, 0x0000000800000000)
  region size 2048K, 2 young (4096K), 2 survivors (4096K)
 Metaspace       used 43042K, committed 43456K, reserved 1114112K
  class space    used 4481K, committed 4672K, reserved 1048576K
}
Event: 6.840 GC heap before
{Heap before GC invocations=10 (full 0):
 garbage-first heap   total reserved 3002368K, committed 67584K, used 54897K [0x0000000748c00000, 0x0000000800000000)
  region size 2048K, 16 young (32768K), 2 survivors (4096K)
 Metaspace       used 52269K, committed 52800K, reserved 1114112K
  class space    used 5462K, committed 5696K, reserved 1048576K
}
Event: 6.844 GC heap after
{Heap after GC invocations=11 (full 0):
 garbage-first heap   total reserved 3002368K, committed 67584K, used 27758K [0x0000000748c00000, 0x0000000800000000)
  region size 2048K, 1 young (2048K), 1 survivors (2048K)
 Metaspace       used 52269K, committed 52800K, reserved 1114112K
  class space    used 5462K, committed 5696K, reserved 1048576K
}
Event: 7.522 GC heap before
{Heap before GC invocations=11 (full 0):
 garbage-first heap   total reserved 3002368K, committed 67584K, used 54382K [0x0000000748c00000, 0x0000000800000000)
  region size 2048K, 15 young (30720K), 1 survivors (2048K)
 Metaspace       used 59516K, committed 60096K, reserved 1114112K
  class space    used 6300K, committed 6528K, reserved 1048576K
}
Event: 7.526 GC heap after
{Heap after GC invocations=12 (full 0):
 garbage-first heap   total reserved 3002368K, committed 67584K, used 29323K [0x0000000748c00000, 0x0000000800000000)
  region size 2048K, 2 young (4096K), 2 survivors (4096K)
 Metaspace       used 59516K, committed 60096K, reserved 1114112K
  class space    used 6300K, committed 6528K, reserved 1048576K
}
Event: 7.719 GC heap before
{Heap before GC invocations=12 (full 0):
 garbage-first heap   total reserved 3002368K, committed 67584K, used 37515K [0x0000000748c00000, 0x0000000800000000)
  region size 2048K, 7 young (14336K), 2 survivors (4096K)
 Metaspace       used 60216K, committed 60736K, reserved 1114112K
  class space    used 6373K, committed 6592K, reserved 1048576K
}
Event: 7.723 GC heap after
{Heap after GC invocations=13 (full 0):
 garbage-first heap   total reserved 3002368K, committed 67584K, used 29942K [0x0000000748c00000, 0x0000000800000000)
  region size 2048K, 2 young (4096K), 2 survivors (4096K)
 Metaspace       used 60216K, committed 60736K, reserved 1114112K
  class space    used 6373K, committed 6592K, reserved 1048576K
}
Event: 8.216 GC heap before
{Heap before GC invocations=14 (full 0):
 garbage-first heap   total reserved 3002368K, committed 67584K, used 54518K [0x0000000748c00000, 0x0000000800000000)
  region size 2048K, 14 young (28672K), 2 survivors (4096K)
 Metaspace       used 62549K, committed 63104K, reserved 1114112K
  class space    used 6693K, committed 6912K, reserved 1048576K
}
Event: 8.222 GC heap after
{Heap after GC invocations=15 (full 0):
 garbage-first heap   total reserved 3002368K, committed 67584K, used 32044K [0x0000000748c00000, 0x0000000800000000)
  region size 2048K, 2 young (4096K), 2 survivors (4096K)
 Metaspace       used 62549K, committed 63104K, reserved 1114112K
  class space    used 6693K, committed 6912K, reserved 1048576K
}
Event: 8.918 GC heap before
{Heap before GC invocations=15 (full 0):
 garbage-first heap   total reserved 3002368K, committed 67584K, used 52524K [0x0000000748c00000, 0x0000000800000000)
  region size 2048K, 13 young (26624K), 2 survivors (4096K)
 Metaspace       used 64881K, committed 65536K, reserved 1114112K
  class space    used 6951K, committed 7232K, reserved 1048576K
}
Event: 8.928 GC heap after
{Heap after GC invocations=16 (full 0):
 garbage-first heap   total reserved 3002368K, committed 67584K, used 33834K [0x0000000748c00000, 0x0000000800000000)
  region size 2048K, 2 young (4096K), 2 survivors (4096K)
 Metaspace       used 64881K, committed 65536K, reserved 1114112K
  class space    used 6951K, committed 7232K, reserved 1048576K
}
Event: 9.487 GC heap before
{Heap before GC invocations=16 (full 0):
 garbage-first heap   total reserved 3002368K, committed 67584K, used 54314K [0x0000000748c00000, 0x0000000800000000)
  region size 2048K, 12 young (24576K), 2 survivors (4096K)
 Metaspace       used 68262K, committed 68928K, reserved 1114112K
  class space    used 7318K, committed 7616K, reserved 1048576K
}
Event: 9.494 GC heap after
{Heap after GC invocations=17 (full 0):
 garbage-first heap   total reserved 3002368K, committed 67584K, used 35216K [0x0000000748c00000, 0x0000000800000000)
  region size 2048K, 2 young (4096K), 2 survivors (4096K)
 Metaspace       used 68262K, committed 68928K, reserved 1114112K
  class space    used 7318K, committed 7616K, reserved 1048576K
}

Dll operation events (13 events):
Event: 0.019 Loaded shared library C:\Program Files\Java\jdk-24\bin\java.dll
Event: 0.057 Loaded shared library C:\Program Files\Java\jdk-24\bin\jsvml.dll
Event: 0.179 Loaded shared library C:\Program Files\Java\jdk-24\bin\zip.dll
Event: 0.184 Loaded shared library C:\Program Files\Java\jdk-24\bin\instrument.dll
Event: 0.189 Loaded shared library C:\Program Files\Java\jdk-24\bin\net.dll
Event: 0.191 Loaded shared library C:\Program Files\Java\jdk-24\bin\nio.dll
Event: 0.193 Loaded shared library C:\Program Files\Java\jdk-24\bin\zip.dll
Event: 0.347 Loaded shared library C:\Program Files\Java\jdk-24\bin\extnet.dll
Event: 0.398 Loaded shared library C:\Program Files\Java\jdk-24\bin\jimage.dll
Event: 4.552 Loaded shared library C:\Program Files\Java\jdk-24\bin\sunmscapi.dll
Event: 4.557 Loaded shared library C:\Program Files\Java\jdk-24\bin\management.dll
Event: 4.559 Loaded shared library C:\Program Files\Java\jdk-24\bin\management_ext.dll
Event: 5.947 Loaded shared library C:\Program Files\Java\jdk-24\bin\verify.dll

Deoptimization events (20 events):
Event: 9.378 Thread 0x0000028bba9ee1c0 Uncommon trap: trap_request=0xffffff4d fr.pc=0x0000028bcadafc74 relative=0x00000000000000d4
Event: 9.378 Thread 0x0000028bba9ee1c0 Uncommon trap: reason=unstable_if action=reinterpret pc=0x0000028bcadafc74 method=jdk.internal.classfile.impl.RawBytecodeHelper.next()Z @ 46 c2
Event: 9.378 Thread 0x0000028bba9ee1c0 DEOPT PACKING pc=0x0000028bcadafc74 sp=0x000000d85d3fb160
Event: 9.378 Thread 0x0000028bba9ee1c0 DEOPT UNPACKING pc=0x0000028bca8d7282 sp=0x000000d85d3fb0f0 mode 2
Event: 9.378 Thread 0x0000028bba9ee1c0 Uncommon trap: trap_request=0xffffff4d fr.pc=0x0000028bcb007714 relative=0x0000000000001234
Event: 9.378 Thread 0x0000028bba9ee1c0 Uncommon trap: reason=unstable_if action=reinterpret pc=0x0000028bcb007714 method=jdk.internal.classfile.impl.RawBytecodeHelper.next()Z @ 46 c2
Event: 9.378 Thread 0x0000028bba9ee1c0 DEOPT PACKING pc=0x0000028bcb007714 sp=0x000000d85d3fb1e0
Event: 9.378 Thread 0x0000028bba9ee1c0 DEOPT UNPACKING pc=0x0000028bca8d7282 sp=0x000000d85d3fb110 mode 2
Event: 9.405 Thread 0x0000028bba9ee1c0 Uncommon trap: trap_request=0xffffff4d fr.pc=0x0000028bcb09f3d4 relative=0x00000000000000b4
Event: 9.405 Thread 0x0000028bba9ee1c0 Uncommon trap: reason=unstable_if action=reinterpret pc=0x0000028bcb09f3d4 method=jdk.internal.util.xml.impl.Parser.bappend(CC)V @ 1 c2
Event: 9.405 Thread 0x0000028bba9ee1c0 DEOPT PACKING pc=0x0000028bcb09f3d4 sp=0x000000d85d3fcbd0
Event: 9.405 Thread 0x0000028bba9ee1c0 DEOPT UNPACKING pc=0x0000028bca8d7282 sp=0x000000d85d3fcb58 mode 2
Event: 9.405 Thread 0x0000028bba9ee1c0 Uncommon trap: trap_request=0xffffff4d fr.pc=0x0000028bcb09f060 relative=0x0000000000000060
Event: 9.405 Thread 0x0000028bba9ee1c0 Uncommon trap: reason=unstable_if action=reinterpret pc=0x0000028bcb09f060 method=jdk.internal.util.xml.impl.Parser.ensureCapacity(I)V @ 40 c2
Event: 9.405 Thread 0x0000028bba9ee1c0 DEOPT PACKING pc=0x0000028bcb09f060 sp=0x000000d85d3fcbd0
Event: 9.405 Thread 0x0000028bba9ee1c0 DEOPT UNPACKING pc=0x0000028bca8d7282 sp=0x000000d85d3fcb48 mode 2
Event: 10.702 Thread 0x0000028c20557e50 Uncommon trap: trap_request=0xffffff4d fr.pc=0x0000028bcae07eb4 relative=0x0000000000000294
Event: 10.702 Thread 0x0000028c20557e50 Uncommon trap: reason=unstable_if action=reinterpret pc=0x0000028bcae07eb4 method=java.lang.String.indexOf([BBILjava/lang/String;I)I @ 50 c2
Event: 10.702 Thread 0x0000028c20557e50 DEOPT PACKING pc=0x0000028bcae07eb4 sp=0x000000d85f8feae0
Event: 10.702 Thread 0x0000028c20557e50 DEOPT UNPACKING pc=0x0000028bca8d7282 sp=0x000000d85f8fea48 mode 2

Classes loaded (20 events):
Event: 9.475 Loading class javax/management/NotificationBroadcasterSupport$ListenerInfo
Event: 9.475 Loading class javax/management/NotificationBroadcasterSupport$ListenerInfo done
Event: 10.007 Loading class sun/net/www/http/KeepAliveStream
Event: 10.008 Loading class sun/net/www/MeteredStream
Event: 10.009 Loading class sun/net/www/MeteredStream done
Event: 10.009 Loading class sun/net/www/http/KeepAliveStream done
Event: 10.010 Loading class sun/net/www/http/KeepAliveStreamCleaner
Event: 10.010 Loading class sun/net/www/http/KeepAliveStreamCleaner done
Event: 10.707 Loading class java/lang/ProcessBuilder
Event: 10.709 Loading class java/lang/ProcessBuilder done
Event: 10.709 Loading class java/lang/ProcessImpl
Event: 10.711 Loading class java/lang/ProcessImpl done
Event: 10.766 Loading class java/lang/Process$PipeOutputStream
Event: 10.766 Loading class java/lang/Process$PipeOutputStream done
Event: 10.766 Loading class java/lang/Process$PipeInputStream
Event: 10.766 Loading class java/lang/Process$PipeInputStream done
Event: 10.766 Loading class java/lang/ProcessBuilder$NullInputStream
Event: 10.766 Loading class java/lang/ProcessBuilder$NullInputStream done
Event: 10.766 Loading class jdk/internal/event/ProcessStartEvent
Event: 10.767 Loading class jdk/internal/event/ProcessStartEvent done

Classes unloaded (0 events):
No events

Classes redefined (0 events):
No events

Internal exceptions (20 events):
Event: 8.931 Thread 0x0000028bba9ee1c0 Implicit null exception at 0x0000028bcae86fe8 to 0x0000028bcae872a4
Event: 8.932 Thread 0x0000028bba9ee1c0 Implicit null exception at 0x0000028bcb051e83 to 0x0000028bcb052168
Event: 8.953 Thread 0x0000028bd8c83fb0 Exception <a 'java/lang/NoSuchMethodError'{0x00000007ffea94f8}: 'long java.lang.invoke.DirectMethodHandle$Holder.invokeStatic(java.lang.Object, java.lang.Object, java.lang.Object)'> (0x00000007ffea94f8) 
thrown [s\open\src\hotspot\share\interpreter\linkResolver.cpp, line 805]
Event: 8.957 Thread 0x0000028bd8c83fb0 Exception <a 'java/lang/NoSuchMethodError'{0x00000007ffeb93c8}: 'long java.lang.invoke.DirectMethodHandle$Holder.invokeStatic(java.lang.Object, long, long)'> (0x00000007ffeb93c8) 
thrown [s\open\src\hotspot\share\interpreter\linkResolver.cpp, line 805]
Event: 9.065 Thread 0x0000028bba9ee1c0 Exception <a 'java/lang/NoSuchMethodError'{0x0000000751d07610}: 'void java.lang.invoke.DirectMethodHandle$Holder.invokeStatic(java.lang.Object, java.lang.Object, double)'> (0x0000000751d07610) 
thrown [s\open\src\hotspot\share\interpreter\linkResolver.cpp, line 805]
Event: 9.091 Thread 0x0000028bba9ee1c0 Exception <a 'java/lang/NoSuchMethodError'{0x0000000751de9620}: 'double java.lang.invoke.DirectMethodHandle$Holder.invokeStatic(java.lang.Object, java.lang.Object, java.lang.Object)'> (0x0000000751de9620) 
thrown [s\open\src\hotspot\share\interpreter\linkResolver.cpp, line 805]
Event: 9.151 Thread 0x0000028bba9ee1c0 Exception <a 'java/lang/IncompatibleClassChangeError'{0x0000000751b6ff50}: Found class java.lang.Object, but interface was expected> (0x0000000751b6ff50) 
thrown [s\open\src\hotspot\share\interpreter\linkResolver.cpp, line 872]
Event: 9.158 Thread 0x0000028bba9ee1c0 Exception <a 'java/lang/NoSuchMethodError'{0x0000000751b9a1a8}: 'java.lang.Object java.lang.invoke.DirectMethodHandle$Holder.newInvokeSpecial(java.lang.Object, java.lang.Object, int, java.lang.Object, java.lang.Object)'> (0x0000000751b9a1a8) 
thrown [s\open\src\hotspot\share\interpreter\linkResolver.cpp, line 805]
Event: 9.161 Thread 0x0000028bba9ee1c0 Exception <a 'java/lang/NoSuchMethodError'{0x0000000751bb2c30}: 'java.lang.Object java.lang.invoke.DirectMethodHandle$Holder.invokeSpecial(java.lang.Object, java.lang.Object, int, java.lang.Object, int, java.lang.Object)'> (0x0000000751bb2c30) 
thrown [s\open\src\hotspot\share\interpreter\linkResolver.cpp, line 805]
Event: 9.161 Thread 0x0000028bba9ee1c0 Exception <a 'java/lang/NoSuchMethodError'{0x0000000751bc3328}: 'java.lang.Object java.lang.invoke.DirectMethodHandle$Holder.newInvokeSpecial(java.lang.Object, java.lang.Object, int, java.lang.Object, int)'> (0x0000000751bc3328) 
thrown [s\open\src\hotspot\share\interpreter\linkResolver.cpp, line 805]
Event: 9.162 Thread 0x0000028bba9ee1c0 Exception <a 'java/lang/NoSuchMethodError'{0x0000000751bcbbd0}: 'java.lang.Object java.lang.invoke.DirectMethodHandle$Holder.invokeSpecial(java.lang.Object, java.lang.Object, java.lang.Object, int, java.lang.Object, int)'> (0x0000000751bcbbd0) 
thrown [s\open\src\hotspot\share\interpreter\linkResolver.cpp, line 805]
Event: 9.250 Thread 0x0000028bba9ee1c0 Exception <a 'java/lang/IncompatibleClassChangeError'{0x0000000751702810}: Found class java.lang.Object, but interface was expected> (0x0000000751702810) 
thrown [s\open\src\hotspot\share\interpreter\linkResolver.cpp, line 872]
Event: 9.330 Thread 0x0000028c20556fb0 Exception <a 'java/lang/NoSuchMethodError'{0x000000074bf22a90}: 'java.lang.Object java.lang.invoke.DirectMethodHandle$Holder.invokeSpecial(java.lang.Object, java.lang.Object, java.lang.Object, java.lang.Object, java.lang.Object, long)'> (0x000000074bf22a90) 
thrown [s\open\src\hotspot\share\interpreter\linkResolver.cpp, line 805]
Event: 9.331 Thread 0x0000028c20556fb0 Exception <a 'java/lang/NoSuchMethodError'{0x000000074bf4f7f8}: 'java.lang.Object java.lang.invoke.DirectMethodHandle$Holder.invokeSpecial(java.lang.Object, java.lang.Object, java.lang.Object, java.lang.Object, java.lang.Object, java.lang.Object, long)'> (0x000000074bf4f7f8) 
thrown [s\open\src\hotspot\share\interpreter\linkResolver.cpp, line 805]
Event: 9.331 Thread 0x0000028c20556fb0 Exception <a 'java/lang/NoSuchMethodError'{0x000000074bf57b60}: 'java.lang.Object java.lang.invoke.DelegatingMethodHandle$Holder.reinvoke_L(java.lang.Object, java.lang.Object, java.lang.Object, java.lang.Object, java.lang.Object, long)'> (0x000000074bf57b60) 
thrown [s\open\src\hotspot\share\interpreter\linkResolver.cpp, line 805]
Event: 9.332 Thread 0x0000028c20556fb0 Exception <a 'java/lang/NoSuchMethodError'{0x000000074bf67e60}: 'java.lang.Object java.lang.invoke.Invokers$Holder.linkToTargetMethod(java.lang.Object, java.lang.Object, java.lang.Object, long, java.lang.Object)'> (0x000000074bf67e60) 
thrown [s\open\src\hotspot\share\interpreter\linkResolver.cpp, line 805]
Event: 9.380 Thread 0x0000028c21950c50 Exception <a 'java/lang/NoSuchMethodError'{0x000000074bf3aee8}: 'int java.lang.invoke.DelegatingMethodHandle$Holder.reinvoke_L(java.lang.Object)'> (0x000000074bf3aee8) 
thrown [s\open\src\hotspot\share\interpreter\linkResolver.cpp, line 805]
Event: 10.765 Thread 0x0000028c20557e50 Exception <a 'java/lang/NoSuchMethodError'{0x00000007fff09090}: 'void java.lang.invoke.DirectMethodHandle$Holder.invokeStatic(java.lang.Object, long)'> (0x00000007fff09090) 
thrown [s\open\src\hotspot\share\interpreter\linkResolver.cpp, line 805]
Event: 10.768 Thread 0x0000028c20557e50 Exception <a 'java/lang/NoSuchMethodError'{0x00000007fff32e30}: 'java.lang.Object java.lang.invoke.DirectMethodHandle$Holder.newInvokeSpecial(java.lang.Object, java.lang.Object, java.lang.Object, int, java.lang.Object, java.lang.Object)'> (0x00000007fff32e30) 
thrown [s\open\src\hotspot\share\interpreter\linkResolver.cpp, line 805]
Event: 10.769 Thread 0x0000028c20557e50 Exception <a 'java/lang/NoSuchMethodError'{0x00000007fff47028}: 'java.lang.Object java.lang.invoke.DirectMethodHandle$Holder.invokeSpecial(java.lang.Object, java.lang.Object, java.lang.Object, java.lang.Object, int, java.lang.Object, java.lang.Object)'> (0x00000007fff47028) 
thrown [s\open\src\hotspot\share\interpreter\linkResolver.cpp, line 805]

VM Operations (20 events):
Event: 8.196 Executing VM operation: HandshakeAllThreads (Deoptimize)
Event: 8.196 Executing VM operation: HandshakeAllThreads (Deoptimize) done
Event: 8.210 Executing VM operation: HandshakeAllThreads (Deoptimize)
Event: 8.210 Executing VM operation: HandshakeAllThreads (Deoptimize) done
Event: 8.211 Executing VM operation: HandshakeAllThreads (Deoptimize)
Event: 8.211 Executing VM operation: HandshakeAllThreads (Deoptimize) done
Event: 8.216 Executing VM operation: G1CollectForAllocation (G1 Evacuation Pause)
Event: 8.222 Executing VM operation: G1CollectForAllocation (G1 Evacuation Pause) done
Event: 8.918 Executing VM operation: G1CollectForAllocation (G1 Evacuation Pause)
Event: 8.928 Executing VM operation: G1CollectForAllocation (G1 Evacuation Pause) done
Event: 9.118 Executing VM operation: HandshakeAllThreads (Deoptimize)
Event: 9.118 Executing VM operation: HandshakeAllThreads (Deoptimize) done
Event: 9.273 Executing VM operation: HandshakeAllThreads (Deoptimize)
Event: 9.277 Executing VM operation: HandshakeAllThreads (Deoptimize) done
Event: 9.487 Executing VM operation: G1CollectForAllocation (G1 Evacuation Pause)
Event: 9.494 Executing VM operation: G1CollectForAllocation (G1 Evacuation Pause) done
Event: 9.527 Executing VM operation: G1PauseRemark
Event: 9.530 Executing VM operation: G1PauseRemark done
Event: 9.542 Executing VM operation: G1PauseCleanup
Event: 9.542 Executing VM operation: G1PauseCleanup done

Memory protections (0 events):
No events

Nmethod flushes (20 events):
Event: 9.530 Thread 0x0000028bd8a75f00 flushing  nmethod 0x0000028bcae9b508
Event: 9.530 Thread 0x0000028bd8a75f00 flushing  nmethod 0x0000028bcaebdb08
Event: 9.530 Thread 0x0000028bd8a75f00 flushing  nmethod 0x0000028bc32ccc88
Event: 9.530 Thread 0x0000028bd8a75f00 flushing  nmethod 0x0000028bc3368488
Event: 9.530 Thread 0x0000028bd8a75f00 flushing  nmethod 0x0000028bc336d108
Event: 9.530 Thread 0x0000028bd8a75f00 flushing  nmethod 0x0000028bc3407208
Event: 9.530 Thread 0x0000028bd8a75f00 flushing  nmethod 0x0000028bc344c488
Event: 9.530 Thread 0x0000028bd8a75f00 flushing  nmethod 0x0000028bc34af508
Event: 9.530 Thread 0x0000028bd8a75f00 flushing  nmethod 0x0000028bc3641908
Event: 9.530 Thread 0x0000028bd8a75f00 flushing  nmethod 0x0000028bc37be408
Event: 9.530 Thread 0x0000028bd8a75f00 flushing  nmethod 0x0000028bc381c908
Event: 9.530 Thread 0x0000028bd8a75f00 flushing  nmethod 0x0000028bc386cc08
Event: 9.530 Thread 0x0000028bd8a75f00 flushing  nmethod 0x0000028bc38bf788
Event: 9.530 Thread 0x0000028bd8a75f00 flushing  nmethod 0x0000028bc39f5b88
Event: 9.530 Thread 0x0000028bd8a75f00 flushing  nmethod 0x0000028bc3aac788
Event: 9.530 Thread 0x0000028bd8a75f00 flushing  nmethod 0x0000028bc3b07e08
Event: 9.530 Thread 0x0000028bd8a75f00 flushing  nmethod 0x0000028bc3b3f908
Event: 9.530 Thread 0x0000028bd8a75f00 flushing  nmethod 0x0000028bc3b3fc08
Event: 9.530 Thread 0x0000028bd8a75f00 flushing  nmethod 0x0000028bc3b3ff08
Event: 9.530 Thread 0x0000028bd8a75f00 flushing  nmethod 0x0000028bc3b40508

Events (20 events):
Event: 9.905 Thread 0x0000028bd8b53e00 Thread exited: 0x0000028bd8b53e00
Event: 10.455 Thread 0x0000028c2055c020 Thread exited: 0x0000028c2055c020
Event: 10.767 Thread 0x0000028c20557e50 Thread added: 0x0000028c2194f660
Event: 10.770 Thread 0x0000028c20557e50 Thread added: 0x0000028c2194d1d0
Event: 14.255 Thread 0x0000028c2194e070 Thread added: 0x0000028c21949ea0
Event: 14.255 Thread 0x0000028c2194e070 Thread added: 0x0000028c2194e7c0
Event: 14.788 Thread 0x0000028c20557e50 Thread added: 0x0000028c2194ef10
Event: 14.788 Thread 0x0000028c20557e50 Thread added: 0x0000028c2055b180
Event: 18.313 Thread 0x0000028c2194e070 Thread added: 0x0000028c2055c020
Event: 18.313 Thread 0x0000028c2194e070 Thread added: 0x0000028bd8c83110
Event: 18.776 Thread 0x0000028c2194d1d0 Thread added: 0x0000028c209da860
Event: 18.829 Thread 0x0000028c20557e50 Thread added: 0x0000028c209df180
Event: 22.277 Thread 0x0000028c2194e7c0 Thread added: 0x0000028c209df8d0
Event: 22.775 Thread 0x0000028c2194e070 Thread added: 0x0000028c209dc5a0
Event: 22.833 Thread 0x0000028c2055b180 Thread added: 0x0000028c209dd440
Event: 23.009 Thread 0x0000028c20557e50 Thread added: 0x0000028c209dccf0
Event: 26.343 Thread 0x0000028bd8c83110 Thread added: 0x0000028c209e0020
Event: 26.925 Thread 0x0000028c2194e070 Thread added: 0x0000028c209da110
Event: 27.342 Thread 0x0000028c20557e50 Thread added: 0x0000028c209dafb0
Event: 27.342 Thread 0x0000028c20557e50 Thread added: 0x0000028c209ddb90


Dynamic libraries:
0x00007ff669b80000 - 0x00007ff669b90000 	C:\Program Files\Java\jdk-24\bin\java.exe
0x00007ff9f5930000 - 0x00007ff9f5b28000 	C:\WINDOWS\SYSTEM32\ntdll.dll
0x00007ff9f5400000 - 0x00007ff9f54c2000 	C:\WINDOWS\System32\KERNEL32.DLL
0x00007ff9f3130000 - 0x00007ff9f3426000 	C:\WINDOWS\System32\KERNELBASE.dll
0x00007ff9f3820000 - 0x00007ff9f3920000 	C:\WINDOWS\System32\ucrtbase.dll
0x00007ff9e7370000 - 0x00007ff9e738b000 	C:\Program Files\Java\jdk-24\bin\VCRUNTIME140.dll
0x00007ff9ee820000 - 0x00007ff9ee836000 	C:\Program Files\Java\jdk-24\bin\jli.dll
0x00007ff9f3f40000 - 0x00007ff9f40e1000 	C:\WINDOWS\System32\USER32.dll
0x00007ff9e4da0000 - 0x00007ff9e503b000 	C:\WINDOWS\WinSxS\amd64_microsoft.windows.common-controls_6595b64144ccf1df_6.0.19041.6456_none_60b8a6cb71f64256\COMCTL32.dll
0x00007ff9f3100000 - 0x00007ff9f3122000 	C:\WINDOWS\System32\win32u.dll
0x00007ff9f5820000 - 0x00007ff9f58be000 	C:\WINDOWS\System32\msvcrt.dll
0x00007ff9f47c0000 - 0x00007ff9f47eb000 	C:\WINDOWS\System32\GDI32.dll
0x00007ff9f2f90000 - 0x00007ff9f30a9000 	C:\WINDOWS\System32\gdi32full.dll
0x00007ff9f3590000 - 0x00007ff9f362d000 	C:\WINDOWS\System32\msvcp_win.dll
0x00007ff9f3f10000 - 0x00007ff9f3f3f000 	C:\WINDOWS\System32\IMM32.DLL
0x00007ff9e6a10000 - 0x00007ff9e6a1c000 	C:\Program Files\Java\jdk-24\bin\vcruntime140_1.dll
0x00007ff9d3370000 - 0x00007ff9d33fe000 	C:\Program Files\Java\jdk-24\bin\msvcp140.dll
0x00007ff9ae1f0000 - 0x00007ff9aef91000 	C:\Program Files\Java\jdk-24\bin\server\jvm.dll
0x00007ff9f3da0000 - 0x00007ff9f3e51000 	C:\WINDOWS\System32\ADVAPI32.dll
0x00007ff9f4800000 - 0x00007ff9f489f000 	C:\WINDOWS\System32\sechost.dll
0x00007ff9f3c10000 - 0x00007ff9f3d30000 	C:\WINDOWS\System32\RPCRT4.dll
0x00007ff9f3560000 - 0x00007ff9f3587000 	C:\WINDOWS\System32\bcrypt.dll
0x00007ff9f4210000 - 0x00007ff9f427b000 	C:\WINDOWS\System32\WS2_32.dll
0x00007ff9ecd10000 - 0x00007ff9ecd1a000 	C:\WINDOWS\SYSTEM32\VERSION.dll
0x00007ff9e0140000 - 0x00007ff9e0167000 	C:\WINDOWS\SYSTEM32\WINMM.dll
0x00007ff9f2df0000 - 0x00007ff9f2e3b000 	C:\WINDOWS\SYSTEM32\POWRPROF.dll
0x00007ff9f2dd0000 - 0x00007ff9f2de2000 	C:\WINDOWS\SYSTEM32\UMPDC.dll
0x00007ff9f0dc0000 - 0x00007ff9f0dd2000 	C:\WINDOWS\SYSTEM32\kernel.appcore.dll
0x00007ff9e66a0000 - 0x00007ff9e66aa000 	C:\Program Files\Java\jdk-24\bin\jimage.dll
0x00007ff9df840000 - 0x00007ff9dfa41000 	C:\WINDOWS\SYSTEM32\DBGHELP.DLL
0x00007ff9dd350000 - 0x00007ff9dd384000 	C:\WINDOWS\SYSTEM32\dbgcore.DLL
0x00007ff9f3630000 - 0x00007ff9f36b2000 	C:\WINDOWS\System32\bcryptPrimitives.dll
0x00007ff9ee8a0000 - 0x00007ff9ee8af000 	C:\Program Files\Java\jdk-24\bin\instrument.dll
0x00007ff9e26e0000 - 0x00007ff9e26fe000 	C:\Program Files\Java\jdk-24\bin\java.dll
0x00007ff9f3a30000 - 0x00007ff9f3b5b000 	C:\WINDOWS\System32\ole32.dll
0x00007ff9f50a0000 - 0x00007ff9f53f4000 	C:\WINDOWS\System32\combase.dll
0x00007ff9f4930000 - 0x00007ff9f50a0000 	C:\WINDOWS\System32\SHELL32.dll
0x00007ff9f0fc0000 - 0x00007ff9f1765000 	C:\WINDOWS\SYSTEM32\windows.storage.dll
0x00007ff9f28e0000 - 0x00007ff9f290b000 	C:\WINDOWS\SYSTEM32\Wldp.dll
0x00007ff9f46f0000 - 0x00007ff9f47bd000 	C:\WINDOWS\System32\OLEAUT32.dll
0x00007ff9f3920000 - 0x00007ff9f39cd000 	C:\WINDOWS\System32\SHCORE.dll
0x00007ff9f57c0000 - 0x00007ff9f581b000 	C:\WINDOWS\System32\shlwapi.dll
0x00007ff9f2ec0000 - 0x00007ff9f2ee4000 	C:\WINDOWS\SYSTEM32\profapi.dll
0x00007ff9c1f20000 - 0x00007ff9c1ff7000 	C:\Program Files\Java\jdk-24\bin\jsvml.dll
0x00007ff9df2d0000 - 0x00007ff9df2e7000 	C:\Program Files\Java\jdk-24\bin\zip.dll
0x00007ff9e6690000 - 0x00007ff9e66a0000 	C:\Program Files\Java\jdk-24\bin\net.dll
0x00007ff9f25f0000 - 0x00007ff9f265a000 	C:\WINDOWS\system32\mswsock.dll
0x00007ff9e1980000 - 0x00007ff9e1996000 	C:\Program Files\Java\jdk-24\bin\nio.dll
0x00007ff9e5210000 - 0x00007ff9e5219000 	C:\Program Files\Java\jdk-24\bin\extnet.dll
0x00007ff9f27b0000 - 0x00007ff9f27c8000 	C:\WINDOWS\SYSTEM32\CRYPTSP.dll
0x00007ff9f1f20000 - 0x00007ff9f1f58000 	C:\WINDOWS\system32\rsaenh.dll
0x00007ff9f2e40000 - 0x00007ff9f2e6e000 	C:\WINDOWS\SYSTEM32\USERENV.dll
0x00007ff9f27d0000 - 0x00007ff9f27dc000 	C:\WINDOWS\SYSTEM32\CRYPTBASE.dll
0x00007ff9f22f0000 - 0x00007ff9f232b000 	C:\WINDOWS\SYSTEM32\IPHLPAPI.DLL
0x00007ff9f3e60000 - 0x00007ff9f3e68000 	C:\WINDOWS\System32\NSI.dll
0x00007ff9e73a0000 - 0x00007ff9e73ae000 	C:\Program Files\Java\jdk-24\bin\sunmscapi.dll
0x00007ff9f36c0000 - 0x00007ff9f381d000 	C:\WINDOWS\System32\CRYPT32.dll
0x00007ff9f2950000 - 0x00007ff9f2977000 	C:\WINDOWS\SYSTEM32\ncrypt.dll
0x00007ff9f2910000 - 0x00007ff9f294b000 	C:\WINDOWS\SYSTEM32\NTASN1.dll
0x00007ff9e7390000 - 0x00007ff9e739a000 	C:\Program Files\Java\jdk-24\bin\management.dll
0x00007ff9e2fe0000 - 0x00007ff9e2feb000 	C:\Program Files\Java\jdk-24\bin\management_ext.dll
0x00007ff9f47f0000 - 0x00007ff9f47f8000 	C:\WINDOWS\System32\PSAPI.DLL
0x00007ff9e46e0000 - 0x00007ff9e46f0000 	C:\Program Files\Java\jdk-24\bin\verify.dll
0x00007ff9d5470000 - 0x00007ff9d5477000 	C:\WINDOWS\system32\wshunix.dll
0x00007ff9f2330000 - 0x00007ff9f23fa000 	C:\WINDOWS\SYSTEM32\DNSAPI.dll
0x00007ff9e9e60000 - 0x00007ff9e9e6a000 	C:\Windows\System32\rasadhlp.dll
0x00007ff9eb040000 - 0x00007ff9eb0c0000 	C:\WINDOWS\System32\fwpuclnt.dll
0x00007ff9e4490000 - 0x00007ff9e4682000 	C:\WINDOWS\system32\urlmon.dll
0x00007ff9f2450000 - 0x00007ff9f245c000 	C:\WINDOWS\SYSTEM32\netutils.dll
0x00007ff9e4800000 - 0x00007ff9e4abf000 	C:\WINDOWS\SYSTEM32\iertutil.dll
0x00007ff9e5c20000 - 0x00007ff9e5c48000 	C:\WINDOWS\SYSTEM32\srvcli.dll

JVMTI agents:
C:\Program Files\JetBrains\IntelliJ IDEA Community Edition 2025.2.4\lib\idea_rt.jar path:C:\Program Files\Java\jdk-24\bin\instrument.dll, loaded, initialized, instrumentlib options:59009

dbghelp: loaded successfully - version: 4.0.5 - missing functions: none
symbol engine: initialized successfully - sym options: 0x614 - pdb path: .;C:\Program Files\Java\jdk-24\bin;C:\WINDOWS\SYSTEM32;C:\WINDOWS\WinSxS\amd64_microsoft.windows.common-controls_6595b64144ccf1df_6.0.19041.6456_none_60b8a6cb71f64256;C:\Program Files\Java\jdk-24\bin\server

VM Arguments:
jvm_args: -javaagent:C:\Program Files\JetBrains\IntelliJ IDEA Community Edition 2025.2.4\lib\idea_rt.jar=59009 -Dfile.encoding=UTF-8 -Dsun.stdout.encoding=UTF-8 -Dsun.stderr.encoding=UTF-8 
java_command: com.kefir.logistics.launcher_service.LauncherServiceApplication
java_class_path (initial): C:\Users\2oleg\Downloads\Telegram Desktop\Kefir\Backend\launcher-service\target\classes;C:\Users\2oleg\.m2\repository\org\springframework\boot\spring-boot-starter-web\3.1.5\spring-boot-starter-web-3.1.5.jar;C:\Users\2oleg\.m2\repository\org\springframework\boot\spring-boot-starter\3.1.5\spring-boot-starter-3.1.5.jar;C:\Users\2oleg\.m2\repository\org\springframework\boot\spring-boot\3.1.5\spring-boot-3.1.5.jar;C:\Users\2oleg\.m2\repository\org\springframework\boot\spring-boot-autoconfigure\3.1.5\spring-boot-autoconfigure-3.1.5.jar;C:\Users\2oleg\.m2\repository\org\springframework\boot\spring-boot-starter-logging\3.1.5\spring-boot-starter-logging-3.1.5.jar;C:\Users\2oleg\.m2\repository\ch\qos\logback\logback-classic\1.4.11\logback-classic-1.4.11.jar;C:\Users\2oleg\.m2\repository\ch\qos\logback\logback-core\1.4.11\logback-core-1.4.11.jar;C:\Users\2oleg\.m2\repository\org\apache\logging\log4j\log4j-to-slf4j\2.20.0\log4j-to-slf4j-2.20.0.jar;C:\Users\2oleg\.m2\repository\org\apache\logging\log4j\log4j-api\2.20.0\log4j-api-2.20.0.jar;C:\Users\2oleg\.m2\repository\org\slf4j\jul-to-slf4j\2.0.9\jul-to-slf4j-2.0.9.jar;C:\Users\2oleg\.m2\repository\jakarta\annotation\jakarta.annotation-api\2.1.1\jakarta.annotation-api-2.1.1.jar;C:\Users\2oleg\.m2\repository\org\yaml\snakeyaml\1.33\snakeyaml-1.33.jar;C:\Users\2oleg\.m2\repository\org\springframework\boot\spring-boot-starter-json\3.1.5\spring-boot-starter-json-3.1.5.jar;C:\Users\2oleg\.m2\repository\com\fasterxml\jackson\datatype\jackson-datatype-jdk8\2.15.3\jackson-datatype-jdk8-2.15.3.jar;C:\Users\2oleg\.m2\repository\com\fasterxml\jackson\module\jackson-module-parameter-names\2.15.3\jackson-module-parameter-names-2.15.3.jar;C:\Users\2oleg\.m2\repository\org\springframework\boot\spring-boot-starter-tomcat\3.1.5\spring-boot-starter-tomcat-3.1.5.jar;C:\Users\2oleg\.m2\repository\org\apache\tomcat\embed\tomcat-embed-core\10.1.15\tomcat-embed-core-10.1.15.jar;C:\Users\2oleg\.m2\repository\org\apache\tomcat\embed\tomcat-embed-websocket\10.1.15\tomcat-embed-websocket-10.1.15.jar;C:\Users\2oleg\.m2\repository\org\springframework\spring-web\6.0.13\spring-web-6.0.13.jar;C:\Users\2oleg\.m2\repository\org\springframework\spring-beans\6.0.13\spring-beans-6.0.13.jar;C:\Users\2oleg\.m2\repository\org\springframework\spring-webmvc\6.0.13\spring-webmvc-6.0.13.jar;C:\Users\2oleg\.m2\repository\org\springframework\spring-aop\6.0.13\spring-aop-6.0.13.jar;C:\Users\2oleg\.m2\repository\org\springframework\spring-context\6.0.13\spring-context-6.0.13.jar;C:\Users\2oleg\.m2\repository\org\springframework\spring-expression\6.0.13\spring-expression-6.0.13.jar;C:\Users\2oleg\.m2\repository\org\springframework\boot\spring-boot-starter-actuator\3.1.5\spring-boot-starter-actuator-3.1.5.jar;C:\Users\2oleg\.m2\repository\org\springframework\boot\spring-boot-actuator-autoconfigure\3.1.5\spring-boot-actuator-autoconfigure-3.1.5.jar;C:\Users\2oleg\.m2\repository\org\springframework\boot\spring-boot-actuator\3.1.5\spring-boot-actuator-3.1.5.jar;C:\Users\2oleg\.m2\repository\io\micrometer\micrometer-observation\1.11.5\micrometer-observation-1.11.5.jar;C:\Users\2oleg\.m2\repository\io\micrometer\micrometer-commons\1.11.5\micrometer-commons-1.11.5.jar;C:\Users\2oleg\.m2\repository\io\micrometer\micrometer-core\1.11.5\micrometer-core-1.11.5.jar;C:\Users\2oleg\.m2\repository\org\hdrhistogram\HdrHistogram\2.1.12\HdrHistogram-2.1.12.jar;C:\Users\2oleg\.m2\repository\org\latencyutils\LatencyUtils\2.0.3\LatencyUtils-2.0.3.jar;C:\Users\2oleg\.m2\repository\org\springframework\boot\spring-boot-starter-data-jpa\3.1.5\spring-boot-starter-data-jpa-3.1.5.jar;C:\Users\2oleg\.m2\repository\org\springframework\boot\spring-boot-starter-aop\3.1.5\spring-boot-starter-aop-3.1.5.jar;C:\Users\2oleg\.m2\repository\org\aspectj\aspectjweaver\1.9.20\aspectjweaver-1.9.20.jar;C:\Users\2oleg\.m2\repository\org\springframework\boot\spring-boot-starter-jdbc\3.1.5\spring-boot-starter-jdbc-3.1.5.jar;C:\Users\2oleg\.m2\repository\com\zaxxer\HikariCP\5.0.1\HikariCP-5.0.1.jar;C:\Users\2oleg\.m2\repository\org\springframework\spring-jdbc\6.0.13\spring-jdbc-6.0.13.jar;C:\Users\2oleg\.m2\repository\org\hibernate\orm\hibernate-core\6.2.13.Final\hibernate-core-6.2.13.Final.jar;C:\Users\2oleg\.m2\repository\jakarta\persistence\jakarta.persistence-api\3.1.0\jakarta.persistence-api-3.1.0.jar;C:\Users\2oleg\.m2\repository\jakarta\transaction\jakarta.transaction-api\2.0.1\jakarta.transaction-api-2.0.1.jar;C:\Users\2oleg\.m2\repository\org\jboss\logging\jboss-logging\3.5.3.Final\jboss-logging-3.5.3.Final.jar;C:\Users\2oleg\.m2\repository\org\hibernate\common\hibernate-commons-annotations\6.0.6.Final\hibernate-commons-annotations-6.0.6.Final.jar;C:\Users\2oleg\.m2\repository\io\smallrye\jandex\3.0.5\jandex-3.0.5.jar;C:\Users\2oleg\.m2\repository\com\fasterxml\classmate\1.5.1\classmate-1.5.1.jar;C:\Users\2oleg\.m2\repository\net\bytebuddy\byte-buddy\1.14.9\byte-buddy-1.14.9.jar;C:\Users\2oleg\.m2\repository\org\glassfish\jaxb\jaxb-runtime\4.0.3\jaxb-runtime-4.0.3.jar;C:\Users\2oleg\.m2\repository\org\glassfish\jaxb\jaxb-core\4.0.3\jaxb-core-4.0.3.jar;C:\Users\2oleg\.m2\repository\org\eclipse\angus\angus-activation\2.0.1\angus-activation-2.0.1.jar;C:\Users\2oleg\.m2\repository\org\glassfish\jaxb\txw2\4.0.3\txw2-4.0.3.jar;C:\Users\2oleg\.m2\repository\com\sun\istack\istack-commons-runtime\4.1.2\istack-commons-runtime-4.1.2.jar;C:\Users\2oleg\.m2\repository\jakarta\inject\jakarta.inject-api\2.0.1\jakarta.inject-api-2.0.1.jar;C:\Users\2oleg\.m2\repository\org\antlr\antlr4-runtime\4.10.1\antlr4-runtime-4.10.1.jar;C:\Users\2oleg\.m2\repository\org\springframework\data\spring-data-jpa\3.1.5\spring-data-jpa-3.1.5.jar;C:\Users\2oleg\.m2\repository\org\springframework\data\spring-data-commons\3.1.5\spring-data-commons-3.1.5.jar;C:\Users\2oleg\.m2\repository\org\springframework\spring-orm\6.0.13\spring-orm-6.0.13.jar;C:\Users\2oleg\.m2\repository\org\springframework\spring-tx\6.0.13\spring-tx-6.0.13.jar;C:\Users\2oleg\.m2\repository\org\springframework\spring-aspects\6.0.13\spring-aspects-6.0.13.jar;C:\Users\2oleg\.m2\repository\org\springframework\boot\spring-boot-starter-validation\3.1.5\spring-boot-starter-validation-3.1.5.jar;C:\Users\2oleg\.m2\repository\org\apache\tomcat\embed\tomcat-embed-el\10.1.15\tomcat-embed-el-10.1.15.jar;C:\Users\2oleg\.m2\repository\org\hibernate\validator\hibernate-validator\8.0.1.Final\hibernate-validator-8.0.1.Final.jar;C:\Users\2oleg\.m2\repository\jakarta\validation\jakarta.validation-api\3.0.2\jakarta.validation-api-3.0.2.jar;C:\Users\2oleg\.m2\repository\org\springframework\boot\spring-boot-configuration-processor\3.1.5\spring-boot-configuration-processor-3.1.5.jar;C:\Users\2oleg\.m2\repository\com\h2database\h2\2.1.214\h2-2.1.214.jar;C:\Users\2oleg\.m2\repository\org\springdoc\springdoc-openapi-starter-webmvc-ui\2.2.0\springdoc-openapi-starter-webmvc-ui-2.2.0.jar;C:\Users\2oleg\.m2\repository\org\springdoc\springdoc-openapi-starter-webmvc-api\2.2.0\springdoc-openapi-starter-webmvc-api-2.2.0.jar;C:\Users\2oleg\.m2\repository\org\springdoc\springdoc-openapi-starter-common\2.2.0\springdoc-openapi-starter-common-2.2.0.jar;C:\Users\2oleg\.m2\repository\io\swagger\core\v3\swagger-core-jakarta\2.2.15\swagger-core-jakarta-2.2.15.jar;C:\Users\2oleg\.m2\repository\org\apache\commons\commons-lang3\3.12.0\commons-lang3-3.12.0.jar;C:\Users\2oleg\.m2\repository\io\swagger\core\v3\swagger-annotations-jakarta\2.2.15\swagger-annotations-jakarta-2.2.15.jar;C:\Users\2oleg\.m2\repository\io\swagger\core\v3\swagger-models-jakarta\2.2.15\swagger-models-jakarta-2.2.15.jar;C:\Users\2oleg\.m2\repository\com\fasterxml\jackson\dataformat\jackson-dataformat-yaml\2.15.3\jackson-dataformat-yaml-2.15.3.jar;C:\Users\2oleg\.m2\repository\org\webjars\swagger-ui\5.2.0\swagger-ui-5.2.0.jar;C:\Users\2oleg\.m2\repository\com\fasterxml\jackson\core\jackson-databind\2.15.3\jackson-databind-2.15.3.jar;C:\Users\2oleg\.m2\repository\com\fasterxml\jackson\core\jackson-annotations\2.15.3\jackson-annotations-2.15.3.jar;C:\Users\2oleg\.m2\repository\com\fasterxml\jackson\core\jackson-core\2.15.3\jackson-core-2.15.3.jar;C:\Users\2oleg\.m2\repository\com\fasterxml\jackson\datatype\jackson-datatype-jsr310\2.15.3\jackson-datatype-jsr310-2.15.3.jar;C:\Users\2oleg\.m2\repository\org\slf4j\slf4j-api\2.0.9\slf4j-api-2.0.9.jar;C:\Users\2oleg\.m2\repository\jakarta\xml\bind\jakarta.xml.bind-api\4.0.1\jakarta.xml.bind-api-4.0.1.jar;C:\Users\2oleg\.m2\repository\jakarta\activation\jakarta.activation-api\2.1.2\jakarta.activation-api-2.1.2.jar;C:\Users\2oleg\.m2\repository\org\springframework\spring-core\6.0.13\spring-core-6.0.13.jar;C:\Users\2oleg\.m2\repository\org\springframework\spring-jcl\6.0.13\spring-jcl-6.0.13.jar
Launcher Type: SUN_STANDARD

[Global flags]
     intx CICompilerCount                          = 4                                         {product} {ergonomic}
     uint ConcGCThreads                            = 2                                         {product} {ergonomic}
     uint G1ConcRefinementThreads                  = 8                                         {product} {ergonomic}
   size_t G1HeapRegionSize                         = 2097152                                   {product} {ergonomic}
   size_t InitialHeapSize                          = 192937984                                 {product} {ergonomic}
   size_t MarkStackSize                            = 4194304                                   {product} {ergonomic}
   size_t MarkStackSizeMax                         = 536870912                                 {product} {ergonomic}
   size_t MaxHeapSize                              = 3074424832                                {product} {ergonomic}
   size_t MaxNewSize                               = 1843396608                                {product} {ergonomic}
   size_t MinHeapDeltaBytes                        = 2097152                                   {product} {ergonomic}
   size_t MinHeapSize                              = 8388608                                   {product} {ergonomic}
    uintx NonNMethodCodeHeapSize                   = 5832704                                {pd product} {ergonomic}
    uintx NonProfiledCodeHeapSize                  = 122945536                              {pd product} {ergonomic}
    uintx ProfiledCodeHeapSize                     = 122880000                              {pd product} {ergonomic}
    uintx ReservedCodeCacheSize                    = 251658240                              {pd product} {ergonomic}
     bool SegmentedCodeCache                       = true                                      {product} {ergonomic}
   size_t SoftMaxHeapSize                          = 3074424832                             {manageable} {ergonomic}
     bool UseCompressedOops                        = true                           {product lp64_product} {ergonomic}
     bool UseG1GC                                  = true                                      {product} {ergonomic}
     bool UseLargePagesIndividualAllocation        = false                                  {pd product} {ergonomic}

Logging:
Log output configuration:
 #0: stdout all=warning uptime,level,tags foldmultilines=false
 #1: stderr all=off uptime,level,tags foldmultilines=false

Environment Variables:
JAVA_HOME=C:\Program Files\Java\jdk-21
PATH=C:\Program Files\Common Files\Oracle\Java\javapath;C:\Program Files (x86)\Cuminas\Document Express DjVu Plug-in\;C:\Program Files (x86)\Razer Chroma SDK\bin;C:\Program Files\Razer Chroma SDK\bin;C:\WINDOWS\system32;C:\WINDOWS;C:\WINDOWS\System32\Wbem;C:\WINDOWS\System32\WindowsPowerShell\v1.0\;C:\WINDOWS\System32\OpenSSH\;C:\Program Files (x86)\NVIDIA Corporation\PhysX\Common;C:\WINDOWS\system32\config\systemprofile\AppData\Local\Microsoft\WindowsApps;C:\Program Files (x86)\Razer\ChromaBroadcast\bin;C:\Program Files\Razer\ChromaBroadcast\bin;C:\Users\2oleg\AppData\Local\Microsoft\WindowsApps;C:\Program Files\JetBrains\IntelliJ IDEA Community Edition 2024.3\bin;C:\Users\2oleg\AppData\Local\Programs\Microsoft VS Code\bin;C:\Program Files\Docker\Docker\resources\bin;C:\Users\2oleg\Downloads\curl-8.16.0_6-win64-mingw.zip\curl-8.16.0_6-win64-mingw\bin;C:\Users\2oleg\Downloads\curl-8.16.0_6-win64-mingw\curl-8.16.0_6-win64-mingw\bin;C:\Users\2oleg\Downloads\apache-maven-3.9.11-bin\apache-maven-3.9.11\bin;C:\ProgramData\chocolatey\bin;C:\Users\2oleg\AppData\Roaming\Cloud Foundry;C:\Program Files\Git\cmd;C:\Program Files\nodejs\;C:\Users\2oleg\AppData\Local\Muse Hub\lib;C:\Users\2oleg\AppData\Local\Microsoft\WindowsApps;C:\Program Files\JetBrains\IntelliJ IDEA Community Edition 2025.2.4\bin;C:\Users\2oleg\AppData\Local\Programs\Microsoft VS Code\bin;C:\Program Files\jq.exe;C:\Users\2oleg\AppData\Local\Microsoft\WinGet\Packages\jqlang.jq_Microsoft.Winget.Source_8wekyb3d8bbwe;C:\Program Files\Java\jdk-24;C:\Users\2oleg\Downloads\gradle-9.0.0-bin\gradle-9.0.0\bin;C:\Program Files\Docker\Docker\resources\bin;C:\Users\2oleg\AppData\Local\GitHubDesktop\bin;C:\Users\2oleg\AppData\Roaming\npm
USERNAME=2oleg
OS=Windows_NT
PROCESSOR_IDENTIFIER=Intel64 Family 6 Model 60 Stepping 3, GenuineIntel
TMP=C:\Users\2oleg\AppData\Local\Temp
TEMP=C:\Users\2oleg\AppData\Local\Temp




Periodic native trim disabled

---------------  S Y S T E M  ---------------

OS:
 Windows 10 , 64 bit Build 19041 (10.0.19041.5915)
OS uptime: 13 days 9:54 hours
Hyper-V role detected

CPU: total 8 (initial active 8) (4 cores per cpu, 2 threads per core) family 6 model 60 stepping 3 microcode 0x27, cx8, cmov, fxsr, ht, mmx, sse, sse2, sse3, ssse3, sse4.1, sse4.2, popcnt, lzcnt, tsc, tscinvbit, avx, avx2, aes, erms, clmul, bmi1, bmi2, fma, vzeroupper, clflush, hv, rdtscp, f16c
Processor Information for the first 8 processors :
  Max Mhz: 2401, Current Mhz: 2401, Mhz Limit: 2401

Memory: 4k page, system-wide physical 11723M (787M free)
TotalPageFile size 23723M (AvailPageFile size 2M)
current process WorkingSet (physical memory assigned to process): 231M, peak: 266M
current process commit charge ("private bytes"): 269M, peak: 330M

vm_info: Java HotSpot(TM) 64-Bit Server VM (24.0.2+12-54) for windows-amd64 JRE (24.0.2+12-54), built on 2025-07-08T12:10:27Z with MS VC++ 17.6 (VS2022)

END.
