#
# There is insufficient memory for the Java Runtime Environment to continue.
# Native memory allocation (malloc) failed to allocate 594896 bytes. Error detail: Chunk::new
# Possible reasons:
#   The system is out of physical RAM or swap space
#   This process is running with CompressedOops enabled, and the Java Heap may be blocking the growth of the native heap
# Possible solutions:
#   Reduce memory load on the system
#   Increase physical memory or swap space
#   Check if swap backing store is full
#   Decrease Java heap size (-Xmx/-Xms)
#   Decrease number of Java threads
#   Decrease Java thread stack sizes (-Xss)
#   Set larger code cache with -XX:ReservedCodeCacheSize=
#   JVM is running with Zero Based Compressed Oops mode in which the Java heap is
#     placed in the first 32GB address space. The Java Heap base address is the
#     maximum limit for the native heap growth. Please use -XX:HeapBaseMinAddress
#     to set the Java Heap base and to place the Java Heap above 32GB virtual address.
# This output file may be truncated or incomplete.
#
#  Out of Memory Error (arena.cpp:162), pid=25124, tid=9656
#
# JRE version: Java(TM) SE Runtime Environment (24.0.2+12) (build 24.0.2+12-54)
# Java VM: Java HotSpot(TM) 64-Bit Server VM (24.0.2+12-54, mixed mode, sharing, tiered, compressed oops, compressed class ptrs, g1 gc, windows-amd64)
# No core dump will be written. Minidumps are not enabled by default on client versions of Windows
#

---------------  S U M M A R Y ------------

Command Line: -javaagent:C:\Program Files\JetBrains\IntelliJ IDEA Community Edition 2025.2.4\lib\idea_rt.jar=50129 -Dfile.encoding=UTF-8 -Dsun.stdout.encoding=UTF-8 -Dsun.stderr.encoding=UTF-8 com.kefir.logistics.launcher_service.LauncherServiceApplication

Host: Intel(R) Core(TM) i7-4700HQ CPU @ 2.40GHz, 8 cores, 11G,  Windows 10 , 64 bit Build 19041 (10.0.19041.5915)
Time: Sat Dec 13 01:39:08 2025 elapsed time: 982.658869 seconds (0d 0h 16m 22s)

---------------  T H R E A D  ---------------

Current thread (0x0000018d7f792830):  JavaThread "C2 CompilerThread0" daemon [_thread_in_native, id=9656, stack(0x0000007702700000,0x0000007702800000) (1024K)]


Current CompileTask:
C2:982659 8334       4       jdk.internal.ref.PhantomCleanable::clean (20 bytes)

Stack: [0x0000007702700000,0x0000007702800000]
Native frames: (J=compiled Java code, j=interpreted, Vv=VM code, C=native code)
V  [jvm.dll+0x730829]  (no source info available)
V  [jvm.dll+0x8d9da3]  (no source info available)
V  [jvm.dll+0x8dc28d]  (no source info available)
V  [jvm.dll+0x8dc903]  (no source info available)
V  [jvm.dll+0x2a9f56]  (no source info available)
V  [jvm.dll+0xced7f]  (no source info available)
V  [jvm.dll+0xcefdf]  (no source info available)
V  [jvm.dll+0x154c83]  (no source info available)
V  [jvm.dll+0x73604f]  (no source info available)
V  [jvm.dll+0x26f8dc]  (no source info available)
V  [jvm.dll+0x26e8ff]  (no source info available)
V  [jvm.dll+0x1e9c90]  (no source info available)
V  [jvm.dll+0x27e0cb]  (no source info available)
V  [jvm.dll+0x27c36a]  (no source info available)
V  [jvm.dll+0x42f396]  (no source info available)
V  [jvm.dll+0x87d9eb]  (no source info available)
V  [jvm.dll+0x72ef45]  (no source info available)
C  [ucrtbase.dll+0x21bb2]  (no source info available)
C  [KERNEL32.DLL+0x17374]  (no source info available)
C  [ntdll.dll+0x4cc91]  (no source info available)

Lock stack of current Java thread (top to bottom):


---------------  P R O C E S S  ---------------

Threads class SMR info:
_java_thread_list=0x0000018d48c87340, length=145, elements={
0x0000018d7f785da0, 0x0000018d7f78a870, 0x0000018d7f78b820, 0x0000018d7f78e360,
0x0000018d7f78ee90, 0x0000018d7f78f9c0, 0x0000018d7f792830, 0x0000018d7f79f040,
0x0000018d4717ee20, 0x0000018d4734ab20, 0x0000018d480ae1b0, 0x0000018d4761fa20,
0x0000018d4967b990, 0x0000018d4967de20, 0x0000018d49678660, 0x0000018d4967e570,
0x0000018d4967c0e0, 0x0000018d49679c50, 0x0000018d4967aaf0, 0x0000018d47fd31f0,
0x0000018d4883c3e0, 0x0000018d48838960, 0x0000018d4883a6a0, 0x0000018d488364d0,
0x0000018d4883d280, 0x0000018d48837370, 0x0000018d4883adf0, 0x0000018d48837ac0,
0x0000018d488390b0, 0x0000018d48838210, 0x0000018d48839f50, 0x0000018d48836c20,
0x0000018d4883b540, 0x0000018d4883bc90, 0x0000018d4883cb30, 0x0000018d4967c830,
0x0000018d499b0e00, 0x0000018d499acc30, 0x0000018d499ae220, 0x0000018d499b3290,
0x0000018d499b1ca0, 0x0000018d499adad0, 0x0000018d499ad380, 0x0000018d499af810,
0x0000018d499b2b40, 0x0000018d499af0c0, 0x0000018d499b23f0, 0x0000018d499aff60,
0x0000018d49678db0, 0x0000018d4883d9d0, 0x0000018d4881dc20, 0x0000018d4881f960,
0x0000018d4881e370, 0x0000018d488200b0, 0x0000018d48820800, 0x0000018d4881eac0,
0x0000018d4881d4d0, 0x0000018d4881f210, 0x0000018d48beab90, 0x0000018d48bef4b0,
0x0000018d48befc00, 0x0000018d48be9cf0, 0x0000018d48beed60, 0x0000018d48bec8d0,
0x0000018d48beb2e0, 0x0000018d48bea440, 0x0000018d48bee610, 0x0000018d48bf0350,
0x0000018d48beba30, 0x0000018d48bedec0, 0x0000018d48bec180, 0x0000018d48bed020,
0x0000018d48bed770, 0x0000018d48bf0aa0, 0x0000018d4874c550, 0x0000018d487515c0,
0x0000018d4874d3f0, 0x0000018d48753300, 0x0000018d4874ffd0, 0x0000018d4874e290,
0x0000018d48750720, 0x0000018d48751d10, 0x0000018d48752460, 0x0000018d48753a50,
0x0000018d4874cca0, 0x0000018d48750e70, 0x0000018d4874e9e0, 0x0000018d4874f130,
0x0000018d4874f880, 0x0000018d496340c0, 0x0000018d49634810, 0x0000018d496356b0,
0x0000018d49632ad0, 0x0000018d49634f60, 0x0000018d49638290, 0x0000018d496389e0,
0x0000018d49639130, 0x0000018d49639880, 0x0000018d49637b40, 0x0000018d49633970,
0x0000018d49633220, 0x0000018d49636550, 0x0000018d49636ca0, 0x0000018d47fd2350,
0x0000018d4967a3a0, 0x0000018d4a458760, 0x0000018d4a459d50, 0x0000018d4a45d080,
0x0000018d4a45a4a0, 0x0000018d4a45b340, 0x0000018d4a45abf0, 0x0000018d4a45c1e0,
0x0000018d4a45c930, 0x0000018d4a456a20, 0x0000018d4a457170, 0x0000018d4a45df20,
0x0000018d4a459600, 0x0000018d4a4578c0, 0x0000018d4a458010, 0x0000018d4a458eb0,
0x0000018d49a7a630, 0x0000018d49a7ad80, 0x0000018d49a79ee0, 0x0000018d49a7b4d0,
0x0000018d49a7c370, 0x0000018d49a7d210, 0x0000018d49a7f6a0, 0x0000018d49a7d960,
0x0000018d49a79790, 0x0000018d49a80540, 0x0000018d49a7e0b0, 0x0000018d49a7e800,
0x0000018d49a7ef50, 0x0000018d4951c510, 0x0000018d4951a080, 0x0000018d4951e9a0,
0x0000018d4951f0f0, 0x0000018d49519930, 0x0000018d4951db00, 0x0000018d4951f840,
0x0000018d495191e0, 0x0000018d49518a90, 0x0000018d49521580, 0x0000018d4951bdc0,
0x0000018d4951af20
}

Java Threads: ( => current thread )
  0x0000018d7f785da0 JavaThread "Reference Handler"          daemon [_thread_blocked, id=22224, stack(0x0000007702100000,0x0000007702200000) (1024K)]
  0x0000018d7f78a870 JavaThread "Finalizer"                  daemon [_thread_blocked, id=23588, stack(0x0000007702200000,0x0000007702300000) (1024K)]
  0x0000018d7f78b820 JavaThread "Signal Dispatcher"          daemon [_thread_blocked, id=1048, stack(0x0000007702300000,0x0000007702400000) (1024K)]
  0x0000018d7f78e360 JavaThread "Attach Listener"            daemon [_thread_blocked, id=12496, stack(0x0000007702400000,0x0000007702500000) (1024K)]
  0x0000018d7f78ee90 JavaThread "Service Thread"             daemon [_thread_blocked, id=15792, stack(0x0000007702500000,0x0000007702600000) (1024K)]
  0x0000018d7f78f9c0 JavaThread "Monitor Deflation Thread"   daemon [_thread_blocked, id=27376, stack(0x0000007702600000,0x0000007702700000) (1024K)]
=>0x0000018d7f792830 JavaThread "C2 CompilerThread0"         daemon [_thread_in_native, id=9656, stack(0x0000007702700000,0x0000007702800000) (1024K)]
  0x0000018d7f79f040 JavaThread "C1 CompilerThread0"         daemon [_thread_in_native, id=4224, stack(0x0000007702800000,0x0000007702900000) (1024K)]
  0x0000018d4717ee20 JavaThread "Common-Cleaner"             daemon [_thread_blocked, id=24380, stack(0x0000007702a00000,0x0000007702b00000) (1024K)]
  0x0000018d4734ab20 JavaThread "Notification Thread"        daemon [_thread_in_vm, id=19140, stack(0x0000007702c00000,0x0000007702d00000) (1024K)]
  0x0000018d480ae1b0 JavaThread "MVStore background writer C:/Users/2oleg/Downloads/Telegram Desktop/Kefir/Backend/launcher-service/data/launcherdb.mv.db" daemon [_thread_blocked, id=15556, stack(0x0000007703600000,0x0000007703700000) (1024K)]
  0x0000018d4761fa20 JavaThread "HikariPool-1 housekeeper"   daemon [_thread_blocked, id=7284, stack(0x0000007703700000,0x0000007703800000) (1024K)]
  0x0000018d4967b990 JavaThread "H2-serialization"           daemon [_thread_blocked, id=23216, stack(0x0000007703900000,0x0000007703a00000) (1024K)]
  0x0000018d4967de20 JavaThread "H2-save"                    daemon [_thread_blocked, id=27640, stack(0x0000007703a00000,0x0000007703b00000) (1024K)]
  0x0000018d49678660 JavaThread "Catalina-utility-1"                [_thread_blocked, id=22052, stack(0x0000007703b00000,0x0000007703c00000) (1024K)]
  0x0000018d4967e570 JavaThread "Catalina-utility-2"                [_thread_blocked, id=5628, stack(0x0000007703c00000,0x0000007703d00000) (1024K)]
  0x0000018d4967c0e0 JavaThread "container-0"                       [_thread_blocked, id=21100, stack(0x0000007703d00000,0x0000007703e00000) (1024K)]
  0x0000018d49679c50 JavaThread "http-nio-8099-exec-1"       daemon [_thread_blocked, id=6392, stack(0x0000007703800000,0x0000007703900000) (1024K)]
  0x0000018d4967aaf0 JavaThread "http-nio-8099-exec-2"       daemon [_thread_blocked, id=20960, stack(0x0000007703f00000,0x0000007704000000) (1024K)]
  0x0000018d47fd31f0 JavaThread "http-nio-8099-exec-3"       daemon [_thread_blocked, id=22328, stack(0x0000007704000000,0x0000007704100000) (1024K)]
  0x0000018d4883c3e0 JavaThread "http-nio-8099-exec-4"       daemon [_thread_blocked, id=25832, stack(0x0000007704100000,0x0000007704200000) (1024K)]
  0x0000018d48838960 JavaThread "http-nio-8099-exec-5"       daemon [_thread_blocked, id=3440, stack(0x0000007704200000,0x0000007704300000) (1024K)]
  0x0000018d4883a6a0 JavaThread "http-nio-8099-exec-6"       daemon [_thread_blocked, id=25312, stack(0x0000007704300000,0x0000007704400000) (1024K)]
  0x0000018d488364d0 JavaThread "http-nio-8099-exec-7"       daemon [_thread_blocked, id=24956, stack(0x0000007704400000,0x0000007704500000) (1024K)]
  0x0000018d4883d280 JavaThread "http-nio-8099-exec-8"       daemon [_thread_blocked, id=13404, stack(0x0000007704500000,0x0000007704600000) (1024K)]
  0x0000018d48837370 JavaThread "http-nio-8099-exec-9"       daemon [_thread_blocked, id=872, stack(0x0000007704600000,0x0000007704700000) (1024K)]
  0x0000018d4883adf0 JavaThread "http-nio-8099-exec-10"      daemon [_thread_blocked, id=19108, stack(0x0000007704700000,0x0000007704800000) (1024K)]
  0x0000018d48837ac0 JavaThread "http-nio-8099-Poller"       daemon [_thread_in_native, id=5684, stack(0x0000007704800000,0x0000007704900000) (1024K)]
  0x0000018d488390b0 JavaThread "http-nio-8099-Acceptor"     daemon [_thread_in_native, id=27312, stack(0x0000007704900000,0x0000007704a00000) (1024K)]
  0x0000018d48838210 JavaThread "scheduling-1"                      [_thread_blocked, id=11212, stack(0x0000007704a00000,0x0000007704b00000) (1024K)]
  0x0000018d48839f50 JavaThread "Keep-Alive-Timer"           daemon [_thread_blocked, id=14312, stack(0x0000007704c00000,0x0000007704d00000) (1024K)]
  0x0000018d48836c20 JavaThread "DestroyJavaVM"                     [_thread_blocked, id=16292, stack(0x0000007701900000,0x0000007701a00000) (1024K)]
  0x0000018d4883b540 JavaThread "pool-2-thread-1"                   [_thread_blocked, id=24560, stack(0x0000007702900000,0x0000007702a00000) (1024K)]
  0x0000018d4883bc90 JavaThread "pool-2-thread-2"                   [_thread_in_native, id=18656, stack(0x0000007703e00000,0x0000007703f00000) (1024K)]
  0x0000018d4883cb30 JavaThread "pool-2-thread-3"                   [_thread_blocked, id=10244, stack(0x0000007704d00000,0x0000007704e00000) (1024K)]
  0x0000018d4967c830 JavaThread "pool-2-thread-5"                   [_thread_blocked, id=13728, stack(0x0000007704f00000,0x0000007705000000) (1024K)]
  0x0000018d499b0e00 JavaThread "pool-2-thread-6"                   [_thread_in_native, id=26648, stack(0x0000007705000000,0x0000007705100000) (1024K)]
  0x0000018d499acc30 JavaThread "pool-2-thread-7"                   [_thread_blocked, id=21644, stack(0x0000007705100000,0x0000007705200000) (1024K)]
  0x0000018d499ae220 JavaThread "pool-2-thread-9"                   [_thread_blocked, id=21372, stack(0x0000007705300000,0x0000007705400000) (1024K)]
  0x0000018d499b3290 JavaThread "pool-2-thread-10"                  [_thread_blocked, id=20780, stack(0x0000007705400000,0x0000007705500000) (1024K)]
  0x0000018d499b1ca0 JavaThread "pool-2-thread-11"                  [_thread_blocked, id=27772, stack(0x0000007705500000,0x0000007705600000) (1024K)]
  0x0000018d499adad0 JavaThread "pool-2-thread-12"                  [_thread_in_native, id=27856, stack(0x0000007705600000,0x0000007705700000) (1024K)]
  0x0000018d499ad380 JavaThread "pool-2-thread-13"                  [_thread_blocked, id=28316, stack(0x0000007705700000,0x0000007705800000) (1024K)]
  0x0000018d499af810 JavaThread "pool-2-thread-15"                  [_thread_blocked, id=28352, stack(0x0000007705900000,0x0000007705a00000) (1024K)]
  0x0000018d499b2b40 JavaThread "pool-2-thread-18"                  [_thread_blocked, id=22668, stack(0x0000007701600000,0x0000007701700000) (1024K)]
  0x0000018d499af0c0 JavaThread "pool-2-thread-19"                  [_thread_blocked, id=27732, stack(0x0000007701700000,0x0000007701800000) (1024K)]
  0x0000018d499b23f0 JavaThread "pool-2-thread-20"                  [_thread_blocked, id=13608, stack(0x0000007701800000,0x0000007701900000) (1024K)]
  0x0000018d499aff60 JavaThread "pool-2-thread-21"                  [_thread_blocked, id=24896, stack(0x0000007702d00000,0x0000007702e00000) (1024K)]
  0x0000018d49678db0 JavaThread "pool-2-thread-22"                  [_thread_in_native, id=26544, stack(0x0000007704e00000,0x0000007704f00000) (1024K)]
  0x0000018d4883d9d0 JavaThread "pool-2-thread-23"                  [_thread_blocked, id=11184, stack(0x0000007705200000,0x0000007705300000) (1024K)]
  0x0000018d4881dc20 JavaThread "pool-2-thread-24"                  [_thread_blocked, id=220, stack(0x0000007705800000,0x0000007705900000) (1024K)]
  0x0000018d4881f960 JavaThread "pool-2-thread-25"                  [_thread_in_native, id=17224, stack(0x0000007705a00000,0x0000007705b00000) (1024K)]
  0x0000018d4881e370 JavaThread "pool-2-thread-26"                  [_thread_blocked, id=27548, stack(0x0000007705b00000,0x0000007705c00000) (1024K)]
  0x0000018d488200b0 JavaThread "pool-2-thread-27"                  [_thread_blocked, id=22800, stack(0x0000007705c00000,0x0000007705d00000) (1024K)]
  0x0000018d48820800 JavaThread "pool-2-thread-28"                  [_thread_blocked, id=27980, stack(0x0000007705d00000,0x0000007705e00000) (1024K)]
  0x0000018d4881eac0 JavaThread "pool-2-thread-29"                  [_thread_blocked, id=27184, stack(0x0000007705e00000,0x0000007705f00000) (1024K)]
  0x0000018d4881d4d0 JavaThread "pool-2-thread-30"                  [_thread_blocked, id=7128, stack(0x0000007705f00000,0x0000007706000000) (1024K)]
  0x0000018d4881f210 JavaThread "pool-2-thread-31"                  [_thread_in_native, id=14920, stack(0x0000007706000000,0x0000007706100000) (1024K)]
  0x0000018d48beab90 JavaThread "pool-2-thread-32"                  [_thread_blocked, id=21340, stack(0x0000007706100000,0x0000007706200000) (1024K)]
  0x0000018d48bef4b0 JavaThread "pool-2-thread-33"                  [_thread_blocked, id=14844, stack(0x0000007706200000,0x0000007706300000) (1024K)]
  0x0000018d48befc00 JavaThread "pool-2-thread-34"                  [_thread_in_native, id=1392, stack(0x0000007706300000,0x0000007706400000) (1024K)]
  0x0000018d48be9cf0 JavaThread "pool-2-thread-35"                  [_thread_blocked, id=28220, stack(0x0000007706400000,0x0000007706500000) (1024K)]
  0x0000018d48beed60 JavaThread "pool-2-thread-36"                  [_thread_blocked, id=8876, stack(0x0000007706500000,0x0000007706600000) (1024K)]
  0x0000018d48bec8d0 JavaThread "pool-2-thread-37"                  [_thread_blocked, id=16196, stack(0x0000007706600000,0x0000007706700000) (1024K)]
  0x0000018d48beb2e0 JavaThread "pool-2-thread-38"                  [_thread_in_native, id=16380, stack(0x0000007706700000,0x0000007706800000) (1024K)]
  0x0000018d48bea440 JavaThread "pool-2-thread-39"                  [_thread_blocked, id=19920, stack(0x0000007706800000,0x0000007706900000) (1024K)]
  0x0000018d48bee610 JavaThread "pool-2-thread-40"                  [_thread_blocked, id=19416, stack(0x0000007706a00000,0x0000007706b00000) (1024K)]
  0x0000018d48bf0350 JavaThread "pool-2-thread-41"                  [_thread_in_native, id=9508, stack(0x0000007706b00000,0x0000007706c00000) (1024K)]
  0x0000018d48beba30 JavaThread "pool-2-thread-42"                  [_thread_blocked, id=29596, stack(0x0000007706c00000,0x0000007706d00000) (1024K)]
  0x0000018d48bedec0 JavaThread "pool-2-thread-43"                  [_thread_in_native, id=23712, stack(0x0000007706d00000,0x0000007706e00000) (1024K)]
  0x0000018d48bec180 JavaThread "pool-2-thread-44"                  [_thread_in_native, id=23716, stack(0x0000007706e00000,0x0000007706f00000) (1024K)]
  0x0000018d48bed020 JavaThread "pool-2-thread-45"                  [_thread_in_native, id=884, stack(0x0000007706f00000,0x0000007707000000) (1024K)]
  0x0000018d48bed770 JavaThread "pool-2-thread-46"                  [_thread_in_native, id=29288, stack(0x0000007707000000,0x0000007707100000) (1024K)]
  0x0000018d48bf0aa0 JavaThread "pool-2-thread-47"                  [_thread_in_native, id=29688, stack(0x0000007707100000,0x0000007707200000) (1024K)]
  0x0000018d4874c550 JavaThread "pool-2-thread-48"                  [_thread_blocked, id=7756, stack(0x0000007707200000,0x0000007707300000) (1024K)]
  0x0000018d487515c0 JavaThread "pool-2-thread-49"                  [_thread_in_native, id=16420, stack(0x0000007707300000,0x0000007707400000) (1024K)]
  0x0000018d4874d3f0 JavaThread "pool-2-thread-50"                  [_thread_in_native, id=1344, stack(0x0000007707400000,0x0000007707500000) (1024K)]
  0x0000018d48753300 JavaThread "pool-2-thread-51"                  [_thread_blocked, id=24348, stack(0x0000007707500000,0x0000007707600000) (1024K)]
  0x0000018d4874ffd0 JavaThread "pool-2-thread-52"                  [_thread_blocked, id=16776, stack(0x0000007707600000,0x0000007707700000) (1024K)]
  0x0000018d4874e290 JavaThread "pool-2-thread-53"                  [_thread_in_native, id=28008, stack(0x0000007707700000,0x0000007707800000) (1024K)]
  0x0000018d48750720 JavaThread "pool-2-thread-54"                  [_thread_blocked, id=21872, stack(0x0000007707800000,0x0000007707900000) (1024K)]
  0x0000018d48751d10 JavaThread "pool-2-thread-56"                  [_thread_blocked, id=26188, stack(0x0000007707a00000,0x0000007707b00000) (1024K)]
  0x0000018d48752460 JavaThread "pool-2-thread-57"                  [_thread_blocked, id=23292, stack(0x0000007707b00000,0x0000007707c00000) (1024K)]
  0x0000018d48753a50 JavaThread "pool-2-thread-58"                  [_thread_in_native, id=24940, stack(0x0000007707c00000,0x0000007707d00000) (1024K)]
  0x0000018d4874cca0 JavaThread "pool-2-thread-59"                  [_thread_in_native, id=13200, stack(0x0000007707d00000,0x0000007707e00000) (1024K)]
  0x0000018d48750e70 JavaThread "pool-2-thread-61"                  [_thread_blocked, id=3372, stack(0x0000007706900000,0x0000007706a00000) (1024K)]
  0x0000018d4874e9e0 JavaThread "pool-2-thread-62"                  [_thread_blocked, id=13616, stack(0x0000007707f00000,0x0000007708000000) (1024K)]
  0x0000018d4874f130 JavaThread "pool-2-thread-63"                  [_thread_blocked, id=19396, stack(0x0000007708000000,0x0000007708100000) (1024K)]
  0x0000018d4874f880 JavaThread "pool-2-thread-64"                  [_thread_in_native, id=28392, stack(0x0000007708100000,0x0000007708200000) (1024K)]
  0x0000018d496340c0 JavaThread "pool-2-thread-65"                  [_thread_in_native, id=26964, stack(0x0000007708200000,0x0000007708300000) (1024K)]
  0x0000018d49634810 JavaThread "pool-2-thread-66"                  [_thread_in_native, id=11740, stack(0x0000007708300000,0x0000007708400000) (1024K)]
  0x0000018d496356b0 JavaThread "pool-2-thread-67"                  [_thread_blocked, id=16252, stack(0x0000007708400000,0x0000007708500000) (1024K)]
  0x0000018d49632ad0 JavaThread "pool-2-thread-68"                  [_thread_in_native, id=9612, stack(0x0000007708500000,0x0000007708600000) (1024K)]
  0x0000018d49634f60 JavaThread "pool-2-thread-69"                  [_thread_in_native, id=28056, stack(0x0000007708600000,0x0000007708700000) (1024K)]
  0x0000018d49638290 JavaThread "pool-2-thread-70"                  [_thread_in_native, id=12804, stack(0x0000007708700000,0x0000007708800000) (1024K)]
  0x0000018d496389e0 JavaThread "pool-2-thread-71"                  [_thread_blocked, id=4660, stack(0x0000007702b00000,0x0000007702c00000) (1024K)]
  0x0000018d49639130 JavaThread "pool-2-thread-72"                  [_thread_in_native, id=17268, stack(0x0000007708800000,0x0000007708900000) (1024K)]
  0x0000018d49639880 JavaThread "pool-2-thread-73"                  [_thread_in_native, id=25288, stack(0x0000007708900000,0x0000007708a00000) (1024K)]
  0x0000018d49637b40 JavaThread "pool-2-thread-75"                  [_thread_in_native, id=28064, stack(0x0000007708b00000,0x0000007708c00000) (1024K)]
  0x0000018d49633970 JavaThread "pool-2-thread-76"                  [_thread_in_native, id=2496, stack(0x0000007708c00000,0x0000007708d00000) (1024K)]
  0x0000018d49633220 JavaThread "pool-2-thread-77"                  [_thread_blocked, id=11200, stack(0x0000007708d00000,0x0000007708e00000) (1024K)]
  0x0000018d49636550 JavaThread "pool-2-thread-80"                  [_thread_in_native, id=28896, stack(0x0000007709000000,0x0000007709100000) (1024K)]
  0x0000018d49636ca0 JavaThread "pool-2-thread-81"                  [_thread_in_native, id=27504, stack(0x0000007709100000,0x0000007709200000) (1024K)]
  0x0000018d47fd2350 JavaThread "pool-2-thread-82"                  [_thread_blocked, id=22500, stack(0x0000007709200000,0x0000007709300000) (1024K)]
  0x0000018d4967a3a0 JavaThread "pool-2-thread-83"                  [_thread_blocked, id=13028, stack(0x0000007709300000,0x0000007709400000) (1024K)]
  0x0000018d4a458760 JavaThread "pool-2-thread-85"                  [_thread_in_native, id=24452, stack(0x0000007709500000,0x0000007709600000) (1024K)]
  0x0000018d4a459d50 JavaThread "pool-2-thread-86"                  [_thread_in_native, id=16636, stack(0x0000007709600000,0x0000007709700000) (1024K)]
  0x0000018d4a45d080 JavaThread "pool-2-thread-88"                  [_thread_in_native, id=21368, stack(0x0000007709800000,0x0000007709900000) (1024K)]
  0x0000018d4a45a4a0 JavaThread "pool-2-thread-89"                  [_thread_in_native, id=27252, stack(0x0000007709900000,0x0000007709a00000) (1024K)]
  0x0000018d4a45b340 JavaThread "pool-2-thread-90"                  [_thread_blocked, id=8636, stack(0x0000007709a00000,0x0000007709b00000) (1024K)]
  0x0000018d4a45abf0 JavaThread "pool-2-thread-91"                  [_thread_in_native, id=28052, stack(0x0000007709b00000,0x0000007709c00000) (1024K)]
  0x0000018d4a45c1e0 JavaThread "pool-2-thread-92"                  [_thread_blocked, id=28780, stack(0x0000007709c00000,0x0000007709d00000) (1024K)]
  0x0000018d4a45c930 JavaThread "pool-2-thread-93"                  [_thread_in_native, id=1288, stack(0x0000007709d00000,0x0000007709e00000) (1024K)]
  0x0000018d4a456a20 JavaThread "pool-2-thread-94"                  [_thread_in_native, id=16484, stack(0x0000007709e00000,0x0000007709f00000) (1024K)]
  0x0000018d4a457170 JavaThread "pool-2-thread-95"                  [_thread_in_native, id=18360, stack(0x0000007709f00000,0x000000770a000000) (1024K)]
  0x0000018d4a45df20 JavaThread "pool-2-thread-96"                  [_thread_in_native, id=26240, stack(0x000000770a000000,0x000000770a100000) (1024K)]
  0x0000018d4a459600 JavaThread "pool-2-thread-97"                  [_thread_in_native, id=12916, stack(0x000000770a100000,0x000000770a200000) (1024K)]
  0x0000018d4a4578c0 JavaThread "pool-2-thread-98"                  [_thread_in_native, id=25920, stack(0x000000770a200000,0x000000770a300000) (1024K)]
  0x0000018d4a458010 JavaThread "pool-2-thread-99"                  [_thread_in_native, id=20236, stack(0x000000770a300000,0x000000770a400000) (1024K)]
  0x0000018d4a458eb0 JavaThread "pool-2-thread-100"                 [_thread_blocked, id=21392, stack(0x000000770a400000,0x000000770a500000) (1024K)]
  0x0000018d49a7a630 JavaThread "pool-2-thread-101"                 [_thread_in_native, id=10980, stack(0x000000770a500000,0x000000770a600000) (1024K)]
  0x0000018d49a7ad80 JavaThread "pool-2-thread-102"                 [_thread_blocked, id=20352, stack(0x000000770a600000,0x000000770a700000) (1024K)]
  0x0000018d49a79ee0 JavaThread "pool-2-thread-103"                 [_thread_in_native, id=31336, stack(0x000000770a700000,0x000000770a800000) (1024K)]
  0x0000018d49a7b4d0 JavaThread "pool-2-thread-104"                 [_thread_in_native, id=31404, stack(0x000000770a800000,0x000000770a900000) (1024K)]
  0x0000018d49a7c370 JavaThread "pool-2-thread-107"                 [_thread_in_native, id=32212, stack(0x000000770ab00000,0x000000770ac00000) (1024K)]
  0x0000018d49a7d210 JavaThread "pool-2-thread-109"                 [_thread_in_native, id=32332, stack(0x000000770ad00000,0x000000770ae00000) (1024K)]
  0x0000018d49a7f6a0 JavaThread "pool-2-thread-110"                 [_thread_blocked, id=11984, stack(0x000000770ae00000,0x000000770af00000) (1024K)]
  0x0000018d49a7d960 JavaThread "pool-2-thread-112"                 [_thread_in_native, id=17160, stack(0x000000770b000000,0x000000770b100000) (1024K)]
  0x0000018d49a79790 JavaThread "pool-2-thread-113"                 [_thread_blocked, id=27628, stack(0x000000770b100000,0x000000770b200000) (1024K)]
  0x0000018d49a80540 JavaThread "pool-2-thread-114"                 [_thread_in_native, id=31384, stack(0x000000770b200000,0x000000770b300000) (1024K)]
  0x0000018d49a7e0b0 JavaThread "pool-2-thread-115"                 [_thread_in_native, id=24592, stack(0x000000770b300000,0x000000770b400000) (1024K)]
  0x0000018d49a7e800 JavaThread "pool-2-thread-116"                 [_thread_blocked, id=28028, stack(0x000000770b400000,0x000000770b500000) (1024K)]
  0x0000018d49a7ef50 JavaThread "pool-2-thread-117"                 [_thread_blocked, id=32072, stack(0x000000770b500000,0x000000770b600000) (1024K)]
  0x0000018d4951c510 JavaThread "pool-2-thread-118"                 [_thread_in_native, id=3356, stack(0x000000770b600000,0x000000770b700000) (1024K)]
  0x0000018d4951a080 JavaThread "pool-2-thread-119"                 [_thread_blocked, id=29712, stack(0x000000770b700000,0x000000770b800000) (1024K)]
  0x0000018d4951e9a0 JavaThread "pool-2-thread-120"                 [_thread_in_native, id=10556, stack(0x000000770b800000,0x000000770b900000) (1024K)]
  0x0000018d4951f0f0 JavaThread "pool-2-thread-121"                 [_thread_in_native, id=24960, stack(0x000000770b900000,0x000000770ba00000) (1024K)]
  0x0000018d49519930 JavaThread "pool-2-thread-122"                 [_thread_in_native, id=10292, stack(0x000000770ba00000,0x000000770bb00000) (1024K)]
  0x0000018d4951db00 JavaThread "pool-2-thread-123"                 [_thread_in_native, id=22324, stack(0x000000770bb00000,0x000000770bc00000) (1024K)]
  0x0000018d4951f840 JavaThread "pool-2-thread-124"                 [_thread_blocked, id=26780, stack(0x000000770bc00000,0x000000770bd00000) (1024K)]
  0x0000018d495191e0 JavaThread "pool-2-thread-125"                 [_thread_in_native, id=19872, stack(0x000000770bd00000,0x000000770be00000) (1024K)]
  0x0000018d49518a90 JavaThread "pool-2-thread-126"                 [_thread_blocked, id=30584, stack(0x000000770be00000,0x000000770bf00000) (1024K)]
  0x0000018d49521580 JavaThread "pool-2-thread-127"                 [_thread_in_native, id=31804, stack(0x000000770bf00000,0x000000770c000000) (1024K)]
  0x0000018d4951bdc0 JavaThread "pool-2-thread-128"                 [_thread_blocked, id=14752, stack(0x000000770c000000,0x000000770c100000) (1024K)]
  0x0000018d4951af20 JavaThread "pool-2-thread-129"                 [_thread_in_native, id=28024, stack(0x000000770c100000,0x000000770c200000) (1024K)]
Total: 145

Other Threads:
  0x0000018d7f7787f0 VMThread "VM Thread"                           [id=19012, stack(0x0000007702000000,0x0000007702100000) (1024K)]
  0x0000018d7f6403e0 WatcherThread "VM Periodic Task Thread"        [id=25160, stack(0x0000007701f00000,0x0000007702000000) (1024K)]
  0x0000018d63744a80 WorkerThread "GC Thread#0"                     [id=1976, stack(0x0000007701a00000,0x0000007701b00000) (1024K)]
  0x0000018d47f81150 WorkerThread "GC Thread#1"                     [id=16532, stack(0x0000007702e00000,0x0000007702f00000) (1024K)]
  0x0000018d47d6f970 WorkerThread "GC Thread#2"                     [id=2944, stack(0x0000007702f00000,0x0000007703000000) (1024K)]
  0x0000018d481034a0 WorkerThread "GC Thread#3"                     [id=14148, stack(0x0000007703000000,0x0000007703100000) (1024K)]
  0x0000018d47fce820 WorkerThread "GC Thread#4"                     [id=24888, stack(0x0000007703100000,0x0000007703200000) (1024K)]
  0x0000018d47fcefe0 WorkerThread "GC Thread#5"                     [id=11280, stack(0x0000007703200000,0x0000007703300000) (1024K)]
  0x0000018d4816fad0 WorkerThread "GC Thread#6"                     [id=4612, stack(0x0000007703300000,0x0000007703400000) (1024K)]
  0x0000018d4816f370 WorkerThread "GC Thread#7"                     [id=23508, stack(0x0000007703400000,0x0000007703500000) (1024K)]
  0x0000018d63753ef0 ConcurrentGCThread "G1 Main Marker"            [id=11516, stack(0x0000007701b00000,0x0000007701c00000) (1024K)]
  0x0000018d63754ea0 WorkerThread "G1 Conc#0"                       [id=17932, stack(0x0000007701c00000,0x0000007701d00000) (1024K)]
  0x0000018d4816f720 WorkerThread "G1 Conc#1"                       [id=25916, stack(0x0000007703500000,0x0000007703600000) (1024K)]
  0x0000018d7f63b520 ConcurrentGCThread "G1 Refine#0"               [id=22036, stack(0x0000007701d00000,0x0000007701e00000) (1024K)]
  0x0000018d7f63beb0 ConcurrentGCThread "G1 Service"                [id=9588, stack(0x0000007701e00000,0x0000007701f00000) (1024K)]
Total: 15

Threads with active compile tasks:
C2 CompilerThread0  982844 8334       4       jdk.internal.ref.PhantomCleanable::clean (20 bytes)
C1 CompilerThread0  982844 8336       3       javax.management.openmbean.CompositeDataSupport::makeMap (155 bytes)
Total: 2

VM state: not at safepoint (normal execution)

VM Mutex/Monitor currently owned by a thread: None

Heap address: 0x0000000748c00000, size: 2932 MB, Compressed Oops mode: Zero based, Oop shift amount: 3

CDS archive(s) mapped at: [0x0000018d02000000-0x0000018d02d40000-0x0000018d02d40000), size 13893632, SharedBaseAddress: 0x0000018d02000000, ArchiveRelocationMode: 1.
Compressed class space mapped at: 0x0000018d03000000-0x0000018d43000000, reserved size: 1073741824
UseCompressedClassPointers 1, UseCompactObjectHeaders 0
Narrow klass pointer bits 32, Max shift 3
Narrow klass base: 0x0000018d02000000, Narrow klass shift: 0
Encoding Range: [0x0000018d02000000 - 0x0000018e02000000), (4294967296 bytes)
Klass Range:    [0x0000018d02000000 - 0x0000018d43000000), (1090519040 bytes)
Klass ID Range:  [8 - 1090519033) (1090519025)

GC Precious Log:
 CardTable entry size: 512
 Card Set container configuration: InlinePtr #cards 4 size 8 Array Of Cards #cards 16 size 48 Howl #buckets 8 coarsen threshold 3686 Howl Bitmap #cards 512 size 80 coarsen threshold 460 Card regions per heap region 1 cards per card region 4096
 CPUs: 8 total, 8 available
 Memory: 11723M
 Large Page Support: Disabled
 NUMA Support: Disabled
 Compressed Oops: Enabled (Zero based)
 Heap Region Size: 2M
 Heap Min Capacity: 8M
 Heap Initial Capacity: 184M
 Heap Max Capacity: 2932M
 Pre-touch: Disabled
 Parallel Workers: 8
 Concurrent Workers: 2
 Concurrent Refinement Workers: 8
 Periodic GC: Disabled

Heap:
 garbage-first heap   total reserved 3002368K, committed 67584K, used 36317K [0x0000000748c00000, 0x0000000800000000)
  region size 2048K, 3 young (6144K), 2 survivors (4096K)
 Metaspace       used 71188K, committed 71872K, reserved 1114112K
  class space    used 7534K, committed 7872K, reserved 1048576K

Heap Regions: E=young(eden), S=young(survivor), O=old, HS=humongous(starts), HC=humongous(continues), CS=collection set, F=free, TAMS=top-at-mark-start, PB=parsable bottom
|   0|0x0000000748c00000, 0x0000000748e00000, 0x0000000748e00000|100%| O|  |TAMS 0x0000000748c00000| PB 0x0000000748c00000| Untracked |  0
|   1|0x0000000748e00000, 0x0000000749000000, 0x0000000749000000|100%| O|  |TAMS 0x0000000748e00000| PB 0x0000000748e00000| Untracked |  0
|   2|0x0000000749000000, 0x0000000749200000, 0x0000000749200000|100%| O|  |TAMS 0x0000000749000000| PB 0x0000000749000000| Untracked |  0
|   3|0x0000000749200000, 0x0000000749400000, 0x0000000749400000|100%| O|  |TAMS 0x0000000749200000| PB 0x0000000749200000| Untracked |  0
|   4|0x0000000749400000, 0x0000000749600000, 0x0000000749600000|100%| O|  |TAMS 0x0000000749400000| PB 0x0000000749400000| Untracked |  0
|   5|0x0000000749600000, 0x0000000749800000, 0x0000000749800000|100%| O|  |TAMS 0x0000000749600000| PB 0x0000000749600000| Untracked |  0
|   6|0x0000000749800000, 0x0000000749800000, 0x0000000749a00000|  0%| F|  |TAMS 0x0000000749800000| PB 0x0000000749800000| Untracked |  0
|   7|0x0000000749a00000, 0x0000000749b32400, 0x0000000749c00000| 59%| O|  |TAMS 0x0000000749a00000| PB 0x0000000749a00000| Untracked |  0
|   8|0x0000000749c00000, 0x0000000749e00000, 0x0000000749e00000|100%| O|  |TAMS 0x0000000749c00000| PB 0x0000000749c00000| Untracked |  0
|   9|0x0000000749e00000, 0x000000074a000000, 0x000000074a000000|100%| O|  |TAMS 0x0000000749e00000| PB 0x0000000749e00000| Untracked |  0
|  10|0x000000074a000000, 0x000000074a200000, 0x000000074a200000|100%| O|  |TAMS 0x000000074a000000| PB 0x000000074a000000| Untracked |  0
|  11|0x000000074a200000, 0x000000074a400000, 0x000000074a400000|100%| O|  |TAMS 0x000000074a200000| PB 0x000000074a200000| Untracked |  0
|  12|0x000000074a400000, 0x000000074a600000, 0x000000074a600000|100%|HS|  |TAMS 0x000000074a400000| PB 0x000000074a400000| Complete |  0
|  13|0x000000074a600000, 0x000000074a800000, 0x000000074a800000|100%| O|  |TAMS 0x000000074a600000| PB 0x000000074a600000| Untracked |  0
|  14|0x000000074a800000, 0x000000074aa00000, 0x000000074aa00000|100%| O|  |TAMS 0x000000074a800000| PB 0x000000074a800000| Untracked |  0
|  15|0x000000074aa00000, 0x000000074ac00000, 0x000000074ac00000|100%| O|  |TAMS 0x000000074aa00000| PB 0x000000074aa00000| Untracked |  0
|  16|0x000000074ac00000, 0x000000074ae00000, 0x000000074ae00000|100%| O|Cm|TAMS 0x000000074ac00000| PB 0x000000074ac00000| Complete |  0
|  17|0x000000074ae00000, 0x000000074b000000, 0x000000074b000000|100%| O|  |TAMS 0x000000074ae00000| PB 0x000000074ae00000| Untracked |  0
|  18|0x000000074b000000, 0x000000074b000000, 0x000000074b200000|  0%| F|  |TAMS 0x000000074b000000| PB 0x000000074b000000| Untracked |  0
|  19|0x000000074b200000, 0x000000074b200000, 0x000000074b400000|  0%| F|  |TAMS 0x000000074b200000| PB 0x000000074b200000| Untracked |  0
|  20|0x000000074b400000, 0x000000074b445008, 0x000000074b600000| 13%| S|CS|TAMS 0x000000074b400000| PB 0x000000074b400000| Complete |  0
|  21|0x000000074b600000, 0x000000074b800000, 0x000000074b800000|100%| S|CS|TAMS 0x000000074b600000| PB 0x000000074b600000| Complete |  0
|  22|0x000000074b800000, 0x000000074b800000, 0x000000074ba00000|  0%| F|  |TAMS 0x000000074b800000| PB 0x000000074b800000| Untracked |  0
|  23|0x000000074ba00000, 0x000000074ba00000, 0x000000074bc00000|  0%| F|  |TAMS 0x000000074ba00000| PB 0x000000074ba00000| Untracked |  0
|  24|0x000000074bc00000, 0x000000074bc00000, 0x000000074be00000|  0%| F|  |TAMS 0x000000074bc00000| PB 0x000000074bc00000| Untracked |  0
|  25|0x000000074be00000, 0x000000074be00000, 0x000000074c000000|  0%| F|  |TAMS 0x000000074be00000| PB 0x000000074be00000| Untracked |  0
|  69|0x0000000751600000, 0x0000000751600000, 0x0000000751800000|  0%| F|  |TAMS 0x0000000751600000| PB 0x0000000751600000| Untracked |  0
|  70|0x0000000751800000, 0x0000000751800000, 0x0000000751a00000|  0%| F|  |TAMS 0x0000000751800000| PB 0x0000000751800000| Untracked |  0
|  71|0x0000000751a00000, 0x0000000751a00000, 0x0000000751c00000|  0%| F|  |TAMS 0x0000000751a00000| PB 0x0000000751a00000| Untracked |  0
|  72|0x0000000751c00000, 0x0000000751c00000, 0x0000000751e00000|  0%| F|  |TAMS 0x0000000751c00000| PB 0x0000000751c00000| Untracked |  0
|  73|0x0000000751e00000, 0x0000000751e00000, 0x0000000752000000|  0%| F|  |TAMS 0x0000000751e00000| PB 0x0000000751e00000| Untracked |  0
|  91|0x0000000754200000, 0x0000000754200000, 0x0000000754400000|  0%| F|  |TAMS 0x0000000754200000| PB 0x0000000754200000| Untracked |  0
|1465|0x00000007ffe00000, 0x00000007ffe5fe70, 0x0000000800000000| 18%| E|  |TAMS 0x00000007ffe00000| PB 0x00000007ffe00000| Complete |  0

Card table byte_map: [0x0000018d7b9a0000,0x0000018d7bf60000] _byte_map_base: 0x0000018d77f5a000

Marking Bits: (CMBitMap*) 0x0000018d637450a0
 Bits: [0x0000018d7bf60000, 0x0000018d7ed30000)

Polling page: 0x0000018d62eb0000

Metaspace:

Usage:
  Non-class:     62.16 MB used.
      Class:      7.36 MB used.
       Both:     69.52 MB used.

Virtual space:
  Non-class space:       64.00 MB reserved,      62.50 MB ( 98%) committed,  1 nodes.
      Class space:        1.00 GB reserved,       7.69 MB ( <1%) committed,  1 nodes.
             Both:        1.06 GB reserved,      70.19 MB (  6%) committed. 

Chunk freelists:
   Non-Class:  899.00 KB
       Class:  8.29 MB
        Both:  9.17 MB

MaxMetaspaceSize: unlimited
CompressedClassSpaceSize: 1.00 GB
Initial GC threshold: 21.00 MB
Current GC threshold: 116.88 MB
CDS: on
 - commit_granule_bytes: 65536.
 - commit_granule_words: 8192.
 - virtual_space_node_default_size: 8388608.
 - enlarge_chunks_in_place: 1.
UseCompressedClassPointers 1, UseCompactObjectHeaders 0
Narrow klass pointer bits 32, Max shift 3
Narrow klass base: 0x0000018d02000000, Narrow klass shift: 0
Encoding Range: [0x0000018d02000000 - 0x0000018e02000000), (4294967296 bytes)
Klass Range:    [0x0000018d02000000 - 0x0000018d43000000), (1090519040 bytes)
Klass ID Range:  [8 - 1090519033) (1090519025)


Internal statistics:

num_allocs_failed_limit: 9.
num_arena_births: 944.
num_arena_deaths: 0.
num_vsnodes_births: 2.
num_vsnodes_deaths: 0.
num_space_committed: 1123.
num_space_uncommitted: 0.
num_chunks_returned_to_freelist: 9.
num_chunks_taken_from_freelist: 3390.
num_chunk_merges: 6.
num_chunk_splits: 2470.
num_chunks_enlarged: 2010.
num_inconsistent_stats: 0.

CodeHeap 'non-profiled nmethods': size=120064Kb used=3009Kb max_used=3774Kb free=117054Kb
 bounds [0x0000018d73a50000, 0x0000018d73e00000, 0x0000018d7af90000]
CodeHeap 'profiled nmethods': size=120000Kb used=9062Kb max_used=12271Kb free=110937Kb
 bounds [0x0000018d6bf90000, 0x0000018d6cba0000, 0x0000018d734c0000]
CodeHeap 'non-nmethods': size=5696Kb used=1580Kb max_used=1695Kb free=4115Kb
 bounds [0x0000018d734c0000, 0x0000018d73730000, 0x0000018d73a50000]
CodeCache: size=245760Kb, used=13651Kb, max_used=17740Kb, free=232106Kb
 total_blobs=5800, nmethods=5057, adapters=647, full_count=0
Compilation: enabled, stopped_count=0, restarted_count=0

Compilation events (20 events):
Event: 960.490 Thread 0x0000018d7f792830 nmethod 8324 0x0000018d73aceb08 code [0x0000018d73acee00, 0x0000018d73ad0af0]
Event: 961.340 Thread 0x0000018d7f792830 8325       4       java.time.format.DateTimeFormatterBuilder$OffsetIdPrinterParser::format (273 bytes)
Event: 961.356 Thread 0x0000018d7f792830 nmethod 8325 0x0000018d73ae9a08 code [0x0000018d73ae9c00, 0x0000018d73aea830]
Event: 973.161 Thread 0x0000018d7f79f040 8326   !   3       org.apache.catalina.core.StandardContext::getLoader (38 bytes)
Event: 973.163 Thread 0x0000018d7f79f040 nmethod 8326 0x0000018d6c28c308 code [0x0000018d6c28c4a0, 0x0000018d6c28cd20]
Event: 978.491 Thread 0x0000018d7f792830 8327  s    4       jdk.internal.ref.CleanerImpl$CleanableList::insert (126 bytes)
Event: 978.493 Thread 0x0000018d7f792830 nmethod 8327 0x0000018d73ae9188 code [0x0000018d73ae92a0, 0x0000018d73ae97c8]
Event: 978.494 Thread 0x0000018d7f792830 8328       4       jdk.internal.ref.PhantomCleanable::<init> (90 bytes)
Event: 978.499 Thread 0x0000018d7f792830 nmethod 8328 0x0000018d73b08788 code [0x0000018d73b088e0, 0x0000018d73b09330]
Event: 981.249 Thread 0x0000018d7f79f040 8329   !   3       java.util.concurrent.ThreadPoolExecutor::runWorker (187 bytes)
Event: 981.251 Thread 0x0000018d7f79f040 nmethod 8329 0x0000018d6bff3d88 code [0x0000018d6bff4020, 0x0000018d6bff5b70]
Event: 982.638 Thread 0x0000018d7f792830 8330       4       java.lang.StringUTF16::putCharSB (12 bytes)
Event: 982.638 Thread 0x0000018d7f79f040 8331       3       java.lang.StackTraceElement::length (13 bytes)
Event: 982.639 Thread 0x0000018d7f79f040 nmethod 8331 0x0000018d6c317208 code [0x0000018d6c317340, 0x0000018d6c317688]
Event: 982.639 Thread 0x0000018d7f79f040 8332       3       ch.qos.logback.classic.spi.StackTraceElementProxy::toString (5 bytes)
Event: 982.639 Thread 0x0000018d7f792830 nmethod 8330 0x0000018d73ace688 code [0x0000018d73ace780, 0x0000018d73ace830]
Event: 982.642 Thread 0x0000018d7f79f040 nmethod 8332 0x0000018d6c719708 code [0x0000018d6c7199a0, 0x0000018d6c71b198]
Event: 982.642 Thread 0x0000018d7f79f040 8333       3       ch.qos.logback.classic.spi.StackTraceElementProxy::getSTEAsString (28 bytes)
Event: 982.643 Thread 0x0000018d7f79f040 nmethod 8333 0x0000018d6c6dc788 code [0x0000018d6c6dca20, 0x0000018d6c6de300]
Event: 982.650 Thread 0x0000018d7f792830 8334       4       jdk.internal.ref.PhantomCleanable::clean (20 bytes)

GC Heap History (20 events):
Event: 11.932 GC heap before
{Heap before GC invocations=12 (full 0):
 garbage-first heap   total reserved 3002368K, committed 67584K, used 38882K [0x0000000748c00000, 0x0000000800000000)
  region size 2048K, 8 young (16384K), 2 survivors (4096K)
 Metaspace       used 59911K, committed 60416K, reserved 1114112K
  class space    used 6339K, committed 6592K, reserved 1048576K
}
Event: 11.936 GC heap after
{Heap after GC invocations=13 (full 0):
 garbage-first heap   total reserved 3002368K, committed 67584K, used 29696K [0x0000000748c00000, 0x0000000800000000)
  region size 2048K, 2 young (4096K), 2 survivors (4096K)
 Metaspace       used 59911K, committed 60416K, reserved 1114112K
  class space    used 6339K, committed 6592K, reserved 1048576K
}
Event: 12.714 GC heap before
{Heap before GC invocations=14 (full 0):
 garbage-first heap   total reserved 3002368K, committed 67584K, used 54272K [0x0000000748c00000, 0x0000000800000000)
  region size 2048K, 14 young (28672K), 2 survivors (4096K)
 Metaspace       used 62054K, committed 62656K, reserved 1114112K
  class space    used 6642K, committed 6912K, reserved 1048576K
}
Event: 12.719 GC heap after
{Heap after GC invocations=15 (full 0):
 garbage-first heap   total reserved 3002368K, committed 67584K, used 31625K [0x0000000748c00000, 0x0000000800000000)
  region size 2048K, 2 young (4096K), 2 survivors (4096K)
 Metaspace       used 62054K, committed 62656K, reserved 1114112K
  class space    used 6642K, committed 6912K, reserved 1048576K
}
Event: 13.756 GC heap before
{Heap before GC invocations=15 (full 0):
 garbage-first heap   total reserved 3002368K, committed 67584K, used 56201K [0x0000000748c00000, 0x0000000800000000)
  region size 2048K, 14 young (28672K), 2 survivors (4096K)
 Metaspace       used 64789K, committed 65472K, reserved 1114112K
  class space    used 6949K, committed 7232K, reserved 1048576K
}
Event: 13.762 GC heap after
{Heap after GC invocations=16 (full 0):
 garbage-first heap   total reserved 3002368K, committed 67584K, used 33266K [0x0000000748c00000, 0x0000000800000000)
  region size 2048K, 2 young (4096K), 2 survivors (4096K)
 Metaspace       used 64789K, committed 65472K, reserved 1114112K
  class space    used 6949K, committed 7232K, reserved 1048576K
}
Event: 14.586 GC heap before
{Heap before GC invocations=16 (full 0):
 garbage-first heap   total reserved 3002368K, committed 67584K, used 53746K [0x0000000748c00000, 0x0000000800000000)
  region size 2048K, 12 young (24576K), 2 survivors (4096K)
 Metaspace       used 67626K, committed 68288K, reserved 1114112K
  class space    used 7263K, committed 7552K, reserved 1048576K
}
Event: 14.591 GC heap after
{Heap after GC invocations=17 (full 0):
 garbage-first heap   total reserved 3002368K, committed 67584K, used 34826K [0x0000000748c00000, 0x0000000800000000)
  region size 2048K, 1 young (2048K), 1 survivors (2048K)
 Metaspace       used 67626K, committed 68288K, reserved 1114112K
  class space    used 7263K, committed 7552K, reserved 1048576K
}
Event: 252.084 GC heap before
{Heap before GC invocations=18 (full 0):
 garbage-first heap   total reserved 3002368K, committed 67584K, used 55306K [0x0000000748c00000, 0x0000000800000000)
  region size 2048K, 12 young (24576K), 1 survivors (2048K)
 Metaspace       used 70764K, committed 71552K, reserved 1114112K
  class space    used 7526K, committed 7872K, reserved 1048576K
}
Event: 252.088 GC heap after
{Heap after GC invocations=19 (full 0):
 garbage-first heap   total reserved 3002368K, committed 67584K, used 35431K [0x0000000748c00000, 0x0000000800000000)
  region size 2048K, 2 young (4096K), 2 survivors (4096K)
 Metaspace       used 70764K, committed 71552K, reserved 1114112K
  class space    used 7526K, committed 7872K, reserved 1048576K
}
Event: 552.559 GC heap before
{Heap before GC invocations=19 (full 0):
 garbage-first heap   total reserved 3002368K, committed 67584K, used 51815K [0x0000000748c00000, 0x0000000800000000)
  region size 2048K, 11 young (22528K), 2 survivors (4096K)
 Metaspace       used 71003K, committed 71744K, reserved 1114112K
  class space    used 7527K, committed 7872K, reserved 1048576K
}
Event: 552.571 GC heap after
{Heap after GC invocations=20 (full 0):
 garbage-first heap   total reserved 3002368K, committed 67584K, used 35229K [0x0000000748c00000, 0x0000000800000000)
  region size 2048K, 1 young (2048K), 1 survivors (2048K)
 Metaspace       used 71003K, committed 71744K, reserved 1114112K
  class space    used 7527K, committed 7872K, reserved 1048576K
}
Event: 725.023 GC heap before
{Heap before GC invocations=20 (full 0):
 garbage-first heap   total reserved 3002368K, committed 67584K, used 57757K [0x0000000748c00000, 0x0000000800000000)
  region size 2048K, 12 young (24576K), 1 survivors (2048K)
 Metaspace       used 71077K, committed 71808K, reserved 1114112K
  class space    used 7527K, committed 7872K, reserved 1048576K
}
Event: 725.031 GC heap after
{Heap after GC invocations=21 (full 0):
 garbage-first heap   total reserved 3002368K, committed 67584K, used 35669K [0x0000000748c00000, 0x0000000800000000)
  region size 2048K, 1 young (2048K), 1 survivors (2048K)
 Metaspace       used 71077K, committed 71808K, reserved 1114112K
  class space    used 7527K, committed 7872K, reserved 1048576K
}
Event: 829.936 GC heap before
{Heap before GC invocations=22 (full 0):
 garbage-first heap   total reserved 3002368K, committed 67584K, used 56149K [0x0000000748c00000, 0x0000000800000000)
  region size 2048K, 12 young (24576K), 1 survivors (2048K)
 Metaspace       used 71101K, committed 71872K, reserved 1114112K
  class space    used 7528K, committed 7872K, reserved 1048576K
}
Event: 829.940 GC heap after
{Heap after GC invocations=23 (full 0):
 garbage-first heap   total reserved 3002368K, committed 67584K, used 36767K [0x0000000748c00000, 0x0000000800000000)
  region size 2048K, 2 young (4096K), 2 survivors (4096K)
 Metaspace       used 71101K, committed 71872K, reserved 1114112K
  class space    used 7528K, committed 7872K, reserved 1048576K
}
Event: 912.731 GC heap before
{Heap before GC invocations=23 (full 0):
 garbage-first heap   total reserved 3002368K, committed 67584K, used 53151K [0x0000000748c00000, 0x0000000800000000)
  region size 2048K, 11 young (22528K), 2 survivors (4096K)
 Metaspace       used 71163K, committed 71872K, reserved 1114112K
  class space    used 7534K, committed 7872K, reserved 1048576K
}
Event: 912.742 GC heap after
{Heap after GC invocations=24 (full 0):
 garbage-first heap   total reserved 3002368K, committed 67584K, used 36149K [0x0000000748c00000, 0x0000000800000000)
  region size 2048K, 2 young (4096K), 2 survivors (4096K)
 Metaspace       used 71163K, committed 71872K, reserved 1114112K
  class space    used 7534K, committed 7872K, reserved 1048576K
}
Event: 982.645 GC heap before
{Heap before GC invocations=24 (full 0):
 garbage-first heap   total reserved 3002368K, committed 67584K, used 52533K [0x0000000748c00000, 0x0000000800000000)
  region size 2048K, 11 young (22528K), 2 survivors (4096K)
 Metaspace       used 71187K, committed 71872K, reserved 1114112K
  class space    used 7534K, committed 7872K, reserved 1048576K
}
Event: 982.648 GC heap after
{Heap after GC invocations=25 (full 0):
 garbage-first heap   total reserved 3002368K, committed 67584K, used 36317K [0x0000000748c00000, 0x0000000800000000)
  region size 2048K, 2 young (4096K), 2 survivors (4096K)
 Metaspace       used 71187K, committed 71872K, reserved 1114112K
  class space    used 7534K, committed 7872K, reserved 1048576K
}

Dll operation events (13 events):
Event: 0.021 Loaded shared library C:\Program Files\Java\jdk-24\bin\java.dll
Event: 0.086 Loaded shared library C:\Program Files\Java\jdk-24\bin\jsvml.dll
Event: 0.278 Loaded shared library C:\Program Files\Java\jdk-24\bin\zip.dll
Event: 0.284 Loaded shared library C:\Program Files\Java\jdk-24\bin\instrument.dll
Event: 0.294 Loaded shared library C:\Program Files\Java\jdk-24\bin\net.dll
Event: 0.298 Loaded shared library C:\Program Files\Java\jdk-24\bin\nio.dll
Event: 0.303 Loaded shared library C:\Program Files\Java\jdk-24\bin\zip.dll
Event: 0.451 Loaded shared library C:\Program Files\Java\jdk-24\bin\extnet.dll
Event: 0.504 Loaded shared library C:\Program Files\Java\jdk-24\bin\jimage.dll
Event: 6.508 Loaded shared library C:\Program Files\Java\jdk-24\bin\sunmscapi.dll
Event: 6.527 Loaded shared library C:\Program Files\Java\jdk-24\bin\management.dll
Event: 6.531 Loaded shared library C:\Program Files\Java\jdk-24\bin\management_ext.dll
Event: 8.753 Loaded shared library C:\Program Files\Java\jdk-24\bin\verify.dll

Deoptimization events (20 events):
Event: 890.133 Thread 0x0000018d48752460 Uncommon trap: trap_request=0xffffff4d fr.pc=0x0000018d73b39b14 relative=0x0000000000000174
Event: 890.133 Thread 0x0000018d48752460 Uncommon trap: reason=unstable_if action=reinterpret pc=0x0000018d73b39b14 method=java.lang.StringConcatHelper.prepend(IB[BLjava/lang/String;Ljava/lang/String;)I @ 8 c2
Event: 890.133 Thread 0x0000018d48752460 DEOPT PACKING pc=0x0000018d73b39b14 sp=0x0000007707bfe5f0
Event: 890.133 Thread 0x0000018d48752460 DEOPT UNPACKING pc=0x0000018d735d2782 sp=0x0000007707bfe5d0 mode 2
Event: 915.525 Thread 0x0000018d48bee610 Uncommon trap: trap_request=0xffffffc6 fr.pc=0x0000018d73c5015c relative=0x000000000000031c
Event: 915.525 Thread 0x0000018d48bee610 Uncommon trap: reason=bimorphic_or_optimized_type_check action=maybe_recompile pc=0x0000018d73c5015c method=java.util.Collections$SetFromMap.contains(Ljava/lang/Object;)Z @ 5 c2
Event: 915.525 Thread 0x0000018d48bee610 DEOPT PACKING pc=0x0000018d73c5015c sp=0x0000007706afe890
Event: 915.525 Thread 0x0000018d48bee610 DEOPT UNPACKING pc=0x0000018d735d2782 sp=0x0000007706afe838 mode 2
Event: 915.526 Thread 0x0000018d48bee610 Uncommon trap: trap_request=0xffffff4d fr.pc=0x0000018d73b2b264 relative=0x0000000000000484
Event: 915.526 Thread 0x0000018d48bee610 Uncommon trap: reason=unstable_if action=reinterpret pc=0x0000018d73b2b264 method=java.lang.AbstractStringBuilder.append(I)Ljava/lang/AbstractStringBuilder; @ 21 c2
Event: 915.526 Thread 0x0000018d48bee610 DEOPT PACKING pc=0x0000018d73b2b264 sp=0x0000007706afe540
Event: 915.526 Thread 0x0000018d48bee610 DEOPT UNPACKING pc=0x0000018d735d2782 sp=0x0000007706afe498 mode 2
Event: 921.919 Thread 0x0000018d48befc00 Uncommon trap: trap_request=0xffffffc6 fr.pc=0x0000018d73c5015c relative=0x000000000000031c
Event: 921.919 Thread 0x0000018d48befc00 Uncommon trap: reason=bimorphic_or_optimized_type_check action=maybe_recompile pc=0x0000018d73c5015c method=java.util.Collections$SetFromMap.contains(Ljava/lang/Object;)Z @ 5 c2
Event: 921.919 Thread 0x0000018d48befc00 DEOPT PACKING pc=0x0000018d73c5015c sp=0x00000077063fe840
Event: 921.919 Thread 0x0000018d48befc00 DEOPT UNPACKING pc=0x0000018d735d2782 sp=0x00000077063fe7e8 mode 2
Event: 925.304 Thread 0x0000018d499b23f0 Uncommon trap: trap_request=0xffffffc6 fr.pc=0x0000018d73c5015c relative=0x000000000000031c
Event: 925.304 Thread 0x0000018d499b23f0 Uncommon trap: reason=bimorphic_or_optimized_type_check action=maybe_recompile pc=0x0000018d73c5015c method=java.util.Collections$SetFromMap.contains(Ljava/lang/Object;)Z @ 5 c2
Event: 925.304 Thread 0x0000018d499b23f0 DEOPT PACKING pc=0x0000018d73c5015c sp=0x00000077018fe850
Event: 925.304 Thread 0x0000018d499b23f0 DEOPT UNPACKING pc=0x0000018d735d2782 sp=0x00000077018fe7f8 mode 2

Classes loaded (20 events):
Event: 207.832 Loading class sun/nio/cs/ISO_8859_1$Decoder
Event: 207.833 Loading class sun/nio/cs/ISO_8859_1$Decoder done
Event: 207.874 Loading class java/security/SecurityPermission
Event: 207.874 Loading class java/security/SecurityPermission done
Event: 207.910 Loading class java/util/concurrent/ArrayBlockingQueue$Itr
Event: 207.910 Loading class java/util/concurrent/ArrayBlockingQueue$Itr done
Event: 208.008 Loading class java/time/format/DateTimeFormatterBuilder$ZoneTextPrinterParser
Event: 208.009 Loading class java/time/format/DateTimeFormatterBuilder$ZoneTextPrinterParser done
Event: 208.009 Loading class java/time/format/DateTimeFormatterBuilder$ReducedPrinterParser
Event: 208.009 Loading class java/time/format/DateTimeFormatterBuilder$ReducedPrinterParser done
Event: 208.065 Loading class java/util/ArrayDeque$DescendingIterator
Event: 208.065 Loading class java/util/ArrayDeque$DescendingIterator done
Event: 762.865 Loading class sun/net/ConnectionResetException
Event: 762.932 Loading class sun/net/ConnectionResetException done
Event: 890.116 Loading class java/lang/Class$Holder
Event: 890.117 Loading class java/lang/Class$Holder done
Event: 890.118 Loading class java/security/AllPermissionCollection
Event: 890.119 Loading class java/security/AllPermissionCollection done
Event: 890.119 Loading class java/security/UnresolvedPermission
Event: 890.122 Loading class java/security/UnresolvedPermission done

Classes unloaded (0 events):
No events

Classes redefined (0 events):
No events

Internal exceptions (20 events):
Event: 982.636 Thread 0x0000018d4a45d080 Exception <a 'java/io/IOException'{0x000000074bde5608}> (0x000000074bde5608) 
thrown [s\open\src\hotspot\share\prims\jni.cpp, line 518]
Event: 982.636 Thread 0x0000018d4a45d080 Exception <a 'java/io/IOException'{0x000000074bde69a8}> (0x000000074bde69a8) 
thrown [s\open\src\hotspot\share\prims\jni.cpp, line 518]
Event: 982.636 Thread 0x0000018d4a45d080 Exception <a 'java/io/IOException'{0x000000074bde6cd0}> (0x000000074bde6cd0) 
thrown [s\open\src\hotspot\share\prims\jni.cpp, line 518]
Event: 982.637 Thread 0x0000018d4883d9d0 Exception <a 'java/io/IOException'{0x000000075193ce70}: CreateProcess error=1455,       > (0x000000075193ce70) 
thrown [s\open\src\hotspot\share\prims\jni.cpp, line 536]
Event: 982.639 Thread 0x0000018d4883d9d0 Exception <a 'java/io/IOException'{0x000000074bdece20}> (0x000000074bdece20) 
thrown [s\open\src\hotspot\share\prims\jni.cpp, line 518]
Event: 982.639 Thread 0x0000018d4883d9d0 Exception <a 'java/io/IOException'{0x000000074bdf1290}> (0x000000074bdf1290) 
thrown [s\open\src\hotspot\share\prims\jni.cpp, line 518]
Event: 982.639 Thread 0x0000018d49519930 Exception <a 'java/io/IOException'{0x000000074bdf3808}> (0x000000074bdf3808) 
thrown [s\open\src\hotspot\share\prims\jni.cpp, line 518]
Event: 982.639 Thread 0x0000018d49519930 Exception <a 'java/io/IOException'{0x000000074bdf3b30}> (0x000000074bdf3b30) 
thrown [s\open\src\hotspot\share\prims\jni.cpp, line 518]
Event: 982.639 Thread 0x0000018d49519930 Exception <a 'java/io/IOException'{0x000000074bdf4c10}> (0x000000074bdf4c10) 
thrown [s\open\src\hotspot\share\prims\jni.cpp, line 518]
Event: 982.639 Thread 0x0000018d49519930 Exception <a 'java/io/IOException'{0x000000074bdf4f38}> (0x000000074bdf4f38) 
thrown [s\open\src\hotspot\share\prims\jni.cpp, line 518]
Event: 982.648 Thread 0x0000018d4a45abf0 Exception <a 'java/io/IOException'{0x00000007ffe02578}> (0x00000007ffe02578) 
thrown [s\open\src\hotspot\share\prims\jni.cpp, line 518]
Event: 982.648 Thread 0x0000018d4a45abf0 Exception <a 'java/io/IOException'{0x00000007ffe028a0}> (0x00000007ffe028a0) 
thrown [s\open\src\hotspot\share\prims\jni.cpp, line 518]
Event: 982.649 Thread 0x0000018d4a45abf0 Exception <a 'java/io/IOException'{0x00000007ffe037a8}> (0x00000007ffe037a8) 
thrown [s\open\src\hotspot\share\prims\jni.cpp, line 518]
Event: 982.649 Thread 0x0000018d4a45abf0 Exception <a 'java/io/IOException'{0x00000007ffe03d58}> (0x00000007ffe03d58) 
thrown [s\open\src\hotspot\share\prims\jni.cpp, line 518]
Event: 982.649 Thread 0x0000018d4a45abf0 Exception <a 'java/io/IOException'{0x00000007ffe04b90}> (0x00000007ffe04b90) 
thrown [s\open\src\hotspot\share\prims\jni.cpp, line 518]
Event: 982.649 Thread 0x0000018d4a45abf0 Exception <a 'java/io/IOException'{0x00000007ffe04eb8}> (0x00000007ffe04eb8) 
thrown [s\open\src\hotspot\share\prims\jni.cpp, line 518]
Event: 982.649 Thread 0x0000018d4a45abf0 Exception <a 'java/io/IOException'{0x00000007ffe05c98}> (0x00000007ffe05c98) 
thrown [s\open\src\hotspot\share\prims\jni.cpp, line 518]
Event: 982.649 Thread 0x0000018d4a45abf0 Exception <a 'java/io/IOException'{0x00000007ffe05fc0}> (0x00000007ffe05fc0) 
thrown [s\open\src\hotspot\share\prims\jni.cpp, line 518]
Event: 982.649 Thread 0x0000018d4a45abf0 Exception <a 'java/io/IOException'{0x00000007ffe06e10}> (0x00000007ffe06e10) 
thrown [s\open\src\hotspot\share\prims\jni.cpp, line 518]
Event: 982.649 Thread 0x0000018d4a45abf0 Exception <a 'java/io/IOException'{0x00000007ffe07028}> (0x00000007ffe07028) 
thrown [s\open\src\hotspot\share\prims\jni.cpp, line 518]

VM Operations (20 events):
Event: 781.660 Executing VM operation: RendezvousGCThreads
Event: 781.660 Executing VM operation: RendezvousGCThreads done
Event: 829.936 Executing VM operation: G1CollectForAllocation (G1 Evacuation Pause)
Event: 829.940 Executing VM operation: G1CollectForAllocation (G1 Evacuation Pause) done
Event: 841.950 Executing VM operation: HandshakeAllThreads (HandshakeForDeflation)
Event: 841.950 Executing VM operation: HandshakeAllThreads (HandshakeForDeflation) done
Event: 841.950 Executing VM operation: RendezvousGCThreads
Event: 841.950 Executing VM operation: RendezvousGCThreads done
Event: 902.258 Executing VM operation: HandshakeAllThreads (HandshakeForDeflation)
Event: 902.259 Executing VM operation: HandshakeAllThreads (HandshakeForDeflation) done
Event: 902.259 Executing VM operation: RendezvousGCThreads
Event: 902.259 Executing VM operation: RendezvousGCThreads done
Event: 912.731 Executing VM operation: G1CollectForAllocation (G1 Evacuation Pause)
Event: 912.742 Executing VM operation: G1CollectForAllocation (G1 Evacuation Pause) done
Event: 962.418 Executing VM operation: HandshakeAllThreads (HandshakeForDeflation)
Event: 962.418 Executing VM operation: HandshakeAllThreads (HandshakeForDeflation) done
Event: 962.418 Executing VM operation: RendezvousGCThreads
Event: 962.418 Executing VM operation: RendezvousGCThreads done
Event: 982.645 Executing VM operation: G1CollectForAllocation (G1 Evacuation Pause)
Event: 982.648 Executing VM operation: G1CollectForAllocation (G1 Evacuation Pause) done

Memory protections (0 events):
No events

Nmethod flushes (20 events):
Event: 725.229 Thread 0x0000018d7f7787f0 flushing  nmethod 0x0000018d6c32aa08
Event: 725.229 Thread 0x0000018d7f7787f0 flushing  nmethod 0x0000018d6c32ba08
Event: 725.229 Thread 0x0000018d7f7787f0 flushing  nmethod 0x0000018d6c3be888
Event: 725.229 Thread 0x0000018d7f7787f0 flushing  nmethod 0x0000018d6c3bef08
Event: 725.229 Thread 0x0000018d7f7787f0 flushing  nmethod 0x0000018d6c3da208
Event: 725.229 Thread 0x0000018d7f7787f0 flushing  nmethod 0x0000018d6c59f008
Event: 725.230 Thread 0x0000018d7f7787f0 flushing osr nmethod 0x0000018d6c6e8688
Event: 725.230 Thread 0x0000018d7f7787f0 flushing  nmethod 0x0000018d6c71d788
Event: 725.230 Thread 0x0000018d7f7787f0 flushing  nmethod 0x0000018d6c71e488
Event: 725.230 Thread 0x0000018d7f7787f0 flushing  nmethod 0x0000018d6c720908
Event: 725.230 Thread 0x0000018d7f7787f0 flushing  nmethod 0x0000018d6c720c88
Event: 725.230 Thread 0x0000018d7f7787f0 flushing  nmethod 0x0000018d6c9a3888
Event: 725.230 Thread 0x0000018d7f7787f0 flushing  nmethod 0x0000018d73ad7108
Event: 725.230 Thread 0x0000018d7f7787f0 flushing  nmethod 0x0000018d73b2ac88
Event: 725.230 Thread 0x0000018d7f7787f0 flushing  nmethod 0x0000018d73b2d488
Event: 725.230 Thread 0x0000018d7f7787f0 flushing  nmethod 0x0000018d73b78388
Event: 725.230 Thread 0x0000018d7f7787f0 flushing  nmethod 0x0000018d6c1ca688
Event: 725.230 Thread 0x0000018d7f7787f0 flushing  nmethod 0x0000018d6c1cbe08
Event: 725.230 Thread 0x0000018d7f7787f0 flushing  nmethod 0x0000018d6c1cdd88
Event: 725.230 Thread 0x0000018d7f7787f0 flushing osr nmethod 0x0000018d6c371308

Events (20 events):
Event: 914.980 Thread 0x0000018d48beb2e0 Thread added: 0x0000018d4951f0f0
Event: 915.301 Thread 0x0000018d49a7ef50 Thread added: 0x0000018d49519930
Event: 915.301 Thread 0x0000018d49a7ef50 Thread added: 0x0000018d4951db00
Event: 916.173 Thread 0x0000018d48750720 Thread added: 0x0000018d4951f840
Event: 916.173 Thread 0x0000018d48750720 Thread added: 0x0000018d495191e0
Event: 916.729 Thread 0x0000018d4883cb30 Thread added: 0x0000018d49518a90
Event: 916.729 Thread 0x0000018d4883cb30 Thread added: 0x0000018d49521580
Event: 918.626 Thread 0x0000018d499af0c0 Thread added: 0x0000018d4951bdc0
Event: 919.050 Thread 0x0000018d48bea440 Thread added: 0x0000018d4951af20
Event: 979.108 Thread 0x0000018d4a45ba90 Thread exited: 0x0000018d4a45ba90
Event: 979.242 Thread 0x0000018d49a7bc20 Thread exited: 0x0000018d49a7bc20
Event: 979.275 Thread 0x0000018d4874db40 Thread exited: 0x0000018d4874db40
Event: 979.299 Thread 0x0000018d496373f0 Thread exited: 0x0000018d496373f0
Event: 979.369 Thread 0x0000018d49a7fdf0 Thread exited: 0x0000018d49a7fdf0
Event: 979.501 Thread 0x0000018d49a79040 Thread exited: 0x0000018d49a79040
Event: 979.503 Thread 0x0000018d4a45d7d0 Thread exited: 0x0000018d4a45d7d0
Event: 980.139 Thread 0x0000018d49639fd0 Thread exited: 0x0000018d49639fd0
Event: 980.140 Thread 0x0000018d48752bb0 Thread exited: 0x0000018d48752bb0
Event: 980.207 Thread 0x0000018d49635e00 Thread exited: 0x0000018d49635e00
Event: 980.242 Thread 0x0000018d49a7cac0 Thread exited: 0x0000018d49a7cac0


Dynamic libraries:
0x00007ff711910000 - 0x00007ff711920000 	C:\Program Files\Java\jdk-24\bin\java.exe
0x00007ff9f5930000 - 0x00007ff9f5b28000 	C:\WINDOWS\SYSTEM32\ntdll.dll
0x00007ff9f5400000 - 0x00007ff9f54c2000 	C:\WINDOWS\System32\KERNEL32.DLL
0x00007ff9f3130000 - 0x00007ff9f3426000 	C:\WINDOWS\System32\KERNELBASE.dll
0x00007ff9f3820000 - 0x00007ff9f3920000 	C:\WINDOWS\System32\ucrtbase.dll
0x00007ff9eff70000 - 0x00007ff9eff8b000 	C:\Program Files\Java\jdk-24\bin\VCRUNTIME140.dll
0x00007ff9eff90000 - 0x00007ff9effa6000 	C:\Program Files\Java\jdk-24\bin\jli.dll
0x00007ff9f3f40000 - 0x00007ff9f40e1000 	C:\WINDOWS\System32\USER32.dll
0x00007ff9f3100000 - 0x00007ff9f3122000 	C:\WINDOWS\System32\win32u.dll
0x00007ff9e4da0000 - 0x00007ff9e503b000 	C:\WINDOWS\WinSxS\amd64_microsoft.windows.common-controls_6595b64144ccf1df_6.0.19041.6456_none_60b8a6cb71f64256\COMCTL32.dll
0x00007ff9f47c0000 - 0x00007ff9f47eb000 	C:\WINDOWS\System32\GDI32.dll
0x00007ff9f2f90000 - 0x00007ff9f30a9000 	C:\WINDOWS\System32\gdi32full.dll
0x00007ff9f5820000 - 0x00007ff9f58be000 	C:\WINDOWS\System32\msvcrt.dll
0x00007ff9f3590000 - 0x00007ff9f362d000 	C:\WINDOWS\System32\msvcp_win.dll
0x00007ff9f3f10000 - 0x00007ff9f3f3f000 	C:\WINDOWS\System32\IMM32.DLL
0x00007ff9f28c0000 - 0x00007ff9f28cc000 	C:\Program Files\Java\jdk-24\bin\vcruntime140_1.dll
0x00007ff9d7140000 - 0x00007ff9d71ce000 	C:\Program Files\Java\jdk-24\bin\msvcp140.dll
0x00007ff9a66f0000 - 0x00007ff9a7491000 	C:\Program Files\Java\jdk-24\bin\server\jvm.dll
0x00007ff9f3da0000 - 0x00007ff9f3e51000 	C:\WINDOWS\System32\ADVAPI32.dll
0x00007ff9f4800000 - 0x00007ff9f489f000 	C:\WINDOWS\System32\sechost.dll
0x00007ff9f3c10000 - 0x00007ff9f3d30000 	C:\WINDOWS\System32\RPCRT4.dll
0x00007ff9f3560000 - 0x00007ff9f3587000 	C:\WINDOWS\System32\bcrypt.dll
0x00007ff9f4210000 - 0x00007ff9f427b000 	C:\WINDOWS\System32\WS2_32.dll
0x00007ff9f2df0000 - 0x00007ff9f2e3b000 	C:\WINDOWS\SYSTEM32\POWRPROF.dll
0x00007ff9ecd10000 - 0x00007ff9ecd1a000 	C:\WINDOWS\SYSTEM32\VERSION.dll
0x00007ff9e0140000 - 0x00007ff9e0167000 	C:\WINDOWS\SYSTEM32\WINMM.dll
0x00007ff9f2dd0000 - 0x00007ff9f2de2000 	C:\WINDOWS\SYSTEM32\UMPDC.dll
0x00007ff9f0dc0000 - 0x00007ff9f0dd2000 	C:\WINDOWS\SYSTEM32\kernel.appcore.dll
0x00007ff9f01d0000 - 0x00007ff9f01da000 	C:\Program Files\Java\jdk-24\bin\jimage.dll
0x00007ff9df840000 - 0x00007ff9dfa41000 	C:\WINDOWS\SYSTEM32\DBGHELP.DLL
0x00007ff9dd350000 - 0x00007ff9dd384000 	C:\WINDOWS\SYSTEM32\dbgcore.DLL
0x00007ff9f3630000 - 0x00007ff9f36b2000 	C:\WINDOWS\System32\bcryptPrimitives.dll
0x00007ff9efef0000 - 0x00007ff9efeff000 	C:\Program Files\Java\jdk-24\bin\instrument.dll
0x00007ff9efed0000 - 0x00007ff9efeee000 	C:\Program Files\Java\jdk-24\bin\java.dll
0x00007ff9f3a30000 - 0x00007ff9f3b5b000 	C:\WINDOWS\System32\ole32.dll
0x00007ff9f50a0000 - 0x00007ff9f53f4000 	C:\WINDOWS\System32\combase.dll
0x00007ff9f4930000 - 0x00007ff9f50a0000 	C:\WINDOWS\System32\SHELL32.dll
0x00007ff9f0fc0000 - 0x00007ff9f1765000 	C:\WINDOWS\SYSTEM32\windows.storage.dll
0x00007ff9f28e0000 - 0x00007ff9f290b000 	C:\WINDOWS\SYSTEM32\Wldp.dll
0x00007ff9f46f0000 - 0x00007ff9f47bd000 	C:\WINDOWS\System32\OLEAUT32.dll
0x00007ff9f3920000 - 0x00007ff9f39cd000 	C:\WINDOWS\System32\SHCORE.dll
0x00007ff9f57c0000 - 0x00007ff9f581b000 	C:\WINDOWS\System32\shlwapi.dll
0x00007ff9f2ec0000 - 0x00007ff9f2ee4000 	C:\WINDOWS\SYSTEM32\profapi.dll
0x00007ff9a7970000 - 0x00007ff9a7a47000 	C:\Program Files\Java\jdk-24\bin\jsvml.dll
0x00007ff9efbc0000 - 0x00007ff9efbd7000 	C:\Program Files\Java\jdk-24\bin\zip.dll
0x00007ff9efec0000 - 0x00007ff9efed0000 	C:\Program Files\Java\jdk-24\bin\net.dll
0x00007ff9f25f0000 - 0x00007ff9f265a000 	C:\WINDOWS\system32\mswsock.dll
0x00007ff9efe60000 - 0x00007ff9efe76000 	C:\Program Files\Java\jdk-24\bin\nio.dll
0x00007ff9efeb0000 - 0x00007ff9efeb9000 	C:\Program Files\Java\jdk-24\bin\extnet.dll
0x00007ff9f27b0000 - 0x00007ff9f27c8000 	C:\WINDOWS\SYSTEM32\CRYPTSP.dll
0x00007ff9f1f20000 - 0x00007ff9f1f58000 	C:\WINDOWS\system32\rsaenh.dll
0x00007ff9f2e40000 - 0x00007ff9f2e6e000 	C:\WINDOWS\SYSTEM32\USERENV.dll
0x00007ff9f27d0000 - 0x00007ff9f27dc000 	C:\WINDOWS\SYSTEM32\CRYPTBASE.dll
0x00007ff9f22f0000 - 0x00007ff9f232b000 	C:\WINDOWS\SYSTEM32\IPHLPAPI.DLL
0x00007ff9f3e60000 - 0x00007ff9f3e68000 	C:\WINDOWS\System32\NSI.dll
0x00007ff9eeaa0000 - 0x00007ff9eeaae000 	C:\Program Files\Java\jdk-24\bin\sunmscapi.dll
0x00007ff9f36c0000 - 0x00007ff9f381d000 	C:\WINDOWS\System32\CRYPT32.dll
0x00007ff9f2950000 - 0x00007ff9f2977000 	C:\WINDOWS\SYSTEM32\ncrypt.dll
0x00007ff9f2910000 - 0x00007ff9f294b000 	C:\WINDOWS\SYSTEM32\NTASN1.dll
0x00007ff9ed4d0000 - 0x00007ff9ed4da000 	C:\Program Files\Java\jdk-24\bin\management.dll
0x00007ff9ed4c0000 - 0x00007ff9ed4cb000 	C:\Program Files\Java\jdk-24\bin\management_ext.dll
0x00007ff9f47f0000 - 0x00007ff9f47f8000 	C:\WINDOWS\System32\PSAPI.DLL
0x00007ff9ed4b0000 - 0x00007ff9ed4c0000 	C:\Program Files\Java\jdk-24\bin\verify.dll
0x00007ff9d5470000 - 0x00007ff9d5477000 	C:\WINDOWS\system32\wshunix.dll
0x00007ff9f2330000 - 0x00007ff9f23fa000 	C:\WINDOWS\SYSTEM32\DNSAPI.dll
0x00007ff9e9e60000 - 0x00007ff9e9e6a000 	C:\Windows\System32\rasadhlp.dll
0x00007ff9eb040000 - 0x00007ff9eb0c0000 	C:\WINDOWS\System32\fwpuclnt.dll
0x00007ff9e4490000 - 0x00007ff9e4682000 	C:\WINDOWS\system32\urlmon.dll
0x00007ff9e4800000 - 0x00007ff9e4abf000 	C:\WINDOWS\SYSTEM32\iertutil.dll
0x00007ff9e5c20000 - 0x00007ff9e5c48000 	C:\WINDOWS\SYSTEM32\srvcli.dll
0x00007ff9f2450000 - 0x00007ff9f245c000 	C:\WINDOWS\SYSTEM32\netutils.dll

JVMTI agents:
C:\Program Files\JetBrains\IntelliJ IDEA Community Edition 2025.2.4\lib\idea_rt.jar path:C:\Program Files\Java\jdk-24\bin\instrument.dll, loaded, initialized, instrumentlib options:50129

dbghelp: loaded successfully - version: 4.0.5 - missing functions: none
symbol engine: initialized successfully - sym options: 0x614 - pdb path: .;C:\Program Files\Java\jdk-24\bin;C:\WINDOWS\SYSTEM32;C:\WINDOWS\WinSxS\amd64_microsoft.windows.common-controls_6595b64144ccf1df_6.0.19041.6456_none_60b8a6cb71f64256;C:\Program Files\Java\jdk-24\bin\server

VM Arguments:
jvm_args: -javaagent:C:\Program Files\JetBrains\IntelliJ IDEA Community Edition 2025.2.4\lib\idea_rt.jar=50129 -Dfile.encoding=UTF-8 -Dsun.stdout.encoding=UTF-8 -Dsun.stderr.encoding=UTF-8 
java_command: com.kefir.logistics.launcher_service.LauncherServiceApplication
java_class_path (initial): C:\Users\2oleg\Downloads\Telegram Desktop\Kefir\Backend\launcher-service\target\classes;C:\Users\2oleg\.m2\repository\org\springframework\boot\spring-boot-starter-web\3.1.5\spring-boot-starter-web-3.1.5.jar;C:\Users\2oleg\.m2\repository\org\springframework\boot\spring-boot-starter\3.1.5\spring-boot-starter-3.1.5.jar;C:\Users\2oleg\.m2\repository\org\springframework\boot\spring-boot\3.1.5\spring-boot-3.1.5.jar;C:\Users\2oleg\.m2\repository\org\springframework\boot\spring-boot-autoconfigure\3.1.5\spring-boot-autoconfigure-3.1.5.jar;C:\Users\2oleg\.m2\repository\org\springframework\boot\spring-boot-starter-logging\3.1.5\spring-boot-starter-logging-3.1.5.jar;C:\Users\2oleg\.m2\repository\ch\qos\logback\logback-classic\1.4.11\logback-classic-1.4.11.jar;C:\Users\2oleg\.m2\repository\ch\qos\logback\logback-core\1.4.11\logback-core-1.4.11.jar;C:\Users\2oleg\.m2\repository\org\apache\logging\log4j\log4j-to-slf4j\2.20.0\log4j-to-slf4j-2.20.0.jar;C:\Users\2oleg\.m2\repository\org\apache\logging\log4j\log4j-api\2.20.0\log4j-api-2.20.0.jar;C:\Users\2oleg\.m2\repository\org\slf4j\jul-to-slf4j\2.0.9\jul-to-slf4j-2.0.9.jar;C:\Users\2oleg\.m2\repository\jakarta\annotation\jakarta.annotation-api\2.1.1\jakarta.annotation-api-2.1.1.jar;C:\Users\2oleg\.m2\repository\org\yaml\snakeyaml\1.33\snakeyaml-1.33.jar;C:\Users\2oleg\.m2\repository\org\springframework\boot\spring-boot-starter-json\3.1.5\spring-boot-starter-json-3.1.5.jar;C:\Users\2oleg\.m2\repository\com\fasterxml\jackson\datatype\jackson-datatype-jdk8\2.15.3\jackson-datatype-jdk8-2.15.3.jar;C:\Users\2oleg\.m2\repository\com\fasterxml\jackson\module\jackson-module-parameter-names\2.15.3\jackson-module-parameter-names-2.15.3.jar;C:\Users\2oleg\.m2\repository\org\springframework\boot\spring-boot-starter-tomcat\3.1.5\spring-boot-starter-tomcat-3.1.5.jar;C:\Users\2oleg\.m2\repository\org\apache\tomcat\embed\tomcat-embed-core\10.1.15\tomcat-embed-core-10.1.15.jar;C:\Users\2oleg\.m2\repository\org\apache\tomcat\embed\tomcat-embed-websocket\10.1.15\tomcat-embed-websocket-10.1.15.jar;C:\Users\2oleg\.m2\repository\org\springframework\spring-web\6.0.13\spring-web-6.0.13.jar;C:\Users\2oleg\.m2\repository\org\springframework\spring-beans\6.0.13\spring-beans-6.0.13.jar;C:\Users\2oleg\.m2\repository\org\springframework\spring-webmvc\6.0.13\spring-webmvc-6.0.13.jar;C:\Users\2oleg\.m2\repository\org\springframework\spring-aop\6.0.13\spring-aop-6.0.13.jar;C:\Users\2oleg\.m2\repository\org\springframework\spring-context\6.0.13\spring-context-6.0.13.jar;C:\Users\2oleg\.m2\repository\org\springframework\spring-expression\6.0.13\spring-expression-6.0.13.jar;C:\Users\2oleg\.m2\repository\org\springframework\boot\spring-boot-starter-actuator\3.1.5\spring-boot-starter-actuator-3.1.5.jar;C:\Users\2oleg\.m2\repository\org\springframework\boot\spring-boot-actuator-autoconfigure\3.1.5\spring-boot-actuator-autoconfigure-3.1.5.jar;C:\Users\2oleg\.m2\repository\org\springframework\boot\spring-boot-actuator\3.1.5\spring-boot-actuator-3.1.5.jar;C:\Users\2oleg\.m2\repository\io\micrometer\micrometer-observation\1.11.5\micrometer-observation-1.11.5.jar;C:\Users\2oleg\.m2\repository\io\micrometer\micrometer-commons\1.11.5\micrometer-commons-1.11.5.jar;C:\Users\2oleg\.m2\repository\io\micrometer\micrometer-core\1.11.5\micrometer-core-1.11.5.jar;C:\Users\2oleg\.m2\repository\org\hdrhistogram\HdrHistogram\2.1.12\HdrHistogram-2.1.12.jar;C:\Users\2oleg\.m2\repository\org\latencyutils\LatencyUtils\2.0.3\LatencyUtils-2.0.3.jar;C:\Users\2oleg\.m2\repository\org\springframework\boot\spring-boot-starter-data-jpa\3.1.5\spring-boot-starter-data-jpa-3.1.5.jar;C:\Users\2oleg\.m2\repository\org\springframework\boot\spring-boot-starter-aop\3.1.5\spring-boot-starter-aop-3.1.5.jar;C:\Users\2oleg\.m2\repository\org\aspectj\aspectjweaver\1.9.20\aspectjweaver-1.9.20.jar;C:\Users\2oleg\.m2\repository\org\springframework\boot\spring-boot-starter-jdbc\3.1.5\spring-boot-starter-jdbc-3.1.5.jar;C:\Users\2oleg\.m2\repository\com\zaxxer\HikariCP\5.0.1\HikariCP-5.0.1.jar;C:\Users\2oleg\.m2\repository\org\springframework\spring-jdbc\6.0.13\spring-jdbc-6.0.13.jar;C:\Users\2oleg\.m2\repository\org\hibernate\orm\hibernate-core\6.2.13.Final\hibernate-core-6.2.13.Final.jar;C:\Users\2oleg\.m2\repository\jakarta\persistence\jakarta.persistence-api\3.1.0\jakarta.persistence-api-3.1.0.jar;C:\Users\2oleg\.m2\repository\jakarta\transaction\jakarta.transaction-api\2.0.1\jakarta.transaction-api-2.0.1.jar;C:\Users\2oleg\.m2\repository\org\jboss\logging\jboss-logging\3.5.3.Final\jboss-logging-3.5.3.Final.jar;C:\Users\2oleg\.m2\repository\org\hibernate\common\hibernate-commons-annotations\6.0.6.Final\hibernate-commons-annotations-6.0.6.Final.jar;C:\Users\2oleg\.m2\repository\io\smallrye\jandex\3.0.5\jandex-3.0.5.jar;C:\Users\2oleg\.m2\repository\com\fasterxml\classmate\1.5.1\classmate-1.5.1.jar;C:\Users\2oleg\.m2\repository\net\bytebuddy\byte-buddy\1.14.9\byte-buddy-1.14.9.jar;C:\Users\2oleg\.m2\repository\org\glassfish\jaxb\jaxb-runtime\4.0.3\jaxb-runtime-4.0.3.jar;C:\Users\2oleg\.m2\repository\org\glassfish\jaxb\jaxb-core\4.0.3\jaxb-core-4.0.3.jar;C:\Users\2oleg\.m2\repository\org\eclipse\angus\angus-activation\2.0.1\angus-activation-2.0.1.jar;C:\Users\2oleg\.m2\repository\org\glassfish\jaxb\txw2\4.0.3\txw2-4.0.3.jar;C:\Users\2oleg\.m2\repository\com\sun\istack\istack-commons-runtime\4.1.2\istack-commons-runtime-4.1.2.jar;C:\Users\2oleg\.m2\repository\jakarta\inject\jakarta.inject-api\2.0.1\jakarta.inject-api-2.0.1.jar;C:\Users\2oleg\.m2\repository\org\antlr\antlr4-runtime\4.10.1\antlr4-runtime-4.10.1.jar;C:\Users\2oleg\.m2\repository\org\springframework\data\spring-data-jpa\3.1.5\spring-data-jpa-3.1.5.jar;C:\Users\2oleg\.m2\repository\org\springframework\data\spring-data-commons\3.1.5\spring-data-commons-3.1.5.jar;C:\Users\2oleg\.m2\repository\org\springframework\spring-orm\6.0.13\spring-orm-6.0.13.jar;C:\Users\2oleg\.m2\repository\org\springframework\spring-tx\6.0.13\spring-tx-6.0.13.jar;C:\Users\2oleg\.m2\repository\org\springframework\spring-aspects\6.0.13\spring-aspects-6.0.13.jar;C:\Users\2oleg\.m2\repository\org\springframework\boot\spring-boot-starter-validation\3.1.5\spring-boot-starter-validation-3.1.5.jar;C:\Users\2oleg\.m2\repository\org\apache\tomcat\embed\tomcat-embed-el\10.1.15\tomcat-embed-el-10.1.15.jar;C:\Users\2oleg\.m2\repository\org\hibernate\validator\hibernate-validator\8.0.1.Final\hibernate-validator-8.0.1.Final.jar;C:\Users\2oleg\.m2\repository\jakarta\validation\jakarta.validation-api\3.0.2\jakarta.validation-api-3.0.2.jar;C:\Users\2oleg\.m2\repository\org\springframework\boot\spring-boot-configuration-processor\3.1.5\spring-boot-configuration-processor-3.1.5.jar;C:\Users\2oleg\.m2\repository\com\h2database\h2\2.1.214\h2-2.1.214.jar;C:\Users\2oleg\.m2\repository\org\springdoc\springdoc-openapi-starter-webmvc-ui\2.2.0\springdoc-openapi-starter-webmvc-ui-2.2.0.jar;C:\Users\2oleg\.m2\repository\org\springdoc\springdoc-openapi-starter-webmvc-api\2.2.0\springdoc-openapi-starter-webmvc-api-2.2.0.jar;C:\Users\2oleg\.m2\repository\org\springdoc\springdoc-openapi-starter-common\2.2.0\springdoc-openapi-starter-common-2.2.0.jar;C:\Users\2oleg\.m2\repository\io\swagger\core\v3\swagger-core-jakarta\2.2.15\swagger-core-jakarta-2.2.15.jar;C:\Users\2oleg\.m2\repository\org\apache\commons\commons-lang3\3.12.0\commons-lang3-3.12.0.jar;C:\Users\2oleg\.m2\repository\io\swagger\core\v3\swagger-annotations-jakarta\2.2.15\swagger-annotations-jakarta-2.2.15.jar;C:\Users\2oleg\.m2\repository\io\swagger\core\v3\swagger-models-jakarta\2.2.15\swagger-models-jakarta-2.2.15.jar;C:\Users\2oleg\.m2\repository\com\fasterxml\jackson\dataformat\jackson-dataformat-yaml\2.15.3\jackson-dataformat-yaml-2.15.3.jar;C:\Users\2oleg\.m2\repository\org\webjars\swagger-ui\5.2.0\swagger-ui-5.2.0.jar;C:\Users\2oleg\.m2\repository\com\fasterxml\jackson\core\jackson-databind\2.15.3\jackson-databind-2.15.3.jar;C:\Users\2oleg\.m2\repository\com\fasterxml\jackson\core\jackson-annotations\2.15.3\jackson-annotations-2.15.3.jar;C:\Users\2oleg\.m2\repository\com\fasterxml\jackson\core\jackson-core\2.15.3\jackson-core-2.15.3.jar;C:\Users\2oleg\.m2\repository\com\fasterxml\jackson\datatype\jackson-datatype-jsr310\2.15.3\jackson-datatype-jsr310-2.15.3.jar;C:\Users\2oleg\.m2\repository\org\slf4j\slf4j-api\2.0.9\slf4j-api-2.0.9.jar;C:\Users\2oleg\.m2\repository\jakarta\xml\bind\jakarta.xml.bind-api\4.0.1\jakarta.xml.bind-api-4.0.1.jar;C:\Users\2oleg\.m2\repository\jakarta\activation\jakarta.activation-api\2.1.2\jakarta.activation-api-2.1.2.jar;C:\Users\2oleg\.m2\repository\org\springframework\spring-core\6.0.13\spring-core-6.0.13.jar;C:\Users\2oleg\.m2\repository\org\springframework\spring-jcl\6.0.13\spring-jcl-6.0.13.jar
Launcher Type: SUN_STANDARD

[Global flags]
     intx CICompilerCount                          = 4                                         {product} {ergonomic}
     uint ConcGCThreads                            = 2                                         {product} {ergonomic}
     uint G1ConcRefinementThreads                  = 8                                         {product} {ergonomic}
   size_t G1HeapRegionSize                         = 2097152                                   {product} {ergonomic}
   size_t InitialHeapSize                          = 192937984                                 {product} {ergonomic}
   size_t MarkStackSize                            = 4194304                                   {product} {ergonomic}
   size_t MarkStackSizeMax                         = 536870912                                 {product} {ergonomic}
   size_t MaxHeapSize                              = 3074424832                                {product} {ergonomic}
   size_t MaxNewSize                               = 1843396608                                {product} {ergonomic}
   size_t MinHeapDeltaBytes                        = 2097152                                   {product} {ergonomic}
   size_t MinHeapSize                              = 8388608                                   {product} {ergonomic}
    uintx NonNMethodCodeHeapSize                   = 5832704                                {pd product} {ergonomic}
    uintx NonProfiledCodeHeapSize                  = 122945536                              {pd product} {ergonomic}
    uintx ProfiledCodeHeapSize                     = 122880000                              {pd product} {ergonomic}
    uintx ReservedCodeCacheSize                    = 251658240                              {pd product} {ergonomic}
     bool SegmentedCodeCache                       = true                                      {product} {ergonomic}
   size_t SoftMaxHeapSize                          = 3074424832                             {manageable} {ergonomic}
     bool UseCompressedOops                        = true                           {product lp64_product} {ergonomic}
     bool UseG1GC                                  = true                                      {product} {ergonomic}
     bool UseLargePagesIndividualAllocation        = false                                  {pd product} {ergonomic}

Logging:
Log output configuration:
 #0: stdout all=warning uptime,level,tags foldmultilines=false
 #1: stderr all=off uptime,level,tags foldmultilines=false

Environment Variables:
JAVA_HOME=C:\Program Files\Java\jdk-21
PATH=C:\Program Files\Common Files\Oracle\Java\javapath;C:\Program Files (x86)\Cuminas\Document Express DjVu Plug-in\;C:\Program Files (x86)\Razer Chroma SDK\bin;C:\Program Files\Razer Chroma SDK\bin;C:\WINDOWS\system32;C:\WINDOWS;C:\WINDOWS\System32\Wbem;C:\WINDOWS\System32\WindowsPowerShell\v1.0\;C:\WINDOWS\System32\OpenSSH\;C:\Program Files (x86)\NVIDIA Corporation\PhysX\Common;C:\WINDOWS\system32\config\systemprofile\AppData\Local\Microsoft\WindowsApps;C:\Program Files (x86)\Razer\ChromaBroadcast\bin;C:\Program Files\Razer\ChromaBroadcast\bin;C:\Users\2oleg\AppData\Local\Microsoft\WindowsApps;C:\Program Files\JetBrains\IntelliJ IDEA Community Edition 2024.3\bin;C:\Users\2oleg\AppData\Local\Programs\Microsoft VS Code\bin;C:\Program Files\Docker\Docker\resources\bin;C:\Users\2oleg\Downloads\curl-8.16.0_6-win64-mingw.zip\curl-8.16.0_6-win64-mingw\bin;C:\Users\2oleg\Downloads\curl-8.16.0_6-win64-mingw\curl-8.16.0_6-win64-mingw\bin;C:\Users\2oleg\Downloads\apache-maven-3.9.11-bin\apache-maven-3.9.11\bin;C:\ProgramData\chocolatey\bin;C:\Users\2oleg\AppData\Roaming\Cloud Foundry;C:\Program Files\Git\cmd;C:\Program Files\nodejs\;C:\Users\2oleg\AppData\Local\Muse Hub\lib;C:\Users\2oleg\AppData\Local\Microsoft\WindowsApps;C:\Program Files\JetBrains\IntelliJ IDEA Community Edition 2025.2.4\bin;C:\Users\2oleg\AppData\Local\Programs\Microsoft VS Code\bin;C:\Program Files\jq.exe;C:\Users\2oleg\AppData\Local\Microsoft\WinGet\Packages\jqlang.jq_Microsoft.Winget.Source_8wekyb3d8bbwe;C:\Program Files\Java\jdk-24;C:\Users\2oleg\Downloads\gradle-9.0.0-bin\gradle-9.0.0\bin;C:\Program Files\Docker\Docker\resources\bin;C:\Users\2oleg\AppData\Local\GitHubDesktop\bin;C:\Users\2oleg\AppData\Roaming\npm
USERNAME=2oleg
OS=Windows_NT
PROCESSOR_IDENTIFIER=Intel64 Family 6 Model 60 Stepping 3, GenuineIntel
TMP=C:\Users\2oleg\AppData\Local\Temp
TEMP=C:\Users\2oleg\AppData\Local\Temp




Periodic native trim disabled

---------------  S Y S T E M  ---------------

OS:
 Windows 10 , 64 bit Build 19041 (10.0.19041.5915)
OS uptime: 10 days 12:24 hours
Hyper-V role detected

CPU: total 8 (initial active 8) (4 cores per cpu, 2 threads per core) family 6 model 60 stepping 3 microcode 0x27, cx8, cmov, fxsr, ht, mmx, sse, sse2, sse3, ssse3, sse4.1, sse4.2, popcnt, lzcnt, tsc, tscinvbit, avx, avx2, aes, erms, clmul, bmi1, bmi2, fma, vzeroupper, clflush, hv, rdtscp, f16c
Processor Information for the first 8 processors :
  Max Mhz: 2401, Current Mhz: 2401, Mhz Limit: 2401

Memory: 4k page, system-wide physical 11723M (2251M free)
TotalPageFile size 23723M (AvailPageFile size 256M)
current process WorkingSet (physical memory assigned to process): 158M, peak: 264M
current process commit charge ("private bytes"): 279M, peak: 333M

vm_info: Java HotSpot(TM) 64-Bit Server VM (24.0.2+12-54) for windows-amd64 JRE (24.0.2+12-54), built on 2025-07-08T12:10:27Z with MS VC++ 17.6 (VS2022)

END.
