#
# There is insufficient memory for the Java Runtime Environment to continue.
# Native memory allocation (malloc) failed to allocate 32744 bytes for Chunk::new
# Possible reasons:
#   The system is out of physical RAM or swap space
#   The process is running with CompressedOops enabled, and the Java Heap may be blocking the growth of the native heap
# Possible solutions:
#   Reduce memory load on the system
#   Increase physical memory or swap space
#   Check if swap backing store is full
#   Decrease Java heap size (-Xmx/-Xms)
#   Decrease number of Java threads
#   Decrease Java thread stack sizes (-Xss)
#   Set larger code cache with -XX:ReservedCodeCacheSize=
#   JVM is running with Zero Based Compressed Oops mode in which the Java heap is
#     placed in the first 32GB address space. The Java Heap base address is the
#     maximum limit for the native heap growth. Please use -XX:HeapBaseMinAddress
#     to set the Java Heap base and to place the Java Heap above 32GB virtual address.
# This output file may be truncated or incomplete.
#
#  Out of Memory Error (arena.cpp:168), pid=24412, tid=21136
#
# JRE version: Java(TM) SE Runtime Environment (21.0.7+8) (build 21.0.7+8-LTS-245)
# Java VM: Java HotSpot(TM) 64-Bit Server VM (21.0.7+8-LTS-245, mixed mode, sharing, tiered, compressed oops, compressed class ptrs, g1 gc, windows-amd64)
# No core dump will be written. Minidumps are not enabled by default on client versions of Windows
#

---------------  S U M M A R Y ------------

Command Line: --enable-native-access=ALL-UNNAMED -Dclassworlds.conf=C:\Users\2oleg\Downloads\apache-maven-3.9.11-bin\apache-maven-3.9.11\bin\m2.conf -Dmaven.home=C:\Users\2oleg\Downloads\apache-maven-3.9.11-bin\apache-maven-3.9.11 -Dlibrary.jansi.path=C:\Users\2oleg\Downloads\apache-maven-3.9.11-bin\apache-maven-3.9.11\lib\jansi-native -Dmaven.multiModuleProjectDirectory=C:\Users\2oleg\Downloads\Telegram Desktop\Kefir\Backend\TransactionSaga org.codehaus.plexus.classworlds.launcher.Launcher spring-boot:run -Dserver.port=8090 -DskipTests

Host: Intel(R) Core(TM) i7-4700HQ CPU @ 2.40GHz, 8 cores, 11G,  Windows 10 , 64 bit Build 19041 (10.0.19041.5915)
Time: Sat Dec 13 01:37:07 2025 RTZ 2 (s 10 , 64 bit Build 19041 (10.0.19041.5915) elapsed time: 4.152145 seconds (0d 0h 0m 4s)

---------------  T H R E A D  ---------------

Current thread (0x000001f0004a6e00):  JavaThread "C2 CompilerThread0" daemon [_thread_in_native, id=21136, stack(0x000000bf00f00000,0x000000bf01000000) (1024K)]


Current CompileTask:
C2:   4152  186       4       java.lang.StringCoding::countPositives (33 bytes)

Stack: [0x000000bf00f00000,0x000000bf01000000]
Native frames: (J=compiled Java code, j=interpreted, Vv=VM code, C=native code)
V  [jvm.dll+0x6cae19]
V  [jvm.dll+0x855741]
V  [jvm.dll+0x857c6e]
V  [jvm.dll+0x858343]
V  [jvm.dll+0x27e0b6]
V  [jvm.dll+0xc4ecd]
V  [jvm.dll+0xc5403]
V  [jvm.dll+0x6f66fc]
V  [jvm.dll+0x1dfae6]
V  [jvm.dll+0x246c82]
V  [jvm.dll+0x24610f]
V  [jvm.dll+0x1c6efe]
V  [jvm.dll+0x255819]
V  [jvm.dll+0x253daa]
V  [jvm.dll+0x3eebb6]
V  [jvm.dll+0x7ffa1b]
V  [jvm.dll+0x6c94fd]
C  [ucrtbase.dll+0x21bb2]
C  [KERNEL32.DLL+0x17374]
C  [ntdll.dll+0x4cc91]


---------------  P R O C E S S  ---------------

Threads class SMR info:
_java_thread_list=0x000001f0006741d0, length=11, elements={
0x000001f060700d40, 0x000001f00049c9c0, 0x000001f00049d610, 0x000001f0004a0170,
0x000001f0004a0bc0, 0x000001f0004a1610, 0x000001f0004a2060, 0x000001f0004a6e00,
0x000001f000512890, 0x000001f000699740, 0x000001f00069fdc0
}

Java Threads: ( => current thread )
  0x000001f060700d40 JavaThread "main"                              [_thread_in_Java, id=29968, stack(0x000000bf00100000,0x000000bf00200000) (1024K)]
  0x000001f00049c9c0 JavaThread "Reference Handler"          daemon [_thread_blocked, id=20684, stack(0x000000bf00900000,0x000000bf00a00000) (1024K)]
  0x000001f00049d610 JavaThread "Finalizer"                  daemon [_thread_blocked, id=30992, stack(0x000000bf00a00000,0x000000bf00b00000) (1024K)]
  0x000001f0004a0170 JavaThread "Signal Dispatcher"          daemon [_thread_blocked, id=9852, stack(0x000000bf00b00000,0x000000bf00c00000) (1024K)]
  0x000001f0004a0bc0 JavaThread "Attach Listener"            daemon [_thread_blocked, id=27208, stack(0x000000bf00c00000,0x000000bf00d00000) (1024K)]
  0x000001f0004a1610 JavaThread "Service Thread"             daemon [_thread_blocked, id=23460, stack(0x000000bf00d00000,0x000000bf00e00000) (1024K)]
  0x000001f0004a2060 JavaThread "Monitor Deflation Thread"   daemon [_thread_blocked, id=25608, stack(0x000000bf00e00000,0x000000bf00f00000) (1024K)]
=>0x000001f0004a6e00 JavaThread "C2 CompilerThread0"         daemon [_thread_in_native, id=21136, stack(0x000000bf00f00000,0x000000bf01000000) (1024K)]
  0x000001f000512890 JavaThread "C1 CompilerThread0"         daemon [_thread_blocked, id=7292, stack(0x000000bf01000000,0x000000bf01100000) (1024K)]
  0x000001f000699740 JavaThread "Notification Thread"        daemon [_thread_blocked, id=29304, stack(0x000000bf01100000,0x000000bf01200000) (1024K)]
  0x000001f00069fdc0 JavaThread "Common-Cleaner"             daemon [_thread_blocked, id=29860, stack(0x000000bf01200000,0x000000bf01300000) (1024K)]
Total: 11

Other Threads:
  0x000001f000480cf0 VMThread "VM Thread"                           [id=29368, stack(0x000000bf00800000,0x000000bf00900000) (1024K)]
  0x000001f00046b6d0 WatcherThread "VM Periodic Task Thread"        [id=30056, stack(0x000000bf00700000,0x000000bf00800000) (1024K)]
  0x000001f062961840 WorkerThread "GC Thread#0"                     [id=22640, stack(0x000000bf00200000,0x000000bf00300000) (1024K)]
  0x000001f06296de70 ConcurrentGCThread "G1 Main Marker"            [id=30376, stack(0x000000bf00300000,0x000000bf00400000) (1024K)]
  0x000001f06296e880 WorkerThread "G1 Conc#0"                       [id=8188, stack(0x000000bf00400000,0x000000bf00500000) (1024K)]
  0x000001f0629dd3d0 ConcurrentGCThread "G1 Refine#0"               [id=23448, stack(0x000000bf00500000,0x000000bf00600000) (1024K)]
  0x000001f0629de000 ConcurrentGCThread "G1 Service"                [id=20440, stack(0x000000bf00600000,0x000000bf00700000) (1024K)]
Total: 7

Threads with active compile tasks:
C2 CompilerThread0     4186  186       4       java.lang.StringCoding::countPositives (33 bytes)
Total: 1

VM state: not at safepoint (normal execution)

VM Mutex/Monitor currently owned by a thread: None

Heap address: 0x0000000748c00000, size: 2932 MB, Compressed Oops mode: Zero based, Oop shift amount: 3

CDS archive(s) mapped at: [0x000001f001000000-0x000001f001c90000-0x000001f001c90000), size 13172736, SharedBaseAddress: 0x000001f001000000, ArchiveRelocationMode: 1.
Compressed class space mapped at: 0x000001f002000000-0x000001f042000000, reserved size: 1073741824
Narrow klass base: 0x000001f001000000, Narrow klass shift: 0, Narrow klass range: 0x100000000

GC Precious Log:
 CardTable entry size: 512
 Card Set container configuration: InlinePtr #cards 4 size 8 Array Of Cards #cards 16 size 48 Howl #buckets 8 coarsen threshold 3686 Howl Bitmap #cards 512 size 80 coarsen threshold 460 Card regions per heap region 1 cards per card region 4096
 CPUs: 8 total, 8 available
 Memory: 11723M
 Large Page Support: Disabled
 NUMA Support: Disabled
 Compressed Oops: Enabled (Zero based)
 Heap Region Size: 2M
 Heap Min Capacity: 8M
 Heap Initial Capacity: 184M
 Heap Max Capacity: 2932M
 Pre-touch: Disabled
 Parallel Workers: 8
 Concurrent Workers: 2
 Concurrent Refinement Workers: 8
 Periodic GC: Disabled

Heap:
 garbage-first heap   total 188416K, used 2048K [0x0000000748c00000, 0x0000000800000000)
  region size 2048K, 2 young (4096K), 0 survivors (0K)
 Metaspace       used 673K, committed 832K, reserved 1114112K
  class space    used 52K, committed 128K, reserved 1048576K

Heap Regions: E=young(eden), S=young(survivor), O=old, HS=humongous(starts), HC=humongous(continues), CS=collection set, F=free, TAMS=top-at-mark-start, PB=parsable bottom
|   0|0x0000000748c00000, 0x0000000748c00000, 0x0000000748e00000|  0%| F|  |TAMS 0x0000000748c00000| PB 0x0000000748c00000| Untracked 
|   1|0x0000000748e00000, 0x0000000748e00000, 0x0000000749000000|  0%| F|  |TAMS 0x0000000748e00000| PB 0x0000000748e00000| Untracked 
|   2|0x0000000749000000, 0x0000000749000000, 0x0000000749200000|  0%| F|  |TAMS 0x0000000749000000| PB 0x0000000749000000| Untracked 
|   3|0x0000000749200000, 0x0000000749200000, 0x0000000749400000|  0%| F|  |TAMS 0x0000000749200000| PB 0x0000000749200000| Untracked 
|   4|0x0000000749400000, 0x0000000749400000, 0x0000000749600000|  0%| F|  |TAMS 0x0000000749400000| PB 0x0000000749400000| Untracked 
|   5|0x0000000749600000, 0x0000000749600000, 0x0000000749800000|  0%| F|  |TAMS 0x0000000749600000| PB 0x0000000749600000| Untracked 
|   6|0x0000000749800000, 0x0000000749800000, 0x0000000749a00000|  0%| F|  |TAMS 0x0000000749800000| PB 0x0000000749800000| Untracked 
|   7|0x0000000749a00000, 0x0000000749a00000, 0x0000000749c00000|  0%| F|  |TAMS 0x0000000749a00000| PB 0x0000000749a00000| Untracked 
|   8|0x0000000749c00000, 0x0000000749c00000, 0x0000000749e00000|  0%| F|  |TAMS 0x0000000749c00000| PB 0x0000000749c00000| Untracked 
|   9|0x0000000749e00000, 0x0000000749e00000, 0x000000074a000000|  0%| F|  |TAMS 0x0000000749e00000| PB 0x0000000749e00000| Untracked 
|  10|0x000000074a000000, 0x000000074a000000, 0x000000074a200000|  0%| F|  |TAMS 0x000000074a000000| PB 0x000000074a000000| Untracked 
|  11|0x000000074a200000, 0x000000074a200000, 0x000000074a400000|  0%| F|  |TAMS 0x000000074a200000| PB 0x000000074a200000| Untracked 
|  12|0x000000074a400000, 0x000000074a400000, 0x000000074a600000|  0%| F|  |TAMS 0x000000074a400000| PB 0x000000074a400000| Untracked 
|  13|0x000000074a600000, 0x000000074a600000, 0x000000074a800000|  0%| F|  |TAMS 0x000000074a600000| PB 0x000000074a600000| Untracked 
|  14|0x000000074a800000, 0x000000074a800000, 0x000000074aa00000|  0%| F|  |TAMS 0x000000074a800000| PB 0x000000074a800000| Untracked 
|  15|0x000000074aa00000, 0x000000074aa00000, 0x000000074ac00000|  0%| F|  |TAMS 0x000000074aa00000| PB 0x000000074aa00000| Untracked 
|  16|0x000000074ac00000, 0x000000074ac00000, 0x000000074ae00000|  0%| F|  |TAMS 0x000000074ac00000| PB 0x000000074ac00000| Untracked 
|  17|0x000000074ae00000, 0x000000074ae00000, 0x000000074b000000|  0%| F|  |TAMS 0x000000074ae00000| PB 0x000000074ae00000| Untracked 
|  18|0x000000074b000000, 0x000000074b000000, 0x000000074b200000|  0%| F|  |TAMS 0x000000074b000000| PB 0x000000074b000000| Untracked 
|  19|0x000000074b200000, 0x000000074b200000, 0x000000074b400000|  0%| F|  |TAMS 0x000000074b200000| PB 0x000000074b200000| Untracked 
|  20|0x000000074b400000, 0x000000074b400000, 0x000000074b600000|  0%| F|  |TAMS 0x000000074b400000| PB 0x000000074b400000| Untracked 
|  21|0x000000074b600000, 0x000000074b600000, 0x000000074b800000|  0%| F|  |TAMS 0x000000074b600000| PB 0x000000074b600000| Untracked 
|  22|0x000000074b800000, 0x000000074b800000, 0x000000074ba00000|  0%| F|  |TAMS 0x000000074b800000| PB 0x000000074b800000| Untracked 
|  23|0x000000074ba00000, 0x000000074ba00000, 0x000000074bc00000|  0%| F|  |TAMS 0x000000074ba00000| PB 0x000000074ba00000| Untracked 
|  24|0x000000074bc00000, 0x000000074bc00000, 0x000000074be00000|  0%| F|  |TAMS 0x000000074bc00000| PB 0x000000074bc00000| Untracked 
|  25|0x000000074be00000, 0x000000074be00000, 0x000000074c000000|  0%| F|  |TAMS 0x000000074be00000| PB 0x000000074be00000| Untracked 
|  26|0x000000074c000000, 0x000000074c000000, 0x000000074c200000|  0%| F|  |TAMS 0x000000074c000000| PB 0x000000074c000000| Untracked 
|  27|0x000000074c200000, 0x000000074c200000, 0x000000074c400000|  0%| F|  |TAMS 0x000000074c200000| PB 0x000000074c200000| Untracked 
|  28|0x000000074c400000, 0x000000074c400000, 0x000000074c600000|  0%| F|  |TAMS 0x000000074c400000| PB 0x000000074c400000| Untracked 
|  29|0x000000074c600000, 0x000000074c600000, 0x000000074c800000|  0%| F|  |TAMS 0x000000074c600000| PB 0x000000074c600000| Untracked 
|  30|0x000000074c800000, 0x000000074c800000, 0x000000074ca00000|  0%| F|  |TAMS 0x000000074c800000| PB 0x000000074c800000| Untracked 
|  31|0x000000074ca00000, 0x000000074ca00000, 0x000000074cc00000|  0%| F|  |TAMS 0x000000074ca00000| PB 0x000000074ca00000| Untracked 
|  32|0x000000074cc00000, 0x000000074cc00000, 0x000000074ce00000|  0%| F|  |TAMS 0x000000074cc00000| PB 0x000000074cc00000| Untracked 
|  33|0x000000074ce00000, 0x000000074ce00000, 0x000000074d000000|  0%| F|  |TAMS 0x000000074ce00000| PB 0x000000074ce00000| Untracked 
|  34|0x000000074d000000, 0x000000074d000000, 0x000000074d200000|  0%| F|  |TAMS 0x000000074d000000| PB 0x000000074d000000| Untracked 
|  35|0x000000074d200000, 0x000000074d200000, 0x000000074d400000|  0%| F|  |TAMS 0x000000074d200000| PB 0x000000074d200000| Untracked 
|  36|0x000000074d400000, 0x000000074d400000, 0x000000074d600000|  0%| F|  |TAMS 0x000000074d400000| PB 0x000000074d400000| Untracked 
|  37|0x000000074d600000, 0x000000074d600000, 0x000000074d800000|  0%| F|  |TAMS 0x000000074d600000| PB 0x000000074d600000| Untracked 
|  38|0x000000074d800000, 0x000000074d800000, 0x000000074da00000|  0%| F|  |TAMS 0x000000074d800000| PB 0x000000074d800000| Untracked 
|  39|0x000000074da00000, 0x000000074da00000, 0x000000074dc00000|  0%| F|  |TAMS 0x000000074da00000| PB 0x000000074da00000| Untracked 
|  40|0x000000074dc00000, 0x000000074dc00000, 0x000000074de00000|  0%| F|  |TAMS 0x000000074dc00000| PB 0x000000074dc00000| Untracked 
|  41|0x000000074de00000, 0x000000074de00000, 0x000000074e000000|  0%| F|  |TAMS 0x000000074de00000| PB 0x000000074de00000| Untracked 
|  42|0x000000074e000000, 0x000000074e000000, 0x000000074e200000|  0%| F|  |TAMS 0x000000074e000000| PB 0x000000074e000000| Untracked 
|  43|0x000000074e200000, 0x000000074e200000, 0x000000074e400000|  0%| F|  |TAMS 0x000000074e200000| PB 0x000000074e200000| Untracked 
|  44|0x000000074e400000, 0x000000074e400000, 0x000000074e600000|  0%| F|  |TAMS 0x000000074e400000| PB 0x000000074e400000| Untracked 
|  45|0x000000074e600000, 0x000000074e600000, 0x000000074e800000|  0%| F|  |TAMS 0x000000074e600000| PB 0x000000074e600000| Untracked 
|  46|0x000000074e800000, 0x000000074e800000, 0x000000074ea00000|  0%| F|  |TAMS 0x000000074e800000| PB 0x000000074e800000| Untracked 
|  47|0x000000074ea00000, 0x000000074ea00000, 0x000000074ec00000|  0%| F|  |TAMS 0x000000074ea00000| PB 0x000000074ea00000| Untracked 
|  48|0x000000074ec00000, 0x000000074ec00000, 0x000000074ee00000|  0%| F|  |TAMS 0x000000074ec00000| PB 0x000000074ec00000| Untracked 
|  49|0x000000074ee00000, 0x000000074ee00000, 0x000000074f000000|  0%| F|  |TAMS 0x000000074ee00000| PB 0x000000074ee00000| Untracked 
|  50|0x000000074f000000, 0x000000074f000000, 0x000000074f200000|  0%| F|  |TAMS 0x000000074f000000| PB 0x000000074f000000| Untracked 
|  51|0x000000074f200000, 0x000000074f200000, 0x000000074f400000|  0%| F|  |TAMS 0x000000074f200000| PB 0x000000074f200000| Untracked 
|  52|0x000000074f400000, 0x000000074f400000, 0x000000074f600000|  0%| F|  |TAMS 0x000000074f400000| PB 0x000000074f400000| Untracked 
|  53|0x000000074f600000, 0x000000074f600000, 0x000000074f800000|  0%| F|  |TAMS 0x000000074f600000| PB 0x000000074f600000| Untracked 
|  54|0x000000074f800000, 0x000000074f800000, 0x000000074fa00000|  0%| F|  |TAMS 0x000000074f800000| PB 0x000000074f800000| Untracked 
|  55|0x000000074fa00000, 0x000000074fa00000, 0x000000074fc00000|  0%| F|  |TAMS 0x000000074fa00000| PB 0x000000074fa00000| Untracked 
|  56|0x000000074fc00000, 0x000000074fc00000, 0x000000074fe00000|  0%| F|  |TAMS 0x000000074fc00000| PB 0x000000074fc00000| Untracked 
|  57|0x000000074fe00000, 0x000000074fe00000, 0x0000000750000000|  0%| F|  |TAMS 0x000000074fe00000| PB 0x000000074fe00000| Untracked 
|  58|0x0000000750000000, 0x0000000750000000, 0x0000000750200000|  0%| F|  |TAMS 0x0000000750000000| PB 0x0000000750000000| Untracked 
|  59|0x0000000750200000, 0x0000000750200000, 0x0000000750400000|  0%| F|  |TAMS 0x0000000750200000| PB 0x0000000750200000| Untracked 
|  60|0x0000000750400000, 0x0000000750400000, 0x0000000750600000|  0%| F|  |TAMS 0x0000000750400000| PB 0x0000000750400000| Untracked 
|  61|0x0000000750600000, 0x0000000750600000, 0x0000000750800000|  0%| F|  |TAMS 0x0000000750600000| PB 0x0000000750600000| Untracked 
|  62|0x0000000750800000, 0x0000000750800000, 0x0000000750a00000|  0%| F|  |TAMS 0x0000000750800000| PB 0x0000000750800000| Untracked 
|  63|0x0000000750a00000, 0x0000000750a00000, 0x0000000750c00000|  0%| F|  |TAMS 0x0000000750a00000| PB 0x0000000750a00000| Untracked 
|  64|0x0000000750c00000, 0x0000000750c00000, 0x0000000750e00000|  0%| F|  |TAMS 0x0000000750c00000| PB 0x0000000750c00000| Untracked 
|  65|0x0000000750e00000, 0x0000000750e00000, 0x0000000751000000|  0%| F|  |TAMS 0x0000000750e00000| PB 0x0000000750e00000| Untracked 
|  66|0x0000000751000000, 0x0000000751000000, 0x0000000751200000|  0%| F|  |TAMS 0x0000000751000000| PB 0x0000000751000000| Untracked 
|  67|0x0000000751200000, 0x0000000751200000, 0x0000000751400000|  0%| F|  |TAMS 0x0000000751200000| PB 0x0000000751200000| Untracked 
|  68|0x0000000751400000, 0x0000000751400000, 0x0000000751600000|  0%| F|  |TAMS 0x0000000751400000| PB 0x0000000751400000| Untracked 
|  69|0x0000000751600000, 0x0000000751600000, 0x0000000751800000|  0%| F|  |TAMS 0x0000000751600000| PB 0x0000000751600000| Untracked 
|  70|0x0000000751800000, 0x0000000751800000, 0x0000000751a00000|  0%| F|  |TAMS 0x0000000751800000| PB 0x0000000751800000| Untracked 
|  71|0x0000000751a00000, 0x0000000751a00000, 0x0000000751c00000|  0%| F|  |TAMS 0x0000000751a00000| PB 0x0000000751a00000| Untracked 
|  72|0x0000000751c00000, 0x0000000751c00000, 0x0000000751e00000|  0%| F|  |TAMS 0x0000000751c00000| PB 0x0000000751c00000| Untracked 
|  73|0x0000000751e00000, 0x0000000751e00000, 0x0000000752000000|  0%| F|  |TAMS 0x0000000751e00000| PB 0x0000000751e00000| Untracked 
|  74|0x0000000752000000, 0x0000000752000000, 0x0000000752200000|  0%| F|  |TAMS 0x0000000752000000| PB 0x0000000752000000| Untracked 
|  75|0x0000000752200000, 0x0000000752200000, 0x0000000752400000|  0%| F|  |TAMS 0x0000000752200000| PB 0x0000000752200000| Untracked 
|  76|0x0000000752400000, 0x0000000752400000, 0x0000000752600000|  0%| F|  |TAMS 0x0000000752400000| PB 0x0000000752400000| Untracked 
|  77|0x0000000752600000, 0x0000000752600000, 0x0000000752800000|  0%| F|  |TAMS 0x0000000752600000| PB 0x0000000752600000| Untracked 
|  78|0x0000000752800000, 0x0000000752800000, 0x0000000752a00000|  0%| F|  |TAMS 0x0000000752800000| PB 0x0000000752800000| Untracked 
|  79|0x0000000752a00000, 0x0000000752a00000, 0x0000000752c00000|  0%| F|  |TAMS 0x0000000752a00000| PB 0x0000000752a00000| Untracked 
|  80|0x0000000752c00000, 0x0000000752c00000, 0x0000000752e00000|  0%| F|  |TAMS 0x0000000752c00000| PB 0x0000000752c00000| Untracked 
|  81|0x0000000752e00000, 0x0000000752e00000, 0x0000000753000000|  0%| F|  |TAMS 0x0000000752e00000| PB 0x0000000752e00000| Untracked 
|  82|0x0000000753000000, 0x0000000753000000, 0x0000000753200000|  0%| F|  |TAMS 0x0000000753000000| PB 0x0000000753000000| Untracked 
|  83|0x0000000753200000, 0x0000000753200000, 0x0000000753400000|  0%| F|  |TAMS 0x0000000753200000| PB 0x0000000753200000| Untracked 
|  84|0x0000000753400000, 0x0000000753400000, 0x0000000753600000|  0%| F|  |TAMS 0x0000000753400000| PB 0x0000000753400000| Untracked 
|  85|0x0000000753600000, 0x0000000753600000, 0x0000000753800000|  0%| F|  |TAMS 0x0000000753600000| PB 0x0000000753600000| Untracked 
|  86|0x0000000753800000, 0x0000000753800000, 0x0000000753a00000|  0%| F|  |TAMS 0x0000000753800000| PB 0x0000000753800000| Untracked 
|  87|0x0000000753a00000, 0x0000000753a00000, 0x0000000753c00000|  0%| F|  |TAMS 0x0000000753a00000| PB 0x0000000753a00000| Untracked 
|  88|0x0000000753c00000, 0x0000000753c00000, 0x0000000753e00000|  0%| F|  |TAMS 0x0000000753c00000| PB 0x0000000753c00000| Untracked 
|  89|0x0000000753e00000, 0x0000000753e00000, 0x0000000754000000|  0%| F|  |TAMS 0x0000000753e00000| PB 0x0000000753e00000| Untracked 
|  90|0x0000000754000000, 0x0000000754163148, 0x0000000754200000| 69%| E|  |TAMS 0x0000000754000000| PB 0x0000000754000000| Complete 
|  91|0x0000000754200000, 0x0000000754400000, 0x0000000754400000|100%| E|CS|TAMS 0x0000000754200000| PB 0x0000000754200000| Complete 

Card table byte_map: [0x000001f07a6b0000,0x000001f07ac70000] _byte_map_base: 0x000001f076c6a000

Marking Bits: (CMBitMap*) 0x000001f062961e50
 Bits: [0x000001f07ac70000, 0x000001f07da40000)

Polling page: 0x000001f060ab0000

Metaspace:

Usage:
  Non-class:    620.93 KB used.
      Class:     52.87 KB used.
       Both:    673.80 KB used.

Virtual space:
  Non-class space:       64.00 MB reserved,     704.00 KB (  1%) committed,  1 nodes.
      Class space:        1.00 GB reserved,     128.00 KB ( <1%) committed,  1 nodes.
             Both:        1.06 GB reserved,     832.00 KB ( <1%) committed. 

Chunk freelists:
   Non-Class:  11.92 MB
       Class:  15.73 MB
        Both:  27.65 MB

MaxMetaspaceSize: unlimited
CompressedClassSpaceSize: 1.00 GB
Initial GC threshold: 21.00 MB
Current GC threshold: 21.00 MB
CDS: on
 - commit_granule_bytes: 65536.
 - commit_granule_words: 8192.
 - virtual_space_node_default_size: 8388608.
 - enlarge_chunks_in_place: 1.
 - use_allocation_guard: 0.


Internal statistics:

num_allocs_failed_limit: 0.
num_arena_births: 10.
num_arena_deaths: 0.
num_vsnodes_births: 2.
num_vsnodes_deaths: 0.
num_space_committed: 13.
num_space_uncommitted: 0.
num_chunks_returned_to_freelist: 0.
num_chunks_taken_from_freelist: 18.
num_chunk_merges: 0.
num_chunk_splits: 11.
num_chunks_enlarged: 9.
num_inconsistent_stats: 0.

CodeHeap 'non-profiled nmethods': size=120000Kb used=64Kb max_used=64Kb free=119935Kb
 bounds [0x000001f072880000, 0x000001f072af0000, 0x000001f079db0000]
CodeHeap 'profiled nmethods': size=120000Kb used=255Kb max_used=255Kb free=119744Kb
 bounds [0x000001f06adb0000, 0x000001f06b020000, 0x000001f0722e0000]
CodeHeap 'non-nmethods': size=5760Kb used=1288Kb max_used=1302Kb free=4471Kb
 bounds [0x000001f0722e0000, 0x000001f072550000, 0x000001f072880000]
 total_blobs=595 nmethods=189 adapters=311
 compilation: enabled
              stopped_count=0, restarted_count=0
 full_count=0

Compilation events (20 events):
Event: 3.886 Thread 0x000001f000512890 nmethod 176 0x000001f06ade4610 code [0x000001f06ade4840, 0x000001f06ade5138]
Event: 3.886 Thread 0x000001f000512890  177       3       jdk.internal.misc.Blocker::end (71 bytes)
Event: 3.886 Thread 0x000001f000512890 nmethod 177 0x000001f06ade5390 code [0x000001f06ade5580, 0x000001f06ade5a50]
Event: 3.886 Thread 0x000001f000512890  178       3       jdk.internal.misc.Blocker::currentCarrierThread (9 bytes)
Event: 3.886 Thread 0x000001f000512890 nmethod 178 0x000001f06ade5c10 code [0x000001f06ade5dc0, 0x000001f06ade5f28]
Event: 3.886 Thread 0x000001f000512890  179       3       java.util.ImmutableCollections$MapN::get (35 bytes)
Event: 3.886 Thread 0x000001f000512890 nmethod 179 0x000001f06ade6010 code [0x000001f06ade6200, 0x000001f06ade65b8]
Event: 3.887 Thread 0x000001f000512890  181       3       java.util.zip.ZipFile$Source::nextEntryPos (22 bytes)
Event: 3.887 Thread 0x000001f000512890 nmethod 181 0x000001f06ade6710 code [0x000001f06ade68e0, 0x000001f06ade6c10]
Event: 3.887 Thread 0x000001f000512890  182       1       java.util.zip.Inflater$InflaterZStreamRef::address (5 bytes)
Event: 3.887 Thread 0x000001f000512890 nmethod 182 0x000001f07288f510 code [0x000001f07288f6a0, 0x000001f07288f768]
Event: 3.887 Thread 0x000001f000512890  183       3       java.util.jar.Manifest$FastInputStream::readLine (9 bytes)
Event: 3.888 Thread 0x000001f000512890 nmethod 183 0x000001f06ade6e10 code [0x000001f06ade6fc0, 0x000001f06ade7120]
Event: 3.888 Thread 0x000001f000512890  185       3       java.util.jar.Manifest$FastInputStream::peek (38 bytes)
Event: 3.888 Thread 0x000001f000512890 nmethod 185 0x000001f06ade7210 code [0x000001f06ade73c0, 0x000001f06ade75e0]
Event: 3.888 Thread 0x000001f000512890  184   !   3       java.lang.String::<init> (890 bytes)
Event: 3.889 Thread 0x000001f0004a6e00 nmethod 170% 0x000001f07288f810 code [0x000001f07288f9a0, 0x000001f07288fc48]
Event: 3.889 Thread 0x000001f0004a6e00  175       4       java.lang.StringLatin1::canEncode (13 bytes)
Event: 3.889 Thread 0x000001f0004a6e00 nmethod 175 0x000001f07288fd90 code [0x000001f07288ff20, 0x000001f07288ffa8]
Event: 3.889 Thread 0x000001f0004a6e00  186       4       java.lang.StringCoding::countPositives (33 bytes)

GC Heap History (0 events):
No events

Dll operation events (5 events):
Event: 0.363 Loaded shared library C:\Program Files\Java\jdk-21\bin\java.dll
Event: 2.122 Loaded shared library C:\Program Files\Java\jdk-21\bin\jsvml.dll
Event: 3.006 Loaded shared library C:\Program Files\Java\jdk-21\bin\net.dll
Event: 3.272 Loaded shared library C:\Program Files\Java\jdk-21\bin\nio.dll
Event: 3.279 Loaded shared library C:\Program Files\Java\jdk-21\bin\zip.dll

Deoptimization events (20 events):
Event: 3.890 Thread 0x000001f060700d40 DEOPT PACKING pc=0x000001f06adb8a55 sp=0x000000bf001fe0e0
Event: 3.890 Thread 0x000001f060700d40 DEOPT UNPACKING pc=0x000001f072334e42 sp=0x000000bf001fd550 mode 0
Event: 3.890 Thread 0x000001f060700d40 DEOPT PACKING pc=0x000001f06adb8a55 sp=0x000000bf001fe0e0
Event: 3.890 Thread 0x000001f060700d40 DEOPT UNPACKING pc=0x000001f072334e42 sp=0x000000bf001fd550 mode 0
Event: 3.890 Thread 0x000001f060700d40 DEOPT PACKING pc=0x000001f06adb8a55 sp=0x000000bf001fe0e0
Event: 3.890 Thread 0x000001f060700d40 DEOPT UNPACKING pc=0x000001f072334e42 sp=0x000000bf001fd550 mode 0
Event: 3.890 Thread 0x000001f060700d40 DEOPT PACKING pc=0x000001f06adb8a55 sp=0x000000bf001fe0e0
Event: 3.890 Thread 0x000001f060700d40 DEOPT UNPACKING pc=0x000001f072334e42 sp=0x000000bf001fd550 mode 0
Event: 3.890 Thread 0x000001f060700d40 DEOPT PACKING pc=0x000001f06adb8a55 sp=0x000000bf001fe0e0
Event: 3.891 Thread 0x000001f060700d40 DEOPT UNPACKING pc=0x000001f072334e42 sp=0x000000bf001fd550 mode 0
Event: 3.891 Thread 0x000001f060700d40 DEOPT PACKING pc=0x000001f06adb8a55 sp=0x000000bf001fe0e0
Event: 3.891 Thread 0x000001f060700d40 DEOPT UNPACKING pc=0x000001f072334e42 sp=0x000000bf001fd550 mode 0
Event: 3.891 Thread 0x000001f060700d40 DEOPT PACKING pc=0x000001f06adb8a55 sp=0x000000bf001fe0e0
Event: 3.891 Thread 0x000001f060700d40 DEOPT UNPACKING pc=0x000001f072334e42 sp=0x000000bf001fd550 mode 0
Event: 3.891 Thread 0x000001f060700d40 DEOPT PACKING pc=0x000001f06adb8a55 sp=0x000000bf001fe0e0
Event: 3.891 Thread 0x000001f060700d40 DEOPT UNPACKING pc=0x000001f072334e42 sp=0x000000bf001fd550 mode 0
Event: 3.891 Thread 0x000001f060700d40 DEOPT PACKING pc=0x000001f06adb8a55 sp=0x000000bf001fe0e0
Event: 3.891 Thread 0x000001f060700d40 DEOPT UNPACKING pc=0x000001f072334e42 sp=0x000000bf001fd550 mode 0
Event: 3.892 Thread 0x000001f060700d40 DEOPT PACKING pc=0x000001f06adb8a55 sp=0x000000bf001fe0e0
Event: 3.892 Thread 0x000001f060700d40 DEOPT UNPACKING pc=0x000001f072334e42 sp=0x000000bf001fd550 mode 0

Classes loaded (20 events):
Event: 3.308 Loading class sun/nio/cs/UTF_8$Decoder
Event: 3.375 Loading class sun/nio/cs/UTF_8$Decoder done
Event: 3.376 Loading class sun/nio/ch/NativeThread
Event: 3.376 Loading class sun/nio/ch/NativeThread done
Event: 3.376 Loading class sun/nio/ch/Util
Event: 3.376 Loading class sun/nio/ch/Util done
Event: 3.377 Loading class sun/nio/ch/Util$1
Event: 3.377 Loading class sun/nio/ch/Util$1 done
Event: 3.377 Loading class sun/nio/ch/Util$BufferCache
Event: 3.377 Loading class sun/nio/ch/Util$BufferCache done
Event: 3.377 Loading class java/nio/DirectByteBuffer$Deallocator
Event: 3.377 Loading class java/nio/DirectByteBuffer$Deallocator done
Event: 3.378 Loading class sun/nio/ch/IOStatus
Event: 3.378 Loading class sun/nio/ch/IOStatus done
Event: 3.393 Loading class java/io/FilenameFilter
Event: 3.393 Loading class java/io/FilenameFilter done
Event: 3.633 Loading class java/net/URLClassLoader$1
Event: 3.633 Loading class java/net/URLClassLoader$1 done
Event: 3.633 Loading class jdk/internal/loader/URLClassPath$FileLoader
Event: 3.633 Loading class jdk/internal/loader/URLClassPath$FileLoader done

Classes unloaded (0 events):
No events

Classes redefined (0 events):
No events

Internal exceptions (1 events):
Event: 3.605 Thread 0x000001f060700d40 Exception <a 'java/lang/NoSuchMethodError'{0x00000007540ab578}: 'int java.lang.invoke.DirectMethodHandle$Holder.invokeSpecial(java.lang.Object, java.lang.Object, java.lang.Object)'> (0x00000007540ab578) 
thrown [s\open\src\hotspot\share\interpreter\linkResolver.cpp, line 773]

ZGC Phase Switch (0 events):
No events

VM Operations (2 events):
Event: 3.754 Executing VM operation: Cleanup
Event: 3.883 Executing VM operation: Cleanup done

Events (11 events):
Event: 0.576 Thread 0x000001f060700d40 Thread added: 0x000001f060700d40
Event: 2.055 Thread 0x000001f00049c9c0 Thread added: 0x000001f00049c9c0
Event: 2.055 Thread 0x000001f00049d610 Thread added: 0x000001f00049d610
Event: 2.056 Thread 0x000001f0004a0170 Thread added: 0x000001f0004a0170
Event: 2.056 Thread 0x000001f0004a0bc0 Thread added: 0x000001f0004a0bc0
Event: 2.056 Thread 0x000001f0004a1610 Thread added: 0x000001f0004a1610
Event: 2.056 Thread 0x000001f0004a2060 Thread added: 0x000001f0004a2060
Event: 2.057 Thread 0x000001f0004a6e00 Thread added: 0x000001f0004a6e00
Event: 2.170 Thread 0x000001f000512890 Thread added: 0x000001f000512890
Event: 2.601 Thread 0x000001f000699740 Thread added: 0x000001f000699740
Event: 2.605 Thread 0x000001f00069fdc0 Thread added: 0x000001f00069fdc0


Dynamic libraries:
0x00007ff703c60000 - 0x00007ff703c70000 	C:\Program Files\Java\jdk-21\bin\java.exe
0x00007ff9f5930000 - 0x00007ff9f5b28000 	C:\WINDOWS\SYSTEM32\ntdll.dll
0x00007ff9f5400000 - 0x00007ff9f54c2000 	C:\WINDOWS\System32\KERNEL32.DLL
0x00007ff9f3130000 - 0x00007ff9f3426000 	C:\WINDOWS\System32\KERNELBASE.dll
0x00007ff9e2300000 - 0x00007ff9e2319000 	C:\Program Files\Java\jdk-21\bin\jli.dll
0x00007ff9f3da0000 - 0x00007ff9f3e51000 	C:\WINDOWS\System32\ADVAPI32.dll
0x00007ff9f5820000 - 0x00007ff9f58be000 	C:\WINDOWS\System32\msvcrt.dll
0x00007ff9f4800000 - 0x00007ff9f489f000 	C:\WINDOWS\System32\sechost.dll
0x00007ff9f3c10000 - 0x00007ff9f3d30000 	C:\WINDOWS\System32\RPCRT4.dll
0x00007ff9f3560000 - 0x00007ff9f3587000 	C:\WINDOWS\System32\bcrypt.dll
0x00007ff9f3f40000 - 0x00007ff9f40e1000 	C:\WINDOWS\System32\USER32.dll
0x00007ff9f3100000 - 0x00007ff9f3122000 	C:\WINDOWS\System32\win32u.dll
0x00007ff9f47c0000 - 0x00007ff9f47eb000 	C:\WINDOWS\System32\GDI32.dll
0x00007ff9f2f90000 - 0x00007ff9f30a9000 	C:\WINDOWS\System32\gdi32full.dll
0x00007ff9f3590000 - 0x00007ff9f362d000 	C:\WINDOWS\System32\msvcp_win.dll
0x00007ff9e31d0000 - 0x00007ff9e31eb000 	C:\Program Files\Java\jdk-21\bin\VCRUNTIME140.dll
0x00007ff9e4da0000 - 0x00007ff9e503b000 	C:\WINDOWS\WinSxS\amd64_microsoft.windows.common-controls_6595b64144ccf1df_6.0.19041.6456_none_60b8a6cb71f64256\COMCTL32.dll
0x00007ff9ecd10000 - 0x00007ff9ecd1a000 	C:\WINDOWS\SYSTEM32\VERSION.dll
0x00007ff9f3820000 - 0x00007ff9f3920000 	C:\WINDOWS\System32\ucrtbase.dll
0x00007ff9f3f10000 - 0x00007ff9f3f3f000 	C:\WINDOWS\System32\IMM32.DLL
0x00007ff9ed3a0000 - 0x00007ff9ed3ac000 	C:\Program Files\Java\jdk-21\bin\vcruntime140_1.dll
0x00007ff9c7130000 - 0x00007ff9c71be000 	C:\Program Files\Java\jdk-21\bin\msvcp140.dll
0x00007ff98ebe0000 - 0x00007ff98f8fa000 	C:\Program Files\Java\jdk-21\bin\server\jvm.dll
0x00007ff9f4210000 - 0x00007ff9f427b000 	C:\WINDOWS\System32\WS2_32.dll
0x00007ff9f2df0000 - 0x00007ff9f2e3b000 	C:\WINDOWS\SYSTEM32\POWRPROF.dll
0x00007ff9e0140000 - 0x00007ff9e0167000 	C:\WINDOWS\SYSTEM32\WINMM.dll
0x00007ff9f2dd0000 - 0x00007ff9f2de2000 	C:\WINDOWS\SYSTEM32\UMPDC.dll
0x00007ff9f0dc0000 - 0x00007ff9f0dd2000 	C:\WINDOWS\SYSTEM32\kernel.appcore.dll
0x00007ff9ed370000 - 0x00007ff9ed37a000 	C:\Program Files\Java\jdk-21\bin\jimage.dll
0x00007ff9df840000 - 0x00007ff9dfa41000 	C:\WINDOWS\SYSTEM32\DBGHELP.DLL
0x00007ff9dd350000 - 0x00007ff9dd384000 	C:\WINDOWS\SYSTEM32\dbgcore.DLL
0x00007ff9f3630000 - 0x00007ff9f36b2000 	C:\WINDOWS\System32\bcryptPrimitives.dll
0x00007ff9e0be0000 - 0x00007ff9e0bff000 	C:\Program Files\Java\jdk-21\bin\java.dll
0x00007ff9f4930000 - 0x00007ff9f50a0000 	C:\WINDOWS\System32\SHELL32.dll
0x00007ff9f0fc0000 - 0x00007ff9f1765000 	C:\WINDOWS\SYSTEM32\windows.storage.dll
0x00007ff9f50a0000 - 0x00007ff9f53f4000 	C:\WINDOWS\System32\combase.dll
0x00007ff9f28e0000 - 0x00007ff9f290b000 	C:\WINDOWS\SYSTEM32\Wldp.dll
0x00007ff9f46f0000 - 0x00007ff9f47bd000 	C:\WINDOWS\System32\OLEAUT32.dll
0x00007ff9f3920000 - 0x00007ff9f39cd000 	C:\WINDOWS\System32\SHCORE.dll
0x00007ff9f57c0000 - 0x00007ff9f581b000 	C:\WINDOWS\System32\shlwapi.dll
0x00007ff9f2ec0000 - 0x00007ff9f2ee4000 	C:\WINDOWS\SYSTEM32\profapi.dll
0x00007ff9ab440000 - 0x00007ff9ab517000 	C:\Program Files\Java\jdk-21\bin\jsvml.dll
0x00007ff9ebd20000 - 0x00007ff9ebd30000 	C:\Program Files\Java\jdk-21\bin\net.dll
0x00007ff9ec950000 - 0x00007ff9eca5a000 	C:\WINDOWS\SYSTEM32\WINHTTP.dll
0x00007ff9f25f0000 - 0x00007ff9f265a000 	C:\WINDOWS\system32\mswsock.dll
0x00007ff9dbf20000 - 0x00007ff9dbf36000 	C:\Program Files\Java\jdk-21\bin\nio.dll
0x00007ff9d8a60000 - 0x00007ff9d8a78000 	C:\Program Files\Java\jdk-21\bin\zip.dll

dbghelp: loaded successfully - version: 4.0.5 - missing functions: none
symbol engine: initialized successfully - sym options: 0x614 - pdb path: .;C:\Program Files\Java\jdk-21\bin;C:\WINDOWS\SYSTEM32;C:\WINDOWS\WinSxS\amd64_microsoft.windows.common-controls_6595b64144ccf1df_6.0.19041.6456_none_60b8a6cb71f64256;C:\Program Files\Java\jdk-21\bin\server

VM Arguments:
jvm_args: --enable-native-access=ALL-UNNAMED -Dclassworlds.conf=C:\Users\2oleg\Downloads\apache-maven-3.9.11-bin\apache-maven-3.9.11\bin\m2.conf -Dmaven.home=C:\Users\2oleg\Downloads\apache-maven-3.9.11-bin\apache-maven-3.9.11 -Dlibrary.jansi.path=C:\Users\2oleg\Downloads\apache-maven-3.9.11-bin\apache-maven-3.9.11\lib\jansi-native -Dmaven.multiModuleProjectDirectory=C:\Users\2oleg\Downloads\Telegram Desktop\Kefir\Backend\TransactionSaga 
java_command: org.codehaus.plexus.classworlds.launcher.Launcher spring-boot:run -Dserver.port=8090 -DskipTests
java_class_path (initial): C:\Users\2oleg\Downloads\apache-maven-3.9.11-bin\apache-maven-3.9.11\boot\plexus-classworlds-2.9.0.jar
Launcher Type: SUN_STANDARD

[Global flags]
     intx CICompilerCount                          = 4                                         {product} {ergonomic}
     uint ConcGCThreads                            = 2                                         {product} {ergonomic}
     uint G1ConcRefinementThreads                  = 8                                         {product} {ergonomic}
   size_t G1HeapRegionSize                         = 2097152                                   {product} {ergonomic}
    uintx GCDrainStackTargetSize                   = 64                                        {product} {ergonomic}
   size_t InitialHeapSize                          = 192937984                                 {product} {ergonomic}
   size_t MarkStackSize                            = 4194304                                   {product} {ergonomic}
   size_t MaxHeapSize                              = 3074424832                                {product} {ergonomic}
   size_t MaxNewSize                               = 1843396608                                {product} {ergonomic}
   size_t MinHeapDeltaBytes                        = 2097152                                   {product} {ergonomic}
   size_t MinHeapSize                              = 8388608                                   {product} {ergonomic}
    uintx NonNMethodCodeHeapSize                   = 5839372                                {pd product} {ergonomic}
    uintx NonProfiledCodeHeapSize                  = 122909434                              {pd product} {ergonomic}
    uintx ProfiledCodeHeapSize                     = 122909434                              {pd product} {ergonomic}
    uintx ReservedCodeCacheSize                    = 251658240                              {pd product} {ergonomic}
     bool SegmentedCodeCache                       = true                                      {product} {ergonomic}
   size_t SoftMaxHeapSize                          = 3074424832                             {manageable} {ergonomic}
     bool UseCompressedOops                        = true                           {product lp64_product} {ergonomic}
     bool UseG1GC                                  = true                                      {product} {ergonomic}
     bool UseLargePagesIndividualAllocation        = false                                  {pd product} {ergonomic}

Logging:
Log output configuration:
 #0: stdout all=warning uptime,level,tags foldmultilines=false
 #1: stderr all=off uptime,level,tags foldmultilines=false

Environment Variables:
JAVA_HOME=C:\Program Files\Java\jdk-21
PATH=C:\Program Files\Common Files\Oracle\Java\javapath;C:\Program Files (x86)\Cuminas\Document Express DjVu Plug-in\;C:\Program Files (x86)\Razer Chroma SDK\bin;C:\Program Files\Razer Chroma SDK\bin;C:\WINDOWS\system32;C:\WINDOWS;C:\WINDOWS\System32\Wbem;C:\WINDOWS\System32\WindowsPowerShell\v1.0\;C:\WINDOWS\System32\OpenSSH\;C:\Program Files (x86)\NVIDIA Corporation\PhysX\Common;C:\WINDOWS\system32\config\systemprofile\AppData\Local\Microsoft\WindowsApps;C:\Program Files (x86)\Razer\ChromaBroadcast\bin;C:\Program Files\Razer\ChromaBroadcast\bin;C:\Users\2oleg\AppData\Local\Microsoft\WindowsApps;C:\Program Files\JetBrains\IntelliJ IDEA Community Edition 2024.3\bin;C:\Users\2oleg\AppData\Local\Programs\Microsoft VS Code\bin;C:\Program Files\Docker\Docker\resources\bin;C:\Users\2oleg\Downloads\curl-8.16.0_6-win64-mingw.zip\curl-8.16.0_6-win64-mingw\bin;C:\Users\2oleg\Downloads\curl-8.16.0_6-win64-mingw\curl-8.16.0_6-win64-mingw\bin;C:\Users\2oleg\Downloads\apache-maven-3.9.11-bin\apache-maven-3.9.11\bin;C:\ProgramData\chocolatey\bin;C:\Users\2oleg\AppData\Roaming\Cloud Foundry;C:\Program Files\Git\cmd;C:\Program Files\nodejs\;C:\Users\2oleg\AppData\Local\Muse Hub\lib;C:\Users\2oleg\AppData\Local\Microsoft\WindowsApps;C:\Program Files\JetBrains\IntelliJ IDEA Community Edition 2025.2.4\bin;C:\Users\2oleg\AppData\Local\Programs\Microsoft VS Code\bin;C:\Program Files\jq.exe;C:\Users\2oleg\AppData\Local\Microsoft\WinGet\Packages\jqlang.jq_Microsoft.Winget.Source_8wekyb3d8bbwe;C:\Program Files\Java\jdk-24;C:\Users\2oleg\Downloads\gradle-9.0.0-bin\gradle-9.0.0\bin;C:\Program Files\Docker\Docker\resources\bin;C:\Users\2oleg\AppData\Local\GitHubDesktop\bin;C:\Users\2oleg\AppData\Roaming\npm
USERNAME=2oleg
OS=Windows_NT
PROCESSOR_IDENTIFIER=Intel64 Family 6 Model 60 Stepping 3, GenuineIntel
TMP=C:\Users\2oleg\AppData\Local\Temp
TEMP=C:\Users\2oleg\AppData\Local\Temp




Periodic native trim disabled

---------------  S Y S T E M  ---------------

OS:
 Windows 10 , 64 bit Build 19041 (10.0.19041.5915)
OS uptime: 10 days 12:22 hours
Hyper-V role detected

CPU: total 8 (initial active 8) (4 cores per cpu, 2 threads per core) family 6 model 60 stepping 3 microcode 0x27, cx8, cmov, fxsr, ht, mmx, sse, sse2, sse3, ssse3, sse4.1, sse4.2, popcnt, lzcnt, tsc, tscinvbit, avx, avx2, aes, erms, clmul, bmi1, bmi2, fma, vzeroupper, clflush, hv, rdtscp, f16c
Processor Information for all 8 processors :
  Max Mhz: 2401, Current Mhz: 2401, Mhz Limit: 2401

Memory: 4k page, system-wide physical 11723M (1777M free)
TotalPageFile size 23723M (AvailPageFile size 18M)
current process WorkingSet (physical memory assigned to process): 39M, peak: 39M
current process commit charge ("private bytes"): 268M, peak: 268M

vm_info: Java HotSpot(TM) 64-Bit Server VM (21.0.7+8-LTS-245) for windows-amd64 JRE (21.0.7+8-LTS-245), built on 2025-02-21T05:11:27Z by "mach5one" with MS VC++ 17.6 (VS2022)

END.
