#
# There is insufficient memory for the Java Runtime Environment to continue.
# Native memory allocation (malloc) failed to allocate 32744 bytes for Chunk::new
# Possible reasons:
#   The system is out of physical RAM or swap space
#   The process is running with CompressedOops enabled, and the Java Heap may be blocking the growth of the native heap
# Possible solutions:
#   Reduce memory load on the system
#   Increase physical memory or swap space
#   Check if swap backing store is full
#   Decrease Java heap size (-Xmx/-Xms)
#   Decrease number of Java threads
#   Decrease Java thread stack sizes (-Xss)
#   Set larger code cache with -XX:ReservedCodeCacheSize=
#   JVM is running with Zero Based Compressed Oops mode in which the Java heap is
#     placed in the first 32GB address space. The Java Heap base address is the
#     maximum limit for the native heap growth. Please use -XX:HeapBaseMinAddress
#     to set the Java Heap base and to place the Java Heap above 32GB virtual address.
# This output file may be truncated or incomplete.
#
#  Out of Memory Error (arena.cpp:168), pid=2788, tid=32276
#
# JRE version: Java(TM) SE Runtime Environment (21.0.7+8) (build 21.0.7+8-LTS-245)
# Java VM: Java HotSpot(TM) 64-Bit Server VM (21.0.7+8-LTS-245, mixed mode, sharing, tiered, compressed oops, compressed class ptrs, g1 gc, windows-amd64)
# No core dump will be written. Minidumps are not enabled by default on client versions of Windows
#

---------------  S U M M A R Y ------------

Command Line: --enable-native-access=ALL-UNNAMED -Dclassworlds.conf=C:\Users\2oleg\Downloads\apache-maven-3.9.11-bin\apache-maven-3.9.11\bin\m2.conf -Dmaven.home=C:\Users\2oleg\Downloads\apache-maven-3.9.11-bin\apache-maven-3.9.11 -Dlibrary.jansi.path=C:\Users\2oleg\Downloads\apache-maven-3.9.11-bin\apache-maven-3.9.11\lib\jansi-native -Dmaven.multiModuleProjectDirectory=C:\Users\2oleg\Downloads\Telegram Desktop\Kefir\Backend\TransactionSaga org.codehaus.plexus.classworlds.launcher.Launcher spring-boot:run -Dserver.port=8090 -DskipTests

Host: Intel(R) Core(TM) i7-4700HQ CPU @ 2.40GHz, 8 cores, 11G,  Windows 10 , 64 bit Build 19041 (10.0.19041.5915)
Time: Sat Dec 13 01:37:34 2025 RTZ 2 (s 10 , 64 bit Build 19041 (10.0.19041.5915) elapsed time: 12.742946 seconds (0d 0h 0m 12s)

---------------  T H R E A D  ---------------

Current thread (0x000001cbbbb135d0):  JavaThread "C1 CompilerThread0" daemon [_thread_in_native, id=32276, stack(0x0000002594800000,0x0000002594900000) (1024K)]


Current CompileTask:
C1:  12743 1128   !   3       sun.nio.fs.WindowsPath::initOffsets (153 bytes)

Stack: [0x0000002594800000,0x0000002594900000]
Native frames: (J=compiled Java code, j=interpreted, Vv=VM code, C=native code)
V  [jvm.dll+0x6cae19]
V  [jvm.dll+0x855741]
V  [jvm.dll+0x857c6e]
V  [jvm.dll+0x858343]
V  [jvm.dll+0x27e0b6]
V  [jvm.dll+0xc4ecd]
V  [jvm.dll+0xc5403]
V  [jvm.dll+0x17d4ff]
V  [jvm.dll+0x1930fd]
V  [jvm.dll+0x133d47]
V  [jvm.dll+0x68e06d]
V  [jvm.dll+0x133f98]
V  [jvm.dll+0x17bc1e]
V  [jvm.dll+0x184391]
V  [jvm.dll+0x17c81e]
V  [jvm.dll+0x16a9e0]
V  [jvm.dll+0x1537e7]
V  [jvm.dll+0x1530b8]
V  [jvm.dll+0x153304]
V  [jvm.dll+0x152736]
V  [jvm.dll+0x15450d]
V  [jvm.dll+0x255819]
V  [jvm.dll+0x253daa]
V  [jvm.dll+0x3eebb6]
V  [jvm.dll+0x7ffa1b]
V  [jvm.dll+0x6c94fd]
C  [ucrtbase.dll+0x21bb2]
C  [KERNEL32.DLL+0x17374]
C  [ntdll.dll+0x4cc91]


---------------  P R O C E S S  ---------------

Threads class SMR info:
_java_thread_list=0x000001cbfda37550, length=12, elements={
0x000001cb9be332e0, 0x000001cbbbada620, 0x000001cbbbadb420, 0x000001cbbbade130,
0x000001cbbbadeb80, 0x000001cbbbadf5d0, 0x000001cbbbae0020, 0x000001cbbbae51c0,
0x000001cbbbb135d0, 0x000001cbfd015020, 0x000001cbfd05bce0, 0x000001cbfd7767c0
}

Java Threads: ( => current thread )
  0x000001cb9be332e0 JavaThread "main"                              [_thread_blocked, id=31724, stack(0x0000002593900000,0x0000002593a00000) (1024K)]
  0x000001cbbbada620 JavaThread "Reference Handler"          daemon [_thread_blocked, id=24752, stack(0x0000002594100000,0x0000002594200000) (1024K)]
  0x000001cbbbadb420 JavaThread "Finalizer"                  daemon [_thread_blocked, id=10296, stack(0x0000002594200000,0x0000002594300000) (1024K)]
  0x000001cbbbade130 JavaThread "Signal Dispatcher"          daemon [_thread_blocked, id=21884, stack(0x0000002594300000,0x0000002594400000) (1024K)]
  0x000001cbbbadeb80 JavaThread "Attach Listener"            daemon [_thread_blocked, id=22656, stack(0x0000002594400000,0x0000002594500000) (1024K)]
  0x000001cbbbadf5d0 JavaThread "Service Thread"             daemon [_thread_blocked, id=27284, stack(0x0000002594500000,0x0000002594600000) (1024K)]
  0x000001cbbbae0020 JavaThread "Monitor Deflation Thread"   daemon [_thread_blocked, id=12520, stack(0x0000002594600000,0x0000002594700000) (1024K)]
  0x000001cbbbae51c0 JavaThread "C2 CompilerThread0"         daemon [_thread_in_native, id=19040, stack(0x0000002594700000,0x0000002594800000) (1024K)]
=>0x000001cbbbb135d0 JavaThread "C1 CompilerThread0"         daemon [_thread_in_native, id=32276, stack(0x0000002594800000,0x0000002594900000) (1024K)]
  0x000001cbfd015020 JavaThread "Notification Thread"        daemon [_thread_blocked, id=30656, stack(0x0000002594900000,0x0000002594a00000) (1024K)]
  0x000001cbfd05bce0 JavaThread "Common-Cleaner"             daemon [_thread_blocked, id=29040, stack(0x0000002594a00000,0x0000002594b00000) (1024K)]
  0x000001cbfd7767c0 JavaThread "C2 CompilerThread1"         daemon [_thread_blocked, id=31576, stack(0x0000002594b00000,0x0000002594c00000) (1024K)]
Total: 12

Other Threads:
  0x000001cbbbac0000 VMThread "VM Thread"                           [id=29012, stack(0x0000002594000000,0x0000002594100000) (1024K)]
  0x000001cbbbaaf800 WatcherThread "VM Periodic Task Thread"        [id=27336, stack(0x0000002593f00000,0x0000002594000000) (1024K)]
  0x000001cb9e01edf0 WorkerThread "GC Thread#0"                     [id=16412, stack(0x0000002593a00000,0x0000002593b00000) (1024K)]
  0x000001cbfd7d0c60 WorkerThread "GC Thread#1"                     [id=29240, stack(0x0000000000000000,0x0000000000000000) (0B)]
  0x000001cbfd7d1000 WorkerThread "GC Thread#2"                     [id=5048, stack(0x0000000000000000,0x0000000000000000) (0B)]
  0x000001cbfd9e8900 WorkerThread "GC Thread#3"                     [id=29088, stack(0x0000000000000000,0x0000000000000000) (0B)]
  0x000001cb9e02b510 ConcurrentGCThread "G1 Main Marker"            [id=32236, stack(0x0000002593b00000,0x0000002593c00000) (1024K)]
  0x000001cb9e02c010 WorkerThread "G1 Conc#0"                       [id=32328, stack(0x0000002593c00000,0x0000002593d00000) (1024K)]
  0x000001cb9e09d160 ConcurrentGCThread "G1 Refine#0"               [id=29260, stack(0x0000002593d00000,0x0000002593e00000) (1024K)]
  0x000001cb9e09dcd0 ConcurrentGCThread "G1 Service"                [id=30852, stack(0x0000002593e00000,0x0000002593f00000) (1024K)]
Total: 10

Threads with active compile tasks:
C2 CompilerThread0    13024 1121       4       sun.nio.cs.StreamDecoder::lockedRead (189 bytes)
C1 CompilerThread0    13024 1128   !   3       sun.nio.fs.WindowsPath::initOffsets (153 bytes)
Total: 2

VM state: at safepoint (normal execution)

VM Mutex/Monitor currently owned by a thread:  ([mutex/lock_event])
[0x00007ff98f81de50] Threads_lock - owner thread: 0x000001cbbbac0000
[0x00007ff98f81df50] Heap_lock - owner thread: 0x000001cb9be332e0

Heap address: 0x0000000748c00000, size: 2932 MB, Compressed Oops mode: Zero based, Oop shift amount: 3

CDS archive(s) mapped at: [0x000001cbbc000000-0x000001cbbcc90000-0x000001cbbcc90000), size 13172736, SharedBaseAddress: 0x000001cbbc000000, ArchiveRelocationMode: 1.
Compressed class space mapped at: 0x000001cbbd000000-0x000001cbfd000000, reserved size: 1073741824
Narrow klass base: 0x000001cbbc000000, Narrow klass shift: 0, Narrow klass range: 0x100000000

GC Precious Log:
 CardTable entry size: 512
 Card Set container configuration: InlinePtr #cards 4 size 8 Array Of Cards #cards 16 size 48 Howl #buckets 8 coarsen threshold 3686 Howl Bitmap #cards 512 size 80 coarsen threshold 460 Card regions per heap region 1 cards per card region 4096
 CPUs: 8 total, 8 available
 Memory: 11723M
 Large Page Support: Disabled
 NUMA Support: Disabled
 Compressed Oops: Enabled (Zero based)
 Heap Region Size: 2M
 Heap Min Capacity: 8M
 Heap Initial Capacity: 184M
 Heap Max Capacity: 2932M
 Pre-touch: Disabled
 Parallel Workers: 8
 Concurrent Workers: 2
 Concurrent Refinement Workers: 8
 Periodic GC: Disabled

Heap:
 garbage-first heap   total 188416K, used 22528K [0x0000000748c00000, 0x0000000800000000)
  region size 2048K, 13 young (26624K), 2 survivors (4096K)
 Metaspace       used 5604K, committed 5824K, reserved 1114112K
  class space    used 645K, committed 768K, reserved 1048576K

Heap Regions: E=young(eden), S=young(survivor), O=old, HS=humongous(starts), HC=humongous(continues), CS=collection set, F=free, TAMS=top-at-mark-start, PB=parsable bottom
|   0|0x0000000748c00000, 0x0000000748c00000, 0x0000000748e00000|  0%| F|  |TAMS 0x0000000748c00000| PB 0x0000000748c00000| Untracked 
|   1|0x0000000748e00000, 0x0000000748e00000, 0x0000000749000000|  0%| F|  |TAMS 0x0000000748e00000| PB 0x0000000748e00000| Untracked 
|   2|0x0000000749000000, 0x0000000749000000, 0x0000000749200000|  0%| F|  |TAMS 0x0000000749000000| PB 0x0000000749000000| Untracked 
|   3|0x0000000749200000, 0x0000000749200000, 0x0000000749400000|  0%| F|  |TAMS 0x0000000749200000| PB 0x0000000749200000| Untracked 
|   4|0x0000000749400000, 0x0000000749400000, 0x0000000749600000|  0%| F|  |TAMS 0x0000000749400000| PB 0x0000000749400000| Untracked 
|   5|0x0000000749600000, 0x0000000749600000, 0x0000000749800000|  0%| F|  |TAMS 0x0000000749600000| PB 0x0000000749600000| Untracked 
|   6|0x0000000749800000, 0x0000000749800000, 0x0000000749a00000|  0%| F|  |TAMS 0x0000000749800000| PB 0x0000000749800000| Untracked 
|   7|0x0000000749a00000, 0x0000000749a00000, 0x0000000749c00000|  0%| F|  |TAMS 0x0000000749a00000| PB 0x0000000749a00000| Untracked 
|   8|0x0000000749c00000, 0x0000000749c00000, 0x0000000749e00000|  0%| F|  |TAMS 0x0000000749c00000| PB 0x0000000749c00000| Untracked 
|   9|0x0000000749e00000, 0x0000000749e00000, 0x000000074a000000|  0%| F|  |TAMS 0x0000000749e00000| PB 0x0000000749e00000| Untracked 
|  10|0x000000074a000000, 0x000000074a000000, 0x000000074a200000|  0%| F|  |TAMS 0x000000074a000000| PB 0x000000074a000000| Untracked 
|  11|0x000000074a200000, 0x000000074a200000, 0x000000074a400000|  0%| F|  |TAMS 0x000000074a200000| PB 0x000000074a200000| Untracked 
|  12|0x000000074a400000, 0x000000074a400000, 0x000000074a600000|  0%| F|  |TAMS 0x000000074a400000| PB 0x000000074a400000| Untracked 
|  13|0x000000074a600000, 0x000000074a600000, 0x000000074a800000|  0%| F|  |TAMS 0x000000074a600000| PB 0x000000074a600000| Untracked 
|  14|0x000000074a800000, 0x000000074a800000, 0x000000074aa00000|  0%| F|  |TAMS 0x000000074a800000| PB 0x000000074a800000| Untracked 
|  15|0x000000074aa00000, 0x000000074aa00000, 0x000000074ac00000|  0%| F|  |TAMS 0x000000074aa00000| PB 0x000000074aa00000| Untracked 
|  16|0x000000074ac00000, 0x000000074ac00000, 0x000000074ae00000|  0%| F|  |TAMS 0x000000074ac00000| PB 0x000000074ac00000| Untracked 
|  17|0x000000074ae00000, 0x000000074ae00000, 0x000000074b000000|  0%| F|  |TAMS 0x000000074ae00000| PB 0x000000074ae00000| Untracked 
|  18|0x000000074b000000, 0x000000074b000000, 0x000000074b200000|  0%| F|  |TAMS 0x000000074b000000| PB 0x000000074b000000| Untracked 
|  19|0x000000074b200000, 0x000000074b200000, 0x000000074b400000|  0%| F|  |TAMS 0x000000074b200000| PB 0x000000074b200000| Untracked 
|  20|0x000000074b400000, 0x000000074b400000, 0x000000074b600000|  0%| F|  |TAMS 0x000000074b400000| PB 0x000000074b400000| Untracked 
|  21|0x000000074b600000, 0x000000074b600000, 0x000000074b800000|  0%| F|  |TAMS 0x000000074b600000| PB 0x000000074b600000| Untracked 
|  22|0x000000074b800000, 0x000000074b800000, 0x000000074ba00000|  0%| F|  |TAMS 0x000000074b800000| PB 0x000000074b800000| Untracked 
|  23|0x000000074ba00000, 0x000000074ba00000, 0x000000074bc00000|  0%| F|  |TAMS 0x000000074ba00000| PB 0x000000074ba00000| Untracked 
|  24|0x000000074bc00000, 0x000000074bc00000, 0x000000074be00000|  0%| F|  |TAMS 0x000000074bc00000| PB 0x000000074bc00000| Untracked 
|  25|0x000000074be00000, 0x000000074be00000, 0x000000074c000000|  0%| F|  |TAMS 0x000000074be00000| PB 0x000000074be00000| Untracked 
|  26|0x000000074c000000, 0x000000074c000000, 0x000000074c200000|  0%| F|  |TAMS 0x000000074c000000| PB 0x000000074c000000| Untracked 
|  27|0x000000074c200000, 0x000000074c200000, 0x000000074c400000|  0%| F|  |TAMS 0x000000074c200000| PB 0x000000074c200000| Untracked 
|  28|0x000000074c400000, 0x000000074c400000, 0x000000074c600000|  0%| F|  |TAMS 0x000000074c400000| PB 0x000000074c400000| Untracked 
|  29|0x000000074c600000, 0x000000074c600000, 0x000000074c800000|  0%| F|  |TAMS 0x000000074c600000| PB 0x000000074c600000| Untracked 
|  30|0x000000074c800000, 0x000000074c800000, 0x000000074ca00000|  0%| F|  |TAMS 0x000000074c800000| PB 0x000000074c800000| Untracked 
|  31|0x000000074ca00000, 0x000000074ca00000, 0x000000074cc00000|  0%| F|  |TAMS 0x000000074ca00000| PB 0x000000074ca00000| Untracked 
|  32|0x000000074cc00000, 0x000000074cc00000, 0x000000074ce00000|  0%| F|  |TAMS 0x000000074cc00000| PB 0x000000074cc00000| Untracked 
|  33|0x000000074ce00000, 0x000000074ce00000, 0x000000074d000000|  0%| F|  |TAMS 0x000000074ce00000| PB 0x000000074ce00000| Untracked 
|  34|0x000000074d000000, 0x000000074d000000, 0x000000074d200000|  0%| F|  |TAMS 0x000000074d000000| PB 0x000000074d000000| Untracked 
|  35|0x000000074d200000, 0x000000074d200000, 0x000000074d400000|  0%| F|  |TAMS 0x000000074d200000| PB 0x000000074d200000| Untracked 
|  36|0x000000074d400000, 0x000000074d400000, 0x000000074d600000|  0%| F|  |TAMS 0x000000074d400000| PB 0x000000074d400000| Untracked 
|  37|0x000000074d600000, 0x000000074d600000, 0x000000074d800000|  0%| F|  |TAMS 0x000000074d600000| PB 0x000000074d600000| Untracked 
|  38|0x000000074d800000, 0x000000074d800000, 0x000000074da00000|  0%| F|  |TAMS 0x000000074d800000| PB 0x000000074d800000| Untracked 
|  39|0x000000074da00000, 0x000000074da00000, 0x000000074dc00000|  0%| F|  |TAMS 0x000000074da00000| PB 0x000000074da00000| Untracked 
|  40|0x000000074dc00000, 0x000000074dc00000, 0x000000074de00000|  0%| F|  |TAMS 0x000000074dc00000| PB 0x000000074dc00000| Untracked 
|  41|0x000000074de00000, 0x000000074de00000, 0x000000074e000000|  0%| F|  |TAMS 0x000000074de00000| PB 0x000000074de00000| Untracked 
|  42|0x000000074e000000, 0x000000074e000000, 0x000000074e200000|  0%| F|  |TAMS 0x000000074e000000| PB 0x000000074e000000| Untracked 
|  43|0x000000074e200000, 0x000000074e200000, 0x000000074e400000|  0%| F|  |TAMS 0x000000074e200000| PB 0x000000074e200000| Untracked 
|  44|0x000000074e400000, 0x000000074e400000, 0x000000074e600000|  0%| F|  |TAMS 0x000000074e400000| PB 0x000000074e400000| Untracked 
|  45|0x000000074e600000, 0x000000074e600000, 0x000000074e800000|  0%| F|  |TAMS 0x000000074e600000| PB 0x000000074e600000| Untracked 
|  46|0x000000074e800000, 0x000000074e800000, 0x000000074ea00000|  0%| F|  |TAMS 0x000000074e800000| PB 0x000000074e800000| Untracked 
|  47|0x000000074ea00000, 0x000000074ea00000, 0x000000074ec00000|  0%| F|  |TAMS 0x000000074ea00000| PB 0x000000074ea00000| Untracked 
|  48|0x000000074ec00000, 0x000000074ec00000, 0x000000074ee00000|  0%| F|  |TAMS 0x000000074ec00000| PB 0x000000074ec00000| Untracked 
|  49|0x000000074ee00000, 0x000000074ee00000, 0x000000074f000000|  0%| F|  |TAMS 0x000000074ee00000| PB 0x000000074ee00000| Untracked 
|  50|0x000000074f000000, 0x000000074f000000, 0x000000074f200000|  0%| F|  |TAMS 0x000000074f000000| PB 0x000000074f000000| Untracked 
|  51|0x000000074f200000, 0x000000074f200000, 0x000000074f400000|  0%| F|  |TAMS 0x000000074f200000| PB 0x000000074f200000| Untracked 
|  52|0x000000074f400000, 0x000000074f400000, 0x000000074f600000|  0%| F|  |TAMS 0x000000074f400000| PB 0x000000074f400000| Untracked 
|  53|0x000000074f600000, 0x000000074f600000, 0x000000074f800000|  0%| F|  |TAMS 0x000000074f600000| PB 0x000000074f600000| Untracked 
|  54|0x000000074f800000, 0x000000074f800000, 0x000000074fa00000|  0%| F|  |TAMS 0x000000074f800000| PB 0x000000074f800000| Untracked 
|  55|0x000000074fa00000, 0x000000074fa00000, 0x000000074fc00000|  0%| F|  |TAMS 0x000000074fa00000| PB 0x000000074fa00000| Untracked 
|  56|0x000000074fc00000, 0x000000074fc00000, 0x000000074fe00000|  0%| F|  |TAMS 0x000000074fc00000| PB 0x000000074fc00000| Untracked 
|  57|0x000000074fe00000, 0x000000074fe00000, 0x0000000750000000|  0%| F|  |TAMS 0x000000074fe00000| PB 0x000000074fe00000| Untracked 
|  58|0x0000000750000000, 0x0000000750000000, 0x0000000750200000|  0%| F|  |TAMS 0x0000000750000000| PB 0x0000000750000000| Untracked 
|  59|0x0000000750200000, 0x0000000750200000, 0x0000000750400000|  0%| F|  |TAMS 0x0000000750200000| PB 0x0000000750200000| Untracked 
|  60|0x0000000750400000, 0x0000000750400000, 0x0000000750600000|  0%| F|  |TAMS 0x0000000750400000| PB 0x0000000750400000| Untracked 
|  61|0x0000000750600000, 0x0000000750600000, 0x0000000750800000|  0%| F|  |TAMS 0x0000000750600000| PB 0x0000000750600000| Untracked 
|  62|0x0000000750800000, 0x0000000750800000, 0x0000000750a00000|  0%| F|  |TAMS 0x0000000750800000| PB 0x0000000750800000| Untracked 
|  63|0x0000000750a00000, 0x0000000750a00000, 0x0000000750c00000|  0%| F|  |TAMS 0x0000000750a00000| PB 0x0000000750a00000| Untracked 
|  64|0x0000000750c00000, 0x0000000750c00000, 0x0000000750e00000|  0%| F|  |TAMS 0x0000000750c00000| PB 0x0000000750c00000| Untracked 
|  65|0x0000000750e00000, 0x0000000750e00000, 0x0000000751000000|  0%| F|  |TAMS 0x0000000750e00000| PB 0x0000000750e00000| Untracked 
|  66|0x0000000751000000, 0x0000000751000000, 0x0000000751200000|  0%| F|  |TAMS 0x0000000751000000| PB 0x0000000751000000| Untracked 
|  67|0x0000000751200000, 0x0000000751200000, 0x0000000751400000|  0%| F|  |TAMS 0x0000000751200000| PB 0x0000000751200000| Untracked 
|  68|0x0000000751400000, 0x0000000751400000, 0x0000000751600000|  0%| F|  |TAMS 0x0000000751400000| PB 0x0000000751400000| Untracked 
|  69|0x0000000751600000, 0x0000000751600000, 0x0000000751800000|  0%| F|  |TAMS 0x0000000751600000| PB 0x0000000751600000| Untracked 
|  70|0x0000000751800000, 0x0000000751800000, 0x0000000751a00000|  0%| F|  |TAMS 0x0000000751800000| PB 0x0000000751800000| Untracked 
|  71|0x0000000751a00000, 0x0000000751a00000, 0x0000000751c00000|  0%| F|  |TAMS 0x0000000751a00000| PB 0x0000000751a00000| Untracked 
|  72|0x0000000751c00000, 0x0000000751c00000, 0x0000000751e00000|  0%| F|  |TAMS 0x0000000751c00000| PB 0x0000000751c00000| Untracked 
|  73|0x0000000751e00000, 0x0000000751e00000, 0x0000000752000000|  0%| F|  |TAMS 0x0000000751e00000| PB 0x0000000751e00000| Untracked 
|  74|0x0000000752000000, 0x0000000752000000, 0x0000000752200000|  0%| F|  |TAMS 0x0000000752000000| PB 0x0000000752000000| Untracked 
|  75|0x0000000752200000, 0x0000000752200000, 0x0000000752400000|  0%| F|  |TAMS 0x0000000752200000| PB 0x0000000752200000| Untracked 
|  76|0x0000000752400000, 0x0000000752400000, 0x0000000752600000|  0%| F|  |TAMS 0x0000000752400000| PB 0x0000000752400000| Untracked 
|  77|0x0000000752600000, 0x0000000752600000, 0x0000000752800000|  0%| F|  |TAMS 0x0000000752600000| PB 0x0000000752600000| Untracked 
|  78|0x0000000752800000, 0x0000000752800000, 0x0000000752a00000|  0%| F|  |TAMS 0x0000000752800000| PB 0x0000000752800000| Untracked 
|  79|0x0000000752a00000, 0x0000000752bc0000, 0x0000000752c00000| 87%| S|  |TAMS 0x0000000752a00000| PB 0x0000000752a00000| Complete 
|  80|0x0000000752c00000, 0x0000000752e00000, 0x0000000752e00000|100%| S|  |TAMS 0x0000000752c00000| PB 0x0000000752c00000| Complete 
|  81|0x0000000752e00000, 0x0000000753000000, 0x0000000753000000|100%| E|CS|TAMS 0x0000000752e00000| PB 0x0000000752e00000| Complete 
|  82|0x0000000753000000, 0x0000000753200000, 0x0000000753200000|100%| E|CS|TAMS 0x0000000753000000| PB 0x0000000753000000| Complete 
|  83|0x0000000753200000, 0x0000000753400000, 0x0000000753400000|100%| E|CS|TAMS 0x0000000753200000| PB 0x0000000753200000| Complete 
|  84|0x0000000753400000, 0x0000000753600000, 0x0000000753600000|100%| E|CS|TAMS 0x0000000753400000| PB 0x0000000753400000| Complete 
|  85|0x0000000753600000, 0x0000000753800000, 0x0000000753800000|100%| E|CS|TAMS 0x0000000753600000| PB 0x0000000753600000| Complete 
|  86|0x0000000753800000, 0x0000000753a00000, 0x0000000753a00000|100%| E|CS|TAMS 0x0000000753800000| PB 0x0000000753800000| Complete 
|  87|0x0000000753a00000, 0x0000000753c00000, 0x0000000753c00000|100%| E|CS|TAMS 0x0000000753a00000| PB 0x0000000753a00000| Complete 
|  88|0x0000000753c00000, 0x0000000753e00000, 0x0000000753e00000|100%| E|CS|TAMS 0x0000000753c00000| PB 0x0000000753c00000| Complete 
|  89|0x0000000753e00000, 0x0000000754000000, 0x0000000754000000|100%| E|CS|TAMS 0x0000000753e00000| PB 0x0000000753e00000| Complete 
|  90|0x0000000754000000, 0x0000000754200000, 0x0000000754200000|100%| E|CS|TAMS 0x0000000754000000| PB 0x0000000754000000| Complete 
|  91|0x0000000754200000, 0x0000000754400000, 0x0000000754400000|100%| E|CS|TAMS 0x0000000754200000| PB 0x0000000754200000| Complete 

Card table byte_map: [0x000001cbb5d60000,0x000001cbb6320000] _byte_map_base: 0x000001cbb231a000

Marking Bits: (CMBitMap*) 0x000001cb9e01f4f0
 Bits: [0x000001cbb6320000, 0x000001cbb90f0000)

Polling page: 0x000001cb9bf70000

Metaspace:

Usage:
  Non-class:      4.84 MB used.
      Class:    645.57 KB used.
       Both:      5.47 MB used.

Virtual space:
  Non-class space:       64.00 MB reserved,       4.94 MB (  8%) committed,  1 nodes.
      Class space:        1.00 GB reserved,     768.00 KB ( <1%) committed,  1 nodes.
             Both:        1.06 GB reserved,       5.69 MB ( <1%) committed. 

Chunk freelists:
   Non-Class:  9.20 MB
       Class:  15.30 MB
        Both:  24.50 MB

MaxMetaspaceSize: unlimited
CompressedClassSpaceSize: 1.00 GB
Initial GC threshold: 21.00 MB
Current GC threshold: 21.00 MB
CDS: on
 - commit_granule_bytes: 65536.
 - commit_granule_words: 8192.
 - virtual_space_node_default_size: 8388608.
 - enlarge_chunks_in_place: 1.
 - use_allocation_guard: 0.


Internal statistics:

num_allocs_failed_limit: 0.
num_arena_births: 56.
num_arena_deaths: 0.
num_vsnodes_births: 2.
num_vsnodes_deaths: 0.
num_space_committed: 91.
num_space_uncommitted: 0.
num_chunks_returned_to_freelist: 0.
num_chunks_taken_from_freelist: 215.
num_chunk_merges: 0.
num_chunk_splits: 139.
num_chunks_enlarged: 112.
num_inconsistent_stats: 0.

CodeHeap 'non-profiled nmethods': size=120000Kb used=348Kb max_used=348Kb free=119651Kb
 bounds [0x000001cbadf40000, 0x000001cbae1b0000, 0x000001cbb5470000]
CodeHeap 'profiled nmethods': size=120000Kb used=2159Kb max_used=2159Kb free=117840Kb
 bounds [0x000001cba6470000, 0x000001cba66e0000, 0x000001cbad9a0000]
CodeHeap 'non-nmethods': size=5760Kb used=1350Kb max_used=1369Kb free=4409Kb
 bounds [0x000001cbad9a0000, 0x000001cbadc10000, 0x000001cbadf40000]
 total_blobs=1569 nmethods=1112 adapters=362
 compilation: enabled
              stopped_count=0, restarted_count=0
 full_count=0

Compilation events (20 events):
Event: 12.717 Thread 0x000001cbbbb135d0 nmethod 1113 0x000001cba6689290 code [0x000001cba6689460, 0x000001cba6689718]
Event: 12.717 Thread 0x000001cbbbb135d0 1116       3       java.nio.CharBuffer::limit (8 bytes)
Event: 12.717 Thread 0x000001cbbbb135d0 nmethod 1116 0x000001cba6689890 code [0x000001cba6689a40, 0x000001cba6689b90]
Event: 12.717 Thread 0x000001cbbbb135d0 1114       3       java.nio.CharBuffer::<init> (24 bytes)
Event: 12.717 Thread 0x000001cbbbae51c0 nmethod 1119 0x000001cbadf96a10 code [0x000001cbadf96ba0, 0x000001cbadf96c20]
Event: 12.718 Thread 0x000001cbbbb135d0 nmethod 1114 0x000001cba6689c10 code [0x000001cba6689dc0, 0x000001cba6689f78]
Event: 12.718 Thread 0x000001cbbbb135d0 1115       3       java.nio.CharBuffer::limit (6 bytes)
Event: 12.718 Thread 0x000001cbbbae51c0 1120       4       java.nio.Buffer::position (52 bytes)
Event: 12.718 Thread 0x000001cbbbb135d0 nmethod 1115 0x000001cba668a010 code [0x000001cba668a1c0, 0x000001cba668a370]
Event: 12.718 Thread 0x000001cbbbb135d0 1117       3       java.nio.HeapCharBuffer::<init> (23 bytes)
Event: 12.718 Thread 0x000001cbbbb135d0 nmethod 1117 0x000001cba668a490 code [0x000001cba668a640, 0x000001cba668a7c0]
Event: 12.718 Thread 0x000001cbbbb135d0 1118       3       sun.nio.cs.StreamDecoder::lockedRead0 (95 bytes)
Event: 12.719 Thread 0x000001cbbbb135d0 nmethod 1118 0x000001cba668a890 code [0x000001cba668aa60, 0x000001cba668ade8]
Event: 12.719 Thread 0x000001cbbbae51c0 nmethod 1120 0x000001cbadf96d10 code [0x000001cbadf96ea0, 0x000001cbadf96fa0]
Event: 12.719 Thread 0x000001cbbbae51c0 1121       4       sun.nio.cs.StreamDecoder::lockedRead (189 bytes)
Event: 12.721 Thread 0x000001cbbbb135d0 1127       3       org.codehaus.plexus.util.xml.pull.MXParser::more (106 bytes)
Event: 12.722 Thread 0x000001cbbbb135d0 nmethod 1127 0x000001cba668ae90 code [0x000001cba668b0e0, 0x000001cba668b870]
Event: 12.722 Thread 0x000001cbbbb135d0 1126       3       org.codehaus.plexus.util.xml.pull.MXParser::isS (30 bytes)
Event: 12.723 Thread 0x000001cbbbb135d0 nmethod 1126 0x000001cba668bb90 code [0x000001cba668bd40, 0x000001cba668bf28]
Event: 12.739 Thread 0x000001cbbbb135d0 1128   !   3       sun.nio.fs.WindowsPath::initOffsets (153 bytes)

GC Heap History (0 events):
No events

Dll operation events (8 events):
Event: 0.550 Loaded shared library C:\Program Files\Java\jdk-21\bin\java.dll
Event: 1.152 Loaded shared library C:\Program Files\Java\jdk-21\bin\jsvml.dll
Event: 1.171 Loaded shared library C:\Program Files\Java\jdk-21\bin\net.dll
Event: 1.175 Loaded shared library C:\Program Files\Java\jdk-21\bin\nio.dll
Event: 1.504 Loaded shared library C:\Program Files\Java\jdk-21\bin\zip.dll
Event: 2.994 Loaded shared library C:\Users\2oleg\Downloads\apache-maven-3.9.11-bin\apache-maven-3.9.11\lib\jansi-native\Windows\x86_64\jansi.dll
Event: 3.039 Loaded shared library C:\Program Files\Java\jdk-21\bin\verify.dll
Event: 3.343 Loaded shared library C:\Program Files\Java\jdk-21\bin\jimage.dll

Deoptimization events (20 events):
Event: 12.016 Thread 0x000001cb9be332e0 DEOPT PACKING pc=0x000001cbadf8e14c sp=0x00000025939fcd60
Event: 12.016 Thread 0x000001cb9be332e0 DEOPT UNPACKING pc=0x000001cbad9f46a2 sp=0x00000025939fccd8 mode 2
Event: 12.219 Thread 0x000001cb9be332e0 DEOPT PACKING pc=0x000001cba64a0ebc sp=0x00000025939f54c0
Event: 12.219 Thread 0x000001cb9be332e0 DEOPT UNPACKING pc=0x000001cbad9f4e42 sp=0x00000025939f4950 mode 0
Event: 12.636 Thread 0x000001cb9be332e0 Uncommon trap: trap_request=0xffffff6e fr.pc=0x000001cbadf72778 relative=0x0000000000000438
Event: 12.636 Thread 0x000001cb9be332e0 Uncommon trap: reason=loop_limit_check action=maybe_recompile pc=0x000001cbadf72778 method=java.lang.StringLatin1.indexOf([BI[BII)I @ 37 c2
Event: 12.636 Thread 0x000001cb9be332e0 DEOPT PACKING pc=0x000001cbadf72778 sp=0x00000025939fdcf0
Event: 12.636 Thread 0x000001cb9be332e0 DEOPT UNPACKING pc=0x000001cbad9f46a2 sp=0x00000025939fdc50 mode 2
Event: 12.638 Thread 0x000001cb9be332e0 Uncommon trap: trap_request=0xffffffde fr.pc=0x000001cbadf7c584 relative=0x00000000000006c4
Event: 12.638 Thread 0x000001cb9be332e0 Uncommon trap: reason=class_check action=maybe_recompile pc=0x000001cbadf7c584 method=java.util.regex.Matcher.search(I)Z @ 121 c2
Event: 12.638 Thread 0x000001cb9be332e0 DEOPT PACKING pc=0x000001cbadf7c584 sp=0x00000025939fdfc0
Event: 12.638 Thread 0x000001cb9be332e0 DEOPT UNPACKING pc=0x000001cbad9f46a2 sp=0x00000025939fdf90 mode 2
Event: 12.638 Thread 0x000001cb9be332e0 Uncommon trap: trap_request=0xffffff76 fr.pc=0x000001cbadf7d380 relative=0x0000000000000320
Event: 12.638 Thread 0x000001cb9be332e0 Uncommon trap: reason=predicate action=maybe_recompile pc=0x000001cbadf7d380 method=java.util.regex.Pattern$BmpCharPropertyGreedy.match(Ljava/util/regex/Matcher;ILjava/lang/CharSequence;)Z @ 12 c2
Event: 12.638 Thread 0x000001cb9be332e0 DEOPT PACKING pc=0x000001cbadf7d380 sp=0x00000025939fdd90
Event: 12.638 Thread 0x000001cb9be332e0 DEOPT UNPACKING pc=0x000001cbad9f46a2 sp=0x00000025939fdd48 mode 2
Event: 12.639 Thread 0x000001cb9be332e0 Uncommon trap: trap_request=0xffffff45 fr.pc=0x000001cbadf6e968 relative=0x00000000000000c8
Event: 12.639 Thread 0x000001cb9be332e0 Uncommon trap: reason=unstable_if action=reinterpret pc=0x000001cbadf6e968 method=org.codehaus.plexus.util.xml.pull.MXParser.more()C @ 8 c2
Event: 12.639 Thread 0x000001cb9be332e0 DEOPT PACKING pc=0x000001cbadf6e968 sp=0x00000025939fe180
Event: 12.639 Thread 0x000001cb9be332e0 DEOPT UNPACKING pc=0x000001cbad9f46a2 sp=0x00000025939fe110 mode 2

Classes loaded (20 events):
Event: 12.003 Loading class java/lang/reflect/UndeclaredThrowableException
Event: 12.003 Loading class java/lang/reflect/UndeclaredThrowableException done
Event: 12.008 Loading class java/lang/annotation/Target
Event: 12.008 Loading class java/lang/annotation/Target done
Event: 12.008 Loading class java/lang/annotation/ElementType
Event: 12.008 Loading class java/lang/annotation/ElementType done
Event: 12.008 Loading class java/lang/annotation/Documented
Event: 12.008 Loading class java/lang/annotation/Documented done
Event: 12.336 Loading class java/util/concurrent/TimeoutException
Event: 12.336 Loading class java/util/concurrent/TimeoutException done
Event: 12.336 Loading class java/util/concurrent/CancellationException
Event: 12.336 Loading class java/util/concurrent/CancellationException done
Event: 12.460 Loading class java/lang/reflect/ParameterizedType
Event: 12.460 Loading class java/lang/reflect/ParameterizedType done
Event: 12.465 Loading class java/lang/reflect/WildcardType
Event: 12.465 Loading class java/lang/reflect/WildcardType done
Event: 12.470 Loading class sun/reflect/generics/tree/TypeVariableSignature
Event: 12.470 Loading class sun/reflect/generics/tree/TypeVariableSignature done
Event: 12.631 Loading class java/lang/annotation/IncompleteAnnotationException
Event: 12.631 Loading class java/lang/annotation/IncompleteAnnotationException done

Classes unloaded (0 events):
No events

Classes redefined (0 events):
No events

Internal exceptions (20 events):
Event: 2.998 Thread 0x000001cb9be332e0 Exception <a 'java/lang/NullPointerException'{0x0000000753f85780}> (0x0000000753f85780) 
thrown [s\open\src\hotspot\share\interpreter\linkResolver.cpp, line 1372]
Event: 2.998 Thread 0x000001cb9be332e0 Exception <a 'java/lang/NullPointerException'{0x0000000753f85a60}> (0x0000000753f85a60) 
thrown [s\open\src\hotspot\share\interpreter\linkResolver.cpp, line 1372]
Event: 2.998 Thread 0x000001cb9be332e0 Exception <a 'java/lang/NullPointerException'{0x0000000753f85d40}> (0x0000000753f85d40) 
thrown [s\open\src\hotspot\share\interpreter\linkResolver.cpp, line 1372]
Event: 3.000 Thread 0x000001cb9be332e0 Exception <a 'java/lang/NullPointerException'{0x0000000753f8bd50}> (0x0000000753f8bd50) 
thrown [s\open\src\hotspot\share\interpreter\linkResolver.cpp, line 1372]
Event: 3.004 Thread 0x000001cb9be332e0 Exception <a 'java/lang/NullPointerException'{0x0000000753fa00f8}> (0x0000000753fa00f8) 
thrown [s\open\src\hotspot\share\interpreter\linkResolver.cpp, line 1372]
Event: 3.004 Thread 0x000001cb9be332e0 Exception <a 'java/lang/NullPointerException'{0x0000000753fa03d8}> (0x0000000753fa03d8) 
thrown [s\open\src\hotspot\share\interpreter\linkResolver.cpp, line 1372]
Event: 3.004 Thread 0x000001cb9be332e0 Exception <a 'java/lang/NullPointerException'{0x0000000753fa06b8}> (0x0000000753fa06b8) 
thrown [s\open\src\hotspot\share\interpreter\linkResolver.cpp, line 1372]
Event: 3.004 Thread 0x000001cb9be332e0 Exception <a 'java/lang/NullPointerException'{0x0000000753fa0998}> (0x0000000753fa0998) 
thrown [s\open\src\hotspot\share\interpreter\linkResolver.cpp, line 1372]
Event: 3.216 Thread 0x000001cb9be332e0 Exception <a 'java/lang/NoSuchMethodError'{0x0000000753c1e0b8}: 'void java.lang.invoke.DirectMethodHandle$Holder.invokeStatic(java.lang.Object, java.lang.Object)'> (0x0000000753c1e0b8) 
thrown [s\open\src\hotspot\share\interpreter\linkResolver.cpp, line 773]
Event: 3.216 Thread 0x000001cb9be332e0 Exception <a 'java/lang/NoSuchMethodError'{0x0000000753c21498}: 'void java.lang.invoke.DirectMethodHandle$Holder.invokeStaticInit(java.lang.Object, java.lang.Object)'> (0x0000000753c21498) 
thrown [s\open\src\hotspot\share\interpreter\linkResolver.cpp, line 773]
Event: 3.338 Thread 0x000001cb9be332e0 Exception <a 'java/lang/NoSuchMethodError'{0x0000000753c6d0d8}: 'void java.lang.invoke.DirectMethodHandle$Holder.invokeStatic(java.lang.Object, java.lang.Object, java.lang.Object)'> (0x0000000753c6d0d8) 
thrown [s\open\src\hotspot\share\interpreter\linkResolver.cpp, line 773]
Event: 9.287 Thread 0x000001cb9be332e0 Exception <a 'java/lang/NoSuchMethodError'{0x0000000753a63a40}: 'java.lang.Object java.lang.invoke.DirectMethodHandle$Holder.invokeSpecialIFC(java.lang.Object, java.lang.Object, java.lang.Object, java.lang.Object)'> (0x0000000753a63a40) 
thrown [s\open\src\hotspot\share\interpreter\linkResolver.cpp, line 773]
Event: 10.967 Thread 0x000001cb9be332e0 Exception <a 'java/lang/NoSuchMethodError'{0x0000000753454fa8}: 'void java.lang.invoke.DirectMethodHandle$Holder.invokeSpecial(java.lang.Object, java.lang.Object, java.lang.Object)'> (0x0000000753454fa8) 
thrown [s\open\src\hotspot\share\interpreter\linkResolver.cpp, line 773]
Event: 11.285 Thread 0x000001cb9be332e0 Exception <a 'java/lang/NoSuchMethodError'{0x00000007535b76a8}: 'java.lang.Object java.lang.invoke.DirectMethodHandle$Holder.invokeInterface(java.lang.Object, java.lang.Object)'> (0x00000007535b76a8) 
thrown [s\open\src\hotspot\share\interpreter\linkResolver.cpp, line 773]
Event: 11.435 Thread 0x000001cb9be332e0 Exception <a 'java/lang/NoSuchMethodError'{0x000000075325db98}: 'int java.lang.invoke.DirectMethodHandle$Holder.invokeStatic(java.lang.Object, java.lang.Object, java.lang.Object, java.lang.Object)'> (0x000000075325db98) 
thrown [s\open\src\hotspot\share\interpreter\linkResolver.cpp, line 773]
Event: 11.436 Thread 0x000001cb9be332e0 Exception <a 'java/lang/NoSuchMethodError'{0x0000000753261228}: 'java.lang.Object java.lang.invoke.Invokers$Holder.invokeExact_MT(java.lang.Object, java.lang.Object, java.lang.Object, java.lang.Object, java.lang.Object, java.lang.Object)'> (0x0000000753261228) 
thrown [s\open\src\hotspot\share\interpreter\linkResolver.cpp, line 773]
Event: 11.440 Thread 0x000001cb9be332e0 Exception <a 'java/lang/NoSuchMethodError'{0x000000075326f8d0}: 'int java.lang.invoke.DirectMethodHandle$Holder.invokeSpecialIFC(java.lang.Object, java.lang.Object, java.lang.Object, java.lang.Object, java.lang.Object)'> (0x000000075326f8d0) 
thrown [s\open\src\hotspot\share\interpreter\linkResolver.cpp, line 773]
Event: 12.009 Thread 0x000001cb9be332e0 Exception <a 'java/lang/NoSuchMethodError'{0x0000000753014ac8}: 'java.lang.Object java.lang.invoke.DirectMethodHandle$Holder.newInvokeSpecial(java.lang.Object, java.lang.Object, java.lang.Object, java.lang.Object, java.lang.Object)'> (0x0000000753014ac8) 
thrown [s\open\src\hotspot\share\interpreter\linkResolver.cpp, line 773]
Event: 12.618 Thread 0x000001cb9be332e0 Exception <a 'java/lang/NoSuchMethodError'{0x0000000753134da8}: 'int java.lang.invoke.DirectMethodHandle$Holder.invokeStaticInit(java.lang.Object, java.lang.Object)'> (0x0000000753134da8) 
thrown [s\open\src\hotspot\share\interpreter\linkResolver.cpp, line 773]
Event: 12.631 Thread 0x000001cb9be332e0 Exception <a 'java/lang/NoClassDefFoundError'{0x000000075316d1b0}: javax/enterprise/inject/Typed> (0x000000075316d1b0) 
thrown [s\open\src\hotspot\share\classfile\systemDictionary.cpp, line 301]

ZGC Phase Switch (0 events):
No events

VM Operations (12 events):
Event: 1.741 Executing VM operation: Cleanup
Event: 1.967 Executing VM operation: Cleanup done
Event: 2.844 Executing VM operation: HandshakeAllThreads (Deoptimize)
Event: 2.844 Executing VM operation: HandshakeAllThreads (Deoptimize) done
Event: 3.355 Executing VM operation: HandshakeAllThreads (Deoptimize)
Event: 8.567 Executing VM operation: HandshakeAllThreads (Deoptimize) done
Event: 8.567 Executing VM operation: Cleanup
Event: 8.567 Executing VM operation: Cleanup done
Event: 9.568 Executing VM operation: Cleanup
Event: 9.842 Executing VM operation: Cleanup done
Event: 10.867 Executing VM operation: Cleanup
Event: 10.934 Executing VM operation: Cleanup done

Events (16 events):
Event: 0.701 Thread 0x000001cb9be332e0 Thread added: 0x000001cb9be332e0
Event: 0.763 Thread 0x000001cbbbada620 Thread added: 0x000001cbbbada620
Event: 0.763 Thread 0x000001cbbbadb420 Thread added: 0x000001cbbbadb420
Event: 0.764 Thread 0x000001cbbbade130 Thread added: 0x000001cbbbade130
Event: 0.764 Thread 0x000001cbbbadeb80 Thread added: 0x000001cbbbadeb80
Event: 0.764 Thread 0x000001cbbbadf5d0 Thread added: 0x000001cbbbadf5d0
Event: 0.764 Thread 0x000001cbbbae0020 Thread added: 0x000001cbbbae0020
Event: 0.764 Thread 0x000001cbbbae51c0 Thread added: 0x000001cbbbae51c0
Event: 0.872 Thread 0x000001cbbbb135d0 Thread added: 0x000001cbbbb135d0
Event: 1.152 Thread 0x000001cbfd015020 Thread added: 0x000001cbfd015020
Event: 1.163 Thread 0x000001cbfd05bce0 Thread added: 0x000001cbfd05bce0
Event: 2.985 Thread 0x000001cbfd3fe7b0 Thread added: 0x000001cbfd3fe7b0
Event: 8.573 Thread 0x000001cbfd3fe7b0 Thread exited: 0x000001cbfd3fe7b0
Event: 9.503 Thread 0x000001cbfd5c98b0 Thread added: 0x000001cbfd5c98b0
Event: 10.061 Thread 0x000001cbfd5c98b0 Thread exited: 0x000001cbfd5c98b0
Event: 12.647 Thread 0x000001cbfd7767c0 Thread added: 0x000001cbfd7767c0


Dynamic libraries:
0x00007ff703c60000 - 0x00007ff703c70000 	C:\Program Files\Java\jdk-21\bin\java.exe
0x00007ff9f5930000 - 0x00007ff9f5b28000 	C:\WINDOWS\SYSTEM32\ntdll.dll
0x00007ff9f5400000 - 0x00007ff9f54c2000 	C:\WINDOWS\System32\KERNEL32.DLL
0x00007ff9f3130000 - 0x00007ff9f3426000 	C:\WINDOWS\System32\KERNELBASE.dll
0x00007ff9f3820000 - 0x00007ff9f3920000 	C:\WINDOWS\System32\ucrtbase.dll
0x00007ff9e31d0000 - 0x00007ff9e31eb000 	C:\Program Files\Java\jdk-21\bin\VCRUNTIME140.dll
0x00007ff9e2300000 - 0x00007ff9e2319000 	C:\Program Files\Java\jdk-21\bin\jli.dll
0x00007ff9f3da0000 - 0x00007ff9f3e51000 	C:\WINDOWS\System32\ADVAPI32.dll
0x00007ff9f5820000 - 0x00007ff9f58be000 	C:\WINDOWS\System32\msvcrt.dll
0x00007ff9f4800000 - 0x00007ff9f489f000 	C:\WINDOWS\System32\sechost.dll
0x00007ff9f3c10000 - 0x00007ff9f3d30000 	C:\WINDOWS\System32\RPCRT4.dll
0x00007ff9f3560000 - 0x00007ff9f3587000 	C:\WINDOWS\System32\bcrypt.dll
0x00007ff9f3f40000 - 0x00007ff9f40e1000 	C:\WINDOWS\System32\USER32.dll
0x00007ff9f3100000 - 0x00007ff9f3122000 	C:\WINDOWS\System32\win32u.dll
0x00007ff9f47c0000 - 0x00007ff9f47eb000 	C:\WINDOWS\System32\GDI32.dll
0x00007ff9f2f90000 - 0x00007ff9f30a9000 	C:\WINDOWS\System32\gdi32full.dll
0x00007ff9f3590000 - 0x00007ff9f362d000 	C:\WINDOWS\System32\msvcp_win.dll
0x00007ff9e4da0000 - 0x00007ff9e503b000 	C:\WINDOWS\WinSxS\amd64_microsoft.windows.common-controls_6595b64144ccf1df_6.0.19041.6456_none_60b8a6cb71f64256\COMCTL32.dll
0x00007ff9ecd10000 - 0x00007ff9ecd1a000 	C:\WINDOWS\SYSTEM32\VERSION.dll
0x00007ff9f3f10000 - 0x00007ff9f3f3f000 	C:\WINDOWS\System32\IMM32.DLL
0x00007ff9ed3a0000 - 0x00007ff9ed3ac000 	C:\Program Files\Java\jdk-21\bin\vcruntime140_1.dll
0x00007ff9c7130000 - 0x00007ff9c71be000 	C:\Program Files\Java\jdk-21\bin\msvcp140.dll
0x00007ff98ebe0000 - 0x00007ff98f8fa000 	C:\Program Files\Java\jdk-21\bin\server\jvm.dll
0x00007ff9f4210000 - 0x00007ff9f427b000 	C:\WINDOWS\System32\WS2_32.dll
0x00007ff9f2df0000 - 0x00007ff9f2e3b000 	C:\WINDOWS\SYSTEM32\POWRPROF.dll
0x00007ff9e0140000 - 0x00007ff9e0167000 	C:\WINDOWS\SYSTEM32\WINMM.dll
0x00007ff9f2dd0000 - 0x00007ff9f2de2000 	C:\WINDOWS\SYSTEM32\UMPDC.dll
0x00007ff9f0dc0000 - 0x00007ff9f0dd2000 	C:\WINDOWS\SYSTEM32\kernel.appcore.dll
0x00007ff9ed370000 - 0x00007ff9ed37a000 	C:\Program Files\Java\jdk-21\bin\jimage.dll
0x00007ff9df840000 - 0x00007ff9dfa41000 	C:\WINDOWS\SYSTEM32\DBGHELP.DLL
0x00007ff9dd350000 - 0x00007ff9dd384000 	C:\WINDOWS\SYSTEM32\dbgcore.DLL
0x00007ff9f3630000 - 0x00007ff9f36b2000 	C:\WINDOWS\System32\bcryptPrimitives.dll
0x00007ff9e0be0000 - 0x00007ff9e0bff000 	C:\Program Files\Java\jdk-21\bin\java.dll
0x00007ff9f4930000 - 0x00007ff9f50a0000 	C:\WINDOWS\System32\SHELL32.dll
0x00007ff9f0fc0000 - 0x00007ff9f1765000 	C:\WINDOWS\SYSTEM32\windows.storage.dll
0x00007ff9f50a0000 - 0x00007ff9f53f4000 	C:\WINDOWS\System32\combase.dll
0x00007ff9f28e0000 - 0x00007ff9f290b000 	C:\WINDOWS\SYSTEM32\Wldp.dll
0x00007ff9f46f0000 - 0x00007ff9f47bd000 	C:\WINDOWS\System32\OLEAUT32.dll
0x00007ff9f3920000 - 0x00007ff9f39cd000 	C:\WINDOWS\System32\SHCORE.dll
0x00007ff9f57c0000 - 0x00007ff9f581b000 	C:\WINDOWS\System32\shlwapi.dll
0x00007ff9f2ec0000 - 0x00007ff9f2ee4000 	C:\WINDOWS\SYSTEM32\profapi.dll
0x00007ff9ab440000 - 0x00007ff9ab517000 	C:\Program Files\Java\jdk-21\bin\jsvml.dll
0x00007ff9ebd20000 - 0x00007ff9ebd30000 	C:\Program Files\Java\jdk-21\bin\net.dll
0x00007ff9ec950000 - 0x00007ff9eca5a000 	C:\WINDOWS\SYSTEM32\WINHTTP.dll
0x00007ff9f25f0000 - 0x00007ff9f265a000 	C:\WINDOWS\system32\mswsock.dll
0x00007ff9dbf20000 - 0x00007ff9dbf36000 	C:\Program Files\Java\jdk-21\bin\nio.dll
0x00007ff9d8a60000 - 0x00007ff9d8a78000 	C:\Program Files\Java\jdk-21\bin\zip.dll
0x00007ff9d0da0000 - 0x00007ff9d0dc4000 	C:\Users\2oleg\Downloads\apache-maven-3.9.11-bin\apache-maven-3.9.11\lib\jansi-native\Windows\x86_64\jansi.dll
0x00007ff9e8580000 - 0x00007ff9e8590000 	C:\Program Files\Java\jdk-21\bin\verify.dll

dbghelp: loaded successfully - version: 4.0.5 - missing functions: none
symbol engine: initialized successfully - sym options: 0x614 - pdb path: .;C:\Program Files\Java\jdk-21\bin;C:\WINDOWS\SYSTEM32;C:\WINDOWS\WinSxS\amd64_microsoft.windows.common-controls_6595b64144ccf1df_6.0.19041.6456_none_60b8a6cb71f64256;C:\Program Files\Java\jdk-21\bin\server;C:\Users\2oleg\Downloads\apache-maven-3.9.11-bin\apache-maven-3.9.11\lib\jansi-native\Windows\x86_64

VM Arguments:
jvm_args: --enable-native-access=ALL-UNNAMED -Dclassworlds.conf=C:\Users\2oleg\Downloads\apache-maven-3.9.11-bin\apache-maven-3.9.11\bin\m2.conf -Dmaven.home=C:\Users\2oleg\Downloads\apache-maven-3.9.11-bin\apache-maven-3.9.11 -Dlibrary.jansi.path=C:\Users\2oleg\Downloads\apache-maven-3.9.11-bin\apache-maven-3.9.11\lib\jansi-native -Dmaven.multiModuleProjectDirectory=C:\Users\2oleg\Downloads\Telegram Desktop\Kefir\Backend\TransactionSaga 
java_command: org.codehaus.plexus.classworlds.launcher.Launcher spring-boot:run -Dserver.port=8090 -DskipTests
java_class_path (initial): C:\Users\2oleg\Downloads\apache-maven-3.9.11-bin\apache-maven-3.9.11\boot\plexus-classworlds-2.9.0.jar
Launcher Type: SUN_STANDARD

[Global flags]
     intx CICompilerCount                          = 4                                         {product} {ergonomic}
     uint ConcGCThreads                            = 2                                         {product} {ergonomic}
     uint G1ConcRefinementThreads                  = 8                                         {product} {ergonomic}
   size_t G1HeapRegionSize                         = 2097152                                   {product} {ergonomic}
    uintx GCDrainStackTargetSize                   = 64                                        {product} {ergonomic}
   size_t InitialHeapSize                          = 192937984                                 {product} {ergonomic}
   size_t MarkStackSize                            = 4194304                                   {product} {ergonomic}
   size_t MaxHeapSize                              = 3074424832                                {product} {ergonomic}
   size_t MaxNewSize                               = 1843396608                                {product} {ergonomic}
   size_t MinHeapDeltaBytes                        = 2097152                                   {product} {ergonomic}
   size_t MinHeapSize                              = 8388608                                   {product} {ergonomic}
    uintx NonNMethodCodeHeapSize                   = 5839372                                {pd product} {ergonomic}
    uintx NonProfiledCodeHeapSize                  = 122909434                              {pd product} {ergonomic}
    uintx ProfiledCodeHeapSize                     = 122909434                              {pd product} {ergonomic}
    uintx ReservedCodeCacheSize                    = 251658240                              {pd product} {ergonomic}
     bool SegmentedCodeCache                       = true                                      {product} {ergonomic}
   size_t SoftMaxHeapSize                          = 3074424832                             {manageable} {ergonomic}
     bool UseCompressedOops                        = true                           {product lp64_product} {ergonomic}
     bool UseG1GC                                  = true                                      {product} {ergonomic}
     bool UseLargePagesIndividualAllocation        = false                                  {pd product} {ergonomic}

Logging:
Log output configuration:
 #0: stdout all=warning uptime,level,tags foldmultilines=false
 #1: stderr all=off uptime,level,tags foldmultilines=false

Environment Variables:
JAVA_HOME=C:\Program Files\Java\jdk-21
PATH=C:\Program Files\Common Files\Oracle\Java\javapath;C:\Program Files (x86)\Cuminas\Document Express DjVu Plug-in\;C:\Program Files (x86)\Razer Chroma SDK\bin;C:\Program Files\Razer Chroma SDK\bin;C:\WINDOWS\system32;C:\WINDOWS;C:\WINDOWS\System32\Wbem;C:\WINDOWS\System32\WindowsPowerShell\v1.0\;C:\WINDOWS\System32\OpenSSH\;C:\Program Files (x86)\NVIDIA Corporation\PhysX\Common;C:\WINDOWS\system32\config\systemprofile\AppData\Local\Microsoft\WindowsApps;C:\Program Files (x86)\Razer\ChromaBroadcast\bin;C:\Program Files\Razer\ChromaBroadcast\bin;C:\Users\2oleg\AppData\Local\Microsoft\WindowsApps;C:\Program Files\JetBrains\IntelliJ IDEA Community Edition 2024.3\bin;C:\Users\2oleg\AppData\Local\Programs\Microsoft VS Code\bin;C:\Program Files\Docker\Docker\resources\bin;C:\Users\2oleg\Downloads\curl-8.16.0_6-win64-mingw.zip\curl-8.16.0_6-win64-mingw\bin;C:\Users\2oleg\Downloads\curl-8.16.0_6-win64-mingw\curl-8.16.0_6-win64-mingw\bin;C:\Users\2oleg\Downloads\apache-maven-3.9.11-bin\apache-maven-3.9.11\bin;C:\ProgramData\chocolatey\bin;C:\Users\2oleg\AppData\Roaming\Cloud Foundry;C:\Program Files\Git\cmd;C:\Program Files\nodejs\;C:\Users\2oleg\AppData\Local\Muse Hub\lib;C:\Users\2oleg\AppData\Local\Microsoft\WindowsApps;C:\Program Files\JetBrains\IntelliJ IDEA Community Edition 2025.2.4\bin;C:\Users\2oleg\AppData\Local\Programs\Microsoft VS Code\bin;C:\Program Files\jq.exe;C:\Users\2oleg\AppData\Local\Microsoft\WinGet\Packages\jqlang.jq_Microsoft.Winget.Source_8wekyb3d8bbwe;C:\Program Files\Java\jdk-24;C:\Users\2oleg\Downloads\gradle-9.0.0-bin\gradle-9.0.0\bin;C:\Program Files\Docker\Docker\resources\bin;C:\Users\2oleg\AppData\Local\GitHubDesktop\bin;C:\Users\2oleg\AppData\Roaming\npm
USERNAME=2oleg
OS=Windows_NT
PROCESSOR_IDENTIFIER=Intel64 Family 6 Model 60 Stepping 3, GenuineIntel
TMP=C:\Users\2oleg\AppData\Local\Temp
TEMP=C:\Users\2oleg\AppData\Local\Temp




Periodic native trim disabled

---------------  S Y S T E M  ---------------

OS:
 Windows 10 , 64 bit Build 19041 (10.0.19041.5915)
OS uptime: 10 days 12:23 hours
Hyper-V role detected

CPU: total 8 (initial active 8) (4 cores per cpu, 2 threads per core) family 6 model 60 stepping 3 microcode 0x27, cx8, cmov, fxsr, ht, mmx, sse, sse2, sse3, ssse3, sse4.1, sse4.2, popcnt, lzcnt, tsc, tscinvbit, avx, avx2, aes, erms, clmul, bmi1, bmi2, fma, vzeroupper, clflush, hv, rdtscp, f16c
Processor Information for all 8 processors :
  Max Mhz: 2401, Current Mhz: 2401, Mhz Limit: 2401

Memory: 4k page, system-wide physical 11723M (2062M free)
TotalPageFile size 23723M (AvailPageFile size 5M)
current process WorkingSet (physical memory assigned to process): 75M, peak: 75M
current process commit charge ("private bytes"): 278M, peak: 279M

vm_info: Java HotSpot(TM) 64-Bit Server VM (21.0.7+8-LTS-245) for windows-amd64 JRE (21.0.7+8-LTS-245), built on 2025-02-21T05:11:27Z by "mach5one" with MS VC++ 17.6 (VS2022)

END.
