#
# There is insufficient memory for the Java Runtime Environment to continue.
# Native memory allocation (malloc) failed to allocate 230400 bytes for Chunk::new
# Possible reasons:
#   The system is out of physical RAM or swap space
#   The process is running with CompressedOops enabled, and the Java Heap may be blocking the growth of the native heap
# Possible solutions:
#   Reduce memory load on the system
#   Increase physical memory or swap space
#   Check if swap backing store is full
#   Decrease Java heap size (-Xmx/-Xms)
#   Decrease number of Java threads
#   Decrease Java thread stack sizes (-Xss)
#   Set larger code cache with -XX:ReservedCodeCacheSize=
#   JVM is running with Zero Based Compressed Oops mode in which the Java heap is
#     placed in the first 32GB address space. The Java Heap base address is the
#     maximum limit for the native heap growth. Please use -XX:HeapBaseMinAddress
#     to set the Java Heap base and to place the Java Heap above 32GB virtual address.
# This output file may be truncated or incomplete.
#
#  Out of Memory Error (arena.cpp:168), pid=9768, tid=5136
#
# JRE version: Java(TM) SE Runtime Environment (21.0.7+8) (build 21.0.7+8-LTS-245)
# Java VM: Java HotSpot(TM) 64-Bit Server VM (21.0.7+8-LTS-245, mixed mode, sharing, tiered, compressed oops, compressed class ptrs, g1 gc, windows-amd64)
# No core dump will be written. Minidumps are not enabled by default on client versions of Windows
#

---------------  S U M M A R Y ------------

Command Line: -Dclassworlds.conf=C:\Users\2oleg\Downloads\apache-maven-3.9.11-bin\apache-maven-3.9.11\bin\m2.conf -Dmaven.home=C:\Users\2oleg\Downloads\apache-maven-3.9.11-bin\apache-maven-3.9.11 -Dlibrary.jansi.path=C:\Users\2oleg\Downloads\apache-maven-3.9.11-bin\apache-maven-3.9.11\lib\jansi-native -Dmaven.multiModuleProjectDirectory=C:\Users\2oleg\Downloads\Telegram Desktop\Kefir\Backend\TransactionSaga org.codehaus.plexus.classworlds.launcher.Launcher spring-boot:run -Dserver.port=8090 -DskipTests

Host: Intel(R) Core(TM) i7-4700HQ CPU @ 2.40GHz, 8 cores, 11G,  Windows 10 , 64 bit Build 19041 (10.0.19041.5915)
Time: Mon Dec 15 23:13:50 2025 RTZ 2 (s 10 , 64 bit Build 19041 (10.0.19041.5915) elapsed time: 18.494889 seconds (0d 0h 0m 18s)

---------------  T H R E A D  ---------------

Current thread (0x00000234e3025470):  JavaThread "C2 CompilerThread0" daemon [_thread_in_native, id=5136, stack(0x000000a5e1d00000,0x000000a5e1e00000) (1024K)]


Current CompileTask:
C2:  18495 5181   !   4       java.lang.String::<init> (890 bytes)

Stack: [0x000000a5e1d00000,0x000000a5e1e00000]
Native frames: (J=compiled Java code, j=interpreted, Vv=VM code, C=native code)
V  [jvm.dll+0x6cae19]
V  [jvm.dll+0x855741]
V  [jvm.dll+0x857c6e]
V  [jvm.dll+0x858343]
V  [jvm.dll+0x27e0b6]
V  [jvm.dll+0xc4ecd]
V  [jvm.dll+0xc5403]
V  [jvm.dll+0x3b578c]
V  [jvm.dll+0x1df69a]
V  [jvm.dll+0x246c82]
V  [jvm.dll+0x24610f]
V  [jvm.dll+0x1c6efe]
V  [jvm.dll+0x255819]
V  [jvm.dll+0x253daa]
V  [jvm.dll+0x3eebb6]
V  [jvm.dll+0x7ffa1b]
V  [jvm.dll+0x6c94fd]
C  [ucrtbase.dll+0x21bb2]
C  [KERNEL32.DLL+0x17374]
C  [ntdll.dll+0x4cc91]


---------------  P R O C E S S  ---------------

Threads class SMR info:
_java_thread_list=0x00000234e9b6c910, length=12, elements={
0x00000234c32ae530, 0x00000234e301a8d0, 0x00000234e301b6d0, 0x00000234e301e3e0,
0x00000234e301ee30, 0x00000234e301f880, 0x00000234e30202d0, 0x00000234e3025470,
0x00000234e3026bb0, 0x00000234e3278be0, 0x00000234e327b410, 0x00000234e3478770
}

Java Threads: ( => current thread )
  0x00000234c32ae530 JavaThread "main"                              [_thread_in_native, id=30684, stack(0x000000a5e0f00000,0x000000a5e1000000) (1024K)]
  0x00000234e301a8d0 JavaThread "Reference Handler"          daemon [_thread_blocked, id=5468, stack(0x000000a5e1700000,0x000000a5e1800000) (1024K)]
  0x00000234e301b6d0 JavaThread "Finalizer"                  daemon [_thread_blocked, id=25036, stack(0x000000a5e1800000,0x000000a5e1900000) (1024K)]
  0x00000234e301e3e0 JavaThread "Signal Dispatcher"          daemon [_thread_blocked, id=3300, stack(0x000000a5e1900000,0x000000a5e1a00000) (1024K)]
  0x00000234e301ee30 JavaThread "Attach Listener"            daemon [_thread_blocked, id=19724, stack(0x000000a5e1a00000,0x000000a5e1b00000) (1024K)]
  0x00000234e301f880 JavaThread "Service Thread"             daemon [_thread_blocked, id=31216, stack(0x000000a5e1b00000,0x000000a5e1c00000) (1024K)]
  0x00000234e30202d0 JavaThread "Monitor Deflation Thread"   daemon [_thread_blocked, id=13828, stack(0x000000a5e1c00000,0x000000a5e1d00000) (1024K)]
=>0x00000234e3025470 JavaThread "C2 CompilerThread0"         daemon [_thread_in_native, id=5136, stack(0x000000a5e1d00000,0x000000a5e1e00000) (1024K)]
  0x00000234e3026bb0 JavaThread "C1 CompilerThread0"         daemon [_thread_in_native, id=10980, stack(0x000000a5e1e00000,0x000000a5e1f00000) (1024K)]
  0x00000234e3278be0 JavaThread "Notification Thread"        daemon [_thread_blocked, id=17480, stack(0x000000a5e1f00000,0x000000a5e2000000) (1024K)]
  0x00000234e327b410 JavaThread "Common-Cleaner"             daemon [_thread_blocked, id=13020, stack(0x000000a5e2000000,0x000000a5e2100000) (1024K)]
  0x00000234e3478770 JavaThread "Thread-1"                   daemon [_thread_blocked, id=3916, stack(0x000000a5e2100000,0x000000a5e2200000) (1024K)]
Total: 12

Other Threads:
  0x00000234e30013a0 VMThread "VM Thread"                           [id=26284, stack(0x000000a5e1600000,0x000000a5e1700000) (1024K)]
  0x00000234e2feebf0 WatcherThread "VM Periodic Task Thread"        [id=23664, stack(0x000000a5e1500000,0x000000a5e1600000) (1024K)]
  0x00000234c554f5b0 WorkerThread "GC Thread#0"                     [id=9732, stack(0x000000a5e1000000,0x000000a5e1100000) (1024K)]
  0x00000234e80d45d0 WorkerThread "GC Thread#1"                     [id=264, stack(0x000000a5e2300000,0x000000a5e2400000) (1024K)]
  0x00000234e81bfcb0 WorkerThread "GC Thread#2"                     [id=13784, stack(0x000000a5e2400000,0x000000a5e2500000) (1024K)]
  0x00000234e862c830 WorkerThread "GC Thread#3"                     [id=24408, stack(0x000000a5e2500000,0x000000a5e2600000) (1024K)]
  0x00000234e87df240 WorkerThread "GC Thread#4"                     [id=15884, stack(0x000000a5e2600000,0x000000a5e2700000) (1024K)]
  0x00000234e87df5e0 WorkerThread "GC Thread#5"                     [id=27060, stack(0x000000a5e2700000,0x000000a5e2800000) (1024K)]
  0x00000234e87df980 WorkerThread "GC Thread#6"                     [id=23060, stack(0x000000a5e2800000,0x000000a5e2900000) (1024K)]
  0x00000234e80f3d60 WorkerThread "GC Thread#7"                     [id=18644, stack(0x000000a5e2900000,0x000000a5e2a00000) (1024K)]
  0x00000234c555c3f0 ConcurrentGCThread "G1 Main Marker"            [id=15792, stack(0x000000a5e1100000,0x000000a5e1200000) (1024K)]
  0x00000234c555ce00 WorkerThread "G1 Conc#0"                       [id=2624, stack(0x000000a5e1200000,0x000000a5e1300000) (1024K)]
  0x00000234c55cdf10 ConcurrentGCThread "G1 Refine#0"               [id=29144, stack(0x000000a5e1300000,0x000000a5e1400000) (1024K)]
  0x00000234c55ce990 ConcurrentGCThread "G1 Service"                [id=11156, stack(0x000000a5e1400000,0x000000a5e1500000) (1024K)]
Total: 14

Threads with active compile tasks:
C2 CompilerThread0    18528 5181   !   4       java.lang.String::<init> (890 bytes)
Total: 1

VM state: not at safepoint (normal execution)

VM Mutex/Monitor currently owned by a thread: None

Heap address: 0x0000000748c00000, size: 2932 MB, Compressed Oops mode: Zero based, Oop shift amount: 3

CDS archive(s) mapped at: [0x0000023480000000-0x0000023480c90000-0x0000023480c90000), size 13172736, SharedBaseAddress: 0x0000023480000000, ArchiveRelocationMode: 1.
Compressed class space mapped at: 0x0000023481000000-0x00000234c1000000, reserved size: 1073741824
Narrow klass base: 0x0000023480000000, Narrow klass shift: 0, Narrow klass range: 0x100000000

GC Precious Log:
 CardTable entry size: 512
 Card Set container configuration: InlinePtr #cards 4 size 8 Array Of Cards #cards 16 size 48 Howl #buckets 8 coarsen threshold 3686 Howl Bitmap #cards 512 size 80 coarsen threshold 460 Card regions per heap region 1 cards per card region 4096
 CPUs: 8 total, 8 available
 Memory: 11723M
 Large Page Support: Disabled
 NUMA Support: Disabled
 Compressed Oops: Enabled (Zero based)
 Heap Region Size: 2M
 Heap Min Capacity: 8M
 Heap Initial Capacity: 184M
 Heap Max Capacity: 2932M
 Pre-touch: Disabled
 Parallel Workers: 8
 Concurrent Workers: 2
 Concurrent Refinement Workers: 8
 Periodic GC: Disabled

Heap:
 garbage-first heap   total 188416K, used 120602K [0x0000000748c00000, 0x0000000800000000)
  region size 2048K, 43 young (88064K), 7 survivors (14336K)
 Metaspace       used 18105K, committed 18432K, reserved 1114112K
  class space    used 1989K, committed 2176K, reserved 1048576K

Heap Regions: E=young(eden), S=young(survivor), O=old, HS=humongous(starts), HC=humongous(continues), CS=collection set, F=free, TAMS=top-at-mark-start, PB=parsable bottom
|   0|0x0000000748c00000, 0x0000000748e00000, 0x0000000748e00000|100%| O|  |TAMS 0x0000000748c00000| PB 0x0000000748c00000| Untracked 
|   1|0x0000000748e00000, 0x0000000748f6a398, 0x0000000749000000| 70%| O|  |TAMS 0x0000000748e00000| PB 0x0000000748e00000| Untracked 
|   2|0x0000000749000000, 0x0000000749200000, 0x0000000749200000|100%|HS|  |TAMS 0x0000000749000000| PB 0x0000000749000000| Complete 
|   3|0x0000000749200000, 0x0000000749400000, 0x0000000749400000|100%|HC|  |TAMS 0x0000000749200000| PB 0x0000000749200000| Complete 
|   4|0x0000000749400000, 0x0000000749600000, 0x0000000749600000|100%|HC|  |TAMS 0x0000000749400000| PB 0x0000000749400000| Complete 
|   5|0x0000000749600000, 0x0000000749800000, 0x0000000749800000|100%|HC|  |TAMS 0x0000000749600000| PB 0x0000000749600000| Complete 
|   6|0x0000000749800000, 0x0000000749a00000, 0x0000000749a00000|100%|HS|  |TAMS 0x0000000749800000| PB 0x0000000749800000| Complete 
|   7|0x0000000749a00000, 0x0000000749c00000, 0x0000000749c00000|100%|HC|  |TAMS 0x0000000749a00000| PB 0x0000000749a00000| Complete 
|   8|0x0000000749c00000, 0x0000000749e00000, 0x0000000749e00000|100%|HC|  |TAMS 0x0000000749c00000| PB 0x0000000749c00000| Complete 
|   9|0x0000000749e00000, 0x000000074a000000, 0x000000074a000000|100%|HC|  |TAMS 0x0000000749e00000| PB 0x0000000749e00000| Complete 
|  10|0x000000074a000000, 0x000000074a200000, 0x000000074a200000|100%|HC|  |TAMS 0x000000074a000000| PB 0x000000074a000000| Complete 
|  11|0x000000074a200000, 0x000000074a400000, 0x000000074a400000|100%|HC|  |TAMS 0x000000074a200000| PB 0x000000074a200000| Complete 
|  12|0x000000074a400000, 0x000000074a600000, 0x000000074a600000|100%|HS|  |TAMS 0x000000074a400000| PB 0x000000074a400000| Complete 
|  13|0x000000074a600000, 0x000000074a800000, 0x000000074a800000|100%|HC|  |TAMS 0x000000074a600000| PB 0x000000074a600000| Complete 
|  14|0x000000074a800000, 0x000000074aa00000, 0x000000074aa00000|100%|HC|  |TAMS 0x000000074a800000| PB 0x000000074a800000| Complete 
|  15|0x000000074aa00000, 0x000000074ac00000, 0x000000074ac00000|100%|HC|  |TAMS 0x000000074aa00000| PB 0x000000074aa00000| Complete 
|  16|0x000000074ac00000, 0x000000074ae00000, 0x000000074ae00000|100%|HC|  |TAMS 0x000000074ac00000| PB 0x000000074ac00000| Complete 
|  17|0x000000074ae00000, 0x000000074b000000, 0x000000074b000000|100%|HC|  |TAMS 0x000000074ae00000| PB 0x000000074ae00000| Complete 
|  18|0x000000074b000000, 0x000000074b000000, 0x000000074b200000|  0%| F|  |TAMS 0x000000074b000000| PB 0x000000074b000000| Untracked 
|  19|0x000000074b200000, 0x000000074b200000, 0x000000074b400000|  0%| F|  |TAMS 0x000000074b200000| PB 0x000000074b200000| Untracked 
|  20|0x000000074b400000, 0x000000074b400000, 0x000000074b600000|  0%| F|  |TAMS 0x000000074b400000| PB 0x000000074b400000| Untracked 
|  21|0x000000074b600000, 0x000000074b600000, 0x000000074b800000|  0%| F|  |TAMS 0x000000074b600000| PB 0x000000074b600000| Untracked 
|  22|0x000000074b800000, 0x000000074b800000, 0x000000074ba00000|  0%| F|  |TAMS 0x000000074b800000| PB 0x000000074b800000| Untracked 
|  23|0x000000074ba00000, 0x000000074ba00000, 0x000000074bc00000|  0%| F|  |TAMS 0x000000074ba00000| PB 0x000000074ba00000| Untracked 
|  24|0x000000074bc00000, 0x000000074bc00000, 0x000000074be00000|  0%| F|  |TAMS 0x000000074bc00000| PB 0x000000074bc00000| Untracked 
|  25|0x000000074be00000, 0x000000074be00000, 0x000000074c000000|  0%| F|  |TAMS 0x000000074be00000| PB 0x000000074be00000| Untracked 
|  26|0x000000074c000000, 0x000000074c000000, 0x000000074c200000|  0%| F|  |TAMS 0x000000074c000000| PB 0x000000074c000000| Untracked 
|  27|0x000000074c200000, 0x000000074c200000, 0x000000074c400000|  0%| F|  |TAMS 0x000000074c200000| PB 0x000000074c200000| Untracked 
|  28|0x000000074c400000, 0x000000074c400000, 0x000000074c600000|  0%| F|  |TAMS 0x000000074c400000| PB 0x000000074c400000| Untracked 
|  29|0x000000074c600000, 0x000000074c600000, 0x000000074c800000|  0%| F|  |TAMS 0x000000074c600000| PB 0x000000074c600000| Untracked 
|  30|0x000000074c800000, 0x000000074c85c620, 0x000000074ca00000| 18%| S|CS|TAMS 0x000000074c800000| PB 0x000000074c800000| Complete 
|  31|0x000000074ca00000, 0x000000074cc00000, 0x000000074cc00000|100%| S|CS|TAMS 0x000000074ca00000| PB 0x000000074ca00000| Complete 
|  32|0x000000074cc00000, 0x000000074ce00000, 0x000000074ce00000|100%| S|CS|TAMS 0x000000074cc00000| PB 0x000000074cc00000| Complete 
|  33|0x000000074ce00000, 0x000000074d000000, 0x000000074d000000|100%| S|CS|TAMS 0x000000074ce00000| PB 0x000000074ce00000| Complete 
|  34|0x000000074d000000, 0x000000074d200000, 0x000000074d200000|100%| S|CS|TAMS 0x000000074d000000| PB 0x000000074d000000| Complete 
|  35|0x000000074d200000, 0x000000074d400000, 0x000000074d400000|100%| S|CS|TAMS 0x000000074d200000| PB 0x000000074d200000| Complete 
|  36|0x000000074d400000, 0x000000074d600000, 0x000000074d600000|100%| S|CS|TAMS 0x000000074d400000| PB 0x000000074d400000| Complete 
|  37|0x000000074d600000, 0x000000074d600000, 0x000000074d800000|  0%| F|  |TAMS 0x000000074d600000| PB 0x000000074d600000| Untracked 
|  38|0x000000074d800000, 0x000000074d800000, 0x000000074da00000|  0%| F|  |TAMS 0x000000074d800000| PB 0x000000074d800000| Untracked 
|  39|0x000000074da00000, 0x000000074da00000, 0x000000074dc00000|  0%| F|  |TAMS 0x000000074da00000| PB 0x000000074da00000| Untracked 
|  40|0x000000074dc00000, 0x000000074dc00000, 0x000000074de00000|  0%| F|  |TAMS 0x000000074dc00000| PB 0x000000074dc00000| Untracked 
|  41|0x000000074de00000, 0x000000074de00000, 0x000000074e000000|  0%| F|  |TAMS 0x000000074de00000| PB 0x000000074de00000| Untracked 
|  42|0x000000074e000000, 0x000000074e000000, 0x000000074e200000|  0%| F|  |TAMS 0x000000074e000000| PB 0x000000074e000000| Untracked 
|  43|0x000000074e200000, 0x000000074e200000, 0x000000074e400000|  0%| F|  |TAMS 0x000000074e200000| PB 0x000000074e200000| Untracked 
|  44|0x000000074e400000, 0x000000074e400000, 0x000000074e600000|  0%| F|  |TAMS 0x000000074e400000| PB 0x000000074e400000| Untracked 
|  45|0x000000074e600000, 0x000000074e600000, 0x000000074e800000|  0%| F|  |TAMS 0x000000074e600000| PB 0x000000074e600000| Untracked 
|  46|0x000000074e800000, 0x000000074e800000, 0x000000074ea00000|  0%| F|  |TAMS 0x000000074e800000| PB 0x000000074e800000| Untracked 
|  47|0x000000074ea00000, 0x000000074ea00000, 0x000000074ec00000|  0%| F|  |TAMS 0x000000074ea00000| PB 0x000000074ea00000| Untracked 
|  48|0x000000074ec00000, 0x000000074ec00000, 0x000000074ee00000|  0%| F|  |TAMS 0x000000074ec00000| PB 0x000000074ec00000| Untracked 
|  49|0x000000074ee00000, 0x000000074ee00000, 0x000000074f000000|  0%| F|  |TAMS 0x000000074ee00000| PB 0x000000074ee00000| Untracked 
|  50|0x000000074f000000, 0x000000074f000000, 0x000000074f200000|  0%| F|  |TAMS 0x000000074f000000| PB 0x000000074f000000| Untracked 
|  51|0x000000074f200000, 0x000000074f200000, 0x000000074f400000|  0%| F|  |TAMS 0x000000074f200000| PB 0x000000074f200000| Untracked 
|  52|0x000000074f400000, 0x000000074f400000, 0x000000074f600000|  0%| F|  |TAMS 0x000000074f400000| PB 0x000000074f400000| Untracked 
|  53|0x000000074f600000, 0x000000074f600000, 0x000000074f800000|  0%| F|  |TAMS 0x000000074f600000| PB 0x000000074f600000| Untracked 
|  54|0x000000074f800000, 0x000000074f800000, 0x000000074fa00000|  0%| F|  |TAMS 0x000000074f800000| PB 0x000000074f800000| Untracked 
|  55|0x000000074fa00000, 0x000000074fa00000, 0x000000074fc00000|  0%| F|  |TAMS 0x000000074fa00000| PB 0x000000074fa00000| Untracked 
|  56|0x000000074fc00000, 0x000000074fe00000, 0x000000074fe00000|100%| E|  |TAMS 0x000000074fc00000| PB 0x000000074fc00000| Complete 
|  57|0x000000074fe00000, 0x0000000750000000, 0x0000000750000000|100%| E|CS|TAMS 0x000000074fe00000| PB 0x000000074fe00000| Complete 
|  58|0x0000000750000000, 0x0000000750200000, 0x0000000750200000|100%| E|CS|TAMS 0x0000000750000000| PB 0x0000000750000000| Complete 
|  59|0x0000000750200000, 0x0000000750400000, 0x0000000750400000|100%| E|CS|TAMS 0x0000000750200000| PB 0x0000000750200000| Complete 
|  60|0x0000000750400000, 0x0000000750600000, 0x0000000750600000|100%| E|CS|TAMS 0x0000000750400000| PB 0x0000000750400000| Complete 
|  61|0x0000000750600000, 0x0000000750800000, 0x0000000750800000|100%| E|CS|TAMS 0x0000000750600000| PB 0x0000000750600000| Complete 
|  62|0x0000000750800000, 0x0000000750a00000, 0x0000000750a00000|100%| E|CS|TAMS 0x0000000750800000| PB 0x0000000750800000| Complete 
|  63|0x0000000750a00000, 0x0000000750c00000, 0x0000000750c00000|100%| E|CS|TAMS 0x0000000750a00000| PB 0x0000000750a00000| Complete 
|  64|0x0000000750c00000, 0x0000000750e00000, 0x0000000750e00000|100%| E|CS|TAMS 0x0000000750c00000| PB 0x0000000750c00000| Complete 
|  65|0x0000000750e00000, 0x0000000751000000, 0x0000000751000000|100%| E|CS|TAMS 0x0000000750e00000| PB 0x0000000750e00000| Complete 
|  66|0x0000000751000000, 0x0000000751200000, 0x0000000751200000|100%| E|CS|TAMS 0x0000000751000000| PB 0x0000000751000000| Complete 
|  67|0x0000000751200000, 0x0000000751400000, 0x0000000751400000|100%| E|CS|TAMS 0x0000000751200000| PB 0x0000000751200000| Complete 
|  68|0x0000000751400000, 0x0000000751600000, 0x0000000751600000|100%| E|CS|TAMS 0x0000000751400000| PB 0x0000000751400000| Complete 
|  69|0x0000000751600000, 0x0000000751800000, 0x0000000751800000|100%| E|CS|TAMS 0x0000000751600000| PB 0x0000000751600000| Complete 
|  70|0x0000000751800000, 0x0000000751a00000, 0x0000000751a00000|100%| E|CS|TAMS 0x0000000751800000| PB 0x0000000751800000| Complete 
|  71|0x0000000751a00000, 0x0000000751c00000, 0x0000000751c00000|100%| E|CS|TAMS 0x0000000751a00000| PB 0x0000000751a00000| Complete 
|  72|0x0000000751c00000, 0x0000000751e00000, 0x0000000751e00000|100%| E|CS|TAMS 0x0000000751c00000| PB 0x0000000751c00000| Complete 
|  73|0x0000000751e00000, 0x0000000752000000, 0x0000000752000000|100%| E|CS|TAMS 0x0000000751e00000| PB 0x0000000751e00000| Complete 
|  74|0x0000000752000000, 0x0000000752200000, 0x0000000752200000|100%| E|CS|TAMS 0x0000000752000000| PB 0x0000000752000000| Complete 
|  75|0x0000000752200000, 0x0000000752400000, 0x0000000752400000|100%| E|CS|TAMS 0x0000000752200000| PB 0x0000000752200000| Complete 
|  76|0x0000000752400000, 0x0000000752600000, 0x0000000752600000|100%| E|CS|TAMS 0x0000000752400000| PB 0x0000000752400000| Complete 
|  77|0x0000000752600000, 0x0000000752800000, 0x0000000752800000|100%| E|CS|TAMS 0x0000000752600000| PB 0x0000000752600000| Complete 
|  78|0x0000000752800000, 0x0000000752a00000, 0x0000000752a00000|100%| E|CS|TAMS 0x0000000752800000| PB 0x0000000752800000| Complete 
|  79|0x0000000752a00000, 0x0000000752c00000, 0x0000000752c00000|100%| E|CS|TAMS 0x0000000752a00000| PB 0x0000000752a00000| Complete 
|  80|0x0000000752c00000, 0x0000000752e00000, 0x0000000752e00000|100%| E|CS|TAMS 0x0000000752c00000| PB 0x0000000752c00000| Complete 
|  81|0x0000000752e00000, 0x0000000753000000, 0x0000000753000000|100%| E|CS|TAMS 0x0000000752e00000| PB 0x0000000752e00000| Complete 
|  82|0x0000000753000000, 0x0000000753200000, 0x0000000753200000|100%| E|CS|TAMS 0x0000000753000000| PB 0x0000000753000000| Complete 
|  83|0x0000000753200000, 0x0000000753400000, 0x0000000753400000|100%| E|CS|TAMS 0x0000000753200000| PB 0x0000000753200000| Complete 
|  84|0x0000000753400000, 0x0000000753600000, 0x0000000753600000|100%| E|CS|TAMS 0x0000000753400000| PB 0x0000000753400000| Complete 
|  85|0x0000000753600000, 0x0000000753800000, 0x0000000753800000|100%| E|CS|TAMS 0x0000000753600000| PB 0x0000000753600000| Complete 
|  86|0x0000000753800000, 0x0000000753a00000, 0x0000000753a00000|100%| E|CS|TAMS 0x0000000753800000| PB 0x0000000753800000| Complete 
|  87|0x0000000753a00000, 0x0000000753c00000, 0x0000000753c00000|100%| E|CS|TAMS 0x0000000753a00000| PB 0x0000000753a00000| Complete 
|  88|0x0000000753c00000, 0x0000000753e00000, 0x0000000753e00000|100%| E|CS|TAMS 0x0000000753c00000| PB 0x0000000753c00000| Complete 
|  89|0x0000000753e00000, 0x0000000754000000, 0x0000000754000000|100%| E|CS|TAMS 0x0000000753e00000| PB 0x0000000753e00000| Complete 
|  90|0x0000000754000000, 0x0000000754200000, 0x0000000754200000|100%| E|CS|TAMS 0x0000000754000000| PB 0x0000000754000000| Complete 
|  91|0x0000000754200000, 0x0000000754400000, 0x0000000754400000|100%| E|CS|TAMS 0x0000000754200000| PB 0x0000000754200000| Complete 

Card table byte_map: [0x00000234dd290000,0x00000234dd850000] _byte_map_base: 0x00000234d984a000

Marking Bits: (CMBitMap*) 0x00000234c55503d0
 Bits: [0x00000234dd850000, 0x00000234e0620000)

Polling page: 0x00000234c4cd0000

Metaspace:

Usage:
  Non-class:     15.77 MB used.
      Class:      1.94 MB used.
       Both:     17.71 MB used.

Virtual space:
  Non-class space:       64.00 MB reserved,      15.88 MB ( 25%) committed,  1 nodes.
      Class space:        1.00 GB reserved,       2.12 MB ( <1%) committed,  1 nodes.
             Both:        1.06 GB reserved,      18.00 MB (  2%) committed. 

Chunk freelists:
   Non-Class:  15.69 MB
       Class:  13.81 MB
        Both:  29.50 MB

MaxMetaspaceSize: unlimited
CompressedClassSpaceSize: 1.00 GB
Initial GC threshold: 21.00 MB
Current GC threshold: 21.00 MB
CDS: on
 - commit_granule_bytes: 65536.
 - commit_granule_words: 8192.
 - virtual_space_node_default_size: 8388608.
 - enlarge_chunks_in_place: 1.
 - use_allocation_guard: 0.


Internal statistics:

num_allocs_failed_limit: 0.
num_arena_births: 190.
num_arena_deaths: 0.
num_vsnodes_births: 2.
num_vsnodes_deaths: 0.
num_space_committed: 288.
num_space_uncommitted: 0.
num_chunks_returned_to_freelist: 0.
num_chunks_taken_from_freelist: 779.
num_chunk_merges: 0.
num_chunk_splits: 557.
num_chunks_enlarged: 467.
num_inconsistent_stats: 0.

CodeHeap 'non-profiled nmethods': size=120000Kb used=2916Kb max_used=2916Kb free=117083Kb
 bounds [0x00000234d5470000, 0x00000234d5750000, 0x00000234dc9a0000]
CodeHeap 'profiled nmethods': size=120000Kb used=11702Kb max_used=11702Kb free=108298Kb
 bounds [0x00000234cd9a0000, 0x00000234ce510000, 0x00000234d4ed0000]
CodeHeap 'non-nmethods': size=5760Kb used=1414Kb max_used=1463Kb free=4345Kb
 bounds [0x00000234d4ed0000, 0x00000234d5140000, 0x00000234d5470000]
 total_blobs=5710 nmethods=5203 adapters=411
 compilation: enabled
              stopped_count=0, restarted_count=0
 full_count=0

Compilation events (20 events):
Event: 18.445 Thread 0x00000234e3026bb0 nmethod 5186 0x00000234ce4f4610 code [0x00000234ce4f47a0, 0x00000234ce4f48e8]
Event: 18.484 Thread 0x00000234e3026bb0 5187       3       java.util.Collections::newSetFromMap (29 bytes)
Event: 18.484 Thread 0x00000234e3026bb0 nmethod 5187 0x00000234ce4f4990 code [0x00000234ce4f4ba0, 0x00000234ce4f51d8]
Event: 18.484 Thread 0x00000234e3026bb0 5188       3       java.util.Collections$SetFromMap::<init> (20 bytes)
Event: 18.485 Thread 0x00000234e3026bb0 nmethod 5188 0x00000234ce4f5390 code [0x00000234ce4f5560, 0x00000234ce4f5920]
Event: 18.485 Thread 0x00000234e3026bb0 5189       3       sun.nio.fs.WindowsFileSystemProvider::readAttributes (63 bytes)
Event: 18.485 Thread 0x00000234e3026bb0 nmethod 5189 0x00000234ce4f5a90 code [0x00000234ce4f5d00, 0x00000234ce4f6670]
Event: 18.485 Thread 0x00000234e3026bb0 5191       3       java.util.jar.JarFile::getManEntry (39 bytes)
Event: 18.486 Thread 0x00000234e3026bb0 nmethod 5191 0x00000234ce4f6990 code [0x00000234ce4f6b60, 0x00000234ce4f6f30]
Event: 18.486 Thread 0x00000234e3026bb0 5190       3       sun.nio.fs.Util::followLinks (66 bytes)
Event: 18.486 Thread 0x00000234e3026bb0 nmethod 5190 0x00000234ce4f7090 code [0x00000234ce4f7280, 0x00000234ce4f7708]
Event: 18.486 Thread 0x00000234e3026bb0 5192       3       java.util.jar.JarFile::<init> (95 bytes)
Event: 18.487 Thread 0x00000234e3026bb0 nmethod 5192 0x00000234ce4f7910 code [0x00000234ce4f7c00, 0x00000234ce4f8cc0]
Event: 18.487 Thread 0x00000234e3026bb0 5193       3       java.util.zip.ZipFile$Source$Key::<init> (23 bytes)
Event: 18.487 Thread 0x00000234e3026bb0 nmethod 5193 0x00000234ce4f9190 code [0x00000234ce4f9340, 0x00000234ce4f9648]
Event: 18.487 Thread 0x00000234e3026bb0 5194       3       java.util.zip.ZipCoder$UTF8ZipCoder::toString (12 bytes)
Event: 18.488 Thread 0x00000234e3026bb0 nmethod 5194 0x00000234ce4f9790 code [0x00000234ce4f9940, 0x00000234ce4f9af8]
Event: 18.491 Thread 0x00000234e3026bb0 5195       3       java.lang.String::newStringUTF8NoRepl (322 bytes)
Event: 18.493 Thread 0x00000234e3026bb0 nmethod 5195 0x00000234ce4f9c10 code [0x00000234ce4fa020, 0x00000234ce4fbd30]
Event: 18.493 Thread 0x00000234e3026bb0 5196       3       java.io.OutputStream::<init> (5 bytes)

GC Heap History (6 events):
Event: 3.002 GC heap before
{Heap before GC invocations=0 (full 0):
 garbage-first heap   total 188416K, used 22528K [0x0000000748c00000, 0x0000000800000000)
  region size 2048K, 11 young (22528K), 0 survivors (0K)
 Metaspace       used 5605K, committed 5824K, reserved 1114112K
  class space    used 645K, committed 768K, reserved 1048576K
}
Event: 3.098 GC heap after
{Heap after GC invocations=1 (full 0):
 garbage-first heap   total 188416K, used 3776K [0x0000000748c00000, 0x0000000800000000)
  region size 2048K, 2 young (4096K), 2 survivors (4096K)
 Metaspace       used 5605K, committed 5824K, reserved 1114112K
  class space    used 645K, committed 768K, reserved 1048576K
}
Event: 5.207 GC heap before
{Heap before GC invocations=1 (full 0):
 garbage-first heap   total 188416K, used 34496K [0x0000000748c00000, 0x0000000800000000)
  region size 2048K, 17 young (34816K), 2 survivors (4096K)
 Metaspace       used 9545K, committed 9728K, reserved 1114112K
  class space    used 1119K, committed 1216K, reserved 1048576K
}
Event: 5.214 GC heap after
{Heap after GC invocations=2 (full 0):
 garbage-first heap   total 188416K, used 5089K [0x0000000748c00000, 0x0000000800000000)
  region size 2048K, 1 young (2048K), 1 survivors (2048K)
 Metaspace       used 9545K, committed 9728K, reserved 1114112K
  class space    used 1119K, committed 1216K, reserved 1048576K
}
Event: 13.204 GC heap before
{Heap before GC invocations=2 (full 0):
 garbage-first heap   total 188416K, used 115681K [0x0000000748c00000, 0x0000000800000000)
  region size 2048K, 55 young (112640K), 1 survivors (2048K)
 Metaspace       used 16489K, committed 16768K, reserved 1114112K
  class space    used 1848K, committed 1984K, reserved 1048576K
}
Event: 13.224 GC heap after
{Heap after GC invocations=3 (full 0):
 garbage-first heap   total 188416K, used 16154K [0x0000000748c00000, 0x0000000800000000)
  region size 2048K, 7 young (14336K), 7 survivors (14336K)
 Metaspace       used 16489K, committed 16768K, reserved 1114112K
  class space    used 1848K, committed 1984K, reserved 1048576K
}

Dll operation events (8 events):
Event: 0.045 Loaded shared library C:\Program Files\Java\jdk-21\bin\java.dll
Event: 0.233 Loaded shared library C:\Program Files\Java\jdk-21\bin\jsvml.dll
Event: 0.252 Loaded shared library C:\Program Files\Java\jdk-21\bin\net.dll
Event: 0.256 Loaded shared library C:\Program Files\Java\jdk-21\bin\nio.dll
Event: 0.285 Loaded shared library C:\Program Files\Java\jdk-21\bin\zip.dll
Event: 1.118 Loaded shared library C:\Users\2oleg\Downloads\apache-maven-3.9.11-bin\apache-maven-3.9.11\lib\jansi-native\Windows\x86_64\jansi.dll
Event: 1.123 Loaded shared library C:\Program Files\Java\jdk-21\bin\jimage.dll
Event: 1.213 Loaded shared library C:\Program Files\Java\jdk-21\bin\verify.dll

Deoptimization events (20 events):
Event: 17.555 Thread 0x00000234c32ae530 Uncommon trap: trap_request=0xffffff45 fr.pc=0x00000234d573c67c relative=0x00000000000000dc
Event: 17.555 Thread 0x00000234c32ae530 Uncommon trap: reason=unstable_if action=reinterpret pc=0x00000234d573c67c method=java.io.BufferedReader.implRead()I @ 12 c2
Event: 17.555 Thread 0x00000234c32ae530 DEOPT PACKING pc=0x00000234d573c67c sp=0x000000a5e0ffd8f0
Event: 17.555 Thread 0x00000234c32ae530 DEOPT UNPACKING pc=0x00000234d4f246a2 sp=0x000000a5e0ffd888 mode 2
Event: 18.436 Thread 0x00000234c32ae530 Uncommon trap: trap_request=0xffffffd6 fr.pc=0x00000234d572038c relative=0x00000000000003cc
Event: 18.436 Thread 0x00000234c32ae530 Uncommon trap: reason=array_check action=maybe_recompile pc=0x00000234d572038c method=java.util.LinkedHashMap.valuesToArray([Ljava/lang/Object;Z)[Ljava/lang/Object; @ 67 c2
Event: 18.436 Thread 0x00000234c32ae530 DEOPT PACKING pc=0x00000234d572038c sp=0x000000a5e0ffcd20
Event: 18.436 Thread 0x00000234c32ae530 DEOPT UNPACKING pc=0x00000234d4f246a2 sp=0x000000a5e0ffccc0 mode 2
Event: 18.437 Thread 0x00000234c32ae530 Uncommon trap: trap_request=0xffffffd6 fr.pc=0x00000234d572038c relative=0x00000000000003cc
Event: 18.437 Thread 0x00000234c32ae530 Uncommon trap: reason=array_check action=maybe_recompile pc=0x00000234d572038c method=java.util.LinkedHashMap.valuesToArray([Ljava/lang/Object;Z)[Ljava/lang/Object; @ 67 c2
Event: 18.437 Thread 0x00000234c32ae530 DEOPT PACKING pc=0x00000234d572038c sp=0x000000a5e0ffd010
Event: 18.437 Thread 0x00000234c32ae530 DEOPT UNPACKING pc=0x00000234d4f246a2 sp=0x000000a5e0ffcfb0 mode 2
Event: 18.442 Thread 0x00000234c32ae530 Uncommon trap: trap_request=0xffffffd6 fr.pc=0x00000234d572038c relative=0x00000000000003cc
Event: 18.442 Thread 0x00000234c32ae530 Uncommon trap: reason=array_check action=maybe_recompile pc=0x00000234d572038c method=java.util.LinkedHashMap.valuesToArray([Ljava/lang/Object;Z)[Ljava/lang/Object; @ 67 c2
Event: 18.442 Thread 0x00000234c32ae530 DEOPT PACKING pc=0x00000234d572038c sp=0x000000a5e0ffc9f0
Event: 18.442 Thread 0x00000234c32ae530 DEOPT UNPACKING pc=0x00000234d4f246a2 sp=0x000000a5e0ffc990 mode 2
Event: 18.442 Thread 0x00000234c32ae530 Uncommon trap: trap_request=0xffffffd6 fr.pc=0x00000234d572038c relative=0x00000000000003cc
Event: 18.442 Thread 0x00000234c32ae530 Uncommon trap: reason=array_check action=maybe_recompile pc=0x00000234d572038c method=java.util.LinkedHashMap.valuesToArray([Ljava/lang/Object;Z)[Ljava/lang/Object; @ 67 c2
Event: 18.442 Thread 0x00000234c32ae530 DEOPT PACKING pc=0x00000234d572038c sp=0x000000a5e0ffc9f0
Event: 18.442 Thread 0x00000234c32ae530 DEOPT UNPACKING pc=0x00000234d4f246a2 sp=0x000000a5e0ffc990 mode 2

Classes loaded (20 events):
Event: 15.929 Loading class java/time/zone/TzdbZoneRulesProvider
Event: 15.929 Loading class java/time/zone/TzdbZoneRulesProvider done
Event: 15.933 Loading class java/time/zone/Ser
Event: 15.933 Loading class java/io/Externalizable
Event: 15.933 Loading class java/io/Externalizable done
Event: 15.933 Loading class java/time/zone/Ser done
Event: 15.934 Loading class java/time/zone/ZoneOffsetTransition
Event: 15.934 Loading class java/time/zone/ZoneOffsetTransition done
Event: 15.943 Loading class jdk/internal/reflect/MethodHandleBooleanFieldAccessorImpl
Event: 15.943 Loading class jdk/internal/reflect/MethodHandleBooleanFieldAccessorImpl done
Event: 15.971 Loading class java/lang/Character$UnicodeBlock
Event: 15.971 Loading class java/lang/Character$Subset
Event: 15.972 Loading class java/lang/Character$Subset done
Event: 15.974 Loading class java/lang/Character$UnicodeBlock done
Event: 16.206 Loading class sun/nio/cs/UTF_8$Encoder
Event: 16.206 Loading class sun/nio/cs/UTF_8$Encoder done
Event: 17.554 Loading class java/nio/BufferMismatch
Event: 17.555 Loading class java/nio/BufferMismatch done
Event: 17.556 Loading class java/nio/file/attribute/PosixFileAttributes
Event: 17.556 Loading class java/nio/file/attribute/PosixFileAttributes done

Classes unloaded (0 events):
No events

Classes redefined (0 events):
No events

Internal exceptions (20 events):
Event: 15.715 Thread 0x00000234c32ae530 Exception <a 'sun/nio/fs/WindowsException'{0x0000000750fb6e98}> (0x0000000750fb6e98) 
thrown [s\open\src\hotspot\share\prims\jni.cpp, line 520]
Event: 15.729 Thread 0x00000234c32ae530 Exception <a 'sun/nio/fs/WindowsException'{0x0000000750cfccf8}> (0x0000000750cfccf8) 
thrown [s\open\src\hotspot\share\prims\jni.cpp, line 520]
Event: 15.730 Thread 0x00000234c32ae530 Exception <a 'sun/nio/fs/WindowsException'{0x0000000750cfcfd8}> (0x0000000750cfcfd8) 
thrown [s\open\src\hotspot\share\prims\jni.cpp, line 520]
Event: 15.763 Thread 0x00000234c32ae530 Exception <a 'sun/nio/fs/WindowsException'{0x0000000750af2a18}> (0x0000000750af2a18) 
thrown [s\open\src\hotspot\share\prims\jni.cpp, line 520]
Event: 15.763 Thread 0x00000234c32ae530 Exception <a 'sun/nio/fs/WindowsException'{0x0000000750af2d18}> (0x0000000750af2d18) 
thrown [s\open\src\hotspot\share\prims\jni.cpp, line 520]
Event: 15.869 Thread 0x00000234c32ae530 Implicit null exception at 0x00000234d565b173 to 0x00000234d565b94c
Event: 15.890 Thread 0x00000234c32ae530 Exception <a 'java/lang/NoSuchMethodError'{0x00000007509e2560}: 'int java.lang.invoke.DirectMethodHandle$Holder.invokeVirtual(java.lang.Object, java.lang.Object)'> (0x00000007509e2560) 
thrown [s\open\src\hotspot\share\interpreter\linkResolver.cpp, line 773]
Event: 15.944 Thread 0x00000234c32ae530 Exception <a 'java/lang/NoSuchMethodError'{0x000000075070de40}: 'void java.lang.invoke.Invokers$Holder.invokeExact_MT(java.lang.Object, java.lang.Object, int, java.lang.Object)'> (0x000000075070de40) 
thrown [s\open\src\hotspot\share\interpreter\linkResolver.cpp, line 773]
Event: 17.877 Thread 0x00000234c32ae530 Exception <a 'sun/nio/fs/WindowsException'{0x000000075031e5d8}> (0x000000075031e5d8) 
thrown [s\open\src\hotspot\share\prims\jni.cpp, line 520]
Event: 17.877 Thread 0x00000234c32ae530 Exception <a 'sun/nio/fs/WindowsException'{0x000000075031e978}> (0x000000075031e978) 
thrown [s\open\src\hotspot\share\prims\jni.cpp, line 520]
Event: 17.879 Thread 0x00000234c32ae530 Exception <a 'sun/nio/fs/WindowsException'{0x0000000750341e48}> (0x0000000750341e48) 
thrown [s\open\src\hotspot\share\prims\jni.cpp, line 520]
Event: 17.879 Thread 0x00000234c32ae530 Exception <a 'sun/nio/fs/WindowsException'{0x00000007503421d8}> (0x00000007503421d8) 
thrown [s\open\src\hotspot\share\prims\jni.cpp, line 520]
Event: 17.881 Thread 0x00000234c32ae530 Exception <a 'sun/nio/fs/WindowsException'{0x00000007503644c0}> (0x00000007503644c0) 
thrown [s\open\src\hotspot\share\prims\jni.cpp, line 520]
Event: 17.881 Thread 0x00000234c32ae530 Exception <a 'sun/nio/fs/WindowsException'{0x00000007503647e8}> (0x00000007503647e8) 
thrown [s\open\src\hotspot\share\prims\jni.cpp, line 520]
Event: 17.885 Thread 0x00000234c32ae530 Exception <a 'sun/nio/fs/WindowsException'{0x00000007503af260}> (0x00000007503af260) 
thrown [s\open\src\hotspot\share\prims\jni.cpp, line 520]
Event: 17.885 Thread 0x00000234c32ae530 Exception <a 'sun/nio/fs/WindowsException'{0x00000007503af540}> (0x00000007503af540) 
thrown [s\open\src\hotspot\share\prims\jni.cpp, line 520]
Event: 18.268 Thread 0x00000234c32ae530 Exception <a 'sun/nio/fs/WindowsException'{0x000000074ffafc40}> (0x000000074ffafc40) 
thrown [s\open\src\hotspot\share\prims\jni.cpp, line 520]
Event: 18.268 Thread 0x00000234c32ae530 Exception <a 'sun/nio/fs/WindowsException'{0x000000074ffaffe0}> (0x000000074ffaffe0) 
thrown [s\open\src\hotspot\share\prims\jni.cpp, line 520]
Event: 18.338 Thread 0x00000234c32ae530 Exception <a 'sun/nio/fs/WindowsException'{0x000000074ffc2868}> (0x000000074ffc2868) 
thrown [s\open\src\hotspot\share\prims\jni.cpp, line 520]
Event: 18.338 Thread 0x00000234c32ae530 Exception <a 'sun/nio/fs/WindowsException'{0x000000074ffc2b68}> (0x000000074ffc2b68) 
thrown [s\open\src\hotspot\share\prims\jni.cpp, line 520]

ZGC Phase Switch (0 events):
No events

VM Operations (20 events):
Event: 8.124 Executing VM operation: HandshakeAllThreads (Deoptimize)
Event: 8.124 Executing VM operation: HandshakeAllThreads (Deoptimize) done
Event: 8.945 Executing VM operation: ICBufferFull
Event: 8.945 Executing VM operation: ICBufferFull done
Event: 10.369 Executing VM operation: ICBufferFull
Event: 10.369 Executing VM operation: ICBufferFull done
Event: 11.535 Executing VM operation: ICBufferFull
Event: 11.536 Executing VM operation: ICBufferFull done
Event: 12.536 Executing VM operation: Cleanup
Event: 12.542 Executing VM operation: Cleanup done
Event: 13.185 Executing VM operation: G1CollectForAllocation (G1 Evacuation Pause)
Event: 13.224 Executing VM operation: G1CollectForAllocation (G1 Evacuation Pause) done
Event: 14.224 Executing VM operation: Cleanup
Event: 14.231 Executing VM operation: Cleanup done
Event: 15.231 Executing VM operation: Cleanup
Event: 15.276 Executing VM operation: Cleanup done
Event: 15.929 Executing VM operation: ICBufferFull
Event: 15.929 Executing VM operation: ICBufferFull done
Event: 17.930 Executing VM operation: Cleanup
Event: 18.014 Executing VM operation: Cleanup done

Events (20 events):
Event: 7.463 Thread 0x00000234e30a86b0 Thread exited: 0x00000234e30a86b0
Event: 7.981 Thread 0x00000234e3478770 Thread added: 0x00000234e3478770
Event: 8.511 Thread 0x00000234e85f7bc0 Thread added: 0x00000234e85f7bc0
Event: 9.879 Thread 0x00000234e85f7bc0 Thread exited: 0x00000234e85f7bc0
Event: 10.102 Thread 0x00000234e39968a0 Thread added: 0x00000234e39968a0
Event: 10.876 Thread 0x00000234e39968a0 Thread exited: 0x00000234e39968a0
Event: 11.001 Thread 0x00000234e8375890 Thread added: 0x00000234e8375890
Event: 11.470 Thread 0x00000234e8375890 Thread exited: 0x00000234e8375890
Event: 11.646 Thread 0x00000234e8375890 Thread added: 0x00000234e8375890
Event: 12.855 Thread 0x00000234e8375890 Thread exited: 0x00000234e8375890
Event: 13.174 Thread 0x00000234e3cb4590 Thread added: 0x00000234e3cb4590
Event: 14.574 Thread 0x00000234e3cb4590 Thread exited: 0x00000234e3cb4590
Event: 14.673 Thread 0x00000234e9b6d3e0 Thread added: 0x00000234e9b6d3e0
Event: 14.904 Thread 0x00000234e9b6d3e0 Thread exited: 0x00000234e9b6d3e0
Event: 15.091 Thread 0x00000234e87c7cc0 Thread added: 0x00000234e87c7cc0
Event: 15.099 Thread 0x00000234e87c8360 Thread added: 0x00000234e87c8360
Event: 17.463 Thread 0x00000234e87c7cc0 Thread exited: 0x00000234e87c7cc0
Event: 17.463 Thread 0x00000234e87c8360 Thread exited: 0x00000234e87c8360
Event: 17.551 Thread 0x00000234e93ba800 Thread added: 0x00000234e93ba800
Event: 17.874 Thread 0x00000234e93ba800 Thread exited: 0x00000234e93ba800


Dynamic libraries:
0x00007ff6a5e00000 - 0x00007ff6a5e10000 	C:\Program Files\Java\jdk-21\bin\java.exe
0x00007ff9f5930000 - 0x00007ff9f5b28000 	C:\WINDOWS\SYSTEM32\ntdll.dll
0x00007ff9f5400000 - 0x00007ff9f54c2000 	C:\WINDOWS\System32\KERNEL32.DLL
0x00007ff9f3130000 - 0x00007ff9f3426000 	C:\WINDOWS\System32\KERNELBASE.dll
0x00007ff9f3820000 - 0x00007ff9f3920000 	C:\WINDOWS\System32\ucrtbase.dll
0x00007ff9e2e70000 - 0x00007ff9e2e89000 	C:\Program Files\Java\jdk-21\bin\jli.dll
0x00007ff9f3da0000 - 0x00007ff9f3e51000 	C:\WINDOWS\System32\ADVAPI32.dll
0x00007ff9f5820000 - 0x00007ff9f58be000 	C:\WINDOWS\System32\msvcrt.dll
0x00007ff9f4800000 - 0x00007ff9f489f000 	C:\WINDOWS\System32\sechost.dll
0x00007ff9f3c10000 - 0x00007ff9f3d30000 	C:\WINDOWS\System32\RPCRT4.dll
0x00007ff9f3560000 - 0x00007ff9f3587000 	C:\WINDOWS\System32\bcrypt.dll
0x00007ff9f3f40000 - 0x00007ff9f40e1000 	C:\WINDOWS\System32\USER32.dll
0x00007ff9f3100000 - 0x00007ff9f3122000 	C:\WINDOWS\System32\win32u.dll
0x00007ff9f47c0000 - 0x00007ff9f47eb000 	C:\WINDOWS\System32\GDI32.dll
0x00007ff9f2f90000 - 0x00007ff9f30a9000 	C:\WINDOWS\System32\gdi32full.dll
0x00007ff9f3590000 - 0x00007ff9f362d000 	C:\WINDOWS\System32\msvcp_win.dll
0x00007ff9e2dc0000 - 0x00007ff9e2ddb000 	C:\Program Files\Java\jdk-21\bin\VCRUNTIME140.dll
0x00007ff9ecd10000 - 0x00007ff9ecd1a000 	C:\WINDOWS\SYSTEM32\VERSION.dll
0x00007ff9e4da0000 - 0x00007ff9e503b000 	C:\WINDOWS\WinSxS\amd64_microsoft.windows.common-controls_6595b64144ccf1df_6.0.19041.6456_none_60b8a6cb71f64256\COMCTL32.dll
0x00007ff9f3f10000 - 0x00007ff9f3f3f000 	C:\WINDOWS\System32\IMM32.DLL
0x00007ff9e25a0000 - 0x00007ff9e25ac000 	C:\Program Files\Java\jdk-21\bin\vcruntime140_1.dll
0x00007ff9d12b0000 - 0x00007ff9d133e000 	C:\Program Files\Java\jdk-21\bin\msvcp140.dll
0x00007ff9a2110000 - 0x00007ff9a2e2a000 	C:\Program Files\Java\jdk-21\bin\server\jvm.dll
0x00007ff9f4210000 - 0x00007ff9f427b000 	C:\WINDOWS\System32\WS2_32.dll
0x00007ff9f2df0000 - 0x00007ff9f2e3b000 	C:\WINDOWS\SYSTEM32\POWRPROF.dll
0x00007ff9e0140000 - 0x00007ff9e0167000 	C:\WINDOWS\SYSTEM32\WINMM.dll
0x00007ff9f2dd0000 - 0x00007ff9f2de2000 	C:\WINDOWS\SYSTEM32\UMPDC.dll
0x00007ff9f0dc0000 - 0x00007ff9f0dd2000 	C:\WINDOWS\SYSTEM32\kernel.appcore.dll
0x00007ff9e2590000 - 0x00007ff9e259a000 	C:\Program Files\Java\jdk-21\bin\jimage.dll
0x00007ff9df840000 - 0x00007ff9dfa41000 	C:\WINDOWS\SYSTEM32\DBGHELP.DLL
0x00007ff9dd350000 - 0x00007ff9dd384000 	C:\WINDOWS\SYSTEM32\dbgcore.DLL
0x00007ff9f3630000 - 0x00007ff9f36b2000 	C:\WINDOWS\System32\bcryptPrimitives.dll
0x00007ff9e2280000 - 0x00007ff9e229f000 	C:\Program Files\Java\jdk-21\bin\java.dll
0x00007ff9f4930000 - 0x00007ff9f50a0000 	C:\WINDOWS\System32\SHELL32.dll
0x00007ff9f0fc0000 - 0x00007ff9f1765000 	C:\WINDOWS\SYSTEM32\windows.storage.dll
0x00007ff9f50a0000 - 0x00007ff9f53f4000 	C:\WINDOWS\System32\combase.dll
0x00007ff9f28e0000 - 0x00007ff9f290b000 	C:\WINDOWS\SYSTEM32\Wldp.dll
0x00007ff9f46f0000 - 0x00007ff9f47bd000 	C:\WINDOWS\System32\OLEAUT32.dll
0x00007ff9f3920000 - 0x00007ff9f39cd000 	C:\WINDOWS\System32\SHCORE.dll
0x00007ff9f57c0000 - 0x00007ff9f581b000 	C:\WINDOWS\System32\shlwapi.dll
0x00007ff9f2ec0000 - 0x00007ff9f2ee4000 	C:\WINDOWS\SYSTEM32\profapi.dll
0x00007ff9c1e40000 - 0x00007ff9c1f17000 	C:\Program Files\Java\jdk-21\bin\jsvml.dll
0x00007ff9e2270000 - 0x00007ff9e2280000 	C:\Program Files\Java\jdk-21\bin\net.dll
0x00007ff9ec950000 - 0x00007ff9eca5a000 	C:\WINDOWS\SYSTEM32\WINHTTP.dll
0x00007ff9f25f0000 - 0x00007ff9f265a000 	C:\WINDOWS\system32\mswsock.dll
0x00007ff9e0dd0000 - 0x00007ff9e0de6000 	C:\Program Files\Java\jdk-21\bin\nio.dll
0x00007ff9e09b0000 - 0x00007ff9e09c8000 	C:\Program Files\Java\jdk-21\bin\zip.dll
0x00007ff9df250000 - 0x00007ff9df274000 	C:\Users\2oleg\Downloads\apache-maven-3.9.11-bin\apache-maven-3.9.11\lib\jansi-native\Windows\x86_64\jansi.dll
0x00007ff9e1970000 - 0x00007ff9e1980000 	C:\Program Files\Java\jdk-21\bin\verify.dll

dbghelp: loaded successfully - version: 4.0.5 - missing functions: none
symbol engine: initialized successfully - sym options: 0x614 - pdb path: .;C:\Program Files\Java\jdk-21\bin;C:\WINDOWS\SYSTEM32;C:\WINDOWS\WinSxS\amd64_microsoft.windows.common-controls_6595b64144ccf1df_6.0.19041.6456_none_60b8a6cb71f64256;C:\Program Files\Java\jdk-21\bin\server;C:\Users\2oleg\Downloads\apache-maven-3.9.11-bin\apache-maven-3.9.11\lib\jansi-native\Windows\x86_64

VM Arguments:
jvm_args: -Dclassworlds.conf=C:\Users\2oleg\Downloads\apache-maven-3.9.11-bin\apache-maven-3.9.11\bin\m2.conf -Dmaven.home=C:\Users\2oleg\Downloads\apache-maven-3.9.11-bin\apache-maven-3.9.11 -Dlibrary.jansi.path=C:\Users\2oleg\Downloads\apache-maven-3.9.11-bin\apache-maven-3.9.11\lib\jansi-native -Dmaven.multiModuleProjectDirectory=C:\Users\2oleg\Downloads\Telegram Desktop\Kefir\Backend\TransactionSaga 
java_command: org.codehaus.plexus.classworlds.launcher.Launcher spring-boot:run -Dserver.port=8090 -DskipTests
java_class_path (initial): C:\Users\2oleg\Downloads\apache-maven-3.9.11-bin\apache-maven-3.9.11\boot\plexus-classworlds-2.9.0.jar
Launcher Type: SUN_STANDARD

[Global flags]
     intx CICompilerCount                          = 4                                         {product} {ergonomic}
     uint ConcGCThreads                            = 2                                         {product} {ergonomic}
     uint G1ConcRefinementThreads                  = 8                                         {product} {ergonomic}
   size_t G1HeapRegionSize                         = 2097152                                   {product} {ergonomic}
    uintx GCDrainStackTargetSize                   = 64                                        {product} {ergonomic}
   size_t InitialHeapSize                          = 192937984                                 {product} {ergonomic}
   size_t MarkStackSize                            = 4194304                                   {product} {ergonomic}
   size_t MaxHeapSize                              = 3074424832                                {product} {ergonomic}
   size_t MaxNewSize                               = 1843396608                                {product} {ergonomic}
   size_t MinHeapDeltaBytes                        = 2097152                                   {product} {ergonomic}
   size_t MinHeapSize                              = 8388608                                   {product} {ergonomic}
    uintx NonNMethodCodeHeapSize                   = 5839372                                {pd product} {ergonomic}
    uintx NonProfiledCodeHeapSize                  = 122909434                              {pd product} {ergonomic}
    uintx ProfiledCodeHeapSize                     = 122909434                              {pd product} {ergonomic}
    uintx ReservedCodeCacheSize                    = 251658240                              {pd product} {ergonomic}
     bool SegmentedCodeCache                       = true                                      {product} {ergonomic}
   size_t SoftMaxHeapSize                          = 3074424832                             {manageable} {ergonomic}
     bool UseCompressedOops                        = true                           {product lp64_product} {ergonomic}
     bool UseG1GC                                  = true                                      {product} {ergonomic}
     bool UseLargePagesIndividualAllocation        = false                                  {pd product} {ergonomic}

Logging:
Log output configuration:
 #0: stdout all=warning uptime,level,tags foldmultilines=false
 #1: stderr all=off uptime,level,tags foldmultilines=false

Environment Variables:
JAVA_HOME=C:\Program Files\Java\jdk-21
PATH=C:\Program Files\Common Files\Oracle\Java\javapath;C:\Program Files (x86)\Cuminas\Document Express DjVu Plug-in\;C:\Program Files (x86)\Razer Chroma SDK\bin;C:\Program Files\Razer Chroma SDK\bin;C:\WINDOWS\system32;C:\WINDOWS;C:\WINDOWS\System32\Wbem;C:\WINDOWS\System32\WindowsPowerShell\v1.0\;C:\WINDOWS\System32\OpenSSH\;C:\Program Files (x86)\NVIDIA Corporation\PhysX\Common;C:\WINDOWS\system32\config\systemprofile\AppData\Local\Microsoft\WindowsApps;C:\Program Files (x86)\Razer\ChromaBroadcast\bin;C:\Program Files\Razer\ChromaBroadcast\bin;C:\Users\2oleg\AppData\Local\Microsoft\WindowsApps;C:\Program Files\JetBrains\IntelliJ IDEA Community Edition 2024.3\bin;C:\Users\2oleg\AppData\Local\Programs\Microsoft VS Code\bin;C:\Program Files\Docker\Docker\resources\bin;C:\Users\2oleg\Downloads\curl-8.16.0_6-win64-mingw.zip\curl-8.16.0_6-win64-mingw\bin;C:\Users\2oleg\Downloads\curl-8.16.0_6-win64-mingw\curl-8.16.0_6-win64-mingw\bin;C:\Users\2oleg\Downloads\apache-maven-3.9.11-bin\apache-maven-3.9.11\bin;C:\ProgramData\chocolatey\bin;C:\Users\2oleg\AppData\Roaming\Cloud Foundry;C:\Program Files\Git\cmd;C:\Program Files\nodejs\;C:\Users\2oleg\AppData\Local\Muse Hub\lib;C:\Users\2oleg\AppData\Local\Microsoft\WindowsApps;C:\Program Files\JetBrains\IntelliJ IDEA Community Edition 2025.2.4\bin;C:\Users\2oleg\AppData\Local\Programs\Microsoft VS Code\bin;C:\Program Files\jq.exe;C:\Users\2oleg\AppData\Local\Microsoft\WinGet\Packages\jqlang.jq_Microsoft.Winget.Source_8wekyb3d8bbwe;C:\Program Files\Java\jdk-24;C:\Users\2oleg\Downloads\gradle-9.0.0-bin\gradle-9.0.0\bin;C:\Program Files\Docker\Docker\resources\bin;C:\Users\2oleg\AppData\Local\GitHubDesktop\bin;C:\Users\2oleg\AppData\Roaming\npm
USERNAME=2oleg
OS=Windows_NT
PROCESSOR_IDENTIFIER=Intel64 Family 6 Model 60 Stepping 3, GenuineIntel
TMP=C:\Users\2oleg\AppData\Local\Temp
TEMP=C:\Users\2oleg\AppData\Local\Temp




Periodic native trim disabled

---------------  S Y S T E M  ---------------

OS:
 Windows 10 , 64 bit Build 19041 (10.0.19041.5915)
OS uptime: 13 days 9:59 hours
Hyper-V role detected

CPU: total 8 (initial active 8) (4 cores per cpu, 2 threads per core) family 6 model 60 stepping 3 microcode 0x27, cx8, cmov, fxsr, ht, mmx, sse, sse2, sse3, ssse3, sse4.1, sse4.2, popcnt, lzcnt, tsc, tscinvbit, avx, avx2, aes, erms, clmul, bmi1, bmi2, fma, vzeroupper, clflush, hv, rdtscp, f16c
Processor Information for all 8 processors :
  Max Mhz: 2401, Current Mhz: 2401, Mhz Limit: 2401

Memory: 4k page, system-wide physical 11723M (1032M free)
TotalPageFile size 23723M (AvailPageFile size 215M)
current process WorkingSet (physical memory assigned to process): 260M, peak: 265M
current process commit charge ("private bytes"): 329M, peak: 335M

vm_info: Java HotSpot(TM) 64-Bit Server VM (21.0.7+8-LTS-245) for windows-amd64 JRE (21.0.7+8-LTS-245), built on 2025-02-21T05:11:27Z by "mach5one" with MS VC++ 17.6 (VS2022)

END.
