#
# There is insufficient memory for the Java Runtime Environment to continue.
# Native memory allocation (malloc) failed to allocate 204880 bytes for Chunk::new
# Possible reasons:
#   The system is out of physical RAM or swap space
#   The process is running with CompressedOops enabled, and the Java Heap may be blocking the growth of the native heap
# Possible solutions:
#   Reduce memory load on the system
#   Increase physical memory or swap space
#   Check if swap backing store is full
#   Decrease Java heap size (-Xmx/-Xms)
#   Decrease number of Java threads
#   Decrease Java thread stack sizes (-Xss)
#   Set larger code cache with -XX:ReservedCodeCacheSize=
#   JVM is running with Zero Based Compressed Oops mode in which the Java heap is
#     placed in the first 32GB address space. The Java Heap base address is the
#     maximum limit for the native heap growth. Please use -XX:HeapBaseMinAddress
#     to set the Java Heap base and to place the Java Heap above 32GB virtual address.
# This output file may be truncated or incomplete.
#
#  Out of Memory Error (arena.cpp:168), pid=16844, tid=7752
#
# JRE version: Java(TM) SE Runtime Environment (21.0.7+8) (build 21.0.7+8-LTS-245)
# Java VM: Java HotSpot(TM) 64-Bit Server VM (21.0.7+8-LTS-245, mixed mode, sharing, tiered, compressed oops, compressed class ptrs, g1 gc, windows-amd64)
# No core dump will be written. Minidumps are not enabled by default on client versions of Windows
#

---------------  S U M M A R Y ------------

Command Line: -Dclassworlds.conf=C:\Users\2oleg\Downloads\apache-maven-3.9.11-bin\apache-maven-3.9.11\bin\m2.conf -Dmaven.home=C:\Users\2oleg\Downloads\apache-maven-3.9.11-bin\apache-maven-3.9.11 -Dlibrary.jansi.path=C:\Users\2oleg\Downloads\apache-maven-3.9.11-bin\apache-maven-3.9.11\lib\jansi-native -Dmaven.multiModuleProjectDirectory=C:\Users\2oleg\Downloads\Telegram Desktop\Kefir\Backend\TransactionSaga org.codehaus.plexus.classworlds.launcher.Launcher spring-boot:run -Dserver.port=8090 -DskipTests

Host: Intel(R) Core(TM) i7-4700HQ CPU @ 2.40GHz, 8 cores, 11G,  Windows 10 , 64 bit Build 19041 (10.0.19041.5915)
Time: Sat Dec 13 01:37:12 2025 RTZ 2 (s 10 , 64 bit Build 19041 (10.0.19041.5915) elapsed time: 14.986027 seconds (0d 0h 0m 14s)

---------------  T H R E A D  ---------------

Current thread (0x000002807da21ea0):  JavaThread "C2 CompilerThread0" daemon [_thread_in_native, id=7752, stack(0x000000c423900000,0x000000c423a00000) (1024K)]


Current CompileTask:
C2:  14986 1359 % !   4       java.util.concurrent.ConcurrentHashMap::transfer @ 96 (849 bytes)

Stack: [0x000000c423900000,0x000000c423a00000]
Native frames: (J=compiled Java code, j=interpreted, Vv=VM code, C=native code)
V  [jvm.dll+0x6cae19]
V  [jvm.dll+0x855741]
V  [jvm.dll+0x857c6e]
V  [jvm.dll+0x858343]
V  [jvm.dll+0x27e0b6]
V  [jvm.dll+0xc4ecd]
V  [jvm.dll+0xc5403]
V  [jvm.dll+0x3b578c]
V  [jvm.dll+0x1dfa19]
V  [jvm.dll+0x246c82]
V  [jvm.dll+0x24610f]
V  [jvm.dll+0x1c6efe]
V  [jvm.dll+0x255819]
V  [jvm.dll+0x253daa]
V  [jvm.dll+0x3eebb6]
V  [jvm.dll+0x7ffa1b]
V  [jvm.dll+0x6c94fd]
C  [ucrtbase.dll+0x21bb2]
C  [KERNEL32.DLL+0x17374]
C  [ntdll.dll+0x4cc91]


---------------  P R O C E S S  ---------------

Threads class SMR info:
_java_thread_list=0x000002807e5843a0, length=11, elements={
0x000002806ce73370, 0x000002807da199c0, 0x000002807da1a7c0, 0x000002807da1d220,
0x000002807da1dc70, 0x000002807da1e6c0, 0x000002807da1f110, 0x000002807da21ea0,
0x000002807da25000, 0x000002807da91410, 0x000002807da98040
}

Java Threads: ( => current thread )
  0x000002806ce73370 JavaThread "main"                              [_thread_in_vm, id=17164, stack(0x000000c422b00000,0x000000c422c00000) (1024K)]
  0x000002807da199c0 JavaThread "Reference Handler"          daemon [_thread_blocked, id=24580, stack(0x000000c423300000,0x000000c423400000) (1024K)]
  0x000002807da1a7c0 JavaThread "Finalizer"                  daemon [_thread_blocked, id=30064, stack(0x000000c423400000,0x000000c423500000) (1024K)]
  0x000002807da1d220 JavaThread "Signal Dispatcher"          daemon [_thread_blocked, id=31992, stack(0x000000c423500000,0x000000c423600000) (1024K)]
  0x000002807da1dc70 JavaThread "Attach Listener"            daemon [_thread_blocked, id=31912, stack(0x000000c423600000,0x000000c423700000) (1024K)]
  0x000002807da1e6c0 JavaThread "Service Thread"             daemon [_thread_blocked, id=30232, stack(0x000000c423700000,0x000000c423800000) (1024K)]
  0x000002807da1f110 JavaThread "Monitor Deflation Thread"   daemon [_thread_blocked, id=32304, stack(0x000000c423800000,0x000000c423900000) (1024K)]
=>0x000002807da21ea0 JavaThread "C2 CompilerThread0"         daemon [_thread_in_native, id=7752, stack(0x000000c423900000,0x000000c423a00000) (1024K)]
  0x000002807da25000 JavaThread "C1 CompilerThread0"         daemon [_thread_blocked, id=29104, stack(0x000000c423a00000,0x000000c423b00000) (1024K)]
  0x000002807da91410 JavaThread "Notification Thread"        daemon [_thread_blocked, id=21436, stack(0x000000c423b00000,0x000000c423c00000) (1024K)]
  0x000002807da98040 JavaThread "Common-Cleaner"             daemon [_thread_blocked, id=32556, stack(0x000000c423c00000,0x000000c423d00000) (1024K)]
Total: 11

Other Threads:
  0x000002807d9fe630 VMThread "VM Thread"                           [id=3348, stack(0x000000c423200000,0x000000c423300000) (1024K)]
  0x000002807d9e9310 WatcherThread "VM Periodic Task Thread"        [id=8980, stack(0x000000c423100000,0x000000c423200000) (1024K)]
  0x000002806ef5e770 WorkerThread "GC Thread#0"                     [id=28776, stack(0x000000c422c00000,0x000000c422d00000) (1024K)]
  0x000002807ed2abd0 WorkerThread "GC Thread#1"                     [id=11768, stack(0x000000c423f00000,0x000000c424000000) (1024K)]
  0x000002807ed2af70 WorkerThread "GC Thread#2"                     [id=11576, stack(0x000000c424000000,0x000000c424100000) (1024K)]
  0x000002807e051890 WorkerThread "GC Thread#3"                     [id=9704, stack(0x000000c424100000,0x000000c424200000) (1024K)]
  0x000002807dc3c5b0 WorkerThread "GC Thread#4"                     [id=13104, stack(0x000000c424200000,0x000000c424300000) (1024K)]
  0x000002807e020e60 WorkerThread "GC Thread#5"                     [id=21044, stack(0x000000c424300000,0x000000c424400000) (1024K)]
  0x000002807e021200 WorkerThread "GC Thread#6"                     [id=32700, stack(0x000000c424400000,0x000000c424500000) (1024K)]
  0x000002807eb72560 WorkerThread "GC Thread#7"                     [id=18456, stack(0x000000c424500000,0x000000c424600000) (1024K)]
  0x000002806ef6b6a0 ConcurrentGCThread "G1 Main Marker"            [id=5012, stack(0x000000c422d00000,0x000000c422e00000) (1024K)]
  0x000002806ef6c1a0 WorkerThread "G1 Conc#0"                       [id=18224, stack(0x000000c422e00000,0x000000c422f00000) (1024K)]
  0x000002806efdd450 ConcurrentGCThread "G1 Refine#0"               [id=2788, stack(0x000000c422f00000,0x000000c423000000) (1024K)]
  0x000002806efddfc0 ConcurrentGCThread "G1 Service"                [id=13196, stack(0x000000c423000000,0x000000c423100000) (1024K)]
Total: 14

Threads with active compile tasks:
C2 CompilerThread0    15028 1359 % !   4       java.util.concurrent.ConcurrentHashMap::transfer @ 96 (849 bytes)
Total: 1

VM state: not at safepoint (normal execution)

VM Mutex/Monitor currently owned by a thread: None

Heap address: 0x0000000748c00000, size: 2932 MB, Compressed Oops mode: Zero based, Oop shift amount: 3

CDS archive(s) mapped at: [0x000002800f000000-0x000002800fc90000-0x000002800fc90000), size 13172736, SharedBaseAddress: 0x000002800f000000, ArchiveRelocationMode: 1.
Compressed class space mapped at: 0x0000028010000000-0x0000028050000000, reserved size: 1073741824
Narrow klass base: 0x000002800f000000, Narrow klass shift: 0, Narrow klass range: 0x100000000

GC Precious Log:
 CardTable entry size: 512
 Card Set container configuration: InlinePtr #cards 4 size 8 Array Of Cards #cards 16 size 48 Howl #buckets 8 coarsen threshold 3686 Howl Bitmap #cards 512 size 80 coarsen threshold 460 Card regions per heap region 1 cards per card region 4096
 CPUs: 8 total, 8 available
 Memory: 11723M
 Large Page Support: Disabled
 NUMA Support: Disabled
 Compressed Oops: Enabled (Zero based)
 Heap Region Size: 2M
 Heap Min Capacity: 8M
 Heap Initial Capacity: 184M
 Heap Max Capacity: 2932M
 Pre-touch: Disabled
 Parallel Workers: 8
 Concurrent Workers: 2
 Concurrent Refinement Workers: 8
 Periodic GC: Disabled

Heap:
 garbage-first heap   total 188416K, used 12032K [0x0000000748c00000, 0x0000000800000000)
  region size 2048K, 7 young (14336K), 2 survivors (4096K)
 Metaspace       used 6270K, committed 6464K, reserved 1114112K
  class space    used 720K, committed 832K, reserved 1048576K

Heap Regions: E=young(eden), S=young(survivor), O=old, HS=humongous(starts), HC=humongous(continues), CS=collection set, F=free, TAMS=top-at-mark-start, PB=parsable bottom
|   0|0x0000000748c00000, 0x0000000748c00000, 0x0000000748e00000|  0%| F|  |TAMS 0x0000000748c00000| PB 0x0000000748c00000| Untracked 
|   1|0x0000000748e00000, 0x0000000748e00000, 0x0000000749000000|  0%| F|  |TAMS 0x0000000748e00000| PB 0x0000000748e00000| Untracked 
|   2|0x0000000749000000, 0x0000000749000000, 0x0000000749200000|  0%| F|  |TAMS 0x0000000749000000| PB 0x0000000749000000| Untracked 
|   3|0x0000000749200000, 0x0000000749200000, 0x0000000749400000|  0%| F|  |TAMS 0x0000000749200000| PB 0x0000000749200000| Untracked 
|   4|0x0000000749400000, 0x0000000749400000, 0x0000000749600000|  0%| F|  |TAMS 0x0000000749400000| PB 0x0000000749400000| Untracked 
|   5|0x0000000749600000, 0x0000000749600000, 0x0000000749800000|  0%| F|  |TAMS 0x0000000749600000| PB 0x0000000749600000| Untracked 
|   6|0x0000000749800000, 0x0000000749800000, 0x0000000749a00000|  0%| F|  |TAMS 0x0000000749800000| PB 0x0000000749800000| Untracked 
|   7|0x0000000749a00000, 0x0000000749a00000, 0x0000000749c00000|  0%| F|  |TAMS 0x0000000749a00000| PB 0x0000000749a00000| Untracked 
|   8|0x0000000749c00000, 0x0000000749c00000, 0x0000000749e00000|  0%| F|  |TAMS 0x0000000749c00000| PB 0x0000000749c00000| Untracked 
|   9|0x0000000749e00000, 0x0000000749e00000, 0x000000074a000000|  0%| F|  |TAMS 0x0000000749e00000| PB 0x0000000749e00000| Untracked 
|  10|0x000000074a000000, 0x000000074a000000, 0x000000074a200000|  0%| F|  |TAMS 0x000000074a000000| PB 0x000000074a000000| Untracked 
|  11|0x000000074a200000, 0x000000074a200000, 0x000000074a400000|  0%| F|  |TAMS 0x000000074a200000| PB 0x000000074a200000| Untracked 
|  12|0x000000074a400000, 0x000000074a400000, 0x000000074a600000|  0%| F|  |TAMS 0x000000074a400000| PB 0x000000074a400000| Untracked 
|  13|0x000000074a600000, 0x000000074a600000, 0x000000074a800000|  0%| F|  |TAMS 0x000000074a600000| PB 0x000000074a600000| Untracked 
|  14|0x000000074a800000, 0x000000074a800000, 0x000000074aa00000|  0%| F|  |TAMS 0x000000074a800000| PB 0x000000074a800000| Untracked 
|  15|0x000000074aa00000, 0x000000074aa00000, 0x000000074ac00000|  0%| F|  |TAMS 0x000000074aa00000| PB 0x000000074aa00000| Untracked 
|  16|0x000000074ac00000, 0x000000074ac00000, 0x000000074ae00000|  0%| F|  |TAMS 0x000000074ac00000| PB 0x000000074ac00000| Untracked 
|  17|0x000000074ae00000, 0x000000074ae00000, 0x000000074b000000|  0%| F|  |TAMS 0x000000074ae00000| PB 0x000000074ae00000| Untracked 
|  18|0x000000074b000000, 0x000000074b000000, 0x000000074b200000|  0%| F|  |TAMS 0x000000074b000000| PB 0x000000074b000000| Untracked 
|  19|0x000000074b200000, 0x000000074b200000, 0x000000074b400000|  0%| F|  |TAMS 0x000000074b200000| PB 0x000000074b200000| Untracked 
|  20|0x000000074b400000, 0x000000074b400000, 0x000000074b600000|  0%| F|  |TAMS 0x000000074b400000| PB 0x000000074b400000| Untracked 
|  21|0x000000074b600000, 0x000000074b600000, 0x000000074b800000|  0%| F|  |TAMS 0x000000074b600000| PB 0x000000074b600000| Untracked 
|  22|0x000000074b800000, 0x000000074b800000, 0x000000074ba00000|  0%| F|  |TAMS 0x000000074b800000| PB 0x000000074b800000| Untracked 
|  23|0x000000074ba00000, 0x000000074ba00000, 0x000000074bc00000|  0%| F|  |TAMS 0x000000074ba00000| PB 0x000000074ba00000| Untracked 
|  24|0x000000074bc00000, 0x000000074bc00000, 0x000000074be00000|  0%| F|  |TAMS 0x000000074bc00000| PB 0x000000074bc00000| Untracked 
|  25|0x000000074be00000, 0x000000074be00000, 0x000000074c000000|  0%| F|  |TAMS 0x000000074be00000| PB 0x000000074be00000| Untracked 
|  26|0x000000074c000000, 0x000000074c000000, 0x000000074c200000|  0%| F|  |TAMS 0x000000074c000000| PB 0x000000074c000000| Untracked 
|  27|0x000000074c200000, 0x000000074c200000, 0x000000074c400000|  0%| F|  |TAMS 0x000000074c200000| PB 0x000000074c200000| Untracked 
|  28|0x000000074c400000, 0x000000074c400000, 0x000000074c600000|  0%| F|  |TAMS 0x000000074c400000| PB 0x000000074c400000| Untracked 
|  29|0x000000074c600000, 0x000000074c600000, 0x000000074c800000|  0%| F|  |TAMS 0x000000074c600000| PB 0x000000074c600000| Untracked 
|  30|0x000000074c800000, 0x000000074c800000, 0x000000074ca00000|  0%| F|  |TAMS 0x000000074c800000| PB 0x000000074c800000| Untracked 
|  31|0x000000074ca00000, 0x000000074ca00000, 0x000000074cc00000|  0%| F|  |TAMS 0x000000074ca00000| PB 0x000000074ca00000| Untracked 
|  32|0x000000074cc00000, 0x000000074cc00000, 0x000000074ce00000|  0%| F|  |TAMS 0x000000074cc00000| PB 0x000000074cc00000| Untracked 
|  33|0x000000074ce00000, 0x000000074ce00000, 0x000000074d000000|  0%| F|  |TAMS 0x000000074ce00000| PB 0x000000074ce00000| Untracked 
|  34|0x000000074d000000, 0x000000074d000000, 0x000000074d200000|  0%| F|  |TAMS 0x000000074d000000| PB 0x000000074d000000| Untracked 
|  35|0x000000074d200000, 0x000000074d200000, 0x000000074d400000|  0%| F|  |TAMS 0x000000074d200000| PB 0x000000074d200000| Untracked 
|  36|0x000000074d400000, 0x000000074d400000, 0x000000074d600000|  0%| F|  |TAMS 0x000000074d400000| PB 0x000000074d400000| Untracked 
|  37|0x000000074d600000, 0x000000074d600000, 0x000000074d800000|  0%| F|  |TAMS 0x000000074d600000| PB 0x000000074d600000| Untracked 
|  38|0x000000074d800000, 0x000000074d800000, 0x000000074da00000|  0%| F|  |TAMS 0x000000074d800000| PB 0x000000074d800000| Untracked 
|  39|0x000000074da00000, 0x000000074da00000, 0x000000074dc00000|  0%| F|  |TAMS 0x000000074da00000| PB 0x000000074da00000| Untracked 
|  40|0x000000074dc00000, 0x000000074dc00000, 0x000000074de00000|  0%| F|  |TAMS 0x000000074dc00000| PB 0x000000074dc00000| Untracked 
|  41|0x000000074de00000, 0x000000074de00000, 0x000000074e000000|  0%| F|  |TAMS 0x000000074de00000| PB 0x000000074de00000| Untracked 
|  42|0x000000074e000000, 0x000000074e000000, 0x000000074e200000|  0%| F|  |TAMS 0x000000074e000000| PB 0x000000074e000000| Untracked 
|  43|0x000000074e200000, 0x000000074e200000, 0x000000074e400000|  0%| F|  |TAMS 0x000000074e200000| PB 0x000000074e200000| Untracked 
|  44|0x000000074e400000, 0x000000074e400000, 0x000000074e600000|  0%| F|  |TAMS 0x000000074e400000| PB 0x000000074e400000| Untracked 
|  45|0x000000074e600000, 0x000000074e600000, 0x000000074e800000|  0%| F|  |TAMS 0x000000074e600000| PB 0x000000074e600000| Untracked 
|  46|0x000000074e800000, 0x000000074e800000, 0x000000074ea00000|  0%| F|  |TAMS 0x000000074e800000| PB 0x000000074e800000| Untracked 
|  47|0x000000074ea00000, 0x000000074ea00000, 0x000000074ec00000|  0%| F|  |TAMS 0x000000074ea00000| PB 0x000000074ea00000| Untracked 
|  48|0x000000074ec00000, 0x000000074ec00000, 0x000000074ee00000|  0%| F|  |TAMS 0x000000074ec00000| PB 0x000000074ec00000| Untracked 
|  49|0x000000074ee00000, 0x000000074ee00000, 0x000000074f000000|  0%| F|  |TAMS 0x000000074ee00000| PB 0x000000074ee00000| Untracked 
|  50|0x000000074f000000, 0x000000074f000000, 0x000000074f200000|  0%| F|  |TAMS 0x000000074f000000| PB 0x000000074f000000| Untracked 
|  51|0x000000074f200000, 0x000000074f200000, 0x000000074f400000|  0%| F|  |TAMS 0x000000074f200000| PB 0x000000074f200000| Untracked 
|  52|0x000000074f400000, 0x000000074f400000, 0x000000074f600000|  0%| F|  |TAMS 0x000000074f400000| PB 0x000000074f400000| Untracked 
|  53|0x000000074f600000, 0x000000074f600000, 0x000000074f800000|  0%| F|  |TAMS 0x000000074f600000| PB 0x000000074f600000| Untracked 
|  54|0x000000074f800000, 0x000000074f800000, 0x000000074fa00000|  0%| F|  |TAMS 0x000000074f800000| PB 0x000000074f800000| Untracked 
|  55|0x000000074fa00000, 0x000000074fa00000, 0x000000074fc00000|  0%| F|  |TAMS 0x000000074fa00000| PB 0x000000074fa00000| Untracked 
|  56|0x000000074fc00000, 0x000000074fc00000, 0x000000074fe00000|  0%| F|  |TAMS 0x000000074fc00000| PB 0x000000074fc00000| Untracked 
|  57|0x000000074fe00000, 0x000000074fe00000, 0x0000000750000000|  0%| F|  |TAMS 0x000000074fe00000| PB 0x000000074fe00000| Untracked 
|  58|0x0000000750000000, 0x0000000750000000, 0x0000000750200000|  0%| F|  |TAMS 0x0000000750000000| PB 0x0000000750000000| Untracked 
|  59|0x0000000750200000, 0x0000000750200000, 0x0000000750400000|  0%| F|  |TAMS 0x0000000750200000| PB 0x0000000750200000| Untracked 
|  60|0x0000000750400000, 0x0000000750400000, 0x0000000750600000|  0%| F|  |TAMS 0x0000000750400000| PB 0x0000000750400000| Untracked 
|  61|0x0000000750600000, 0x0000000750600000, 0x0000000750800000|  0%| F|  |TAMS 0x0000000750600000| PB 0x0000000750600000| Untracked 
|  62|0x0000000750800000, 0x0000000750800000, 0x0000000750a00000|  0%| F|  |TAMS 0x0000000750800000| PB 0x0000000750800000| Untracked 
|  63|0x0000000750a00000, 0x0000000750a00000, 0x0000000750c00000|  0%| F|  |TAMS 0x0000000750a00000| PB 0x0000000750a00000| Untracked 
|  64|0x0000000750c00000, 0x0000000750c00000, 0x0000000750e00000|  0%| F|  |TAMS 0x0000000750c00000| PB 0x0000000750c00000| Untracked 
|  65|0x0000000750e00000, 0x0000000750e00000, 0x0000000751000000|  0%| F|  |TAMS 0x0000000750e00000| PB 0x0000000750e00000| Untracked 
|  66|0x0000000751000000, 0x0000000751000000, 0x0000000751200000|  0%| F|  |TAMS 0x0000000751000000| PB 0x0000000751000000| Untracked 
|  67|0x0000000751200000, 0x0000000751200000, 0x0000000751400000|  0%| F|  |TAMS 0x0000000751200000| PB 0x0000000751200000| Untracked 
|  68|0x0000000751400000, 0x0000000751400000, 0x0000000751600000|  0%| F|  |TAMS 0x0000000751400000| PB 0x0000000751400000| Untracked 
|  69|0x0000000751600000, 0x0000000751600000, 0x0000000751800000|  0%| F|  |TAMS 0x0000000751600000| PB 0x0000000751600000| Untracked 
|  70|0x0000000751800000, 0x0000000751800000, 0x0000000751a00000|  0%| F|  |TAMS 0x0000000751800000| PB 0x0000000751800000| Untracked 
|  71|0x0000000751a00000, 0x0000000751a00000, 0x0000000751c00000|  0%| F|  |TAMS 0x0000000751a00000| PB 0x0000000751a00000| Untracked 
|  72|0x0000000751c00000, 0x0000000751c00000, 0x0000000751e00000|  0%| F|  |TAMS 0x0000000751c00000| PB 0x0000000751c00000| Untracked 
|  73|0x0000000751e00000, 0x0000000751e00000, 0x0000000752000000|  0%| F|  |TAMS 0x0000000751e00000| PB 0x0000000751e00000| Untracked 
|  74|0x0000000752000000, 0x0000000752000000, 0x0000000752200000|  0%| F|  |TAMS 0x0000000752000000| PB 0x0000000752000000| Untracked 
|  75|0x0000000752200000, 0x0000000752200000, 0x0000000752400000|  0%| F|  |TAMS 0x0000000752200000| PB 0x0000000752200000| Untracked 
|  76|0x0000000752400000, 0x0000000752400000, 0x0000000752600000|  0%| F|  |TAMS 0x0000000752400000| PB 0x0000000752400000| Untracked 
|  77|0x0000000752600000, 0x0000000752600000, 0x0000000752800000|  0%| F|  |TAMS 0x0000000752600000| PB 0x0000000752600000| Untracked 
|  78|0x0000000752800000, 0x0000000752800000, 0x0000000752a00000|  0%| F|  |TAMS 0x0000000752800000| PB 0x0000000752800000| Untracked 
|  79|0x0000000752a00000, 0x0000000752bc0000, 0x0000000752c00000| 87%| S|CS|TAMS 0x0000000752a00000| PB 0x0000000752a00000| Complete 
|  80|0x0000000752c00000, 0x0000000752e00000, 0x0000000752e00000|100%| S|CS|TAMS 0x0000000752c00000| PB 0x0000000752c00000| Complete 
|  81|0x0000000752e00000, 0x0000000752e00000, 0x0000000753000000|  0%| F|  |TAMS 0x0000000752e00000| PB 0x0000000752e00000| Untracked 
|  82|0x0000000753000000, 0x0000000753000000, 0x0000000753200000|  0%| F|  |TAMS 0x0000000753000000| PB 0x0000000753000000| Untracked 
|  83|0x0000000753200000, 0x0000000753200000, 0x0000000753400000|  0%| F|  |TAMS 0x0000000753200000| PB 0x0000000753200000| Untracked 
|  84|0x0000000753400000, 0x0000000753400000, 0x0000000753600000|  0%| F|  |TAMS 0x0000000753400000| PB 0x0000000753400000| Untracked 
|  85|0x0000000753600000, 0x0000000753600000, 0x0000000753800000|  0%| F|  |TAMS 0x0000000753600000| PB 0x0000000753600000| Untracked 
|  86|0x0000000753800000, 0x0000000753800000, 0x0000000753a00000|  0%| F|  |TAMS 0x0000000753800000| PB 0x0000000753800000| Untracked 
|  87|0x0000000753a00000, 0x0000000753ac0750, 0x0000000753c00000| 37%| E|  |TAMS 0x0000000753a00000| PB 0x0000000753a00000| Complete 
|  88|0x0000000753c00000, 0x0000000753e00000, 0x0000000753e00000|100%| E|CS|TAMS 0x0000000753c00000| PB 0x0000000753c00000| Complete 
|  89|0x0000000753e00000, 0x0000000754000000, 0x0000000754000000|100%| E|CS|TAMS 0x0000000753e00000| PB 0x0000000753e00000| Complete 
|  90|0x0000000754000000, 0x0000000754200000, 0x0000000754200000|100%| E|CS|TAMS 0x0000000754000000| PB 0x0000000754000000| Complete 
|  91|0x0000000754200000, 0x0000000754400000, 0x0000000754400000|100%| E|CS|TAMS 0x0000000754200000| PB 0x0000000754200000| Complete 

Card table byte_map: [0x0000028077ca0000,0x0000028078260000] _byte_map_base: 0x000002807425a000

Marking Bits: (CMBitMap*) 0x000002806ef5f680
 Bits: [0x0000028078260000, 0x000002807b030000)

Polling page: 0x000002806ce10000

Metaspace:

Usage:
  Non-class:      5.42 MB used.
      Class:    720.83 KB used.
       Both:      6.12 MB used.

Virtual space:
  Non-class space:       64.00 MB reserved,       5.50 MB (  9%) committed,  1 nodes.
      Class space:        1.00 GB reserved,     832.00 KB ( <1%) committed,  1 nodes.
             Both:        1.06 GB reserved,       6.31 MB ( <1%) committed. 

Chunk freelists:
   Non-Class:  8.72 MB
       Class:  15.22 MB
        Both:  23.94 MB

MaxMetaspaceSize: unlimited
CompressedClassSpaceSize: 1.00 GB
Initial GC threshold: 21.00 MB
Current GC threshold: 21.00 MB
CDS: on
 - commit_granule_bytes: 65536.
 - commit_granule_words: 8192.
 - virtual_space_node_default_size: 8388608.
 - enlarge_chunks_in_place: 1.
 - use_allocation_guard: 0.


Internal statistics:

num_allocs_failed_limit: 0.
num_arena_births: 56.
num_arena_deaths: 0.
num_vsnodes_births: 2.
num_vsnodes_deaths: 0.
num_space_committed: 101.
num_space_uncommitted: 0.
num_chunks_returned_to_freelist: 0.
num_chunks_taken_from_freelist: 232.
num_chunk_merges: 0.
num_chunk_splits: 156.
num_chunks_enlarged: 131.
num_inconsistent_stats: 0.

CodeHeap 'non-profiled nmethods': size=120000Kb used=551Kb max_used=551Kb free=119448Kb
 bounds [0x0000028007ad0000, 0x0000028007d40000, 0x000002800f000000]
CodeHeap 'profiled nmethods': size=120000Kb used=2653Kb max_used=2653Kb free=117347Kb
 bounds [0x0000028000000000, 0x00000280002a0000, 0x0000028007530000]
CodeHeap 'non-nmethods': size=5760Kb used=1351Kb max_used=1378Kb free=4409Kb
 bounds [0x0000028007530000, 0x00000280077a0000, 0x0000028007ad0000]
 total_blobs=1831 nmethods=1373 adapters=363
 compilation: enabled
              stopped_count=0, restarted_count=0
 full_count=0

Compilation events (20 events):
Event: 14.959 Thread 0x000002807da25000 1364       3       org.objectweb.asm.ClassReader::readInt (52 bytes)
Event: 14.959 Thread 0x000002807da25000 nmethod 1364 0x0000028000292a10 code [0x0000028000292bc0, 0x0000028000292d98]
Event: 14.962 Thread 0x000002807da25000 1365       3       java.util.HashMap::tableSizeFor (32 bytes)
Event: 14.962 Thread 0x000002807da25000 nmethod 1365 0x0000028000292f10 code [0x00000280002930e0, 0x00000280002932e8]
Event: 14.963 Thread 0x000002807da25000 1366       3       com.google.common.collect.Hashing::smear (19 bytes)
Event: 14.963 Thread 0x000002807da25000 nmethod 1366 0x0000028000293390 code [0x0000028000293540, 0x00000280002936c0]
Event: 14.963 Thread 0x000002807da25000 1367       3       java.lang.Integer::rotateLeft (9 bytes)
Event: 14.963 Thread 0x000002807da25000 nmethod 1367 0x0000028000293790 code [0x0000028000293920, 0x0000028000293a20]
Event: 14.963 Thread 0x000002807da25000 1369       1       jdk.internal.loader.AbstractClassLoaderValue$Sub::parent (5 bytes)
Event: 14.963 Thread 0x000002807da25000 nmethod 1369 0x0000028007b59a10 code [0x0000028007b59ba0, 0x0000028007b59c70]
Event: 14.964 Thread 0x000002807da25000 1370       3       jdk.internal.org.objectweb.asm.Type::getReturnTypeOffset (64 bytes)
Event: 14.965 Thread 0x000002807da25000 nmethod 1370 0x0000028000293a90 code [0x0000028000293d80, 0x0000028000294f68]
Event: 14.965 Thread 0x000002807da25000 1371       3       jdk.internal.org.objectweb.asm.Frame::accept (264 bytes)
Event: 14.966 Thread 0x000002807da25000 nmethod 1371 0x0000028000295690 code [0x00000280002958c0, 0x00000280002961c8]
Event: 14.966 Thread 0x000002807da25000 1372       3       java.lang.reflect.ProxyGenerator::dotToSlash (9 bytes)
Event: 14.966 Thread 0x000002807da25000 nmethod 1372 0x0000028000296590 code [0x0000028000296740, 0x0000028000296870]
Event: 14.966 Thread 0x000002807da25000 1373       3       java.util.ArrayList::set (24 bytes)
Event: 14.966 Thread 0x000002807da25000 nmethod 1373 0x0000028000296910 code [0x0000028000296ae0, 0x0000028000296ed0]
Event: 14.973 Thread 0x000002807da25000 1374       3       jdk.internal.misc.Unsafe::getLong (7 bytes)
Event: 14.973 Thread 0x000002807da25000 nmethod 1374 0x0000028000297090 code [0x0000028000297220, 0x0000028000297340]

GC Heap History (2 events):
Event: 12.736 GC heap before
{Heap before GC invocations=0 (full 0):
 garbage-first heap   total 188416K, used 22528K [0x0000000748c00000, 0x0000000800000000)
  region size 2048K, 11 young (22528K), 0 survivors (0K)
 Metaspace       used 5631K, committed 5824K, reserved 1114112K
  class space    used 649K, committed 768K, reserved 1048576K
}
Event: 13.052 GC heap after
{Heap after GC invocations=1 (full 0):
 garbage-first heap   total 188416K, used 3840K [0x0000000748c00000, 0x0000000800000000)
  region size 2048K, 2 young (4096K), 2 survivors (4096K)
 Metaspace       used 5631K, committed 5824K, reserved 1114112K
  class space    used 649K, committed 768K, reserved 1048576K
}

Dll operation events (8 events):
Event: 0.013 Loaded shared library C:\Program Files\Java\jdk-21\bin\java.dll
Event: 2.714 Loaded shared library C:\Program Files\Java\jdk-21\bin\net.dll
Event: 2.945 Loaded shared library C:\Program Files\Java\jdk-21\bin\jsvml.dll
Event: 2.949 Loaded shared library C:\Program Files\Java\jdk-21\bin\nio.dll
Event: 2.956 Loaded shared library C:\Program Files\Java\jdk-21\bin\zip.dll
Event: 4.242 Loaded shared library C:\Users\2oleg\Downloads\apache-maven-3.9.11-bin\apache-maven-3.9.11\lib\jansi-native\Windows\x86_64\jansi.dll
Event: 4.594 Loaded shared library C:\Program Files\Java\jdk-21\bin\verify.dll
Event: 6.885 Loaded shared library C:\Program Files\Java\jdk-21\bin\jimage.dll

Deoptimization events (20 events):
Event: 13.351 Thread 0x000002806ce73370 Uncommon trap: trap_request=0xffffff45 fr.pc=0x0000028007b31708 relative=0x0000000000002888
Event: 13.351 Thread 0x000002806ce73370 Uncommon trap: reason=unstable_if action=reinterpret pc=0x0000028007b31708 method=sun.nio.cs.StreamDecoder.implRead([CII)I @ 186 c2
Event: 13.351 Thread 0x000002806ce73370 DEOPT PACKING pc=0x0000028007b31708 sp=0x000000c422bfe030
Event: 13.351 Thread 0x000002806ce73370 DEOPT UNPACKING pc=0x00000280075846a2 sp=0x000000c422bfdd68 mode 2
Event: 13.517 Thread 0x000002806ce73370 Uncommon trap: trap_request=0xffffff45 fr.pc=0x0000028007b40048 relative=0x0000000000000b68
Event: 13.518 Thread 0x000002806ce73370 Uncommon trap: reason=unstable_if action=reinterpret pc=0x0000028007b40048 method=org.codehaus.plexus.util.xml.pull.MXParser.nextImpl()I @ 241 c2
Event: 13.518 Thread 0x000002806ce73370 DEOPT PACKING pc=0x0000028007b40048 sp=0x000000c422bfe610
Event: 13.518 Thread 0x000002806ce73370 DEOPT UNPACKING pc=0x00000280075846a2 sp=0x000000c422bfe5a0 mode 2
Event: 13.528 Thread 0x000002806ce73370 Uncommon trap: trap_request=0xffffffde fr.pc=0x0000028007b0e784 relative=0x00000000000006c4
Event: 13.528 Thread 0x000002806ce73370 Uncommon trap: reason=class_check action=maybe_recompile pc=0x0000028007b0e784 method=java.util.regex.Matcher.search(I)Z @ 121 c2
Event: 13.528 Thread 0x000002806ce73370 DEOPT PACKING pc=0x0000028007b0e784 sp=0x000000c422bfe2d0
Event: 13.528 Thread 0x000002806ce73370 DEOPT UNPACKING pc=0x00000280075846a2 sp=0x000000c422bfe2a0 mode 2
Event: 13.530 Thread 0x000002806ce73370 Uncommon trap: trap_request=0xffffff45 fr.pc=0x0000028007b41754 relative=0x0000000000000854
Event: 13.530 Thread 0x000002806ce73370 Uncommon trap: reason=unstable_if action=reinterpret pc=0x0000028007b41754 method=sun.nio.cs.StreamDecoder.lockedRead0()I @ 30 c2
Event: 13.530 Thread 0x000002806ce73370 DEOPT PACKING pc=0x0000028007b41754 sp=0x000000c422bfe180
Event: 13.530 Thread 0x000002806ce73370 DEOPT UNPACKING pc=0x00000280075846a2 sp=0x000000c422bfe0d0 mode 2
Event: 13.532 Thread 0x000002806ce73370 Uncommon trap: trap_request=0xffffffde fr.pc=0x0000028007b0e784 relative=0x00000000000006c4
Event: 13.532 Thread 0x000002806ce73370 Uncommon trap: reason=class_check action=maybe_recompile pc=0x0000028007b0e784 method=java.util.regex.Matcher.search(I)Z @ 121 c2
Event: 13.532 Thread 0x000002806ce73370 DEOPT PACKING pc=0x0000028007b0e784 sp=0x000000c422bfe2d0
Event: 13.532 Thread 0x000002806ce73370 DEOPT UNPACKING pc=0x00000280075846a2 sp=0x000000c422bfe2a0 mode 2

Classes loaded (20 events):
Event: 12.083 Loading class java/util/concurrent/CancellationException
Event: 12.083 Loading class java/util/concurrent/CancellationException done
Event: 12.095 Loading class java/lang/reflect/ParameterizedType
Event: 12.096 Loading class java/lang/reflect/ParameterizedType done
Event: 12.101 Loading class java/lang/reflect/WildcardType
Event: 12.101 Loading class java/lang/reflect/WildcardType done
Event: 12.106 Loading class sun/reflect/generics/tree/TypeVariableSignature
Event: 12.106 Loading class sun/reflect/generics/tree/TypeVariableSignature done
Event: 12.296 Loading class java/lang/annotation/IncompleteAnnotationException
Event: 12.296 Loading class java/lang/annotation/IncompleteAnnotationException done
Event: 12.714 Loading class java/lang/foreign/MemorySegment
Event: 12.715 Loading class java/lang/foreign/MemorySegment done
Event: 13.539 Loading class sun/reflect/generics/reflectiveObjects/TypeVariableImpl
Event: 13.539 Loading class sun/reflect/generics/reflectiveObjects/LazyReflectiveObjectGenerator
Event: 13.539 Loading class sun/reflect/generics/reflectiveObjects/LazyReflectiveObjectGenerator done
Event: 13.539 Loading class sun/reflect/generics/reflectiveObjects/TypeVariableImpl done
Event: 13.540 Loading class sun/reflect/generics/reflectiveObjects/ParameterizedTypeImpl
Event: 13.540 Loading class sun/reflect/generics/reflectiveObjects/ParameterizedTypeImpl done
Event: 14.577 Loading class java/lang/ArrayIndexOutOfBoundsException
Event: 14.578 Loading class java/lang/ArrayIndexOutOfBoundsException done

Classes unloaded (0 events):
No events

Classes redefined (0 events):
No events

Internal exceptions (20 events):
Event: 4.245 Thread 0x000002806ce73370 Exception <a 'java/lang/NullPointerException'{0x0000000753f14aa8}> (0x0000000753f14aa8) 
thrown [s\open\src\hotspot\share\interpreter\linkResolver.cpp, line 1372]
Event: 4.245 Thread 0x000002806ce73370 Exception <a 'java/lang/NullPointerException'{0x0000000753f14d88}> (0x0000000753f14d88) 
thrown [s\open\src\hotspot\share\interpreter\linkResolver.cpp, line 1372]
Event: 4.245 Thread 0x000002806ce73370 Exception <a 'java/lang/NullPointerException'{0x0000000753f15068}> (0x0000000753f15068) 
thrown [s\open\src\hotspot\share\interpreter\linkResolver.cpp, line 1372]
Event: 4.250 Thread 0x000002806ce73370 Exception <a 'java/lang/NullPointerException'{0x0000000753f1b078}> (0x0000000753f1b078) 
thrown [s\open\src\hotspot\share\interpreter\linkResolver.cpp, line 1372]
Event: 4.534 Thread 0x000002806ce73370 Exception <a 'java/lang/NullPointerException'{0x0000000753f2f420}> (0x0000000753f2f420) 
thrown [s\open\src\hotspot\share\interpreter\linkResolver.cpp, line 1372]
Event: 4.534 Thread 0x000002806ce73370 Exception <a 'java/lang/NullPointerException'{0x0000000753f2f700}> (0x0000000753f2f700) 
thrown [s\open\src\hotspot\share\interpreter\linkResolver.cpp, line 1372]
Event: 4.534 Thread 0x000002806ce73370 Exception <a 'java/lang/NullPointerException'{0x0000000753f2f9e0}> (0x0000000753f2f9e0) 
thrown [s\open\src\hotspot\share\interpreter\linkResolver.cpp, line 1372]
Event: 4.534 Thread 0x000002806ce73370 Exception <a 'java/lang/NullPointerException'{0x0000000753f2fcc0}> (0x0000000753f2fcc0) 
thrown [s\open\src\hotspot\share\interpreter\linkResolver.cpp, line 1372]
Event: 4.610 Thread 0x000002806ce73370 Exception <a 'java/lang/NoSuchMethodError'{0x0000000753fac9f8}: 'void java.lang.invoke.DirectMethodHandle$Holder.invokeStatic(java.lang.Object, java.lang.Object)'> (0x0000000753fac9f8) 
thrown [s\open\src\hotspot\share\interpreter\linkResolver.cpp, line 773]
Event: 4.610 Thread 0x000002806ce73370 Exception <a 'java/lang/NoSuchMethodError'{0x0000000753fafdd8}: 'void java.lang.invoke.DirectMethodHandle$Holder.invokeStaticInit(java.lang.Object, java.lang.Object)'> (0x0000000753fafdd8) 
thrown [s\open\src\hotspot\share\interpreter\linkResolver.cpp, line 773]
Event: 6.894 Thread 0x000002806ce73370 Exception <a 'java/lang/NoSuchMethodError'{0x0000000753ffbb50}: 'void java.lang.invoke.DirectMethodHandle$Holder.invokeStatic(java.lang.Object, java.lang.Object, java.lang.Object)'> (0x0000000753ffbb50) 
thrown [s\open\src\hotspot\share\interpreter\linkResolver.cpp, line 773]
Event: 8.017 Thread 0x000002806ce73370 Exception <a 'java/lang/NoSuchMethodError'{0x0000000753dee080}: 'java.lang.Object java.lang.invoke.DirectMethodHandle$Holder.invokeSpecialIFC(java.lang.Object, java.lang.Object, java.lang.Object, java.lang.Object)'> (0x0000000753dee080) 
thrown [s\open\src\hotspot\share\interpreter\linkResolver.cpp, line 773]
Event: 10.579 Thread 0x000002806ce73370 Exception <a 'java/lang/NoSuchMethodError'{0x00000007537e0c68}: 'void java.lang.invoke.DirectMethodHandle$Holder.invokeSpecial(java.lang.Object, java.lang.Object, java.lang.Object)'> (0x00000007537e0c68) 
thrown [s\open\src\hotspot\share\interpreter\linkResolver.cpp, line 773]
Event: 11.054 Thread 0x000002806ce73370 Exception <a 'java/lang/NoSuchMethodError'{0x0000000753544478}: 'java.lang.Object java.lang.invoke.DirectMethodHandle$Holder.invokeInterface(java.lang.Object, java.lang.Object)'> (0x0000000753544478) 
thrown [s\open\src\hotspot\share\interpreter\linkResolver.cpp, line 773]
Event: 11.082 Thread 0x000002806ce73370 Exception <a 'java/lang/NoSuchMethodError'{0x00000007535e80c8}: 'int java.lang.invoke.DirectMethodHandle$Holder.invokeStatic(java.lang.Object, java.lang.Object, java.lang.Object, java.lang.Object)'> (0x00000007535e80c8) 
thrown [s\open\src\hotspot\share\interpreter\linkResolver.cpp, line 773]
Event: 11.083 Thread 0x000002806ce73370 Exception <a 'java/lang/NoSuchMethodError'{0x00000007535eb758}: 'java.lang.Object java.lang.invoke.Invokers$Holder.invokeExact_MT(java.lang.Object, java.lang.Object, java.lang.Object, java.lang.Object, java.lang.Object, java.lang.Object)'> (0x00000007535eb758) 
thrown [s\open\src\hotspot\share\interpreter\linkResolver.cpp, line 773]
Event: 11.286 Thread 0x000002806ce73370 Exception <a 'java/lang/NoSuchMethodError'{0x00000007535f9e60}: 'int java.lang.invoke.DirectMethodHandle$Holder.invokeSpecialIFC(java.lang.Object, java.lang.Object, java.lang.Object, java.lang.Object, java.lang.Object)'> (0x00000007535f9e60) 
thrown [s\open\src\hotspot\share\interpreter\linkResolver.cpp, line 773]
Event: 11.865 Thread 0x000002806ce73370 Exception <a 'java/lang/NoSuchMethodError'{0x000000075339f1f0}: 'java.lang.Object java.lang.invoke.DirectMethodHandle$Holder.newInvokeSpecial(java.lang.Object, java.lang.Object, java.lang.Object, java.lang.Object, java.lang.Object)'> (0x000000075339f1f0) 
thrown [s\open\src\hotspot\share\interpreter\linkResolver.cpp, line 773]
Event: 12.279 Thread 0x000002806ce73370 Exception <a 'java/lang/NoSuchMethodError'{0x00000007530c0af0}: 'int java.lang.invoke.DirectMethodHandle$Holder.invokeStaticInit(java.lang.Object, java.lang.Object)'> (0x00000007530c0af0) 
thrown [s\open\src\hotspot\share\interpreter\linkResolver.cpp, line 773]
Event: 12.297 Thread 0x000002806ce73370 Exception <a 'java/lang/NoClassDefFoundError'{0x00000007530f8e28}: javax/enterprise/inject/Typed> (0x00000007530f8e28) 
thrown [s\open\src\hotspot\share\classfile\systemDictionary.cpp, line 301]

ZGC Phase Switch (0 events):
No events

VM Operations (18 events):
Event: 3.551 Executing VM operation: Cleanup
Event: 3.552 Executing VM operation: Cleanup done
Event: 4.228 Executing VM operation: HandshakeAllThreads (Deoptimize)
Event: 4.228 Executing VM operation: HandshakeAllThreads (Deoptimize) done
Event: 5.228 Executing VM operation: Cleanup
Event: 6.879 Executing VM operation: Cleanup done
Event: 7.388 Executing VM operation: HandshakeAllThreads (Deoptimize)
Event: 7.388 Executing VM operation: HandshakeAllThreads (Deoptimize) done
Event: 8.387 Executing VM operation: Cleanup
Event: 8.674 Executing VM operation: Cleanup done
Event: 9.675 Executing VM operation: Cleanup
Event: 9.675 Executing VM operation: Cleanup done
Event: 10.676 Executing VM operation: Cleanup
Event: 10.804 Executing VM operation: Cleanup done
Event: 11.804 Executing VM operation: Cleanup
Event: 11.843 Executing VM operation: Cleanup done
Event: 12.736 Executing VM operation: G1CollectForAllocation (G1 Evacuation Pause)
Event: 13.067 Executing VM operation: G1CollectForAllocation (G1 Evacuation Pause) done

Events (17 events):
Event: 0.184 Thread 0x000002806ce73370 Thread added: 0x000002806ce73370
Event: 0.577 Thread 0x000002807da199c0 Thread added: 0x000002807da199c0
Event: 0.577 Thread 0x000002807da1a7c0 Thread added: 0x000002807da1a7c0
Event: 0.577 Thread 0x000002807da1d220 Thread added: 0x000002807da1d220
Event: 0.578 Thread 0x000002807da1dc70 Thread added: 0x000002807da1dc70
Event: 0.578 Thread 0x000002807da1e6c0 Thread added: 0x000002807da1e6c0
Event: 0.578 Thread 0x000002807da1f110 Thread added: 0x000002807da1f110
Event: 0.578 Thread 0x000002807da21ea0 Thread added: 0x000002807da21ea0
Event: 0.719 Thread 0x000002807da25000 Thread added: 0x000002807da25000
Event: 0.865 Thread 0x000002807da91410 Thread added: 0x000002807da91410
Event: 0.948 Thread 0x000002807da98040 Thread added: 0x000002807da98040
Event: 4.235 Thread 0x000002807de8aac0 Thread added: 0x000002807de8aac0
Event: 7.521 Thread 0x000002807de8aac0 Thread exited: 0x000002807de8aac0
Event: 12.491 Thread 0x000002807e5a8470 Thread added: 0x000002807e5a8470
Event: 12.509 Thread 0x000002807e2cd500 Thread added: 0x000002807e2cd500
Event: 13.519 Thread 0x000002807e2cd500 Thread exited: 0x000002807e2cd500
Event: 13.529 Thread 0x000002807e5a8470 Thread exited: 0x000002807e5a8470


Dynamic libraries:
0x00007ff703c60000 - 0x00007ff703c70000 	C:\Program Files\Java\jdk-21\bin\java.exe
0x00007ff9f5930000 - 0x00007ff9f5b28000 	C:\WINDOWS\SYSTEM32\ntdll.dll
0x00007ff9f5400000 - 0x00007ff9f54c2000 	C:\WINDOWS\System32\KERNEL32.DLL
0x00007ff9f3130000 - 0x00007ff9f3426000 	C:\WINDOWS\System32\KERNELBASE.dll
0x00007ff9f3820000 - 0x00007ff9f3920000 	C:\WINDOWS\System32\ucrtbase.dll
0x00007ff9e2300000 - 0x00007ff9e2319000 	C:\Program Files\Java\jdk-21\bin\jli.dll
0x00007ff9f3da0000 - 0x00007ff9f3e51000 	C:\WINDOWS\System32\ADVAPI32.dll
0x00007ff9f5820000 - 0x00007ff9f58be000 	C:\WINDOWS\System32\msvcrt.dll
0x00007ff9f4800000 - 0x00007ff9f489f000 	C:\WINDOWS\System32\sechost.dll
0x00007ff9f3c10000 - 0x00007ff9f3d30000 	C:\WINDOWS\System32\RPCRT4.dll
0x00007ff9f3560000 - 0x00007ff9f3587000 	C:\WINDOWS\System32\bcrypt.dll
0x00007ff9f3f40000 - 0x00007ff9f40e1000 	C:\WINDOWS\System32\USER32.dll
0x00007ff9f3100000 - 0x00007ff9f3122000 	C:\WINDOWS\System32\win32u.dll
0x00007ff9f47c0000 - 0x00007ff9f47eb000 	C:\WINDOWS\System32\GDI32.dll
0x00007ff9f2f90000 - 0x00007ff9f30a9000 	C:\WINDOWS\System32\gdi32full.dll
0x00007ff9f3590000 - 0x00007ff9f362d000 	C:\WINDOWS\System32\msvcp_win.dll
0x00007ff9e4da0000 - 0x00007ff9e503b000 	C:\WINDOWS\WinSxS\amd64_microsoft.windows.common-controls_6595b64144ccf1df_6.0.19041.6456_none_60b8a6cb71f64256\COMCTL32.dll
0x00007ff9ecd10000 - 0x00007ff9ecd1a000 	C:\WINDOWS\SYSTEM32\VERSION.dll
0x00007ff9e31d0000 - 0x00007ff9e31eb000 	C:\Program Files\Java\jdk-21\bin\VCRUNTIME140.dll
0x00007ff9f3f10000 - 0x00007ff9f3f3f000 	C:\WINDOWS\System32\IMM32.DLL
0x00007ff9ed3a0000 - 0x00007ff9ed3ac000 	C:\Program Files\Java\jdk-21\bin\vcruntime140_1.dll
0x00007ff9c7130000 - 0x00007ff9c71be000 	C:\Program Files\Java\jdk-21\bin\msvcp140.dll
0x00007ff98ebe0000 - 0x00007ff98f8fa000 	C:\Program Files\Java\jdk-21\bin\server\jvm.dll
0x00007ff9f4210000 - 0x00007ff9f427b000 	C:\WINDOWS\System32\WS2_32.dll
0x00007ff9f2df0000 - 0x00007ff9f2e3b000 	C:\WINDOWS\SYSTEM32\POWRPROF.dll
0x00007ff9e0140000 - 0x00007ff9e0167000 	C:\WINDOWS\SYSTEM32\WINMM.dll
0x00007ff9f2dd0000 - 0x00007ff9f2de2000 	C:\WINDOWS\SYSTEM32\UMPDC.dll
0x00007ff9f0dc0000 - 0x00007ff9f0dd2000 	C:\WINDOWS\SYSTEM32\kernel.appcore.dll
0x00007ff9ed370000 - 0x00007ff9ed37a000 	C:\Program Files\Java\jdk-21\bin\jimage.dll
0x00007ff9df840000 - 0x00007ff9dfa41000 	C:\WINDOWS\SYSTEM32\DBGHELP.DLL
0x00007ff9dd350000 - 0x00007ff9dd384000 	C:\WINDOWS\SYSTEM32\dbgcore.DLL
0x00007ff9f3630000 - 0x00007ff9f36b2000 	C:\WINDOWS\System32\bcryptPrimitives.dll
0x00007ff9e0be0000 - 0x00007ff9e0bff000 	C:\Program Files\Java\jdk-21\bin\java.dll
0x00007ff9f4930000 - 0x00007ff9f50a0000 	C:\WINDOWS\System32\SHELL32.dll
0x00007ff9f0fc0000 - 0x00007ff9f1765000 	C:\WINDOWS\SYSTEM32\windows.storage.dll
0x00007ff9f50a0000 - 0x00007ff9f53f4000 	C:\WINDOWS\System32\combase.dll
0x00007ff9f28e0000 - 0x00007ff9f290b000 	C:\WINDOWS\SYSTEM32\Wldp.dll
0x00007ff9f46f0000 - 0x00007ff9f47bd000 	C:\WINDOWS\System32\OLEAUT32.dll
0x00007ff9f3920000 - 0x00007ff9f39cd000 	C:\WINDOWS\System32\SHCORE.dll
0x00007ff9f57c0000 - 0x00007ff9f581b000 	C:\WINDOWS\System32\shlwapi.dll
0x00007ff9f2ec0000 - 0x00007ff9f2ee4000 	C:\WINDOWS\SYSTEM32\profapi.dll
0x00007ff9ebd20000 - 0x00007ff9ebd30000 	C:\Program Files\Java\jdk-21\bin\net.dll
0x00007ff9ec950000 - 0x00007ff9eca5a000 	C:\WINDOWS\SYSTEM32\WINHTTP.dll
0x00007ff9ab440000 - 0x00007ff9ab517000 	C:\Program Files\Java\jdk-21\bin\jsvml.dll
0x00007ff9f25f0000 - 0x00007ff9f265a000 	C:\WINDOWS\system32\mswsock.dll
0x00007ff9dbf20000 - 0x00007ff9dbf36000 	C:\Program Files\Java\jdk-21\bin\nio.dll
0x00007ff9d8a60000 - 0x00007ff9d8a78000 	C:\Program Files\Java\jdk-21\bin\zip.dll
0x00007ff9d0da0000 - 0x00007ff9d0dc4000 	C:\Users\2oleg\Downloads\apache-maven-3.9.11-bin\apache-maven-3.9.11\lib\jansi-native\Windows\x86_64\jansi.dll
0x00007ff9e8580000 - 0x00007ff9e8590000 	C:\Program Files\Java\jdk-21\bin\verify.dll

dbghelp: loaded successfully - version: 4.0.5 - missing functions: none
symbol engine: initialized successfully - sym options: 0x614 - pdb path: .;C:\Program Files\Java\jdk-21\bin;C:\WINDOWS\SYSTEM32;C:\WINDOWS\WinSxS\amd64_microsoft.windows.common-controls_6595b64144ccf1df_6.0.19041.6456_none_60b8a6cb71f64256;C:\Program Files\Java\jdk-21\bin\server;C:\Users\2oleg\Downloads\apache-maven-3.9.11-bin\apache-maven-3.9.11\lib\jansi-native\Windows\x86_64

VM Arguments:
jvm_args: -Dclassworlds.conf=C:\Users\2oleg\Downloads\apache-maven-3.9.11-bin\apache-maven-3.9.11\bin\m2.conf -Dmaven.home=C:\Users\2oleg\Downloads\apache-maven-3.9.11-bin\apache-maven-3.9.11 -Dlibrary.jansi.path=C:\Users\2oleg\Downloads\apache-maven-3.9.11-bin\apache-maven-3.9.11\lib\jansi-native -Dmaven.multiModuleProjectDirectory=C:\Users\2oleg\Downloads\Telegram Desktop\Kefir\Backend\TransactionSaga 
java_command: org.codehaus.plexus.classworlds.launcher.Launcher spring-boot:run -Dserver.port=8090 -DskipTests
java_class_path (initial): C:\Users\2oleg\Downloads\apache-maven-3.9.11-bin\apache-maven-3.9.11\boot\plexus-classworlds-2.9.0.jar
Launcher Type: SUN_STANDARD

[Global flags]
     intx CICompilerCount                          = 4                                         {product} {ergonomic}
     uint ConcGCThreads                            = 2                                         {product} {ergonomic}
     uint G1ConcRefinementThreads                  = 8                                         {product} {ergonomic}
   size_t G1HeapRegionSize                         = 2097152                                   {product} {ergonomic}
    uintx GCDrainStackTargetSize                   = 64                                        {product} {ergonomic}
   size_t InitialHeapSize                          = 192937984                                 {product} {ergonomic}
   size_t MarkStackSize                            = 4194304                                   {product} {ergonomic}
   size_t MaxHeapSize                              = 3074424832                                {product} {ergonomic}
   size_t MaxNewSize                               = 1843396608                                {product} {ergonomic}
   size_t MinHeapDeltaBytes                        = 2097152                                   {product} {ergonomic}
   size_t MinHeapSize                              = 8388608                                   {product} {ergonomic}
    uintx NonNMethodCodeHeapSize                   = 5839372                                {pd product} {ergonomic}
    uintx NonProfiledCodeHeapSize                  = 122909434                              {pd product} {ergonomic}
    uintx ProfiledCodeHeapSize                     = 122909434                              {pd product} {ergonomic}
    uintx ReservedCodeCacheSize                    = 251658240                              {pd product} {ergonomic}
     bool SegmentedCodeCache                       = true                                      {product} {ergonomic}
   size_t SoftMaxHeapSize                          = 3074424832                             {manageable} {ergonomic}
     bool UseCompressedOops                        = true                           {product lp64_product} {ergonomic}
     bool UseG1GC                                  = true                                      {product} {ergonomic}
     bool UseLargePagesIndividualAllocation        = false                                  {pd product} {ergonomic}

Logging:
Log output configuration:
 #0: stdout all=warning uptime,level,tags foldmultilines=false
 #1: stderr all=off uptime,level,tags foldmultilines=false

Environment Variables:
JAVA_HOME=C:\Program Files\Java\jdk-21
PATH=C:\Program Files\Common Files\Oracle\Java\javapath;C:\Program Files (x86)\Cuminas\Document Express DjVu Plug-in\;C:\Program Files (x86)\Razer Chroma SDK\bin;C:\Program Files\Razer Chroma SDK\bin;C:\WINDOWS\system32;C:\WINDOWS;C:\WINDOWS\System32\Wbem;C:\WINDOWS\System32\WindowsPowerShell\v1.0\;C:\WINDOWS\System32\OpenSSH\;C:\Program Files (x86)\NVIDIA Corporation\PhysX\Common;C:\WINDOWS\system32\config\systemprofile\AppData\Local\Microsoft\WindowsApps;C:\Program Files (x86)\Razer\ChromaBroadcast\bin;C:\Program Files\Razer\ChromaBroadcast\bin;C:\Users\2oleg\AppData\Local\Microsoft\WindowsApps;C:\Program Files\JetBrains\IntelliJ IDEA Community Edition 2024.3\bin;C:\Users\2oleg\AppData\Local\Programs\Microsoft VS Code\bin;C:\Program Files\Docker\Docker\resources\bin;C:\Users\2oleg\Downloads\curl-8.16.0_6-win64-mingw.zip\curl-8.16.0_6-win64-mingw\bin;C:\Users\2oleg\Downloads\curl-8.16.0_6-win64-mingw\curl-8.16.0_6-win64-mingw\bin;C:\Users\2oleg\Downloads\apache-maven-3.9.11-bin\apache-maven-3.9.11\bin;C:\ProgramData\chocolatey\bin;C:\Users\2oleg\AppData\Roaming\Cloud Foundry;C:\Program Files\Git\cmd;C:\Program Files\nodejs\;C:\Users\2oleg\AppData\Local\Muse Hub\lib;C:\Users\2oleg\AppData\Local\Microsoft\WindowsApps;C:\Program Files\JetBrains\IntelliJ IDEA Community Edition 2025.2.4\bin;C:\Users\2oleg\AppData\Local\Programs\Microsoft VS Code\bin;C:\Program Files\jq.exe;C:\Users\2oleg\AppData\Local\Microsoft\WinGet\Packages\jqlang.jq_Microsoft.Winget.Source_8wekyb3d8bbwe;C:\Program Files\Java\jdk-24;C:\Users\2oleg\Downloads\gradle-9.0.0-bin\gradle-9.0.0\bin;C:\Program Files\Docker\Docker\resources\bin;C:\Users\2oleg\AppData\Local\GitHubDesktop\bin;C:\Users\2oleg\AppData\Roaming\npm
USERNAME=2oleg
OS=Windows_NT
PROCESSOR_IDENTIFIER=Intel64 Family 6 Model 60 Stepping 3, GenuineIntel
TMP=C:\Users\2oleg\AppData\Local\Temp
TEMP=C:\Users\2oleg\AppData\Local\Temp




Periodic native trim disabled

---------------  S Y S T E M  ---------------

OS:
 Windows 10 , 64 bit Build 19041 (10.0.19041.5915)
OS uptime: 10 days 12:22 hours
Hyper-V role detected

CPU: total 8 (initial active 8) (4 cores per cpu, 2 threads per core) family 6 model 60 stepping 3 microcode 0x27, cx8, cmov, fxsr, ht, mmx, sse, sse2, sse3, ssse3, sse4.1, sse4.2, popcnt, lzcnt, tsc, tscinvbit, avx, avx2, aes, erms, clmul, bmi1, bmi2, fma, vzeroupper, clflush, hv, rdtscp, f16c
Processor Information for all 8 processors :
  Max Mhz: 2401, Current Mhz: 2401, Mhz Limit: 2401

Memory: 4k page, system-wide physical 11723M (1866M free)
TotalPageFile size 23723M (AvailPageFile size 5M)
current process WorkingSet (physical memory assigned to process): 92M, peak: 92M
current process commit charge ("private bytes"): 293M, peak: 294M

vm_info: Java HotSpot(TM) 64-Bit Server VM (21.0.7+8-LTS-245) for windows-amd64 JRE (21.0.7+8-LTS-245), built on 2025-02-21T05:11:27Z by "mach5one" with MS VC++ 17.6 (VS2022)

END.
