#
# There is insufficient memory for the Java Runtime Environment to continue.
# Native memory allocation (malloc) failed to allocate 322096 bytes for Chunk::new
# Possible reasons:
#   The system is out of physical RAM or swap space
#   The process is running with CompressedOops enabled, and the Java Heap may be blocking the growth of the native heap
# Possible solutions:
#   Reduce memory load on the system
#   Increase physical memory or swap space
#   Check if swap backing store is full
#   Decrease Java heap size (-Xmx/-Xms)
#   Decrease number of Java threads
#   Decrease Java thread stack sizes (-Xss)
#   Set larger code cache with -XX:ReservedCodeCacheSize=
#   JVM is running with Zero Based Compressed Oops mode in which the Java heap is
#     placed in the first 32GB address space. The Java Heap base address is the
#     maximum limit for the native heap growth. Please use -XX:HeapBaseMinAddress
#     to set the Java Heap base and to place the Java Heap above 32GB virtual address.
# This output file may be truncated or incomplete.
#
#  Out of Memory Error (arena.cpp:168), pid=21216, tid=27368
#
# JRE version: Java(TM) SE Runtime Environment (21.0.7+8) (build 21.0.7+8-LTS-245)
# Java VM: Java HotSpot(TM) 64-Bit Server VM (21.0.7+8-LTS-245, mixed mode, sharing, tiered, compressed oops, compressed class ptrs, g1 gc, windows-amd64)
# No core dump will be written. Minidumps are not enabled by default on client versions of Windows
#

---------------  S U M M A R Y ------------

Command Line: --enable-native-access=ALL-UNNAMED -Dclassworlds.conf=C:\Users\2oleg\Downloads\apache-maven-3.9.11-bin\apache-maven-3.9.11\bin\m2.conf -Dmaven.home=C:\Users\2oleg\Downloads\apache-maven-3.9.11-bin\apache-maven-3.9.11 -Dlibrary.jansi.path=C:\Users\2oleg\Downloads\apache-maven-3.9.11-bin\apache-maven-3.9.11\lib\jansi-native -Dmaven.multiModuleProjectDirectory=C:\Users\2oleg\Downloads\Telegram Desktop\Kefir\Backend\TransactionSaga org.codehaus.plexus.classworlds.launcher.Launcher spring-boot:run -Dserver.port=8090 -DskipTests

Host: Intel(R) Core(TM) i7-4700HQ CPU @ 2.40GHz, 8 cores, 11G,  Windows 10 , 64 bit Build 19041 (10.0.19041.5915)
Time: Sat Dec 13 01:31:56 2025 RTZ 2 (s 10 , 64 bit Build 19041 (10.0.19041.5915) elapsed time: 23.767482 seconds (0d 0h 0m 23s)

---------------  T H R E A D  ---------------

Current thread (0x0000015ca1b79fc0):  JavaThread "C2 CompilerThread1" daemon [_thread_in_native, id=27368, stack(0x00000049d7200000,0x00000049d7300000) (1024K)]


Current CompileTask:
C2:  23767 5463       4       jdk.nio.zipfs.ZipFileSystem::makeParentDirs (133 bytes)

Stack: [0x00000049d7200000,0x00000049d7300000]
Native frames: (J=compiled Java code, j=interpreted, Vv=VM code, C=native code)
V  [jvm.dll+0x6cae19]
V  [jvm.dll+0x855741]
V  [jvm.dll+0x857c6e]
V  [jvm.dll+0x858343]
V  [jvm.dll+0x27e0b6]
V  [jvm.dll+0xc4ecd]
V  [jvm.dll+0xc5403]
V  [jvm.dll+0x2f145d]
V  [jvm.dll+0x5f5a8a]
V  [jvm.dll+0x24fbc2]
V  [jvm.dll+0x2487a3]
V  [jvm.dll+0x246004]
V  [jvm.dll+0x1c6efe]
V  [jvm.dll+0x255819]
V  [jvm.dll+0x253daa]
V  [jvm.dll+0x3eebb6]
V  [jvm.dll+0x7ffa1b]
V  [jvm.dll+0x6c94fd]
C  [ucrtbase.dll+0x21bb2]
C  [KERNEL32.DLL+0x17374]
C  [ntdll.dll+0x4cc91]


---------------  P R O C E S S  ---------------

Threads class SMR info:
_java_thread_list=0x0000015ca1fb64d0, length=13, elements={
0x0000015c3ddf3650, 0x0000015c5b90f140, 0x0000015c5b90fd90, 0x0000015c5b9127f0,
0x0000015c5b913240, 0x0000015c5b913c90, 0x0000015c5b9146e0, 0x0000015c5b917470,
0x0000015c5b918720, 0x0000015c5bb70800, 0x0000015c5bb74850, 0x0000015ca21ff730,
0x0000015ca1b79fc0
}

Java Threads: ( => current thread )
  0x0000015c3ddf3650 JavaThread "main"                              [_thread_in_vm, id=16404, stack(0x00000049d5f00000,0x00000049d6000000) (1024K)]
  0x0000015c5b90f140 JavaThread "Reference Handler"          daemon [_thread_blocked, id=21400, stack(0x00000049d6700000,0x00000049d6800000) (1024K)]
  0x0000015c5b90fd90 JavaThread "Finalizer"                  daemon [_thread_blocked, id=19848, stack(0x00000049d6800000,0x00000049d6900000) (1024K)]
  0x0000015c5b9127f0 JavaThread "Signal Dispatcher"          daemon [_thread_blocked, id=5300, stack(0x00000049d6900000,0x00000049d6a00000) (1024K)]
  0x0000015c5b913240 JavaThread "Attach Listener"            daemon [_thread_blocked, id=28620, stack(0x00000049d6a00000,0x00000049d6b00000) (1024K)]
  0x0000015c5b913c90 JavaThread "Service Thread"             daemon [_thread_blocked, id=13020, stack(0x00000049d6b00000,0x00000049d6c00000) (1024K)]
  0x0000015c5b9146e0 JavaThread "Monitor Deflation Thread"   daemon [_thread_blocked, id=8844, stack(0x00000049d6c00000,0x00000049d6d00000) (1024K)]
  0x0000015c5b917470 JavaThread "C2 CompilerThread0"         daemon [_thread_blocked, id=28544, stack(0x00000049d6d00000,0x00000049d6e00000) (1024K)]
  0x0000015c5b918720 JavaThread "C1 CompilerThread0"         daemon [_thread_blocked, id=24204, stack(0x00000049d6e00000,0x00000049d6f00000) (1024K)]
  0x0000015c5bb70800 JavaThread "Notification Thread"        daemon [_thread_blocked, id=15672, stack(0x00000049d6f00000,0x00000049d7000000) (1024K)]
  0x0000015c5bb74850 JavaThread "Common-Cleaner"             daemon [_thread_blocked, id=21884, stack(0x00000049d7000000,0x00000049d7100000) (1024K)]
  0x0000015ca21ff730 JavaThread "Thread-1"                   daemon [_thread_blocked, id=14088, stack(0x00000049d7100000,0x00000049d7200000) (1024K)]
=>0x0000015ca1b79fc0 JavaThread "C2 CompilerThread1"         daemon [_thread_in_native, id=27368, stack(0x00000049d7200000,0x00000049d7300000) (1024K)]
Total: 13

Other Threads:
  0x0000015c5b8f5200 VMThread "VM Thread"                           [id=26344, stack(0x00000049d6600000,0x00000049d6700000) (1024K)]
  0x0000015c5b8e1070 WatcherThread "VM Periodic Task Thread"        [id=27684, stack(0x00000049d6500000,0x00000049d6600000) (1024K)]
  0x0000015c3de40e80 WorkerThread "GC Thread#0"                     [id=27460, stack(0x00000049d6000000,0x00000049d6100000) (1024K)]
  0x0000015ca18de2a0 WorkerThread "GC Thread#1"                     [id=7632, stack(0x00000049d7300000,0x00000049d7400000) (1024K)]
  0x0000015ca1b6b460 WorkerThread "GC Thread#2"                     [id=26552, stack(0x00000049d7400000,0x00000049d7500000) (1024K)]
  0x0000015ca1b6b800 WorkerThread "GC Thread#3"                     [id=11844, stack(0x00000049d7500000,0x00000049d7600000) (1024K)]
  0x0000015ca17fec00 WorkerThread "GC Thread#4"                     [id=21460, stack(0x00000049d7600000,0x00000049d7700000) (1024K)]
  0x0000015ca15195e0 WorkerThread "GC Thread#5"                     [id=8828, stack(0x00000049d7700000,0x00000049d7800000) (1024K)]
  0x0000015ca13363d0 WorkerThread "GC Thread#6"                     [id=1804, stack(0x00000049d7800000,0x00000049d7900000) (1024K)]
  0x0000015ca18f7530 WorkerThread "GC Thread#7"                     [id=27760, stack(0x00000049d7900000,0x00000049d7a00000) (1024K)]
  0x0000015c3de4d4b0 ConcurrentGCThread "G1 Main Marker"            [id=24376, stack(0x00000049d6100000,0x00000049d6200000) (1024K)]
  0x0000015c3de4dec0 WorkerThread "G1 Conc#0"                       [id=27820, stack(0x00000049d6200000,0x00000049d6300000) (1024K)]
  0x0000015c3debd3d0 ConcurrentGCThread "G1 Refine#0"               [id=22980, stack(0x00000049d6300000,0x00000049d6400000) (1024K)]
  0x0000015c3debde50 ConcurrentGCThread "G1 Service"                [id=6116, stack(0x00000049d6400000,0x00000049d6500000) (1024K)]
Total: 14

Threads with active compile tasks:
C2 CompilerThread1    23981 5463       4       jdk.nio.zipfs.ZipFileSystem::makeParentDirs (133 bytes)
Total: 1

VM state: not at safepoint (normal execution)

VM Mutex/Monitor currently owned by a thread: None

Heap address: 0x0000000748c00000, size: 2932 MB, Compressed Oops mode: Zero based, Oop shift amount: 3

CDS archive(s) mapped at: [0x0000015c5c000000-0x0000015c5cc90000-0x0000015c5cc90000), size 13172736, SharedBaseAddress: 0x0000015c5c000000, ArchiveRelocationMode: 1.
Compressed class space mapped at: 0x0000015c5d000000-0x0000015c9d000000, reserved size: 1073741824
Narrow klass base: 0x0000015c5c000000, Narrow klass shift: 0, Narrow klass range: 0x100000000

GC Precious Log:
 CardTable entry size: 512
 Card Set container configuration: InlinePtr #cards 4 size 8 Array Of Cards #cards 16 size 48 Howl #buckets 8 coarsen threshold 3686 Howl Bitmap #cards 512 size 80 coarsen threshold 460 Card regions per heap region 1 cards per card region 4096
 CPUs: 8 total, 8 available
 Memory: 11723M
 Large Page Support: Disabled
 NUMA Support: Disabled
 Compressed Oops: Enabled (Zero based)
 Heap Region Size: 2M
 Heap Min Capacity: 8M
 Heap Initial Capacity: 184M
 Heap Max Capacity: 2932M
 Pre-touch: Disabled
 Parallel Workers: 8
 Concurrent Workers: 2
 Concurrent Refinement Workers: 8
 Periodic GC: Disabled

Heap:
 garbage-first heap   total 188416K, used 35496K [0x0000000748c00000, 0x0000000800000000)
  region size 2048K, 8 young (16384K), 5 survivors (10240K)
 Metaspace       used 20806K, committed 21120K, reserved 1114112K
  class space    used 2306K, committed 2432K, reserved 1048576K

Heap Regions: E=young(eden), S=young(survivor), O=old, HS=humongous(starts), HC=humongous(continues), CS=collection set, F=free, TAMS=top-at-mark-start, PB=parsable bottom
|   0|0x0000000748c00000, 0x0000000748e00000, 0x0000000748e00000|100%| O|  |TAMS 0x0000000748c00000| PB 0x0000000748c00000| Untracked 
|   1|0x0000000748e00000, 0x0000000749000000, 0x0000000749000000|100%| O|  |TAMS 0x0000000748e00000| PB 0x0000000748e00000| Untracked 
|   2|0x0000000749000000, 0x0000000749200000, 0x0000000749200000|100%|HS|  |TAMS 0x0000000749000000| PB 0x0000000749000000| Complete 
|   3|0x0000000749200000, 0x0000000749400000, 0x0000000749400000|100%|HC|  |TAMS 0x0000000749200000| PB 0x0000000749200000| Complete 
|   4|0x0000000749400000, 0x0000000749400000, 0x0000000749600000|  0%| F|  |TAMS 0x0000000749400000| PB 0x0000000749400000| Untracked 
|   5|0x0000000749600000, 0x0000000749600000, 0x0000000749800000|  0%| F|  |TAMS 0x0000000749600000| PB 0x0000000749600000| Untracked 
|   6|0x0000000749800000, 0x0000000749800000, 0x0000000749a00000|  0%| F|  |TAMS 0x0000000749800000| PB 0x0000000749800000| Untracked 
|   7|0x0000000749a00000, 0x0000000749a00000, 0x0000000749c00000|  0%| F|  |TAMS 0x0000000749a00000| PB 0x0000000749a00000| Untracked 
|   8|0x0000000749c00000, 0x0000000749c00000, 0x0000000749e00000|  0%| F|  |TAMS 0x0000000749c00000| PB 0x0000000749c00000| Untracked 
|   9|0x0000000749e00000, 0x0000000749e00000, 0x000000074a000000|  0%| F|  |TAMS 0x0000000749e00000| PB 0x0000000749e00000| Untracked 
|  10|0x000000074a000000, 0x000000074a000000, 0x000000074a200000|  0%| F|  |TAMS 0x000000074a000000| PB 0x000000074a000000| Untracked 
|  11|0x000000074a200000, 0x000000074a200000, 0x000000074a400000|  0%| F|  |TAMS 0x000000074a200000| PB 0x000000074a200000| Untracked 
|  12|0x000000074a400000, 0x000000074a400000, 0x000000074a600000|  0%| F|  |TAMS 0x000000074a400000| PB 0x000000074a400000| Untracked 
|  13|0x000000074a600000, 0x000000074a600000, 0x000000074a800000|  0%| F|  |TAMS 0x000000074a600000| PB 0x000000074a600000| Untracked 
|  14|0x000000074a800000, 0x000000074a800000, 0x000000074aa00000|  0%| F|  |TAMS 0x000000074a800000| PB 0x000000074a800000| Untracked 
|  15|0x000000074aa00000, 0x000000074aa00000, 0x000000074ac00000|  0%| F|  |TAMS 0x000000074aa00000| PB 0x000000074aa00000| Untracked 
|  16|0x000000074ac00000, 0x000000074ac00000, 0x000000074ae00000|  0%| F|  |TAMS 0x000000074ac00000| PB 0x000000074ac00000| Untracked 
|  17|0x000000074ae00000, 0x000000074ae00000, 0x000000074b000000|  0%| F|  |TAMS 0x000000074ae00000| PB 0x000000074ae00000| Untracked 
|  18|0x000000074b000000, 0x000000074b200000, 0x000000074b200000|100%|HS|  |TAMS 0x000000074b000000| PB 0x000000074b000000| Complete 
|  19|0x000000074b200000, 0x000000074b400000, 0x000000074b400000|100%|HC|  |TAMS 0x000000074b200000| PB 0x000000074b200000| Complete 
|  20|0x000000074b400000, 0x000000074b600000, 0x000000074b600000|100%| O|  |TAMS 0x000000074b400000| PB 0x000000074b400000| Untracked 
|  21|0x000000074b600000, 0x000000074b800000, 0x000000074b800000|100%| O|  |TAMS 0x000000074b600000| PB 0x000000074b600000| Untracked 
|  22|0x000000074b800000, 0x000000074ba00000, 0x000000074ba00000|100%| O|  |TAMS 0x000000074b800000| PB 0x000000074b800000| Untracked 
|  23|0x000000074ba00000, 0x000000074bc00000, 0x000000074bc00000|100%| O|  |TAMS 0x000000074ba00000| PB 0x000000074ba00000| Untracked 
|  24|0x000000074bc00000, 0x000000074be00000, 0x000000074be00000|100%| O|  |TAMS 0x000000074bc00000| PB 0x000000074bc00000| Untracked 
|  25|0x000000074be00000, 0x000000074be35000, 0x000000074c000000| 10%| O|  |TAMS 0x000000074be00000| PB 0x000000074be00000| Untracked 
|  26|0x000000074c000000, 0x000000074c000000, 0x000000074c200000|  0%| F|  |TAMS 0x000000074c000000| PB 0x000000074c000000| Untracked 
|  27|0x000000074c200000, 0x000000074c200000, 0x000000074c400000|  0%| F|  |TAMS 0x000000074c200000| PB 0x000000074c200000| Untracked 
|  28|0x000000074c400000, 0x000000074c400000, 0x000000074c600000|  0%| F|  |TAMS 0x000000074c400000| PB 0x000000074c400000| Untracked 
|  29|0x000000074c600000, 0x000000074c600000, 0x000000074c800000|  0%| F|  |TAMS 0x000000074c600000| PB 0x000000074c600000| Untracked 
|  30|0x000000074c800000, 0x000000074c800000, 0x000000074ca00000|  0%| F|  |TAMS 0x000000074c800000| PB 0x000000074c800000| Untracked 
|  31|0x000000074ca00000, 0x000000074ca00000, 0x000000074cc00000|  0%| F|  |TAMS 0x000000074ca00000| PB 0x000000074ca00000| Untracked 
|  32|0x000000074cc00000, 0x000000074cc00000, 0x000000074ce00000|  0%| F|  |TAMS 0x000000074cc00000| PB 0x000000074cc00000| Untracked 
|  33|0x000000074ce00000, 0x000000074ce00000, 0x000000074d000000|  0%| F|  |TAMS 0x000000074ce00000| PB 0x000000074ce00000| Untracked 
|  34|0x000000074d000000, 0x000000074d000000, 0x000000074d200000|  0%| F|  |TAMS 0x000000074d000000| PB 0x000000074d000000| Untracked 
|  35|0x000000074d200000, 0x000000074d200000, 0x000000074d400000|  0%| F|  |TAMS 0x000000074d200000| PB 0x000000074d200000| Untracked 
|  36|0x000000074d400000, 0x000000074d400000, 0x000000074d600000|  0%| F|  |TAMS 0x000000074d400000| PB 0x000000074d400000| Untracked 
|  37|0x000000074d600000, 0x000000074d600000, 0x000000074d800000|  0%| F|  |TAMS 0x000000074d600000| PB 0x000000074d600000| Untracked 
|  38|0x000000074d800000, 0x000000074d800000, 0x000000074da00000|  0%| F|  |TAMS 0x000000074d800000| PB 0x000000074d800000| Untracked 
|  39|0x000000074da00000, 0x000000074da75130, 0x000000074dc00000| 22%| S|CS|TAMS 0x000000074da00000| PB 0x000000074da00000| Complete 
|  40|0x000000074dc00000, 0x000000074de00000, 0x000000074de00000|100%| S|CS|TAMS 0x000000074dc00000| PB 0x000000074dc00000| Complete 
|  41|0x000000074de00000, 0x000000074e000000, 0x000000074e000000|100%| S|CS|TAMS 0x000000074de00000| PB 0x000000074de00000| Complete 
|  42|0x000000074e000000, 0x000000074e200000, 0x000000074e200000|100%| S|CS|TAMS 0x000000074e000000| PB 0x000000074e000000| Complete 
|  43|0x000000074e200000, 0x000000074e400000, 0x000000074e400000|100%| S|CS|TAMS 0x000000074e200000| PB 0x000000074e200000| Complete 
|  44|0x000000074e400000, 0x000000074e400000, 0x000000074e600000|  0%| F|  |TAMS 0x000000074e400000| PB 0x000000074e400000| Untracked 
|  45|0x000000074e600000, 0x000000074e600000, 0x000000074e800000|  0%| F|  |TAMS 0x000000074e600000| PB 0x000000074e600000| Untracked 
|  46|0x000000074e800000, 0x000000074e800000, 0x000000074ea00000|  0%| F|  |TAMS 0x000000074e800000| PB 0x000000074e800000| Untracked 
|  47|0x000000074ea00000, 0x000000074ea00000, 0x000000074ec00000|  0%| F|  |TAMS 0x000000074ea00000| PB 0x000000074ea00000| Untracked 
|  48|0x000000074ec00000, 0x000000074ec00000, 0x000000074ee00000|  0%| F|  |TAMS 0x000000074ec00000| PB 0x000000074ec00000| Untracked 
|  49|0x000000074ee00000, 0x000000074ee00000, 0x000000074f000000|  0%| F|  |TAMS 0x000000074ee00000| PB 0x000000074ee00000| Untracked 
|  50|0x000000074f000000, 0x000000074f000000, 0x000000074f200000|  0%| F|  |TAMS 0x000000074f000000| PB 0x000000074f000000| Untracked 
|  51|0x000000074f200000, 0x000000074f200000, 0x000000074f400000|  0%| F|  |TAMS 0x000000074f200000| PB 0x000000074f200000| Untracked 
|  52|0x000000074f400000, 0x000000074f400000, 0x000000074f600000|  0%| F|  |TAMS 0x000000074f400000| PB 0x000000074f400000| Untracked 
|  53|0x000000074f600000, 0x000000074f600000, 0x000000074f800000|  0%| F|  |TAMS 0x000000074f600000| PB 0x000000074f600000| Untracked 
|  54|0x000000074f800000, 0x000000074f800000, 0x000000074fa00000|  0%| F|  |TAMS 0x000000074f800000| PB 0x000000074f800000| Untracked 
|  55|0x000000074fa00000, 0x000000074fa00000, 0x000000074fc00000|  0%| F|  |TAMS 0x000000074fa00000| PB 0x000000074fa00000| Untracked 
|  56|0x000000074fc00000, 0x000000074fc00000, 0x000000074fe00000|  0%| F|  |TAMS 0x000000074fc00000| PB 0x000000074fc00000| Untracked 
|  57|0x000000074fe00000, 0x000000074fe00000, 0x0000000750000000|  0%| F|  |TAMS 0x000000074fe00000| PB 0x000000074fe00000| Untracked 
|  58|0x0000000750000000, 0x0000000750000000, 0x0000000750200000|  0%| F|  |TAMS 0x0000000750000000| PB 0x0000000750000000| Untracked 
|  59|0x0000000750200000, 0x0000000750200000, 0x0000000750400000|  0%| F|  |TAMS 0x0000000750200000| PB 0x0000000750200000| Untracked 
|  60|0x0000000750400000, 0x0000000750400000, 0x0000000750600000|  0%| F|  |TAMS 0x0000000750400000| PB 0x0000000750400000| Untracked 
|  61|0x0000000750600000, 0x0000000750600000, 0x0000000750800000|  0%| F|  |TAMS 0x0000000750600000| PB 0x0000000750600000| Untracked 
|  62|0x0000000750800000, 0x0000000750800000, 0x0000000750a00000|  0%| F|  |TAMS 0x0000000750800000| PB 0x0000000750800000| Untracked 
|  63|0x0000000750a00000, 0x0000000750a00000, 0x0000000750c00000|  0%| F|  |TAMS 0x0000000750a00000| PB 0x0000000750a00000| Untracked 
|  64|0x0000000750c00000, 0x0000000750c00000, 0x0000000750e00000|  0%| F|  |TAMS 0x0000000750c00000| PB 0x0000000750c00000| Untracked 
|  65|0x0000000750e00000, 0x0000000750e00000, 0x0000000751000000|  0%| F|  |TAMS 0x0000000750e00000| PB 0x0000000750e00000| Untracked 
|  66|0x0000000751000000, 0x0000000751000000, 0x0000000751200000|  0%| F|  |TAMS 0x0000000751000000| PB 0x0000000751000000| Untracked 
|  67|0x0000000751200000, 0x0000000751200000, 0x0000000751400000|  0%| F|  |TAMS 0x0000000751200000| PB 0x0000000751200000| Untracked 
|  68|0x0000000751400000, 0x0000000751400000, 0x0000000751600000|  0%| F|  |TAMS 0x0000000751400000| PB 0x0000000751400000| Untracked 
|  69|0x0000000751600000, 0x0000000751600000, 0x0000000751800000|  0%| F|  |TAMS 0x0000000751600000| PB 0x0000000751600000| Untracked 
|  70|0x0000000751800000, 0x0000000751800000, 0x0000000751a00000|  0%| F|  |TAMS 0x0000000751800000| PB 0x0000000751800000| Untracked 
|  71|0x0000000751a00000, 0x0000000751a00000, 0x0000000751c00000|  0%| F|  |TAMS 0x0000000751a00000| PB 0x0000000751a00000| Untracked 
|  72|0x0000000751c00000, 0x0000000751c00000, 0x0000000751e00000|  0%| F|  |TAMS 0x0000000751c00000| PB 0x0000000751c00000| Untracked 
|  73|0x0000000751e00000, 0x0000000751e00000, 0x0000000752000000|  0%| F|  |TAMS 0x0000000751e00000| PB 0x0000000751e00000| Untracked 
|  74|0x0000000752000000, 0x0000000752000000, 0x0000000752200000|  0%| F|  |TAMS 0x0000000752000000| PB 0x0000000752000000| Untracked 
|  75|0x0000000752200000, 0x0000000752200000, 0x0000000752400000|  0%| F|  |TAMS 0x0000000752200000| PB 0x0000000752200000| Untracked 
|  76|0x0000000752400000, 0x0000000752400000, 0x0000000752600000|  0%| F|  |TAMS 0x0000000752400000| PB 0x0000000752400000| Untracked 
|  77|0x0000000752600000, 0x0000000752600000, 0x0000000752800000|  0%| F|  |TAMS 0x0000000752600000| PB 0x0000000752600000| Untracked 
|  78|0x0000000752800000, 0x0000000752800000, 0x0000000752a00000|  0%| F|  |TAMS 0x0000000752800000| PB 0x0000000752800000| Untracked 
|  79|0x0000000752a00000, 0x0000000752a00000, 0x0000000752c00000|  0%| F|  |TAMS 0x0000000752a00000| PB 0x0000000752a00000| Untracked 
|  80|0x0000000752c00000, 0x0000000752c00000, 0x0000000752e00000|  0%| F|  |TAMS 0x0000000752c00000| PB 0x0000000752c00000| Untracked 
|  81|0x0000000752e00000, 0x0000000752e00000, 0x0000000753000000|  0%| F|  |TAMS 0x0000000752e00000| PB 0x0000000752e00000| Untracked 
|  82|0x0000000753000000, 0x0000000753000000, 0x0000000753200000|  0%| F|  |TAMS 0x0000000753000000| PB 0x0000000753000000| Untracked 
|  83|0x0000000753200000, 0x0000000753200000, 0x0000000753400000|  0%| F|  |TAMS 0x0000000753200000| PB 0x0000000753200000| Untracked 
|  84|0x0000000753400000, 0x0000000753400000, 0x0000000753600000|  0%| F|  |TAMS 0x0000000753400000| PB 0x0000000753400000| Untracked 
|  85|0x0000000753600000, 0x0000000753600000, 0x0000000753800000|  0%| F|  |TAMS 0x0000000753600000| PB 0x0000000753600000| Untracked 
|  86|0x0000000753800000, 0x0000000753800000, 0x0000000753a00000|  0%| F|  |TAMS 0x0000000753800000| PB 0x0000000753800000| Untracked 
|  87|0x0000000753a00000, 0x0000000753a00000, 0x0000000753c00000|  0%| F|  |TAMS 0x0000000753a00000| PB 0x0000000753a00000| Untracked 
|  88|0x0000000753c00000, 0x0000000753c00000, 0x0000000753e00000|  0%| F|  |TAMS 0x0000000753c00000| PB 0x0000000753c00000| Untracked 
|  89|0x0000000753e00000, 0x0000000754000000, 0x0000000754000000|100%| E|  |TAMS 0x0000000753e00000| PB 0x0000000753e00000| Complete 
|  90|0x0000000754000000, 0x0000000754200000, 0x0000000754200000|100%| E|CS|TAMS 0x0000000754000000| PB 0x0000000754000000| Complete 
|  91|0x0000000754200000, 0x0000000754400000, 0x0000000754400000|100%| E|CS|TAMS 0x0000000754200000| PB 0x0000000754200000| Complete 

Card table byte_map: [0x0000015c55b80000,0x0000015c56140000] _byte_map_base: 0x0000015c5213a000

Marking Bits: (CMBitMap*) 0x0000015c3de41490
 Bits: [0x0000015c56140000, 0x0000015c58f10000)

Polling page: 0x0000015c3bdb0000

Metaspace:

Usage:
  Non-class:     18.07 MB used.
      Class:      2.25 MB used.
       Both:     20.32 MB used.

Virtual space:
  Non-class space:       64.00 MB reserved,      18.25 MB ( 29%) committed,  1 nodes.
      Class space:        1.00 GB reserved,       2.38 MB ( <1%) committed,  1 nodes.
             Both:        1.06 GB reserved,      20.62 MB (  2%) committed. 

Chunk freelists:
   Non-Class:  13.73 MB
       Class:  13.52 MB
        Both:  27.25 MB

MaxMetaspaceSize: unlimited
CompressedClassSpaceSize: 1.00 GB
Initial GC threshold: 21.00 MB
Current GC threshold: 21.00 MB
CDS: on
 - commit_granule_bytes: 65536.
 - commit_granule_words: 8192.
 - virtual_space_node_default_size: 8388608.
 - enlarge_chunks_in_place: 1.
 - use_allocation_guard: 0.


Internal statistics:

num_allocs_failed_limit: 0.
num_arena_births: 206.
num_arena_deaths: 0.
num_vsnodes_births: 2.
num_vsnodes_deaths: 0.
num_space_committed: 330.
num_space_uncommitted: 0.
num_chunks_returned_to_freelist: 0.
num_chunks_taken_from_freelist: 921.
num_chunk_merges: 0.
num_chunk_splits: 650.
num_chunks_enlarged: 523.
num_inconsistent_stats: 0.

CodeHeap 'non-profiled nmethods': size=120000Kb used=3217Kb max_used=3217Kb free=116782Kb
 bounds [0x0000015c4dd60000, 0x0000015c4e090000, 0x0000015c55290000]
CodeHeap 'profiled nmethods': size=120000Kb used=12053Kb max_used=12053Kb free=107947Kb
 bounds [0x0000015c46290000, 0x0000015c46e60000, 0x0000015c4d7c0000]
CodeHeap 'non-nmethods': size=5760Kb used=1428Kb max_used=1468Kb free=4332Kb
 bounds [0x0000015c4d7c0000, 0x0000015c4da30000, 0x0000015c4dd60000]
 total_blobs=6041 nmethods=5525 adapters=420
 compilation: enabled
              stopped_count=0, restarted_count=0
 full_count=0

Compilation events (20 events):
Event: 23.704 Thread 0x0000015c5b918720 nmethod 5475 0x0000015c46e3cb10 code [0x0000015c46e3ccc0, 0x0000015c46e3cfe0]
Event: 23.704 Thread 0x0000015c5b918720 5476   !   3       com.sun.tools.javac.platform.JDKPlatformProvider::lambda$static$0 (42 bytes)
Event: 23.704 Thread 0x0000015c5b918720 nmethod 5476 0x0000015c46e3d110 code [0x0000015c46e3d300, 0x0000015c46e3d650]
Event: 23.704 Thread 0x0000015c5b918720 5477       3       java.lang.Integer::toString (55 bytes)
Event: 23.705 Thread 0x0000015c5b918720 nmethod 5477 0x0000015c46e3d810 code [0x0000015c46e3d9e0, 0x0000015c46e3dd70]
Event: 23.705 Thread 0x0000015c5b917470 5478       4       java.lang.CharacterDataLatin1::digit (32 bytes)
Event: 23.706 Thread 0x0000015c5b918720 5479       3       com.sun.tools.javac.jvm.Target::lookup (13 bytes)
Event: 23.706 Thread 0x0000015c5b917470 nmethod 5478 0x0000015c4e080290 code [0x0000015c4e080420, 0x0000015c4e080528]
Event: 23.706 Thread 0x0000015c5b918720 nmethod 5479 0x0000015c46e3df10 code [0x0000015c46e3e0e0, 0x0000015c46e3e438]
Event: 23.707 Thread 0x0000015c5b918720 5480       3       com.sun.tools.javac.platform.JDKPlatformProvider::targetNumericVersion (17 bytes)
Event: 23.707 Thread 0x0000015c5b918720 nmethod 5480 0x0000015c46e3e590 code [0x0000015c46e3e740, 0x0000015c46e3e8c8]
Event: 23.707 Thread 0x0000015c5b918720 5481       3       jdk.nio.zipfs.ZipPath::getFileName (94 bytes)
Event: 23.708 Thread 0x0000015c5b918720 nmethod 5481 0x0000015c46e3e990 code [0x0000015c46e3eb80, 0x0000015c46e3f108]
Event: 23.708 Thread 0x0000015c5b917470 5482       4       java.lang.Integer::parseInt (264 bytes)
Event: 23.709 Thread 0x0000015c5b918720 5483       3       java.lang.invoke.Invokers$Holder::invokeExact_MT (32 bytes)
Event: 23.710 Thread 0x0000015c5b918720 nmethod 5483 0x0000015c46e3f290 code [0x0000015c46e3f4a0, 0x0000015c46e3fdb8]
Event: 23.710 Thread 0x0000015c5b918720 5484       3       java.lang.invoke.LambdaMetafactory::metafactory (71 bytes)
Event: 23.711 Thread 0x0000015c5b918720 nmethod 5484 0x0000015c46e40010 code [0x0000015c46e402a0, 0x0000015c46e40dc0]
Event: 23.715 Thread 0x0000015c5b917470 nmethod 5482 0x0000015c4e080610 code [0x0000015c4e0807e0, 0x0000015c4e080c00]
Event: 23.715 Thread 0x0000015c5b917470 5485       4       jdk.internal.org.objectweb.asm.SymbolTable::put (150 bytes)

GC Heap History (8 events):
Event: 2.023 GC heap before
{Heap before GC invocations=0 (full 0):
 garbage-first heap   total 188416K, used 22528K [0x0000000748c00000, 0x0000000800000000)
  region size 2048K, 11 young (22528K), 0 survivors (0K)
 Metaspace       used 5595K, committed 5760K, reserved 1114112K
  class space    used 645K, committed 768K, reserved 1048576K
}
Event: 2.037 GC heap after
{Heap after GC invocations=1 (full 0):
 garbage-first heap   total 188416K, used 3800K [0x0000000748c00000, 0x0000000800000000)
  region size 2048K, 2 young (4096K), 2 survivors (4096K)
 Metaspace       used 5595K, committed 5760K, reserved 1114112K
  class space    used 645K, committed 768K, reserved 1048576K
}
Event: 3.160 GC heap before
{Heap before GC invocations=1 (full 0):
 garbage-first heap   total 188416K, used 36568K [0x0000000748c00000, 0x0000000800000000)
  region size 2048K, 18 young (36864K), 2 survivors (4096K)
 Metaspace       used 9770K, committed 9920K, reserved 1114112K
  class space    used 1145K, committed 1216K, reserved 1048576K
}
Event: 3.167 GC heap after
{Heap after GC invocations=2 (full 0):
 garbage-first heap   total 188416K, used 5566K [0x0000000748c00000, 0x0000000800000000)
  region size 2048K, 1 young (2048K), 1 survivors (2048K)
 Metaspace       used 9770K, committed 9920K, reserved 1114112K
  class space    used 1145K, committed 1216K, reserved 1048576K
}
Event: 8.276 GC heap before
{Heap before GC invocations=2 (full 0):
 garbage-first heap   total 188416K, used 114110K [0x0000000748c00000, 0x0000000800000000)
  region size 2048K, 55 young (112640K), 1 survivors (2048K)
 Metaspace       used 16431K, committed 16704K, reserved 1114112K
  class space    used 1852K, committed 1984K, reserved 1048576K
}
Event: 8.295 GC heap after
{Heap after GC invocations=3 (full 0):
 garbage-first heap   total 188416K, used 16261K [0x0000000748c00000, 0x0000000800000000)
  region size 2048K, 7 young (14336K), 7 survivors (14336K)
 Metaspace       used 16431K, committed 16704K, reserved 1114112K
  class space    used 1852K, committed 1984K, reserved 1048576K
}
Event: 23.671 GC heap before
{Heap before GC invocations=3 (full 0):
 garbage-first heap   total 188416K, used 151429K [0x0000000748c00000, 0x0000000800000000)
  region size 2048K, 55 young (112640K), 7 survivors (14336K)
 Metaspace       used 20589K, committed 20864K, reserved 1114112K
  class space    used 2291K, committed 2432K, reserved 1048576K
}
Event: 23.695 GC heap after
{Heap after GC invocations=4 (full 0):
 garbage-first heap   total 188416K, used 27304K [0x0000000748c00000, 0x0000000800000000)
  region size 2048K, 5 young (10240K), 5 survivors (10240K)
 Metaspace       used 20589K, committed 20864K, reserved 1114112K
  class space    used 2291K, committed 2432K, reserved 1048576K
}

Dll operation events (8 events):
Event: 0.014 Loaded shared library C:\Program Files\Java\jdk-21\bin\java.dll
Event: 0.151 Loaded shared library C:\Program Files\Java\jdk-21\bin\jsvml.dll
Event: 0.296 Loaded shared library C:\Program Files\Java\jdk-21\bin\net.dll
Event: 0.299 Loaded shared library C:\Program Files\Java\jdk-21\bin\nio.dll
Event: 0.305 Loaded shared library C:\Program Files\Java\jdk-21\bin\zip.dll
Event: 0.698 Loaded shared library C:\Users\2oleg\Downloads\apache-maven-3.9.11-bin\apache-maven-3.9.11\lib\jansi-native\Windows\x86_64\jansi.dll
Event: 0.735 Loaded shared library C:\Program Files\Java\jdk-21\bin\verify.dll
Event: 0.789 Loaded shared library C:\Program Files\Java\jdk-21\bin\jimage.dll

Deoptimization events (20 events):
Event: 22.605 Thread 0x0000015c3ddf3650 DEOPT PACKING pc=0x0000015c46df4e3c sp=0x00000049d5ffcfa0
Event: 22.605 Thread 0x0000015c3ddf3650 DEOPT UNPACKING pc=0x0000015c4d814e42 sp=0x00000049d5ffc430 mode 0
Event: 22.606 Thread 0x0000015c3ddf3650 DEOPT PACKING pc=0x0000015c46df4e3c sp=0x00000049d5ffcfa0
Event: 22.606 Thread 0x0000015c3ddf3650 DEOPT UNPACKING pc=0x0000015c4d814e42 sp=0x00000049d5ffc430 mode 0
Event: 22.606 Thread 0x0000015c3ddf3650 DEOPT PACKING pc=0x0000015c46df4e3c sp=0x00000049d5ffcfa0
Event: 22.606 Thread 0x0000015c3ddf3650 DEOPT UNPACKING pc=0x0000015c4d814e42 sp=0x00000049d5ffc430 mode 0
Event: 22.608 Thread 0x0000015c3ddf3650 DEOPT PACKING pc=0x0000015c46df4e3c sp=0x00000049d5ffcfa0
Event: 22.608 Thread 0x0000015c3ddf3650 DEOPT UNPACKING pc=0x0000015c4d814e42 sp=0x00000049d5ffc430 mode 0
Event: 23.587 Thread 0x0000015c3ddf3650 Uncommon trap: trap_request=0xffffff45 fr.pc=0x0000015c4dd710b0 relative=0x0000000000000190
Event: 23.587 Thread 0x0000015c3ddf3650 Uncommon trap: reason=unstable_if action=reinterpret pc=0x0000015c4dd710b0 method=jdk.internal.util.ArraysSupport.vectorizedHashCode(Ljava/lang/Object;IIII)I @ 2 c2
Event: 23.587 Thread 0x0000015c3ddf3650 DEOPT PACKING pc=0x0000015c4dd710b0 sp=0x00000049d5ffc760
Event: 23.587 Thread 0x0000015c3ddf3650 DEOPT UNPACKING pc=0x0000015c4d8146a2 sp=0x00000049d5ffc710 mode 2
Event: 23.607 Thread 0x0000015c3ddf3650 Uncommon trap: trap_request=0xffffff45 fr.pc=0x0000015c4e078aac relative=0x000000000000020c
Event: 23.607 Thread 0x0000015c3ddf3650 Uncommon trap: reason=unstable_if action=reinterpret pc=0x0000015c4e078aac method=jdk.nio.zipfs.ZipFileSystem$IndexNode.normalize([B)[B @ 66 c2
Event: 23.607 Thread 0x0000015c3ddf3650 DEOPT PACKING pc=0x0000015c4e078aac sp=0x00000049d5ffc770
Event: 23.607 Thread 0x0000015c3ddf3650 DEOPT UNPACKING pc=0x0000015c4d8146a2 sp=0x00000049d5ffc6d8 mode 2
Event: 23.638 Thread 0x0000015c3ddf3650 Uncommon trap: trap_request=0xffffff45 fr.pc=0x0000015c4e07b0ec relative=0x000000000000022c
Event: 23.638 Thread 0x0000015c3ddf3650 Uncommon trap: reason=unstable_if action=reinterpret pc=0x0000015c4e07b0ec method=java.util.Arrays.hashCode([B)I @ 8 c2
Event: 23.638 Thread 0x0000015c3ddf3650 DEOPT PACKING pc=0x0000015c4e07b0ec sp=0x00000049d5ffc790
Event: 23.638 Thread 0x0000015c3ddf3650 DEOPT UNPACKING pc=0x0000015c4d8146a2 sp=0x00000049d5ffc728 mode 2

Classes loaded (20 events):
Event: 23.419 Loading class java/nio/file/attribute/PosixFilePermissions done
Event: 23.419 Loading class java/nio/file/attribute/PosixFilePermission
Event: 23.419 Loading class java/nio/file/attribute/PosixFilePermission done
Event: 23.421 Loading class sun/nio/fs/WindowsAclFileAttributeView
Event: 23.423 Loading class sun/nio/fs/AbstractAclFileAttributeView
Event: 23.461 Loading class java/nio/file/attribute/AclFileAttributeView
Event: 23.505 Loading class java/nio/file/attribute/FileOwnerAttributeView
Event: 23.505 Loading class java/nio/file/attribute/FileOwnerAttributeView done
Event: 23.505 Loading class java/nio/file/attribute/AclFileAttributeView done
Event: 23.505 Loading class sun/nio/fs/AbstractAclFileAttributeView done
Event: 23.505 Loading class sun/nio/fs/WindowsAclFileAttributeView done
Event: 23.505 Loading class sun/nio/fs/WindowsSecurity
Event: 23.525 Loading class sun/nio/fs/WindowsSecurity done
Event: 23.532 Loading class java/nio/file/attribute/PosixFileAttributeView
Event: 23.532 Loading class java/nio/file/attribute/PosixFileAttributeView done
Event: 23.699 Loading class java/nio/file/ClosedDirectoryStreamException
Event: 23.699 Loading class java/nio/file/ClosedDirectoryStreamException done
Event: 23.699 Loading class java/nio/file/DirectoryIteratorException
Event: 23.699 Loading class java/nio/file/DirectoryIteratorException done
Event: 23.718 Loading class java/util/TreeMap$KeySpliterator

Classes unloaded (0 events):
No events

Classes redefined (0 events):
No events

Internal exceptions (20 events):
Event: 9.903 Thread 0x0000015c3ddf3650 Implicit null exception at 0x0000015c4df5edf3 to 0x0000015c4df5f5cc
Event: 9.931 Thread 0x0000015c3ddf3650 Exception <a 'java/lang/NoSuchMethodError'{0x0000000750908a30}: 'int java.lang.invoke.DirectMethodHandle$Holder.invokeVirtual(java.lang.Object, java.lang.Object)'> (0x0000000750908a30) 
thrown [s\open\src\hotspot\share\interpreter\linkResolver.cpp, line 773]
Event: 10.008 Thread 0x0000015c3ddf3650 Exception <a 'java/lang/NoSuchMethodError'{0x0000000750630c38}: 'void java.lang.invoke.Invokers$Holder.invokeExact_MT(java.lang.Object, java.lang.Object, int, java.lang.Object)'> (0x0000000750630c38) 
thrown [s\open\src\hotspot\share\interpreter\linkResolver.cpp, line 773]
Event: 10.226 Thread 0x0000015c3ddf3650 Exception <a 'sun/nio/fs/WindowsException'{0x0000000750258c78}> (0x0000000750258c78) 
thrown [s\open\src\hotspot\share\prims\jni.cpp, line 520]
Event: 10.226 Thread 0x0000015c3ddf3650 Exception <a 'sun/nio/fs/WindowsException'{0x0000000750259018}> (0x0000000750259018) 
thrown [s\open\src\hotspot\share\prims\jni.cpp, line 520]
Event: 10.238 Thread 0x0000015c3ddf3650 Exception <a 'sun/nio/fs/WindowsException'{0x000000075027c550}> (0x000000075027c550) 
thrown [s\open\src\hotspot\share\prims\jni.cpp, line 520]
Event: 10.238 Thread 0x0000015c3ddf3650 Exception <a 'sun/nio/fs/WindowsException'{0x000000075027c8e0}> (0x000000075027c8e0) 
thrown [s\open\src\hotspot\share\prims\jni.cpp, line 520]
Event: 10.244 Thread 0x0000015c3ddf3650 Exception <a 'sun/nio/fs/WindowsException'{0x000000075029eba8}> (0x000000075029eba8) 
thrown [s\open\src\hotspot\share\prims\jni.cpp, line 520]
Event: 10.244 Thread 0x0000015c3ddf3650 Exception <a 'sun/nio/fs/WindowsException'{0x000000075029eed0}> (0x000000075029eed0) 
thrown [s\open\src\hotspot\share\prims\jni.cpp, line 520]
Event: 10.249 Thread 0x0000015c3ddf3650 Exception <a 'sun/nio/fs/WindowsException'{0x00000007502e9958}> (0x00000007502e9958) 
thrown [s\open\src\hotspot\share\prims\jni.cpp, line 520]
Event: 10.249 Thread 0x0000015c3ddf3650 Exception <a 'sun/nio/fs/WindowsException'{0x00000007502e9c38}> (0x00000007502e9c38) 
thrown [s\open\src\hotspot\share\prims\jni.cpp, line 520]
Event: 10.380 Thread 0x0000015c3ddf3650 Exception <a 'sun/nio/fs/WindowsException'{0x000000074ff10208}> (0x000000074ff10208) 
thrown [s\open\src\hotspot\share\prims\jni.cpp, line 520]
Event: 10.380 Thread 0x0000015c3ddf3650 Exception <a 'sun/nio/fs/WindowsException'{0x000000074ff105a8}> (0x000000074ff105a8) 
thrown [s\open\src\hotspot\share\prims\jni.cpp, line 520]
Event: 10.389 Thread 0x0000015c3ddf3650 Exception <a 'sun/nio/fs/WindowsException'{0x000000074ff22e30}> (0x000000074ff22e30) 
thrown [s\open\src\hotspot\share\prims\jni.cpp, line 520]
Event: 10.389 Thread 0x0000015c3ddf3650 Exception <a 'sun/nio/fs/WindowsException'{0x000000074ff23130}> (0x000000074ff23130) 
thrown [s\open\src\hotspot\share\prims\jni.cpp, line 520]
Event: 11.002 Thread 0x0000015c3ddf3650 Exception <a 'java/lang/IncompatibleClassChangeError'{0x000000074f90c478}: Found class java.lang.Object, but interface was expected> (0x000000074f90c478) 
thrown [s\open\src\hotspot\share\interpreter\linkResolver.cpp, line 840]
Event: 11.004 Thread 0x0000015c3ddf3650 Exception <a 'java/lang/NoSuchMethodError'{0x000000074f912288}: 'void java.lang.invoke.DirectMethodHandle$Holder.invokeInterface(java.lang.Object, java.lang.Object, java.lang.Object)'> (0x000000074f912288) 
thrown [s\open\src\hotspot\share\interpreter\linkResolver.cpp, line 773]
Event: 22.092 Thread 0x0000015c3ddf3650 Exception <a 'java/lang/NoSuchMethodError'{0x000000074f6c6fc0}: 'int java.lang.invoke.DirectMethodHandle$Holder.invokeInterface(java.lang.Object, java.lang.Object)'> (0x000000074f6c6fc0) 
thrown [s\open\src\hotspot\share\interpreter\linkResolver.cpp, line 773]
Event: 23.351 Thread 0x0000015c3ddf3650 Exception <a 'java/lang/NoSuchMethodError'{0x000000074e97bdc8}: 'int java.lang.invoke.DirectMethodHandle$Holder.invokeVirtual(java.lang.Object, java.lang.Object, java.lang.Object)'> (0x000000074e97bdc8) 
thrown [s\open\src\hotspot\share\interpreter\linkResolver.cpp, line 773]
Event: 23.355 Thread 0x0000015c3ddf3650 Exception <a 'java/lang/NoSuchMethodError'{0x000000074e988b40}: 'int java.lang.invoke.DirectMethodHandle$Holder.invokeStaticInit(java.lang.Object, java.lang.Object, java.lang.Object)'> (0x000000074e988b40) 
thrown [s\open\src\hotspot\share\interpreter\linkResolver.cpp, line 773]

ZGC Phase Switch (0 events):
No events

VM Operations (20 events):
Event: 21.537 Executing VM operation: HandshakeAllThreads (Deoptimize)
Event: 21.537 Executing VM operation: HandshakeAllThreads (Deoptimize) done
Event: 21.537 Executing VM operation: Cleanup
Event: 21.537 Executing VM operation: Cleanup done
Event: 22.080 Executing VM operation: HandshakeAllThreads (Deoptimize)
Event: 22.081 Executing VM operation: HandshakeAllThreads (Deoptimize) done
Event: 22.192 Executing VM operation: HandshakeAllThreads (Deoptimize)
Event: 22.192 Executing VM operation: HandshakeAllThreads (Deoptimize) done
Event: 23.192 Executing VM operation: Cleanup
Event: 23.192 Executing VM operation: Cleanup done
Event: 23.365 Executing VM operation: HandshakeAllThreads (Deoptimize)
Event: 23.377 Executing VM operation: HandshakeAllThreads (Deoptimize) done
Event: 23.396 Executing VM operation: HandshakeAllThreads (Deoptimize)
Event: 23.396 Executing VM operation: HandshakeAllThreads (Deoptimize) done
Event: 23.530 Executing VM operation: HandshakeAllThreads (Deoptimize)
Event: 23.530 Executing VM operation: HandshakeAllThreads (Deoptimize) done
Event: 23.532 Executing VM operation: HandshakeAllThreads (Deoptimize)
Event: 23.532 Executing VM operation: HandshakeAllThreads (Deoptimize) done
Event: 23.671 Executing VM operation: G1CollectForAllocation (G1 Evacuation Pause)
Event: 23.695 Executing VM operation: G1CollectForAllocation (G1 Evacuation Pause) done

Events (20 events):
Event: 1.094 Thread 0x0000015ca11888f0 Thread added: 0x0000015ca11888f0
Event: 1.630 Thread 0x0000015ca11888f0 Thread exited: 0x0000015ca11888f0
Event: 1.978 Thread 0x0000015ca160c2f0 Thread added: 0x0000015ca160c2f0
Event: 1.996 Thread 0x0000015ca1334d00 Thread added: 0x0000015ca1334d00
Event: 2.732 Thread 0x0000015ca1334d00 Thread exited: 0x0000015ca1334d00
Event: 3.875 Thread 0x0000015ca160c2f0 Thread exited: 0x0000015ca160c2f0
Event: 4.358 Thread 0x0000015ca21ff730 Thread added: 0x0000015ca21ff730
Event: 4.514 Thread 0x0000015ca1f00a60 Thread added: 0x0000015ca1f00a60
Event: 4.775 Thread 0x0000015ca272a810 Thread added: 0x0000015ca272a810
Event: 5.293 Thread 0x0000015ca272a810 Thread exited: 0x0000015ca272a810
Event: 5.421 Thread 0x0000015ca1f00a60 Thread exited: 0x0000015ca1f00a60
Event: 6.380 Thread 0x0000015ca1760980 Thread added: 0x0000015ca1760980
Event: 6.653 Thread 0x0000015c5b9869e0 Thread added: 0x0000015c5b9869e0
Event: 9.474 Thread 0x0000015c5b9869e0 Thread exited: 0x0000015c5b9869e0
Event: 9.562 Thread 0x0000015ca1760980 Thread exited: 0x0000015ca1760980
Event: 9.898 Thread 0x0000015ca228cda0 Thread added: 0x0000015ca228cda0
Event: 10.781 Thread 0x0000015ca228cda0 Thread exited: 0x0000015ca228cda0
Event: 23.209 Thread 0x0000015ca1b79fc0 Thread added: 0x0000015ca1b79fc0
Event: 23.530 Thread 0x0000015ca1b79fc0 Thread exited: 0x0000015ca1b79fc0
Event: 23.615 Thread 0x0000015ca1b79fc0 Thread added: 0x0000015ca1b79fc0


Dynamic libraries:
0x00007ff703c60000 - 0x00007ff703c70000 	C:\Program Files\Java\jdk-21\bin\java.exe
0x00007ff9f5930000 - 0x00007ff9f5b28000 	C:\WINDOWS\SYSTEM32\ntdll.dll
0x00007ff9f5400000 - 0x00007ff9f54c2000 	C:\WINDOWS\System32\KERNEL32.DLL
0x00007ff9f3130000 - 0x00007ff9f3426000 	C:\WINDOWS\System32\KERNELBASE.dll
0x00007ff9f3820000 - 0x00007ff9f3920000 	C:\WINDOWS\System32\ucrtbase.dll
0x00007ff9e2300000 - 0x00007ff9e2319000 	C:\Program Files\Java\jdk-21\bin\jli.dll
0x00007ff9f3da0000 - 0x00007ff9f3e51000 	C:\WINDOWS\System32\ADVAPI32.dll
0x00007ff9f5820000 - 0x00007ff9f58be000 	C:\WINDOWS\System32\msvcrt.dll
0x00007ff9f4800000 - 0x00007ff9f489f000 	C:\WINDOWS\System32\sechost.dll
0x00007ff9f3c10000 - 0x00007ff9f3d30000 	C:\WINDOWS\System32\RPCRT4.dll
0x00007ff9f3560000 - 0x00007ff9f3587000 	C:\WINDOWS\System32\bcrypt.dll
0x00007ff9f3f40000 - 0x00007ff9f40e1000 	C:\WINDOWS\System32\USER32.dll
0x00007ff9f3100000 - 0x00007ff9f3122000 	C:\WINDOWS\System32\win32u.dll
0x00007ff9f47c0000 - 0x00007ff9f47eb000 	C:\WINDOWS\System32\GDI32.dll
0x00007ff9e31d0000 - 0x00007ff9e31eb000 	C:\Program Files\Java\jdk-21\bin\VCRUNTIME140.dll
0x00007ff9f2f90000 - 0x00007ff9f30a9000 	C:\WINDOWS\System32\gdi32full.dll
0x00007ff9f3590000 - 0x00007ff9f362d000 	C:\WINDOWS\System32\msvcp_win.dll
0x00007ff9e4da0000 - 0x00007ff9e503b000 	C:\WINDOWS\WinSxS\amd64_microsoft.windows.common-controls_6595b64144ccf1df_6.0.19041.6456_none_60b8a6cb71f64256\COMCTL32.dll
0x00007ff9ecd10000 - 0x00007ff9ecd1a000 	C:\WINDOWS\SYSTEM32\VERSION.dll
0x00007ff9f3f10000 - 0x00007ff9f3f3f000 	C:\WINDOWS\System32\IMM32.DLL
0x00007ff9ed3a0000 - 0x00007ff9ed3ac000 	C:\Program Files\Java\jdk-21\bin\vcruntime140_1.dll
0x00007ff9c7130000 - 0x00007ff9c71be000 	C:\Program Files\Java\jdk-21\bin\msvcp140.dll
0x00007ff98ebe0000 - 0x00007ff98f8fa000 	C:\Program Files\Java\jdk-21\bin\server\jvm.dll
0x00007ff9f4210000 - 0x00007ff9f427b000 	C:\WINDOWS\System32\WS2_32.dll
0x00007ff9f2df0000 - 0x00007ff9f2e3b000 	C:\WINDOWS\SYSTEM32\POWRPROF.dll
0x00007ff9e0140000 - 0x00007ff9e0167000 	C:\WINDOWS\SYSTEM32\WINMM.dll
0x00007ff9f2dd0000 - 0x00007ff9f2de2000 	C:\WINDOWS\SYSTEM32\UMPDC.dll
0x00007ff9f0dc0000 - 0x00007ff9f0dd2000 	C:\WINDOWS\SYSTEM32\kernel.appcore.dll
0x00007ff9ed370000 - 0x00007ff9ed37a000 	C:\Program Files\Java\jdk-21\bin\jimage.dll
0x00007ff9df840000 - 0x00007ff9dfa41000 	C:\WINDOWS\SYSTEM32\DBGHELP.DLL
0x00007ff9dd350000 - 0x00007ff9dd384000 	C:\WINDOWS\SYSTEM32\dbgcore.DLL
0x00007ff9f3630000 - 0x00007ff9f36b2000 	C:\WINDOWS\System32\bcryptPrimitives.dll
0x00007ff9e0be0000 - 0x00007ff9e0bff000 	C:\Program Files\Java\jdk-21\bin\java.dll
0x00007ff9f4930000 - 0x00007ff9f50a0000 	C:\WINDOWS\System32\SHELL32.dll
0x00007ff9f0fc0000 - 0x00007ff9f1765000 	C:\WINDOWS\SYSTEM32\windows.storage.dll
0x00007ff9f50a0000 - 0x00007ff9f53f4000 	C:\WINDOWS\System32\combase.dll
0x00007ff9f28e0000 - 0x00007ff9f290b000 	C:\WINDOWS\SYSTEM32\Wldp.dll
0x00007ff9f46f0000 - 0x00007ff9f47bd000 	C:\WINDOWS\System32\OLEAUT32.dll
0x00007ff9f3920000 - 0x00007ff9f39cd000 	C:\WINDOWS\System32\SHCORE.dll
0x00007ff9f57c0000 - 0x00007ff9f581b000 	C:\WINDOWS\System32\shlwapi.dll
0x00007ff9f2ec0000 - 0x00007ff9f2ee4000 	C:\WINDOWS\SYSTEM32\profapi.dll
0x00007ff9ab440000 - 0x00007ff9ab517000 	C:\Program Files\Java\jdk-21\bin\jsvml.dll
0x00007ff9ebd20000 - 0x00007ff9ebd30000 	C:\Program Files\Java\jdk-21\bin\net.dll
0x00007ff9ec950000 - 0x00007ff9eca5a000 	C:\WINDOWS\SYSTEM32\WINHTTP.dll
0x00007ff9f25f0000 - 0x00007ff9f265a000 	C:\WINDOWS\system32\mswsock.dll
0x00007ff9dbf20000 - 0x00007ff9dbf36000 	C:\Program Files\Java\jdk-21\bin\nio.dll
0x00007ff9d8a60000 - 0x00007ff9d8a78000 	C:\Program Files\Java\jdk-21\bin\zip.dll
0x00007ff9d0da0000 - 0x00007ff9d0dc4000 	C:\Users\2oleg\Downloads\apache-maven-3.9.11-bin\apache-maven-3.9.11\lib\jansi-native\Windows\x86_64\jansi.dll
0x00007ff9e8580000 - 0x00007ff9e8590000 	C:\Program Files\Java\jdk-21\bin\verify.dll

dbghelp: loaded successfully - version: 4.0.5 - missing functions: none
symbol engine: initialized successfully - sym options: 0x614 - pdb path: .;C:\Program Files\Java\jdk-21\bin;C:\WINDOWS\SYSTEM32;C:\WINDOWS\WinSxS\amd64_microsoft.windows.common-controls_6595b64144ccf1df_6.0.19041.6456_none_60b8a6cb71f64256;C:\Program Files\Java\jdk-21\bin\server;C:\Users\2oleg\Downloads\apache-maven-3.9.11-bin\apache-maven-3.9.11\lib\jansi-native\Windows\x86_64

VM Arguments:
jvm_args: --enable-native-access=ALL-UNNAMED -Dclassworlds.conf=C:\Users\2oleg\Downloads\apache-maven-3.9.11-bin\apache-maven-3.9.11\bin\m2.conf -Dmaven.home=C:\Users\2oleg\Downloads\apache-maven-3.9.11-bin\apache-maven-3.9.11 -Dlibrary.jansi.path=C:\Users\2oleg\Downloads\apache-maven-3.9.11-bin\apache-maven-3.9.11\lib\jansi-native -Dmaven.multiModuleProjectDirectory=C:\Users\2oleg\Downloads\Telegram Desktop\Kefir\Backend\TransactionSaga 
java_command: org.codehaus.plexus.classworlds.launcher.Launcher spring-boot:run -Dserver.port=8090 -DskipTests
java_class_path (initial): C:\Users\2oleg\Downloads\apache-maven-3.9.11-bin\apache-maven-3.9.11\boot\plexus-classworlds-2.9.0.jar
Launcher Type: SUN_STANDARD

[Global flags]
     intx CICompilerCount                          = 4                                         {product} {ergonomic}
     uint ConcGCThreads                            = 2                                         {product} {ergonomic}
     uint G1ConcRefinementThreads                  = 8                                         {product} {ergonomic}
   size_t G1HeapRegionSize                         = 2097152                                   {product} {ergonomic}
    uintx GCDrainStackTargetSize                   = 64                                        {product} {ergonomic}
   size_t InitialHeapSize                          = 192937984                                 {product} {ergonomic}
   size_t MarkStackSize                            = 4194304                                   {product} {ergonomic}
   size_t MaxHeapSize                              = 3074424832                                {product} {ergonomic}
   size_t MaxNewSize                               = 1843396608                                {product} {ergonomic}
   size_t MinHeapDeltaBytes                        = 2097152                                   {product} {ergonomic}
   size_t MinHeapSize                              = 8388608                                   {product} {ergonomic}
    uintx NonNMethodCodeHeapSize                   = 5839372                                {pd product} {ergonomic}
    uintx NonProfiledCodeHeapSize                  = 122909434                              {pd product} {ergonomic}
    uintx ProfiledCodeHeapSize                     = 122909434                              {pd product} {ergonomic}
    uintx ReservedCodeCacheSize                    = 251658240                              {pd product} {ergonomic}
     bool SegmentedCodeCache                       = true                                      {product} {ergonomic}
   size_t SoftMaxHeapSize                          = 3074424832                             {manageable} {ergonomic}
     bool UseCompressedOops                        = true                           {product lp64_product} {ergonomic}
     bool UseG1GC                                  = true                                      {product} {ergonomic}
     bool UseLargePagesIndividualAllocation        = false                                  {pd product} {ergonomic}

Logging:
Log output configuration:
 #0: stdout all=warning uptime,level,tags foldmultilines=false
 #1: stderr all=off uptime,level,tags foldmultilines=false

Environment Variables:
JAVA_HOME=C:\Program Files\Java\jdk-21
PATH=C:\Program Files\Common Files\Oracle\Java\javapath;C:\Program Files (x86)\Cuminas\Document Express DjVu Plug-in\;C:\Program Files (x86)\Razer Chroma SDK\bin;C:\Program Files\Razer Chroma SDK\bin;C:\WINDOWS\system32;C:\WINDOWS;C:\WINDOWS\System32\Wbem;C:\WINDOWS\System32\WindowsPowerShell\v1.0\;C:\WINDOWS\System32\OpenSSH\;C:\Program Files (x86)\NVIDIA Corporation\PhysX\Common;C:\WINDOWS\system32\config\systemprofile\AppData\Local\Microsoft\WindowsApps;C:\Program Files (x86)\Razer\ChromaBroadcast\bin;C:\Program Files\Razer\ChromaBroadcast\bin;C:\Users\2oleg\AppData\Local\Microsoft\WindowsApps;C:\Program Files\JetBrains\IntelliJ IDEA Community Edition 2024.3\bin;C:\Users\2oleg\AppData\Local\Programs\Microsoft VS Code\bin;C:\Program Files\Docker\Docker\resources\bin;C:\Users\2oleg\Downloads\curl-8.16.0_6-win64-mingw.zip\curl-8.16.0_6-win64-mingw\bin;C:\Users\2oleg\Downloads\curl-8.16.0_6-win64-mingw\curl-8.16.0_6-win64-mingw\bin;C:\Users\2oleg\Downloads\apache-maven-3.9.11-bin\apache-maven-3.9.11\bin;C:\ProgramData\chocolatey\bin;C:\Users\2oleg\AppData\Roaming\Cloud Foundry;C:\Program Files\Git\cmd;C:\Program Files\nodejs\;C:\Users\2oleg\AppData\Local\Muse Hub\lib;C:\Users\2oleg\AppData\Local\Microsoft\WindowsApps;C:\Program Files\JetBrains\IntelliJ IDEA Community Edition 2025.2.4\bin;C:\Users\2oleg\AppData\Local\Programs\Microsoft VS Code\bin;C:\Program Files\jq.exe;C:\Users\2oleg\AppData\Local\Microsoft\WinGet\Packages\jqlang.jq_Microsoft.Winget.Source_8wekyb3d8bbwe;C:\Program Files\Java\jdk-24;C:\Users\2oleg\Downloads\gradle-9.0.0-bin\gradle-9.0.0\bin;C:\Program Files\Docker\Docker\resources\bin;C:\Users\2oleg\AppData\Local\GitHubDesktop\bin;C:\Users\2oleg\AppData\Roaming\npm
USERNAME=2oleg
OS=Windows_NT
PROCESSOR_IDENTIFIER=Intel64 Family 6 Model 60 Stepping 3, GenuineIntel
TMP=C:\Users\2oleg\AppData\Local\Temp
TEMP=C:\Users\2oleg\AppData\Local\Temp




Periodic native trim disabled

---------------  S Y S T E M  ---------------

OS:
 Windows 10 , 64 bit Build 19041 (10.0.19041.5915)
OS uptime: 10 days 12:17 hours
Hyper-V role detected

CPU: total 8 (initial active 8) (4 cores per cpu, 2 threads per core) family 6 model 60 stepping 3 microcode 0x27, cx8, cmov, fxsr, ht, mmx, sse, sse2, sse3, ssse3, sse4.1, sse4.2, popcnt, lzcnt, tsc, tscinvbit, avx, avx2, aes, erms, clmul, bmi1, bmi2, fma, vzeroupper, clflush, hv, rdtscp, f16c
Processor Information for all 8 processors :
  Max Mhz: 2401, Current Mhz: 2401, Mhz Limit: 2401

Memory: 4k page, system-wide physical 11723M (397M free)
TotalPageFile size 23723M (AvailPageFile size 24M)
current process WorkingSet (physical memory assigned to process): 268M, peak: 268M
current process commit charge ("private bytes"): 324M, peak: 331M

vm_info: Java HotSpot(TM) 64-Bit Server VM (21.0.7+8-LTS-245) for windows-amd64 JRE (21.0.7+8-LTS-245), built on 2025-02-21T05:11:27Z by "mach5one" with MS VC++ 17.6 (VS2022)

END.
