#
# There is insufficient memory for the Java Runtime Environment to continue.
# Native memory allocation (malloc) failed to allocate 65552 bytes for Chunk::new
# Possible reasons:
#   The system is out of physical RAM or swap space
#   The process is running with CompressedOops enabled, and the Java Heap may be blocking the growth of the native heap
# Possible solutions:
#   Reduce memory load on the system
#   Increase physical memory or swap space
#   Check if swap backing store is full
#   Decrease Java heap size (-Xmx/-Xms)
#   Decrease number of Java threads
#   Decrease Java thread stack sizes (-Xss)
#   Set larger code cache with -XX:ReservedCodeCacheSize=
#   JVM is running with Zero Based Compressed Oops mode in which the Java heap is
#     placed in the first 32GB address space. The Java Heap base address is the
#     maximum limit for the native heap growth. Please use -XX:HeapBaseMinAddress
#     to set the Java Heap base and to place the Java Heap above 32GB virtual address.
# This output file may be truncated or incomplete.
#
#  Out of Memory Error (arena.cpp:168), pid=16892, tid=26492
#
# JRE version: Java(TM) SE Runtime Environment (21.0.7+8) (build 21.0.7+8-LTS-245)
# Java VM: Java HotSpot(TM) 64-Bit Server VM (21.0.7+8-LTS-245, mixed mode, sharing, tiered, compressed oops, compressed class ptrs, g1 gc, windows-amd64)
# No core dump will be written. Minidumps are not enabled by default on client versions of Windows
#

---------------  S U M M A R Y ------------

Command Line: --enable-native-access=ALL-UNNAMED -Dclassworlds.conf=C:\Users\2oleg\Downloads\apache-maven-3.9.11-bin\apache-maven-3.9.11\bin\m2.conf -Dmaven.home=C:\Users\2oleg\Downloads\apache-maven-3.9.11-bin\apache-maven-3.9.11 -Dlibrary.jansi.path=C:\Users\2oleg\Downloads\apache-maven-3.9.11-bin\apache-maven-3.9.11\lib\jansi-native -Dmaven.multiModuleProjectDirectory=C:\Users\2oleg\Downloads\Telegram Desktop\Kefir\Backend\TransactionSaga org.codehaus.plexus.classworlds.launcher.Launcher spring-boot:run -Dserver.port=8090 -DskipTests

Host: Intel(R) Core(TM) i7-4700HQ CPU @ 2.40GHz, 8 cores, 11G,  Windows 10 , 64 bit Build 19041 (10.0.19041.5915)
Time: Sat Dec 13 02:20:59 2025 RTZ 2 (s 10 , 64 bit Build 19041 (10.0.19041.5915) elapsed time: 25.300175 seconds (0d 0h 0m 25s)

---------------  T H R E A D  ---------------

Current thread (0x000001eed7945300):  JavaThread "C2 CompilerThread0" daemon [_thread_in_native, id=26492, stack(0x000000cb17c00000,0x000000cb17d00000) (1024K)]


Current CompileTask:
C2:  25300 5733       4       com.sun.tools.javac.parser.JavaTokenizer::scanIdent (639 bytes)

Stack: [0x000000cb17c00000,0x000000cb17d00000]
Native frames: (J=compiled Java code, j=interpreted, Vv=VM code, C=native code)
V  [jvm.dll+0x6cae19]
V  [jvm.dll+0x855741]
V  [jvm.dll+0x857c6e]
V  [jvm.dll+0x858343]
V  [jvm.dll+0x27e0b6]
V  [jvm.dll+0xc4ecd]
V  [jvm.dll+0xc5403]
V  [jvm.dll+0xbc79d]
V  [jvm.dll+0x5f9db5]
V  [jvm.dll+0x5fbfb5]
V  [jvm.dll+0x606744]
V  [jvm.dll+0x60e28a]
V  [jvm.dll+0x60c418]
V  [jvm.dll+0x60c06a]
V  [jvm.dll+0x5f6193]
V  [jvm.dll+0x24fbc2]
V  [jvm.dll+0x24852f]
V  [jvm.dll+0x246004]
V  [jvm.dll+0x1c6efe]
V  [jvm.dll+0x255819]
V  [jvm.dll+0x253daa]
V  [jvm.dll+0x3eebb6]
V  [jvm.dll+0x7ffa1b]
V  [jvm.dll+0x6c94fd]
C  [ucrtbase.dll+0x21bb2]
C  [KERNEL32.DLL+0x17374]
C  [ntdll.dll+0x4cc91]


---------------  P R O C E S S  ---------------

Threads class SMR info:
_java_thread_list=0x000001ef1e3387f0, length=13, elements={
0x000001eeb7c4e7f0, 0x000001eed793c6c0, 0x000001eed793d310, 0x000001eed793fe70,
0x000001eed79408c0, 0x000001eed7941310, 0x000001eed7941d60, 0x000001eed7945300,
0x000001eed7946530, 0x000001eed7b95370, 0x000001eed7b9dff0, 0x000001ef1dbab9f0,
0x000001ef1e2b85c0
}

Java Threads: ( => current thread )
  0x000001eeb7c4e7f0 JavaThread "main"                              [_thread_blocked, id=20304, stack(0x000000cb16e00000,0x000000cb16f00000) (1024K)]
  0x000001eed793c6c0 JavaThread "Reference Handler"          daemon [_thread_blocked, id=28544, stack(0x000000cb17600000,0x000000cb17700000) (1024K)]
  0x000001eed793d310 JavaThread "Finalizer"                  daemon [_thread_blocked, id=15016, stack(0x000000cb17700000,0x000000cb17800000) (1024K)]
  0x000001eed793fe70 JavaThread "Signal Dispatcher"          daemon [_thread_blocked, id=3540, stack(0x000000cb17800000,0x000000cb17900000) (1024K)]
  0x000001eed79408c0 JavaThread "Attach Listener"            daemon [_thread_blocked, id=9724, stack(0x000000cb17900000,0x000000cb17a00000) (1024K)]
  0x000001eed7941310 JavaThread "Service Thread"             daemon [_thread_blocked, id=30652, stack(0x000000cb17a00000,0x000000cb17b00000) (1024K)]
  0x000001eed7941d60 JavaThread "Monitor Deflation Thread"   daemon [_thread_blocked, id=6456, stack(0x000000cb17b00000,0x000000cb17c00000) (1024K)]
=>0x000001eed7945300 JavaThread "C2 CompilerThread0"         daemon [_thread_in_native, id=26492, stack(0x000000cb17c00000,0x000000cb17d00000) (1024K)]
  0x000001eed7946530 JavaThread "C1 CompilerThread0"         daemon [_thread_in_native, id=12300, stack(0x000000cb17d00000,0x000000cb17e00000) (1024K)]
  0x000001eed7b95370 JavaThread "Notification Thread"        daemon [_thread_blocked, id=11588, stack(0x000000cb17e00000,0x000000cb17f00000) (1024K)]
  0x000001eed7b9dff0 JavaThread "Common-Cleaner"             daemon [_thread_blocked, id=27456, stack(0x000000cb17f00000,0x000000cb18000000) (1024K)]
  0x000001ef1dbab9f0 JavaThread "Thread-1"                   daemon [_thread_blocked, id=20356, stack(0x000000cb18000000,0x000000cb18100000) (1024K)]
  0x000001ef1e2b85c0 JavaThread "C2 CompilerThread1"         daemon [_thread_in_native, id=8512, stack(0x000000cb18900000,0x000000cb18a00000) (1024K)]
Total: 13

Other Threads:
  0x000001eed791f530 VMThread "VM Thread"                           [id=28820, stack(0x000000cb17500000,0x000000cb17600000) (1024K)]
  0x000001eed790bf70 WatcherThread "VM Periodic Task Thread"        [id=19088, stack(0x000000cb17400000,0x000000cb17500000) (1024K)]
  0x000001eeb9e5fa70 WorkerThread "GC Thread#0"                     [id=32076, stack(0x000000cb16f00000,0x000000cb17000000) (1024K)]
  0x000001ef1d8b9e20 WorkerThread "GC Thread#1"                     [id=28268, stack(0x000000cb18100000,0x000000cb18200000) (1024K)]
  0x000001ef1d8ba1c0 WorkerThread "GC Thread#2"                     [id=13616, stack(0x000000cb18200000,0x000000cb18300000) (1024K)]
  0x000001ef1d8ba560 WorkerThread "GC Thread#3"                     [id=16856, stack(0x000000cb18300000,0x000000cb18400000) (1024K)]
  0x000001ef1d9f78b0 WorkerThread "GC Thread#4"                     [id=30632, stack(0x000000cb18400000,0x000000cb18500000) (1024K)]
  0x000001ef1d546010 WorkerThread "GC Thread#5"                     [id=18976, stack(0x000000cb18500000,0x000000cb18600000) (1024K)]
  0x000001ef1d5463b0 WorkerThread "GC Thread#6"                     [id=13424, stack(0x000000cb18600000,0x000000cb18700000) (1024K)]
  0x000001ef1dbb4590 WorkerThread "GC Thread#7"                     [id=32128, stack(0x000000cb18700000,0x000000cb18800000) (1024K)]
  0x000001eeb9e6c190 ConcurrentGCThread "G1 Main Marker"            [id=23916, stack(0x000000cb17000000,0x000000cb17100000) (1024K)]
  0x000001eeb9e6ce40 WorkerThread "G1 Conc#0"                       [id=27880, stack(0x000000cb17100000,0x000000cb17200000) (1024K)]
  0x000001ef1e88aab0 WorkerThread "G1 Conc#1"                       [id=2084, stack(0x000000cb18800000,0x000000cb18900000) (1024K)]
  0x000001eeb9ede140 ConcurrentGCThread "G1 Refine#0"               [id=11716, stack(0x000000cb17200000,0x000000cb17300000) (1024K)]
  0x000001eed77e10a0 ConcurrentGCThread "G1 Service"                [id=18072, stack(0x000000cb17300000,0x000000cb17400000) (1024K)]
Total: 15

Threads with active compile tasks:
C2 CompilerThread0    25443 5733       4       com.sun.tools.javac.parser.JavaTokenizer::scanIdent (639 bytes)
C2 CompilerThread1    25444 5739   !   4       com.sun.tools.javac.parser.JavaTokenizer::readToken (1823 bytes)
Total: 2

VM state: not at safepoint (normal execution)

VM Mutex/Monitor currently owned by a thread: None

Heap address: 0x0000000748c00000, size: 2932 MB, Compressed Oops mode: Zero based, Oop shift amount: 3

CDS archive(s) mapped at: [0x000001eed8000000-0x000001eed8c90000-0x000001eed8c90000), size 13172736, SharedBaseAddress: 0x000001eed8000000, ArchiveRelocationMode: 1.
Compressed class space mapped at: 0x000001eed9000000-0x000001ef19000000, reserved size: 1073741824
Narrow klass base: 0x000001eed8000000, Narrow klass shift: 0, Narrow klass range: 0x100000000

GC Precious Log:
 CardTable entry size: 512
 Card Set container configuration: InlinePtr #cards 4 size 8 Array Of Cards #cards 16 size 48 Howl #buckets 8 coarsen threshold 3686 Howl Bitmap #cards 512 size 80 coarsen threshold 460 Card regions per heap region 1 cards per card region 4096
 CPUs: 8 total, 8 available
 Memory: 11723M
 Large Page Support: Disabled
 NUMA Support: Disabled
 Compressed Oops: Enabled (Zero based)
 Heap Region Size: 2M
 Heap Min Capacity: 8M
 Heap Initial Capacity: 184M
 Heap Max Capacity: 2932M
 Pre-touch: Disabled
 Parallel Workers: 8
 Concurrent Workers: 2
 Concurrent Refinement Workers: 8
 Periodic GC: Disabled

Heap:
 garbage-first heap   total 110592K, used 34094K [0x0000000748c00000, 0x0000000800000000)
  region size 2048K, 9 young (18432K), 5 survivors (10240K)
 Metaspace       used 26169K, committed 26560K, reserved 1114112K
  class space    used 2911K, committed 3136K, reserved 1048576K

Heap Regions: E=young(eden), S=young(survivor), O=old, HS=humongous(starts), HC=humongous(continues), CS=collection set, F=free, TAMS=top-at-mark-start, PB=parsable bottom
|   0|0x0000000748c00000, 0x0000000748e00000, 0x0000000748e00000|100%| O|  |TAMS 0x0000000748c00000| PB 0x0000000748c00000| Untracked 
|   1|0x0000000748e00000, 0x0000000749000000, 0x0000000749000000|100%| O|  |TAMS 0x0000000748e00000| PB 0x0000000748e00000| Untracked 
|   2|0x0000000749000000, 0x0000000749000000, 0x0000000749200000|  0%| F|  |TAMS 0x0000000749000000| PB 0x0000000749000000| Untracked 
|   3|0x0000000749200000, 0x0000000749200000, 0x0000000749400000|  0%| F|  |TAMS 0x0000000749200000| PB 0x0000000749200000| Untracked 
|   4|0x0000000749400000, 0x0000000749400000, 0x0000000749600000|  0%| F|  |TAMS 0x0000000749400000| PB 0x0000000749400000| Untracked 
|   5|0x0000000749600000, 0x0000000749600000, 0x0000000749800000|  0%| F|  |TAMS 0x0000000749600000| PB 0x0000000749600000| Untracked 
|   6|0x0000000749800000, 0x0000000749800000, 0x0000000749a00000|  0%| F|  |TAMS 0x0000000749800000| PB 0x0000000749800000| Untracked 
|   7|0x0000000749a00000, 0x0000000749a00000, 0x0000000749c00000|  0%| F|  |TAMS 0x0000000749a00000| PB 0x0000000749a00000| Untracked 
|   8|0x0000000749c00000, 0x0000000749c00000, 0x0000000749e00000|  0%| F|  |TAMS 0x0000000749c00000| PB 0x0000000749c00000| Untracked 
|   9|0x0000000749e00000, 0x0000000749e00000, 0x000000074a000000|  0%| F|  |TAMS 0x0000000749e00000| PB 0x0000000749e00000| Untracked 
|  10|0x000000074a000000, 0x000000074a000000, 0x000000074a200000|  0%| F|  |TAMS 0x000000074a000000| PB 0x000000074a000000| Untracked 
|  11|0x000000074a200000, 0x000000074a200000, 0x000000074a400000|  0%| F|  |TAMS 0x000000074a200000| PB 0x000000074a200000| Untracked 
|  12|0x000000074a400000, 0x000000074a400000, 0x000000074a600000|  0%| F|  |TAMS 0x000000074a400000| PB 0x000000074a400000| Untracked 
|  13|0x000000074a600000, 0x000000074a600000, 0x000000074a800000|  0%| F|  |TAMS 0x000000074a600000| PB 0x000000074a600000| Untracked 
|  14|0x000000074a800000, 0x000000074a800000, 0x000000074aa00000|  0%| F|  |TAMS 0x000000074a800000| PB 0x000000074a800000| Untracked 
|  15|0x000000074aa00000, 0x000000074aa00000, 0x000000074ac00000|  0%| F|  |TAMS 0x000000074aa00000| PB 0x000000074aa00000| Untracked 
|  16|0x000000074ac00000, 0x000000074ac00000, 0x000000074ae00000|  0%| F|  |TAMS 0x000000074ac00000| PB 0x000000074ac00000| Untracked 
|  17|0x000000074ae00000, 0x000000074ae00000, 0x000000074b000000|  0%| F|  |TAMS 0x000000074ae00000| PB 0x000000074ae00000| Untracked 
|  18|0x000000074b000000, 0x000000074b000000, 0x000000074b200000|  0%| F|  |TAMS 0x000000074b000000| PB 0x000000074b000000| Untracked 
|  19|0x000000074b200000, 0x000000074b200000, 0x000000074b400000|  0%| F|  |TAMS 0x000000074b200000| PB 0x000000074b200000| Untracked 
|  20|0x000000074b400000, 0x000000074b600000, 0x000000074b600000|100%|HS|  |TAMS 0x000000074b400000| PB 0x000000074b400000| Complete 
|  21|0x000000074b600000, 0x000000074b800000, 0x000000074b800000|100%|HC|  |TAMS 0x000000074b600000| PB 0x000000074b600000| Complete 
|  22|0x000000074b800000, 0x000000074ba00000, 0x000000074ba00000|100%| O|  |TAMS 0x000000074b800000| PB 0x000000074b800000| Untracked 
|  23|0x000000074ba00000, 0x000000074bc00000, 0x000000074bc00000|100%| O|  |TAMS 0x000000074ba00000| PB 0x000000074ba00000| Untracked 
|  24|0x000000074bc00000, 0x000000074be00000, 0x000000074be00000|100%| O|  |TAMS 0x000000074bc00000| PB 0x000000074bc00000| Untracked 
|  25|0x000000074be00000, 0x000000074c000000, 0x000000074c000000|100%| O|  |TAMS 0x000000074be00000| PB 0x000000074be00000| Untracked 
|  26|0x000000074c000000, 0x000000074c200000, 0x000000074c200000|100%| O|  |TAMS 0x000000074c000000| PB 0x000000074c000000| Untracked 
|  27|0x000000074c200000, 0x000000074c2a2000, 0x000000074c400000| 31%| O|Cm|TAMS 0x000000074c200000| PB 0x000000074c200000| Complete 
|  28|0x000000074c400000, 0x000000074c400000, 0x000000074c600000|  0%| F|  |TAMS 0x000000074c400000| PB 0x000000074c400000| Untracked 
|  29|0x000000074c600000, 0x000000074c600000, 0x000000074c800000|  0%| F|  |TAMS 0x000000074c600000| PB 0x000000074c600000| Untracked 
|  30|0x000000074c800000, 0x000000074c800000, 0x000000074ca00000|  0%| F|  |TAMS 0x000000074c800000| PB 0x000000074c800000| Untracked 
|  31|0x000000074ca00000, 0x000000074ca00000, 0x000000074cc00000|  0%| F|  |TAMS 0x000000074ca00000| PB 0x000000074ca00000| Untracked 
|  32|0x000000074cc00000, 0x000000074cc00000, 0x000000074ce00000|  0%| F|  |TAMS 0x000000074cc00000| PB 0x000000074cc00000| Untracked 
|  33|0x000000074ce00000, 0x000000074ce00000, 0x000000074d000000|  0%| F|  |TAMS 0x000000074ce00000| PB 0x000000074ce00000| Untracked 
|  34|0x000000074d000000, 0x000000074d000000, 0x000000074d200000|  0%| F|  |TAMS 0x000000074d000000| PB 0x000000074d000000| Untracked 
|  35|0x000000074d200000, 0x000000074d200000, 0x000000074d400000|  0%| F|  |TAMS 0x000000074d200000| PB 0x000000074d200000| Untracked 
|  36|0x000000074d400000, 0x000000074d400000, 0x000000074d600000|  0%| F|  |TAMS 0x000000074d400000| PB 0x000000074d400000| Untracked 
|  37|0x000000074d600000, 0x000000074d600000, 0x000000074d800000|  0%| F|  |TAMS 0x000000074d600000| PB 0x000000074d600000| Untracked 
|  38|0x000000074d800000, 0x000000074d800000, 0x000000074da00000|  0%| F|  |TAMS 0x000000074d800000| PB 0x000000074d800000| Untracked 
|  39|0x000000074da00000, 0x000000074da00000, 0x000000074dc00000|  0%| F|  |TAMS 0x000000074da00000| PB 0x000000074da00000| Untracked 
|  40|0x000000074dc00000, 0x000000074dc00000, 0x000000074de00000|  0%| F|  |TAMS 0x000000074dc00000| PB 0x000000074dc00000| Untracked 
|  41|0x000000074de00000, 0x000000074de00000, 0x000000074e000000|  0%| F|  |TAMS 0x000000074de00000| PB 0x000000074de00000| Untracked 
|  42|0x000000074e000000, 0x000000074e000000, 0x000000074e200000|  0%| F|  |TAMS 0x000000074e000000| PB 0x000000074e000000| Untracked 
|  43|0x000000074e200000, 0x000000074e200000, 0x000000074e400000|  0%| F|  |TAMS 0x000000074e200000| PB 0x000000074e200000| Untracked 
|  44|0x000000074e400000, 0x000000074e400000, 0x000000074e600000|  0%| F|  |TAMS 0x000000074e400000| PB 0x000000074e400000| Untracked 
|  45|0x000000074e600000, 0x000000074e700000, 0x000000074e800000| 50%| E|  |TAMS 0x000000074e600000| PB 0x000000074e600000| Complete 
|  46|0x000000074e800000, 0x000000074ea00000, 0x000000074ea00000|100%| E|CS|TAMS 0x000000074e800000| PB 0x000000074e800000| Complete 
|  47|0x000000074ea00000, 0x000000074ec00000, 0x000000074ec00000|100%| E|CS|TAMS 0x000000074ea00000| PB 0x000000074ea00000| Complete 
|  85|0x0000000753600000, 0x00000007536a9ab0, 0x0000000753800000| 33%| S|CS|TAMS 0x0000000753600000| PB 0x0000000753600000| Complete 
|  86|0x0000000753800000, 0x0000000753a00000, 0x0000000753a00000|100%| S|CS|TAMS 0x0000000753800000| PB 0x0000000753800000| Complete 
|  87|0x0000000753a00000, 0x0000000753c00000, 0x0000000753c00000|100%| S|CS|TAMS 0x0000000753a00000| PB 0x0000000753a00000| Complete 
|  88|0x0000000753c00000, 0x0000000753e00000, 0x0000000753e00000|100%| S|CS|TAMS 0x0000000753c00000| PB 0x0000000753c00000| Complete 
|  89|0x0000000753e00000, 0x0000000754000000, 0x0000000754000000|100%| S|CS|TAMS 0x0000000753e00000| PB 0x0000000753e00000| Complete 
|  91|0x0000000754200000, 0x0000000754400000, 0x0000000754400000|100%| E|CS|TAMS 0x0000000754200000| PB 0x0000000754200000| Complete 

Card table byte_map: [0x000001eed1ba0000,0x000001eed2160000] _byte_map_base: 0x000001eece15a000

Marking Bits: (CMBitMap*) 0x000001eeb9e60170
 Bits: [0x000001eed2160000, 0x000001eed4f30000)

Polling page: 0x000001eeb7de0000

Metaspace:

Usage:
  Non-class:     22.71 MB used.
      Class:      2.84 MB used.
       Both:     25.56 MB used.

Virtual space:
  Non-class space:       64.00 MB reserved,      22.88 MB ( 36%) committed,  1 nodes.
      Class space:        1.00 GB reserved,       3.06 MB ( <1%) committed,  1 nodes.
             Both:        1.06 GB reserved,      25.94 MB (  2%) committed. 

Chunk freelists:
   Non-Class:  9.14 MB
       Class:  12.92 MB
        Both:  22.06 MB

MaxMetaspaceSize: unlimited
CompressedClassSpaceSize: 1.00 GB
Initial GC threshold: 21.00 MB
Current GC threshold: 36.50 MB
CDS: on
 - commit_granule_bytes: 65536.
 - commit_granule_words: 8192.
 - virtual_space_node_default_size: 8388608.
 - enlarge_chunks_in_place: 1.
 - use_allocation_guard: 0.


Internal statistics:

num_allocs_failed_limit: 9.
num_arena_births: 220.
num_arena_deaths: 0.
num_vsnodes_births: 2.
num_vsnodes_deaths: 0.
num_space_committed: 415.
num_space_uncommitted: 0.
num_chunks_returned_to_freelist: 9.
num_chunks_taken_from_freelist: 1109.
num_chunk_merges: 9.
num_chunk_splits: 820.
num_chunks_enlarged: 666.
num_inconsistent_stats: 0.

CodeHeap 'non-profiled nmethods': size=120000Kb used=3092Kb max_used=3092Kb free=116908Kb
 bounds [0x000001eec9d80000, 0x000001eeca090000, 0x000001eed12b0000]
CodeHeap 'profiled nmethods': size=120000Kb used=13233Kb max_used=13233Kb free=106766Kb
 bounds [0x000001eec22b0000, 0x000001eec2fa0000, 0x000001eec97e0000]
CodeHeap 'non-nmethods': size=5760Kb used=1445Kb max_used=1477Kb free=4315Kb
 bounds [0x000001eec97e0000, 0x000001eec9a50000, 0x000001eec9d80000]
 total_blobs=6303 nmethods=5774 adapters=433
 compilation: enabled
              stopped_count=0, restarted_count=0
 full_count=0

Compilation events (20 events):
Event: 25.263 Thread 0x000001eed7946530 nmethod 5746 0x000001eec2f66390 code [0x000001eec2f66700, 0x000001eec2f68108]
Event: 25.263 Thread 0x000001eed7946530 5747       3       com.sun.tools.javac.tree.JCTree$JCVariableDecl::<init> (43 bytes)
Event: 25.263 Thread 0x000001eed7946530 nmethod 5747 0x000001eec2f68b90 code [0x000001eec2f68d60, 0x000001eec2f69190]
Event: 25.288 Thread 0x000001eed7946530 5748   !   3       com.sun.tools.javac.parser.JavacParser::literal (693 bytes)
Event: 25.294 Thread 0x000001eed7946530 nmethod 5748 0x000001eec2f69310 code [0x000001eec2f69b60, 0x000001eec2f6df50]
Event: 25.294 Thread 0x000001eed7946530 5752       3       com.sun.tools.javac.util.Name$Table::equals (44 bytes)
Event: 25.294 Thread 0x000001eed7946530 nmethod 5752 0x000001eec2f6f910 code [0x000001eec2f6fac0, 0x000001eec2f6fd40]
Event: 25.294 Thread 0x000001eed7946530 5750       3       java.nio.file.Files::readAttributes (11 bytes)
Event: 25.294 Thread 0x000001eed7946530 nmethod 5750 0x000001eec2f6fe90 code [0x000001eec2f70060, 0x000001eec2f70420]
Event: 25.294 Thread 0x000001eed7946530 5751       3       com.sun.tools.javac.parser.JavacParser::isSealedClassStart (49 bytes)
Event: 25.295 Thread 0x000001eed7946530 nmethod 5751 0x000001eec2f70590 code [0x000001eec2f707c0, 0x000001eec2f70f30]
Event: 25.295 Thread 0x000001eed7946530 5753       3       com.sun.tools.javac.parser.JavacParser::parseType (23 bytes)
Event: 25.295 Thread 0x000001eed7946530 nmethod 5753 0x000001eec2f71190 code [0x000001eec2f71360, 0x000001eec2f717d8]
Event: 25.295 Thread 0x000001eed7946530 5749       3       java.nio.Buffer::flip (20 bytes)
Event: 25.296 Thread 0x000001eed7946530 nmethod 5749 0x000001eec2f71990 code [0x000001eec2f71b20, 0x000001eec2f71c40]
Event: 25.296 Thread 0x000001eed7946530 5754       3       com.sun.tools.javac.parser.JavacParser::selectTypeMode (14 bytes)
Event: 25.296 Thread 0x000001eed7946530 nmethod 5754 0x000001eec2f71d10 code [0x000001eec2f71ea0, 0x000001eec2f72050]
Event: 25.297 Thread 0x000001eed7946530 5755       3       com.sun.tools.javac.tree.TreeMaker::Assign (20 bytes)
Event: 25.297 Thread 0x000001eed7946530 nmethod 5755 0x000001eec2f72110 code [0x000001eec2f722e0, 0x000001eec2f72690]
Event: 25.297 Thread 0x000001eed7946530 5756       3       com.sun.tools.javac.tree.TreeMaker::VarDef (29 bytes)

GC Heap History (10 events):
Event: 5.167 GC heap before
{Heap before GC invocations=0 (full 0):
 garbage-first heap   total 188416K, used 22528K [0x0000000748c00000, 0x0000000800000000)
  region size 2048K, 11 young (22528K), 0 survivors (0K)
 Metaspace       used 5621K, committed 5824K, reserved 1114112K
  class space    used 645K, committed 768K, reserved 1048576K
}
Event: 5.514 GC heap after
{Heap after GC invocations=1 (full 0):
 garbage-first heap   total 188416K, used 3840K [0x0000000748c00000, 0x0000000800000000)
  region size 2048K, 2 young (4096K), 2 survivors (4096K)
 Metaspace       used 5621K, committed 5824K, reserved 1114112K
  class space    used 645K, committed 768K, reserved 1048576K
}
Event: 8.551 GC heap before
{Heap before GC invocations=1 (full 0):
 garbage-first heap   total 188416K, used 36608K [0x0000000748c00000, 0x0000000800000000)
  region size 2048K, 18 young (36864K), 2 survivors (4096K)
 Metaspace       used 10055K, committed 10240K, reserved 1114112K
  class space    used 1183K, committed 1280K, reserved 1048576K
}
Event: 8.561 GC heap after
{Heap after GC invocations=2 (full 0):
 garbage-first heap   total 188416K, used 5579K [0x0000000748c00000, 0x0000000800000000)
  region size 2048K, 1 young (2048K), 1 survivors (2048K)
 Metaspace       used 10055K, committed 10240K, reserved 1114112K
  class space    used 1183K, committed 1280K, reserved 1048576K
}
Event: 18.264 GC heap before
{Heap before GC invocations=2 (full 0):
 garbage-first heap   total 188416K, used 114123K [0x0000000748c00000, 0x0000000800000000)
  region size 2048K, 55 young (112640K), 1 survivors (2048K)
 Metaspace       used 16440K, committed 16704K, reserved 1114112K
  class space    used 1848K, committed 1984K, reserved 1048576K
}
Event: 18.286 GC heap after
{Heap after GC invocations=3 (full 0):
 garbage-first heap   total 188416K, used 16225K [0x0000000748c00000, 0x0000000800000000)
  region size 2048K, 7 young (14336K), 7 survivors (14336K)
 Metaspace       used 16440K, committed 16704K, reserved 1114112K
  class space    used 1848K, committed 1984K, reserved 1048576K
}
Event: 22.922 GC heap before
{Heap before GC invocations=3 (full 0):
 garbage-first heap   total 188416K, used 155489K [0x0000000748c00000, 0x0000000800000000)
  region size 2048K, 55 young (112640K), 7 survivors (14336K)
 Metaspace       used 20633K, committed 20928K, reserved 1114112K
  class space    used 2294K, committed 2432K, reserved 1048576K
}
Event: 22.948 GC heap after
{Heap after GC invocations=4 (full 0):
 garbage-first heap   total 188416K, used 30725K [0x0000000748c00000, 0x0000000800000000)
  region size 2048K, 4 young (8192K), 4 survivors (8192K)
 Metaspace       used 20633K, committed 20928K, reserved 1114112K
  class space    used 2294K, committed 2432K, reserved 1048576K
}
Event: 23.200 GC heap before
{Heap before GC invocations=4 (full 0):
 garbage-first heap   total 188416K, used 32773K [0x0000000748c00000, 0x0000000800000000)
  region size 2048K, 6 young (12288K), 4 survivors (8192K)
 Metaspace       used 21221K, committed 21504K, reserved 1114112K
  class space    used 2383K, committed 2560K, reserved 1048576K
}
Event: 23.209 GC heap after
{Heap after GC invocations=5 (full 0):
 garbage-first heap   total 188416K, used 27950K [0x0000000748c00000, 0x0000000800000000)
  region size 2048K, 5 young (10240K), 5 survivors (10240K)
 Metaspace       used 21221K, committed 21504K, reserved 1114112K
  class space    used 2383K, committed 2560K, reserved 1048576K
}

Dll operation events (8 events):
Event: 0.196 Loaded shared library C:\Program Files\Java\jdk-21\bin\java.dll
Event: 0.373 Loaded shared library C:\Program Files\Java\jdk-21\bin\jsvml.dll
Event: 0.514 Loaded shared library C:\Program Files\Java\jdk-21\bin\net.dll
Event: 0.518 Loaded shared library C:\Program Files\Java\jdk-21\bin\nio.dll
Event: 0.526 Loaded shared library C:\Program Files\Java\jdk-21\bin\zip.dll
Event: 1.129 Loaded shared library C:\Users\2oleg\Downloads\apache-maven-3.9.11-bin\apache-maven-3.9.11\lib\jansi-native\Windows\x86_64\jansi.dll
Event: 1.140 Loaded shared library C:\Program Files\Java\jdk-21\bin\jimage.dll
Event: 1.151 Loaded shared library C:\Program Files\Java\jdk-21\bin\verify.dll

Deoptimization events (20 events):
Event: 24.711 Thread 0x000001eeb7c4e7f0 Uncommon trap: trap_request=0xffffff45 fr.pc=0x000001eeca0242c4 relative=0x0000000000001904
Event: 24.711 Thread 0x000001eeb7c4e7f0 Uncommon trap: reason=unstable_if action=reinterpret pc=0x000001eeca0242c4 method=sun.nio.fs.WindowsPathParser.isSlash(C)Z @ 9 c2
Event: 24.711 Thread 0x000001eeb7c4e7f0 DEOPT PACKING pc=0x000001eeca0242c4 sp=0x000000cb16efd2b0
Event: 24.711 Thread 0x000001eeb7c4e7f0 DEOPT UNPACKING pc=0x000001eec98346a2 sp=0x000000cb16efd250 mode 2
Event: 24.768 Thread 0x000001eeb7c4e7f0 Uncommon trap: trap_request=0xffffff45 fr.pc=0x000001eec9fbe044 relative=0x0000000000000224
Event: 24.768 Thread 0x000001eeb7c4e7f0 Uncommon trap: reason=unstable_if action=reinterpret pc=0x000001eec9fbe044 method=java.nio.charset.CharsetDecoder.decode(Ljava/nio/ByteBuffer;Ljava/nio/CharBuffer;Z)Ljava/nio/charset/CoderResult; @ 1 c2
Event: 24.768 Thread 0x000001eeb7c4e7f0 DEOPT PACKING pc=0x000001eec9fbe044 sp=0x000000cb16efd7f0
Event: 24.768 Thread 0x000001eeb7c4e7f0 DEOPT UNPACKING pc=0x000001eec98346a2 sp=0x000000cb16efd7a8 mode 2
Event: 24.804 Thread 0x000001eeb7c4e7f0 Uncommon trap: trap_request=0xffffff45 fr.pc=0x000001eeca069648 relative=0x00000000000000a8
Event: 24.804 Thread 0x000001eeb7c4e7f0 Uncommon trap: reason=unstable_if action=reinterpret pc=0x000001eeca069648 method=java.lang.CharacterDataLatin1.digit(II)I @ 7 c2
Event: 24.804 Thread 0x000001eeb7c4e7f0 DEOPT PACKING pc=0x000001eeca069648 sp=0x000000cb16efd2c0
Event: 24.804 Thread 0x000001eeb7c4e7f0 DEOPT UNPACKING pc=0x000001eec98346a2 sp=0x000000cb16efd240 mode 2
Event: 25.248 Thread 0x000001eeb7c4e7f0 Uncommon trap: trap_request=0xffffff45 fr.pc=0x000001eec9e92b20 relative=0x00000000000004e0
Event: 25.248 Thread 0x000001eeb7c4e7f0 Uncommon trap: reason=unstable_if action=reinterpret pc=0x000001eec9e92b20 method=java.lang.String.<init>(Ljava/lang/AbstractStringBuilder;Ljava/lang/Void;)V @ 19 c2
Event: 25.248 Thread 0x000001eeb7c4e7f0 DEOPT PACKING pc=0x000001eec9e92b20 sp=0x000000cb16efd1e0
Event: 25.248 Thread 0x000001eeb7c4e7f0 DEOPT UNPACKING pc=0x000001eec98346a2 sp=0x000000cb16efd190 mode 2
Event: 25.292 Thread 0x000001eeb7c4e7f0 Uncommon trap: trap_request=0xffffff45 fr.pc=0x000001eeca081304 relative=0x00000000000001e4
Event: 25.292 Thread 0x000001eeb7c4e7f0 Uncommon trap: reason=unstable_if action=reinterpret pc=0x000001eeca081304 method=com.sun.tools.javac.util.Name$Table.equals([BI[BII)Z @ 22 c2
Event: 25.292 Thread 0x000001eeb7c4e7f0 DEOPT PACKING pc=0x000001eeca081304 sp=0x000000cb16efc8f0
Event: 25.292 Thread 0x000001eeb7c4e7f0 DEOPT UNPACKING pc=0x000001eec98346a2 sp=0x000000cb16efc868 mode 2

Classes loaded (20 events):
Event: 24.717 Loading class java/security/AllPermissionCollection
Event: 24.717 Loading class java/security/AllPermissionCollection done
Event: 24.717 Loading class jdk/internal/jrtfs/SystemImage$2
Event: 24.717 Loading class jdk/internal/jrtfs/SystemImage$2 done
Event: 24.719 Loading class jdk/internal/jimage/ImageReader$Directory
Event: 24.719 Loading class jdk/internal/jimage/ImageReader$Node
Event: 24.719 Loading class jdk/internal/jimage/ImageReader$Node done
Event: 24.719 Loading class jdk/internal/jimage/ImageReader$Directory done
Event: 24.720 Loading class jdk/internal/jrtfs/SystemImage$1
Event: 24.720 Loading class jdk/internal/jrtfs/SystemImage$1 done
Event: 24.756 Loading class java/lang/UnsupportedClassVersionError
Event: 24.756 Loading class java/lang/UnsupportedClassVersionError done
Event: 24.757 Loading class java/util/ImmutableCollections$Access
Event: 24.757 Loading class java/util/ImmutableCollections$Access done
Event: 24.757 Loading class java/util/ImmutableCollections$Access$1
Event: 24.758 Loading class jdk/internal/access/JavaUtilCollectionAccess
Event: 24.758 Loading class jdk/internal/access/JavaUtilCollectionAccess done
Event: 24.758 Loading class java/util/ImmutableCollections$Access$1 done
Event: 24.805 Loading class java/util/BitSet
Event: 24.806 Loading class java/util/BitSet done

Classes unloaded (0 events):
No events

Classes redefined (0 events):
No events

Internal exceptions (20 events):
Event: 20.170 Thread 0x000001eeb7c4e7f0 Exception <a 'sun/nio/fs/WindowsException'{0x000000075044f068}> (0x000000075044f068) 
thrown [s\open\src\hotspot\share\prims\jni.cpp, line 520]
Event: 20.170 Thread 0x000001eeb7c4e7f0 Exception <a 'sun/nio/fs/WindowsException'{0x000000075044f408}> (0x000000075044f408) 
thrown [s\open\src\hotspot\share\prims\jni.cpp, line 520]
Event: 20.172 Thread 0x000001eeb7c4e7f0 Exception <a 'sun/nio/fs/WindowsException'{0x00000007504729a0}> (0x00000007504729a0) 
thrown [s\open\src\hotspot\share\prims\jni.cpp, line 520]
Event: 20.172 Thread 0x000001eeb7c4e7f0 Exception <a 'sun/nio/fs/WindowsException'{0x0000000750472d30}> (0x0000000750472d30) 
thrown [s\open\src\hotspot\share\prims\jni.cpp, line 520]
Event: 20.174 Thread 0x000001eeb7c4e7f0 Exception <a 'sun/nio/fs/WindowsException'{0x0000000750495098}> (0x0000000750495098) 
thrown [s\open\src\hotspot\share\prims\jni.cpp, line 520]
Event: 20.174 Thread 0x000001eeb7c4e7f0 Exception <a 'sun/nio/fs/WindowsException'{0x00000007504953c0}> (0x00000007504953c0) 
thrown [s\open\src\hotspot\share\prims\jni.cpp, line 520]
Event: 20.177 Thread 0x000001eeb7c4e7f0 Exception <a 'sun/nio/fs/WindowsException'{0x00000007504dff70}> (0x00000007504dff70) 
thrown [s\open\src\hotspot\share\prims\jni.cpp, line 520]
Event: 20.177 Thread 0x000001eeb7c4e7f0 Exception <a 'sun/nio/fs/WindowsException'{0x00000007504e0250}> (0x00000007504e0250) 
thrown [s\open\src\hotspot\share\prims\jni.cpp, line 520]
Event: 20.258 Thread 0x000001eeb7c4e7f0 Exception <a 'sun/nio/fs/WindowsException'{0x0000000750103e90}> (0x0000000750103e90) 
thrown [s\open\src\hotspot\share\prims\jni.cpp, line 520]
Event: 20.258 Thread 0x000001eeb7c4e7f0 Exception <a 'sun/nio/fs/WindowsException'{0x0000000750104230}> (0x0000000750104230) 
thrown [s\open\src\hotspot\share\prims\jni.cpp, line 520]
Event: 20.267 Thread 0x000001eeb7c4e7f0 Exception <a 'sun/nio/fs/WindowsException'{0x0000000750116ab8}> (0x0000000750116ab8) 
thrown [s\open\src\hotspot\share\prims\jni.cpp, line 520]
Event: 20.267 Thread 0x000001eeb7c4e7f0 Exception <a 'sun/nio/fs/WindowsException'{0x0000000750116db8}> (0x0000000750116db8) 
thrown [s\open\src\hotspot\share\prims\jni.cpp, line 520]
Event: 20.610 Thread 0x000001eeb7c4e7f0 Exception <a 'java/lang/IncompatibleClassChangeError'{0x000000074fbfa090}: Found class java.lang.Object, but interface was expected> (0x000000074fbfa090) 
thrown [s\open\src\hotspot\share\interpreter\linkResolver.cpp, line 840]
Event: 20.612 Thread 0x000001eeb7c4e7f0 Exception <a 'java/lang/NoSuchMethodError'{0x000000074f800100}: 'void java.lang.invoke.DirectMethodHandle$Holder.invokeInterface(java.lang.Object, java.lang.Object, java.lang.Object)'> (0x000000074f800100) 
thrown [s\open\src\hotspot\share\interpreter\linkResolver.cpp, line 773]
Event: 21.439 Thread 0x000001eeb7c4e7f0 Exception <a 'java/lang/NoSuchMethodError'{0x000000074f9bc140}: 'int java.lang.invoke.DirectMethodHandle$Holder.invokeInterface(java.lang.Object, java.lang.Object)'> (0x000000074f9bc140) 
thrown [s\open\src\hotspot\share\interpreter\linkResolver.cpp, line 773]
Event: 22.152 Thread 0x000001eeb7c4e7f0 Exception <a 'java/lang/NoSuchMethodError'{0x000000074eb7bec8}: 'int java.lang.invoke.DirectMethodHandle$Holder.invokeVirtual(java.lang.Object, java.lang.Object, java.lang.Object)'> (0x000000074eb7bec8) 
thrown [s\open\src\hotspot\share\interpreter\linkResolver.cpp, line 773]
Event: 22.157 Thread 0x000001eeb7c4e7f0 Exception <a 'java/lang/NoSuchMethodError'{0x000000074eb88c40}: 'int java.lang.invoke.DirectMethodHandle$Holder.invokeStaticInit(java.lang.Object, java.lang.Object, java.lang.Object)'> (0x000000074eb88c40) 
thrown [s\open\src\hotspot\share\interpreter\linkResolver.cpp, line 773]
Event: 23.059 Thread 0x000001eeb7c4e7f0 Exception <a 'sun/nio/fs/WindowsException'{0x0000000754163330}> (0x0000000754163330) 
thrown [s\open\src\hotspot\share\prims\jni.cpp, line 520]
Event: 24.572 Thread 0x000001eeb7c4e7f0 Exception <a 'java/lang/NoSuchMethodError'{0x00000007543fdff0}: 'java.lang.Object java.lang.invoke.DirectMethodHandle$Holder.newInvokeSpecial(java.lang.Object, java.lang.Object, java.lang.Object, java.lang.Object, java.lang.Object, java.lang.Object)'> (0x00000007543fdff0) 
thrown [s\open\src\hotspot\share\interpreter\linkResolver.cpp, line 773]
Event: 24.711 Thread 0x000001eeb7c4e7f0 Exception <a 'sun/nio/fs/WindowsException'{0x000000074ea4a078}> (0x000000074ea4a078) 
thrown [s\open\src\hotspot\share\prims\jni.cpp, line 520]

ZGC Phase Switch (0 events):
No events

VM Operations (20 events):
Event: 22.558 Executing VM operation: HandshakeAllThreads (Deoptimize)
Event: 22.558 Executing VM operation: HandshakeAllThreads (Deoptimize) done
Event: 22.562 Executing VM operation: HandshakeAllThreads (Deoptimize)
Event: 22.562 Executing VM operation: HandshakeAllThreads (Deoptimize) done
Event: 22.922 Executing VM operation: G1CollectForAllocation (G1 Evacuation Pause)
Event: 22.948 Executing VM operation: G1CollectForAllocation (G1 Evacuation Pause) done
Event: 23.200 Executing VM operation: CollectForMetadataAllocation (Metadata GC Threshold)
Event: 23.209 Executing VM operation: CollectForMetadataAllocation (Metadata GC Threshold) done
Event: 23.583 Executing VM operation: CollectForMetadataAllocation (Metadata GC Threshold)
Event: 23.584 Executing VM operation: CollectForMetadataAllocation (Metadata GC Threshold) done
Event: 23.611 Executing VM operation: CollectForMetadataAllocation (Metadata GC Threshold)
Event: 23.611 Executing VM operation: CollectForMetadataAllocation (Metadata GC Threshold) done
Event: 23.662 Executing VM operation: G1PauseRemark
Event: 23.708 Executing VM operation: G1PauseRemark done
Event: 23.718 Executing VM operation: G1PauseCleanup
Event: 23.719 Executing VM operation: G1PauseCleanup done
Event: 24.817 Executing VM operation: HandshakeAllThreads (Deoptimize)
Event: 24.817 Executing VM operation: HandshakeAllThreads (Deoptimize) done
Event: 24.817 Executing VM operation: Cleanup
Event: 24.818 Executing VM operation: Cleanup done

Events (20 events):
Event: 4.789 Thread 0x000001ef1d6ad800 Thread added: 0x000001ef1d6ad800
Event: 5.081 Thread 0x000001ef1d6ad800 Thread exited: 0x000001ef1d6ad800
Event: 5.092 Thread 0x000001ef1d713850 Thread added: 0x000001ef1d713850
Event: 5.514 Thread 0x000001ef1d713850 Thread exited: 0x000001ef1d713850
Event: 5.527 Thread 0x000001ef1d713850 Thread added: 0x000001ef1d713850
Event: 5.537 Thread 0x000001ef1dcfe010 Thread added: 0x000001ef1dcfe010
Event: 6.068 Thread 0x000001ef1dcfe010 Thread exited: 0x000001ef1dcfe010
Event: 6.068 Thread 0x000001ef1d713850 Thread exited: 0x000001ef1d713850
Event: 11.509 Thread 0x000001ef1dbab9f0 Thread added: 0x000001ef1dbab9f0
Event: 12.063 Thread 0x000001ef1d7fe220 Thread added: 0x000001ef1d7fe220
Event: 13.094 Thread 0x000001ef1d7fe220 Thread exited: 0x000001ef1d7fe220
Event: 14.035 Thread 0x000001ef1e81dc90 Thread added: 0x000001ef1e81dc90
Event: 14.166 Thread 0x000001ef1e81dc90 Thread exited: 0x000001ef1e81dc90
Event: 14.749 Thread 0x000001ef1d4bc740 Thread added: 0x000001ef1d4bc740
Event: 14.806 Thread 0x000001ef1d930bf0 Thread added: 0x000001ef1d930bf0
Event: 15.678 Thread 0x000001ef1d930bf0 Thread exited: 0x000001ef1d930bf0
Event: 21.286 Thread 0x000001ef1d4bc740 Thread exited: 0x000001ef1d4bc740
Event: 21.977 Thread 0x000001ef1e1d6020 Thread added: 0x000001ef1e1d6020
Event: 22.949 Thread 0x000001ef1e1d6020 Thread exited: 0x000001ef1e1d6020
Event: 25.127 Thread 0x000001ef1e2b85c0 Thread added: 0x000001ef1e2b85c0


Dynamic libraries:
0x00007ff703c60000 - 0x00007ff703c70000 	C:\Program Files\Java\jdk-21\bin\java.exe
0x00007ff9f5930000 - 0x00007ff9f5b28000 	C:\WINDOWS\SYSTEM32\ntdll.dll
0x00007ff9f5400000 - 0x00007ff9f54c2000 	C:\WINDOWS\System32\KERNEL32.DLL
0x00007ff9f3130000 - 0x00007ff9f3426000 	C:\WINDOWS\System32\KERNELBASE.dll
0x00007ff9f3820000 - 0x00007ff9f3920000 	C:\WINDOWS\System32\ucrtbase.dll
0x00007ff9e1750000 - 0x00007ff9e1769000 	C:\Program Files\Java\jdk-21\bin\jli.dll
0x00007ff9f3da0000 - 0x00007ff9f3e51000 	C:\WINDOWS\System32\ADVAPI32.dll
0x00007ff9f5820000 - 0x00007ff9f58be000 	C:\WINDOWS\System32\msvcrt.dll
0x00007ff9f4800000 - 0x00007ff9f489f000 	C:\WINDOWS\System32\sechost.dll
0x00007ff9f3c10000 - 0x00007ff9f3d30000 	C:\WINDOWS\System32\RPCRT4.dll
0x00007ff9e1770000 - 0x00007ff9e178b000 	C:\Program Files\Java\jdk-21\bin\VCRUNTIME140.dll
0x00007ff9f3560000 - 0x00007ff9f3587000 	C:\WINDOWS\System32\bcrypt.dll
0x00007ff9f3f40000 - 0x00007ff9f40e1000 	C:\WINDOWS\System32\USER32.dll
0x00007ff9f3100000 - 0x00007ff9f3122000 	C:\WINDOWS\System32\win32u.dll
0x00007ff9e4da0000 - 0x00007ff9e503b000 	C:\WINDOWS\WinSxS\amd64_microsoft.windows.common-controls_6595b64144ccf1df_6.0.19041.6456_none_60b8a6cb71f64256\COMCTL32.dll
0x00007ff9f47c0000 - 0x00007ff9f47eb000 	C:\WINDOWS\System32\GDI32.dll
0x00007ff9f2f90000 - 0x00007ff9f30a9000 	C:\WINDOWS\System32\gdi32full.dll
0x00007ff9f3590000 - 0x00007ff9f362d000 	C:\WINDOWS\System32\msvcp_win.dll
0x00007ff9ecd10000 - 0x00007ff9ecd1a000 	C:\WINDOWS\SYSTEM32\VERSION.dll
0x00007ff9f3f10000 - 0x00007ff9f3f3f000 	C:\WINDOWS\System32\IMM32.DLL
0x00007ff9e1740000 - 0x00007ff9e174c000 	C:\Program Files\Java\jdk-21\bin\vcruntime140_1.dll
0x00007ff9dc7f0000 - 0x00007ff9dc87e000 	C:\Program Files\Java\jdk-21\bin\msvcp140.dll
0x00007ff995530000 - 0x00007ff99624a000 	C:\Program Files\Java\jdk-21\bin\server\jvm.dll
0x00007ff9f4210000 - 0x00007ff9f427b000 	C:\WINDOWS\System32\WS2_32.dll
0x00007ff9f2df0000 - 0x00007ff9f2e3b000 	C:\WINDOWS\SYSTEM32\POWRPROF.dll
0x00007ff9e0140000 - 0x00007ff9e0167000 	C:\WINDOWS\SYSTEM32\WINMM.dll
0x00007ff9f2dd0000 - 0x00007ff9f2de2000 	C:\WINDOWS\SYSTEM32\UMPDC.dll
0x00007ff9f0dc0000 - 0x00007ff9f0dd2000 	C:\WINDOWS\SYSTEM32\kernel.appcore.dll
0x00007ff9de8a0000 - 0x00007ff9de8aa000 	C:\Program Files\Java\jdk-21\bin\jimage.dll
0x00007ff9df840000 - 0x00007ff9dfa41000 	C:\WINDOWS\SYSTEM32\DBGHELP.DLL
0x00007ff9dd350000 - 0x00007ff9dd384000 	C:\WINDOWS\SYSTEM32\dbgcore.DLL
0x00007ff9f3630000 - 0x00007ff9f36b2000 	C:\WINDOWS\System32\bcryptPrimitives.dll
0x00007ff9dc7d0000 - 0x00007ff9dc7ef000 	C:\Program Files\Java\jdk-21\bin\java.dll
0x00007ff9f4930000 - 0x00007ff9f50a0000 	C:\WINDOWS\System32\SHELL32.dll
0x00007ff9f0fc0000 - 0x00007ff9f1765000 	C:\WINDOWS\SYSTEM32\windows.storage.dll
0x00007ff9f50a0000 - 0x00007ff9f53f4000 	C:\WINDOWS\System32\combase.dll
0x00007ff9f28e0000 - 0x00007ff9f290b000 	C:\WINDOWS\SYSTEM32\Wldp.dll
0x00007ff9f46f0000 - 0x00007ff9f47bd000 	C:\WINDOWS\System32\OLEAUT32.dll
0x00007ff9f3920000 - 0x00007ff9f39cd000 	C:\WINDOWS\System32\SHCORE.dll
0x00007ff9f57c0000 - 0x00007ff9f581b000 	C:\WINDOWS\System32\shlwapi.dll
0x00007ff9f2ec0000 - 0x00007ff9f2ee4000 	C:\WINDOWS\SYSTEM32\profapi.dll
0x00007ff9c31c0000 - 0x00007ff9c3297000 	C:\Program Files\Java\jdk-21\bin\jsvml.dll
0x00007ff9ddc60000 - 0x00007ff9ddc70000 	C:\Program Files\Java\jdk-21\bin\net.dll
0x00007ff9ec950000 - 0x00007ff9eca5a000 	C:\WINDOWS\SYSTEM32\WINHTTP.dll
0x00007ff9f25f0000 - 0x00007ff9f265a000 	C:\WINDOWS\system32\mswsock.dll
0x00007ff9dbf20000 - 0x00007ff9dbf36000 	C:\Program Files\Java\jdk-21\bin\nio.dll
0x00007ff9d8a60000 - 0x00007ff9d8a78000 	C:\Program Files\Java\jdk-21\bin\zip.dll
0x00007ff9d0bd0000 - 0x00007ff9d0bf4000 	C:\Users\2oleg\Downloads\apache-maven-3.9.11-bin\apache-maven-3.9.11\lib\jansi-native\Windows\x86_64\jansi.dll
0x00007ff9dd390000 - 0x00007ff9dd3a0000 	C:\Program Files\Java\jdk-21\bin\verify.dll

dbghelp: loaded successfully - version: 4.0.5 - missing functions: none
symbol engine: initialized successfully - sym options: 0x614 - pdb path: .;C:\Program Files\Java\jdk-21\bin;C:\WINDOWS\SYSTEM32;C:\WINDOWS\WinSxS\amd64_microsoft.windows.common-controls_6595b64144ccf1df_6.0.19041.6456_none_60b8a6cb71f64256;C:\Program Files\Java\jdk-21\bin\server;C:\Users\2oleg\Downloads\apache-maven-3.9.11-bin\apache-maven-3.9.11\lib\jansi-native\Windows\x86_64

VM Arguments:
jvm_args: --enable-native-access=ALL-UNNAMED -Dclassworlds.conf=C:\Users\2oleg\Downloads\apache-maven-3.9.11-bin\apache-maven-3.9.11\bin\m2.conf -Dmaven.home=C:\Users\2oleg\Downloads\apache-maven-3.9.11-bin\apache-maven-3.9.11 -Dlibrary.jansi.path=C:\Users\2oleg\Downloads\apache-maven-3.9.11-bin\apache-maven-3.9.11\lib\jansi-native -Dmaven.multiModuleProjectDirectory=C:\Users\2oleg\Downloads\Telegram Desktop\Kefir\Backend\TransactionSaga 
java_command: org.codehaus.plexus.classworlds.launcher.Launcher spring-boot:run -Dserver.port=8090 -DskipTests
java_class_path (initial): C:\Users\2oleg\Downloads\apache-maven-3.9.11-bin\apache-maven-3.9.11\boot\plexus-classworlds-2.9.0.jar
Launcher Type: SUN_STANDARD

[Global flags]
     intx CICompilerCount                          = 4                                         {product} {ergonomic}
     uint ConcGCThreads                            = 2                                         {product} {ergonomic}
     uint G1ConcRefinementThreads                  = 8                                         {product} {ergonomic}
   size_t G1HeapRegionSize                         = 2097152                                   {product} {ergonomic}
    uintx GCDrainStackTargetSize                   = 64                                        {product} {ergonomic}
   size_t InitialHeapSize                          = 192937984                                 {product} {ergonomic}
   size_t MarkStackSize                            = 4194304                                   {product} {ergonomic}
   size_t MaxHeapSize                              = 3074424832                                {product} {ergonomic}
   size_t MaxNewSize                               = 1843396608                                {product} {ergonomic}
   size_t MinHeapDeltaBytes                        = 2097152                                   {product} {ergonomic}
   size_t MinHeapSize                              = 8388608                                   {product} {ergonomic}
    uintx NonNMethodCodeHeapSize                   = 5839372                                {pd product} {ergonomic}
    uintx NonProfiledCodeHeapSize                  = 122909434                              {pd product} {ergonomic}
    uintx ProfiledCodeHeapSize                     = 122909434                              {pd product} {ergonomic}
    uintx ReservedCodeCacheSize                    = 251658240                              {pd product} {ergonomic}
     bool SegmentedCodeCache                       = true                                      {product} {ergonomic}
   size_t SoftMaxHeapSize                          = 3074424832                             {manageable} {ergonomic}
     bool UseCompressedOops                        = true                           {product lp64_product} {ergonomic}
     bool UseG1GC                                  = true                                      {product} {ergonomic}
     bool UseLargePagesIndividualAllocation        = false                                  {pd product} {ergonomic}

Logging:
Log output configuration:
 #0: stdout all=warning uptime,level,tags foldmultilines=false
 #1: stderr all=off uptime,level,tags foldmultilines=false

Environment Variables:
JAVA_HOME=C:\Program Files\Java\jdk-21
PATH=C:\Program Files\Common Files\Oracle\Java\javapath;C:\Program Files (x86)\Cuminas\Document Express DjVu Plug-in\;C:\Program Files (x86)\Razer Chroma SDK\bin;C:\Program Files\Razer Chroma SDK\bin;C:\WINDOWS\system32;C:\WINDOWS;C:\WINDOWS\System32\Wbem;C:\WINDOWS\System32\WindowsPowerShell\v1.0\;C:\WINDOWS\System32\OpenSSH\;C:\Program Files (x86)\NVIDIA Corporation\PhysX\Common;C:\WINDOWS\system32\config\systemprofile\AppData\Local\Microsoft\WindowsApps;C:\Program Files (x86)\Razer\ChromaBroadcast\bin;C:\Program Files\Razer\ChromaBroadcast\bin;C:\Users\2oleg\AppData\Local\Microsoft\WindowsApps;C:\Program Files\JetBrains\IntelliJ IDEA Community Edition 2024.3\bin;C:\Users\2oleg\AppData\Local\Programs\Microsoft VS Code\bin;C:\Program Files\Docker\Docker\resources\bin;C:\Users\2oleg\Downloads\curl-8.16.0_6-win64-mingw.zip\curl-8.16.0_6-win64-mingw\bin;C:\Users\2oleg\Downloads\curl-8.16.0_6-win64-mingw\curl-8.16.0_6-win64-mingw\bin;C:\Users\2oleg\Downloads\apache-maven-3.9.11-bin\apache-maven-3.9.11\bin;C:\ProgramData\chocolatey\bin;C:\Users\2oleg\AppData\Roaming\Cloud Foundry;C:\Program Files\Git\cmd;C:\Program Files\nodejs\;C:\Users\2oleg\AppData\Local\Muse Hub\lib;C:\Users\2oleg\AppData\Local\Microsoft\WindowsApps;C:\Program Files\JetBrains\IntelliJ IDEA Community Edition 2025.2.4\bin;C:\Users\2oleg\AppData\Local\Programs\Microsoft VS Code\bin;C:\Program Files\jq.exe;C:\Users\2oleg\AppData\Local\Microsoft\WinGet\Packages\jqlang.jq_Microsoft.Winget.Source_8wekyb3d8bbwe;C:\Program Files\Java\jdk-24;C:\Users\2oleg\Downloads\gradle-9.0.0-bin\gradle-9.0.0\bin;C:\Program Files\Docker\Docker\resources\bin;C:\Users\2oleg\AppData\Local\GitHubDesktop\bin;C:\Users\2oleg\AppData\Roaming\npm
USERNAME=2oleg
OS=Windows_NT
PROCESSOR_IDENTIFIER=Intel64 Family 6 Model 60 Stepping 3, GenuineIntel
TMP=C:\Users\2oleg\AppData\Local\Temp
TEMP=C:\Users\2oleg\AppData\Local\Temp




Periodic native trim disabled

---------------  S Y S T E M  ---------------

OS:
 Windows 10 , 64 bit Build 19041 (10.0.19041.5915)
OS uptime: 10 days 13:06 hours
Hyper-V role detected

CPU: total 8 (initial active 8) (4 cores per cpu, 2 threads per core) family 6 model 60 stepping 3 microcode 0x27, cx8, cmov, fxsr, ht, mmx, sse, sse2, sse3, ssse3, sse4.1, sse4.2, popcnt, lzcnt, tsc, tscinvbit, avx, avx2, aes, erms, clmul, bmi1, bmi2, fma, vzeroupper, clflush, hv, rdtscp, f16c
Processor Information for all 8 processors :
  Max Mhz: 2401, Current Mhz: 2401, Mhz Limit: 2401

Memory: 4k page, system-wide physical 11723M (519M free)
TotalPageFile size 23723M (AvailPageFile size 56M)
current process WorkingSet (physical memory assigned to process): 212M, peak: 276M
current process commit charge ("private bytes"): 258M, peak: 329M

vm_info: Java HotSpot(TM) 64-Bit Server VM (21.0.7+8-LTS-245) for windows-amd64 JRE (21.0.7+8-LTS-245), built on 2025-02-21T05:11:27Z by "mach5one" with MS VC++ 17.6 (VS2022)

END.
