#
# There is insufficient memory for the Java Runtime Environment to continue.
# Native memory allocation (malloc) failed to allocate 429104 bytes for Chunk::new
# Possible reasons:
#   The system is out of physical RAM or swap space
#   The process is running with CompressedOops enabled, and the Java Heap may be blocking the growth of the native heap
# Possible solutions:
#   Reduce memory load on the system
#   Increase physical memory or swap space
#   Check if swap backing store is full
#   Decrease Java heap size (-Xmx/-Xms)
#   Decrease number of Java threads
#   Decrease Java thread stack sizes (-Xss)
#   Set larger code cache with -XX:ReservedCodeCacheSize=
#   JVM is running with Zero Based Compressed Oops mode in which the Java heap is
#     placed in the first 32GB address space. The Java Heap base address is the
#     maximum limit for the native heap growth. Please use -XX:HeapBaseMinAddress
#     to set the Java Heap base and to place the Java Heap above 32GB virtual address.
# This output file may be truncated or incomplete.
#
#  Out of Memory Error (arena.cpp:168), pid=14648, tid=28736
#
# JRE version: Java(TM) SE Runtime Environment (21.0.7+8) (build 21.0.7+8-LTS-245)
# Java VM: Java HotSpot(TM) 64-Bit Server VM (21.0.7+8-LTS-245, mixed mode, sharing, tiered, compressed oops, compressed class ptrs, g1 gc, windows-amd64)
# No core dump will be written. Minidumps are not enabled by default on client versions of Windows
#

---------------  S U M M A R Y ------------

Command Line: -Dclassworlds.conf=C:\Users\2oleg\Downloads\apache-maven-3.9.11-bin\apache-maven-3.9.11\bin\m2.conf -Dmaven.home=C:\Users\2oleg\Downloads\apache-maven-3.9.11-bin\apache-maven-3.9.11 -Dlibrary.jansi.path=C:\Users\2oleg\Downloads\apache-maven-3.9.11-bin\apache-maven-3.9.11\lib\jansi-native -Dmaven.multiModuleProjectDirectory=C:\Users\2oleg\Downloads\Telegram Desktop\Kefir\Backend\TransactionSaga org.codehaus.plexus.classworlds.launcher.Launcher spring-boot:run -Dserver.port=8090 -DskipTests

Host: Intel(R) Core(TM) i7-4700HQ CPU @ 2.40GHz, 8 cores, 11G,  Windows 10 , 64 bit Build 19041 (10.0.19041.5915)
Time: Sat Dec 13 01:39:46 2025 RTZ 2 (s 10 , 64 bit Build 19041 (10.0.19041.5915) elapsed time: 45.697618 seconds (0d 0h 0m 45s)

---------------  T H R E A D  ---------------

Current thread (0x000001c7c3d93a60):  JavaThread "C2 CompilerThread0" daemon [_thread_in_native, id=28736, stack(0x0000006378e00000,0x0000006378f00000) (1024K)]


Current CompileTask:
C2:  45697 3088       4       java.util.HashSet::add (20 bytes)

Stack: [0x0000006378e00000,0x0000006378f00000]
Native frames: (J=compiled Java code, j=interpreted, Vv=VM code, C=native code)
V  [jvm.dll+0x6cae19]
V  [jvm.dll+0x855741]
V  [jvm.dll+0x857c6e]
V  [jvm.dll+0x858343]
V  [jvm.dll+0x27e0b6]
V  [jvm.dll+0xc4ecd]
V  [jvm.dll+0xc5403]
V  [jvm.dll+0x3b578c]
V  [jvm.dll+0x381e25]
V  [jvm.dll+0x38129a]
V  [jvm.dll+0x246b30]
V  [jvm.dll+0x24610f]
V  [jvm.dll+0x1c6efe]
V  [jvm.dll+0x255819]
V  [jvm.dll+0x253daa]
V  [jvm.dll+0x3eebb6]
V  [jvm.dll+0x7ffa1b]
V  [jvm.dll+0x6c94fd]
C  [ucrtbase.dll+0x21bb2]
C  [KERNEL32.DLL+0x17374]
C  [ntdll.dll+0x4cc91]


---------------  P R O C E S S  ---------------

Threads class SMR info:
_java_thread_list=0x000001c8091d2bc0, length=12, elements={
0x000001c7a4174540, 0x000001c7c3d88ec0, 0x000001c7c3d89cc0, 0x000001c7c3d8c9d0,
0x000001c7c3d8d420, 0x000001c7c3d8de70, 0x000001c7c3d8e8c0, 0x000001c7c3d93a60,
0x000001c7c3d95500, 0x000001c7c3e06300, 0x000001c7c3e08f20, 0x000001c80a22fd20
}

Java Threads: ( => current thread )
  0x000001c7a4174540 JavaThread "main"                              [_thread_in_Java, id=9964, stack(0x0000006378000000,0x0000006378100000) (1024K)]
  0x000001c7c3d88ec0 JavaThread "Reference Handler"          daemon [_thread_blocked, id=25332, stack(0x0000006378800000,0x0000006378900000) (1024K)]
  0x000001c7c3d89cc0 JavaThread "Finalizer"                  daemon [_thread_blocked, id=11284, stack(0x0000006378900000,0x0000006378a00000) (1024K)]
  0x000001c7c3d8c9d0 JavaThread "Signal Dispatcher"          daemon [_thread_blocked, id=30444, stack(0x0000006378a00000,0x0000006378b00000) (1024K)]
  0x000001c7c3d8d420 JavaThread "Attach Listener"            daemon [_thread_blocked, id=6984, stack(0x0000006378b00000,0x0000006378c00000) (1024K)]
  0x000001c7c3d8de70 JavaThread "Service Thread"             daemon [_thread_blocked, id=13636, stack(0x0000006378c00000,0x0000006378d00000) (1024K)]
  0x000001c7c3d8e8c0 JavaThread "Monitor Deflation Thread"   daemon [_thread_blocked, id=11560, stack(0x0000006378d00000,0x0000006378e00000) (1024K)]
=>0x000001c7c3d93a60 JavaThread "C2 CompilerThread0"         daemon [_thread_in_native, id=28736, stack(0x0000006378e00000,0x0000006378f00000) (1024K)]
  0x000001c7c3d95500 JavaThread "C1 CompilerThread0"         daemon [_thread_blocked, id=32380, stack(0x0000006378f00000,0x0000006379000000) (1024K)]
  0x000001c7c3e06300 JavaThread "Notification Thread"        daemon [_thread_blocked, id=11136, stack(0x0000006379000000,0x0000006379100000) (1024K)]
  0x000001c7c3e08f20 JavaThread "Common-Cleaner"             daemon [_thread_blocked, id=20952, stack(0x0000006379100000,0x0000006379200000) (1024K)]
  0x000001c80a22fd20 JavaThread "Thread-1"                   daemon [_thread_blocked, id=8416, stack(0x0000006379200000,0x0000006379300000) (1024K)]
Total: 12

Other Threads:
  0x000001c7c3d6ca20 VMThread "VM Thread"                           [id=24916, stack(0x0000006378700000,0x0000006378800000) (1024K)]
  0x000001c7c3d58570 WatcherThread "VM Periodic Task Thread"        [id=18328, stack(0x0000006378600000,0x0000006378700000) (1024K)]
  0x000001c7a629da90 WorkerThread "GC Thread#0"                     [id=25700, stack(0x0000006378100000,0x0000006378200000) (1024K)]
  0x000001c80922fac0 WorkerThread "GC Thread#1"                     [id=20372, stack(0x0000006379400000,0x0000006379500000) (1024K)]
  0x000001c80922fe60 WorkerThread "GC Thread#2"                     [id=804, stack(0x0000006379500000,0x0000006379600000) (1024K)]
  0x000001c809230200 WorkerThread "GC Thread#3"                     [id=16356, stack(0x0000006379600000,0x0000006379700000) (1024K)]
  0x000001c8091f4fd0 WorkerThread "GC Thread#4"                     [id=25712, stack(0x0000006379700000,0x0000006379800000) (1024K)]
  0x000001c8091f5370 WorkerThread "GC Thread#5"                     [id=27776, stack(0x0000006379800000,0x0000006379900000) (1024K)]
  0x000001c809528b90 WorkerThread "GC Thread#6"                     [id=15200, stack(0x0000006379900000,0x0000006379a00000) (1024K)]
  0x000001c809528f30 WorkerThread "GC Thread#7"                     [id=19244, stack(0x0000006379a00000,0x0000006379b00000) (1024K)]
  0x000001c7a62aa9c0 ConcurrentGCThread "G1 Main Marker"            [id=31004, stack(0x0000006378200000,0x0000006378300000) (1024K)]
  0x000001c7a62ab4c0 WorkerThread "G1 Conc#0"                       [id=9020, stack(0x0000006378300000,0x0000006378400000) (1024K)]
  0x000001c7c3c30090 ConcurrentGCThread "G1 Refine#0"               [id=20188, stack(0x0000006378400000,0x0000006378500000) (1024K)]
  0x000001c7c3c30c00 ConcurrentGCThread "G1 Service"                [id=16544, stack(0x0000006378500000,0x0000006378600000) (1024K)]
Total: 14

Threads with active compile tasks:
C2 CompilerThread0    45735 3088       4       java.util.HashSet::add (20 bytes)
Total: 1

VM state: not at safepoint (normal execution)

VM Mutex/Monitor currently owned by a thread: None

Heap address: 0x0000000748c00000, size: 2932 MB, Compressed Oops mode: Zero based, Oop shift amount: 3

CDS archive(s) mapped at: [0x000001c7c4000000-0x000001c7c4c90000-0x000001c7c4c90000), size 13172736, SharedBaseAddress: 0x000001c7c4000000, ArchiveRelocationMode: 1.
Compressed class space mapped at: 0x000001c7c5000000-0x000001c805000000, reserved size: 1073741824
Narrow klass base: 0x000001c7c4000000, Narrow klass shift: 0, Narrow klass range: 0x100000000

GC Precious Log:
 CardTable entry size: 512
 Card Set container configuration: InlinePtr #cards 4 size 8 Array Of Cards #cards 16 size 48 Howl #buckets 8 coarsen threshold 3686 Howl Bitmap #cards 512 size 80 coarsen threshold 460 Card regions per heap region 1 cards per card region 4096
 CPUs: 8 total, 8 available
 Memory: 11723M
 Large Page Support: Disabled
 NUMA Support: Disabled
 Compressed Oops: Enabled (Zero based)
 Heap Region Size: 2M
 Heap Min Capacity: 8M
 Heap Initial Capacity: 184M
 Heap Max Capacity: 2932M
 Pre-touch: Disabled
 Parallel Workers: 8
 Concurrent Workers: 2
 Concurrent Refinement Workers: 8
 Periodic GC: Disabled

Heap:
 garbage-first heap   total 188416K, used 34250K [0x0000000748c00000, 0x0000000800000000)
  region size 2048K, 16 young (32768K), 1 survivors (2048K)
 Metaspace       used 15084K, committed 15360K, reserved 1114112K
  class space    used 1773K, committed 1856K, reserved 1048576K

Heap Regions: E=young(eden), S=young(survivor), O=old, HS=humongous(starts), HC=humongous(continues), CS=collection set, F=free, TAMS=top-at-mark-start, PB=parsable bottom
|   0|0x0000000748c00000, 0x0000000748e00000, 0x0000000748e00000|100%| O|  |TAMS 0x0000000748c00000| PB 0x0000000748c00000| Untracked 
|   1|0x0000000748e00000, 0x0000000748f82040, 0x0000000749000000| 75%| O|  |TAMS 0x0000000748e00000| PB 0x0000000748e00000| Untracked 
|   2|0x0000000749000000, 0x0000000749000000, 0x0000000749200000|  0%| F|  |TAMS 0x0000000749000000| PB 0x0000000749000000| Untracked 
|   3|0x0000000749200000, 0x0000000749200000, 0x0000000749400000|  0%| F|  |TAMS 0x0000000749200000| PB 0x0000000749200000| Untracked 
|   4|0x0000000749400000, 0x0000000749400000, 0x0000000749600000|  0%| F|  |TAMS 0x0000000749400000| PB 0x0000000749400000| Untracked 
|   5|0x0000000749600000, 0x0000000749600000, 0x0000000749800000|  0%| F|  |TAMS 0x0000000749600000| PB 0x0000000749600000| Untracked 
|   6|0x0000000749800000, 0x0000000749800000, 0x0000000749a00000|  0%| F|  |TAMS 0x0000000749800000| PB 0x0000000749800000| Untracked 
|   7|0x0000000749a00000, 0x0000000749a00000, 0x0000000749c00000|  0%| F|  |TAMS 0x0000000749a00000| PB 0x0000000749a00000| Untracked 
|   8|0x0000000749c00000, 0x0000000749c00000, 0x0000000749e00000|  0%| F|  |TAMS 0x0000000749c00000| PB 0x0000000749c00000| Untracked 
|   9|0x0000000749e00000, 0x0000000749e00000, 0x000000074a000000|  0%| F|  |TAMS 0x0000000749e00000| PB 0x0000000749e00000| Untracked 
|  10|0x000000074a000000, 0x000000074a000000, 0x000000074a200000|  0%| F|  |TAMS 0x000000074a000000| PB 0x000000074a000000| Untracked 
|  11|0x000000074a200000, 0x000000074a200000, 0x000000074a400000|  0%| F|  |TAMS 0x000000074a200000| PB 0x000000074a200000| Untracked 
|  12|0x000000074a400000, 0x000000074a400000, 0x000000074a600000|  0%| F|  |TAMS 0x000000074a400000| PB 0x000000074a400000| Untracked 
|  13|0x000000074a600000, 0x000000074a600000, 0x000000074a800000|  0%| F|  |TAMS 0x000000074a600000| PB 0x000000074a600000| Untracked 
|  14|0x000000074a800000, 0x000000074a800000, 0x000000074aa00000|  0%| F|  |TAMS 0x000000074a800000| PB 0x000000074a800000| Untracked 
|  15|0x000000074aa00000, 0x000000074aa00000, 0x000000074ac00000|  0%| F|  |TAMS 0x000000074aa00000| PB 0x000000074aa00000| Untracked 
|  16|0x000000074ac00000, 0x000000074ac00000, 0x000000074ae00000|  0%| F|  |TAMS 0x000000074ac00000| PB 0x000000074ac00000| Untracked 
|  17|0x000000074ae00000, 0x000000074ae00000, 0x000000074b000000|  0%| F|  |TAMS 0x000000074ae00000| PB 0x000000074ae00000| Untracked 
|  18|0x000000074b000000, 0x000000074b000000, 0x000000074b200000|  0%| F|  |TAMS 0x000000074b000000| PB 0x000000074b000000| Untracked 
|  19|0x000000074b200000, 0x000000074b200000, 0x000000074b400000|  0%| F|  |TAMS 0x000000074b200000| PB 0x000000074b200000| Untracked 
|  20|0x000000074b400000, 0x000000074b400000, 0x000000074b600000|  0%| F|  |TAMS 0x000000074b400000| PB 0x000000074b400000| Untracked 
|  21|0x000000074b600000, 0x000000074b600000, 0x000000074b800000|  0%| F|  |TAMS 0x000000074b600000| PB 0x000000074b600000| Untracked 
|  22|0x000000074b800000, 0x000000074b800000, 0x000000074ba00000|  0%| F|  |TAMS 0x000000074b800000| PB 0x000000074b800000| Untracked 
|  23|0x000000074ba00000, 0x000000074ba00000, 0x000000074bc00000|  0%| F|  |TAMS 0x000000074ba00000| PB 0x000000074ba00000| Untracked 
|  24|0x000000074bc00000, 0x000000074bc00000, 0x000000074be00000|  0%| F|  |TAMS 0x000000074bc00000| PB 0x000000074bc00000| Untracked 
|  25|0x000000074be00000, 0x000000074be00000, 0x000000074c000000|  0%| F|  |TAMS 0x000000074be00000| PB 0x000000074be00000| Untracked 
|  26|0x000000074c000000, 0x000000074c000000, 0x000000074c200000|  0%| F|  |TAMS 0x000000074c000000| PB 0x000000074c000000| Untracked 
|  27|0x000000074c200000, 0x000000074c200000, 0x000000074c400000|  0%| F|  |TAMS 0x000000074c200000| PB 0x000000074c200000| Untracked 
|  28|0x000000074c400000, 0x000000074c400000, 0x000000074c600000|  0%| F|  |TAMS 0x000000074c400000| PB 0x000000074c400000| Untracked 
|  29|0x000000074c600000, 0x000000074c600000, 0x000000074c800000|  0%| F|  |TAMS 0x000000074c600000| PB 0x000000074c600000| Untracked 
|  30|0x000000074c800000, 0x000000074c800000, 0x000000074ca00000|  0%| F|  |TAMS 0x000000074c800000| PB 0x000000074c800000| Untracked 
|  31|0x000000074ca00000, 0x000000074ca00000, 0x000000074cc00000|  0%| F|  |TAMS 0x000000074ca00000| PB 0x000000074ca00000| Untracked 
|  32|0x000000074cc00000, 0x000000074cc00000, 0x000000074ce00000|  0%| F|  |TAMS 0x000000074cc00000| PB 0x000000074cc00000| Untracked 
|  33|0x000000074ce00000, 0x000000074ce00000, 0x000000074d000000|  0%| F|  |TAMS 0x000000074ce00000| PB 0x000000074ce00000| Untracked 
|  34|0x000000074d000000, 0x000000074d000000, 0x000000074d200000|  0%| F|  |TAMS 0x000000074d000000| PB 0x000000074d000000| Untracked 
|  35|0x000000074d200000, 0x000000074d200000, 0x000000074d400000|  0%| F|  |TAMS 0x000000074d200000| PB 0x000000074d200000| Untracked 
|  36|0x000000074d400000, 0x000000074d400000, 0x000000074d600000|  0%| F|  |TAMS 0x000000074d400000| PB 0x000000074d400000| Untracked 
|  37|0x000000074d600000, 0x000000074d600000, 0x000000074d800000|  0%| F|  |TAMS 0x000000074d600000| PB 0x000000074d600000| Untracked 
|  38|0x000000074d800000, 0x000000074d800000, 0x000000074da00000|  0%| F|  |TAMS 0x000000074d800000| PB 0x000000074d800000| Untracked 
|  39|0x000000074da00000, 0x000000074da00000, 0x000000074dc00000|  0%| F|  |TAMS 0x000000074da00000| PB 0x000000074da00000| Untracked 
|  40|0x000000074dc00000, 0x000000074dc00000, 0x000000074de00000|  0%| F|  |TAMS 0x000000074dc00000| PB 0x000000074dc00000| Untracked 
|  41|0x000000074de00000, 0x000000074de00000, 0x000000074e000000|  0%| F|  |TAMS 0x000000074de00000| PB 0x000000074de00000| Untracked 
|  42|0x000000074e000000, 0x000000074e000000, 0x000000074e200000|  0%| F|  |TAMS 0x000000074e000000| PB 0x000000074e000000| Untracked 
|  43|0x000000074e200000, 0x000000074e200000, 0x000000074e400000|  0%| F|  |TAMS 0x000000074e200000| PB 0x000000074e200000| Untracked 
|  44|0x000000074e400000, 0x000000074e400000, 0x000000074e600000|  0%| F|  |TAMS 0x000000074e400000| PB 0x000000074e400000| Untracked 
|  45|0x000000074e600000, 0x000000074e600000, 0x000000074e800000|  0%| F|  |TAMS 0x000000074e600000| PB 0x000000074e600000| Untracked 
|  46|0x000000074e800000, 0x000000074e800000, 0x000000074ea00000|  0%| F|  |TAMS 0x000000074e800000| PB 0x000000074e800000| Untracked 
|  47|0x000000074ea00000, 0x000000074ea00000, 0x000000074ec00000|  0%| F|  |TAMS 0x000000074ea00000| PB 0x000000074ea00000| Untracked 
|  48|0x000000074ec00000, 0x000000074ec00000, 0x000000074ee00000|  0%| F|  |TAMS 0x000000074ec00000| PB 0x000000074ec00000| Untracked 
|  49|0x000000074ee00000, 0x000000074ee00000, 0x000000074f000000|  0%| F|  |TAMS 0x000000074ee00000| PB 0x000000074ee00000| Untracked 
|  50|0x000000074f000000, 0x000000074f000000, 0x000000074f200000|  0%| F|  |TAMS 0x000000074f000000| PB 0x000000074f000000| Untracked 
|  51|0x000000074f200000, 0x000000074f200000, 0x000000074f400000|  0%| F|  |TAMS 0x000000074f200000| PB 0x000000074f200000| Untracked 
|  52|0x000000074f400000, 0x000000074f400000, 0x000000074f600000|  0%| F|  |TAMS 0x000000074f400000| PB 0x000000074f400000| Untracked 
|  53|0x000000074f600000, 0x000000074f600000, 0x000000074f800000|  0%| F|  |TAMS 0x000000074f600000| PB 0x000000074f600000| Untracked 
|  54|0x000000074f800000, 0x000000074f800000, 0x000000074fa00000|  0%| F|  |TAMS 0x000000074f800000| PB 0x000000074f800000| Untracked 
|  55|0x000000074fa00000, 0x000000074fa00000, 0x000000074fc00000|  0%| F|  |TAMS 0x000000074fa00000| PB 0x000000074fa00000| Untracked 
|  56|0x000000074fc00000, 0x000000074fc00000, 0x000000074fe00000|  0%| F|  |TAMS 0x000000074fc00000| PB 0x000000074fc00000| Untracked 
|  57|0x000000074fe00000, 0x000000074fe00000, 0x0000000750000000|  0%| F|  |TAMS 0x000000074fe00000| PB 0x000000074fe00000| Untracked 
|  58|0x0000000750000000, 0x0000000750000000, 0x0000000750200000|  0%| F|  |TAMS 0x0000000750000000| PB 0x0000000750000000| Untracked 
|  59|0x0000000750200000, 0x0000000750200000, 0x0000000750400000|  0%| F|  |TAMS 0x0000000750200000| PB 0x0000000750200000| Untracked 
|  60|0x0000000750400000, 0x0000000750400000, 0x0000000750600000|  0%| F|  |TAMS 0x0000000750400000| PB 0x0000000750400000| Untracked 
|  61|0x0000000750600000, 0x0000000750600000, 0x0000000750800000|  0%| F|  |TAMS 0x0000000750600000| PB 0x0000000750600000| Untracked 
|  62|0x0000000750800000, 0x0000000750800000, 0x0000000750a00000|  0%| F|  |TAMS 0x0000000750800000| PB 0x0000000750800000| Untracked 
|  63|0x0000000750a00000, 0x0000000750a00000, 0x0000000750c00000|  0%| F|  |TAMS 0x0000000750a00000| PB 0x0000000750a00000| Untracked 
|  64|0x0000000750c00000, 0x0000000750c00000, 0x0000000750e00000|  0%| F|  |TAMS 0x0000000750c00000| PB 0x0000000750c00000| Untracked 
|  65|0x0000000750e00000, 0x0000000750e00000, 0x0000000751000000|  0%| F|  |TAMS 0x0000000750e00000| PB 0x0000000750e00000| Untracked 
|  66|0x0000000751000000, 0x0000000751000000, 0x0000000751200000|  0%| F|  |TAMS 0x0000000751000000| PB 0x0000000751000000| Untracked 
|  67|0x0000000751200000, 0x0000000751200000, 0x0000000751400000|  0%| F|  |TAMS 0x0000000751200000| PB 0x0000000751200000| Untracked 
|  68|0x0000000751400000, 0x0000000751400000, 0x0000000751600000|  0%| F|  |TAMS 0x0000000751400000| PB 0x0000000751400000| Untracked 
|  69|0x0000000751600000, 0x0000000751600000, 0x0000000751800000|  0%| F|  |TAMS 0x0000000751600000| PB 0x0000000751600000| Untracked 
|  70|0x0000000751800000, 0x0000000751800000, 0x0000000751a00000|  0%| F|  |TAMS 0x0000000751800000| PB 0x0000000751800000| Untracked 
|  71|0x0000000751a00000, 0x0000000751a00000, 0x0000000751c00000|  0%| F|  |TAMS 0x0000000751a00000| PB 0x0000000751a00000| Untracked 
|  72|0x0000000751c00000, 0x0000000751c00000, 0x0000000751e00000|  0%| F|  |TAMS 0x0000000751c00000| PB 0x0000000751c00000| Untracked 
|  73|0x0000000751e00000, 0x0000000751e00000, 0x0000000752000000|  0%| F|  |TAMS 0x0000000751e00000| PB 0x0000000751e00000| Untracked 
|  74|0x0000000752000000, 0x00000007521f0860, 0x0000000752200000| 96%| S|CS|TAMS 0x0000000752000000| PB 0x0000000752000000| Complete 
|  75|0x0000000752200000, 0x0000000752200000, 0x0000000752400000|  0%| F|  |TAMS 0x0000000752200000| PB 0x0000000752200000| Untracked 
|  76|0x0000000752400000, 0x0000000752400000, 0x0000000752600000|  0%| F|  |TAMS 0x0000000752400000| PB 0x0000000752400000| Untracked 
|  77|0x0000000752600000, 0x0000000752800000, 0x0000000752800000|100%| E|  |TAMS 0x0000000752600000| PB 0x0000000752600000| Complete 
|  78|0x0000000752800000, 0x0000000752a00000, 0x0000000752a00000|100%| E|CS|TAMS 0x0000000752800000| PB 0x0000000752800000| Complete 
|  79|0x0000000752a00000, 0x0000000752c00000, 0x0000000752c00000|100%| E|CS|TAMS 0x0000000752a00000| PB 0x0000000752a00000| Complete 
|  80|0x0000000752c00000, 0x0000000752e00000, 0x0000000752e00000|100%| E|CS|TAMS 0x0000000752c00000| PB 0x0000000752c00000| Complete 
|  81|0x0000000752e00000, 0x0000000753000000, 0x0000000753000000|100%| E|CS|TAMS 0x0000000752e00000| PB 0x0000000752e00000| Complete 
|  82|0x0000000753000000, 0x0000000753200000, 0x0000000753200000|100%| E|CS|TAMS 0x0000000753000000| PB 0x0000000753000000| Complete 
|  83|0x0000000753200000, 0x0000000753400000, 0x0000000753400000|100%| E|CS|TAMS 0x0000000753200000| PB 0x0000000753200000| Complete 
|  84|0x0000000753400000, 0x0000000753600000, 0x0000000753600000|100%| E|CS|TAMS 0x0000000753400000| PB 0x0000000753400000| Complete 
|  85|0x0000000753600000, 0x0000000753800000, 0x0000000753800000|100%| E|CS|TAMS 0x0000000753600000| PB 0x0000000753600000| Complete 
|  86|0x0000000753800000, 0x0000000753a00000, 0x0000000753a00000|100%| E|CS|TAMS 0x0000000753800000| PB 0x0000000753800000| Complete 
|  87|0x0000000753a00000, 0x0000000753c00000, 0x0000000753c00000|100%| E|CS|TAMS 0x0000000753a00000| PB 0x0000000753a00000| Complete 
|  88|0x0000000753c00000, 0x0000000753e00000, 0x0000000753e00000|100%| E|CS|TAMS 0x0000000753c00000| PB 0x0000000753c00000| Complete 
|  89|0x0000000753e00000, 0x0000000754000000, 0x0000000754000000|100%| E|CS|TAMS 0x0000000753e00000| PB 0x0000000753e00000| Complete 
|  90|0x0000000754000000, 0x0000000754200000, 0x0000000754200000|100%| E|CS|TAMS 0x0000000754000000| PB 0x0000000754000000| Complete 
|  91|0x0000000754200000, 0x0000000754400000, 0x0000000754400000|100%| E|CS|TAMS 0x0000000754200000| PB 0x0000000754200000| Complete 

Card table byte_map: [0x000001c7bdff0000,0x000001c7be5b0000] _byte_map_base: 0x000001c7ba5aa000

Marking Bits: (CMBitMap*) 0x000001c7a629e9a0
 Bits: [0x000001c7be5b0000, 0x000001c7c1380000)

Polling page: 0x000001c7a5a20000

Metaspace:

Usage:
  Non-class:     13.00 MB used.
      Class:      1.73 MB used.
       Both:     14.73 MB used.

Virtual space:
  Non-class space:       64.00 MB reserved,      13.19 MB ( 21%) committed,  1 nodes.
      Class space:        1.00 GB reserved,       1.81 MB ( <1%) committed,  1 nodes.
             Both:        1.06 GB reserved,      15.00 MB (  1%) committed. 

Chunk freelists:
   Non-Class:  2.36 MB
       Class:  14.01 MB
        Both:  16.37 MB

MaxMetaspaceSize: unlimited
CompressedClassSpaceSize: 1.00 GB
Initial GC threshold: 21.00 MB
Current GC threshold: 21.00 MB
CDS: on
 - commit_granule_bytes: 65536.
 - commit_granule_words: 8192.
 - virtual_space_node_default_size: 8388608.
 - enlarge_chunks_in_place: 1.
 - use_allocation_guard: 0.


Internal statistics:

num_allocs_failed_limit: 0.
num_arena_births: 162.
num_arena_deaths: 0.
num_vsnodes_births: 2.
num_vsnodes_deaths: 0.
num_space_committed: 240.
num_space_uncommitted: 0.
num_chunks_returned_to_freelist: 0.
num_chunks_taken_from_freelist: 660.
num_chunk_merges: 0.
num_chunk_splits: 461.
num_chunks_enlarged: 378.
num_inconsistent_stats: 0.

CodeHeap 'non-profiled nmethods': size=120000Kb used=1296Kb max_used=1296Kb free=118703Kb
 bounds [0x000001c7b61c0000, 0x000001c7b6430000, 0x000001c7bd6f0000]
CodeHeap 'profiled nmethods': size=120000Kb used=6408Kb max_used=6408Kb free=113591Kb
 bounds [0x000001c7ae6f0000, 0x000001c7aed40000, 0x000001c7b5c20000]
CodeHeap 'non-nmethods': size=5760Kb used=1390Kb max_used=1418Kb free=4369Kb
 bounds [0x000001c7b5c20000, 0x000001c7b5e90000, 0x000001c7b61c0000]
 total_blobs=3595 nmethods=3108 adapters=391
 compilation: enabled
              stopped_count=0, restarted_count=0
 full_count=0

Compilation events (20 events):
Event: 45.466 Thread 0x000001c7c3d95500 nmethod 3085 0x000001c7b62fd390 code [0x000001c7b62fd520, 0x000001c7b62fd5f0]
Event: 45.668 Thread 0x000001c7c3d95500 3086       1       org.apache.maven.model.ModelBase::getDependencyManagement (5 bytes)
Event: 45.668 Thread 0x000001c7c3d95500 nmethod 3086 0x000001c7b62fd690 code [0x000001c7b62fd820, 0x000001c7b62fd8f0]
Event: 45.668 Thread 0x000001c7c3d95500 3087       3       org.apache.maven.model.validation.DefaultModelValidator::validateNotNull (42 bytes)
Event: 45.669 Thread 0x000001c7c3d95500 nmethod 3087 0x000001c7aed24490 code [0x000001c7aed246c0, 0x000001c7aed24cc0]
Event: 45.673 Thread 0x000001c7c3d93a60 3088       4       java.util.HashSet::add (20 bytes)
Event: 45.674 Thread 0x000001c7c3d95500 3089       3       org.apache.maven.model.ModelBase::setLocation (390 bytes)
Event: 45.676 Thread 0x000001c7c3d95500 nmethod 3089 0x000001c7aed24f90 code [0x000001c7aed25340, 0x000001c7aed26f10]
Event: 45.681 Thread 0x000001c7c3d95500 3090       3       org.apache.maven.model.merge.ModelMerger$DependencyKeyComputer::<init> (6 bytes)
Event: 45.682 Thread 0x000001c7c3d95500 nmethod 3090 0x000001c7aed27310 code [0x000001c7aed274c0, 0x000001c7aed276e8]
Event: 45.682 Thread 0x000001c7c3d95500 3091       3       org.apache.maven.model.merge.ModelMerger$DependencyKeyComputer::<init> (10 bytes)
Event: 45.682 Thread 0x000001c7c3d95500 nmethod 3091 0x000001c7aed27810 code [0x000001c7aed279c0, 0x000001c7aed27b90]
Event: 45.682 Thread 0x000001c7c3d95500 3093       1       org.apache.maven.model.RepositoryPolicy::getUpdatePolicy (5 bytes)
Event: 45.682 Thread 0x000001c7c3d95500 nmethod 3093 0x000001c7b62fd990 code [0x000001c7b62fdb20, 0x000001c7b62fdbf0]
Event: 45.682 Thread 0x000001c7c3d95500 3094       1       org.apache.maven.model.RepositoryPolicy::getChecksumPolicy (5 bytes)
Event: 45.682 Thread 0x000001c7c3d95500 nmethod 3094 0x000001c7b62fdc90 code [0x000001c7b62fde20, 0x000001c7b62fdef0]
Event: 45.683 Thread 0x000001c7c3d95500 3095       3       org.codehaus.plexus.util.StringUtils::isNotEmpty (17 bytes)
Event: 45.683 Thread 0x000001c7c3d95500 nmethod 3095 0x000001c7aed27c90 code [0x000001c7aed27e40, 0x000001c7aed28080]
Event: 45.683 Thread 0x000001c7c3d95500 3096       3       java.util.regex.Matcher::match (154 bytes)
Event: 45.684 Thread 0x000001c7c3d95500 nmethod 3096 0x000001c7aed28190 code [0x000001c7aed28380, 0x000001c7aed28920]

GC Heap History (4 events):
Event: 18.535 GC heap before
{Heap before GC invocations=0 (full 0):
 garbage-first heap   total 188416K, used 22528K [0x0000000748c00000, 0x0000000800000000)
  region size 2048K, 11 young (22528K), 0 survivors (0K)
 Metaspace       used 5619K, committed 5824K, reserved 1114112K
  class space    used 647K, committed 768K, reserved 1048576K
}
Event: 19.982 GC heap after
{Heap after GC invocations=1 (full 0):
 garbage-first heap   total 188416K, used 3840K [0x0000000748c00000, 0x0000000800000000)
  region size 2048K, 2 young (4096K), 2 survivors (4096K)
 Metaspace       used 5619K, committed 5824K, reserved 1114112K
  class space    used 647K, committed 768K, reserved 1048576K
}
Event: 30.933 GC heap before
{Heap before GC invocations=1 (full 0):
 garbage-first heap   total 188416K, used 34560K [0x0000000748c00000, 0x0000000800000000)
  region size 2048K, 17 young (34816K), 2 survivors (4096K)
 Metaspace       used 9709K, committed 9920K, reserved 1114112K
  class space    used 1140K, committed 1216K, reserved 1048576K
}
Event: 30.941 GC heap after
{Heap after GC invocations=2 (full 0):
 garbage-first heap   total 188416K, used 5578K [0x0000000748c00000, 0x0000000800000000)
  region size 2048K, 1 young (2048K), 1 survivors (2048K)
 Metaspace       used 9709K, committed 9920K, reserved 1114112K
  class space    used 1140K, committed 1216K, reserved 1048576K
}

Dll operation events (8 events):
Event: 0.286 Loaded shared library C:\Program Files\Java\jdk-21\bin\java.dll
Event: 2.624 Loaded shared library C:\Program Files\Java\jdk-21\bin\jsvml.dll
Event: 3.578 Loaded shared library C:\Program Files\Java\jdk-21\bin\net.dll
Event: 4.074 Loaded shared library C:\Program Files\Java\jdk-21\bin\nio.dll
Event: 4.080 Loaded shared library C:\Program Files\Java\jdk-21\bin\zip.dll
Event: 5.986 Loaded shared library C:\Users\2oleg\Downloads\apache-maven-3.9.11-bin\apache-maven-3.9.11\lib\jansi-native\Windows\x86_64\jansi.dll
Event: 6.232 Loaded shared library C:\Program Files\Java\jdk-21\bin\verify.dll
Event: 6.501 Loaded shared library C:\Program Files\Java\jdk-21\bin\jimage.dll

Deoptimization events (20 events):
Event: 44.778 Thread 0x000001c7a4174540 Uncommon trap: trap_request=0xffffff45 fr.pc=0x000001c7b6233c74 relative=0x00000000000002d4
Event: 44.778 Thread 0x000001c7a4174540 Uncommon trap: reason=unstable_if action=reinterpret pc=0x000001c7b6233c74 method=java.lang.String.decodeASCII([BI[CII)I @ 13 c2
Event: 44.779 Thread 0x000001c7a4174540 DEOPT PACKING pc=0x000001c7b6233c74 sp=0x00000063780fd7d0
Event: 44.779 Thread 0x000001c7a4174540 DEOPT UNPACKING pc=0x000001c7b5c746a2 sp=0x00000063780fd6d0 mode 2
Event: 44.779 Thread 0x000001c7a4174540 Uncommon trap: trap_request=0xffffff45 fr.pc=0x000001c7b62535b8 relative=0x0000000000000218
Event: 44.779 Thread 0x000001c7a4174540 Uncommon trap: reason=unstable_if action=reinterpret pc=0x000001c7b62535b8 method=java.lang.StringUTF16.compress([CII)[B @ 13 c2
Event: 44.779 Thread 0x000001c7a4174540 DEOPT PACKING pc=0x000001c7b62535b8 sp=0x00000063780fdb50
Event: 44.779 Thread 0x000001c7a4174540 DEOPT UNPACKING pc=0x000001c7b5c746a2 sp=0x00000063780fdad8 mode 2
Event: 44.781 Thread 0x000001c7a4174540 Uncommon trap: trap_request=0xffffff45 fr.pc=0x000001c7b62e6204 relative=0x00000000000001e4
Event: 44.781 Thread 0x000001c7a4174540 Uncommon trap: reason=unstable_if action=reinterpret pc=0x000001c7b62e6204 method=java.lang.String.indexOf(Ljava/lang/String;)I @ 10 c2
Event: 44.781 Thread 0x000001c7a4174540 DEOPT PACKING pc=0x000001c7b62e6204 sp=0x00000063780fde70
Event: 44.781 Thread 0x000001c7a4174540 DEOPT UNPACKING pc=0x000001c7b5c746a2 sp=0x00000063780fde00 mode 2
Event: 45.071 Thread 0x000001c7a4174540 Uncommon trap: trap_request=0xffffff6e fr.pc=0x000001c7b62f308c relative=0x0000000000000b4c
Event: 45.071 Thread 0x000001c7a4174540 Uncommon trap: reason=loop_limit_check action=maybe_recompile pc=0x000001c7b62f308c method=java.util.regex.Pattern$Start.match(Ljava/util/regex/Matcher;ILjava/lang/CharSequence;)Z @ 34 c2
Event: 45.071 Thread 0x000001c7a4174540 DEOPT PACKING pc=0x000001c7b62f308c sp=0x00000063780fdef0
Event: 45.071 Thread 0x000001c7a4174540 DEOPT UNPACKING pc=0x000001c7b5c746a2 sp=0x00000063780fde50 mode 2
Event: 45.082 Thread 0x000001c7a4174540 Uncommon trap: trap_request=0xffffff45 fr.pc=0x000001c7b6234244 relative=0x00000000000002a4
Event: 45.082 Thread 0x000001c7a4174540 Uncommon trap: reason=unstable_if action=reinterpret pc=0x000001c7b6234244 method=java.lang.String.decodeASCII([BI[CII)I @ 13 c2
Event: 45.082 Thread 0x000001c7a4174540 DEOPT PACKING pc=0x000001c7b6234244 sp=0x00000063780fd7e0
Event: 45.082 Thread 0x000001c7a4174540 DEOPT UNPACKING pc=0x000001c7b5c746a2 sp=0x00000063780fd790 mode 2

Classes loaded (20 events):
Event: 43.386 Loading class java/nio/channels/spi/AbstractInterruptibleChannel$1
Event: 43.386 Loading class sun/nio/ch/Interruptible
Event: 43.386 Loading class sun/nio/ch/Interruptible done
Event: 43.386 Loading class java/nio/channels/spi/AbstractInterruptibleChannel$1 done
Event: 43.387 Loading class java/util/AbstractMap$2
Event: 43.387 Loading class java/util/AbstractMap$2 done
Event: 43.387 Loading class java/util/AbstractMap$2$1
Event: 43.387 Loading class java/util/AbstractMap$2$1 done
Event: 43.931 Loading class sun/util/resources/LocaleData$CommonResourceBundleProvider
Event: 43.976 Loading class sun/util/resources/LocaleData$LocaleDataResourceBundleProvider
Event: 43.976 Loading class java/util/spi/ResourceBundleProvider
Event: 43.977 Loading class java/util/spi/ResourceBundleProvider done
Event: 43.977 Loading class sun/util/resources/LocaleData$LocaleDataResourceBundleProvider done
Event: 43.977 Loading class sun/util/resources/LocaleData$CommonResourceBundleProvider done
Event: 43.977 Loading class sun/util/resources/Bundles$2
Event: 43.977 Loading class sun/util/resources/Bundles$2 done
Event: 44.281 Loading class java/util/StringTokenizer
Event: 44.281 Loading class java/util/StringTokenizer done
Event: 44.612 Loading class java/util/stream/Streams$RangeIntSpliterator
Event: 44.612 Loading class java/util/stream/Streams$RangeIntSpliterator done

Classes unloaded (0 events):
No events

Classes redefined (0 events):
No events

Internal exceptions (20 events):
Event: 33.718 Thread 0x000001c7a4174540 Exception <a 'java/lang/NoSuchMethodError'{0x0000000753f60138}: 'java.lang.Object java.lang.invoke.DirectMethodHandle$Holder.invokeSpecial(java.lang.Object, java.lang.Object, java.lang.Object, int, java.lang.Object)'> (0x0000000753f60138) 
thrown [s\open\src\hotspot\share\interpreter\linkResolver.cpp, line 773]
Event: 33.721 Thread 0x000001c7a4174540 Exception <a 'java/lang/NoSuchMethodError'{0x0000000753f68278}: 'int java.lang.invoke.DirectMethodHandle$Holder.invokeSpecial(java.lang.Object, java.lang.Object, java.lang.Object, int)'> (0x0000000753f68278) 
thrown [s\open\src\hotspot\share\interpreter\linkResolver.cpp, line 773]
Event: 33.729 Thread 0x000001c7a4174540 Implicit null exception at 0x000001c7b62538da to 0x000001c7b6253ad4
Event: 33.736 Thread 0x000001c7a4174540 Exception <a 'java/lang/NoSuchMethodError'{0x0000000753f8cbe8}: 'java.lang.Object java.lang.invoke.Invokers$Holder.invokeExact_MT(java.lang.Object, int, java.lang.Object)'> (0x0000000753f8cbe8) 
thrown [s\open\src\hotspot\share\interpreter\linkResolver.cpp, line 773]
Event: 38.168 Thread 0x000001c7a4174540 Exception <a 'java/lang/NoSuchMethodError'{0x00000007537926b0}: 'void java.lang.invoke.Invokers$Holder.invokeExact_MT(java.lang.Object, java.lang.Object, java.lang.Object, java.lang.Object)'> (0x00000007537926b0) 
thrown [s\open\src\hotspot\share\interpreter\linkResolver.cpp, line 773]
Event: 38.553 Thread 0x000001c7a4174540 Exception <a 'java/lang/NoClassDefFoundError'{0x0000000753422a10}: com/google/inject/servlet/ServletModuleTargetVisitor> (0x0000000753422a10) 
thrown [s\open\src\hotspot\share\classfile\systemDictionary.cpp, line 301]
Event: 39.610 Thread 0x000001c7a4174540 Exception <a 'java/lang/NoSuchMethodError'{0x00000007535e7f00}: 'void java.lang.invoke.DirectMethodHandle$Holder.invokeVirtual(java.lang.Object, java.lang.Object)'> (0x00000007535e7f00) 
thrown [s\open\src\hotspot\share\interpreter\linkResolver.cpp, line 773]
Event: 40.592 Thread 0x000001c7a4174540 Exception <a 'java/lang/NoSuchMethodError'{0x0000000753267790}: 'java.lang.Object java.lang.invoke.DirectMethodHandle$Holder.invokeStaticInit(java.lang.Object, int, int, int, int)'> (0x0000000753267790) 
thrown [s\open\src\hotspot\share\interpreter\linkResolver.cpp, line 773]
Event: 42.920 Thread 0x000001c7a4174540 Exception <a 'java/io/IOException'{0x00000007531d6e50}> (0x00000007531d6e50) 
thrown [s\open\src\hotspot\share\prims\jni.cpp, line 520]
Event: 42.920 Thread 0x000001c7a4174540 Exception <a 'java/io/IOException'{0x00000007531d74e8}> (0x00000007531d74e8) 
thrown [s\open\src\hotspot\share\prims\jni.cpp, line 520]
Event: 42.921 Thread 0x000001c7a4174540 Exception <a 'java/io/IOException'{0x00000007531d7ac0}> (0x00000007531d7ac0) 
thrown [s\open\src\hotspot\share\prims\jni.cpp, line 520]
Event: 42.921 Thread 0x000001c7a4174540 Exception <a 'java/io/IOException'{0x00000007531d7de8}> (0x00000007531d7de8) 
thrown [s\open\src\hotspot\share\prims\jni.cpp, line 520]
Event: 43.150 Thread 0x000001c7a4174540 Implicit null exception at 0x000001c7b6222aa4 to 0x000001c7b622311c
Event: 43.154 Thread 0x000001c7a4174540 Implicit null exception at 0x000001c7b61ec0a0 to 0x000001c7b61ec70c
Event: 43.658 Thread 0x000001c7a4174540 Exception <a 'java/lang/NoSuchMethodError'{0x0000000752fc6760}: 'void java.lang.invoke.DirectMethodHandle$Holder.invokeSpecial(java.lang.Object, java.lang.Object, java.lang.Object, java.lang.Object, java.lang.Object)'> (0x0000000752fc6760) 
thrown [s\open\src\hotspot\share\interpreter\linkResolver.cpp, line 773]
Event: 43.662 Thread 0x000001c7a4174540 Exception <a 'java/lang/NoSuchMethodError'{0x0000000752fdc910}: 'void java.lang.invoke.DirectMethodHandle$Holder.invokeSpecial(java.lang.Object, java.lang.Object, java.lang.Object, java.lang.Object, java.lang.Object, java.lang.Object)'> (0x0000000752fdc910) 
thrown [s\open\src\hotspot\share\interpreter\linkResolver.cpp, line 773]
Event: 43.905 Thread 0x000001c7a4174540 Exception <a 'java/lang/NoSuchMethodError'{0x0000000752cccbb8}: 'java.lang.Object java.lang.invoke.DirectMethodHandle$Holder.invokeVirtual(java.lang.Object, java.lang.Object, java.lang.Object)'> (0x0000000752cccbb8) 
thrown [s\open\src\hotspot\share\interpreter\linkResolver.cpp, line 773]
Event: 44.321 Thread 0x000001c7a4174540 Exception <a 'java/lang/NoSuchMethodError'{0x0000000752aa8fb8}: 'void java.lang.invoke.DirectMethodHandle$Holder.invokeVirtual(java.lang.Object, java.lang.Object, int)'> (0x0000000752aa8fb8) 
thrown [s\open\src\hotspot\share\interpreter\linkResolver.cpp, line 773]
Event: 44.321 Thread 0x000001c7a4174540 Exception <a 'java/lang/NoSuchMethodError'{0x0000000752aacd68}: 'void java.lang.invoke.DirectMethodHandle$Holder.invokeSpecial(java.lang.Object, java.lang.Object, java.lang.Object, int)'> (0x0000000752aacd68) 
thrown [s\open\src\hotspot\share\interpreter\linkResolver.cpp, line 773]
Event: 44.322 Thread 0x000001c7a4174540 Exception <a 'java/lang/NoSuchMethodError'{0x0000000752ab0438}: 'void java.lang.invoke.DelegatingMethodHandle$Holder.reinvoke_L(java.lang.Object, java.lang.Object, int)'> (0x0000000752ab0438) 
thrown [s\open\src\hotspot\share\interpreter\linkResolver.cpp, line 773]

ZGC Phase Switch (0 events):
No events

VM Operations (20 events):
Event: 37.778 Executing VM operation: Cleanup
Event: 37.779 Executing VM operation: Cleanup done
Event: 38.779 Executing VM operation: Cleanup
Event: 38.866 Executing VM operation: Cleanup done
Event: 39.626 Executing VM operation: HandshakeAllThreads (Deoptimize)
Event: 39.626 Executing VM operation: HandshakeAllThreads (Deoptimize) done
Event: 40.627 Executing VM operation: Cleanup
Event: 40.910 Executing VM operation: Cleanup done
Event: 40.924 Executing VM operation: HandshakeAllThreads (Deoptimize)
Event: 40.924 Executing VM operation: HandshakeAllThreads (Deoptimize) done
Event: 41.584 Executing VM operation: HandshakeAllThreads (Deoptimize)
Event: 41.584 Executing VM operation: HandshakeAllThreads (Deoptimize) done
Event: 42.481 Executing VM operation: HandshakeAllThreads (Deoptimize)
Event: 42.894 Executing VM operation: HandshakeAllThreads (Deoptimize) done
Event: 42.894 Executing VM operation: Cleanup
Event: 42.894 Executing VM operation: Cleanup done
Event: 42.895 Executing VM operation: HandshakeAllThreads (Deoptimize)
Event: 42.895 Executing VM operation: HandshakeAllThreads (Deoptimize) done
Event: 43.896 Executing VM operation: Cleanup
Event: 43.896 Executing VM operation: Cleanup done

Events (20 events):
Event: 1.766 Thread 0x000001c7c3d8e8c0 Thread added: 0x000001c7c3d8e8c0
Event: 1.767 Thread 0x000001c7c3d93a60 Thread added: 0x000001c7c3d93a60
Event: 2.032 Thread 0x000001c7c3d95500 Thread added: 0x000001c7c3d95500
Event: 2.280 Thread 0x000001c7c3e06300 Thread added: 0x000001c7c3e06300
Event: 2.292 Thread 0x000001c7c3e08f20 Thread added: 0x000001c7c3e08f20
Event: 5.453 Thread 0x000001c8091b4de0 Thread added: 0x000001c8091b4de0
Event: 5.955 Thread 0x000001c8091b4de0 Thread exited: 0x000001c8091b4de0
Event: 5.982 Thread 0x000001c8091b56c0 Thread added: 0x000001c8091b56c0
Event: 12.388 Thread 0x000001c8091b56c0 Thread exited: 0x000001c8091b56c0
Event: 18.359 Thread 0x000001c809a7e210 Thread added: 0x000001c809a7e210
Event: 18.403 Thread 0x000001c80922dba0 Thread added: 0x000001c80922dba0
Event: 20.351 Thread 0x000001c80922dba0 Thread exited: 0x000001c80922dba0
Event: 20.353 Thread 0x000001c809a7e210 Thread exited: 0x000001c809a7e210
Event: 38.894 Thread 0x000001c809bcbfc0 Thread added: 0x000001c809bcbfc0
Event: 39.598 Thread 0x000001c809bcbfc0 Thread exited: 0x000001c809bcbfc0
Event: 41.609 Thread 0x000001c80a22fd20 Thread added: 0x000001c80a22fd20
Event: 44.788 Thread 0x000001c809ac7860 Thread added: 0x000001c809ac7860
Event: 44.791 Thread 0x000001c80a09cdd0 Thread added: 0x000001c80a09cdd0
Event: 45.405 Thread 0x000001c80a09cdd0 Thread exited: 0x000001c80a09cdd0
Event: 45.407 Thread 0x000001c809ac7860 Thread exited: 0x000001c809ac7860


Dynamic libraries:
0x00007ff703c60000 - 0x00007ff703c70000 	C:\Program Files\Java\jdk-21\bin\java.exe
0x00007ff9f5930000 - 0x00007ff9f5b28000 	C:\WINDOWS\SYSTEM32\ntdll.dll
0x00007ff9f5400000 - 0x00007ff9f54c2000 	C:\WINDOWS\System32\KERNEL32.DLL
0x00007ff9f3130000 - 0x00007ff9f3426000 	C:\WINDOWS\System32\KERNELBASE.dll
0x00007ff9e2300000 - 0x00007ff9e2319000 	C:\Program Files\Java\jdk-21\bin\jli.dll
0x00007ff9f3da0000 - 0x00007ff9f3e51000 	C:\WINDOWS\System32\ADVAPI32.dll
0x00007ff9e31d0000 - 0x00007ff9e31eb000 	C:\Program Files\Java\jdk-21\bin\VCRUNTIME140.dll
0x00007ff9f5820000 - 0x00007ff9f58be000 	C:\WINDOWS\System32\msvcrt.dll
0x00007ff9f4800000 - 0x00007ff9f489f000 	C:\WINDOWS\System32\sechost.dll
0x00007ff9f3c10000 - 0x00007ff9f3d30000 	C:\WINDOWS\System32\RPCRT4.dll
0x00007ff9f3560000 - 0x00007ff9f3587000 	C:\WINDOWS\System32\bcrypt.dll
0x00007ff9f3f40000 - 0x00007ff9f40e1000 	C:\WINDOWS\System32\USER32.dll
0x00007ff9e4da0000 - 0x00007ff9e503b000 	C:\WINDOWS\WinSxS\amd64_microsoft.windows.common-controls_6595b64144ccf1df_6.0.19041.6456_none_60b8a6cb71f64256\COMCTL32.dll
0x00007ff9f3100000 - 0x00007ff9f3122000 	C:\WINDOWS\System32\win32u.dll
0x00007ff9f47c0000 - 0x00007ff9f47eb000 	C:\WINDOWS\System32\GDI32.dll
0x00007ff9f2f90000 - 0x00007ff9f30a9000 	C:\WINDOWS\System32\gdi32full.dll
0x00007ff9f3590000 - 0x00007ff9f362d000 	C:\WINDOWS\System32\msvcp_win.dll
0x00007ff9ecd10000 - 0x00007ff9ecd1a000 	C:\WINDOWS\SYSTEM32\VERSION.dll
0x00007ff9f3820000 - 0x00007ff9f3920000 	C:\WINDOWS\System32\ucrtbase.dll
0x00007ff9f3f10000 - 0x00007ff9f3f3f000 	C:\WINDOWS\System32\IMM32.DLL
0x00007ff9ed3a0000 - 0x00007ff9ed3ac000 	C:\Program Files\Java\jdk-21\bin\vcruntime140_1.dll
0x00007ff9c7130000 - 0x00007ff9c71be000 	C:\Program Files\Java\jdk-21\bin\msvcp140.dll
0x00007ff98ebe0000 - 0x00007ff98f8fa000 	C:\Program Files\Java\jdk-21\bin\server\jvm.dll
0x00007ff9f4210000 - 0x00007ff9f427b000 	C:\WINDOWS\System32\WS2_32.dll
0x00007ff9f2df0000 - 0x00007ff9f2e3b000 	C:\WINDOWS\SYSTEM32\POWRPROF.dll
0x00007ff9e0140000 - 0x00007ff9e0167000 	C:\WINDOWS\SYSTEM32\WINMM.dll
0x00007ff9f2dd0000 - 0x00007ff9f2de2000 	C:\WINDOWS\SYSTEM32\UMPDC.dll
0x00007ff9f0dc0000 - 0x00007ff9f0dd2000 	C:\WINDOWS\SYSTEM32\kernel.appcore.dll
0x00007ff9ed370000 - 0x00007ff9ed37a000 	C:\Program Files\Java\jdk-21\bin\jimage.dll
0x00007ff9df840000 - 0x00007ff9dfa41000 	C:\WINDOWS\SYSTEM32\DBGHELP.DLL
0x00007ff9dd350000 - 0x00007ff9dd384000 	C:\WINDOWS\SYSTEM32\dbgcore.DLL
0x00007ff9f3630000 - 0x00007ff9f36b2000 	C:\WINDOWS\System32\bcryptPrimitives.dll
0x00007ff9e0be0000 - 0x00007ff9e0bff000 	C:\Program Files\Java\jdk-21\bin\java.dll
0x00007ff9f4930000 - 0x00007ff9f50a0000 	C:\WINDOWS\System32\SHELL32.dll
0x00007ff9f0fc0000 - 0x00007ff9f1765000 	C:\WINDOWS\SYSTEM32\windows.storage.dll
0x00007ff9f50a0000 - 0x00007ff9f53f4000 	C:\WINDOWS\System32\combase.dll
0x00007ff9f28e0000 - 0x00007ff9f290b000 	C:\WINDOWS\SYSTEM32\Wldp.dll
0x00007ff9f46f0000 - 0x00007ff9f47bd000 	C:\WINDOWS\System32\OLEAUT32.dll
0x00007ff9f3920000 - 0x00007ff9f39cd000 	C:\WINDOWS\System32\SHCORE.dll
0x00007ff9f57c0000 - 0x00007ff9f581b000 	C:\WINDOWS\System32\shlwapi.dll
0x00007ff9f2ec0000 - 0x00007ff9f2ee4000 	C:\WINDOWS\SYSTEM32\profapi.dll
0x00007ff9ab440000 - 0x00007ff9ab517000 	C:\Program Files\Java\jdk-21\bin\jsvml.dll
0x00007ff9ebd20000 - 0x00007ff9ebd30000 	C:\Program Files\Java\jdk-21\bin\net.dll
0x00007ff9ec950000 - 0x00007ff9eca5a000 	C:\WINDOWS\SYSTEM32\WINHTTP.dll
0x00007ff9f25f0000 - 0x00007ff9f265a000 	C:\WINDOWS\system32\mswsock.dll
0x00007ff9dbf20000 - 0x00007ff9dbf36000 	C:\Program Files\Java\jdk-21\bin\nio.dll
0x00007ff9d8a60000 - 0x00007ff9d8a78000 	C:\Program Files\Java\jdk-21\bin\zip.dll
0x00007ff9d0da0000 - 0x00007ff9d0dc4000 	C:\Users\2oleg\Downloads\apache-maven-3.9.11-bin\apache-maven-3.9.11\lib\jansi-native\Windows\x86_64\jansi.dll
0x00007ff9e8580000 - 0x00007ff9e8590000 	C:\Program Files\Java\jdk-21\bin\verify.dll

dbghelp: loaded successfully - version: 4.0.5 - missing functions: none
symbol engine: initialized successfully - sym options: 0x614 - pdb path: .;C:\Program Files\Java\jdk-21\bin;C:\WINDOWS\SYSTEM32;C:\WINDOWS\WinSxS\amd64_microsoft.windows.common-controls_6595b64144ccf1df_6.0.19041.6456_none_60b8a6cb71f64256;C:\Program Files\Java\jdk-21\bin\server;C:\Users\2oleg\Downloads\apache-maven-3.9.11-bin\apache-maven-3.9.11\lib\jansi-native\Windows\x86_64

VM Arguments:
jvm_args: -Dclassworlds.conf=C:\Users\2oleg\Downloads\apache-maven-3.9.11-bin\apache-maven-3.9.11\bin\m2.conf -Dmaven.home=C:\Users\2oleg\Downloads\apache-maven-3.9.11-bin\apache-maven-3.9.11 -Dlibrary.jansi.path=C:\Users\2oleg\Downloads\apache-maven-3.9.11-bin\apache-maven-3.9.11\lib\jansi-native -Dmaven.multiModuleProjectDirectory=C:\Users\2oleg\Downloads\Telegram Desktop\Kefir\Backend\TransactionSaga 
java_command: org.codehaus.plexus.classworlds.launcher.Launcher spring-boot:run -Dserver.port=8090 -DskipTests
java_class_path (initial): C:\Users\2oleg\Downloads\apache-maven-3.9.11-bin\apache-maven-3.9.11\boot\plexus-classworlds-2.9.0.jar
Launcher Type: SUN_STANDARD

[Global flags]
     intx CICompilerCount                          = 4                                         {product} {ergonomic}
     uint ConcGCThreads                            = 2                                         {product} {ergonomic}
     uint G1ConcRefinementThreads                  = 8                                         {product} {ergonomic}
   size_t G1HeapRegionSize                         = 2097152                                   {product} {ergonomic}
    uintx GCDrainStackTargetSize                   = 64                                        {product} {ergonomic}
   size_t InitialHeapSize                          = 192937984                                 {product} {ergonomic}
   size_t MarkStackSize                            = 4194304                                   {product} {ergonomic}
   size_t MaxHeapSize                              = 3074424832                                {product} {ergonomic}
   size_t MaxNewSize                               = 1843396608                                {product} {ergonomic}
   size_t MinHeapDeltaBytes                        = 2097152                                   {product} {ergonomic}
   size_t MinHeapSize                              = 8388608                                   {product} {ergonomic}
    uintx NonNMethodCodeHeapSize                   = 5839372                                {pd product} {ergonomic}
    uintx NonProfiledCodeHeapSize                  = 122909434                              {pd product} {ergonomic}
    uintx ProfiledCodeHeapSize                     = 122909434                              {pd product} {ergonomic}
    uintx ReservedCodeCacheSize                    = 251658240                              {pd product} {ergonomic}
     bool SegmentedCodeCache                       = true                                      {product} {ergonomic}
   size_t SoftMaxHeapSize                          = 3074424832                             {manageable} {ergonomic}
     bool UseCompressedOops                        = true                           {product lp64_product} {ergonomic}
     bool UseG1GC                                  = true                                      {product} {ergonomic}
     bool UseLargePagesIndividualAllocation        = false                                  {pd product} {ergonomic}

Logging:
Log output configuration:
 #0: stdout all=warning uptime,level,tags foldmultilines=false
 #1: stderr all=off uptime,level,tags foldmultilines=false

Environment Variables:
JAVA_HOME=C:\Program Files\Java\jdk-21
PATH=C:\Program Files\Common Files\Oracle\Java\javapath;C:\Program Files (x86)\Cuminas\Document Express DjVu Plug-in\;C:\Program Files (x86)\Razer Chroma SDK\bin;C:\Program Files\Razer Chroma SDK\bin;C:\WINDOWS\system32;C:\WINDOWS;C:\WINDOWS\System32\Wbem;C:\WINDOWS\System32\WindowsPowerShell\v1.0\;C:\WINDOWS\System32\OpenSSH\;C:\Program Files (x86)\NVIDIA Corporation\PhysX\Common;C:\WINDOWS\system32\config\systemprofile\AppData\Local\Microsoft\WindowsApps;C:\Program Files (x86)\Razer\ChromaBroadcast\bin;C:\Program Files\Razer\ChromaBroadcast\bin;C:\Users\2oleg\AppData\Local\Microsoft\WindowsApps;C:\Program Files\JetBrains\IntelliJ IDEA Community Edition 2024.3\bin;C:\Users\2oleg\AppData\Local\Programs\Microsoft VS Code\bin;C:\Program Files\Docker\Docker\resources\bin;C:\Users\2oleg\Downloads\curl-8.16.0_6-win64-mingw.zip\curl-8.16.0_6-win64-mingw\bin;C:\Users\2oleg\Downloads\curl-8.16.0_6-win64-mingw\curl-8.16.0_6-win64-mingw\bin;C:\Users\2oleg\Downloads\apache-maven-3.9.11-bin\apache-maven-3.9.11\bin;C:\ProgramData\chocolatey\bin;C:\Users\2oleg\AppData\Roaming\Cloud Foundry;C:\Program Files\Git\cmd;C:\Program Files\nodejs\;C:\Users\2oleg\AppData\Local\Muse Hub\lib;C:\Users\2oleg\AppData\Local\Microsoft\WindowsApps;C:\Program Files\JetBrains\IntelliJ IDEA Community Edition 2025.2.4\bin;C:\Users\2oleg\AppData\Local\Programs\Microsoft VS Code\bin;C:\Program Files\jq.exe;C:\Users\2oleg\AppData\Local\Microsoft\WinGet\Packages\jqlang.jq_Microsoft.Winget.Source_8wekyb3d8bbwe;C:\Program Files\Java\jdk-24;C:\Users\2oleg\Downloads\gradle-9.0.0-bin\gradle-9.0.0\bin;C:\Program Files\Docker\Docker\resources\bin;C:\Users\2oleg\AppData\Local\GitHubDesktop\bin;C:\Users\2oleg\AppData\Roaming\npm
USERNAME=2oleg
OS=Windows_NT
PROCESSOR_IDENTIFIER=Intel64 Family 6 Model 60 Stepping 3, GenuineIntel
TMP=C:\Users\2oleg\AppData\Local\Temp
TEMP=C:\Users\2oleg\AppData\Local\Temp




Periodic native trim disabled

---------------  S Y S T E M  ---------------

OS:
 Windows 10 , 64 bit Build 19041 (10.0.19041.5915)
OS uptime: 10 days 12:25 hours
Hyper-V role detected

CPU: total 8 (initial active 8) (4 cores per cpu, 2 threads per core) family 6 model 60 stepping 3 microcode 0x27, cx8, cmov, fxsr, ht, mmx, sse, sse2, sse3, ssse3, sse4.1, sse4.2, popcnt, lzcnt, tsc, tscinvbit, avx, avx2, aes, erms, clmul, bmi1, bmi2, fma, vzeroupper, clflush, hv, rdtscp, f16c
Processor Information for all 8 processors :
  Max Mhz: 2401, Current Mhz: 2401, Mhz Limit: 2401

Memory: 4k page, system-wide physical 11723M (1473M free)
TotalPageFile size 23723M (AvailPageFile size 3M)
current process WorkingSet (physical memory assigned to process): 113M, peak: 114M
current process commit charge ("private bytes"): 300M, peak: 304M

vm_info: Java HotSpot(TM) 64-Bit Server VM (21.0.7+8-LTS-245) for windows-amd64 JRE (21.0.7+8-LTS-245), built on 2025-02-21T05:11:27Z by "mach5one" with MS VC++ 17.6 (VS2022)

END.
