#
# There is insufficient memory for the Java Runtime Environment to continue.
# Native memory allocation (malloc) failed to allocate 127776 bytes for Chunk::new
# Possible reasons:
#   The system is out of physical RAM or swap space
#   The process is running with CompressedOops enabled, and the Java Heap may be blocking the growth of the native heap
# Possible solutions:
#   Reduce memory load on the system
#   Increase physical memory or swap space
#   Check if swap backing store is full
#   Decrease Java heap size (-Xmx/-Xms)
#   Decrease number of Java threads
#   Decrease Java thread stack sizes (-Xss)
#   Set larger code cache with -XX:ReservedCodeCacheSize=
#   JVM is running with Zero Based Compressed Oops mode in which the Java heap is
#     placed in the first 32GB address space. The Java Heap base address is the
#     maximum limit for the native heap growth. Please use -XX:HeapBaseMinAddress
#     to set the Java Heap base and to place the Java Heap above 32GB virtual address.
# This output file may be truncated or incomplete.
#
#  Out of Memory Error (arena.cpp:168), pid=7800, tid=18944
#
# JRE version: Java(TM) SE Runtime Environment (21.0.7+8) (build 21.0.7+8-LTS-245)
# Java VM: Java HotSpot(TM) 64-Bit Server VM (21.0.7+8-LTS-245, mixed mode, sharing, tiered, compressed oops, compressed class ptrs, g1 gc, windows-amd64)
# No core dump will be written. Minidumps are not enabled by default on client versions of Windows
#

---------------  S U M M A R Y ------------

Command Line: --enable-native-access=ALL-UNNAMED -Dclassworlds.conf=C:\Users\2oleg\Downloads\apache-maven-3.9.11-bin\apache-maven-3.9.11\bin\m2.conf -Dmaven.home=C:\Users\2oleg\Downloads\apache-maven-3.9.11-bin\apache-maven-3.9.11 -Dlibrary.jansi.path=C:\Users\2oleg\Downloads\apache-maven-3.9.11-bin\apache-maven-3.9.11\lib\jansi-native -Dmaven.multiModuleProjectDirectory=C:\Users\2oleg\Downloads\Telegram Desktop\Kefir\Backend\TransactionSaga org.codehaus.plexus.classworlds.launcher.Launcher spring-boot:run -Dserver.port=8090 -DskipTests

Host: Intel(R) Core(TM) i7-4700HQ CPU @ 2.40GHz, 8 cores, 11G,  Windows 10 , 64 bit Build 19041 (10.0.19041.5915)
Time: Sat Dec 13 01:37:35 2025 RTZ 2 (s 10 , 64 bit Build 19041 (10.0.19041.5915) elapsed time: 27.570527 seconds (0d 0h 0m 27s)

---------------  T H R E A D  ---------------

Current thread (0x0000023d1c859630):  JavaThread "C2 CompilerThread1" daemon [_thread_in_native, id=18944, stack(0x000000a7bcb00000,0x000000a7bcc00000) (1024K)]


Current CompileTask:
C2:  27570 3706       4       java.util.regex.Pattern$CharPropertyGreedy::match (160 bytes)

Stack: [0x000000a7bcb00000,0x000000a7bcc00000]
Native frames: (J=compiled Java code, j=interpreted, Vv=VM code, C=native code)
V  [jvm.dll+0x6cae19]
V  [jvm.dll+0x855741]
V  [jvm.dll+0x857c6e]
V  [jvm.dll+0x858343]
V  [jvm.dll+0x27e0b6]
V  [jvm.dll+0xc4ecd]
V  [jvm.dll+0xc5403]
V  [jvm.dll+0x2f145d]
V  [jvm.dll+0x5f5a8a]
V  [jvm.dll+0x24fbc2]
V  [jvm.dll+0x24852f]
V  [jvm.dll+0x246004]
V  [jvm.dll+0x1c6efe]
V  [jvm.dll+0x255819]
V  [jvm.dll+0x253daa]
V  [jvm.dll+0x3eebb6]
V  [jvm.dll+0x7ffa1b]
V  [jvm.dll+0x6c94fd]
C  [ucrtbase.dll+0x21bb2]
C  [KERNEL32.DLL+0x17374]
C  [ntdll.dll+0x4cc91]


---------------  P R O C E S S  ---------------

Threads class SMR info:
_java_thread_list=0x0000023d623c1b10, length=13, elements={
0x0000023d7c8af760, 0x0000023d1c64bad0, 0x0000023d1c64c720, 0x0000023d1c64f280,
0x0000023d1c64fcd0, 0x0000023d1c650720, 0x0000023d1c651170, 0x0000023d1c653f00,
0x0000023d1c655130, 0x0000023d1c885db0, 0x0000023d1c8885e0, 0x0000023d62a4f8a0,
0x0000023d1c859630
}

Java Threads: ( => current thread )
  0x0000023d7c8af760 JavaThread "main"                              [_thread_in_native, id=32220, stack(0x000000a7bb800000,0x000000a7bb900000) (1024K)]
  0x0000023d1c64bad0 JavaThread "Reference Handler"          daemon [_thread_blocked, id=26780, stack(0x000000a7bc000000,0x000000a7bc100000) (1024K)]
  0x0000023d1c64c720 JavaThread "Finalizer"                  daemon [_thread_blocked, id=28280, stack(0x000000a7bc100000,0x000000a7bc200000) (1024K)]
  0x0000023d1c64f280 JavaThread "Signal Dispatcher"          daemon [_thread_blocked, id=9952, stack(0x000000a7bc200000,0x000000a7bc300000) (1024K)]
  0x0000023d1c64fcd0 JavaThread "Attach Listener"            daemon [_thread_blocked, id=32576, stack(0x000000a7bc300000,0x000000a7bc400000) (1024K)]
  0x0000023d1c650720 JavaThread "Service Thread"             daemon [_thread_blocked, id=22324, stack(0x000000a7bc400000,0x000000a7bc500000) (1024K)]
  0x0000023d1c651170 JavaThread "Monitor Deflation Thread"   daemon [_thread_blocked, id=13868, stack(0x000000a7bc500000,0x000000a7bc600000) (1024K)]
  0x0000023d1c653f00 JavaThread "C2 CompilerThread0"         daemon [_thread_in_native, id=32620, stack(0x000000a7bc600000,0x000000a7bc700000) (1024K)]
  0x0000023d1c655130 JavaThread "C1 CompilerThread0"         daemon [_thread_blocked, id=23428, stack(0x000000a7bc700000,0x000000a7bc800000) (1024K)]
  0x0000023d1c885db0 JavaThread "Notification Thread"        daemon [_thread_blocked, id=30200, stack(0x000000a7bc800000,0x000000a7bc900000) (1024K)]
  0x0000023d1c8885e0 JavaThread "Common-Cleaner"             daemon [_thread_blocked, id=30488, stack(0x000000a7bc900000,0x000000a7bca00000) (1024K)]
  0x0000023d62a4f8a0 JavaThread "Thread-1"                   daemon [_thread_blocked, id=29456, stack(0x000000a7bca00000,0x000000a7bcb00000) (1024K)]
=>0x0000023d1c859630 JavaThread "C2 CompilerThread1"         daemon [_thread_in_native, id=18944, stack(0x000000a7bcb00000,0x000000a7bcc00000) (1024K)]
Total: 13

Other Threads:
  0x0000023d1c62eaf0 VMThread "VM Thread"                           [id=11436, stack(0x000000a7bbf00000,0x000000a7bc000000) (1024K)]
  0x0000023d1c61d8e0 WatcherThread "VM Periodic Task Thread"        [id=29636, stack(0x000000a7bbe00000,0x000000a7bbf00000) (1024K)]
  0x0000023d7eaeeec0 WorkerThread "GC Thread#0"                     [id=27724, stack(0x000000a7bb900000,0x000000a7bba00000) (1024K)]
  0x0000023d625d0770 WorkerThread "GC Thread#1"                     [id=15352, stack(0x000000a7bcc00000,0x000000a7bcd00000) (1024K)]
  0x0000023d625d0030 WorkerThread "GC Thread#2"                     [id=29960, stack(0x000000a7bcd00000,0x000000a7bce00000) (1024K)]
  0x0000023d625d0b10 WorkerThread "GC Thread#3"                     [id=32340, stack(0x000000a7bce00000,0x000000a7bcf00000) (1024K)]
  0x0000023d625cf1b0 WorkerThread "GC Thread#4"                     [id=28528, stack(0x000000a7bcf00000,0x000000a7bd000000) (1024K)]
  0x0000023d625cf550 WorkerThread "GC Thread#5"                     [id=23916, stack(0x000000a7bd000000,0x000000a7bd100000) (1024K)]
  0x0000023d625cf8f0 WorkerThread "GC Thread#6"                     [id=29024, stack(0x000000a7bd100000,0x000000a7bd200000) (1024K)]
  0x0000023d625d03d0 WorkerThread "GC Thread#7"                     [id=22236, stack(0x000000a7bd200000,0x000000a7bd300000) (1024K)]
  0x0000023d7eafb5e0 ConcurrentGCThread "G1 Main Marker"            [id=26288, stack(0x000000a7bba00000,0x000000a7bbb00000) (1024K)]
  0x0000023d7eafc0e0 WorkerThread "G1 Conc#0"                       [id=16080, stack(0x000000a7bbb00000,0x000000a7bbc00000) (1024K)]
  0x0000023d7eb6d180 ConcurrentGCThread "G1 Refine#0"               [id=20428, stack(0x000000a7bbc00000,0x000000a7bbd00000) (1024K)]
  0x0000023d7eb6dcf0 ConcurrentGCThread "G1 Service"                [id=16676, stack(0x000000a7bbd00000,0x000000a7bbe00000) (1024K)]
Total: 14

Threads with active compile tasks:
C2 CompilerThread0    27607 3695       4       org.codehaus.plexus.util.xml.pull.MXParser::parseAttribute (1438 bytes)
C2 CompilerThread1    27607 3706       4       java.util.regex.Pattern$CharPropertyGreedy::match (160 bytes)
Total: 2

VM state: not at safepoint (normal execution)

VM Mutex/Monitor currently owned by a thread: None

Heap address: 0x0000000748c00000, size: 2932 MB, Compressed Oops mode: Zero based, Oop shift amount: 3

CDS archive(s) mapped at: [0x0000023d1d000000-0x0000023d1dc90000-0x0000023d1dc90000), size 13172736, SharedBaseAddress: 0x0000023d1d000000, ArchiveRelocationMode: 1.
Compressed class space mapped at: 0x0000023d1e000000-0x0000023d5e000000, reserved size: 1073741824
Narrow klass base: 0x0000023d1d000000, Narrow klass shift: 0, Narrow klass range: 0x100000000

GC Precious Log:
 CardTable entry size: 512
 Card Set container configuration: InlinePtr #cards 4 size 8 Array Of Cards #cards 16 size 48 Howl #buckets 8 coarsen threshold 3686 Howl Bitmap #cards 512 size 80 coarsen threshold 460 Card regions per heap region 1 cards per card region 4096
 CPUs: 8 total, 8 available
 Memory: 11723M
 Large Page Support: Disabled
 NUMA Support: Disabled
 Compressed Oops: Enabled (Zero based)
 Heap Region Size: 2M
 Heap Min Capacity: 8M
 Heap Initial Capacity: 184M
 Heap Max Capacity: 2932M
 Pre-touch: Disabled
 Parallel Workers: 8
 Concurrent Workers: 2
 Concurrent Refinement Workers: 8
 Periodic GC: Disabled

Heap:
 garbage-first heap   total 188416K, used 64701K [0x0000000748c00000, 0x0000000800000000)
  region size 2048K, 31 young (63488K), 1 survivors (2048K)
 Metaspace       used 15920K, committed 16128K, reserved 1114112K
  class space    used 1842K, committed 1920K, reserved 1048576K

Heap Regions: E=young(eden), S=young(survivor), O=old, HS=humongous(starts), HC=humongous(continues), CS=collection set, F=free, TAMS=top-at-mark-start, PB=parsable bottom
|   0|0x0000000748c00000, 0x0000000748e00000, 0x0000000748e00000|100%| O|  |TAMS 0x0000000748c00000| PB 0x0000000748c00000| Untracked 
|   1|0x0000000748e00000, 0x0000000748f8eb60, 0x0000000749000000| 77%| O|  |TAMS 0x0000000748e00000| PB 0x0000000748e00000| Untracked 
|   2|0x0000000749000000, 0x0000000749000000, 0x0000000749200000|  0%| F|  |TAMS 0x0000000749000000| PB 0x0000000749000000| Untracked 
|   3|0x0000000749200000, 0x0000000749200000, 0x0000000749400000|  0%| F|  |TAMS 0x0000000749200000| PB 0x0000000749200000| Untracked 
|   4|0x0000000749400000, 0x0000000749400000, 0x0000000749600000|  0%| F|  |TAMS 0x0000000749400000| PB 0x0000000749400000| Untracked 
|   5|0x0000000749600000, 0x0000000749600000, 0x0000000749800000|  0%| F|  |TAMS 0x0000000749600000| PB 0x0000000749600000| Untracked 
|   6|0x0000000749800000, 0x0000000749800000, 0x0000000749a00000|  0%| F|  |TAMS 0x0000000749800000| PB 0x0000000749800000| Untracked 
|   7|0x0000000749a00000, 0x0000000749a00000, 0x0000000749c00000|  0%| F|  |TAMS 0x0000000749a00000| PB 0x0000000749a00000| Untracked 
|   8|0x0000000749c00000, 0x0000000749c00000, 0x0000000749e00000|  0%| F|  |TAMS 0x0000000749c00000| PB 0x0000000749c00000| Untracked 
|   9|0x0000000749e00000, 0x0000000749e00000, 0x000000074a000000|  0%| F|  |TAMS 0x0000000749e00000| PB 0x0000000749e00000| Untracked 
|  10|0x000000074a000000, 0x000000074a000000, 0x000000074a200000|  0%| F|  |TAMS 0x000000074a000000| PB 0x000000074a000000| Untracked 
|  11|0x000000074a200000, 0x000000074a200000, 0x000000074a400000|  0%| F|  |TAMS 0x000000074a200000| PB 0x000000074a200000| Untracked 
|  12|0x000000074a400000, 0x000000074a400000, 0x000000074a600000|  0%| F|  |TAMS 0x000000074a400000| PB 0x000000074a400000| Untracked 
|  13|0x000000074a600000, 0x000000074a600000, 0x000000074a800000|  0%| F|  |TAMS 0x000000074a600000| PB 0x000000074a600000| Untracked 
|  14|0x000000074a800000, 0x000000074a800000, 0x000000074aa00000|  0%| F|  |TAMS 0x000000074a800000| PB 0x000000074a800000| Untracked 
|  15|0x000000074aa00000, 0x000000074aa00000, 0x000000074ac00000|  0%| F|  |TAMS 0x000000074aa00000| PB 0x000000074aa00000| Untracked 
|  16|0x000000074ac00000, 0x000000074ac00000, 0x000000074ae00000|  0%| F|  |TAMS 0x000000074ac00000| PB 0x000000074ac00000| Untracked 
|  17|0x000000074ae00000, 0x000000074ae00000, 0x000000074b000000|  0%| F|  |TAMS 0x000000074ae00000| PB 0x000000074ae00000| Untracked 
|  18|0x000000074b000000, 0x000000074b000000, 0x000000074b200000|  0%| F|  |TAMS 0x000000074b000000| PB 0x000000074b000000| Untracked 
|  19|0x000000074b200000, 0x000000074b200000, 0x000000074b400000|  0%| F|  |TAMS 0x000000074b200000| PB 0x000000074b200000| Untracked 
|  20|0x000000074b400000, 0x000000074b400000, 0x000000074b600000|  0%| F|  |TAMS 0x000000074b400000| PB 0x000000074b400000| Untracked 
|  21|0x000000074b600000, 0x000000074b600000, 0x000000074b800000|  0%| F|  |TAMS 0x000000074b600000| PB 0x000000074b600000| Untracked 
|  22|0x000000074b800000, 0x000000074b800000, 0x000000074ba00000|  0%| F|  |TAMS 0x000000074b800000| PB 0x000000074b800000| Untracked 
|  23|0x000000074ba00000, 0x000000074ba00000, 0x000000074bc00000|  0%| F|  |TAMS 0x000000074ba00000| PB 0x000000074ba00000| Untracked 
|  24|0x000000074bc00000, 0x000000074bc00000, 0x000000074be00000|  0%| F|  |TAMS 0x000000074bc00000| PB 0x000000074bc00000| Untracked 
|  25|0x000000074be00000, 0x000000074be00000, 0x000000074c000000|  0%| F|  |TAMS 0x000000074be00000| PB 0x000000074be00000| Untracked 
|  26|0x000000074c000000, 0x000000074c000000, 0x000000074c200000|  0%| F|  |TAMS 0x000000074c000000| PB 0x000000074c000000| Untracked 
|  27|0x000000074c200000, 0x000000074c200000, 0x000000074c400000|  0%| F|  |TAMS 0x000000074c200000| PB 0x000000074c200000| Untracked 
|  28|0x000000074c400000, 0x000000074c400000, 0x000000074c600000|  0%| F|  |TAMS 0x000000074c400000| PB 0x000000074c400000| Untracked 
|  29|0x000000074c600000, 0x000000074c600000, 0x000000074c800000|  0%| F|  |TAMS 0x000000074c600000| PB 0x000000074c600000| Untracked 
|  30|0x000000074c800000, 0x000000074c800000, 0x000000074ca00000|  0%| F|  |TAMS 0x000000074c800000| PB 0x000000074c800000| Untracked 
|  31|0x000000074ca00000, 0x000000074ca00000, 0x000000074cc00000|  0%| F|  |TAMS 0x000000074ca00000| PB 0x000000074ca00000| Untracked 
|  32|0x000000074cc00000, 0x000000074cc00000, 0x000000074ce00000|  0%| F|  |TAMS 0x000000074cc00000| PB 0x000000074cc00000| Untracked 
|  33|0x000000074ce00000, 0x000000074ce00000, 0x000000074d000000|  0%| F|  |TAMS 0x000000074ce00000| PB 0x000000074ce00000| Untracked 
|  34|0x000000074d000000, 0x000000074d000000, 0x000000074d200000|  0%| F|  |TAMS 0x000000074d000000| PB 0x000000074d000000| Untracked 
|  35|0x000000074d200000, 0x000000074d200000, 0x000000074d400000|  0%| F|  |TAMS 0x000000074d200000| PB 0x000000074d200000| Untracked 
|  36|0x000000074d400000, 0x000000074d400000, 0x000000074d600000|  0%| F|  |TAMS 0x000000074d400000| PB 0x000000074d400000| Untracked 
|  37|0x000000074d600000, 0x000000074d600000, 0x000000074d800000|  0%| F|  |TAMS 0x000000074d600000| PB 0x000000074d600000| Untracked 
|  38|0x000000074d800000, 0x000000074d800000, 0x000000074da00000|  0%| F|  |TAMS 0x000000074d800000| PB 0x000000074d800000| Untracked 
|  39|0x000000074da00000, 0x000000074da00000, 0x000000074dc00000|  0%| F|  |TAMS 0x000000074da00000| PB 0x000000074da00000| Untracked 
|  40|0x000000074dc00000, 0x000000074dc00000, 0x000000074de00000|  0%| F|  |TAMS 0x000000074dc00000| PB 0x000000074dc00000| Untracked 
|  41|0x000000074de00000, 0x000000074de00000, 0x000000074e000000|  0%| F|  |TAMS 0x000000074de00000| PB 0x000000074de00000| Untracked 
|  42|0x000000074e000000, 0x000000074e000000, 0x000000074e200000|  0%| F|  |TAMS 0x000000074e000000| PB 0x000000074e000000| Untracked 
|  43|0x000000074e200000, 0x000000074e200000, 0x000000074e400000|  0%| F|  |TAMS 0x000000074e200000| PB 0x000000074e200000| Untracked 
|  44|0x000000074e400000, 0x000000074e400000, 0x000000074e600000|  0%| F|  |TAMS 0x000000074e400000| PB 0x000000074e400000| Untracked 
|  45|0x000000074e600000, 0x000000074e600000, 0x000000074e800000|  0%| F|  |TAMS 0x000000074e600000| PB 0x000000074e600000| Untracked 
|  46|0x000000074e800000, 0x000000074e800000, 0x000000074ea00000|  0%| F|  |TAMS 0x000000074e800000| PB 0x000000074e800000| Untracked 
|  47|0x000000074ea00000, 0x000000074ea00000, 0x000000074ec00000|  0%| F|  |TAMS 0x000000074ea00000| PB 0x000000074ea00000| Untracked 
|  48|0x000000074ec00000, 0x000000074ec00000, 0x000000074ee00000|  0%| F|  |TAMS 0x000000074ec00000| PB 0x000000074ec00000| Untracked 
|  49|0x000000074ee00000, 0x000000074ee00000, 0x000000074f000000|  0%| F|  |TAMS 0x000000074ee00000| PB 0x000000074ee00000| Untracked 
|  50|0x000000074f000000, 0x000000074f000000, 0x000000074f200000|  0%| F|  |TAMS 0x000000074f000000| PB 0x000000074f000000| Untracked 
|  51|0x000000074f200000, 0x000000074f200000, 0x000000074f400000|  0%| F|  |TAMS 0x000000074f200000| PB 0x000000074f200000| Untracked 
|  52|0x000000074f400000, 0x000000074f400000, 0x000000074f600000|  0%| F|  |TAMS 0x000000074f400000| PB 0x000000074f400000| Untracked 
|  53|0x000000074f600000, 0x000000074f600000, 0x000000074f800000|  0%| F|  |TAMS 0x000000074f600000| PB 0x000000074f600000| Untracked 
|  54|0x000000074f800000, 0x000000074f800000, 0x000000074fa00000|  0%| F|  |TAMS 0x000000074f800000| PB 0x000000074f800000| Untracked 
|  55|0x000000074fa00000, 0x000000074fa00000, 0x000000074fc00000|  0%| F|  |TAMS 0x000000074fa00000| PB 0x000000074fa00000| Untracked 
|  56|0x000000074fc00000, 0x000000074fc00000, 0x000000074fe00000|  0%| F|  |TAMS 0x000000074fc00000| PB 0x000000074fc00000| Untracked 
|  57|0x000000074fe00000, 0x000000074fe00000, 0x0000000750000000|  0%| F|  |TAMS 0x000000074fe00000| PB 0x000000074fe00000| Untracked 
|  58|0x0000000750000000, 0x0000000750000000, 0x0000000750200000|  0%| F|  |TAMS 0x0000000750000000| PB 0x0000000750000000| Untracked 
|  59|0x0000000750200000, 0x0000000750200000, 0x0000000750400000|  0%| F|  |TAMS 0x0000000750200000| PB 0x0000000750200000| Untracked 
|  60|0x0000000750400000, 0x0000000750400000, 0x0000000750600000|  0%| F|  |TAMS 0x0000000750400000| PB 0x0000000750400000| Untracked 
|  61|0x0000000750600000, 0x0000000750800000, 0x0000000750800000|100%| E|  |TAMS 0x0000000750600000| PB 0x0000000750600000| Complete 
|  62|0x0000000750800000, 0x0000000750a00000, 0x0000000750a00000|100%| E|CS|TAMS 0x0000000750800000| PB 0x0000000750800000| Complete 
|  63|0x0000000750a00000, 0x0000000750c00000, 0x0000000750c00000|100%| E|CS|TAMS 0x0000000750a00000| PB 0x0000000750a00000| Complete 
|  64|0x0000000750c00000, 0x0000000750e00000, 0x0000000750e00000|100%| E|CS|TAMS 0x0000000750c00000| PB 0x0000000750c00000| Complete 
|  65|0x0000000750e00000, 0x0000000751000000, 0x0000000751000000|100%| E|CS|TAMS 0x0000000750e00000| PB 0x0000000750e00000| Complete 
|  66|0x0000000751000000, 0x0000000751200000, 0x0000000751200000|100%| E|CS|TAMS 0x0000000751000000| PB 0x0000000751000000| Complete 
|  67|0x0000000751200000, 0x0000000751400000, 0x0000000751400000|100%| E|CS|TAMS 0x0000000751200000| PB 0x0000000751200000| Complete 
|  68|0x0000000751400000, 0x0000000751600000, 0x0000000751600000|100%| E|CS|TAMS 0x0000000751400000| PB 0x0000000751400000| Complete 
|  69|0x0000000751600000, 0x0000000751800000, 0x0000000751800000|100%| E|CS|TAMS 0x0000000751600000| PB 0x0000000751600000| Complete 
|  70|0x0000000751800000, 0x0000000751a00000, 0x0000000751a00000|100%| E|CS|TAMS 0x0000000751800000| PB 0x0000000751800000| Complete 
|  71|0x0000000751a00000, 0x0000000751c00000, 0x0000000751c00000|100%| E|CS|TAMS 0x0000000751a00000| PB 0x0000000751a00000| Complete 
|  72|0x0000000751c00000, 0x0000000751e00000, 0x0000000751e00000|100%| E|CS|TAMS 0x0000000751c00000| PB 0x0000000751c00000| Complete 
|  73|0x0000000751e00000, 0x0000000752000000, 0x0000000752000000|100%| E|CS|TAMS 0x0000000751e00000| PB 0x0000000751e00000| Complete 
|  74|0x0000000752000000, 0x00000007521a0c20, 0x0000000752200000| 81%| S|CS|TAMS 0x0000000752000000| PB 0x0000000752000000| Complete 
|  75|0x0000000752200000, 0x0000000752400000, 0x0000000752400000|100%| E|CS|TAMS 0x0000000752200000| PB 0x0000000752200000| Complete 
|  76|0x0000000752400000, 0x0000000752600000, 0x0000000752600000|100%| E|CS|TAMS 0x0000000752400000| PB 0x0000000752400000| Complete 
|  77|0x0000000752600000, 0x0000000752800000, 0x0000000752800000|100%| E|CS|TAMS 0x0000000752600000| PB 0x0000000752600000| Complete 
|  78|0x0000000752800000, 0x0000000752a00000, 0x0000000752a00000|100%| E|CS|TAMS 0x0000000752800000| PB 0x0000000752800000| Complete 
|  79|0x0000000752a00000, 0x0000000752c00000, 0x0000000752c00000|100%| E|CS|TAMS 0x0000000752a00000| PB 0x0000000752a00000| Complete 
|  80|0x0000000752c00000, 0x0000000752e00000, 0x0000000752e00000|100%| E|CS|TAMS 0x0000000752c00000| PB 0x0000000752c00000| Complete 
|  81|0x0000000752e00000, 0x0000000753000000, 0x0000000753000000|100%| E|CS|TAMS 0x0000000752e00000| PB 0x0000000752e00000| Complete 
|  82|0x0000000753000000, 0x0000000753200000, 0x0000000753200000|100%| E|CS|TAMS 0x0000000753000000| PB 0x0000000753000000| Complete 
|  83|0x0000000753200000, 0x0000000753400000, 0x0000000753400000|100%| E|CS|TAMS 0x0000000753200000| PB 0x0000000753200000| Complete 
|  84|0x0000000753400000, 0x0000000753600000, 0x0000000753600000|100%| E|CS|TAMS 0x0000000753400000| PB 0x0000000753400000| Complete 
|  85|0x0000000753600000, 0x0000000753800000, 0x0000000753800000|100%| E|CS|TAMS 0x0000000753600000| PB 0x0000000753600000| Complete 
|  86|0x0000000753800000, 0x0000000753a00000, 0x0000000753a00000|100%| E|CS|TAMS 0x0000000753800000| PB 0x0000000753800000| Complete 
|  87|0x0000000753a00000, 0x0000000753c00000, 0x0000000753c00000|100%| E|CS|TAMS 0x0000000753a00000| PB 0x0000000753a00000| Complete 
|  88|0x0000000753c00000, 0x0000000753e00000, 0x0000000753e00000|100%| E|CS|TAMS 0x0000000753c00000| PB 0x0000000753c00000| Complete 
|  89|0x0000000753e00000, 0x0000000754000000, 0x0000000754000000|100%| E|CS|TAMS 0x0000000753e00000| PB 0x0000000753e00000| Complete 
|  90|0x0000000754000000, 0x0000000754200000, 0x0000000754200000|100%| E|CS|TAMS 0x0000000754000000| PB 0x0000000754000000| Complete 
|  91|0x0000000754200000, 0x0000000754400000, 0x0000000754400000|100%| E|CS|TAMS 0x0000000754200000| PB 0x0000000754200000| Complete 

Card table byte_map: [0x0000023d7f460000,0x0000023d7fa20000] _byte_map_base: 0x0000023d7ba1a000

Marking Bits: (CMBitMap*) 0x0000023d7eaef5c0
 Bits: [0x0000023d173d0000, 0x0000023d1a1a0000)

Polling page: 0x0000023d7e270000

Metaspace:

Usage:
  Non-class:     13.75 MB used.
      Class:      1.80 MB used.
       Both:     15.55 MB used.

Virtual space:
  Non-class space:       64.00 MB reserved,      13.88 MB ( 22%) committed,  1 nodes.
      Class space:        1.00 GB reserved,       1.88 MB ( <1%) committed,  1 nodes.
             Both:        1.06 GB reserved,      15.75 MB (  1%) committed. 

Chunk freelists:
   Non-Class:  1.81 MB
       Class:  13.94 MB
        Both:  15.75 MB

MaxMetaspaceSize: unlimited
CompressedClassSpaceSize: 1.00 GB
Initial GC threshold: 21.00 MB
Current GC threshold: 21.00 MB
CDS: on
 - commit_granule_bytes: 65536.
 - commit_granule_words: 8192.
 - virtual_space_node_default_size: 8388608.
 - enlarge_chunks_in_place: 1.
 - use_allocation_guard: 0.


Internal statistics:

num_allocs_failed_limit: 0.
num_arena_births: 162.
num_arena_deaths: 0.
num_vsnodes_births: 2.
num_vsnodes_deaths: 0.
num_space_committed: 252.
num_space_uncommitted: 0.
num_chunks_returned_to_freelist: 0.
num_chunks_taken_from_freelist: 678.
num_chunk_merges: 0.
num_chunk_splits: 485.
num_chunks_enlarged: 400.
num_inconsistent_stats: 0.

CodeHeap 'non-profiled nmethods': size=120000Kb used=1657Kb max_used=1657Kb free=118342Kb
 bounds [0x0000023d0fea0000, 0x0000023d10110000, 0x0000023d173d0000]
CodeHeap 'profiled nmethods': size=120000Kb used=7728Kb max_used=7728Kb free=112272Kb
 bounds [0x0000023d083d0000, 0x0000023d08b60000, 0x0000023d0f900000]
CodeHeap 'non-nmethods': size=5760Kb used=1394Kb max_used=1428Kb free=4365Kb
 bounds [0x0000023d0f900000, 0x0000023d0fb70000, 0x0000023d0fea0000]
 total_blobs=4262 nmethods=3773 adapters=393
 compilation: enabled
              stopped_count=0, restarted_count=0
 full_count=0

Compilation events (20 events):
Event: 27.072 Thread 0x0000023d1c655130 nmethod 3736 0x0000023d08b3fa90 code [0x0000023d08b3fc80, 0x0000023d08b40178]
Event: 27.072 Thread 0x0000023d1c655130 3737       3       java.util.stream.Sink$ChainedReference::begin (11 bytes)
Event: 27.072 Thread 0x0000023d1c655130 nmethod 3737 0x0000023d08b40310 code [0x0000023d08b404c0, 0x0000023d08b406a0]
Event: 27.072 Thread 0x0000023d1c655130 3733       3       org.eclipse.aether.artifact.DefaultArtifact::mergeArtifactProperties (72 bytes)
Event: 27.073 Thread 0x0000023d1c655130 nmethod 3733 0x0000023d08b40790 code [0x0000023d08b40a00, 0x0000023d08b415a8]
Event: 27.073 Thread 0x0000023d1c655130 3727       3       org.eclipse.aether.graph.Dependency::<init> (13 bytes)
Event: 27.073 Thread 0x0000023d1c655130 nmethod 3727 0x0000023d08b41890 code [0x0000023d08b41a80, 0x0000023d08b41ea0]
Event: 27.073 Thread 0x0000023d1c655130 3738       3       org.apache.maven.RepositoryUtils::toDependency (167 bytes)
Event: 27.076 Thread 0x0000023d1c655130 nmethod 3738 0x0000023d08b42090 code [0x0000023d08b423e0, 0x0000023d08b43960]
Event: 27.076 Thread 0x0000023d1c655130 3739       3       java.util.Collections$UnmodifiableMap::isEmpty (10 bytes)
Event: 27.076 Thread 0x0000023d1c655130 nmethod 3739 0x0000023d08b44090 code [0x0000023d08b44240, 0x0000023d08b44420]
Event: 27.076 Thread 0x0000023d1c655130 3740       3       org.apache.maven.RepositoryUtils$MavenArtifactTypeRegistry::get (17 bytes)
Event: 27.077 Thread 0x0000023d1c655130 nmethod 3740 0x0000023d08b44510 code [0x0000023d08b446e0, 0x0000023d08b448b0]
Event: 27.077 Thread 0x0000023d1c655130 3741       3       org.eclipse.aether.graph.Dependency$Exclusions::copy (26 bytes)
Event: 27.077 Thread 0x0000023d1c655130 nmethod 3741 0x0000023d08b44a10 code [0x0000023d08b44be0, 0x0000023d08b44f38]
Event: 27.077 Thread 0x0000023d1c655130 3742       3       org.eclipse.aether.graph.Dependency::<init> (43 bytes)
Event: 27.077 Thread 0x0000023d1c655130 nmethod 3742 0x0000023d08b45090 code [0x0000023d08b45280, 0x0000023d08b45850]
Event: 27.474 Thread 0x0000023d1c859630 3706       4       java.util.regex.Pattern$CharPropertyGreedy::match (160 bytes)
Event: 27.474 Thread 0x0000023d1c655130 3743       3       org.eclipse.aether.collection.CollectRequest::addManagedDependency (40 bytes)
Event: 27.475 Thread 0x0000023d1c655130 nmethod 3743 0x0000023d08b45a10 code [0x0000023d08b45c00, 0x0000023d08b461f8]

GC Heap History (4 events):
Event: 10.370 GC heap before
{Heap before GC invocations=0 (full 0):
 garbage-first heap   total 188416K, used 22528K [0x0000000748c00000, 0x0000000800000000)
  region size 2048K, 11 young (22528K), 0 survivors (0K)
 Metaspace       used 5601K, committed 5824K, reserved 1114112K
  class space    used 645K, committed 768K, reserved 1048576K
}
Event: 11.064 GC heap after
{Heap after GC invocations=1 (full 0):
 garbage-first heap   total 188416K, used 3840K [0x0000000748c00000, 0x0000000800000000)
  region size 2048K, 2 young (4096K), 2 survivors (4096K)
 Metaspace       used 5601K, committed 5824K, reserved 1114112K
  class space    used 645K, committed 768K, reserved 1048576K
}
Event: 14.413 GC heap before
{Heap before GC invocations=1 (full 0):
 garbage-first heap   total 188416K, used 34560K [0x0000000748c00000, 0x0000000800000000)
  region size 2048K, 17 young (34816K), 2 survivors (4096K)
 Metaspace       used 9477K, committed 9664K, reserved 1114112K
  class space    used 1109K, committed 1216K, reserved 1048576K
}
Event: 14.420 GC heap after
{Heap after GC invocations=2 (full 0):
 garbage-first heap   total 188416K, used 5309K [0x0000000748c00000, 0x0000000800000000)
  region size 2048K, 1 young (2048K), 1 survivors (2048K)
 Metaspace       used 9477K, committed 9664K, reserved 1114112K
  class space    used 1109K, committed 1216K, reserved 1048576K
}

Dll operation events (8 events):
Event: 0.950 Loaded shared library C:\Program Files\Java\jdk-21\bin\java.dll
Event: 2.770 Loaded shared library C:\Program Files\Java\jdk-21\bin\jsvml.dll
Event: 2.876 Loaded shared library C:\Program Files\Java\jdk-21\bin\net.dll
Event: 3.025 Loaded shared library C:\Program Files\Java\jdk-21\bin\nio.dll
Event: 3.262 Loaded shared library C:\Program Files\Java\jdk-21\bin\zip.dll
Event: 5.317 Loaded shared library C:\Users\2oleg\Downloads\apache-maven-3.9.11-bin\apache-maven-3.9.11\lib\jansi-native\Windows\x86_64\jansi.dll
Event: 5.342 Loaded shared library C:\Program Files\Java\jdk-21\bin\verify.dll
Event: 5.637 Loaded shared library C:\Program Files\Java\jdk-21\bin\jimage.dll

Deoptimization events (20 events):
Event: 27.038 Thread 0x0000023d7c8af760 Uncommon trap: trap_request=0xffffffbe fr.pc=0x0000023d10039780 relative=0x0000000000000be0
Event: 27.038 Thread 0x0000023d7c8af760 Uncommon trap: reason=profile_predicate action=maybe_recompile pc=0x0000023d10039780 method=java.util.regex.Pattern$CharPropertyGreedy.match(Ljava/util/regex/Matcher;ILjava/lang/CharSequence;)Z @ 103 c2
Event: 27.038 Thread 0x0000023d7c8af760 DEOPT PACKING pc=0x0000023d10039780 sp=0x000000a7bb8fd900
Event: 27.038 Thread 0x0000023d7c8af760 DEOPT UNPACKING pc=0x0000023d0f9546a2 sp=0x000000a7bb8fd890 mode 2
Event: 27.047 Thread 0x0000023d7c8af760 Uncommon trap: trap_request=0xffffff45 fr.pc=0x0000023d0ffd52e8 relative=0x0000000000001668
Event: 27.047 Thread 0x0000023d7c8af760 Uncommon trap: reason=unstable_if action=reinterpret pc=0x0000023d0ffd52e8 method=java.util.HashMap.hash(Ljava/lang/Object;)I @ 1 c2
Event: 27.047 Thread 0x0000023d7c8af760 DEOPT PACKING pc=0x0000023d0ffd52e8 sp=0x000000a7bb8fe3e0
Event: 27.047 Thread 0x0000023d7c8af760 DEOPT UNPACKING pc=0x0000023d0f9546a2 sp=0x000000a7bb8fe2f0 mode 2
Event: 27.047 Thread 0x0000023d7c8af760 Uncommon trap: trap_request=0xffffff45 fr.pc=0x0000023d0ff75ecc relative=0x000000000000028c
Event: 27.047 Thread 0x0000023d7c8af760 Uncommon trap: reason=unstable_if action=reinterpret pc=0x0000023d0ff75ecc method=java.util.HashMap.hash(Ljava/lang/Object;)I @ 1 c2
Event: 27.047 Thread 0x0000023d7c8af760 DEOPT PACKING pc=0x0000023d0ff75ecc sp=0x000000a7bb8fe430
Event: 27.047 Thread 0x0000023d7c8af760 DEOPT UNPACKING pc=0x0000023d0f9546a2 sp=0x000000a7bb8fe2c8 mode 2
Event: 27.047 Thread 0x0000023d7c8af760 Uncommon trap: trap_request=0xffffff45 fr.pc=0x0000023d0ffc7c1c relative=0x00000000000008dc
Event: 27.047 Thread 0x0000023d7c8af760 Uncommon trap: reason=unstable_if action=reinterpret pc=0x0000023d0ffc7c1c method=java.util.HashMap.hash(Ljava/lang/Object;)I @ 1 c2
Event: 27.047 Thread 0x0000023d7c8af760 DEOPT PACKING pc=0x0000023d0ffc7c1c sp=0x000000a7bb8fe440
Event: 27.047 Thread 0x0000023d7c8af760 DEOPT UNPACKING pc=0x0000023d0f9546a2 sp=0x000000a7bb8fe3d0 mode 2
Event: 27.050 Thread 0x0000023d7c8af760 Uncommon trap: trap_request=0xffffffbe fr.pc=0x0000023d10039780 relative=0x0000000000000be0
Event: 27.050 Thread 0x0000023d7c8af760 Uncommon trap: reason=profile_predicate action=maybe_recompile pc=0x0000023d10039780 method=java.util.regex.Pattern$CharPropertyGreedy.match(Ljava/util/regex/Matcher;ILjava/lang/CharSequence;)Z @ 103 c2
Event: 27.050 Thread 0x0000023d7c8af760 DEOPT PACKING pc=0x0000023d10039780 sp=0x000000a7bb8fda80
Event: 27.050 Thread 0x0000023d7c8af760 DEOPT UNPACKING pc=0x0000023d0f9546a2 sp=0x000000a7bb8fda10 mode 2

Classes loaded (20 events):
Event: 22.623 Loading class java/util/stream/Streams$RangeIntSpliterator
Event: 22.623 Loading class java/util/stream/Streams$RangeIntSpliterator done
Event: 24.969 Loading class sun/nio/fs/WindowsException
Event: 24.970 Loading class sun/nio/fs/WindowsException done
Event: 24.970 Loading class sun/nio/fs/WindowsDirectoryStream
Event: 24.970 Loading class java/nio/file/DirectoryStream
Event: 24.970 Loading class java/nio/file/DirectoryStream done
Event: 24.970 Loading class sun/nio/fs/WindowsDirectoryStream done
Event: 24.970 Loading class java/nio/file/NoSuchFileException
Event: 24.970 Loading class java/nio/file/NoSuchFileException done
Event: 26.140 Loading class java/util/stream/MatchOps$MatchKind
Event: 26.140 Loading class java/util/stream/MatchOps$MatchKind done
Event: 26.140 Loading class java/util/stream/MatchOps
Event: 26.140 Loading class java/util/stream/MatchOps done
Event: 26.140 Loading class java/util/stream/MatchOps$MatchOp
Event: 26.141 Loading class java/util/stream/MatchOps$MatchOp done
Event: 26.141 Loading class java/util/stream/MatchOps$BooleanTerminalSink
Event: 26.141 Loading class java/util/stream/MatchOps$BooleanTerminalSink done
Event: 26.141 Loading class java/util/stream/MatchOps$1MatchSink
Event: 26.142 Loading class java/util/stream/MatchOps$1MatchSink done

Classes unloaded (0 events):
No events

Classes redefined (0 events):
No events

Internal exceptions (20 events):
Event: 19.460 Thread 0x0000023d7c8af760 Exception <a 'java/lang/NoSuchMethodError'{0x00000007533cb6c8}: 'java.lang.Object java.lang.invoke.DirectMethodHandle$Holder.invokeStaticInit(java.lang.Object, int, int, int, int)'> (0x00000007533cb6c8) 
thrown [s\open\src\hotspot\share\interpreter\linkResolver.cpp, line 773]
Event: 21.451 Thread 0x0000023d7c8af760 Implicit null exception at 0x0000023d0fecf024 to 0x0000023d0fecf69c
Event: 21.456 Thread 0x0000023d7c8af760 Implicit null exception at 0x0000023d0fecfd20 to 0x0000023d0fed038c
Event: 21.718 Thread 0x0000023d7c8af760 Exception <a 'java/lang/NoSuchMethodError'{0x0000000752dc3cf0}: 'void java.lang.invoke.DirectMethodHandle$Holder.invokeSpecial(java.lang.Object, java.lang.Object, java.lang.Object, java.lang.Object, java.lang.Object)'> (0x0000000752dc3cf0) 
thrown [s\open\src\hotspot\share\interpreter\linkResolver.cpp, line 773]
Event: 21.723 Thread 0x0000023d7c8af760 Exception <a 'java/lang/NoSuchMethodError'{0x0000000752dd9ed0}: 'void java.lang.invoke.DirectMethodHandle$Holder.invokeSpecial(java.lang.Object, java.lang.Object, java.lang.Object, java.lang.Object, java.lang.Object, java.lang.Object)'> (0x0000000752dd9ed0) 
thrown [s\open\src\hotspot\share\interpreter\linkResolver.cpp, line 773]
Event: 21.746 Thread 0x0000023d7c8af760 Exception <a 'java/lang/NoSuchMethodError'{0x0000000752aca168}: 'java.lang.Object java.lang.invoke.DirectMethodHandle$Holder.invokeVirtual(java.lang.Object, java.lang.Object, java.lang.Object)'> (0x0000000752aca168) 
thrown [s\open\src\hotspot\share\interpreter\linkResolver.cpp, line 773]
Event: 22.283 Thread 0x0000023d7c8af760 Exception <a 'java/lang/NoSuchMethodError'{0x00000007528a5778}: 'void java.lang.invoke.DirectMethodHandle$Holder.invokeVirtual(java.lang.Object, java.lang.Object, int)'> (0x00000007528a5778) 
thrown [s\open\src\hotspot\share\interpreter\linkResolver.cpp, line 773]
Event: 22.284 Thread 0x0000023d7c8af760 Exception <a 'java/lang/NoSuchMethodError'{0x00000007528a9528}: 'void java.lang.invoke.DirectMethodHandle$Holder.invokeSpecial(java.lang.Object, java.lang.Object, java.lang.Object, int)'> (0x00000007528a9528) 
thrown [s\open\src\hotspot\share\interpreter\linkResolver.cpp, line 773]
Event: 22.284 Thread 0x0000023d7c8af760 Exception <a 'java/lang/NoSuchMethodError'{0x00000007528acbf8}: 'void java.lang.invoke.DelegatingMethodHandle$Holder.reinvoke_L(java.lang.Object, java.lang.Object, int)'> (0x00000007528acbf8) 
thrown [s\open\src\hotspot\share\interpreter\linkResolver.cpp, line 773]
Event: 24.970 Thread 0x0000023d7c8af760 Exception <a 'sun/nio/fs/WindowsException'{0x00000007518fe298}> (0x00000007518fe298) 
thrown [s\open\src\hotspot\share\prims\jni.cpp, line 520]
Event: 24.970 Thread 0x0000023d7c8af760 Exception <a 'sun/nio/fs/WindowsException'{0x00000007518fe718}> (0x00000007518fe718) 
thrown [s\open\src\hotspot\share\prims\jni.cpp, line 520]
Event: 26.665 Thread 0x0000023d7c8af760 Exception <a 'sun/nio/fs/WindowsException'{0x0000000750a90df0}> (0x0000000750a90df0) 
thrown [s\open\src\hotspot\share\prims\jni.cpp, line 520]
Event: 26.666 Thread 0x0000023d7c8af760 Exception <a 'sun/nio/fs/WindowsException'{0x0000000750a91150}> (0x0000000750a91150) 
thrown [s\open\src\hotspot\share\prims\jni.cpp, line 520]
Event: 26.668 Thread 0x0000023d7c8af760 Exception <a 'sun/nio/fs/WindowsException'{0x0000000750ab90e8}> (0x0000000750ab90e8) 
thrown [s\open\src\hotspot\share\prims\jni.cpp, line 520]
Event: 26.669 Thread 0x0000023d7c8af760 Exception <a 'sun/nio/fs/WindowsException'{0x0000000750ab9410}> (0x0000000750ab9410) 
thrown [s\open\src\hotspot\share\prims\jni.cpp, line 520]
Event: 26.719 Thread 0x0000023d7c8af760 Exception <a 'sun/nio/fs/WindowsException'{0x0000000750b22040}> (0x0000000750b22040) 
thrown [s\open\src\hotspot\share\prims\jni.cpp, line 520]
Event: 26.719 Thread 0x0000023d7c8af760 Exception <a 'sun/nio/fs/WindowsException'{0x0000000750b22320}> (0x0000000750b22320) 
thrown [s\open\src\hotspot\share\prims\jni.cpp, line 520]
Event: 27.047 Thread 0x0000023d7c8af760 Implicit null exception at 0x0000023d0ffd3f8a to 0x0000023d0ffd52cc
Event: 27.047 Thread 0x0000023d7c8af760 Implicit null exception at 0x0000023d0ff75c9d to 0x0000023d0ff75eb4
Event: 27.047 Thread 0x0000023d7c8af760 Implicit null exception at 0x0000023d0ffc738d to 0x0000023d0ffc7c00

ZGC Phase Switch (0 events):
No events

VM Operations (20 events):
Event: 19.663 Executing VM operation: HandshakeAllThreads (Deoptimize)
Event: 19.663 Executing VM operation: HandshakeAllThreads (Deoptimize) done
Event: 19.663 Executing VM operation: Cleanup
Event: 19.663 Executing VM operation: Cleanup done
Event: 19.876 Executing VM operation: HandshakeAllThreads (Deoptimize)
Event: 19.876 Executing VM operation: HandshakeAllThreads (Deoptimize) done
Event: 20.282 Executing VM operation: HandshakeAllThreads (Deoptimize)
Event: 20.896 Executing VM operation: HandshakeAllThreads (Deoptimize) done
Event: 20.896 Executing VM operation: Cleanup
Event: 21.175 Executing VM operation: Cleanup done
Event: 21.178 Executing VM operation: HandshakeAllThreads (Deoptimize)
Event: 21.178 Executing VM operation: HandshakeAllThreads (Deoptimize) done
Event: 22.178 Executing VM operation: Cleanup
Event: 22.179 Executing VM operation: Cleanup done
Event: 23.180 Executing VM operation: Cleanup
Event: 23.180 Executing VM operation: Cleanup done
Event: 25.180 Executing VM operation: Cleanup
Event: 25.180 Executing VM operation: Cleanup done
Event: 27.181 Executing VM operation: Cleanup
Event: 27.474 Executing VM operation: Cleanup done

Events (20 events):
Event: 9.840 Thread 0x0000023d6268a880 Thread added: 0x0000023d6268a880
Event: 9.859 Thread 0x0000023d6280d530 Thread added: 0x0000023d6280d530
Event: 11.501 Thread 0x0000023d6280d530 Thread exited: 0x0000023d6280d530
Event: 11.501 Thread 0x0000023d6268a880 Thread exited: 0x0000023d6268a880
Event: 17.920 Thread 0x0000023d1c9de4c0 Thread added: 0x0000023d1c9de4c0
Event: 18.608 Thread 0x0000023d1c9de4c0 Thread exited: 0x0000023d1c9de4c0
Event: 19.989 Thread 0x0000023d62a4f8a0 Thread added: 0x0000023d62a4f8a0
Event: 21.842 Thread 0x0000023d62f683b0 Thread added: 0x0000023d62f683b0
Event: 21.866 Thread 0x0000023d6225c580 Thread added: 0x0000023d6225c580
Event: 22.285 Thread 0x0000023d6225c580 Thread exited: 0x0000023d6225c580
Event: 22.287 Thread 0x0000023d62f683b0 Thread exited: 0x0000023d62f683b0
Event: 22.662 Thread 0x0000023d6225c580 Thread added: 0x0000023d6225c580
Event: 23.168 Thread 0x0000023d6225c580 Thread exited: 0x0000023d6225c580
Event: 23.186 Thread 0x0000023d6225c580 Thread added: 0x0000023d6225c580
Event: 23.679 Thread 0x0000023d6225c580 Thread exited: 0x0000023d6225c580
Event: 25.710 Thread 0x0000023d6242e360 Thread added: 0x0000023d6242e360
Event: 25.843 Thread 0x0000023d6249e2a0 Thread added: 0x0000023d6249e2a0
Event: 26.293 Thread 0x0000023d6249e2a0 Thread exited: 0x0000023d6249e2a0
Event: 26.293 Thread 0x0000023d6242e360 Thread exited: 0x0000023d6242e360
Event: 27.067 Thread 0x0000023d1c859630 Thread added: 0x0000023d1c859630


Dynamic libraries:
0x00007ff703c60000 - 0x00007ff703c70000 	C:\Program Files\Java\jdk-21\bin\java.exe
0x00007ff9f5930000 - 0x00007ff9f5b28000 	C:\WINDOWS\SYSTEM32\ntdll.dll
0x00007ff9f5400000 - 0x00007ff9f54c2000 	C:\WINDOWS\System32\KERNEL32.DLL
0x00007ff9f3130000 - 0x00007ff9f3426000 	C:\WINDOWS\System32\KERNELBASE.dll
0x00007ff9e2300000 - 0x00007ff9e2319000 	C:\Program Files\Java\jdk-21\bin\jli.dll
0x00007ff9e31d0000 - 0x00007ff9e31eb000 	C:\Program Files\Java\jdk-21\bin\VCRUNTIME140.dll
0x00007ff9f3da0000 - 0x00007ff9f3e51000 	C:\WINDOWS\System32\ADVAPI32.dll
0x00007ff9f5820000 - 0x00007ff9f58be000 	C:\WINDOWS\System32\msvcrt.dll
0x00007ff9f4800000 - 0x00007ff9f489f000 	C:\WINDOWS\System32\sechost.dll
0x00007ff9f3c10000 - 0x00007ff9f3d30000 	C:\WINDOWS\System32\RPCRT4.dll
0x00007ff9f3560000 - 0x00007ff9f3587000 	C:\WINDOWS\System32\bcrypt.dll
0x00007ff9f3f40000 - 0x00007ff9f40e1000 	C:\WINDOWS\System32\USER32.dll
0x00007ff9e4da0000 - 0x00007ff9e503b000 	C:\WINDOWS\WinSxS\amd64_microsoft.windows.common-controls_6595b64144ccf1df_6.0.19041.6456_none_60b8a6cb71f64256\COMCTL32.dll
0x00007ff9f47c0000 - 0x00007ff9f47eb000 	C:\WINDOWS\System32\GDI32.dll
0x00007ff9f3100000 - 0x00007ff9f3122000 	C:\WINDOWS\System32\win32u.dll
0x00007ff9f2f90000 - 0x00007ff9f30a9000 	C:\WINDOWS\System32\gdi32full.dll
0x00007ff9f3590000 - 0x00007ff9f362d000 	C:\WINDOWS\System32\msvcp_win.dll
0x00007ff9ecd10000 - 0x00007ff9ecd1a000 	C:\WINDOWS\SYSTEM32\VERSION.dll
0x00007ff9f3820000 - 0x00007ff9f3920000 	C:\WINDOWS\System32\ucrtbase.dll
0x00007ff9f3f10000 - 0x00007ff9f3f3f000 	C:\WINDOWS\System32\IMM32.DLL
0x00007ff9ed3a0000 - 0x00007ff9ed3ac000 	C:\Program Files\Java\jdk-21\bin\vcruntime140_1.dll
0x00007ff9c7130000 - 0x00007ff9c71be000 	C:\Program Files\Java\jdk-21\bin\msvcp140.dll
0x00007ff98ebe0000 - 0x00007ff98f8fa000 	C:\Program Files\Java\jdk-21\bin\server\jvm.dll
0x00007ff9f4210000 - 0x00007ff9f427b000 	C:\WINDOWS\System32\WS2_32.dll
0x00007ff9f2df0000 - 0x00007ff9f2e3b000 	C:\WINDOWS\SYSTEM32\POWRPROF.dll
0x00007ff9e0140000 - 0x00007ff9e0167000 	C:\WINDOWS\SYSTEM32\WINMM.dll
0x00007ff9f2dd0000 - 0x00007ff9f2de2000 	C:\WINDOWS\SYSTEM32\UMPDC.dll
0x00007ff9f0dc0000 - 0x00007ff9f0dd2000 	C:\WINDOWS\SYSTEM32\kernel.appcore.dll
0x00007ff9ed370000 - 0x00007ff9ed37a000 	C:\Program Files\Java\jdk-21\bin\jimage.dll
0x00007ff9df840000 - 0x00007ff9dfa41000 	C:\WINDOWS\SYSTEM32\DBGHELP.DLL
0x00007ff9dd350000 - 0x00007ff9dd384000 	C:\WINDOWS\SYSTEM32\dbgcore.DLL
0x00007ff9f3630000 - 0x00007ff9f36b2000 	C:\WINDOWS\System32\bcryptPrimitives.dll
0x00007ff9e0be0000 - 0x00007ff9e0bff000 	C:\Program Files\Java\jdk-21\bin\java.dll
0x00007ff9f4930000 - 0x00007ff9f50a0000 	C:\WINDOWS\System32\SHELL32.dll
0x00007ff9f0fc0000 - 0x00007ff9f1765000 	C:\WINDOWS\SYSTEM32\windows.storage.dll
0x00007ff9f50a0000 - 0x00007ff9f53f4000 	C:\WINDOWS\System32\combase.dll
0x00007ff9f28e0000 - 0x00007ff9f290b000 	C:\WINDOWS\SYSTEM32\Wldp.dll
0x00007ff9f46f0000 - 0x00007ff9f47bd000 	C:\WINDOWS\System32\OLEAUT32.dll
0x00007ff9f3920000 - 0x00007ff9f39cd000 	C:\WINDOWS\System32\SHCORE.dll
0x00007ff9f57c0000 - 0x00007ff9f581b000 	C:\WINDOWS\System32\shlwapi.dll
0x00007ff9f2ec0000 - 0x00007ff9f2ee4000 	C:\WINDOWS\SYSTEM32\profapi.dll
0x00007ff9ab440000 - 0x00007ff9ab517000 	C:\Program Files\Java\jdk-21\bin\jsvml.dll
0x00007ff9ebd20000 - 0x00007ff9ebd30000 	C:\Program Files\Java\jdk-21\bin\net.dll
0x00007ff9ec950000 - 0x00007ff9eca5a000 	C:\WINDOWS\SYSTEM32\WINHTTP.dll
0x00007ff9f25f0000 - 0x00007ff9f265a000 	C:\WINDOWS\system32\mswsock.dll
0x00007ff9dbf20000 - 0x00007ff9dbf36000 	C:\Program Files\Java\jdk-21\bin\nio.dll
0x00007ff9d8a60000 - 0x00007ff9d8a78000 	C:\Program Files\Java\jdk-21\bin\zip.dll
0x00007ff9d0da0000 - 0x00007ff9d0dc4000 	C:\Users\2oleg\Downloads\apache-maven-3.9.11-bin\apache-maven-3.9.11\lib\jansi-native\Windows\x86_64\jansi.dll
0x00007ff9e8580000 - 0x00007ff9e8590000 	C:\Program Files\Java\jdk-21\bin\verify.dll

dbghelp: loaded successfully - version: 4.0.5 - missing functions: none
symbol engine: initialized successfully - sym options: 0x614 - pdb path: .;C:\Program Files\Java\jdk-21\bin;C:\WINDOWS\SYSTEM32;C:\WINDOWS\WinSxS\amd64_microsoft.windows.common-controls_6595b64144ccf1df_6.0.19041.6456_none_60b8a6cb71f64256;C:\Program Files\Java\jdk-21\bin\server;C:\Users\2oleg\Downloads\apache-maven-3.9.11-bin\apache-maven-3.9.11\lib\jansi-native\Windows\x86_64

VM Arguments:
jvm_args: --enable-native-access=ALL-UNNAMED -Dclassworlds.conf=C:\Users\2oleg\Downloads\apache-maven-3.9.11-bin\apache-maven-3.9.11\bin\m2.conf -Dmaven.home=C:\Users\2oleg\Downloads\apache-maven-3.9.11-bin\apache-maven-3.9.11 -Dlibrary.jansi.path=C:\Users\2oleg\Downloads\apache-maven-3.9.11-bin\apache-maven-3.9.11\lib\jansi-native -Dmaven.multiModuleProjectDirectory=C:\Users\2oleg\Downloads\Telegram Desktop\Kefir\Backend\TransactionSaga 
java_command: org.codehaus.plexus.classworlds.launcher.Launcher spring-boot:run -Dserver.port=8090 -DskipTests
java_class_path (initial): C:\Users\2oleg\Downloads\apache-maven-3.9.11-bin\apache-maven-3.9.11\boot\plexus-classworlds-2.9.0.jar
Launcher Type: SUN_STANDARD

[Global flags]
     intx CICompilerCount                          = 4                                         {product} {ergonomic}
     uint ConcGCThreads                            = 2                                         {product} {ergonomic}
     uint G1ConcRefinementThreads                  = 8                                         {product} {ergonomic}
   size_t G1HeapRegionSize                         = 2097152                                   {product} {ergonomic}
    uintx GCDrainStackTargetSize                   = 64                                        {product} {ergonomic}
   size_t InitialHeapSize                          = 192937984                                 {product} {ergonomic}
   size_t MarkStackSize                            = 4194304                                   {product} {ergonomic}
   size_t MaxHeapSize                              = 3074424832                                {product} {ergonomic}
   size_t MaxNewSize                               = 1843396608                                {product} {ergonomic}
   size_t MinHeapDeltaBytes                        = 2097152                                   {product} {ergonomic}
   size_t MinHeapSize                              = 8388608                                   {product} {ergonomic}
    uintx NonNMethodCodeHeapSize                   = 5839372                                {pd product} {ergonomic}
    uintx NonProfiledCodeHeapSize                  = 122909434                              {pd product} {ergonomic}
    uintx ProfiledCodeHeapSize                     = 122909434                              {pd product} {ergonomic}
    uintx ReservedCodeCacheSize                    = 251658240                              {pd product} {ergonomic}
     bool SegmentedCodeCache                       = true                                      {product} {ergonomic}
   size_t SoftMaxHeapSize                          = 3074424832                             {manageable} {ergonomic}
     bool UseCompressedOops                        = true                           {product lp64_product} {ergonomic}
     bool UseG1GC                                  = true                                      {product} {ergonomic}
     bool UseLargePagesIndividualAllocation        = false                                  {pd product} {ergonomic}

Logging:
Log output configuration:
 #0: stdout all=warning uptime,level,tags foldmultilines=false
 #1: stderr all=off uptime,level,tags foldmultilines=false

Environment Variables:
JAVA_HOME=C:\Program Files\Java\jdk-21
PATH=C:\Program Files\Common Files\Oracle\Java\javapath;C:\Program Files (x86)\Cuminas\Document Express DjVu Plug-in\;C:\Program Files (x86)\Razer Chroma SDK\bin;C:\Program Files\Razer Chroma SDK\bin;C:\WINDOWS\system32;C:\WINDOWS;C:\WINDOWS\System32\Wbem;C:\WINDOWS\System32\WindowsPowerShell\v1.0\;C:\WINDOWS\System32\OpenSSH\;C:\Program Files (x86)\NVIDIA Corporation\PhysX\Common;C:\WINDOWS\system32\config\systemprofile\AppData\Local\Microsoft\WindowsApps;C:\Program Files (x86)\Razer\ChromaBroadcast\bin;C:\Program Files\Razer\ChromaBroadcast\bin;C:\Users\2oleg\AppData\Local\Microsoft\WindowsApps;C:\Program Files\JetBrains\IntelliJ IDEA Community Edition 2024.3\bin;C:\Users\2oleg\AppData\Local\Programs\Microsoft VS Code\bin;C:\Program Files\Docker\Docker\resources\bin;C:\Users\2oleg\Downloads\curl-8.16.0_6-win64-mingw.zip\curl-8.16.0_6-win64-mingw\bin;C:\Users\2oleg\Downloads\curl-8.16.0_6-win64-mingw\curl-8.16.0_6-win64-mingw\bin;C:\Users\2oleg\Downloads\apache-maven-3.9.11-bin\apache-maven-3.9.11\bin;C:\ProgramData\chocolatey\bin;C:\Users\2oleg\AppData\Roaming\Cloud Foundry;C:\Program Files\Git\cmd;C:\Program Files\nodejs\;C:\Users\2oleg\AppData\Local\Muse Hub\lib;C:\Users\2oleg\AppData\Local\Microsoft\WindowsApps;C:\Program Files\JetBrains\IntelliJ IDEA Community Edition 2025.2.4\bin;C:\Users\2oleg\AppData\Local\Programs\Microsoft VS Code\bin;C:\Program Files\jq.exe;C:\Users\2oleg\AppData\Local\Microsoft\WinGet\Packages\jqlang.jq_Microsoft.Winget.Source_8wekyb3d8bbwe;C:\Program Files\Java\jdk-24;C:\Users\2oleg\Downloads\gradle-9.0.0-bin\gradle-9.0.0\bin;C:\Program Files\Docker\Docker\resources\bin;C:\Users\2oleg\AppData\Local\GitHubDesktop\bin;C:\Users\2oleg\AppData\Roaming\npm
USERNAME=2oleg
OS=Windows_NT
PROCESSOR_IDENTIFIER=Intel64 Family 6 Model 60 Stepping 3, GenuineIntel
TMP=C:\Users\2oleg\AppData\Local\Temp
TEMP=C:\Users\2oleg\AppData\Local\Temp




Periodic native trim disabled

---------------  S Y S T E M  ---------------

OS:
 Windows 10 , 64 bit Build 19041 (10.0.19041.5915)
OS uptime: 10 days 12:23 hours
Hyper-V role detected

CPU: total 8 (initial active 8) (4 cores per cpu, 2 threads per core) family 6 model 60 stepping 3 microcode 0x27, cx8, cmov, fxsr, ht, mmx, sse, sse2, sse3, ssse3, sse4.1, sse4.2, popcnt, lzcnt, tsc, tscinvbit, avx, avx2, aes, erms, clmul, bmi1, bmi2, fma, vzeroupper, clflush, hv, rdtscp, f16c
Processor Information for all 8 processors :
  Max Mhz: 2401, Current Mhz: 2401, Mhz Limit: 2401

Memory: 4k page, system-wide physical 11723M (2060M free)
TotalPageFile size 23723M (AvailPageFile size 5M)
current process WorkingSet (physical memory assigned to process): 142M, peak: 142M
current process commit charge ("private bytes"): 302M, peak: 303M

vm_info: Java HotSpot(TM) 64-Bit Server VM (21.0.7+8-LTS-245) for windows-amd64 JRE (21.0.7+8-LTS-245), built on 2025-02-21T05:11:27Z by "mach5one" with MS VC++ 17.6 (VS2022)

END.
