#
# There is insufficient memory for the Java Runtime Environment to continue.
# Native memory allocation (malloc) failed to allocate 651456 bytes for Chunk::new
# Possible reasons:
#   The system is out of physical RAM or swap space
#   The process is running with CompressedOops enabled, and the Java Heap may be blocking the growth of the native heap
# Possible solutions:
#   Reduce memory load on the system
#   Increase physical memory or swap space
#   Check if swap backing store is full
#   Decrease Java heap size (-Xmx/-Xms)
#   Decrease number of Java threads
#   Decrease Java thread stack sizes (-Xss)
#   Set larger code cache with -XX:ReservedCodeCacheSize=
#   JVM is running with Zero Based Compressed Oops mode in which the Java heap is
#     placed in the first 32GB address space. The Java Heap base address is the
#     maximum limit for the native heap growth. Please use -XX:HeapBaseMinAddress
#     to set the Java Heap base and to place the Java Heap above 32GB virtual address.
# This output file may be truncated or incomplete.
#
#  Out of Memory Error (arena.cpp:168), pid=28324, tid=7212
#
# JRE version: Java(TM) SE Runtime Environment (21.0.7+8) (build 21.0.7+8-LTS-245)
# Java VM: Java HotSpot(TM) 64-Bit Server VM (21.0.7+8-LTS-245, mixed mode, sharing, tiered, compressed oops, compressed class ptrs, g1 gc, windows-amd64)
# No core dump will be written. Minidumps are not enabled by default on client versions of Windows
#

---------------  S U M M A R Y ------------

Command Line: --enable-native-access=ALL-UNNAMED -Dclassworlds.conf=C:\Users\2oleg\Downloads\apache-maven-3.9.11-bin\apache-maven-3.9.11\bin\m2.conf -Dmaven.home=C:\Users\2oleg\Downloads\apache-maven-3.9.11-bin\apache-maven-3.9.11 -Dlibrary.jansi.path=C:\Users\2oleg\Downloads\apache-maven-3.9.11-bin\apache-maven-3.9.11\lib\jansi-native -Dmaven.multiModuleProjectDirectory=C:\Users\2oleg\Downloads\Telegram Desktop\Kefir\Backend\TransactionSaga org.codehaus.plexus.classworlds.launcher.Launcher spring-boot:run -Dserver.port=8090 -DskipTests

Host: Intel(R) Core(TM) i7-4700HQ CPU @ 2.40GHz, 8 cores, 11G,  Windows 10 , 64 bit Build 19041 (10.0.19041.5915)
Time: Sat Dec 13 01:38:56 2025 RTZ 2 (s 10 , 64 bit Build 19041 (10.0.19041.5915) elapsed time: 40.567320 seconds (0d 0h 0m 40s)

---------------  T H R E A D  ---------------

Current thread (0x000002317be63470):  JavaThread "C2 CompilerThread2" daemon [_thread_in_native, id=7212, stack(0x000000f071000000,0x000000f071100000) (1024K)]


Current CompileTask:
C2:  40567 4502       4       org.codehaus.plexus.util.xml.Xpp3DomBuilder::build (413 bytes)

Stack: [0x000000f071000000,0x000000f071100000]
Native frames: (J=compiled Java code, j=interpreted, Vv=VM code, C=native code)
V  [jvm.dll+0x6cae19]
V  [jvm.dll+0x855741]
V  [jvm.dll+0x857c6e]
V  [jvm.dll+0x858343]
V  [jvm.dll+0x27e0b6]
V  [jvm.dll+0xc4ecd]
V  [jvm.dll+0xc5403]
V  [jvm.dll+0x2f145d]
V  [jvm.dll+0x5f5a8a]
V  [jvm.dll+0x24fbc2]
V  [jvm.dll+0x24852f]
V  [jvm.dll+0x246004]
V  [jvm.dll+0x1c6efe]
V  [jvm.dll+0x255819]
V  [jvm.dll+0x253daa]
V  [jvm.dll+0x3eebb6]
V  [jvm.dll+0x7ffa1b]
V  [jvm.dll+0x6c94fd]
C  [ucrtbase.dll+0x21bb2]
C  [KERNEL32.DLL+0x17374]
C  [ntdll.dll+0x4cc91]


---------------  P R O C E S S  ---------------

Threads class SMR info:
_java_thread_list=0x000002317b8e66e0, length=14, elements={
0x0000023115a33370, 0x000002313570b220, 0x000002313570c020, 0x000002313570ec30,
0x000002313570f680, 0x00000231357100d0, 0x0000023135710b20, 0x00000231357158c0,
0x000002313577f390, 0x0000023135970760, 0x00000231359757d0, 0x000002317b2fe450,
0x000002317be63b40, 0x000002317be63470
}

Java Threads: ( => current thread )
  0x0000023115a33370 JavaThread "main"                              [_thread_in_native, id=31752, stack(0x000000f06fd00000,0x000000f06fe00000) (1024K)]
  0x000002313570b220 JavaThread "Reference Handler"          daemon [_thread_blocked, id=32472, stack(0x000000f070500000,0x000000f070600000) (1024K)]
  0x000002313570c020 JavaThread "Finalizer"                  daemon [_thread_blocked, id=22808, stack(0x000000f070600000,0x000000f070700000) (1024K)]
  0x000002313570ec30 JavaThread "Signal Dispatcher"          daemon [_thread_blocked, id=32124, stack(0x000000f070700000,0x000000f070800000) (1024K)]
  0x000002313570f680 JavaThread "Attach Listener"            daemon [_thread_blocked, id=3312, stack(0x000000f070800000,0x000000f070900000) (1024K)]
  0x00000231357100d0 JavaThread "Service Thread"             daemon [_thread_blocked, id=9580, stack(0x000000f070900000,0x000000f070a00000) (1024K)]
  0x0000023135710b20 JavaThread "Monitor Deflation Thread"   daemon [_thread_blocked, id=30096, stack(0x000000f070a00000,0x000000f070b00000) (1024K)]
  0x00000231357158c0 JavaThread "C2 CompilerThread0"         daemon [_thread_blocked, id=31312, stack(0x000000f070b00000,0x000000f070c00000) (1024K)]
  0x000002313577f390 JavaThread "C1 CompilerThread0"         daemon [_thread_blocked, id=32440, stack(0x000000f070c00000,0x000000f070d00000) (1024K)]
  0x0000023135970760 JavaThread "Notification Thread"        daemon [_thread_blocked, id=9728, stack(0x000000f070d00000,0x000000f070e00000) (1024K)]
  0x00000231359757d0 JavaThread "Common-Cleaner"             daemon [_thread_blocked, id=27920, stack(0x000000f070e00000,0x000000f070f00000) (1024K)]
  0x000002317b2fe450 JavaThread "Thread-1"                   daemon [_thread_blocked, id=16596, stack(0x000000f070f00000,0x000000f071000000) (1024K)]
  0x000002317be63b40 JavaThread "C2 CompilerThread1"         daemon [_thread_blocked, id=6300, stack(0x000000f06fb00000,0x000000f06fc00000) (1024K)]
=>0x000002317be63470 JavaThread "C2 CompilerThread2"         daemon [_thread_in_native, id=7212, stack(0x000000f071000000,0x000000f071100000) (1024K)]
Total: 14

Other Threads:
  0x00000231356f0060 VMThread "VM Thread"                           [id=15992, stack(0x000000f070400000,0x000000f070500000) (1024K)]
  0x00000231356dfd40 WatcherThread "VM Periodic Task Thread"        [id=31772, stack(0x000000f070300000,0x000000f070400000) (1024K)]
  0x0000023117c3f210 WorkerThread "GC Thread#0"                     [id=23524, stack(0x000000f06fe00000,0x000000f06ff00000) (1024K)]
  0x0000023135affed0 WorkerThread "GC Thread#1"                     [id=27168, stack(0x000000f071100000,0x000000f071200000) (1024K)]
  0x0000023135b00270 WorkerThread "GC Thread#2"                     [id=25796, stack(0x000000f071200000,0x000000f071300000) (1024K)]
  0x0000023135b00610 WorkerThread "GC Thread#3"                     [id=20036, stack(0x000000f071300000,0x000000f071400000) (1024K)]
  0x000002317b27b8e0 WorkerThread "GC Thread#4"                     [id=9764, stack(0x000000f071400000,0x000000f071500000) (1024K)]
  0x000002317b27bc80 WorkerThread "GC Thread#5"                     [id=29280, stack(0x000000f071500000,0x000000f071600000) (1024K)]
  0x000002317b27c020 WorkerThread "GC Thread#6"                     [id=10096, stack(0x000000f071600000,0x000000f071700000) (1024K)]
  0x000002317b27c3c0 WorkerThread "GC Thread#7"                     [id=12680, stack(0x000000f071700000,0x000000f071800000) (1024K)]
  0x0000023117c4b930 ConcurrentGCThread "G1 Main Marker"            [id=1232, stack(0x000000f06ff00000,0x000000f070000000) (1024K)]
  0x0000023117c4c430 WorkerThread "G1 Conc#0"                       [id=23284, stack(0x000000f070000000,0x000000f070100000) (1024K)]
  0x00000231355b08a0 ConcurrentGCThread "G1 Refine#0"               [id=2016, stack(0x000000f070100000,0x000000f070200000) (1024K)]
  0x00000231355b1320 ConcurrentGCThread "G1 Service"                [id=12864, stack(0x000000f070200000,0x000000f070300000) (1024K)]
Total: 14

Threads with active compile tasks:
C2 CompilerThread2    40760 4502       4       org.codehaus.plexus.util.xml.Xpp3DomBuilder::build (413 bytes)
Total: 1

VM state: not at safepoint (normal execution)

VM Mutex/Monitor currently owned by a thread: None

Heap address: 0x0000000748c00000, size: 2932 MB, Compressed Oops mode: Zero based, Oop shift amount: 3

CDS archive(s) mapped at: [0x0000023136000000-0x0000023136c90000-0x0000023136c90000), size 13172736, SharedBaseAddress: 0x0000023136000000, ArchiveRelocationMode: 1.
Compressed class space mapped at: 0x0000023137000000-0x0000023177000000, reserved size: 1073741824
Narrow klass base: 0x0000023136000000, Narrow klass shift: 0, Narrow klass range: 0x100000000

GC Precious Log:
 CardTable entry size: 512
 Card Set container configuration: InlinePtr #cards 4 size 8 Array Of Cards #cards 16 size 48 Howl #buckets 8 coarsen threshold 3686 Howl Bitmap #cards 512 size 80 coarsen threshold 460 Card regions per heap region 1 cards per card region 4096
 CPUs: 8 total, 8 available
 Memory: 11723M
 Large Page Support: Disabled
 NUMA Support: Disabled
 Compressed Oops: Enabled (Zero based)
 Heap Region Size: 2M
 Heap Min Capacity: 8M
 Heap Initial Capacity: 184M
 Heap Max Capacity: 2932M
 Pre-touch: Disabled
 Parallel Workers: 8
 Concurrent Workers: 2
 Concurrent Refinement Workers: 8
 Periodic GC: Disabled

Heap:
 garbage-first heap   total 188416K, used 17888K [0x0000000748c00000, 0x0000000800000000)
  region size 2048K, 8 young (16384K), 6 survivors (12288K)
 Metaspace       used 16502K, committed 16768K, reserved 1114112K
  class space    used 1850K, committed 1984K, reserved 1048576K

Heap Regions: E=young(eden), S=young(survivor), O=old, HS=humongous(starts), HC=humongous(continues), CS=collection set, F=free, TAMS=top-at-mark-start, PB=parsable bottom
|   0|0x0000000748c00000, 0x0000000748e00000, 0x0000000748e00000|100%| O|  |TAMS 0x0000000748c00000| PB 0x0000000748c00000| Untracked 
|   1|0x0000000748e00000, 0x0000000748f783b8, 0x0000000749000000| 73%| O|  |TAMS 0x0000000748e00000| PB 0x0000000748e00000| Untracked 
|   2|0x0000000749000000, 0x0000000749000000, 0x0000000749200000|  0%| F|  |TAMS 0x0000000749000000| PB 0x0000000749000000| Untracked 
|   3|0x0000000749200000, 0x0000000749200000, 0x0000000749400000|  0%| F|  |TAMS 0x0000000749200000| PB 0x0000000749200000| Untracked 
|   4|0x0000000749400000, 0x0000000749400000, 0x0000000749600000|  0%| F|  |TAMS 0x0000000749400000| PB 0x0000000749400000| Untracked 
|   5|0x0000000749600000, 0x0000000749600000, 0x0000000749800000|  0%| F|  |TAMS 0x0000000749600000| PB 0x0000000749600000| Untracked 
|   6|0x0000000749800000, 0x0000000749800000, 0x0000000749a00000|  0%| F|  |TAMS 0x0000000749800000| PB 0x0000000749800000| Untracked 
|   7|0x0000000749a00000, 0x0000000749a00000, 0x0000000749c00000|  0%| F|  |TAMS 0x0000000749a00000| PB 0x0000000749a00000| Untracked 
|   8|0x0000000749c00000, 0x0000000749c00000, 0x0000000749e00000|  0%| F|  |TAMS 0x0000000749c00000| PB 0x0000000749c00000| Untracked 
|   9|0x0000000749e00000, 0x0000000749e00000, 0x000000074a000000|  0%| F|  |TAMS 0x0000000749e00000| PB 0x0000000749e00000| Untracked 
|  10|0x000000074a000000, 0x000000074a000000, 0x000000074a200000|  0%| F|  |TAMS 0x000000074a000000| PB 0x000000074a000000| Untracked 
|  11|0x000000074a200000, 0x000000074a200000, 0x000000074a400000|  0%| F|  |TAMS 0x000000074a200000| PB 0x000000074a200000| Untracked 
|  12|0x000000074a400000, 0x000000074a400000, 0x000000074a600000|  0%| F|  |TAMS 0x000000074a400000| PB 0x000000074a400000| Untracked 
|  13|0x000000074a600000, 0x000000074a600000, 0x000000074a800000|  0%| F|  |TAMS 0x000000074a600000| PB 0x000000074a600000| Untracked 
|  14|0x000000074a800000, 0x000000074a800000, 0x000000074aa00000|  0%| F|  |TAMS 0x000000074a800000| PB 0x000000074a800000| Untracked 
|  15|0x000000074aa00000, 0x000000074aa00000, 0x000000074ac00000|  0%| F|  |TAMS 0x000000074aa00000| PB 0x000000074aa00000| Untracked 
|  16|0x000000074ac00000, 0x000000074ac00000, 0x000000074ae00000|  0%| F|  |TAMS 0x000000074ac00000| PB 0x000000074ac00000| Untracked 
|  17|0x000000074ae00000, 0x000000074ae00000, 0x000000074b000000|  0%| F|  |TAMS 0x000000074ae00000| PB 0x000000074ae00000| Untracked 
|  18|0x000000074b000000, 0x000000074b000000, 0x000000074b200000|  0%| F|  |TAMS 0x000000074b000000| PB 0x000000074b000000| Untracked 
|  19|0x000000074b200000, 0x000000074b200000, 0x000000074b400000|  0%| F|  |TAMS 0x000000074b200000| PB 0x000000074b200000| Untracked 
|  20|0x000000074b400000, 0x000000074b400000, 0x000000074b600000|  0%| F|  |TAMS 0x000000074b400000| PB 0x000000074b400000| Untracked 
|  21|0x000000074b600000, 0x000000074b600000, 0x000000074b800000|  0%| F|  |TAMS 0x000000074b600000| PB 0x000000074b600000| Untracked 
|  22|0x000000074b800000, 0x000000074b800000, 0x000000074ba00000|  0%| F|  |TAMS 0x000000074b800000| PB 0x000000074b800000| Untracked 
|  23|0x000000074ba00000, 0x000000074ba00000, 0x000000074bc00000|  0%| F|  |TAMS 0x000000074ba00000| PB 0x000000074ba00000| Untracked 
|  24|0x000000074bc00000, 0x000000074bc00000, 0x000000074be00000|  0%| F|  |TAMS 0x000000074bc00000| PB 0x000000074bc00000| Untracked 
|  25|0x000000074be00000, 0x000000074be00000, 0x000000074c000000|  0%| F|  |TAMS 0x000000074be00000| PB 0x000000074be00000| Untracked 
|  26|0x000000074c000000, 0x000000074c000000, 0x000000074c200000|  0%| F|  |TAMS 0x000000074c000000| PB 0x000000074c000000| Untracked 
|  27|0x000000074c200000, 0x000000074c200000, 0x000000074c400000|  0%| F|  |TAMS 0x000000074c200000| PB 0x000000074c200000| Untracked 
|  28|0x000000074c400000, 0x000000074c400000, 0x000000074c600000|  0%| F|  |TAMS 0x000000074c400000| PB 0x000000074c400000| Untracked 
|  29|0x000000074c600000, 0x000000074c600000, 0x000000074c800000|  0%| F|  |TAMS 0x000000074c600000| PB 0x000000074c600000| Untracked 
|  30|0x000000074c800000, 0x000000074c800000, 0x000000074ca00000|  0%| F|  |TAMS 0x000000074c800000| PB 0x000000074c800000| Untracked 
|  31|0x000000074ca00000, 0x000000074cc00000, 0x000000074cc00000|100%| S|CS|TAMS 0x000000074ca00000| PB 0x000000074ca00000| Complete 
|  32|0x000000074cc00000, 0x000000074ce00000, 0x000000074ce00000|100%| S|CS|TAMS 0x000000074cc00000| PB 0x000000074cc00000| Complete 
|  33|0x000000074ce00000, 0x000000074d000000, 0x000000074d000000|100%| S|CS|TAMS 0x000000074ce00000| PB 0x000000074ce00000| Complete 
|  34|0x000000074d000000, 0x000000074d200000, 0x000000074d200000|100%| S|CS|TAMS 0x000000074d000000| PB 0x000000074d000000| Complete 
|  35|0x000000074d200000, 0x000000074d400000, 0x000000074d400000|100%| S|CS|TAMS 0x000000074d200000| PB 0x000000074d200000| Complete 
|  36|0x000000074d400000, 0x000000074d600000, 0x000000074d600000|100%| S|CS|TAMS 0x000000074d400000| PB 0x000000074d400000| Complete 
|  37|0x000000074d600000, 0x000000074d600000, 0x000000074d800000|  0%| F|  |TAMS 0x000000074d600000| PB 0x000000074d600000| Untracked 
|  38|0x000000074d800000, 0x000000074d800000, 0x000000074da00000|  0%| F|  |TAMS 0x000000074d800000| PB 0x000000074d800000| Untracked 
|  39|0x000000074da00000, 0x000000074da00000, 0x000000074dc00000|  0%| F|  |TAMS 0x000000074da00000| PB 0x000000074da00000| Untracked 
|  40|0x000000074dc00000, 0x000000074dc00000, 0x000000074de00000|  0%| F|  |TAMS 0x000000074dc00000| PB 0x000000074dc00000| Untracked 
|  41|0x000000074de00000, 0x000000074de00000, 0x000000074e000000|  0%| F|  |TAMS 0x000000074de00000| PB 0x000000074de00000| Untracked 
|  42|0x000000074e000000, 0x000000074e000000, 0x000000074e200000|  0%| F|  |TAMS 0x000000074e000000| PB 0x000000074e000000| Untracked 
|  43|0x000000074e200000, 0x000000074e200000, 0x000000074e400000|  0%| F|  |TAMS 0x000000074e200000| PB 0x000000074e200000| Untracked 
|  44|0x000000074e400000, 0x000000074e400000, 0x000000074e600000|  0%| F|  |TAMS 0x000000074e400000| PB 0x000000074e400000| Untracked 
|  45|0x000000074e600000, 0x000000074e600000, 0x000000074e800000|  0%| F|  |TAMS 0x000000074e600000| PB 0x000000074e600000| Untracked 
|  46|0x000000074e800000, 0x000000074e800000, 0x000000074ea00000|  0%| F|  |TAMS 0x000000074e800000| PB 0x000000074e800000| Untracked 
|  47|0x000000074ea00000, 0x000000074ea00000, 0x000000074ec00000|  0%| F|  |TAMS 0x000000074ea00000| PB 0x000000074ea00000| Untracked 
|  48|0x000000074ec00000, 0x000000074ec00000, 0x000000074ee00000|  0%| F|  |TAMS 0x000000074ec00000| PB 0x000000074ec00000| Untracked 
|  49|0x000000074ee00000, 0x000000074ee00000, 0x000000074f000000|  0%| F|  |TAMS 0x000000074ee00000| PB 0x000000074ee00000| Untracked 
|  50|0x000000074f000000, 0x000000074f000000, 0x000000074f200000|  0%| F|  |TAMS 0x000000074f000000| PB 0x000000074f000000| Untracked 
|  51|0x000000074f200000, 0x000000074f200000, 0x000000074f400000|  0%| F|  |TAMS 0x000000074f200000| PB 0x000000074f200000| Untracked 
|  52|0x000000074f400000, 0x000000074f400000, 0x000000074f600000|  0%| F|  |TAMS 0x000000074f400000| PB 0x000000074f400000| Untracked 
|  53|0x000000074f600000, 0x000000074f600000, 0x000000074f800000|  0%| F|  |TAMS 0x000000074f600000| PB 0x000000074f600000| Untracked 
|  54|0x000000074f800000, 0x000000074f800000, 0x000000074fa00000|  0%| F|  |TAMS 0x000000074f800000| PB 0x000000074f800000| Untracked 
|  55|0x000000074fa00000, 0x000000074fa00000, 0x000000074fc00000|  0%| F|  |TAMS 0x000000074fa00000| PB 0x000000074fa00000| Untracked 
|  56|0x000000074fc00000, 0x000000074fc00000, 0x000000074fe00000|  0%| F|  |TAMS 0x000000074fc00000| PB 0x000000074fc00000| Untracked 
|  57|0x000000074fe00000, 0x000000074fe00000, 0x0000000750000000|  0%| F|  |TAMS 0x000000074fe00000| PB 0x000000074fe00000| Untracked 
|  58|0x0000000750000000, 0x0000000750000000, 0x0000000750200000|  0%| F|  |TAMS 0x0000000750000000| PB 0x0000000750000000| Untracked 
|  59|0x0000000750200000, 0x0000000750200000, 0x0000000750400000|  0%| F|  |TAMS 0x0000000750200000| PB 0x0000000750200000| Untracked 
|  60|0x0000000750400000, 0x0000000750400000, 0x0000000750600000|  0%| F|  |TAMS 0x0000000750400000| PB 0x0000000750400000| Untracked 
|  61|0x0000000750600000, 0x0000000750600000, 0x0000000750800000|  0%| F|  |TAMS 0x0000000750600000| PB 0x0000000750600000| Untracked 
|  62|0x0000000750800000, 0x0000000750800000, 0x0000000750a00000|  0%| F|  |TAMS 0x0000000750800000| PB 0x0000000750800000| Untracked 
|  63|0x0000000750a00000, 0x0000000750a00000, 0x0000000750c00000|  0%| F|  |TAMS 0x0000000750a00000| PB 0x0000000750a00000| Untracked 
|  64|0x0000000750c00000, 0x0000000750c00000, 0x0000000750e00000|  0%| F|  |TAMS 0x0000000750c00000| PB 0x0000000750c00000| Untracked 
|  65|0x0000000750e00000, 0x0000000750e00000, 0x0000000751000000|  0%| F|  |TAMS 0x0000000750e00000| PB 0x0000000750e00000| Untracked 
|  66|0x0000000751000000, 0x0000000751000000, 0x0000000751200000|  0%| F|  |TAMS 0x0000000751000000| PB 0x0000000751000000| Untracked 
|  67|0x0000000751200000, 0x0000000751200000, 0x0000000751400000|  0%| F|  |TAMS 0x0000000751200000| PB 0x0000000751200000| Untracked 
|  68|0x0000000751400000, 0x0000000751400000, 0x0000000751600000|  0%| F|  |TAMS 0x0000000751400000| PB 0x0000000751400000| Untracked 
|  69|0x0000000751600000, 0x0000000751600000, 0x0000000751800000|  0%| F|  |TAMS 0x0000000751600000| PB 0x0000000751600000| Untracked 
|  70|0x0000000751800000, 0x0000000751800000, 0x0000000751a00000|  0%| F|  |TAMS 0x0000000751800000| PB 0x0000000751800000| Untracked 
|  71|0x0000000751a00000, 0x0000000751a00000, 0x0000000751c00000|  0%| F|  |TAMS 0x0000000751a00000| PB 0x0000000751a00000| Untracked 
|  72|0x0000000751c00000, 0x0000000751c00000, 0x0000000751e00000|  0%| F|  |TAMS 0x0000000751c00000| PB 0x0000000751c00000| Untracked 
|  73|0x0000000751e00000, 0x0000000751e00000, 0x0000000752000000|  0%| F|  |TAMS 0x0000000751e00000| PB 0x0000000751e00000| Untracked 
|  74|0x0000000752000000, 0x0000000752000000, 0x0000000752200000|  0%| F|  |TAMS 0x0000000752000000| PB 0x0000000752000000| Untracked 
|  75|0x0000000752200000, 0x0000000752200000, 0x0000000752400000|  0%| F|  |TAMS 0x0000000752200000| PB 0x0000000752200000| Untracked 
|  76|0x0000000752400000, 0x0000000752400000, 0x0000000752600000|  0%| F|  |TAMS 0x0000000752400000| PB 0x0000000752400000| Untracked 
|  77|0x0000000752600000, 0x0000000752600000, 0x0000000752800000|  0%| F|  |TAMS 0x0000000752600000| PB 0x0000000752600000| Untracked 
|  78|0x0000000752800000, 0x0000000752800000, 0x0000000752a00000|  0%| F|  |TAMS 0x0000000752800000| PB 0x0000000752800000| Untracked 
|  79|0x0000000752a00000, 0x0000000752a00000, 0x0000000752c00000|  0%| F|  |TAMS 0x0000000752a00000| PB 0x0000000752a00000| Untracked 
|  80|0x0000000752c00000, 0x0000000752c00000, 0x0000000752e00000|  0%| F|  |TAMS 0x0000000752c00000| PB 0x0000000752c00000| Untracked 
|  81|0x0000000752e00000, 0x0000000752e00000, 0x0000000753000000|  0%| F|  |TAMS 0x0000000752e00000| PB 0x0000000752e00000| Untracked 
|  82|0x0000000753000000, 0x0000000753000000, 0x0000000753200000|  0%| F|  |TAMS 0x0000000753000000| PB 0x0000000753000000| Untracked 
|  83|0x0000000753200000, 0x0000000753200000, 0x0000000753400000|  0%| F|  |TAMS 0x0000000753200000| PB 0x0000000753200000| Untracked 
|  84|0x0000000753400000, 0x0000000753400000, 0x0000000753600000|  0%| F|  |TAMS 0x0000000753400000| PB 0x0000000753400000| Untracked 
|  85|0x0000000753600000, 0x0000000753600000, 0x0000000753800000|  0%| F|  |TAMS 0x0000000753600000| PB 0x0000000753600000| Untracked 
|  86|0x0000000753800000, 0x0000000753800000, 0x0000000753a00000|  0%| F|  |TAMS 0x0000000753800000| PB 0x0000000753800000| Untracked 
|  87|0x0000000753a00000, 0x0000000753a00000, 0x0000000753c00000|  0%| F|  |TAMS 0x0000000753a00000| PB 0x0000000753a00000| Untracked 
|  88|0x0000000753c00000, 0x0000000753c00000, 0x0000000753e00000|  0%| F|  |TAMS 0x0000000753c00000| PB 0x0000000753c00000| Untracked 
|  89|0x0000000753e00000, 0x0000000753e00000, 0x0000000754000000|  0%| F|  |TAMS 0x0000000753e00000| PB 0x0000000753e00000| Untracked 
|  90|0x0000000754000000, 0x0000000754100000, 0x0000000754200000| 50%| E|  |TAMS 0x0000000754000000| PB 0x0000000754000000| Complete 
|  91|0x0000000754200000, 0x0000000754400000, 0x0000000754400000|100%| E|CS|TAMS 0x0000000754200000| PB 0x0000000754200000| Complete 

Card table byte_map: [0x000002312f980000,0x000002312ff40000] _byte_map_base: 0x000002312bf3a000

Marking Bits: (CMBitMap*) 0x0000023117c3f910
 Bits: [0x000002312ff40000, 0x0000023132d10000)

Polling page: 0x0000023115d90000

Metaspace:

Usage:
  Non-class:     14.31 MB used.
      Class:      1.81 MB used.
       Both:     16.12 MB used.

Virtual space:
  Non-class space:       64.00 MB reserved,      14.44 MB ( 23%) committed,  1 nodes.
      Class space:        1.00 GB reserved,       1.94 MB ( <1%) committed,  1 nodes.
             Both:        1.06 GB reserved,      16.38 MB (  2%) committed. 

Chunk freelists:
   Non-Class:  1.39 MB
       Class:  13.92 MB
        Both:  15.31 MB

MaxMetaspaceSize: unlimited
CompressedClassSpaceSize: 1.00 GB
Initial GC threshold: 21.00 MB
Current GC threshold: 21.00 MB
CDS: on
 - commit_granule_bytes: 65536.
 - commit_granule_words: 8192.
 - virtual_space_node_default_size: 8388608.
 - enlarge_chunks_in_place: 1.
 - use_allocation_guard: 0.


Internal statistics:

num_allocs_failed_limit: 0.
num_arena_births: 170.
num_arena_deaths: 0.
num_vsnodes_births: 2.
num_vsnodes_deaths: 0.
num_space_committed: 262.
num_space_uncommitted: 0.
num_chunks_returned_to_freelist: 0.
num_chunks_taken_from_freelist: 707.
num_chunk_merges: 0.
num_chunk_splits: 500.
num_chunks_enlarged: 412.
num_inconsistent_stats: 0.

CodeHeap 'non-profiled nmethods': size=120000Kb used=2236Kb max_used=2236Kb free=117763Kb
 bounds [0x0000023127b60000, 0x0000023127dd0000, 0x000002312f090000]
CodeHeap 'profiled nmethods': size=120000Kb used=9656Kb max_used=9656Kb free=110343Kb
 bounds [0x0000023120090000, 0x0000023120a00000, 0x00000231275c0000]
CodeHeap 'non-nmethods': size=5760Kb used=1394Kb max_used=1449Kb free=4365Kb
 bounds [0x00000231275c0000, 0x0000023127830000, 0x0000023127b60000]
 total_blobs=4994 nmethods=4505 adapters=393
 compilation: enabled
              stopped_count=0, restarted_count=0
 full_count=0

Compilation events (20 events):
Event: 40.464 Thread 0x000002313577f390 nmethod 4509 0x00000231209f8790 code [0x00000231209f8960, 0x00000231209f8de0]
Event: 40.464 Thread 0x000002313577f390 4510       3       org.eclipse.aether.repository.RemoteRepository$Builder::setSnapshotPolicy (42 bytes)
Event: 40.465 Thread 0x000002313577f390 nmethod 4510 0x00000231209f8e90 code [0x00000231209f9060, 0x00000231209f9348]
Event: 40.465 Thread 0x000002313577f390 4511       3       org.eclipse.aether.repository.RemoteRepository$Builder::setReleasePolicy (42 bytes)
Event: 40.465 Thread 0x000002313577f390 nmethod 4511 0x00000231209f9490 code [0x00000231209f9660, 0x00000231209f9938]
Event: 40.470 Thread 0x000002313577f390 4513       3       org.apache.maven.model.merge.ModelMerger::mergePluginConfiguration_PluginManagement (49 bytes)
Event: 40.470 Thread 0x000002313577f390 nmethod 4513 0x00000231209f9a90 code [0x00000231209f9c60, 0x00000231209fa258]
Event: 40.470 Thread 0x000002313577f390 4514       3       org.apache.maven.model.merge.MavenModelMerger::mergeBuildBase_Resources (26 bytes)
Event: 40.471 Thread 0x000002313577f390 nmethod 4514 0x00000231209fa410 code [0x00000231209fa600, 0x00000231209fac98]
Event: 40.471 Thread 0x00000231357158c0 nmethod 4507 0x0000023127d88890 code [0x0000023127d88a80, 0x0000023127d88fb0]
Event: 40.471 Thread 0x000002313577f390 4515       3       org.apache.maven.model.merge.MavenModelMerger::mergeBuildBase_TestResources (26 bytes)
Event: 40.471 Thread 0x00000231357158c0 4512       4       java.util.regex.Matcher::search (154 bytes)
Event: 40.471 Thread 0x000002313577f390 nmethod 4515 0x00000231209fae90 code [0x00000231209fb080, 0x00000231209fb718]
Event: 40.472 Thread 0x000002313577f390 4516       3       org.apache.maven.model.merge.MavenModelMerger::mergeBuildBase_Filters (130 bytes)
Event: 40.473 Thread 0x000002313577f390 nmethod 4516 0x00000231209fb910 code [0x00000231209fbcc0, 0x00000231209fd918]
Event: 40.473 Thread 0x000002317be63b40 nmethod 4505 0x0000023127d89390 code [0x0000023127d89600, 0x0000023127d8a158]
Event: 40.473 Thread 0x000002317be63b40 4508       4       org.apache.maven.model.merge.ModelMerger::mergeConfigurationContainer_Inherited (43 bytes)
Event: 40.479 Thread 0x000002317be63b40 nmethod 4508 0x0000023127d8a690 code [0x0000023127d8a840, 0x0000023127d8aa90]
Event: 40.479 Thread 0x000002317be63b40 4517 %     4       sun.nio.fs.WindowsPathParser::normalize @ 18 (233 bytes)
Event: 40.483 Thread 0x00000231357158c0 nmethod 4512 0x0000023127d8ac10 code [0x0000023127d8adc0, 0x0000023127d8b1b0]

GC Heap History (6 events):
Event: 8.691 GC heap before
{Heap before GC invocations=0 (full 0):
 garbage-first heap   total 188416K, used 22528K [0x0000000748c00000, 0x0000000800000000)
  region size 2048K, 11 young (22528K), 0 survivors (0K)
 Metaspace       used 5626K, committed 5824K, reserved 1114112K
  class space    used 646K, committed 768K, reserved 1048576K
}
Event: 9.066 GC heap after
{Heap after GC invocations=1 (full 0):
 garbage-first heap   total 188416K, used 3840K [0x0000000748c00000, 0x0000000800000000)
  region size 2048K, 2 young (4096K), 2 survivors (4096K)
 Metaspace       used 5626K, committed 5824K, reserved 1114112K
  class space    used 646K, committed 768K, reserved 1048576K
}
Event: 16.596 GC heap before
{Heap before GC invocations=1 (full 0):
 garbage-first heap   total 188416K, used 36608K [0x0000000748c00000, 0x0000000800000000)
  region size 2048K, 18 young (36864K), 2 survivors (4096K)
 Metaspace       used 9841K, committed 10048K, reserved 1114112K
  class space    used 1154K, committed 1280K, reserved 1048576K
}
Event: 16.607 GC heap after
{Heap after GC invocations=2 (full 0):
 garbage-first heap   total 188416K, used 5516K [0x0000000748c00000, 0x0000000800000000)
  region size 2048K, 1 young (2048K), 1 survivors (2048K)
 Metaspace       used 9841K, committed 10048K, reserved 1114112K
  class space    used 1154K, committed 1280K, reserved 1048576K
}
Event: 40.396 GC heap before
{Heap before GC invocations=2 (full 0):
 garbage-first heap   total 188416K, used 116108K [0x0000000748c00000, 0x0000000800000000)
  region size 2048K, 55 young (112640K), 1 survivors (2048K)
 Metaspace       used 16478K, committed 16768K, reserved 1114112K
  class space    used 1850K, committed 1984K, reserved 1048576K
}
Event: 40.416 GC heap after
{Heap after GC invocations=3 (full 0):
 garbage-first heap   total 188416K, used 15840K [0x0000000748c00000, 0x0000000800000000)
  region size 2048K, 6 young (12288K), 6 survivors (12288K)
 Metaspace       used 16478K, committed 16768K, reserved 1114112K
  class space    used 1850K, committed 1984K, reserved 1048576K
}

Dll operation events (8 events):
Event: 0.391 Loaded shared library C:\Program Files\Java\jdk-21\bin\java.dll
Event: 0.773 Loaded shared library C:\Program Files\Java\jdk-21\bin\jsvml.dll
Event: 1.344 Loaded shared library C:\Program Files\Java\jdk-21\bin\net.dll
Event: 1.351 Loaded shared library C:\Program Files\Java\jdk-21\bin\nio.dll
Event: 1.359 Loaded shared library C:\Program Files\Java\jdk-21\bin\zip.dll
Event: 2.820 Loaded shared library C:\Users\2oleg\Downloads\apache-maven-3.9.11-bin\apache-maven-3.9.11\lib\jansi-native\Windows\x86_64\jansi.dll
Event: 3.004 Loaded shared library C:\Program Files\Java\jdk-21\bin\verify.dll
Event: 3.170 Loaded shared library C:\Program Files\Java\jdk-21\bin\jimage.dll

Deoptimization events (20 events):
Event: 36.763 Thread 0x0000023115a33370 DEOPT PACKING pc=0x0000023127d5290c sp=0x000000f06fdfcdf0
Event: 36.763 Thread 0x0000023115a33370 DEOPT UNPACKING pc=0x00000231276146a2 sp=0x000000f06fdfcdd0 mode 2
Event: 36.764 Thread 0x0000023115a33370 Uncommon trap: trap_request=0xffffffbe fr.pc=0x0000023127d5290c relative=0x00000000000011ac
Event: 36.764 Thread 0x0000023115a33370 Uncommon trap: reason=profile_predicate action=maybe_recompile pc=0x0000023127d5290c method=java.util.concurrent.ConcurrentHashMap.putAll(Ljava/util/Map;)V @ 28 c2
Event: 36.764 Thread 0x0000023115a33370 DEOPT PACKING pc=0x0000023127d5290c sp=0x000000f06fdfcb10
Event: 36.764 Thread 0x0000023115a33370 DEOPT UNPACKING pc=0x00000231276146a2 sp=0x000000f06fdfcaf0 mode 2
Event: 36.765 Thread 0x0000023115a33370 Uncommon trap: trap_request=0xffffffbe fr.pc=0x0000023127d5290c relative=0x00000000000011ac
Event: 36.765 Thread 0x0000023115a33370 Uncommon trap: reason=profile_predicate action=maybe_recompile pc=0x0000023127d5290c method=java.util.concurrent.ConcurrentHashMap.putAll(Ljava/util/Map;)V @ 28 c2
Event: 36.765 Thread 0x0000023115a33370 DEOPT PACKING pc=0x0000023127d5290c sp=0x000000f06fdfc820
Event: 36.765 Thread 0x0000023115a33370 DEOPT UNPACKING pc=0x00000231276146a2 sp=0x000000f06fdfc800 mode 2
Event: 36.765 Thread 0x0000023115a33370 Uncommon trap: trap_request=0xffffffbe fr.pc=0x0000023127d5290c relative=0x00000000000011ac
Event: 36.765 Thread 0x0000023115a33370 Uncommon trap: reason=profile_predicate action=maybe_recompile pc=0x0000023127d5290c method=java.util.concurrent.ConcurrentHashMap.putAll(Ljava/util/Map;)V @ 28 c2
Event: 36.765 Thread 0x0000023115a33370 DEOPT PACKING pc=0x0000023127d5290c sp=0x000000f06fdfc770
Event: 36.765 Thread 0x0000023115a33370 DEOPT UNPACKING pc=0x00000231276146a2 sp=0x000000f06fdfc750 mode 2
Event: 38.155 Thread 0x0000023115a33370 DEOPT PACKING pc=0x00000231200f6d51 sp=0x000000f06fdfcad0
Event: 38.155 Thread 0x0000023115a33370 DEOPT UNPACKING pc=0x0000023127614e42 sp=0x000000f06fdfbfd0 mode 0
Event: 38.974 Thread 0x0000023115a33370 DEOPT PACKING pc=0x00000231209080be sp=0x000000f06fdfc850
Event: 38.974 Thread 0x0000023115a33370 DEOPT UNPACKING pc=0x0000023127614e42 sp=0x000000f06fdfbe58 mode 0
Event: 39.837 Thread 0x0000023115a33370 DEOPT PACKING pc=0x00000231201527e3 sp=0x000000f06fdfc6d0
Event: 39.837 Thread 0x0000023115a33370 DEOPT UNPACKING pc=0x0000023127614e42 sp=0x000000f06fdfbbb0 mode 0

Classes loaded (20 events):
Event: 26.481 Loading class java/util/stream/Streams$RangeIntSpliterator
Event: 26.481 Loading class java/util/stream/Streams$RangeIntSpliterator done
Event: 29.327 Loading class sun/nio/fs/WindowsException
Event: 29.327 Loading class sun/nio/fs/WindowsException done
Event: 29.327 Loading class sun/nio/fs/WindowsDirectoryStream
Event: 29.327 Loading class java/nio/file/DirectoryStream
Event: 29.327 Loading class java/nio/file/DirectoryStream done
Event: 29.327 Loading class sun/nio/fs/WindowsDirectoryStream done
Event: 29.327 Loading class java/nio/file/NoSuchFileException
Event: 29.327 Loading class java/nio/file/NoSuchFileException done
Event: 30.524 Loading class java/util/stream/MatchOps$MatchKind
Event: 30.525 Loading class java/util/stream/MatchOps$MatchKind done
Event: 30.525 Loading class java/util/stream/MatchOps
Event: 30.525 Loading class java/util/stream/MatchOps done
Event: 30.525 Loading class java/util/stream/MatchOps$MatchOp
Event: 30.525 Loading class java/util/stream/MatchOps$MatchOp done
Event: 30.525 Loading class java/util/stream/MatchOps$BooleanTerminalSink
Event: 30.525 Loading class java/util/stream/MatchOps$BooleanTerminalSink done
Event: 30.526 Loading class java/util/stream/MatchOps$1MatchSink
Event: 30.526 Loading class java/util/stream/MatchOps$1MatchSink done

Classes unloaded (0 events):
No events

Classes redefined (0 events):
No events

Internal exceptions (20 events):
Event: 24.829 Thread 0x0000023115a33370 Implicit null exception at 0x0000023127b8b8a0 to 0x0000023127b8bf0c
Event: 25.107 Thread 0x0000023115a33370 Exception <a 'java/lang/NoSuchMethodError'{0x0000000752f7f560}: 'void java.lang.invoke.DirectMethodHandle$Holder.invokeSpecial(java.lang.Object, java.lang.Object, java.lang.Object, java.lang.Object, java.lang.Object)'> (0x0000000752f7f560) 
thrown [s\open\src\hotspot\share\interpreter\linkResolver.cpp, line 773]
Event: 25.111 Thread 0x0000023115a33370 Exception <a 'java/lang/NoSuchMethodError'{0x0000000752f954b0}: 'void java.lang.invoke.DirectMethodHandle$Holder.invokeSpecial(java.lang.Object, java.lang.Object, java.lang.Object, java.lang.Object, java.lang.Object, java.lang.Object)'> (0x0000000752f954b0) 
thrown [s\open\src\hotspot\share\interpreter\linkResolver.cpp, line 773]
Event: 25.131 Thread 0x0000023115a33370 Exception <a 'java/lang/NoSuchMethodError'{0x0000000752c85740}: 'java.lang.Object java.lang.invoke.DirectMethodHandle$Holder.invokeVirtual(java.lang.Object, java.lang.Object, java.lang.Object)'> (0x0000000752c85740) 
thrown [s\open\src\hotspot\share\interpreter\linkResolver.cpp, line 773]
Event: 25.500 Thread 0x0000023115a33370 Exception <a 'java/lang/NoSuchMethodError'{0x0000000752a60c60}: 'void java.lang.invoke.DirectMethodHandle$Holder.invokeVirtual(java.lang.Object, java.lang.Object, int)'> (0x0000000752a60c60) 
thrown [s\open\src\hotspot\share\interpreter\linkResolver.cpp, line 773]
Event: 25.501 Thread 0x0000023115a33370 Exception <a 'java/lang/NoSuchMethodError'{0x0000000752a64a10}: 'void java.lang.invoke.DirectMethodHandle$Holder.invokeSpecial(java.lang.Object, java.lang.Object, java.lang.Object, int)'> (0x0000000752a64a10) 
thrown [s\open\src\hotspot\share\interpreter\linkResolver.cpp, line 773]
Event: 25.501 Thread 0x0000023115a33370 Exception <a 'java/lang/NoSuchMethodError'{0x0000000752a680e0}: 'void java.lang.invoke.DelegatingMethodHandle$Holder.reinvoke_L(java.lang.Object, java.lang.Object, int)'> (0x0000000752a680e0) 
thrown [s\open\src\hotspot\share\interpreter\linkResolver.cpp, line 773]
Event: 29.327 Thread 0x0000023115a33370 Exception <a 'sun/nio/fs/WindowsException'{0x0000000751abb0b8}> (0x0000000751abb0b8) 
thrown [s\open\src\hotspot\share\prims\jni.cpp, line 520]
Event: 29.327 Thread 0x0000023115a33370 Exception <a 'sun/nio/fs/WindowsException'{0x0000000751abb538}> (0x0000000751abb538) 
thrown [s\open\src\hotspot\share\prims\jni.cpp, line 520]
Event: 30.691 Thread 0x0000023115a33370 Exception <a 'sun/nio/fs/WindowsException'{0x0000000750c4f360}> (0x0000000750c4f360) 
thrown [s\open\src\hotspot\share\prims\jni.cpp, line 520]
Event: 30.691 Thread 0x0000023115a33370 Exception <a 'sun/nio/fs/WindowsException'{0x0000000750c4f6c0}> (0x0000000750c4f6c0) 
thrown [s\open\src\hotspot\share\prims\jni.cpp, line 520]
Event: 30.694 Thread 0x0000023115a33370 Exception <a 'sun/nio/fs/WindowsException'{0x0000000750c76350}> (0x0000000750c76350) 
thrown [s\open\src\hotspot\share\prims\jni.cpp, line 520]
Event: 30.694 Thread 0x0000023115a33370 Exception <a 'sun/nio/fs/WindowsException'{0x0000000750c76678}> (0x0000000750c76678) 
thrown [s\open\src\hotspot\share\prims\jni.cpp, line 520]
Event: 30.700 Thread 0x0000023115a33370 Exception <a 'sun/nio/fs/WindowsException'{0x0000000750cdf4f8}> (0x0000000750cdf4f8) 
thrown [s\open\src\hotspot\share\prims\jni.cpp, line 520]
Event: 30.700 Thread 0x0000023115a33370 Exception <a 'sun/nio/fs/WindowsException'{0x0000000750cdf7d8}> (0x0000000750cdf7d8) 
thrown [s\open\src\hotspot\share\prims\jni.cpp, line 520]
Event: 30.800 Thread 0x0000023115a33370 Implicit null exception at 0x0000023127c877e6 to 0x0000023127c8917c
Event: 30.800 Thread 0x0000023115a33370 Implicit null exception at 0x0000023127c1971b to 0x0000023127c19914
Event: 30.800 Thread 0x0000023115a33370 Implicit null exception at 0x0000023127c77b09 to 0x0000023127c783a8
Event: 36.296 Thread 0x0000023115a33370 Exception <a 'sun/nio/fs/WindowsException'{0x000000074efdbab0}> (0x000000074efdbab0) 
thrown [s\open\src\hotspot\share\prims\jni.cpp, line 520]
Event: 36.296 Thread 0x0000023115a33370 Exception <a 'sun/nio/fs/WindowsException'{0x000000074efdbdc8}> (0x000000074efdbdc8) 
thrown [s\open\src\hotspot\share\prims\jni.cpp, line 520]

ZGC Phase Switch (0 events):
No events

VM Operations (20 events):
Event: 24.554 Executing VM operation: Cleanup
Event: 24.554 Executing VM operation: Cleanup done
Event: 24.555 Executing VM operation: HandshakeAllThreads (Deoptimize)
Event: 24.555 Executing VM operation: HandshakeAllThreads (Deoptimize) done
Event: 25.556 Executing VM operation: Cleanup
Event: 26.465 Executing VM operation: Cleanup done
Event: 27.465 Executing VM operation: Cleanup
Event: 29.029 Executing VM operation: Cleanup done
Event: 30.867 Executing VM operation: ICBufferFull
Event: 31.999 Executing VM operation: ICBufferFull done
Event: 34.000 Executing VM operation: Cleanup
Event: 34.553 Executing VM operation: Cleanup done
Event: 36.553 Executing VM operation: Cleanup
Event: 36.762 Executing VM operation: Cleanup done
Event: 37.763 Executing VM operation: Cleanup
Event: 37.878 Executing VM operation: Cleanup done
Event: 39.879 Executing VM operation: Cleanup
Event: 39.990 Executing VM operation: Cleanup done
Event: 40.175 Executing VM operation: G1CollectForAllocation (G1 Evacuation Pause)
Event: 40.416 Executing VM operation: G1CollectForAllocation (G1 Evacuation Pause) done

Events (20 events):
Event: 3.787 Thread 0x0000023135c41bc0 Thread exited: 0x0000023135c41bc0
Event: 8.412 Thread 0x000002317b0a0b70 Thread added: 0x000002317b0a0b70
Event: 8.432 Thread 0x0000023135aff830 Thread added: 0x0000023135aff830
Event: 9.320 Thread 0x0000023135aff830 Thread exited: 0x0000023135aff830
Event: 9.320 Thread 0x000002317b0a0b70 Thread exited: 0x000002317b0a0b70
Event: 23.176 Thread 0x000002317b2fe450 Thread added: 0x000002317b2fe450
Event: 25.251 Thread 0x0000023135908b60 Thread added: 0x0000023135908b60
Event: 27.190 Thread 0x0000023135908b60 Thread exited: 0x0000023135908b60
Event: 27.385 Thread 0x000002317b4b76d0 Thread added: 0x000002317b4b76d0
Event: 29.204 Thread 0x000002317b4b76d0 Thread exited: 0x000002317b4b76d0
Event: 30.244 Thread 0x000002317b9008a0 Thread added: 0x000002317b9008a0
Event: 32.390 Thread 0x000002317b9008a0 Thread exited: 0x000002317b9008a0
Event: 33.050 Thread 0x000002317bf41860 Thread added: 0x000002317bf41860
Event: 35.007 Thread 0x000002317bf41860 Thread exited: 0x000002317bf41860
Event: 35.333 Thread 0x000002317c4a97d0 Thread added: 0x000002317c4a97d0
Event: 35.831 Thread 0x000002317be63b40 Thread added: 0x000002317be63b40
Event: 37.373 Thread 0x000002317be63b40 Thread exited: 0x000002317be63b40
Event: 37.642 Thread 0x000002317c4a97d0 Thread exited: 0x000002317c4a97d0
Event: 39.994 Thread 0x000002317be63b40 Thread added: 0x000002317be63b40
Event: 40.011 Thread 0x000002317be63470 Thread added: 0x000002317be63470


Dynamic libraries:
0x00007ff703c60000 - 0x00007ff703c70000 	C:\Program Files\Java\jdk-21\bin\java.exe
0x00007ff9f5930000 - 0x00007ff9f5b28000 	C:\WINDOWS\SYSTEM32\ntdll.dll
0x00007ff9f5400000 - 0x00007ff9f54c2000 	C:\WINDOWS\System32\KERNEL32.DLL
0x00007ff9f3130000 - 0x00007ff9f3426000 	C:\WINDOWS\System32\KERNELBASE.dll
0x00007ff9f3820000 - 0x00007ff9f3920000 	C:\WINDOWS\System32\ucrtbase.dll
0x00007ff9e31d0000 - 0x00007ff9e31eb000 	C:\Program Files\Java\jdk-21\bin\VCRUNTIME140.dll
0x00007ff9e2300000 - 0x00007ff9e2319000 	C:\Program Files\Java\jdk-21\bin\jli.dll
0x00007ff9f3da0000 - 0x00007ff9f3e51000 	C:\WINDOWS\System32\ADVAPI32.dll
0x00007ff9f5820000 - 0x00007ff9f58be000 	C:\WINDOWS\System32\msvcrt.dll
0x00007ff9f4800000 - 0x00007ff9f489f000 	C:\WINDOWS\System32\sechost.dll
0x00007ff9f3c10000 - 0x00007ff9f3d30000 	C:\WINDOWS\System32\RPCRT4.dll
0x00007ff9f3560000 - 0x00007ff9f3587000 	C:\WINDOWS\System32\bcrypt.dll
0x00007ff9f3f40000 - 0x00007ff9f40e1000 	C:\WINDOWS\System32\USER32.dll
0x00007ff9f3100000 - 0x00007ff9f3122000 	C:\WINDOWS\System32\win32u.dll
0x00007ff9f47c0000 - 0x00007ff9f47eb000 	C:\WINDOWS\System32\GDI32.dll
0x00007ff9e4da0000 - 0x00007ff9e503b000 	C:\WINDOWS\WinSxS\amd64_microsoft.windows.common-controls_6595b64144ccf1df_6.0.19041.6456_none_60b8a6cb71f64256\COMCTL32.dll
0x00007ff9f2f90000 - 0x00007ff9f30a9000 	C:\WINDOWS\System32\gdi32full.dll
0x00007ff9f3590000 - 0x00007ff9f362d000 	C:\WINDOWS\System32\msvcp_win.dll
0x00007ff9ecd10000 - 0x00007ff9ecd1a000 	C:\WINDOWS\SYSTEM32\VERSION.dll
0x00007ff9f3f10000 - 0x00007ff9f3f3f000 	C:\WINDOWS\System32\IMM32.DLL
0x00007ff9ed3a0000 - 0x00007ff9ed3ac000 	C:\Program Files\Java\jdk-21\bin\vcruntime140_1.dll
0x00007ff9c7130000 - 0x00007ff9c71be000 	C:\Program Files\Java\jdk-21\bin\msvcp140.dll
0x00007ff98ebe0000 - 0x00007ff98f8fa000 	C:\Program Files\Java\jdk-21\bin\server\jvm.dll
0x00007ff9f4210000 - 0x00007ff9f427b000 	C:\WINDOWS\System32\WS2_32.dll
0x00007ff9f2df0000 - 0x00007ff9f2e3b000 	C:\WINDOWS\SYSTEM32\POWRPROF.dll
0x00007ff9e0140000 - 0x00007ff9e0167000 	C:\WINDOWS\SYSTEM32\WINMM.dll
0x00007ff9f2dd0000 - 0x00007ff9f2de2000 	C:\WINDOWS\SYSTEM32\UMPDC.dll
0x00007ff9f0dc0000 - 0x00007ff9f0dd2000 	C:\WINDOWS\SYSTEM32\kernel.appcore.dll
0x00007ff9ed370000 - 0x00007ff9ed37a000 	C:\Program Files\Java\jdk-21\bin\jimage.dll
0x00007ff9df840000 - 0x00007ff9dfa41000 	C:\WINDOWS\SYSTEM32\DBGHELP.DLL
0x00007ff9dd350000 - 0x00007ff9dd384000 	C:\WINDOWS\SYSTEM32\dbgcore.DLL
0x00007ff9f3630000 - 0x00007ff9f36b2000 	C:\WINDOWS\System32\bcryptPrimitives.dll
0x00007ff9e0be0000 - 0x00007ff9e0bff000 	C:\Program Files\Java\jdk-21\bin\java.dll
0x00007ff9f4930000 - 0x00007ff9f50a0000 	C:\WINDOWS\System32\SHELL32.dll
0x00007ff9f0fc0000 - 0x00007ff9f1765000 	C:\WINDOWS\SYSTEM32\windows.storage.dll
0x00007ff9f50a0000 - 0x00007ff9f53f4000 	C:\WINDOWS\System32\combase.dll
0x00007ff9f28e0000 - 0x00007ff9f290b000 	C:\WINDOWS\SYSTEM32\Wldp.dll
0x00007ff9f46f0000 - 0x00007ff9f47bd000 	C:\WINDOWS\System32\OLEAUT32.dll
0x00007ff9f3920000 - 0x00007ff9f39cd000 	C:\WINDOWS\System32\SHCORE.dll
0x00007ff9f57c0000 - 0x00007ff9f581b000 	C:\WINDOWS\System32\shlwapi.dll
0x00007ff9f2ec0000 - 0x00007ff9f2ee4000 	C:\WINDOWS\SYSTEM32\profapi.dll
0x00007ff9ab440000 - 0x00007ff9ab517000 	C:\Program Files\Java\jdk-21\bin\jsvml.dll
0x00007ff9ebd20000 - 0x00007ff9ebd30000 	C:\Program Files\Java\jdk-21\bin\net.dll
0x00007ff9ec950000 - 0x00007ff9eca5a000 	C:\WINDOWS\SYSTEM32\WINHTTP.dll
0x00007ff9f25f0000 - 0x00007ff9f265a000 	C:\WINDOWS\system32\mswsock.dll
0x00007ff9dbf20000 - 0x00007ff9dbf36000 	C:\Program Files\Java\jdk-21\bin\nio.dll
0x00007ff9d8a60000 - 0x00007ff9d8a78000 	C:\Program Files\Java\jdk-21\bin\zip.dll
0x00007ff9d0da0000 - 0x00007ff9d0dc4000 	C:\Users\2oleg\Downloads\apache-maven-3.9.11-bin\apache-maven-3.9.11\lib\jansi-native\Windows\x86_64\jansi.dll
0x00007ff9e8580000 - 0x00007ff9e8590000 	C:\Program Files\Java\jdk-21\bin\verify.dll

dbghelp: loaded successfully - version: 4.0.5 - missing functions: none
symbol engine: initialized successfully - sym options: 0x614 - pdb path: .;C:\Program Files\Java\jdk-21\bin;C:\WINDOWS\SYSTEM32;C:\WINDOWS\WinSxS\amd64_microsoft.windows.common-controls_6595b64144ccf1df_6.0.19041.6456_none_60b8a6cb71f64256;C:\Program Files\Java\jdk-21\bin\server;C:\Users\2oleg\Downloads\apache-maven-3.9.11-bin\apache-maven-3.9.11\lib\jansi-native\Windows\x86_64

VM Arguments:
jvm_args: --enable-native-access=ALL-UNNAMED -Dclassworlds.conf=C:\Users\2oleg\Downloads\apache-maven-3.9.11-bin\apache-maven-3.9.11\bin\m2.conf -Dmaven.home=C:\Users\2oleg\Downloads\apache-maven-3.9.11-bin\apache-maven-3.9.11 -Dlibrary.jansi.path=C:\Users\2oleg\Downloads\apache-maven-3.9.11-bin\apache-maven-3.9.11\lib\jansi-native -Dmaven.multiModuleProjectDirectory=C:\Users\2oleg\Downloads\Telegram Desktop\Kefir\Backend\TransactionSaga 
java_command: org.codehaus.plexus.classworlds.launcher.Launcher spring-boot:run -Dserver.port=8090 -DskipTests
java_class_path (initial): C:\Users\2oleg\Downloads\apache-maven-3.9.11-bin\apache-maven-3.9.11\boot\plexus-classworlds-2.9.0.jar
Launcher Type: SUN_STANDARD

[Global flags]
     intx CICompilerCount                          = 4                                         {product} {ergonomic}
     uint ConcGCThreads                            = 2                                         {product} {ergonomic}
     uint G1ConcRefinementThreads                  = 8                                         {product} {ergonomic}
   size_t G1HeapRegionSize                         = 2097152                                   {product} {ergonomic}
    uintx GCDrainStackTargetSize                   = 64                                        {product} {ergonomic}
   size_t InitialHeapSize                          = 192937984                                 {product} {ergonomic}
   size_t MarkStackSize                            = 4194304                                   {product} {ergonomic}
   size_t MaxHeapSize                              = 3074424832                                {product} {ergonomic}
   size_t MaxNewSize                               = 1843396608                                {product} {ergonomic}
   size_t MinHeapDeltaBytes                        = 2097152                                   {product} {ergonomic}
   size_t MinHeapSize                              = 8388608                                   {product} {ergonomic}
    uintx NonNMethodCodeHeapSize                   = 5839372                                {pd product} {ergonomic}
    uintx NonProfiledCodeHeapSize                  = 122909434                              {pd product} {ergonomic}
    uintx ProfiledCodeHeapSize                     = 122909434                              {pd product} {ergonomic}
    uintx ReservedCodeCacheSize                    = 251658240                              {pd product} {ergonomic}
     bool SegmentedCodeCache                       = true                                      {product} {ergonomic}
   size_t SoftMaxHeapSize                          = 3074424832                             {manageable} {ergonomic}
     bool UseCompressedOops                        = true                           {product lp64_product} {ergonomic}
     bool UseG1GC                                  = true                                      {product} {ergonomic}
     bool UseLargePagesIndividualAllocation        = false                                  {pd product} {ergonomic}

Logging:
Log output configuration:
 #0: stdout all=warning uptime,level,tags foldmultilines=false
 #1: stderr all=off uptime,level,tags foldmultilines=false

Environment Variables:
JAVA_HOME=C:\Program Files\Java\jdk-21
PATH=C:\Program Files\Common Files\Oracle\Java\javapath;C:\Program Files (x86)\Cuminas\Document Express DjVu Plug-in\;C:\Program Files (x86)\Razer Chroma SDK\bin;C:\Program Files\Razer Chroma SDK\bin;C:\WINDOWS\system32;C:\WINDOWS;C:\WINDOWS\System32\Wbem;C:\WINDOWS\System32\WindowsPowerShell\v1.0\;C:\WINDOWS\System32\OpenSSH\;C:\Program Files (x86)\NVIDIA Corporation\PhysX\Common;C:\WINDOWS\system32\config\systemprofile\AppData\Local\Microsoft\WindowsApps;C:\Program Files (x86)\Razer\ChromaBroadcast\bin;C:\Program Files\Razer\ChromaBroadcast\bin;C:\Users\2oleg\AppData\Local\Microsoft\WindowsApps;C:\Program Files\JetBrains\IntelliJ IDEA Community Edition 2024.3\bin;C:\Users\2oleg\AppData\Local\Programs\Microsoft VS Code\bin;C:\Program Files\Docker\Docker\resources\bin;C:\Users\2oleg\Downloads\curl-8.16.0_6-win64-mingw.zip\curl-8.16.0_6-win64-mingw\bin;C:\Users\2oleg\Downloads\curl-8.16.0_6-win64-mingw\curl-8.16.0_6-win64-mingw\bin;C:\Users\2oleg\Downloads\apache-maven-3.9.11-bin\apache-maven-3.9.11\bin;C:\ProgramData\chocolatey\bin;C:\Users\2oleg\AppData\Roaming\Cloud Foundry;C:\Program Files\Git\cmd;C:\Program Files\nodejs\;C:\Users\2oleg\AppData\Local\Muse Hub\lib;C:\Users\2oleg\AppData\Local\Microsoft\WindowsApps;C:\Program Files\JetBrains\IntelliJ IDEA Community Edition 2025.2.4\bin;C:\Users\2oleg\AppData\Local\Programs\Microsoft VS Code\bin;C:\Program Files\jq.exe;C:\Users\2oleg\AppData\Local\Microsoft\WinGet\Packages\jqlang.jq_Microsoft.Winget.Source_8wekyb3d8bbwe;C:\Program Files\Java\jdk-24;C:\Users\2oleg\Downloads\gradle-9.0.0-bin\gradle-9.0.0\bin;C:\Program Files\Docker\Docker\resources\bin;C:\Users\2oleg\AppData\Local\GitHubDesktop\bin;C:\Users\2oleg\AppData\Roaming\npm
USERNAME=2oleg
OS=Windows_NT
PROCESSOR_IDENTIFIER=Intel64 Family 6 Model 60 Stepping 3, GenuineIntel
TMP=C:\Users\2oleg\AppData\Local\Temp
TEMP=C:\Users\2oleg\AppData\Local\Temp




Periodic native trim disabled

---------------  S Y S T E M  ---------------

OS:
 Windows 10 , 64 bit Build 19041 (10.0.19041.5915)
OS uptime: 10 days 12:24 hours
Hyper-V role detected

CPU: total 8 (initial active 8) (4 cores per cpu, 2 threads per core) family 6 model 60 stepping 3 microcode 0x27, cx8, cmov, fxsr, ht, mmx, sse, sse2, sse3, ssse3, sse4.1, sse4.2, popcnt, lzcnt, tsc, tscinvbit, avx, avx2, aes, erms, clmul, bmi1, bmi2, fma, vzeroupper, clflush, hv, rdtscp, f16c
Processor Information for all 8 processors :
  Max Mhz: 2401, Current Mhz: 2401, Mhz Limit: 2401

Memory: 4k page, system-wide physical 11723M (1285M free)
TotalPageFile size 23723M (AvailPageFile size 253M)
current process WorkingSet (physical memory assigned to process): 212M, peak: 212M
current process commit charge ("private bytes"): 312M, peak: 324M

vm_info: Java HotSpot(TM) 64-Bit Server VM (21.0.7+8-LTS-245) for windows-amd64 JRE (21.0.7+8-LTS-245), built on 2025-02-21T05:11:27Z by "mach5one" with MS VC++ 17.6 (VS2022)

END.
