#
# There is insufficient memory for the Java Runtime Environment to continue.
# Native memory allocation (malloc) failed to allocate 724016 bytes for Chunk::new
# Possible reasons:
#   The system is out of physical RAM or swap space
#   The process is running with CompressedOops enabled, and the Java Heap may be blocking the growth of the native heap
# Possible solutions:
#   Reduce memory load on the system
#   Increase physical memory or swap space
#   Check if swap backing store is full
#   Decrease Java heap size (-Xmx/-Xms)
#   Decrease number of Java threads
#   Decrease Java thread stack sizes (-Xss)
#   Set larger code cache with -XX:ReservedCodeCacheSize=
#   JVM is running with Zero Based Compressed Oops mode in which the Java heap is
#     placed in the first 32GB address space. The Java Heap base address is the
#     maximum limit for the native heap growth. Please use -XX:HeapBaseMinAddress
#     to set the Java Heap base and to place the Java Heap above 32GB virtual address.
# This output file may be truncated or incomplete.
#
#  Out of Memory Error (arena.cpp:168), pid=30404, tid=30300
#
# JRE version: Java(TM) SE Runtime Environment (21.0.7+8) (build 21.0.7+8-LTS-245)
# Java VM: Java HotSpot(TM) 64-Bit Server VM (21.0.7+8-LTS-245, mixed mode, sharing, tiered, compressed oops, compressed class ptrs, g1 gc, windows-amd64)
# No core dump will be written. Minidumps are not enabled by default on client versions of Windows
#

---------------  S U M M A R Y ------------

Command Line: --enable-native-access=ALL-UNNAMED -Dclassworlds.conf=C:\Users\2oleg\Downloads\apache-maven-3.9.11-bin\apache-maven-3.9.11\bin\m2.conf -Dmaven.home=C:\Users\2oleg\Downloads\apache-maven-3.9.11-bin\apache-maven-3.9.11 -Dlibrary.jansi.path=C:\Users\2oleg\Downloads\apache-maven-3.9.11-bin\apache-maven-3.9.11\lib\jansi-native -Dmaven.multiModuleProjectDirectory=C:\Users\2oleg\Downloads\Telegram Desktop\Kefir\Backend\TransactionSaga org.codehaus.plexus.classworlds.launcher.Launcher spring-boot:run -Dserver.port=8090 -DskipTests

Host: Intel(R) Core(TM) i7-4700HQ CPU @ 2.40GHz, 8 cores, 11G,  Windows 10 , 64 bit Build 19041 (10.0.19041.5915)
Time: Sat Dec 13 01:36:36 2025 RTZ 2 (s 10 , 64 bit Build 19041 (10.0.19041.5915) elapsed time: 40.895466 seconds (0d 0h 0m 40s)

---------------  T H R E A D  ---------------

Current thread (0x00000248f5495a90):  JavaThread "C2 CompilerThread0" daemon [_thread_in_native, id=30300, stack(0x0000006cedb00000,0x0000006cedc00000) (1024K)]


Current CompileTask:
C2:  40895 4836       4       org.eclipse.aether.util.graph.transformer.ConflictResolver::gatherConflictItems (111 bytes)

Stack: [0x0000006cedb00000,0x0000006cedc00000]
Native frames: (J=compiled Java code, j=interpreted, Vv=VM code, C=native code)
V  [jvm.dll+0x6cae19]
V  [jvm.dll+0x855741]
V  [jvm.dll+0x857c6e]
V  [jvm.dll+0x858343]
V  [jvm.dll+0x27e0b6]
V  [jvm.dll+0xc4ecd]
V  [jvm.dll+0xc5403]
V  [jvm.dll+0x3b5752]
V  [jvm.dll+0x381e25]
V  [jvm.dll+0x38129a]
V  [jvm.dll+0x246b30]
V  [jvm.dll+0x24610f]
V  [jvm.dll+0x1c6efe]
V  [jvm.dll+0x255819]
V  [jvm.dll+0x253daa]
V  [jvm.dll+0x3eebb6]
V  [jvm.dll+0x7ffa1b]
V  [jvm.dll+0x6c94fd]
C  [ucrtbase.dll+0x21bb2]
C  [KERNEL32.DLL+0x17374]
C  [ntdll.dll+0x4cc91]


---------------  P R O C E S S  ---------------

Threads class SMR info:
_java_thread_list=0x00000248fa4586d0, length=14, elements={
0x00000248d57d05c0, 0x00000248f548b250, 0x00000248f548bea0, 0x00000248f548ea00,
0x00000248f548f450, 0x00000248f548fea0, 0x00000248f54908f0, 0x00000248f5495a90,
0x00000248f5497460, 0x00000248f56ea570, 0x00000248f56f05e0, 0x00000248fa9adff0,
0x00000248fb7ce000, 0x00000248fb7ce6a0
}

Java Threads: ( => current thread )
  0x00000248d57d05c0 JavaThread "main"                              [_thread_in_native, id=30708, stack(0x0000006cecd00000,0x0000006cece00000) (1024K)]
  0x00000248f548b250 JavaThread "Reference Handler"          daemon [_thread_blocked, id=28132, stack(0x0000006ced500000,0x0000006ced600000) (1024K)]
  0x00000248f548bea0 JavaThread "Finalizer"                  daemon [_thread_blocked, id=28296, stack(0x0000006ced600000,0x0000006ced700000) (1024K)]
  0x00000248f548ea00 JavaThread "Signal Dispatcher"          daemon [_thread_blocked, id=27696, stack(0x0000006ced700000,0x0000006ced800000) (1024K)]
  0x00000248f548f450 JavaThread "Attach Listener"            daemon [_thread_blocked, id=764, stack(0x0000006ced800000,0x0000006ced900000) (1024K)]
  0x00000248f548fea0 JavaThread "Service Thread"             daemon [_thread_blocked, id=29180, stack(0x0000006ced900000,0x0000006ceda00000) (1024K)]
  0x00000248f54908f0 JavaThread "Monitor Deflation Thread"   daemon [_thread_blocked, id=28632, stack(0x0000006ceda00000,0x0000006cedb00000) (1024K)]
=>0x00000248f5495a90 JavaThread "C2 CompilerThread0"         daemon [_thread_in_native, id=30300, stack(0x0000006cedb00000,0x0000006cedc00000) (1024K)]
  0x00000248f5497460 JavaThread "C1 CompilerThread0"         daemon [_thread_blocked, id=30316, stack(0x0000006cedc00000,0x0000006cedd00000) (1024K)]
  0x00000248f56ea570 JavaThread "Notification Thread"        daemon [_thread_blocked, id=7200, stack(0x0000006cedd00000,0x0000006cede00000) (1024K)]
  0x00000248f56f05e0 JavaThread "Common-Cleaner"             daemon [_thread_blocked, id=30216, stack(0x0000006cede00000,0x0000006cedf00000) (1024K)]
  0x00000248fa9adff0 JavaThread "Thread-1"                   daemon [_thread_blocked, id=19500, stack(0x0000006cedf00000,0x0000006cee000000) (1024K)]
  0x00000248fb7ce000 JavaThread "C2 CompilerThread1"         daemon [_thread_in_native, id=21888, stack(0x0000006cee000000,0x0000006cee100000) (1024K)]
  0x00000248fb7ce6a0 JavaThread "C2 CompilerThread2"         daemon [_thread_in_native, id=7004, stack(0x0000006cee800000,0x0000006cee900000) (1024K)]
Total: 14

Other Threads:
  0x00000248f546f740 VMThread "VM Thread"                           [id=29712, stack(0x0000006ced400000,0x0000006ced500000) (1024K)]
  0x00000248f545ccc0 WatcherThread "VM Periodic Task Thread"        [id=28644, stack(0x0000006ced300000,0x0000006ced400000) (1024K)]
  0x00000248d79cf9b0 WorkerThread "GC Thread#0"                     [id=25040, stack(0x0000006cece00000,0x0000006cecf00000) (1024K)]
  0x00000248fa190be0 WorkerThread "GC Thread#1"                     [id=31588, stack(0x0000006cee100000,0x0000006cee200000) (1024K)]
  0x00000248fa190f80 WorkerThread "GC Thread#2"                     [id=31592, stack(0x0000006cee200000,0x0000006cee300000) (1024K)]
  0x00000248fa190100 WorkerThread "GC Thread#3"                     [id=31596, stack(0x0000006cee300000,0x0000006cee400000) (1024K)]
  0x00000248fa1904a0 WorkerThread "GC Thread#4"                     [id=31728, stack(0x0000006cee400000,0x0000006cee500000) (1024K)]
  0x00000248fa18f620 WorkerThread "GC Thread#5"                     [id=31732, stack(0x0000006cee500000,0x0000006cee600000) (1024K)]
  0x00000248fa18f9c0 WorkerThread "GC Thread#6"                     [id=31736, stack(0x0000006cee600000,0x0000006cee700000) (1024K)]
  0x00000248fa18fd60 WorkerThread "GC Thread#7"                     [id=31740, stack(0x0000006cee700000,0x0000006cee800000) (1024K)]
  0x00000248d79dc0d0 ConcurrentGCThread "G1 Main Marker"            [id=248, stack(0x0000006cecf00000,0x0000006ced000000) (1024K)]
  0x00000248d79dcbd0 WorkerThread "G1 Conc#0"                       [id=28684, stack(0x0000006ced000000,0x0000006ced100000) (1024K)]
  0x00000248f5330090 ConcurrentGCThread "G1 Refine#0"               [id=23488, stack(0x0000006ced100000,0x0000006ced200000) (1024K)]
  0x00000248f5330cc0 ConcurrentGCThread "G1 Service"                [id=7556, stack(0x0000006ced200000,0x0000006ced300000) (1024K)]
Total: 14

Threads with active compile tasks:
C2 CompilerThread0    41350 4836       4       org.eclipse.aether.util.graph.transformer.ConflictResolver::gatherConflictItems (111 bytes)
C2 CompilerThread1    41350 4839       4       org.eclipse.aether.util.graph.transformer.ConflictResolver$State::push (457 bytes)
C2 CompilerThread2    41350 4854       4       org.eclipse.aether.util.graph.transformer.ConflictResolver$State::pop (76 bytes)
Total: 3

VM state: not at safepoint (normal execution)

VM Mutex/Monitor currently owned by a thread: None

Heap address: 0x0000000748c00000, size: 2932 MB, Compressed Oops mode: Zero based, Oop shift amount: 3

CDS archive(s) mapped at: [0x0000024880000000-0x0000024880c90000-0x0000024880c90000), size 13172736, SharedBaseAddress: 0x0000024880000000, ArchiveRelocationMode: 1.
Compressed class space mapped at: 0x0000024881000000-0x00000248c1000000, reserved size: 1073741824
Narrow klass base: 0x0000024880000000, Narrow klass shift: 0, Narrow klass range: 0x100000000

GC Precious Log:
 CardTable entry size: 512
 Card Set container configuration: InlinePtr #cards 4 size 8 Array Of Cards #cards 16 size 48 Howl #buckets 8 coarsen threshold 3686 Howl Bitmap #cards 512 size 80 coarsen threshold 460 Card regions per heap region 1 cards per card region 4096
 CPUs: 8 total, 8 available
 Memory: 11723M
 Large Page Support: Disabled
 NUMA Support: Disabled
 Compressed Oops: Enabled (Zero based)
 Heap Region Size: 2M
 Heap Min Capacity: 8M
 Heap Initial Capacity: 184M
 Heap Max Capacity: 2932M
 Pre-touch: Disabled
 Parallel Workers: 8
 Concurrent Workers: 2
 Concurrent Refinement Workers: 8
 Periodic GC: Disabled

Heap:
 garbage-first heap   total 188416K, used 65048K [0x0000000748c00000, 0x0000000800000000)
  region size 2048K, 31 young (63488K), 6 survivors (12288K)
 Metaspace       used 16850K, committed 17088K, reserved 1114112K
  class space    used 1866K, committed 1984K, reserved 1048576K

Heap Regions: E=young(eden), S=young(survivor), O=old, HS=humongous(starts), HC=humongous(continues), CS=collection set, F=free, TAMS=top-at-mark-start, PB=parsable bottom
|   0|0x0000000748c00000, 0x0000000748e00000, 0x0000000748e00000|100%| O|  |TAMS 0x0000000748c00000| PB 0x0000000748c00000| Untracked 
|   1|0x0000000748e00000, 0x0000000748f86120, 0x0000000749000000| 76%| O|  |TAMS 0x0000000748e00000| PB 0x0000000748e00000| Untracked 
|   2|0x0000000749000000, 0x0000000749000000, 0x0000000749200000|  0%| F|  |TAMS 0x0000000749000000| PB 0x0000000749000000| Untracked 
|   3|0x0000000749200000, 0x0000000749200000, 0x0000000749400000|  0%| F|  |TAMS 0x0000000749200000| PB 0x0000000749200000| Untracked 
|   4|0x0000000749400000, 0x0000000749400000, 0x0000000749600000|  0%| F|  |TAMS 0x0000000749400000| PB 0x0000000749400000| Untracked 
|   5|0x0000000749600000, 0x0000000749600000, 0x0000000749800000|  0%| F|  |TAMS 0x0000000749600000| PB 0x0000000749600000| Untracked 
|   6|0x0000000749800000, 0x0000000749800000, 0x0000000749a00000|  0%| F|  |TAMS 0x0000000749800000| PB 0x0000000749800000| Untracked 
|   7|0x0000000749a00000, 0x0000000749a00000, 0x0000000749c00000|  0%| F|  |TAMS 0x0000000749a00000| PB 0x0000000749a00000| Untracked 
|   8|0x0000000749c00000, 0x0000000749c00000, 0x0000000749e00000|  0%| F|  |TAMS 0x0000000749c00000| PB 0x0000000749c00000| Untracked 
|   9|0x0000000749e00000, 0x0000000749e00000, 0x000000074a000000|  0%| F|  |TAMS 0x0000000749e00000| PB 0x0000000749e00000| Untracked 
|  10|0x000000074a000000, 0x000000074a000000, 0x000000074a200000|  0%| F|  |TAMS 0x000000074a000000| PB 0x000000074a000000| Untracked 
|  11|0x000000074a200000, 0x000000074a200000, 0x000000074a400000|  0%| F|  |TAMS 0x000000074a200000| PB 0x000000074a200000| Untracked 
|  12|0x000000074a400000, 0x000000074a400000, 0x000000074a600000|  0%| F|  |TAMS 0x000000074a400000| PB 0x000000074a400000| Untracked 
|  13|0x000000074a600000, 0x000000074a600000, 0x000000074a800000|  0%| F|  |TAMS 0x000000074a600000| PB 0x000000074a600000| Untracked 
|  14|0x000000074a800000, 0x000000074a800000, 0x000000074aa00000|  0%| F|  |TAMS 0x000000074a800000| PB 0x000000074a800000| Untracked 
|  15|0x000000074aa00000, 0x000000074aa00000, 0x000000074ac00000|  0%| F|  |TAMS 0x000000074aa00000| PB 0x000000074aa00000| Untracked 
|  16|0x000000074ac00000, 0x000000074ac00000, 0x000000074ae00000|  0%| F|  |TAMS 0x000000074ac00000| PB 0x000000074ac00000| Untracked 
|  17|0x000000074ae00000, 0x000000074ae00000, 0x000000074b000000|  0%| F|  |TAMS 0x000000074ae00000| PB 0x000000074ae00000| Untracked 
|  18|0x000000074b000000, 0x000000074b000000, 0x000000074b200000|  0%| F|  |TAMS 0x000000074b000000| PB 0x000000074b000000| Untracked 
|  19|0x000000074b200000, 0x000000074b200000, 0x000000074b400000|  0%| F|  |TAMS 0x000000074b200000| PB 0x000000074b200000| Untracked 
|  20|0x000000074b400000, 0x000000074b400000, 0x000000074b600000|  0%| F|  |TAMS 0x000000074b400000| PB 0x000000074b400000| Untracked 
|  21|0x000000074b600000, 0x000000074b600000, 0x000000074b800000|  0%| F|  |TAMS 0x000000074b600000| PB 0x000000074b600000| Untracked 
|  22|0x000000074b800000, 0x000000074b800000, 0x000000074ba00000|  0%| F|  |TAMS 0x000000074b800000| PB 0x000000074b800000| Untracked 
|  23|0x000000074ba00000, 0x000000074ba00000, 0x000000074bc00000|  0%| F|  |TAMS 0x000000074ba00000| PB 0x000000074ba00000| Untracked 
|  24|0x000000074bc00000, 0x000000074bc00000, 0x000000074be00000|  0%| F|  |TAMS 0x000000074bc00000| PB 0x000000074bc00000| Untracked 
|  25|0x000000074be00000, 0x000000074be00000, 0x000000074c000000|  0%| F|  |TAMS 0x000000074be00000| PB 0x000000074be00000| Untracked 
|  26|0x000000074c000000, 0x000000074c000000, 0x000000074c200000|  0%| F|  |TAMS 0x000000074c000000| PB 0x000000074c000000| Untracked 
|  27|0x000000074c200000, 0x000000074c200000, 0x000000074c400000|  0%| F|  |TAMS 0x000000074c200000| PB 0x000000074c200000| Untracked 
|  28|0x000000074c400000, 0x000000074c400000, 0x000000074c600000|  0%| F|  |TAMS 0x000000074c400000| PB 0x000000074c400000| Untracked 
|  29|0x000000074c600000, 0x000000074c600000, 0x000000074c800000|  0%| F|  |TAMS 0x000000074c600000| PB 0x000000074c600000| Untracked 
|  30|0x000000074c800000, 0x000000074c800000, 0x000000074ca00000|  0%| F|  |TAMS 0x000000074c800000| PB 0x000000074c800000| Untracked 
|  31|0x000000074ca00000, 0x000000074cc00000, 0x000000074cc00000|100%| S|CS|TAMS 0x000000074ca00000| PB 0x000000074ca00000| Complete 
|  32|0x000000074cc00000, 0x000000074ce00000, 0x000000074ce00000|100%| S|CS|TAMS 0x000000074cc00000| PB 0x000000074cc00000| Complete 
|  33|0x000000074ce00000, 0x000000074d000000, 0x000000074d000000|100%| S|CS|TAMS 0x000000074ce00000| PB 0x000000074ce00000| Complete 
|  34|0x000000074d000000, 0x000000074d200000, 0x000000074d200000|100%| S|CS|TAMS 0x000000074d000000| PB 0x000000074d000000| Complete 
|  35|0x000000074d200000, 0x000000074d400000, 0x000000074d400000|100%| S|CS|TAMS 0x000000074d200000| PB 0x000000074d200000| Complete 
|  36|0x000000074d400000, 0x000000074d600000, 0x000000074d600000|100%| S|CS|TAMS 0x000000074d400000| PB 0x000000074d400000| Complete 
|  37|0x000000074d600000, 0x000000074d600000, 0x000000074d800000|  0%| F|  |TAMS 0x000000074d600000| PB 0x000000074d600000| Untracked 
|  38|0x000000074d800000, 0x000000074d800000, 0x000000074da00000|  0%| F|  |TAMS 0x000000074d800000| PB 0x000000074d800000| Untracked 
|  39|0x000000074da00000, 0x000000074da00000, 0x000000074dc00000|  0%| F|  |TAMS 0x000000074da00000| PB 0x000000074da00000| Untracked 
|  40|0x000000074dc00000, 0x000000074dc00000, 0x000000074de00000|  0%| F|  |TAMS 0x000000074dc00000| PB 0x000000074dc00000| Untracked 
|  41|0x000000074de00000, 0x000000074de00000, 0x000000074e000000|  0%| F|  |TAMS 0x000000074de00000| PB 0x000000074de00000| Untracked 
|  42|0x000000074e000000, 0x000000074e000000, 0x000000074e200000|  0%| F|  |TAMS 0x000000074e000000| PB 0x000000074e000000| Untracked 
|  43|0x000000074e200000, 0x000000074e200000, 0x000000074e400000|  0%| F|  |TAMS 0x000000074e200000| PB 0x000000074e200000| Untracked 
|  44|0x000000074e400000, 0x000000074e400000, 0x000000074e600000|  0%| F|  |TAMS 0x000000074e400000| PB 0x000000074e400000| Untracked 
|  45|0x000000074e600000, 0x000000074e600000, 0x000000074e800000|  0%| F|  |TAMS 0x000000074e600000| PB 0x000000074e600000| Untracked 
|  46|0x000000074e800000, 0x000000074e800000, 0x000000074ea00000|  0%| F|  |TAMS 0x000000074e800000| PB 0x000000074e800000| Untracked 
|  47|0x000000074ea00000, 0x000000074ea00000, 0x000000074ec00000|  0%| F|  |TAMS 0x000000074ea00000| PB 0x000000074ea00000| Untracked 
|  48|0x000000074ec00000, 0x000000074ec00000, 0x000000074ee00000|  0%| F|  |TAMS 0x000000074ec00000| PB 0x000000074ec00000| Untracked 
|  49|0x000000074ee00000, 0x000000074ee00000, 0x000000074f000000|  0%| F|  |TAMS 0x000000074ee00000| PB 0x000000074ee00000| Untracked 
|  50|0x000000074f000000, 0x000000074f000000, 0x000000074f200000|  0%| F|  |TAMS 0x000000074f000000| PB 0x000000074f000000| Untracked 
|  51|0x000000074f200000, 0x000000074f200000, 0x000000074f400000|  0%| F|  |TAMS 0x000000074f200000| PB 0x000000074f200000| Untracked 
|  52|0x000000074f400000, 0x000000074f400000, 0x000000074f600000|  0%| F|  |TAMS 0x000000074f400000| PB 0x000000074f400000| Untracked 
|  53|0x000000074f600000, 0x000000074f600000, 0x000000074f800000|  0%| F|  |TAMS 0x000000074f600000| PB 0x000000074f600000| Untracked 
|  54|0x000000074f800000, 0x000000074f800000, 0x000000074fa00000|  0%| F|  |TAMS 0x000000074f800000| PB 0x000000074f800000| Untracked 
|  55|0x000000074fa00000, 0x000000074fa00000, 0x000000074fc00000|  0%| F|  |TAMS 0x000000074fa00000| PB 0x000000074fa00000| Untracked 
|  56|0x000000074fc00000, 0x000000074fc00000, 0x000000074fe00000|  0%| F|  |TAMS 0x000000074fc00000| PB 0x000000074fc00000| Untracked 
|  57|0x000000074fe00000, 0x000000074fe00000, 0x0000000750000000|  0%| F|  |TAMS 0x000000074fe00000| PB 0x000000074fe00000| Untracked 
|  58|0x0000000750000000, 0x0000000750000000, 0x0000000750200000|  0%| F|  |TAMS 0x0000000750000000| PB 0x0000000750000000| Untracked 
|  59|0x0000000750200000, 0x0000000750200000, 0x0000000750400000|  0%| F|  |TAMS 0x0000000750200000| PB 0x0000000750200000| Untracked 
|  60|0x0000000750400000, 0x0000000750400000, 0x0000000750600000|  0%| F|  |TAMS 0x0000000750400000| PB 0x0000000750400000| Untracked 
|  61|0x0000000750600000, 0x0000000750600000, 0x0000000750800000|  0%| F|  |TAMS 0x0000000750600000| PB 0x0000000750600000| Untracked 
|  62|0x0000000750800000, 0x0000000750800000, 0x0000000750a00000|  0%| F|  |TAMS 0x0000000750800000| PB 0x0000000750800000| Untracked 
|  63|0x0000000750a00000, 0x0000000750a00000, 0x0000000750c00000|  0%| F|  |TAMS 0x0000000750a00000| PB 0x0000000750a00000| Untracked 
|  64|0x0000000750c00000, 0x0000000750c00000, 0x0000000750e00000|  0%| F|  |TAMS 0x0000000750c00000| PB 0x0000000750c00000| Untracked 
|  65|0x0000000750e00000, 0x0000000750e00000, 0x0000000751000000|  0%| F|  |TAMS 0x0000000750e00000| PB 0x0000000750e00000| Untracked 
|  66|0x0000000751000000, 0x0000000751000000, 0x0000000751200000|  0%| F|  |TAMS 0x0000000751000000| PB 0x0000000751000000| Untracked 
|  67|0x0000000751200000, 0x0000000751400000, 0x0000000751400000|100%| E|  |TAMS 0x0000000751200000| PB 0x0000000751200000| Complete 
|  68|0x0000000751400000, 0x0000000751600000, 0x0000000751600000|100%| E|CS|TAMS 0x0000000751400000| PB 0x0000000751400000| Complete 
|  69|0x0000000751600000, 0x0000000751800000, 0x0000000751800000|100%| E|CS|TAMS 0x0000000751600000| PB 0x0000000751600000| Complete 
|  70|0x0000000751800000, 0x0000000751a00000, 0x0000000751a00000|100%| E|CS|TAMS 0x0000000751800000| PB 0x0000000751800000| Complete 
|  71|0x0000000751a00000, 0x0000000751c00000, 0x0000000751c00000|100%| E|CS|TAMS 0x0000000751a00000| PB 0x0000000751a00000| Complete 
|  72|0x0000000751c00000, 0x0000000751e00000, 0x0000000751e00000|100%| E|CS|TAMS 0x0000000751c00000| PB 0x0000000751c00000| Complete 
|  73|0x0000000751e00000, 0x0000000752000000, 0x0000000752000000|100%| E|CS|TAMS 0x0000000751e00000| PB 0x0000000751e00000| Complete 
|  74|0x0000000752000000, 0x0000000752200000, 0x0000000752200000|100%| E|CS|TAMS 0x0000000752000000| PB 0x0000000752000000| Complete 
|  75|0x0000000752200000, 0x0000000752400000, 0x0000000752400000|100%| E|CS|TAMS 0x0000000752200000| PB 0x0000000752200000| Complete 
|  76|0x0000000752400000, 0x0000000752600000, 0x0000000752600000|100%| E|CS|TAMS 0x0000000752400000| PB 0x0000000752400000| Complete 
|  77|0x0000000752600000, 0x0000000752800000, 0x0000000752800000|100%| E|CS|TAMS 0x0000000752600000| PB 0x0000000752600000| Complete 
|  78|0x0000000752800000, 0x0000000752a00000, 0x0000000752a00000|100%| E|CS|TAMS 0x0000000752800000| PB 0x0000000752800000| Complete 
|  79|0x0000000752a00000, 0x0000000752c00000, 0x0000000752c00000|100%| E|CS|TAMS 0x0000000752a00000| PB 0x0000000752a00000| Complete 
|  80|0x0000000752c00000, 0x0000000752e00000, 0x0000000752e00000|100%| E|CS|TAMS 0x0000000752c00000| PB 0x0000000752c00000| Complete 
|  81|0x0000000752e00000, 0x0000000753000000, 0x0000000753000000|100%| E|CS|TAMS 0x0000000752e00000| PB 0x0000000752e00000| Complete 
|  82|0x0000000753000000, 0x0000000753200000, 0x0000000753200000|100%| E|CS|TAMS 0x0000000753000000| PB 0x0000000753000000| Complete 
|  83|0x0000000753200000, 0x0000000753400000, 0x0000000753400000|100%| E|CS|TAMS 0x0000000753200000| PB 0x0000000753200000| Complete 
|  84|0x0000000753400000, 0x0000000753600000, 0x0000000753600000|100%| E|CS|TAMS 0x0000000753400000| PB 0x0000000753400000| Complete 
|  85|0x0000000753600000, 0x0000000753800000, 0x0000000753800000|100%| E|CS|TAMS 0x0000000753600000| PB 0x0000000753600000| Complete 
|  86|0x0000000753800000, 0x0000000753a00000, 0x0000000753a00000|100%| E|CS|TAMS 0x0000000753800000| PB 0x0000000753800000| Complete 
|  87|0x0000000753a00000, 0x0000000753c00000, 0x0000000753c00000|100%| E|CS|TAMS 0x0000000753a00000| PB 0x0000000753a00000| Complete 
|  88|0x0000000753c00000, 0x0000000753e00000, 0x0000000753e00000|100%| E|CS|TAMS 0x0000000753c00000| PB 0x0000000753c00000| Complete 
|  89|0x0000000753e00000, 0x0000000754000000, 0x0000000754000000|100%| E|CS|TAMS 0x0000000753e00000| PB 0x0000000753e00000| Complete 
|  90|0x0000000754000000, 0x0000000754200000, 0x0000000754200000|100%| E|CS|TAMS 0x0000000754000000| PB 0x0000000754000000| Complete 
|  91|0x0000000754200000, 0x0000000754400000, 0x0000000754400000|100%| E|CS|TAMS 0x0000000754200000| PB 0x0000000754200000| Complete 

Card table byte_map: [0x00000248ef710000,0x00000248efcd0000] _byte_map_base: 0x00000248ebcca000

Marking Bits: (CMBitMap*) 0x00000248d79d00b0
 Bits: [0x00000248efcd0000, 0x00000248f2aa0000)

Polling page: 0x00000248d5960000

Metaspace:

Usage:
  Non-class:     14.63 MB used.
      Class:      1.82 MB used.
       Both:     16.46 MB used.

Virtual space:
  Non-class space:       64.00 MB reserved,      14.75 MB ( 23%) committed,  1 nodes.
      Class space:        1.00 GB reserved,       1.94 MB ( <1%) committed,  1 nodes.
             Both:        1.06 GB reserved,      16.69 MB (  2%) committed. 

Chunk freelists:
   Non-Class:  1.12 MB
       Class:  13.91 MB
        Both:  15.04 MB

MaxMetaspaceSize: unlimited
CompressedClassSpaceSize: 1.00 GB
Initial GC threshold: 21.00 MB
Current GC threshold: 21.00 MB
CDS: on
 - commit_granule_bytes: 65536.
 - commit_granule_words: 8192.
 - virtual_space_node_default_size: 8388608.
 - enlarge_chunks_in_place: 1.
 - use_allocation_guard: 0.


Internal statistics:

num_allocs_failed_limit: 0.
num_arena_births: 170.
num_arena_deaths: 0.
num_vsnodes_births: 2.
num_vsnodes_deaths: 0.
num_space_committed: 267.
num_space_uncommitted: 0.
num_chunks_returned_to_freelist: 0.
num_chunks_taken_from_freelist: 716.
num_chunk_merges: 0.
num_chunk_splits: 512.
num_chunks_enlarged: 423.
num_inconsistent_stats: 0.

CodeHeap 'non-profiled nmethods': size=120000Kb used=2612Kb max_used=2612Kb free=117387Kb
 bounds [0x00000248e78f0000, 0x00000248e7b80000, 0x00000248eee20000]
CodeHeap 'profiled nmethods': size=120000Kb used=10722Kb max_used=10722Kb free=109277Kb
 bounds [0x00000248dfe20000, 0x00000248e08a0000, 0x00000248e7350000]
CodeHeap 'non-nmethods': size=5760Kb used=1394Kb max_used=1448Kb free=4365Kb
 bounds [0x00000248e7350000, 0x00000248e75c0000, 0x00000248e78f0000]
 total_blobs=5369 nmethods=4880 adapters=393
 compilation: enabled
              stopped_count=0, restarted_count=0
 full_count=0

Compilation events (20 events):
Event: 40.805 Thread 0x00000248f5497460 4852       1       org.eclipse.aether.util.graph.transformer.ConflictResolver$ConflictContext::setScope (6 bytes)
Event: 40.805 Thread 0x00000248f5497460 nmethod 4852 0x00000248e7b78e90 code [0x00000248e7b79020, 0x00000248e7b79138]
Event: 40.805 Thread 0x00000248f5497460 4853       1       org.eclipse.aether.util.graph.transformer.ConflictResolver$ConflictContext::setOptional (6 bytes)
Event: 40.805 Thread 0x00000248f5497460 nmethod 4853 0x00000248e7b79190 code [0x00000248e7b79320, 0x00000248e7b79438]
Event: 40.806 Thread 0x00000248f5497460 4856       3       org.eclipse.aether.util.graph.transformer.ConflictResolver$State::parent (34 bytes)
Event: 40.806 Thread 0x00000248f5497460 nmethod 4856 0x00000248e0885210 code [0x00000248e08853e0, 0x00000248e0885800]
Event: 40.806 Thread 0x00000248f5497460 4857       3       org.eclipse.aether.util.graph.transformer.ConflictResolver$State::newConflictItem (22 bytes)
Event: 40.807 Thread 0x00000248f5497460 nmethod 4857 0x00000248e0885910 code [0x00000248e0885ae0, 0x00000248e0885d58]
Event: 40.807 Thread 0x00000248f5497460 4858       3       org.eclipse.aether.util.graph.transformer.ConflictResolver$ConflictItem::<init> (66 bytes)
Event: 40.807 Thread 0x00000248f5497460 nmethod 4858 0x00000248e0885e90 code [0x00000248e0886060, 0x00000248e0886510]
Event: 40.807 Thread 0x00000248f5497460 4860       3       org.eclipse.aether.util.graph.transformer.ConflictResolver$State::add (85 bytes)
Event: 40.808 Thread 0x00000248f5497460 nmethod 4860 0x00000248e0886690 code [0x00000248e0886920, 0x00000248e08875b8]
Event: 40.809 Thread 0x00000248f5497460 4861       3       org.eclipse.aether.util.graph.transformer.ConflictResolver$ConflictItem::getScopes (29 bytes)
Event: 40.809 Thread 0x00000248f5497460 nmethod 4861 0x00000248e0887910 code [0x00000248e0887b00, 0x00000248e0888200]
Event: 40.810 Thread 0x00000248f5497460 4862       3       org.eclipse.aether.util.graph.transformer.JavaScopeDeriver::getDerivedScope (100 bytes)
Event: 40.810 Thread 0x00000248f5497460 nmethod 4862 0x00000248e0888390 code [0x00000248e08885c0, 0x00000248e0888b70]
Event: 40.813 Thread 0x00000248f5497460 4863       3       org.eclipse.aether.graph.DefaultDependencyNode::setRequestContext (18 bytes)
Event: 40.814 Thread 0x00000248f5497460 nmethod 4863 0x00000248e0888d10 code [0x00000248e0888ec0, 0x00000248e08890b8]
Event: 40.814 Thread 0x00000248f5497460 4864       1       org.eclipse.aether.graph.DefaultDependencyNode::getRequestContext (5 bytes)
Event: 40.814 Thread 0x00000248f5497460 nmethod 4864 0x00000248e7b79490 code [0x00000248e7b79620, 0x00000248e7b796f0]

GC Heap History (6 events):
Event: 10.740 GC heap before
{Heap before GC invocations=0 (full 0):
 garbage-first heap   total 188416K, used 22528K [0x0000000748c00000, 0x0000000800000000)
  region size 2048K, 11 young (22528K), 0 survivors (0K)
 Metaspace       used 5587K, committed 5760K, reserved 1114112K
  class space    used 645K, committed 768K, reserved 1048576K
}
Event: 11.421 GC heap after
{Heap after GC invocations=1 (full 0):
 garbage-first heap   total 188416K, used 3840K [0x0000000748c00000, 0x0000000800000000)
  region size 2048K, 2 young (4096K), 2 survivors (4096K)
 Metaspace       used 5587K, committed 5760K, reserved 1114112K
  class space    used 645K, committed 768K, reserved 1048576K
}
Event: 16.997 GC heap before
{Heap before GC invocations=1 (full 0):
 garbage-first heap   total 188416K, used 34560K [0x0000000748c00000, 0x0000000800000000)
  region size 2048K, 17 young (34816K), 2 survivors (4096K)
 Metaspace       used 9496K, committed 9728K, reserved 1114112K
  class space    used 1109K, committed 1216K, reserved 1048576K
}
Event: 17.007 GC heap after
{Heap after GC invocations=2 (full 0):
 garbage-first heap   total 188416K, used 5276K [0x0000000748c00000, 0x0000000800000000)
  region size 2048K, 1 young (2048K), 1 survivors (2048K)
 Metaspace       used 9496K, committed 9728K, reserved 1114112K
  class space    used 1109K, committed 1216K, reserved 1048576K
}
Event: 36.798 GC heap before
{Heap before GC invocations=2 (full 0):
 garbage-first heap   total 188416K, used 115868K [0x0000000748c00000, 0x0000000800000000)
  region size 2048K, 55 young (112640K), 1 survivors (2048K)
 Metaspace       used 16443K, committed 16704K, reserved 1114112K
  class space    used 1852K, committed 1984K, reserved 1048576K
}
Event: 36.819 GC heap after
{Heap after GC invocations=3 (full 0):
 garbage-first heap   total 188416K, used 15896K [0x0000000748c00000, 0x0000000800000000)
  region size 2048K, 6 young (12288K), 6 survivors (12288K)
 Metaspace       used 16443K, committed 16704K, reserved 1114112K
  class space    used 1852K, committed 1984K, reserved 1048576K
}

Dll operation events (8 events):
Event: 0.517 Loaded shared library C:\Program Files\Java\jdk-21\bin\java.dll
Event: 1.909 Loaded shared library C:\Program Files\Java\jdk-21\bin\jsvml.dll
Event: 2.454 Loaded shared library C:\Program Files\Java\jdk-21\bin\net.dll
Event: 2.457 Loaded shared library C:\Program Files\Java\jdk-21\bin\nio.dll
Event: 2.463 Loaded shared library C:\Program Files\Java\jdk-21\bin\zip.dll
Event: 3.627 Loaded shared library C:\Users\2oleg\Downloads\apache-maven-3.9.11-bin\apache-maven-3.9.11\lib\jansi-native\Windows\x86_64\jansi.dll
Event: 3.652 Loaded shared library C:\Program Files\Java\jdk-21\bin\verify.dll
Event: 4.163 Loaded shared library C:\Program Files\Java\jdk-21\bin\jimage.dll

Deoptimization events (20 events):
Event: 40.536 Thread 0x00000248d57d05c0 DEOPT PACKING pc=0x00000248e7b4d010 sp=0x0000006cecdfc0d0
Event: 40.536 Thread 0x00000248d57d05c0 DEOPT UNPACKING pc=0x00000248e73a46a2 sp=0x0000006cecdfbfb8 mode 2
Event: 40.668 Thread 0x00000248d57d05c0 Uncommon trap: trap_request=0xffffff45 fr.pc=0x00000248e7b31780 relative=0x00000000000005c0
Event: 40.668 Thread 0x00000248d57d05c0 Uncommon trap: reason=unstable_if action=reinterpret pc=0x00000248e7b31780 method=org.apache.maven.model.merge.ModelMerger.merge(Ljava/util/List;Ljava/util/List;Lorg/apache/maven/model/merge/ModelMerger$KeyComputer;Lorg/apache/maven/model/merge/ModelMerge
Event: 40.668 Thread 0x00000248d57d05c0 DEOPT PACKING pc=0x00000248e7b31780 sp=0x0000006cecdfbb00
Event: 40.668 Thread 0x00000248d57d05c0 DEOPT UNPACKING pc=0x00000248e73a46a2 sp=0x0000006cecdfba70 mode 2
Event: 40.692 Thread 0x00000248d57d05c0 DEOPT PACKING pc=0x00000248dfedd863 sp=0x0000006cecdfb7a0
Event: 40.692 Thread 0x00000248d57d05c0 DEOPT UNPACKING pc=0x00000248e73a4e42 sp=0x0000006cecdfac80 mode 0
Event: 40.786 Thread 0x00000248d57d05c0 Uncommon trap: trap_request=0xffffff45 fr.pc=0x00000248e7aa7740 relative=0x0000000000000280
Event: 40.786 Thread 0x00000248d57d05c0 Uncommon trap: reason=unstable_if action=reinterpret pc=0x00000248e7aa7740 method=java.util.HashMap.getNode(Ljava/lang/Object;)Ljava/util/HashMap$Node; @ 57 c2
Event: 40.786 Thread 0x00000248d57d05c0 DEOPT PACKING pc=0x00000248e7aa7740 sp=0x0000006cecdfda00
Event: 40.786 Thread 0x00000248d57d05c0 DEOPT UNPACKING pc=0x00000248e73a46a2 sp=0x0000006cecdfd900 mode 2
Event: 40.786 Thread 0x00000248d57d05c0 Uncommon trap: trap_request=0xffffff45 fr.pc=0x00000248e7aa1db4 relative=0x0000000000000274
Event: 40.786 Thread 0x00000248d57d05c0 Uncommon trap: reason=unstable_if action=reinterpret pc=0x00000248e7aa1db4 method=java.util.HashMap.getNode(Ljava/lang/Object;)Ljava/util/HashMap$Node; @ 57 c2
Event: 40.786 Thread 0x00000248d57d05c0 DEOPT PACKING pc=0x00000248e7aa1db4 sp=0x0000006cecdfd980
Event: 40.786 Thread 0x00000248d57d05c0 DEOPT UNPACKING pc=0x00000248e73a46a2 sp=0x0000006cecdfd900 mode 2
Event: 40.787 Thread 0x00000248d57d05c0 Uncommon trap: trap_request=0xffffff45 fr.pc=0x00000248e799c7d0 relative=0x00000000000000b0
Event: 40.787 Thread 0x00000248d57d05c0 Uncommon trap: reason=unstable_if action=reinterpret pc=0x00000248e799c7d0 method=java.util.HashMap.hash(Ljava/lang/Object;)I @ 1 c2
Event: 40.787 Thread 0x00000248d57d05c0 DEOPT PACKING pc=0x00000248e799c7d0 sp=0x0000006cecdfd8f0
Event: 40.787 Thread 0x00000248d57d05c0 DEOPT UNPACKING pc=0x00000248e73a46a2 sp=0x0000006cecdfd888 mode 2

Classes loaded (20 events):
Event: 26.956 Loading class sun/nio/fs/WindowsException
Event: 26.956 Loading class sun/nio/fs/WindowsException done
Event: 26.956 Loading class sun/nio/fs/WindowsDirectoryStream
Event: 26.956 Loading class java/nio/file/DirectoryStream
Event: 26.957 Loading class java/nio/file/DirectoryStream done
Event: 26.957 Loading class sun/nio/fs/WindowsDirectoryStream done
Event: 26.957 Loading class java/nio/file/NoSuchFileException
Event: 26.957 Loading class java/nio/file/NoSuchFileException done
Event: 28.886 Loading class java/util/stream/MatchOps$MatchKind
Event: 28.886 Loading class java/util/stream/MatchOps$MatchKind done
Event: 28.886 Loading class java/util/stream/MatchOps
Event: 28.886 Loading class java/util/stream/MatchOps done
Event: 28.886 Loading class java/util/stream/MatchOps$MatchOp
Event: 28.886 Loading class java/util/stream/MatchOps$MatchOp done
Event: 28.886 Loading class java/util/stream/MatchOps$BooleanTerminalSink
Event: 28.887 Loading class java/util/stream/MatchOps$BooleanTerminalSink done
Event: 28.887 Loading class java/util/stream/MatchOps$1MatchSink
Event: 28.887 Loading class java/util/stream/MatchOps$1MatchSink done
Event: 37.190 Loading class sun/nio/cs/ISO_8859_1$Decoder
Event: 37.190 Loading class sun/nio/cs/ISO_8859_1$Decoder done

Classes unloaded (0 events):
No events

Classes redefined (0 events):
No events

Internal exceptions (20 events):
Event: 29.554 Thread 0x00000248d57d05c0 Implicit null exception at 0x00000248e7a31b0f to 0x00000248e7a33540
Event: 29.554 Thread 0x00000248d57d05c0 Implicit null exception at 0x00000248e79a801b to 0x00000248e79a8214
Event: 29.554 Thread 0x00000248d57d05c0 Implicit null exception at 0x00000248e7a0e109 to 0x00000248e7a0e9d8
Event: 35.240 Thread 0x00000248d57d05c0 Exception <a 'sun/nio/fs/WindowsException'{0x000000074eae12e8}> (0x000000074eae12e8) 
thrown [s\open\src\hotspot\share\prims\jni.cpp, line 520]
Event: 35.240 Thread 0x00000248d57d05c0 Exception <a 'sun/nio/fs/WindowsException'{0x000000074eae1600}> (0x000000074eae1600) 
thrown [s\open\src\hotspot\share\prims\jni.cpp, line 520]
Event: 37.268 Thread 0x00000248d57d05c0 Exception <a 'sun/nio/fs/WindowsException'{0x0000000753a279d0}> (0x0000000753a279d0) 
thrown [s\open\src\hotspot\share\prims\jni.cpp, line 520]
Event: 37.268 Thread 0x00000248d57d05c0 Exception <a 'sun/nio/fs/WindowsException'{0x0000000753a27cd0}> (0x0000000753a27cd0) 
thrown [s\open\src\hotspot\share\prims\jni.cpp, line 520]
Event: 38.037 Thread 0x00000248d57d05c0 Exception <a 'sun/nio/fs/WindowsException'{0x000000075310c8a0}> (0x000000075310c8a0) 
thrown [s\open\src\hotspot\share\prims\jni.cpp, line 520]
Event: 38.037 Thread 0x00000248d57d05c0 Exception <a 'sun/nio/fs/WindowsException'{0x000000075310cb70}> (0x000000075310cb70) 
thrown [s\open\src\hotspot\share\prims\jni.cpp, line 520]
Event: 38.187 Thread 0x00000248d57d05c0 Exception <a 'sun/nio/fs/WindowsException'{0x0000000752e67a30}> (0x0000000752e67a30) 
thrown [s\open\src\hotspot\share\prims\jni.cpp, line 520]
Event: 38.187 Thread 0x00000248d57d05c0 Exception <a 'sun/nio/fs/WindowsException'{0x0000000752e67d50}> (0x0000000752e67d50) 
thrown [s\open\src\hotspot\share\prims\jni.cpp, line 520]
Event: 38.194 Thread 0x00000248d57d05c0 Exception <a 'sun/nio/fs/WindowsException'{0x0000000752ec54d0}> (0x0000000752ec54d0) 
thrown [s\open\src\hotspot\share\prims\jni.cpp, line 520]
Event: 38.194 Thread 0x00000248d57d05c0 Exception <a 'sun/nio/fs/WindowsException'{0x0000000752ec5818}> (0x0000000752ec5818) 
thrown [s\open\src\hotspot\share\prims\jni.cpp, line 520]
Event: 40.107 Thread 0x00000248d57d05c0 Exception <a 'sun/nio/fs/WindowsException'{0x0000000751c53e60}> (0x0000000751c53e60) 
thrown [s\open\src\hotspot\share\prims\jni.cpp, line 520]
Event: 40.107 Thread 0x00000248d57d05c0 Exception <a 'sun/nio/fs/WindowsException'{0x0000000751c54178}> (0x0000000751c54178) 
thrown [s\open\src\hotspot\share\prims\jni.cpp, line 520]
Event: 40.239 Thread 0x00000248d57d05c0 Exception <a 'sun/nio/fs/WindowsException'{0x0000000751a33ad0}> (0x0000000751a33ad0) 
thrown [s\open\src\hotspot\share\prims\jni.cpp, line 520]
Event: 40.239 Thread 0x00000248d57d05c0 Exception <a 'sun/nio/fs/WindowsException'{0x0000000751a33dd0}> (0x0000000751a33dd0) 
thrown [s\open\src\hotspot\share\prims\jni.cpp, line 520]
Event: 40.532 Thread 0x00000248d57d05c0 Exception <a 'sun/nio/fs/WindowsException'{0x00000007516a6a38}> (0x00000007516a6a38) 
thrown [s\open\src\hotspot\share\prims\jni.cpp, line 520]
Event: 40.532 Thread 0x00000248d57d05c0 Exception <a 'sun/nio/fs/WindowsException'{0x00000007516a6d18}> (0x00000007516a6d18) 
thrown [s\open\src\hotspot\share\prims\jni.cpp, line 520]
Event: 40.787 Thread 0x00000248d57d05c0 Implicit null exception at 0x00000248e799c73d to 0x00000248e799c7c1

ZGC Phase Switch (0 events):
No events

VM Operations (20 events):
Event: 23.517 Executing VM operation: HandshakeAllThreads (Deoptimize)
Event: 23.517 Executing VM operation: HandshakeAllThreads (Deoptimize) done
Event: 24.517 Executing VM operation: Cleanup
Event: 24.593 Executing VM operation: Cleanup done
Event: 25.593 Executing VM operation: Cleanup
Event: 25.770 Executing VM operation: Cleanup done
Event: 27.771 Executing VM operation: Cleanup
Event: 27.864 Executing VM operation: Cleanup done
Event: 29.864 Executing VM operation: Cleanup
Event: 30.152 Executing VM operation: Cleanup done
Event: 31.152 Executing VM operation: Cleanup
Event: 34.472 Executing VM operation: Cleanup done
Event: 36.017 Executing VM operation: ICBufferFull
Event: 36.544 Executing VM operation: ICBufferFull done
Event: 36.798 Executing VM operation: G1CollectForAllocation (G1 Evacuation Pause)
Event: 36.819 Executing VM operation: G1CollectForAllocation (G1 Evacuation Pause) done
Event: 38.819 Executing VM operation: Cleanup
Event: 39.365 Executing VM operation: Cleanup done
Event: 40.365 Executing VM operation: Cleanup
Event: 40.365 Executing VM operation: Cleanup done

Events (20 events):
Event: 10.120 Thread 0x00000248f58bcea0 Thread added: 0x00000248f58bcea0
Event: 12.129 Thread 0x00000248f58bcea0 Thread exited: 0x00000248f58bcea0
Event: 12.129 Thread 0x00000248fa36e840 Thread exited: 0x00000248fa36e840
Event: 22.442 Thread 0x00000248fa9adff0 Thread added: 0x00000248fa9adff0
Event: 24.385 Thread 0x00000248f587de10 Thread added: 0x00000248f587de10
Event: 24.861 Thread 0x00000248f587de10 Thread exited: 0x00000248f587de10
Event: 25.177 Thread 0x00000248fb2ba790 Thread added: 0x00000248fb2ba790
Event: 26.180 Thread 0x00000248fb2ba790 Thread exited: 0x00000248fb2ba790
Event: 26.604 Thread 0x00000248faf388a0 Thread added: 0x00000248faf388a0
Event: 27.492 Thread 0x00000248faf388a0 Thread exited: 0x00000248faf388a0
Event: 29.394 Thread 0x00000248fab13260 Thread added: 0x00000248fab13260
Event: 30.430 Thread 0x00000248fab13260 Thread exited: 0x00000248fab13260
Event: 30.884 Thread 0x00000248f57fdfb0 Thread added: 0x00000248f57fdfb0
Event: 34.565 Thread 0x00000248fae686f0 Thread added: 0x00000248fae686f0
Event: 37.088 Thread 0x00000248fae686f0 Thread exited: 0x00000248fae686f0
Event: 37.279 Thread 0x00000248fa6c2e10 Thread added: 0x00000248fa6c2e10
Event: 39.929 Thread 0x00000248fa6c2e10 Thread exited: 0x00000248fa6c2e10
Event: 40.238 Thread 0x00000248f57fdfb0 Thread exited: 0x00000248f57fdfb0
Event: 40.797 Thread 0x00000248fb7ce000 Thread added: 0x00000248fb7ce000
Event: 40.806 Thread 0x00000248fb7ce6a0 Thread added: 0x00000248fb7ce6a0


Dynamic libraries:
0x00007ff703c60000 - 0x00007ff703c70000 	C:\Program Files\Java\jdk-21\bin\java.exe
0x00007ff9f5930000 - 0x00007ff9f5b28000 	C:\WINDOWS\SYSTEM32\ntdll.dll
0x00007ff9f5400000 - 0x00007ff9f54c2000 	C:\WINDOWS\System32\KERNEL32.DLL
0x00007ff9f3130000 - 0x00007ff9f3426000 	C:\WINDOWS\System32\KERNELBASE.dll
0x00007ff9f3820000 - 0x00007ff9f3920000 	C:\WINDOWS\System32\ucrtbase.dll
0x00007ff9e2300000 - 0x00007ff9e2319000 	C:\Program Files\Java\jdk-21\bin\jli.dll
0x00007ff9f3da0000 - 0x00007ff9f3e51000 	C:\WINDOWS\System32\ADVAPI32.dll
0x00007ff9e31d0000 - 0x00007ff9e31eb000 	C:\Program Files\Java\jdk-21\bin\VCRUNTIME140.dll
0x00007ff9f5820000 - 0x00007ff9f58be000 	C:\WINDOWS\System32\msvcrt.dll
0x00007ff9f4800000 - 0x00007ff9f489f000 	C:\WINDOWS\System32\sechost.dll
0x00007ff9f3c10000 - 0x00007ff9f3d30000 	C:\WINDOWS\System32\RPCRT4.dll
0x00007ff9f3560000 - 0x00007ff9f3587000 	C:\WINDOWS\System32\bcrypt.dll
0x00007ff9f3f40000 - 0x00007ff9f40e1000 	C:\WINDOWS\System32\USER32.dll
0x00007ff9f3100000 - 0x00007ff9f3122000 	C:\WINDOWS\System32\win32u.dll
0x00007ff9f47c0000 - 0x00007ff9f47eb000 	C:\WINDOWS\System32\GDI32.dll
0x00007ff9f2f90000 - 0x00007ff9f30a9000 	C:\WINDOWS\System32\gdi32full.dll
0x00007ff9f3590000 - 0x00007ff9f362d000 	C:\WINDOWS\System32\msvcp_win.dll
0x00007ff9e4da0000 - 0x00007ff9e503b000 	C:\WINDOWS\WinSxS\amd64_microsoft.windows.common-controls_6595b64144ccf1df_6.0.19041.6456_none_60b8a6cb71f64256\COMCTL32.dll
0x00007ff9ecd10000 - 0x00007ff9ecd1a000 	C:\WINDOWS\SYSTEM32\VERSION.dll
0x00007ff9f3f10000 - 0x00007ff9f3f3f000 	C:\WINDOWS\System32\IMM32.DLL
0x00007ff9ed3a0000 - 0x00007ff9ed3ac000 	C:\Program Files\Java\jdk-21\bin\vcruntime140_1.dll
0x00007ff9c7130000 - 0x00007ff9c71be000 	C:\Program Files\Java\jdk-21\bin\msvcp140.dll
0x00007ff98ebe0000 - 0x00007ff98f8fa000 	C:\Program Files\Java\jdk-21\bin\server\jvm.dll
0x00007ff9f4210000 - 0x00007ff9f427b000 	C:\WINDOWS\System32\WS2_32.dll
0x00007ff9f2df0000 - 0x00007ff9f2e3b000 	C:\WINDOWS\SYSTEM32\POWRPROF.dll
0x00007ff9e0140000 - 0x00007ff9e0167000 	C:\WINDOWS\SYSTEM32\WINMM.dll
0x00007ff9f2dd0000 - 0x00007ff9f2de2000 	C:\WINDOWS\SYSTEM32\UMPDC.dll
0x00007ff9f0dc0000 - 0x00007ff9f0dd2000 	C:\WINDOWS\SYSTEM32\kernel.appcore.dll
0x00007ff9ed370000 - 0x00007ff9ed37a000 	C:\Program Files\Java\jdk-21\bin\jimage.dll
0x00007ff9df840000 - 0x00007ff9dfa41000 	C:\WINDOWS\SYSTEM32\DBGHELP.DLL
0x00007ff9dd350000 - 0x00007ff9dd384000 	C:\WINDOWS\SYSTEM32\dbgcore.DLL
0x00007ff9f3630000 - 0x00007ff9f36b2000 	C:\WINDOWS\System32\bcryptPrimitives.dll
0x00007ff9e0be0000 - 0x00007ff9e0bff000 	C:\Program Files\Java\jdk-21\bin\java.dll
0x00007ff9f4930000 - 0x00007ff9f50a0000 	C:\WINDOWS\System32\SHELL32.dll
0x00007ff9f0fc0000 - 0x00007ff9f1765000 	C:\WINDOWS\SYSTEM32\windows.storage.dll
0x00007ff9f50a0000 - 0x00007ff9f53f4000 	C:\WINDOWS\System32\combase.dll
0x00007ff9f28e0000 - 0x00007ff9f290b000 	C:\WINDOWS\SYSTEM32\Wldp.dll
0x00007ff9f46f0000 - 0x00007ff9f47bd000 	C:\WINDOWS\System32\OLEAUT32.dll
0x00007ff9f3920000 - 0x00007ff9f39cd000 	C:\WINDOWS\System32\SHCORE.dll
0x00007ff9f57c0000 - 0x00007ff9f581b000 	C:\WINDOWS\System32\shlwapi.dll
0x00007ff9f2ec0000 - 0x00007ff9f2ee4000 	C:\WINDOWS\SYSTEM32\profapi.dll
0x00007ff9ab440000 - 0x00007ff9ab517000 	C:\Program Files\Java\jdk-21\bin\jsvml.dll
0x00007ff9ebd20000 - 0x00007ff9ebd30000 	C:\Program Files\Java\jdk-21\bin\net.dll
0x00007ff9ec950000 - 0x00007ff9eca5a000 	C:\WINDOWS\SYSTEM32\WINHTTP.dll
0x00007ff9f25f0000 - 0x00007ff9f265a000 	C:\WINDOWS\system32\mswsock.dll
0x00007ff9dbf20000 - 0x00007ff9dbf36000 	C:\Program Files\Java\jdk-21\bin\nio.dll
0x00007ff9d8a60000 - 0x00007ff9d8a78000 	C:\Program Files\Java\jdk-21\bin\zip.dll
0x00007ff9d0da0000 - 0x00007ff9d0dc4000 	C:\Users\2oleg\Downloads\apache-maven-3.9.11-bin\apache-maven-3.9.11\lib\jansi-native\Windows\x86_64\jansi.dll
0x00007ff9e8580000 - 0x00007ff9e8590000 	C:\Program Files\Java\jdk-21\bin\verify.dll

dbghelp: loaded successfully - version: 4.0.5 - missing functions: none
symbol engine: initialized successfully - sym options: 0x614 - pdb path: .;C:\Program Files\Java\jdk-21\bin;C:\WINDOWS\SYSTEM32;C:\WINDOWS\WinSxS\amd64_microsoft.windows.common-controls_6595b64144ccf1df_6.0.19041.6456_none_60b8a6cb71f64256;C:\Program Files\Java\jdk-21\bin\server;C:\Users\2oleg\Downloads\apache-maven-3.9.11-bin\apache-maven-3.9.11\lib\jansi-native\Windows\x86_64

VM Arguments:
jvm_args: --enable-native-access=ALL-UNNAMED -Dclassworlds.conf=C:\Users\2oleg\Downloads\apache-maven-3.9.11-bin\apache-maven-3.9.11\bin\m2.conf -Dmaven.home=C:\Users\2oleg\Downloads\apache-maven-3.9.11-bin\apache-maven-3.9.11 -Dlibrary.jansi.path=C:\Users\2oleg\Downloads\apache-maven-3.9.11-bin\apache-maven-3.9.11\lib\jansi-native -Dmaven.multiModuleProjectDirectory=C:\Users\2oleg\Downloads\Telegram Desktop\Kefir\Backend\TransactionSaga 
java_command: org.codehaus.plexus.classworlds.launcher.Launcher spring-boot:run -Dserver.port=8090 -DskipTests
java_class_path (initial): C:\Users\2oleg\Downloads\apache-maven-3.9.11-bin\apache-maven-3.9.11\boot\plexus-classworlds-2.9.0.jar
Launcher Type: SUN_STANDARD

[Global flags]
     intx CICompilerCount                          = 4                                         {product} {ergonomic}
     uint ConcGCThreads                            = 2                                         {product} {ergonomic}
     uint G1ConcRefinementThreads                  = 8                                         {product} {ergonomic}
   size_t G1HeapRegionSize                         = 2097152                                   {product} {ergonomic}
    uintx GCDrainStackTargetSize                   = 64                                        {product} {ergonomic}
   size_t InitialHeapSize                          = 192937984                                 {product} {ergonomic}
   size_t MarkStackSize                            = 4194304                                   {product} {ergonomic}
   size_t MaxHeapSize                              = 3074424832                                {product} {ergonomic}
   size_t MaxNewSize                               = 1843396608                                {product} {ergonomic}
   size_t MinHeapDeltaBytes                        = 2097152                                   {product} {ergonomic}
   size_t MinHeapSize                              = 8388608                                   {product} {ergonomic}
    uintx NonNMethodCodeHeapSize                   = 5839372                                {pd product} {ergonomic}
    uintx NonProfiledCodeHeapSize                  = 122909434                              {pd product} {ergonomic}
    uintx ProfiledCodeHeapSize                     = 122909434                              {pd product} {ergonomic}
    uintx ReservedCodeCacheSize                    = 251658240                              {pd product} {ergonomic}
     bool SegmentedCodeCache                       = true                                      {product} {ergonomic}
   size_t SoftMaxHeapSize                          = 3074424832                             {manageable} {ergonomic}
     bool UseCompressedOops                        = true                           {product lp64_product} {ergonomic}
     bool UseG1GC                                  = true                                      {product} {ergonomic}
     bool UseLargePagesIndividualAllocation        = false                                  {pd product} {ergonomic}

Logging:
Log output configuration:
 #0: stdout all=warning uptime,level,tags foldmultilines=false
 #1: stderr all=off uptime,level,tags foldmultilines=false

Environment Variables:
JAVA_HOME=C:\Program Files\Java\jdk-21
PATH=C:\Program Files\Common Files\Oracle\Java\javapath;C:\Program Files (x86)\Cuminas\Document Express DjVu Plug-in\;C:\Program Files (x86)\Razer Chroma SDK\bin;C:\Program Files\Razer Chroma SDK\bin;C:\WINDOWS\system32;C:\WINDOWS;C:\WINDOWS\System32\Wbem;C:\WINDOWS\System32\WindowsPowerShell\v1.0\;C:\WINDOWS\System32\OpenSSH\;C:\Program Files (x86)\NVIDIA Corporation\PhysX\Common;C:\WINDOWS\system32\config\systemprofile\AppData\Local\Microsoft\WindowsApps;C:\Program Files (x86)\Razer\ChromaBroadcast\bin;C:\Program Files\Razer\ChromaBroadcast\bin;C:\Users\2oleg\AppData\Local\Microsoft\WindowsApps;C:\Program Files\JetBrains\IntelliJ IDEA Community Edition 2024.3\bin;C:\Users\2oleg\AppData\Local\Programs\Microsoft VS Code\bin;C:\Program Files\Docker\Docker\resources\bin;C:\Users\2oleg\Downloads\curl-8.16.0_6-win64-mingw.zip\curl-8.16.0_6-win64-mingw\bin;C:\Users\2oleg\Downloads\curl-8.16.0_6-win64-mingw\curl-8.16.0_6-win64-mingw\bin;C:\Users\2oleg\Downloads\apache-maven-3.9.11-bin\apache-maven-3.9.11\bin;C:\ProgramData\chocolatey\bin;C:\Users\2oleg\AppData\Roaming\Cloud Foundry;C:\Program Files\Git\cmd;C:\Program Files\nodejs\;C:\Users\2oleg\AppData\Local\Muse Hub\lib;C:\Users\2oleg\AppData\Local\Microsoft\WindowsApps;C:\Program Files\JetBrains\IntelliJ IDEA Community Edition 2025.2.4\bin;C:\Users\2oleg\AppData\Local\Programs\Microsoft VS Code\bin;C:\Program Files\jq.exe;C:\Users\2oleg\AppData\Local\Microsoft\WinGet\Packages\jqlang.jq_Microsoft.Winget.Source_8wekyb3d8bbwe;C:\Program Files\Java\jdk-24;C:\Users\2oleg\Downloads\gradle-9.0.0-bin\gradle-9.0.0\bin;C:\Program Files\Docker\Docker\resources\bin;C:\Users\2oleg\AppData\Local\GitHubDesktop\bin;C:\Users\2oleg\AppData\Roaming\npm
USERNAME=2oleg
OS=Windows_NT
PROCESSOR_IDENTIFIER=Intel64 Family 6 Model 60 Stepping 3, GenuineIntel
TMP=C:\Users\2oleg\AppData\Local\Temp
TEMP=C:\Users\2oleg\AppData\Local\Temp




Periodic native trim disabled

---------------  S Y S T E M  ---------------

OS:
 Windows 10 , 64 bit Build 19041 (10.0.19041.5915)
OS uptime: 10 days 12:22 hours
Hyper-V role detected

CPU: total 8 (initial active 8) (4 cores per cpu, 2 threads per core) family 6 model 60 stepping 3 microcode 0x27, cx8, cmov, fxsr, ht, mmx, sse, sse2, sse3, ssse3, sse4.1, sse4.2, popcnt, lzcnt, tsc, tscinvbit, avx, avx2, aes, erms, clmul, bmi1, bmi2, fma, vzeroupper, clflush, hv, rdtscp, f16c
Processor Information for all 8 processors :
  Max Mhz: 2401, Current Mhz: 2401, Mhz Limit: 2401

Memory: 4k page, system-wide physical 11723M (1158M free)
TotalPageFile size 23723M (AvailPageFile size 29M)
current process WorkingSet (physical memory assigned to process): 221M, peak: 226M
current process commit charge ("private bytes"): 322M, peak: 333M

vm_info: Java HotSpot(TM) 64-Bit Server VM (21.0.7+8-LTS-245) for windows-amd64 JRE (21.0.7+8-LTS-245), built on 2025-02-21T05:11:27Z by "mach5one" with MS VC++ 17.6 (VS2022)

END.
