#
# There is insufficient memory for the Java Runtime Environment to continue.
# Native memory allocation (mmap) failed to map 65536 bytes for Failed to commit metaspace.
# Possible reasons:
#   The system is out of physical RAM or swap space
#   The process is running with CompressedOops enabled, and the Java Heap may be blocking the growth of the native heap
# Possible solutions:
#   Reduce memory load on the system
#   Increase physical memory or swap space
#   Check if swap backing store is full
#   Decrease Java heap size (-Xmx/-Xms)
#   Decrease number of Java threads
#   Decrease Java thread stack sizes (-Xss)
#   Set larger code cache with -XX:ReservedCodeCacheSize=
#   JVM is running with Zero Based Compressed Oops mode in which the Java heap is
#     placed in the first 32GB address space. The Java Heap base address is the
#     maximum limit for the native heap growth. Please use -XX:HeapBaseMinAddress
#     to set the Java Heap base and to place the Java Heap above 32GB virtual address.
# This output file may be truncated or incomplete.
#
#  Out of Memory Error (virtualSpaceNode.cpp:112), pid=13000, tid=24112
#
# JRE version: Java(TM) SE Runtime Environment (21.0.7+8) (build 21.0.7+8-LTS-245)
# Java VM: Java HotSpot(TM) 64-Bit Server VM (21.0.7+8-LTS-245, mixed mode, sharing, tiered, compressed oops, compressed class ptrs, g1 gc, windows-amd64)
# No core dump will be written. Minidumps are not enabled by default on client versions of Windows
#

---------------  S U M M A R Y ------------

Command Line: --enable-native-access=ALL-UNNAMED -Dclassworlds.conf=C:\Users\2oleg\Downloads\apache-maven-3.9.11-bin\apache-maven-3.9.11\bin\m2.conf -Dmaven.home=C:\Users\2oleg\Downloads\apache-maven-3.9.11-bin\apache-maven-3.9.11 -Dlibrary.jansi.path=C:\Users\2oleg\Downloads\apache-maven-3.9.11-bin\apache-maven-3.9.11\lib\jansi-native -Dmaven.multiModuleProjectDirectory=C:\Users\2oleg\Downloads\Telegram Desktop\Kefir\Backend\TransactionSaga org.codehaus.plexus.classworlds.launcher.Launcher spring-boot:run -Dserver.port=8090 -DskipTests

Host: Intel(R) Core(TM) i7-4700HQ CPU @ 2.40GHz, 8 cores, 11G,  Windows 10 , 64 bit Build 19041 (10.0.19041.5915)
Time: Sat Dec 13 01:39:46 2025 RTZ 2 (s 10 , 64 bit Build 19041 (10.0.19041.5915) elapsed time: 21.457968 seconds (0d 0h 0m 21s)

---------------  T H R E A D  ---------------

Current thread (0x0000022243993150):  JavaThread "main"             [_thread_in_vm, id=24112, stack(0x000000bfc0a00000,0x000000bfc0b00000) (1024K)]

Stack: [0x000000bfc0a00000,0x000000bfc0b00000]
Native frames: (J=compiled Java code, j=interpreted, Vv=VM code, C=native code)
V  [jvm.dll+0x6cae19]
V  [jvm.dll+0x855741]
V  [jvm.dll+0x857c6e]
V  [jvm.dll+0x858343]
V  [jvm.dll+0x27e0b6]
V  [jvm.dll+0x85135e]
V  [jvm.dll+0x66ea55]
V  [jvm.dll+0x1e410c]
V  [jvm.dll+0x1e3ede]
V  [jvm.dll+0x671383]
V  [jvm.dll+0x6711a2]
V  [jvm.dll+0x66f42e]
V  [jvm.dll+0x6797e7]
V  [jvm.dll+0x214ea1]
V  [jvm.dll+0x21532a]
V  [jvm.dll+0x215d51]
V  [jvm.dll+0x20b1ee]
V  [jvm.dll+0x5ad9cc]
V  [jvm.dll+0x7cf846]
V  [jvm.dll+0x471336]
V  [jvm.dll+0x4771b8]
C  [java.dll+0x17ec]

Java frames: (J=compiled Java code, j=interpreted, Vv=VM code)
J 523  java.lang.ClassLoader.defineClass1(Ljava/lang/ClassLoader;Ljava/lang/String;[BIILjava/security/ProtectionDomain;Ljava/lang/String;)Ljava/lang/Class; java.base@21.0.7 (0 bytes) @ 0x0000022255a9dd91 [0x0000022255a9dcc0+0x00000000000000d1]
J 1188 c1 java.lang.ClassLoader.defineClass(Ljava/lang/String;[BIILjava/security/ProtectionDomain;)Ljava/lang/Class; java.base@21.0.7 (43 bytes) @ 0x000002224e1de28c [0x000002224e1ddf20+0x000000000000036c]
J 908 c1 java.security.SecureClassLoader.defineClass(Ljava/lang/String;[BIILjava/security/CodeSource;)Ljava/lang/Class; java.base@21.0.7 (16 bytes) @ 0x000002224e15581c [0x000002224e155740+0x00000000000000dc]
J 827 c1 java.net.URLClassLoader.defineClass(Ljava/lang/String;Ljdk/internal/loader/Resource;)Ljava/lang/Class; java.base@21.0.7 (224 bytes) @ 0x000002224e124e04 [0x000002224e123ac0+0x0000000000001344]
J 907 c1 java.net.URLClassLoader$1.run()Ljava/lang/Class; java.base@21.0.7 (81 bytes) @ 0x000002224e1580ec [0x000002224e157460+0x0000000000000c8c]
J 906 c1 java.net.URLClassLoader$1.run()Ljava/lang/Object; java.base@21.0.7 (5 bytes) @ 0x000002224e156b54 [0x000002224e156ac0+0x0000000000000094]
J 819 c1 java.security.AccessController.doPrivileged(Ljava/security/PrivilegedExceptionAction;Ljava/security/AccessControlContext;)Ljava/lang/Object; java.base@21.0.7 (26 bytes) @ 0x000002224e120294 [0x000002224e1200a0+0x00000000000001f4]
J 904 c1 java.net.URLClassLoader.findClass(Ljava/lang/String;)Ljava/lang/Class; java.base@21.0.7 (47 bytes) @ 0x000002224e155dd4 [0x000002224e155c20+0x00000000000001b4]
J 911 c1 org.codehaus.plexus.classworlds.realm.ClassRealm.loadClassFromSelf(Ljava/lang/String;)Ljava/lang/Class; (40 bytes) @ 0x000002224e15aabc [0x000002224e15a720+0x000000000000039c]
J 851 c1 org.codehaus.plexus.classworlds.strategy.SelfFirstStrategy.loadClass(Ljava/lang/String;)Ljava/lang/Class; (50 bytes) @ 0x000002224e12ecac [0x000002224e12e8c0+0x00000000000003ec]
J 569 c1 org.codehaus.plexus.classworlds.realm.ClassRealm.loadClass(Ljava/lang/String;Z)Ljava/lang/Class; (33 bytes) @ 0x000002224e082864 [0x000002224e0826e0+0x0000000000000184]
J 568 c1 org.codehaus.plexus.classworlds.realm.ClassRealm.loadClass(Ljava/lang/String;)Ljava/lang/Class; (7 bytes) @ 0x000002224e082344 [0x000002224e082240+0x0000000000000104]
v  ~StubRoutines::call_stub 0x00000222554d100d
j  java.lang.Class.getDeclaredMethods0(Z)[Ljava/lang/reflect/Method;+0 java.base@21.0.7
J 1291 c1 java.lang.Class.privateGetDeclaredMethods(Z)[Ljava/lang/reflect/Method; java.base@21.0.7 (64 bytes) @ 0x000002224e210edc [0x000002224e210d40+0x000000000000019c]
J 1311 c1 java.lang.Class.getDeclaredMethods()[Ljava/lang/reflect/Method; java.base@21.0.7 (27 bytes) @ 0x000002224e21a314 [0x000002224e21a1e0+0x0000000000000134]
J 1609 c1 com.google.inject.internal.DeclaredMembers.getDeclaredMethods(Ljava/lang/Class;)[Ljava/lang/reflect/Method; (76 bytes) @ 0x000002224e2b1d84 [0x000002224e2b1d20+0x0000000000000064]
j  com.google.inject.spi.InjectionPoint.getDeclaredMethods(Lcom/google/inject/TypeLiteral;)[Ljava/lang/reflect/Method;+4
j  com.google.inject.spi.InjectionPoint.getInjectionPoints(Lcom/google/inject/TypeLiteral;ZLcom/google/inject/internal/Errors;)Ljava/util/Set;+195
j  com.google.inject.spi.InjectionPoint.forInstanceMethodsAndFields(Lcom/google/inject/TypeLiteral;)Ljava/util/Set;+11
j  org.eclipse.sisu.wire.DependencyAnalyzer.analyzeImplementation(Lcom/google/inject/TypeLiteral;Z)Ljava/lang/Boolean;+44
j  org.eclipse.sisu.wire.DependencyAnalyzer.visit(Lcom/google/inject/spi/UntargettedBinding;)Ljava/lang/Boolean;+11
j  org.eclipse.sisu.wire.DependencyAnalyzer.visit(Lcom/google/inject/spi/UntargettedBinding;)Ljava/lang/Object;+2
j  com.google.inject.internal.UntargettedBindingImpl.acceptTargetVisitor(Lcom/google/inject/spi/BindingTargetVisitor;)Ljava/lang/Object;+2
j  org.eclipse.sisu.wire.ElementAnalyzer.visit(Lcom/google/inject/Binding;)Ljava/lang/Void;+43
j  org.eclipse.sisu.wire.ElementAnalyzer.visit(Lcom/google/inject/Binding;)Ljava/lang/Object;+2
j  com.google.inject.internal.BindingImpl.acceptVisitor(Lcom/google/inject/spi/ElementVisitor;)Ljava/lang/Object;+2
j  org.eclipse.sisu.wire.WireModule.configure(Lcom/google/inject/Binder;)V+45
j  com.google.inject.spi.Elements$RecordingBinder.install(Lcom/google/inject/Module;)V+209
j  com.google.inject.spi.Elements.getElements(Lcom/google/inject/Stage;Ljava/lang/Iterable;)Ljava/util/List;+40
j  com.google.inject.internal.InjectorShell$Builder.build(Lcom/google/inject/internal/Initializer;Lcom/google/inject/internal/ProcessedBindingData;Lcom/google/inject/internal/util/ContinuousStopwatch;Lcom/google/inject/internal/Errors;)Ljava/util/List;+163
j  com.google.inject.internal.InternalInjectorCreator.build()Lcom/google/inject/Injector;+48
j  com.google.inject.Guice.createInjector(Lcom/google/inject/Stage;Ljava/lang/Iterable;)Lcom/google/inject/Injector;+15
j  com.google.inject.Guice.createInjector(Ljava/lang/Iterable;)Lcom/google/inject/Injector;+4
j  com.google.inject.Guice.createInjector([Lcom/google/inject/Module;)Lcom/google/inject/Injector;+4
j  org.codehaus.plexus.DefaultPlexusContainer.addPlexusInjector(Ljava/util/List;[Lcom/google/inject/Module;)Lcom/google/inject/Injector;+88
j  org.codehaus.plexus.DefaultPlexusContainer.<init>(Lorg/codehaus/plexus/ContainerConfiguration;[Lcom/google/inject/Module;)V+414
j  org.apache.maven.cli.MavenCli.container(Lorg/apache/maven/cli/CliRequest;)Lorg/codehaus/plexus/PlexusContainer;+279
j  org.apache.maven.cli.MavenCli.doMain(Lorg/apache/maven/cli/CliRequest;)I+34
j  org.apache.maven.cli.MavenCli.main([Ljava/lang/String;Lorg/codehaus/plexus/classworlds/ClassWorld;)I+24
j  java.lang.invoke.DirectMethodHandle$Holder.invokeStatic(Ljava/lang/Object;Ljava/lang/Object;Ljava/lang/Object;)I+11 java.base@21.0.7
j  java.lang.invoke.LambdaForm$MH+0x0000022201009400.invoke(Ljava/lang/Object;Ljava/lang/Object;Ljava/lang/Object;Ljava/lang/Object;)Ljava/lang/Object;+54 java.base@21.0.7
j  java.lang.invoke.LambdaForm$MH+0x0000022201009800.invokeExact_MT(Ljava/lang/Object;Ljava/lang/Object;Ljava/lang/Object;Ljava/lang/Object;Ljava/lang/Object;)Ljava/lang/Object;+22 java.base@21.0.7
j  jdk.internal.reflect.DirectMethodHandleAccessor.invokeImpl(Ljava/lang/Object;[Ljava/lang/Object;)Ljava/lang/Object;+72 java.base@21.0.7
j  jdk.internal.reflect.DirectMethodHandleAccessor.invoke(Ljava/lang/Object;[Ljava/lang/Object;)Ljava/lang/Object;+23 java.base@21.0.7
j  java.lang.reflect.Method.invoke(Ljava/lang/Object;[Ljava/lang/Object;)Ljava/lang/Object;+102 java.base@21.0.7
j  org.codehaus.plexus.classworlds.launcher.Launcher.launchEnhanced([Ljava/lang/String;)V+45
j  org.codehaus.plexus.classworlds.launcher.Launcher.launch([Ljava/lang/String;)V+2
j  org.codehaus.plexus.classworlds.launcher.Launcher.mainWithExitCode([Ljava/lang/String;)I+108
j  org.codehaus.plexus.classworlds.launcher.Launcher.main([Ljava/lang/String;)V+1
v  ~StubRoutines::call_stub 0x00000222554d100d

Compiled method (n/a)   21719  523     n 0       java.lang.ClassLoader::defineClass1 (native)
 total in heap  [0x0000022255a9db10,0x0000022255a9e170] = 1632
 relocation     [0x0000022255a9dc70,0x0000022255a9dca8] = 56
 main code      [0x0000022255a9dcc0,0x0000022255a9e16f] = 1199
 stub code      [0x0000022255a9e16f,0x0000022255a9e170] = 1

[Constant Pool (empty)]

[MachCode]
[Entry Point]
  # {method} {0x0000022200439a30} 'defineClass1' '(Ljava/lang/ClassLoader;Ljava/lang/String;[BIILjava/security/ProtectionDomain;Ljava/lang/String;)Ljava/lang/Class;' in 'java/lang/ClassLoader'
  # parm0:    rdx:rdx   = 'java/lang/ClassLoader'
  # parm1:    r8:r8     = 'java/lang/String'
  # parm2:    r9:r9     = '[B'
  # parm3:    rdi       = int
  # parm4:    rsi       = int
  # parm5:    rcx:rcx   = 'java/security/ProtectionDomain'
  # parm6:    [sp+0xa0]   = 'java/lang/String'  (sp of caller)
  0x0000022255a9dcc0: 448b 5208 | 49bb 0000 | 0000 2202 | 0000 4d03 | d349 3bc2 | 0f84 0600 

  0x0000022255a9dcd8: ;   {runtime_call ic_miss_stub}
  0x0000022255a9dcd8: 0000 e9a1 | 0aa8 ff90 
[Verified Entry Point]
  0x0000022255a9dce0: 8984 2400 | 80ff ff55 | 488b ec48 | 81ec 9000 | 0000 6690 | 4181 7f20 | 0100 0000 

  0x0000022255a9dcfc: ;   {runtime_call StubRoutines (final stubs)}
  0x0000022255a9dcfc: 7405 e85d | 70a6 ff48 | 837d 1000 | 488d 4510 | 480f 4445 | 1048 8944 | 2440 4889 | 4c24 7048 
  0x0000022255a9dd1c: 83f9 0048 | 8d44 2470 | 480f 4444 | 2470 4889 | 4424 3848 | 8974 2430 | 4889 7c24 | 284c 894c 
  0x0000022255a9dd3c: 2458 4983 | f900 488d | 4424 5848 | 0f44 4424 | 5848 8944 | 2420 4c89 | 4424 5049 | 83f8 004c 
  0x0000022255a9dd5c: 8d4c 2450 | 4c0f 444c | 2450 4889 | 5424 4848 | 83fa 004c | 8d44 2448 | 4c0f 4444 

  0x0000022255a9dd78: ;   {oop(a 'java/lang/Class'{0x0000000752c70568} = 'java/lang/ClassLoader')}
  0x0000022255a9dd78: 2448 49be | 6805 c752 | 0700 0000 | 4c89 7424 | 784c 8d74 | 2478 498b | d6c5 f877 

  0x0000022255a9dd94: ;   {internal_word}
  0x0000022255a9dd94: 49ba 91dd | a955 2202 | 0000 4d89 | 97a0 0300 | 0049 89a7 | 9803 0000 

  0x0000022255a9ddac: ;   {external_word}
  0x0000022255a9ddac: 49ba 2058 | 808f f97f | 0000 4180 | 3a00 0f84 | 4e00 0000 | 5241 5041 

  0x0000022255a9ddc4: ;   {metadata({method} {0x0000022200439a30} 'defineClass1' '(Ljava/lang/ClassLoader;Ljava/lang/String;[BIILjava/security/ProtectionDomain;Ljava/lang/String;)Ljava/lang/Class;' in 'java/lang/ClassLoader')}
  0x0000022255a9ddc4: 5148 ba28 | 9a43 0022 | 0200 0049 | 8bcf 4883 | ec20 40f6 | c40f 0f84 | 1900 0000 | 4883 ec08 
  0x0000022255a9dde4: ;   {runtime_call}
  0x0000022255a9dde4: 48b8 500d | 318f f97f | 0000 ffd0 | 4883 c408 | e90c 0000 

  0x0000022255a9ddf8: ;   {runtime_call}
  0x0000022255a9ddf8: 0048 b850 | 0d31 8ff9 | 7f00 00ff | d048 83c4 | 2041 5941 | 585a 498d | 8fb8 0300 | 0041 c787 
  0x0000022255a9de18: 4404 0000 | 0400 0000 

  0x0000022255a9de20: ;   {runtime_call}
  0x0000022255a9de20: 48b8 ac16 | bee0 f97f | 0000 ffd0 | c5f8 7741 | c787 4404 | 0000 0500 | 0000 f083 | 4424 c000 
  0x0000022255a9de40: 493b af48 | 0400 000f | 870e 0000 | 0041 83bf | 4004 0000 | 000f 842b | 0000 00c5 | f877 4889 
  0x0000022255a9de60: 45f8 498b | cf4c 8be4 | 4883 ec20 | 4883 e4f0 

  0x0000022255a9de70: ;   {runtime_call}
  0x0000022255a9de70: 48b8 30b9 | fc8e f97f | 0000 ffd0 | 498b e44d | 33e4 488b | 45f8 41c7 | 8744 0400 | 0008 0000 
  0x0000022255a9de90: 0041 83bf | c004 0000 | 020f 84a3 

  0x0000022255a9de9c: ;   {external_word}
  0x0000022255a9de9c: 0200 0049 | ba20 5880 | 8ff9 7f00 | 0041 803a | 000f 844c | 0000 0048 

  0x0000022255a9deb4: ;   {metadata({method} {0x0000022200439a30} 'defineClass1' '(Ljava/lang/ClassLoader;Ljava/lang/String;[BIILjava/security/ProtectionDomain;Ljava/lang/String;)Ljava/lang/Class;' in 'java/lang/ClassLoader')}
  0x0000022255a9deb4: 8945 f848 | ba28 9a43 | 0022 0200 | 0049 8bcf | 4883 ec20 | 40f6 c40f | 0f84 1900 | 0000 4883 
  0x0000022255a9ded4: ;   {runtime_call}
  0x0000022255a9ded4: ec08 48b8 | 500d 318f | f97f 0000 | ffd0 4883 | c408 e90c 

  0x0000022255a9dee8: ;   {runtime_call}
  0x0000022255a9dee8: 0000 0048 | b850 0d31 | 8ff9 7f00 | 00ff d048 | 83c4 2048 | 8b45 f849 | c787 9803 | 0000 0000 
  0x0000022255a9df08: 0000 49c7 | 87a0 0300 | 0000 0000 | 00c5 f877 | 4885 c00f | 84fe 0100 | 00a8 030f | 8508 0000 
  0x0000022255a9df28: 0048 8b00 | e9ee 0100 | 00a8 010f | 8509 0000 | 0048 8b40 | fee9 dd01 | 0000 488b | 40ff 4180 
  0x0000022255a9df48: 7f40 000f | 84ce 0100 | 0048 83f8 | 000f 84c4 | 0100 0049 | 8b4f 2848 | 83f9 000f | 8414 0000 
  0x0000022255a9df68: 0048 83e9 | 0849 894f | 2849 034f | 3848 8901 | e9a2 0100 | 0048 81ec | d000 0000 | 4889 0424 
  0x0000022255a9df88: 4889 4c24 | 0848 8954 | 2410 4889 | 7424 1848 | 897c 2420 | 4c89 4424 | 284c 894c | 2430 4c89 
  0x0000022255a9dfa8: 5424 384c | 895c 2440 | c5fb 1144 | 2450 c5fb | 114c 2458 | c5fb 1154 | 2460 c5fb | 115c 2468 
  0x0000022255a9dfc8: c5fb 1164 | 2470 c5fb | 116c 2478 | c5fb 11b4 | 2480 0000 | 00c5 fb11 | bc24 8800 | 0000 c57b 
  0x0000022255a9dfe8: ;   {no_reloc}
  0x0000022255a9dfe8: 1184 2490 | 0000 00c5 | 7b11 8c24 | 9800 0000 | c57b 1194 | 24a0 0000 | 00c5 7b11 | 9c24 a800 
  0x0000022255a9e008: 0000 c57b | 11a4 24b0 | 0000 00c5 | 7b11 ac24 | b800 0000 | c57b 11b4 | 24c0 0000 | 00c5 7b11 
  0x0000022255a9e028: bc24 c800 | 0000 498b | d748 8bc8 | 4883 ec20 | 40f6 c40f | 0f84 1900 | 0000 4883 

  0x0000022255a9e044: ;   {runtime_call}
  0x0000022255a9e044: ec08 48b8 | 90f6 ef8e | f97f 0000 | ffd0 4883 | c408 e90c 

  0x0000022255a9e058: ;   {runtime_call}
  0x0000022255a9e058: 0000 0048 | b890 f6ef | 8ef9 7f00 | 00ff d048 | 83c4 20c5 | 7b10 bc24 | c800 0000 | c57b 10b4 
  0x0000022255a9e078: 24c0 0000 | 00c5 7b10 | ac24 b800 | 0000 c57b | 10a4 24b0 | 0000 00c5 | 7b10 9c24 | a800 0000 
  0x0000022255a9e098: c57b 1094 | 24a0 0000 | 00c5 7b10 | 8c24 9800 | 0000 c57b | 1084 2490 | 0000 00c5 | fb10 bc24 
  0x0000022255a9e0b8: 8800 0000 | c5fb 10b4 | 2480 0000 | 00c5 fb10 | 6c24 78c5 | fb10 6424 | 70c5 fb10 | 5c24 68c5 
  0x0000022255a9e0d8: fb10 5424 | 60c5 fb10 | 4c24 58c5 | fb10 4424 | 504c 8b5c | 2440 4c8b | 5424 384c | 8b4c 2430 
  0x0000022255a9e0f8: 4c8b 4424 | 2848 8b7c | 2420 488b | 7424 1848 | 8b54 2410 | 488b 4c24 | 0848 8b04 | 2448 81c4 
  0x0000022255a9e118: d000 0000 | c5f8 7749 | 8b8f 2804 | 0000 c781 | 0001 0000 | 0000 0000 | c949 837f | 0800 0f85 
  0x0000022255a9e138: 0100 0000 

  0x0000022255a9e13c: ;   {runtime_call StubRoutines (initial stubs)}
  0x0000022255a9e13c: c3e9 be2d | a3ff c5f8 | 7748 8945 | f84c 8be4 | 4883 ec20 | 4883 e4f0 

  0x0000022255a9e154: ;   {runtime_call}
  0x0000022255a9e154: 48b8 4045 | 318f f97f | 0000 ffd0 | 498b e44d | 33e4 488b | 45f8 e930 | fdff fff4 
[/MachCode]


Compiled method (c1)   21738 1188       3       java.lang.ClassLoader::defineClass (43 bytes)
 total in heap  [0x000002224e1ddd10,0x000002224e1de678] = 2408
 relocation     [0x000002224e1dde70,0x000002224e1ddf10] = 160
 main code      [0x000002224e1ddf20,0x000002224e1de3d0] = 1200
 stub code      [0x000002224e1de3d0,0x000002224e1de448] = 120
 metadata       [0x000002224e1de448,0x000002224e1de478] = 48
 scopes data    [0x000002224e1de478,0x000002224e1de568] = 240
 scopes pcs     [0x000002224e1de568,0x000002224e1de648] = 224
 dependencies   [0x000002224e1de648,0x000002224e1de650] = 8
 nul chk table  [0x000002224e1de650,0x000002224e1de678] = 40

[Constant Pool (empty)]

[MachCode]
[Entry Point]
  # {method} {0x0000022200439db0} 'defineClass' '(Ljava/lang/String;[BIILjava/security/ProtectionDomain;)Ljava/lang/Class;' in 'java/lang/ClassLoader'
  # this:     rdx:rdx   = 'java/lang/ClassLoader'
  # parm0:    r8:r8     = 'java/lang/String'
  # parm1:    r9:r9     = '[B'
  # parm2:    rdi       = int
  # parm3:    rsi       = int
  # parm4:    rcx:rcx   = 'java/security/ProtectionDomain'
  #           [sp+0xc0]  (sp of caller)
  0x000002224e1ddf20: 448b 5208 | 49bb 0000 | 0000 2202 | 0000 4d03 | d34c 3bd0 

  0x000002224e1ddf34: ;   {runtime_call ic_miss_stub}
  0x000002224e1ddf34: 0f85 4608 | 3407 660f | 1f44 0000 
[Verified Entry Point]
  0x000002224e1ddf40: 8984 2400 | 80ff ff55 | 4881 ecb0 | 0000 0090 | 4181 7f20 | 0100 0000 

  0x000002224e1ddf58: ;   {runtime_call StubRoutines (final stubs)}
  0x000002224e1ddf58: 7405 e801 | 6e32 0748 | 8954 2478 

  0x000002224e1ddf64: ;   {metadata(method data for {method} {0x0000022200439db0} 'defineClass' '(Ljava/lang/String;[BIILjava/security/ProtectionDomain;)Ljava/lang/Class;' in 'java/lang/ClassLoader')}
  0x000002224e1ddf64: 48bb 700a | 1964 2202 | 0000 8b83 | cc00 0000 | 83c0 0289 | 83cc 0000 | 0025 fe07 | 0000 85c0 
  0x000002224e1ddf84: 0f84 6803 | 0000 89b4 | 2494 0000 | 0089 bc24 | 9000 0000 | 4c89 8c24 | 8800 0000 

  0x000002224e1ddfa0: ;   {metadata(method data for {method} {0x0000022200439db0} 'defineClass' '(Ljava/lang/String;[BIILjava/security/ProtectionDomain;)Ljava/lang/Class;' in 'java/lang/ClassLoader')}
  0x000002224e1ddfa0: 488b da48 | b870 0a19 | 6422 0200 | 0048 8380 | 1001 0000 | 0149 8bd8 | 4c8b c34c | 8bc9 488b 
  0x000002224e1ddfc0: ca48 8bd1 | 4889 9c24 | 8000 0000 

  0x000002224e1ddfcc: ;   {optimized virtual_call}
  0x000002224e1ddfcc: 6666 90e8 

  0x000002224e1ddfd0: ; ImmutableOopMap {[120]=Oop [128]=Oop [136]=Oop }
                      ;*invokevirtual preDefineClass {reexecute=0 rethrow=0 return_oop=0}
                      ; - java.lang.ClassLoader::defineClass@4 (line 1025)
  0x000002224e1ddfd0: 4cc8 f6ff 

  0x000002224e1ddfd4: ;   {other}
  0x000002224e1ddfd4: 0f1f 8400 | c402 0000 | 4889 8424 | 9800 0000 | 488b 5424 

  0x000002224e1ddfe8: ;   {metadata(method data for {method} {0x0000022200439db0} 'defineClass' '(Ljava/lang/String;[BIILjava/security/ProtectionDomain;)Ljava/lang/Class;' in 'java/lang/ClassLoader')}
  0x000002224e1ddfe8: 7849 b870 | 0a19 6422 | 0200 0049 | 8380 4801 

  0x000002224e1ddff8: ;   {metadata(method data for {method} {0x0000022200439a98} 'defineClassSourceLocation' '(Ljava/security/ProtectionDomain;)Ljava/lang/String;' in 'java/lang/ClassLoader')}
  0x000002224e1ddff8: 0000 0149 | b8f8 e41b | 6422 0200 | 0041 8b90 | cc00 0000 | 83c2 0241 | 8990 cc00 | 0000 81e2 
  0x000002224e1de018: feff 1f00 | 85d2 0f84 | ef02 0000 

  0x000002224e1de024: ; implicit exception: dispatches to 0x000002224e1de334
  0x000002224e1de024: 483b 004c 

  0x000002224e1de028: ;   {metadata(method data for {method} {0x0000022200439a98} 'defineClassSourceLocation' '(Ljava/security/ProtectionDomain;)Ljava/lang/String;' in 'java/lang/ClassLoader')}
  0x000002224e1de028: 8bc0 48ba | f8e4 1b64 | 2202 0000 | 4883 8210 | 0100 0001 | 448b 4010 | 49c1 e003 

  0x000002224e1de044: ;   {metadata(method data for {method} {0x0000022200439a98} 'defineClassSourceLocation' '(Ljava/security/ProtectionDomain;)Ljava/lang/String;' in 'java/lang/ClassLoader')}
  0x000002224e1de044: 4d85 c048 | baf8 e41b | 6422 0200 | 0048 be58 | 0100 0000 | 0000 0075 | 0a48 be48 | 0100 0000 
  0x000002224e1de064: 0000 0048 | 8b3c 3248 | 8d7f 0148 | 893c 320f | 850f 0000 

  0x000002224e1de078: ;   {oop(nullptr)}
  0x000002224e1de078: 0048 bb00 | 0000 0000 | 0000 00e9 | af01 0000 

  0x000002224e1de088: ; implicit exception: dispatches to 0x000002224e1de339
  0x000002224e1de088: 493b 0049 

  0x000002224e1de08c: ;   {metadata(method data for {method} {0x0000022200439a98} 'defineClassSourceLocation' '(Ljava/security/ProtectionDomain;)Ljava/lang/String;' in 'java/lang/ClassLoader')}
  0x000002224e1de08c: 8bd0 48be | f8e4 1b64 | 2202 0000 | 4883 8668 | 0100 0001 | 418b 500c | 48c1 e203 

  0x000002224e1de0a8: ;   {metadata(method data for {method} {0x0000022200439a98} 'defineClassSourceLocation' '(Ljava/security/ProtectionDomain;)Ljava/lang/String;' in 'java/lang/ClassLoader')}
  0x000002224e1de0a8: 4885 d248 | bef8 e41b | 6422 0200 | 0048 bfb0 | 0100 0000 | 0000 0075 | 0a48 bfa0 | 0100 0000 
  0x000002224e1de0c8: 0000 0048 | 8b1c 3e48 | 8d5b 0148 | 891c 3e0f | 850f 0000 

  0x000002224e1de0dc: ;   {oop(nullptr)}
  0x000002224e1de0dc: 0048 bb00 | 0000 0000 | 0000 00e9 | 4b01 0000 

  0x000002224e1de0ec: ;   {metadata(method data for {method} {0x0000022200439a98} 'defineClassSourceLocation' '(Ljava/security/ProtectionDomain;)Ljava/lang/String;' in 'java/lang/ClassLoader')}
  0x000002224e1de0ec: 48be f8e4 | 1b64 2202 | 0000 4883 | 86c0 0100 | 0001 483b | 024c 8bc2 

  0x000002224e1de104: ;   {metadata(method data for {method} {0x0000022200439a98} 'defineClassSourceLocation' '(Ljava/security/ProtectionDomain;)Ljava/lang/String;' in 'java/lang/ClassLoader')}
  0x000002224e1de104: 48be f8e4 | 1b64 2202 | 0000 4883 | 86f8 0100 

  0x000002224e1de114: ;   {metadata(method data for {method} {0x000002220001a7c0} 'toString' '()Ljava/lang/String;' in 'java/net/URL')}
  0x000002224e1de114: 0001 49b8 | 3815 1764 | 2202 0000 | 418b b0cc | 0000 0083 | c602 4189 | b0cc 0000 | 0081 e6fe 
  0x000002224e1de134: ff1f 0085 | f60f 8404 | 0200 004c 

  0x000002224e1de140: ;   {metadata(method data for {method} {0x000002220001a7c0} 'toString' '()Ljava/lang/String;' in 'java/net/URL')}
  0x000002224e1de140: 8bc2 48be | 3815 1764 | 2202 0000 | 4883 8610 | 0100 0001 

  0x000002224e1de154: ;   {metadata(method data for {method} {0x000002220042d6b0} 'toExternalForm' '()Ljava/lang/String;' in 'java/net/URL')}
  0x000002224e1de154: 49b8 6096 | 1264 2202 | 0000 418b | b0cc 0000 | 0083 c602 | 4189 b0cc | 0000 0081 | e6fe ff1f 
  0x000002224e1de174: 0085 f60f | 84e7 0100 | 008b 7238 | 48c1 e603 

  0x000002224e1de184: ; implicit exception: dispatches to 0x000002224e1de385
  0x000002224e1de184: 483b 064c 

  0x000002224e1de188: ;   {metadata(method data for {method} {0x000002220042d6b0} 'toExternalForm' '()Ljava/lang/String;' in 'java/net/URL')}
  0x000002224e1de188: 8bc6 48bf | 6096 1264 | 2202 0000 | 458b 4008 | 49ba 0000 | 0000 2202 | 0000 4d03 | c24c 3b87 
  0x000002224e1de1a8: 2001 0000 | 750d 4883 | 8728 0100 | 0001 e960 | 0000 004c | 3b87 3001 | 0000 750d | 4883 8738 
  0x000002224e1de1c8: 0100 0001 | e94a 0000 | 0048 83bf | 2001 0000 | 0075 174c | 8987 2001 | 0000 48c7 | 8728 0100 
  0x000002224e1de1e8: 0001 0000 | 00e9 2900 | 0000 4883 | bf30 0100 | 0000 7517 | 4c89 8730 | 0100 0048 | c787 3801 
  0x000002224e1de208: 0000 0100 | 0000 e908 | 0000 0048 | 8387 1001 | 0000 014c | 8bc2 488b | d666 0f1f 

  0x000002224e1de224: ;   {optimized virtual_call}
  0x000002224e1de224: 4400 00e8 

  0x000002224e1de228: ; ImmutableOopMap {[120]=Oop [128]=Oop [136]=Oop [152]=Oop }
                      ;*invokevirtual toExternalForm {reexecute=0 rethrow=0 return_oop=0}
                      ; - java.net.URL::toExternalForm@5 (line 1203)
                      ; - java.net.URL::toString@1 (line 1189)
                      ; - java.lang.ClassLoader::defineClassSourceLocation@22 (line 927)
                      ; - java.lang.ClassLoader::defineClass@12 (line 1026)
  0x000002224e1de228: 7451 eaff 

  0x000002224e1de22c: ;   {other}
  0x000002224e1de22c: 0f1f 8400 | 1c05 0001 | 488b d848 | 8b84 2498 | 0000 008b | b424 9400 | 0000 8bbc | 2490 0000 
  0x000002224e1de24c: 004c 8b8c | 2488 0000 | 004c 8b84 | 2480 0000 | 0048 8b54 

  0x000002224e1de260: ;   {metadata(method data for {method} {0x0000022200439db0} 'defineClass' '(Ljava/lang/String;[BIILjava/security/ProtectionDomain;)Ljava/lang/Class;' in 'java/lang/ClassLoader')}
  0x000002224e1de260: 2478 48b9 | 700a 1964 | 2202 0000 | 4883 8180 | 0100 0001 | 4c8b da49 | 8bd3 488b | c848 891c 
  0x000002224e1de280: 2466 0f1f 

  0x000002224e1de284: ;   {static_call}
  0x000002224e1de284: 4400 00e8 

  0x000002224e1de288: ; ImmutableOopMap {[120]=Oop [152]=Oop }
                      ;*invokestatic defineClass1 {reexecute=0 rethrow=0 return_oop=0}
                      ; - java.lang.ClassLoader::defineClass@27 (line 1027)
  0x000002224e1de288: 54fa 8b07 

  0x000002224e1de28c: ;   {other}
  0x000002224e1de28c: 0f1f 8400 | 7c05 0002 | 488b 5424 

  0x000002224e1de298: ;   {metadata(method data for {method} {0x0000022200439db0} 'defineClass' '(Ljava/lang/String;[BIILjava/security/ProtectionDomain;)Ljava/lang/Class;' in 'java/lang/ClassLoader')}
  0x000002224e1de298: 7849 b870 | 0a19 6422 | 0200 0049 | 8380 9001 | 0000 014c | 8bc0 4c8b | 8c24 9800 | 0000 488b 
  0x000002224e1de2b8: 5424 7848 | 8984 24a0 | 0000 000f 

  0x000002224e1de2c4: ;   {optimized virtual_call}
  0x000002224e1de2c4: 1f40 00e8 

  0x000002224e1de2c8: ; ImmutableOopMap {[160]=Oop }
                      ;*invokevirtual postDefineClass {reexecute=0 rethrow=0 return_oop=0}
                      ; - java.lang.ClassLoader::defineClass@37 (line 1028)
  0x000002224e1de2c8: 546d f3ff 

  0x000002224e1de2cc: ;   {other}
  0x000002224e1de2cc: 0f1f 8400 | bc05 0003 | 488b 8424 | a000 0000 | 4881 c4b0 | 0000 005d 

  0x000002224e1de2e4: ;   {poll_return}
  0x000002224e1de2e4: 493b a748 | 0400 000f | 8799 0000 

  0x000002224e1de2f0: ;   {metadata({method} {0x0000022200439db0} 'defineClass' '(Ljava/lang/String;[BIILjava/security/ProtectionDomain;)Ljava/lang/Class;' in 'java/lang/ClassLoader')}
  0x000002224e1de2f0: 00c3 49ba | a89d 4300 | 2202 0000 | 4c89 5424 | 0848 c704 | 24ff ffff 

  0x000002224e1de308: ;   {runtime_call counter_overflow Runtime1 stub}
  0x000002224e1de308: ffe8 f29c 

  0x000002224e1de30c: ; ImmutableOopMap {rdx=Oop r8=Oop r9=Oop rcx=Oop [120]=Oop }
                      ;*synchronization entry
                      ; - java.lang.ClassLoader::defineClass@-1 (line 1025)
  0x000002224e1de30c: 4107 e977 

  0x000002224e1de310: ;   {metadata({method} {0x0000022200439a98} 'defineClassSourceLocation' '(Ljava/security/ProtectionDomain;)Ljava/lang/String;' in 'java/lang/ClassLoader')}
  0x000002224e1de310: fcff ff49 | ba90 9a43 | 0022 0200 | 004c 8954 | 2408 48c7 | 0424 ffff 

  0x000002224e1de328: ;   {runtime_call counter_overflow Runtime1 stub}
  0x000002224e1de328: ffff e8d1 

  0x000002224e1de32c: ; ImmutableOopMap {rax=Oop [120]=Oop [128]=Oop [136]=Oop [152]=Oop }
                      ;*synchronization entry
                      ; - java.lang.ClassLoader::defineClassSourceLocation@-1 (line 924)
                      ; - java.lang.ClassLoader::defineClass@12 (line 1026)
  0x000002224e1de32c: 9c41 07e9 | f0fc ffff 

  0x000002224e1de334: ;   {runtime_call throw_null_pointer_exception Runtime1 stub}
  0x000002224e1de334: e8c7 4b41 

  0x000002224e1de338: ; ImmutableOopMap {rax=Oop [120]=Oop [128]=Oop [136]=Oop [152]=Oop }
                      ;*invokevirtual getCodeSource {reexecute=0 rethrow=0 return_oop=0}
                      ; - java.lang.ClassLoader::defineClassSourceLocation@1 (line 924)
                      ; - java.lang.ClassLoader::defineClass@12 (line 1026)
                      ;   {runtime_call throw_null_pointer_exception Runtime1 stub}
  0x000002224e1de338: 07e8 c24b 

  0x000002224e1de33c: ; ImmutableOopMap {rax=Oop r8=Oop [120]=Oop [128]=Oop [136]=Oop [152]=Oop }
                      ;*invokevirtual getLocation {reexecute=0 rethrow=0 return_oop=0}
                      ; - java.lang.ClassLoader::defineClassSourceLocation@12 (line 926)
                      ; - java.lang.ClassLoader::defineClass@12 (line 1026)
                      ;   {runtime_call throw_null_pointer_exception Runtime1 stub}
  0x000002224e1de33c: 4107 e8bd 

  0x000002224e1de340: ; ImmutableOopMap {rdx=Oop [120]=Oop [128]=Oop [136]=Oop [152]=Oop }
                      ;*invokevirtual toString {reexecute=0 rethrow=0 return_oop=0}
                      ; - java.lang.ClassLoader::defineClassSourceLocation@22 (line 927)
                      ; - java.lang.ClassLoader::defineClass@12 (line 1026)
                      ;   {metadata({method} {0x000002220001a7c0} 'toString' '()Ljava/lang/String;' in 'java/net/URL')}
  0x000002224e1de340: 4b41 0749 | bab8 a701 | 0022 0200 | 004c 8954 | 2408 48c7 | 0424 ffff 

  0x000002224e1de358: ;   {runtime_call counter_overflow Runtime1 stub}
  0x000002224e1de358: ffff e8a1 

  0x000002224e1de35c: ; ImmutableOopMap {rdx=Oop [120]=Oop [128]=Oop [136]=Oop [152]=Oop }
                      ;*synchronization entry
                      ; - java.net.URL::toString@-1 (line 1189)
                      ; - java.lang.ClassLoader::defineClassSourceLocation@22 (line 927)
                      ; - java.lang.ClassLoader::defineClass@12 (line 1026)
  0x000002224e1de35c: 9c41 07e9 | dbfd ffff 

  0x000002224e1de364: ;   {metadata({method} {0x000002220042d6b0} 'toExternalForm' '()Ljava/lang/String;' in 'java/net/URL')}
  0x000002224e1de364: 49ba a8d6 | 4200 2202 | 0000 4c89 | 5424 0848 | c704 24ff 

  0x000002224e1de378: ;   {runtime_call counter_overflow Runtime1 stub}
  0x000002224e1de378: ffff ffe8 

  0x000002224e1de37c: ; ImmutableOopMap {rdx=Oop [120]=Oop [128]=Oop [136]=Oop [152]=Oop }
                      ;*synchronization entry
                      ; - java.net.URL::toExternalForm@-1 (line 1203)
                      ; - java.net.URL::toString@1 (line 1189)
                      ; - java.lang.ClassLoader::defineClassSourceLocation@22 (line 927)
                      ; - java.lang.ClassLoader::defineClass@12 (line 1026)
  0x000002224e1de37c: 809c 4107 | e9f8 fdff 

  0x000002224e1de384: ;   {runtime_call throw_null_pointer_exception Runtime1 stub}
  0x000002224e1de384: ffe8 764b 

  0x000002224e1de388: ; ImmutableOopMap {rdx=Oop rsi=Oop [120]=Oop [128]=Oop [136]=Oop [152]=Oop }
                      ;*invokevirtual toExternalForm {reexecute=0 rethrow=0 return_oop=0}
                      ; - java.net.URL::toExternalForm@5 (line 1203)
                      ; - java.net.URL::toString@1 (line 1189)
                      ; - java.lang.ClassLoader::defineClassSourceLocation@22 (line 927)
                      ; - java.lang.ClassLoader::defineClass@12 (line 1026)
                      ;   {internal_word}
  0x000002224e1de388: 4107 49ba | e4e2 1d4e | 2202 0000 | 4d89 9760 

  0x000002224e1de398: ;   {runtime_call SafepointBlob}
  0x000002224e1de398: 0400 00e9 | 6073 3407 | 498b 87f8 | 0400 0049 | c787 f804 | 0000 0000 | 0000 49c7 | 8700 0500 
  0x000002224e1de3b8: 0000 0000 | 0048 81c4 | b000 0000 

  0x000002224e1de3c4: ;   {runtime_call unwind_exception Runtime1 stub}
  0x000002224e1de3c4: 5de9 363c | 4107 f4f4 | f4f4 f4f4 
[Stub Code]
  0x000002224e1de3d0: ;   {no_reloc}
  0x000002224e1de3d0: 0f1f 4400 

  0x000002224e1de3d4: ;   {static_stub}
  0x000002224e1de3d4: 0048 bb00 | 0000 0000 

  0x000002224e1de3dc: ;   {runtime_call}
  0x000002224e1de3dc: 0000 00e9 | fbff ffff 

  0x000002224e1de3e4: ;   {static_stub}
  0x000002224e1de3e4: 48bb 0000 | 0000 0000 

  0x000002224e1de3ec: ;   {runtime_call}
  0x000002224e1de3ec: 0000 e9fb 

  0x000002224e1de3f0: ;   {static_stub}
  0x000002224e1de3f0: ffff ff48 | bb00 0000 | 0000 0000 

  0x000002224e1de3fc: ;   {runtime_call}
  0x000002224e1de3fc: 00e9 fbff 

  0x000002224e1de400: ;   {static_stub}
  0x000002224e1de400: ffff 48bb | 0000 0000 | 0000 0000 

  0x000002224e1de40c: ;   {runtime_call}
  0x000002224e1de40c: e9fb ffff 

  0x000002224e1de410: ;   {runtime_call handle_exception_from_callee Runtime1 stub}
  0x000002224e1de410: ffe8 ea68 

  0x000002224e1de414: ;   {external_word}
  0x000002224e1de414: 4107 48b9 | b048 588f | f97f 0000 | 4883 e4f0 

  0x000002224e1de424: ;   {runtime_call}
  0x000002224e1de424: 48b8 202f | 208f f97f | 0000 ffd0 

  0x000002224e1de430: ;   {section_word}
  0x000002224e1de430: f449 ba31 | e41d 4e22 | 0200 0041 

  0x000002224e1de43c: ;   {runtime_call DeoptimizationBlob}
  0x000002224e1de43c: 52e9 5e65 | 3407 f4f4 | f4f4 f4f4 
[/MachCode]


Compiled method (c1)   22055  908       3       java.security.SecureClassLoader::defineClass (16 bytes)
 total in heap  [0x000002224e155590,0x000002224e155990] = 1024
 relocation     [0x000002224e1556f0,0x000002224e155740] = 80
 main code      [0x000002224e155740,0x000002224e155898] = 344
 stub code      [0x000002224e155898,0x000002224e1558e8] = 80
 metadata       [0x000002224e1558e8,0x000002224e1558f0] = 8
 scopes data    [0x000002224e1558f0,0x000002224e155938] = 72
 scopes pcs     [0x000002224e155938,0x000002224e155988] = 80
 dependencies   [0x000002224e155988,0x000002224e155990] = 8

[Constant Pool (empty)]

[MachCode]
[Entry Point]
  # {method} {0x000002220004d370} 'defineClass' '(Ljava/lang/String;[BIILjava/security/CodeSource;)Ljava/lang/Class;' in 'java/security/SecureClassLoader'
  # this:     rdx:rdx   = 'java/security/SecureClassLoader'
  # parm0:    r8:r8     = 'java/lang/String'
  # parm1:    r9:r9     = '[B'
  # parm2:    rdi       = int
  # parm3:    rsi       = int
  # parm4:    rcx:rcx   = 'java/security/CodeSource'
  #           [sp+0x80]  (sp of caller)
  0x000002224e155740: 448b 5208 | 49bb 0000 | 0000 2202 | 0000 4d03 | d34c 3bd0 

  0x000002224e155754: ;   {runtime_call ic_miss_stub}
  0x000002224e155754: 0f85 2690 | 3c07 660f | 1f44 0000 
[Verified Entry Point]
  0x000002224e155760: 8984 2400 | 80ff ff55 | 4883 ec70 | 4181 7f20 | 0100 0000 

  0x000002224e155774: ;   {runtime_call StubRoutines (final stubs)}
  0x000002224e155774: 7405 e8e5 

  0x000002224e155778: ;   {metadata(method data for {method} {0x000002220004d370} 'defineClass' '(Ljava/lang/String;[BIILjava/security/CodeSource;)Ljava/lang/Class;' in 'java/security/SecureClassLoader')}
  0x000002224e155778: f53a 0748 | bbd0 c817 | 6422 0200 | 008b 83cc | 0000 0083 | c002 8983 | cc00 0000 | 25fe 0700 
  0x000002224e155798: 0085 c00f | 8496 0000 | 0089 7424 | 5c89 7c24 | 584c 894c | 2450 4c89 | 4424 4848 

  0x000002224e1557b4: ;   {metadata(method data for {method} {0x000002220004d370} 'defineClass' '(Ljava/lang/String;[BIILjava/security/CodeSource;)Ljava/lang/Class;' in 'java/security/SecureClassLoader')}
  0x000002224e1557b4: 8bda 48b8 | d0c8 1764 | 2202 0000 | 4883 8010 | 0100 0001 | 4c8b c148 | 8bc2 488b | d048 8944 
  0x000002224e1557d4: ;   {optimized virtual_call}
  0x000002224e1557d4: 2440 90e8 

  0x000002224e1557d8: ; ImmutableOopMap {[64]=Oop [72]=Oop [80]=Oop }
                      ;*invokevirtual getProtectionDomain {reexecute=0 rethrow=0 return_oop=0}
                      ; - java.security.SecureClassLoader::defineClass@9 (line 150)
  0x000002224e1557d8: 4436 ffff 

  0x000002224e1557dc: ;   {other}
  0x000002224e1557dc: 0f1f 8400 | 4c02 0000 | 488b 5424 

  0x000002224e1557e8: ;   {metadata(method data for {method} {0x000002220004d370} 'defineClass' '(Ljava/lang/String;[BIILjava/security/CodeSource;)Ljava/lang/Class;' in 'java/security/SecureClassLoader')}
  0x000002224e1557e8: 4049 b8d0 | c817 6422 | 0200 0049 | 8380 4801 | 0000 014c | 8b44 2448 | 4c8b 4c24 | 508b 7c24 
  0x000002224e155808: 588b 7424 | 5c48 8bc8 | 488b 5424 

  0x000002224e155814: ;   {optimized virtual_call}
  0x000002224e155814: 4066 90e8 

  0x000002224e155818: ; ImmutableOopMap {}
                      ;*invokevirtual defineClass {reexecute=0 rethrow=0 return_oop=0}
                      ; - java.security.SecureClassLoader::defineClass@12 (line 150)
  0x000002224e155818: 2487 0800 

  0x000002224e15581c: ;   {other}
  0x000002224e15581c: 0f1f 8400 | 8c02 0001 | 4883 c470 

  0x000002224e155828: ;   {poll_return}
  0x000002224e155828: 5d49 3ba7 | 4804 0000 | 0f87 2200 

  0x000002224e155834: ;   {metadata({method} {0x000002220004d370} 'defineClass' '(Ljava/lang/String;[BIILjava/security/CodeSource;)Ljava/lang/Class;' in 'java/security/SecureClassLoader')}
  0x000002224e155834: 0000 c349 | ba68 d304 | 0022 0200 | 004c 8954 | 2408 48c7 | 0424 ffff 

  0x000002224e15584c: ;   {runtime_call counter_overflow Runtime1 stub}
  0x000002224e15584c: ffff e8ad 

  0x000002224e155850: ; ImmutableOopMap {rdx=Oop r8=Oop r9=Oop rcx=Oop }
                      ;*synchronization entry
                      ; - java.security.SecureClassLoader::defineClass@-1 (line 150)
  0x000002224e155850: 274a 07e9 | 49ff ffff 

  0x000002224e155858: ;   {internal_word}
  0x000002224e155858: 49ba 2958 | 154e 2202 | 0000 4d89 | 9760 0400 

  0x000002224e155868: ;   {runtime_call SafepointBlob}
  0x000002224e155868: 00e9 92fe | 3c07 498b | 87f8 0400 | 0049 c787 | f804 0000 | 0000 0000 | 49c7 8700 | 0500 0000 
  0x000002224e155888: 0000 0048 | 83c4 705d 

  0x000002224e155890: ;   {runtime_call unwind_exception Runtime1 stub}
  0x000002224e155890: e96b c749 | 07f4 f4f4 
[Stub Code]
  0x000002224e155898: ;   {no_reloc}
  0x000002224e155898: 48bb 0000 | 0000 0000 

  0x000002224e1558a0: ;   {runtime_call}
  0x000002224e1558a0: 0000 e9fb 

  0x000002224e1558a4: ;   {static_stub}
  0x000002224e1558a4: ffff ff48 | bba8 9d43 | 0022 0200 

  0x000002224e1558b0: ;   {runtime_call I2C/C2I adapters}
  0x000002224e1558b0: 00e9 bfb8 

  0x000002224e1558b4: ;   {runtime_call handle_exception_from_callee Runtime1 stub}
  0x000002224e1558b4: 3b07 e845 

  0x000002224e1558b8: ;   {external_word}
  0x000002224e1558b8: f449 0748 | b9b0 4858 | 8ff9 7f00 | 0048 83e4 

  0x000002224e1558c8: ;   {runtime_call}
  0x000002224e1558c8: f048 b820 | 2f20 8ff9 | 7f00 00ff 

  0x000002224e1558d4: ;   {section_word}
  0x000002224e1558d4: d0f4 49ba | d658 154e | 2202 0000 

  0x000002224e1558e0: ;   {runtime_call DeoptimizationBlob}
  0x000002224e1558e0: 4152 e9b9 | f03c 07f4 
[/MachCode]


---------------  P R O C E S S  ---------------

Threads class SMR info:
_java_thread_list=0x0000022268750aa0, length=11, elements={
0x0000022243993150, 0x00000222636199f0, 0x000002226361ae00, 0x000002226361dd70,
0x000002226361e7c0, 0x000002226361f210, 0x000002226361fc60, 0x0000022263624a00,
0x0000022263691570, 0x000002226380d1c0, 0x000002226380f9f0
}

Java Threads: ( => current thread )
=>0x0000022243993150 JavaThread "main"                              [_thread_in_vm, id=24112, stack(0x000000bfc0a00000,0x000000bfc0b00000) (1024K)]
  0x00000222636199f0 JavaThread "Reference Handler"          daemon [_thread_blocked, id=9656, stack(0x000000bfc1200000,0x000000bfc1300000) (1024K)]
  0x000002226361ae00 JavaThread "Finalizer"                  daemon [_thread_blocked, id=23508, stack(0x000000bfc1300000,0x000000bfc1400000) (1024K)]
  0x000002226361dd70 JavaThread "Signal Dispatcher"          daemon [_thread_blocked, id=25916, stack(0x000000bfc1400000,0x000000bfc1500000) (1024K)]
  0x000002226361e7c0 JavaThread "Attach Listener"            daemon [_thread_blocked, id=20960, stack(0x000000bfc1500000,0x000000bfc1600000) (1024K)]
  0x000002226361f210 JavaThread "Service Thread"             daemon [_thread_blocked, id=15556, stack(0x000000bfc1600000,0x000000bfc1700000) (1024K)]
  0x000002226361fc60 JavaThread "Monitor Deflation Thread"   daemon [_thread_blocked, id=7284, stack(0x000000bfc1700000,0x000000bfc1800000) (1024K)]
  0x0000022263624a00 JavaThread "C2 CompilerThread0"         daemon [_thread_blocked, id=23216, stack(0x000000bfc1800000,0x000000bfc1900000) (1024K)]
  0x0000022263691570 JavaThread "C1 CompilerThread0"         daemon [_thread_blocked, id=27312, stack(0x000000bfc1900000,0x000000bfc1a00000) (1024K)]
  0x000002226380d1c0 JavaThread "Notification Thread"        daemon [_thread_blocked, id=28352, stack(0x000000bfc1a00000,0x000000bfc1b00000) (1024K)]
  0x000002226380f9f0 JavaThread "Common-Cleaner"             daemon [_thread_blocked, id=16108, stack(0x000000bfc1b00000,0x000000bfc1c00000) (1024K)]
Total: 11

Other Threads:
  0x00000222635fe820 VMThread "VM Thread"                           [id=24380, stack(0x000000bfc1100000,0x000000bfc1200000) (1024K)] _threads_hazard_ptr=0x0000022268750aa0
  0x00000222635ee1b0 WatcherThread "VM Periodic Task Thread"        [id=1048, stack(0x000000bfc1000000,0x000000bfc1100000) (1024K)]
  0x0000022245b4e520 WorkerThread "GC Thread#0"                     [id=7120, stack(0x000000bfc0b00000,0x000000bfc0c00000) (1024K)]
  0x0000022263892f20 WorkerThread "GC Thread#1"                     [id=31568, stack(0x000000bfc1e00000,0x000000bfc1f00000) (1024K)]
  0x00000222638932c0 WorkerThread "GC Thread#2"                     [id=31704, stack(0x000000bfc1f00000,0x000000bfc2000000) (1024K)]
  0x0000022263893660 WorkerThread "GC Thread#3"                     [id=32204, stack(0x000000bfc2000000,0x000000bfc2100000) (1024K)]
  0x000002226385fc30 WorkerThread "GC Thread#4"                     [id=32124, stack(0x000000bfc2100000,0x000000bfc2200000) (1024K)]
  0x000002226385ffd0 WorkerThread "GC Thread#5"                     [id=28600, stack(0x000000bfc2200000,0x000000bfc2300000) (1024K)]
  0x000002226862a690 WorkerThread "GC Thread#6"                     [id=1080, stack(0x000000bfc2300000,0x000000bfc2400000) (1024K)]
  0x000002226862aa30 WorkerThread "GC Thread#7"                     [id=6060, stack(0x000000bfc2400000,0x000000bfc2500000) (1024K)]
  0x0000022245b5b450 ConcurrentGCThread "G1 Main Marker"            [id=19816, stack(0x000000bfc0c00000,0x000000bfc0d00000) (1024K)]
  0x0000022245b5bf50 WorkerThread "G1 Conc#0"                       [id=30692, stack(0x000000bfc0d00000,0x000000bfc0e00000) (1024K)]
  0x0000022245bcd0f0 ConcurrentGCThread "G1 Refine#0"               [id=25128, stack(0x000000bfc0e00000,0x000000bfc0f00000) (1024K)]
  0x0000022245bcdc60 ConcurrentGCThread "G1 Service"                [id=16292, stack(0x000000bfc0f00000,0x000000bfc1000000) (1024K)]
Total: 14

Threads with active compile tasks:
Total: 0

VM state: synchronizing (normal execution)

VM Mutex/Monitor currently owned by a thread:  ([mutex/lock_event])
[0x00007ff98f81be50] Metaspace_lock - owner thread: 0x0000022243993150
[0x00007ff98f81de50] Threads_lock - owner thread: 0x00000222635fe820

Heap address: 0x0000000748c00000, size: 2932 MB, Compressed Oops mode: Zero based, Oop shift amount: 3

CDS archive(s) mapped at: [0x0000022200000000-0x0000022200c90000-0x0000022200c90000), size 13172736, SharedBaseAddress: 0x0000022200000000, ArchiveRelocationMode: 1.
Compressed class space mapped at: 0x0000022201000000-0x0000022241000000, reserved size: 1073741824
Narrow klass base: 0x0000022200000000, Narrow klass shift: 0, Narrow klass range: 0x100000000

GC Precious Log:
 CardTable entry size: 512
 Card Set container configuration: InlinePtr #cards 4 size 8 Array Of Cards #cards 16 size 48 Howl #buckets 8 coarsen threshold 3686 Howl Bitmap #cards 512 size 80 coarsen threshold 460 Card regions per heap region 1 cards per card region 4096
 CPUs: 8 total, 8 available
 Memory: 11723M
 Large Page Support: Disabled
 NUMA Support: Disabled
 Compressed Oops: Enabled (Zero based)
 Heap Region Size: 2M
 Heap Min Capacity: 8M
 Heap Initial Capacity: 184M
 Heap Max Capacity: 2932M
 Pre-touch: Disabled
 Parallel Workers: 8
 Concurrent Workers: 2
 Concurrent Refinement Workers: 8
 Periodic GC: Disabled

Heap:
 garbage-first heap   total 188416K, used 24320K [0x0000000748c00000, 0x0000000800000000)
  region size 2048K, 13 young (26624K), 2 survivors (4096K)
 Metaspace       used 7915K, committed 8064K, reserved 1114112K
  class space    used 908K, committed 1024K, reserved 1048576K

Heap Regions: E=young(eden), S=young(survivor), O=old, HS=humongous(starts), HC=humongous(continues), CS=collection set, F=free, TAMS=top-at-mark-start, PB=parsable bottom
|   0|0x0000000748c00000, 0x0000000748c00000, 0x0000000748e00000|  0%| F|  |TAMS 0x0000000748c00000| PB 0x0000000748c00000| Untracked 
|   1|0x0000000748e00000, 0x0000000748e00000, 0x0000000749000000|  0%| F|  |TAMS 0x0000000748e00000| PB 0x0000000748e00000| Untracked 
|   2|0x0000000749000000, 0x0000000749000000, 0x0000000749200000|  0%| F|  |TAMS 0x0000000749000000| PB 0x0000000749000000| Untracked 
|   3|0x0000000749200000, 0x0000000749200000, 0x0000000749400000|  0%| F|  |TAMS 0x0000000749200000| PB 0x0000000749200000| Untracked 
|   4|0x0000000749400000, 0x0000000749400000, 0x0000000749600000|  0%| F|  |TAMS 0x0000000749400000| PB 0x0000000749400000| Untracked 
|   5|0x0000000749600000, 0x0000000749600000, 0x0000000749800000|  0%| F|  |TAMS 0x0000000749600000| PB 0x0000000749600000| Untracked 
|   6|0x0000000749800000, 0x0000000749800000, 0x0000000749a00000|  0%| F|  |TAMS 0x0000000749800000| PB 0x0000000749800000| Untracked 
|   7|0x0000000749a00000, 0x0000000749a00000, 0x0000000749c00000|  0%| F|  |TAMS 0x0000000749a00000| PB 0x0000000749a00000| Untracked 
|   8|0x0000000749c00000, 0x0000000749c00000, 0x0000000749e00000|  0%| F|  |TAMS 0x0000000749c00000| PB 0x0000000749c00000| Untracked 
|   9|0x0000000749e00000, 0x0000000749e00000, 0x000000074a000000|  0%| F|  |TAMS 0x0000000749e00000| PB 0x0000000749e00000| Untracked 
|  10|0x000000074a000000, 0x000000074a000000, 0x000000074a200000|  0%| F|  |TAMS 0x000000074a000000| PB 0x000000074a000000| Untracked 
|  11|0x000000074a200000, 0x000000074a200000, 0x000000074a400000|  0%| F|  |TAMS 0x000000074a200000| PB 0x000000074a200000| Untracked 
|  12|0x000000074a400000, 0x000000074a400000, 0x000000074a600000|  0%| F|  |TAMS 0x000000074a400000| PB 0x000000074a400000| Untracked 
|  13|0x000000074a600000, 0x000000074a600000, 0x000000074a800000|  0%| F|  |TAMS 0x000000074a600000| PB 0x000000074a600000| Untracked 
|  14|0x000000074a800000, 0x000000074a800000, 0x000000074aa00000|  0%| F|  |TAMS 0x000000074a800000| PB 0x000000074a800000| Untracked 
|  15|0x000000074aa00000, 0x000000074aa00000, 0x000000074ac00000|  0%| F|  |TAMS 0x000000074aa00000| PB 0x000000074aa00000| Untracked 
|  16|0x000000074ac00000, 0x000000074ac00000, 0x000000074ae00000|  0%| F|  |TAMS 0x000000074ac00000| PB 0x000000074ac00000| Untracked 
|  17|0x000000074ae00000, 0x000000074ae00000, 0x000000074b000000|  0%| F|  |TAMS 0x000000074ae00000| PB 0x000000074ae00000| Untracked 
|  18|0x000000074b000000, 0x000000074b000000, 0x000000074b200000|  0%| F|  |TAMS 0x000000074b000000| PB 0x000000074b000000| Untracked 
|  19|0x000000074b200000, 0x000000074b200000, 0x000000074b400000|  0%| F|  |TAMS 0x000000074b200000| PB 0x000000074b200000| Untracked 
|  20|0x000000074b400000, 0x000000074b400000, 0x000000074b600000|  0%| F|  |TAMS 0x000000074b400000| PB 0x000000074b400000| Untracked 
|  21|0x000000074b600000, 0x000000074b600000, 0x000000074b800000|  0%| F|  |TAMS 0x000000074b600000| PB 0x000000074b600000| Untracked 
|  22|0x000000074b800000, 0x000000074b800000, 0x000000074ba00000|  0%| F|  |TAMS 0x000000074b800000| PB 0x000000074b800000| Untracked 
|  23|0x000000074ba00000, 0x000000074ba00000, 0x000000074bc00000|  0%| F|  |TAMS 0x000000074ba00000| PB 0x000000074ba00000| Untracked 
|  24|0x000000074bc00000, 0x000000074bc00000, 0x000000074be00000|  0%| F|  |TAMS 0x000000074bc00000| PB 0x000000074bc00000| Untracked 
|  25|0x000000074be00000, 0x000000074be00000, 0x000000074c000000|  0%| F|  |TAMS 0x000000074be00000| PB 0x000000074be00000| Untracked 
|  26|0x000000074c000000, 0x000000074c000000, 0x000000074c200000|  0%| F|  |TAMS 0x000000074c000000| PB 0x000000074c000000| Untracked 
|  27|0x000000074c200000, 0x000000074c200000, 0x000000074c400000|  0%| F|  |TAMS 0x000000074c200000| PB 0x000000074c200000| Untracked 
|  28|0x000000074c400000, 0x000000074c400000, 0x000000074c600000|  0%| F|  |TAMS 0x000000074c400000| PB 0x000000074c400000| Untracked 
|  29|0x000000074c600000, 0x000000074c600000, 0x000000074c800000|  0%| F|  |TAMS 0x000000074c600000| PB 0x000000074c600000| Untracked 
|  30|0x000000074c800000, 0x000000074c800000, 0x000000074ca00000|  0%| F|  |TAMS 0x000000074c800000| PB 0x000000074c800000| Untracked 
|  31|0x000000074ca00000, 0x000000074ca00000, 0x000000074cc00000|  0%| F|  |TAMS 0x000000074ca00000| PB 0x000000074ca00000| Untracked 
|  32|0x000000074cc00000, 0x000000074cc00000, 0x000000074ce00000|  0%| F|  |TAMS 0x000000074cc00000| PB 0x000000074cc00000| Untracked 
|  33|0x000000074ce00000, 0x000000074ce00000, 0x000000074d000000|  0%| F|  |TAMS 0x000000074ce00000| PB 0x000000074ce00000| Untracked 
|  34|0x000000074d000000, 0x000000074d000000, 0x000000074d200000|  0%| F|  |TAMS 0x000000074d000000| PB 0x000000074d000000| Untracked 
|  35|0x000000074d200000, 0x000000074d200000, 0x000000074d400000|  0%| F|  |TAMS 0x000000074d200000| PB 0x000000074d200000| Untracked 
|  36|0x000000074d400000, 0x000000074d400000, 0x000000074d600000|  0%| F|  |TAMS 0x000000074d400000| PB 0x000000074d400000| Untracked 
|  37|0x000000074d600000, 0x000000074d600000, 0x000000074d800000|  0%| F|  |TAMS 0x000000074d600000| PB 0x000000074d600000| Untracked 
|  38|0x000000074d800000, 0x000000074d800000, 0x000000074da00000|  0%| F|  |TAMS 0x000000074d800000| PB 0x000000074d800000| Untracked 
|  39|0x000000074da00000, 0x000000074da00000, 0x000000074dc00000|  0%| F|  |TAMS 0x000000074da00000| PB 0x000000074da00000| Untracked 
|  40|0x000000074dc00000, 0x000000074dc00000, 0x000000074de00000|  0%| F|  |TAMS 0x000000074dc00000| PB 0x000000074dc00000| Untracked 
|  41|0x000000074de00000, 0x000000074de00000, 0x000000074e000000|  0%| F|  |TAMS 0x000000074de00000| PB 0x000000074de00000| Untracked 
|  42|0x000000074e000000, 0x000000074e000000, 0x000000074e200000|  0%| F|  |TAMS 0x000000074e000000| PB 0x000000074e000000| Untracked 
|  43|0x000000074e200000, 0x000000074e200000, 0x000000074e400000|  0%| F|  |TAMS 0x000000074e200000| PB 0x000000074e200000| Untracked 
|  44|0x000000074e400000, 0x000000074e400000, 0x000000074e600000|  0%| F|  |TAMS 0x000000074e400000| PB 0x000000074e400000| Untracked 
|  45|0x000000074e600000, 0x000000074e600000, 0x000000074e800000|  0%| F|  |TAMS 0x000000074e600000| PB 0x000000074e600000| Untracked 
|  46|0x000000074e800000, 0x000000074e800000, 0x000000074ea00000|  0%| F|  |TAMS 0x000000074e800000| PB 0x000000074e800000| Untracked 
|  47|0x000000074ea00000, 0x000000074ea00000, 0x000000074ec00000|  0%| F|  |TAMS 0x000000074ea00000| PB 0x000000074ea00000| Untracked 
|  48|0x000000074ec00000, 0x000000074ec00000, 0x000000074ee00000|  0%| F|  |TAMS 0x000000074ec00000| PB 0x000000074ec00000| Untracked 
|  49|0x000000074ee00000, 0x000000074ee00000, 0x000000074f000000|  0%| F|  |TAMS 0x000000074ee00000| PB 0x000000074ee00000| Untracked 
|  50|0x000000074f000000, 0x000000074f000000, 0x000000074f200000|  0%| F|  |TAMS 0x000000074f000000| PB 0x000000074f000000| Untracked 
|  51|0x000000074f200000, 0x000000074f200000, 0x000000074f400000|  0%| F|  |TAMS 0x000000074f200000| PB 0x000000074f200000| Untracked 
|  52|0x000000074f400000, 0x000000074f400000, 0x000000074f600000|  0%| F|  |TAMS 0x000000074f400000| PB 0x000000074f400000| Untracked 
|  53|0x000000074f600000, 0x000000074f600000, 0x000000074f800000|  0%| F|  |TAMS 0x000000074f600000| PB 0x000000074f600000| Untracked 
|  54|0x000000074f800000, 0x000000074f800000, 0x000000074fa00000|  0%| F|  |TAMS 0x000000074f800000| PB 0x000000074f800000| Untracked 
|  55|0x000000074fa00000, 0x000000074fa00000, 0x000000074fc00000|  0%| F|  |TAMS 0x000000074fa00000| PB 0x000000074fa00000| Untracked 
|  56|0x000000074fc00000, 0x000000074fc00000, 0x000000074fe00000|  0%| F|  |TAMS 0x000000074fc00000| PB 0x000000074fc00000| Untracked 
|  57|0x000000074fe00000, 0x000000074fe00000, 0x0000000750000000|  0%| F|  |TAMS 0x000000074fe00000| PB 0x000000074fe00000| Untracked 
|  58|0x0000000750000000, 0x0000000750000000, 0x0000000750200000|  0%| F|  |TAMS 0x0000000750000000| PB 0x0000000750000000| Untracked 
|  59|0x0000000750200000, 0x0000000750200000, 0x0000000750400000|  0%| F|  |TAMS 0x0000000750200000| PB 0x0000000750200000| Untracked 
|  60|0x0000000750400000, 0x0000000750400000, 0x0000000750600000|  0%| F|  |TAMS 0x0000000750400000| PB 0x0000000750400000| Untracked 
|  61|0x0000000750600000, 0x0000000750600000, 0x0000000750800000|  0%| F|  |TAMS 0x0000000750600000| PB 0x0000000750600000| Untracked 
|  62|0x0000000750800000, 0x0000000750800000, 0x0000000750a00000|  0%| F|  |TAMS 0x0000000750800000| PB 0x0000000750800000| Untracked 
|  63|0x0000000750a00000, 0x0000000750a00000, 0x0000000750c00000|  0%| F|  |TAMS 0x0000000750a00000| PB 0x0000000750a00000| Untracked 
|  64|0x0000000750c00000, 0x0000000750c00000, 0x0000000750e00000|  0%| F|  |TAMS 0x0000000750c00000| PB 0x0000000750c00000| Untracked 
|  65|0x0000000750e00000, 0x0000000750e00000, 0x0000000751000000|  0%| F|  |TAMS 0x0000000750e00000| PB 0x0000000750e00000| Untracked 
|  66|0x0000000751000000, 0x0000000751000000, 0x0000000751200000|  0%| F|  |TAMS 0x0000000751000000| PB 0x0000000751000000| Untracked 
|  67|0x0000000751200000, 0x0000000751200000, 0x0000000751400000|  0%| F|  |TAMS 0x0000000751200000| PB 0x0000000751200000| Untracked 
|  68|0x0000000751400000, 0x0000000751400000, 0x0000000751600000|  0%| F|  |TAMS 0x0000000751400000| PB 0x0000000751400000| Untracked 
|  69|0x0000000751600000, 0x0000000751600000, 0x0000000751800000|  0%| F|  |TAMS 0x0000000751600000| PB 0x0000000751600000| Untracked 
|  70|0x0000000751800000, 0x0000000751800000, 0x0000000751a00000|  0%| F|  |TAMS 0x0000000751800000| PB 0x0000000751800000| Untracked 
|  71|0x0000000751a00000, 0x0000000751a00000, 0x0000000751c00000|  0%| F|  |TAMS 0x0000000751a00000| PB 0x0000000751a00000| Untracked 
|  72|0x0000000751c00000, 0x0000000751c00000, 0x0000000751e00000|  0%| F|  |TAMS 0x0000000751c00000| PB 0x0000000751c00000| Untracked 
|  73|0x0000000751e00000, 0x0000000751e00000, 0x0000000752000000|  0%| F|  |TAMS 0x0000000751e00000| PB 0x0000000751e00000| Untracked 
|  74|0x0000000752000000, 0x0000000752000000, 0x0000000752200000|  0%| F|  |TAMS 0x0000000752000000| PB 0x0000000752000000| Untracked 
|  75|0x0000000752200000, 0x0000000752200000, 0x0000000752400000|  0%| F|  |TAMS 0x0000000752200000| PB 0x0000000752200000| Untracked 
|  76|0x0000000752400000, 0x0000000752400000, 0x0000000752600000|  0%| F|  |TAMS 0x0000000752400000| PB 0x0000000752400000| Untracked 
|  77|0x0000000752600000, 0x0000000752600000, 0x0000000752800000|  0%| F|  |TAMS 0x0000000752600000| PB 0x0000000752600000| Untracked 
|  78|0x0000000752800000, 0x0000000752800000, 0x0000000752a00000|  0%| F|  |TAMS 0x0000000752800000| PB 0x0000000752800000| Untracked 
|  79|0x0000000752a00000, 0x0000000752bc0000, 0x0000000752c00000| 87%| S|CS|TAMS 0x0000000752a00000| PB 0x0000000752a00000| Complete 
|  80|0x0000000752c00000, 0x0000000752e00000, 0x0000000752e00000|100%| S|CS|TAMS 0x0000000752c00000| PB 0x0000000752c00000| Complete 
|  81|0x0000000752e00000, 0x0000000752fc10c8, 0x0000000753000000| 87%| E|  |TAMS 0x0000000752e00000| PB 0x0000000752e00000| Complete 
|  82|0x0000000753000000, 0x0000000753200000, 0x0000000753200000|100%| E|CS|TAMS 0x0000000753000000| PB 0x0000000753000000| Complete 
|  83|0x0000000753200000, 0x0000000753400000, 0x0000000753400000|100%| E|CS|TAMS 0x0000000753200000| PB 0x0000000753200000| Complete 
|  84|0x0000000753400000, 0x0000000753600000, 0x0000000753600000|100%| E|CS|TAMS 0x0000000753400000| PB 0x0000000753400000| Complete 
|  85|0x0000000753600000, 0x0000000753800000, 0x0000000753800000|100%| E|CS|TAMS 0x0000000753600000| PB 0x0000000753600000| Complete 
|  86|0x0000000753800000, 0x0000000753a00000, 0x0000000753a00000|100%| E|CS|TAMS 0x0000000753800000| PB 0x0000000753800000| Complete 
|  87|0x0000000753a00000, 0x0000000753c00000, 0x0000000753c00000|100%| E|CS|TAMS 0x0000000753a00000| PB 0x0000000753a00000| Complete 
|  88|0x0000000753c00000, 0x0000000753e00000, 0x0000000753e00000|100%| E|CS|TAMS 0x0000000753c00000| PB 0x0000000753c00000| Complete 
|  89|0x0000000753e00000, 0x0000000754000000, 0x0000000754000000|100%| E|CS|TAMS 0x0000000753e00000| PB 0x0000000753e00000| Complete 
|  90|0x0000000754000000, 0x0000000754200000, 0x0000000754200000|100%| E|CS|TAMS 0x0000000754000000| PB 0x0000000754000000| Complete 
|  91|0x0000000754200000, 0x0000000754400000, 0x0000000754400000|100%| E|CS|TAMS 0x0000000754200000| PB 0x0000000754200000| Complete 

Card table byte_map: [0x000002225d890000,0x000002225de50000] _byte_map_base: 0x0000022259e4a000

Marking Bits: (CMBitMap*) 0x0000022245b4f430
 Bits: [0x000002225de50000, 0x0000022260c20000)

Polling page: 0x0000022243ab0000

Metaspace:

Usage:
  Non-class:      6.84 MB used.
      Class:    908.90 KB used.
       Both:      7.73 MB used.

Virtual space:
  Non-class space:       64.00 MB reserved,       6.88 MB ( 11%) committed,  1 nodes.
      Class space:        1.00 GB reserved,       1.00 MB ( <1%) committed,  1 nodes.
             Both:        1.06 GB reserved,       7.88 MB ( <1%) committed. 

Chunk freelists:
   Non-Class:  7.48 MB
       Class:  15.04 MB
        Both:  22.53 MB

MaxMetaspaceSize: unlimited
CompressedClassSpaceSize: 1.00 GB
Initial GC threshold: 21.00 MB
Current GC threshold: 21.00 MB
CDS: on
 - commit_granule_bytes: 65536.
 - commit_granule_words: 8192.
 - virtual_space_node_default_size: 8388608.
 - enlarge_chunks_in_place: 1.
 - use_allocation_guard: 0.


Internal statistics:

num_allocs_failed_limit: 0.
num_arena_births: 60.
num_arena_deaths: 0.
num_vsnodes_births: 2.
num_vsnodes_deaths: 0.
num_space_committed: 126.
num_space_uncommitted: 0.
num_chunks_returned_to_freelist: 0.
num_chunks_taken_from_freelist: 290.
num_chunk_merges: 0.
num_chunk_splits: 205.
num_chunks_enlarged: 173.
num_inconsistent_stats: 0.

CodeHeap 'non-profiled nmethods': size=120000Kb used=802Kb max_used=802Kb free=119197Kb
 bounds [0x0000022255a70000, 0x0000022255ce0000, 0x000002225cfa0000]
CodeHeap 'profiled nmethods': size=120000Kb used=3296Kb max_used=3296Kb free=116703Kb
 bounds [0x000002224dfa0000, 0x000002224e2e0000, 0x00000222554d0000]
CodeHeap 'non-nmethods': size=5760Kb used=1351Kb max_used=1401Kb free=4408Kb
 bounds [0x00000222554d0000, 0x0000022255740000, 0x0000022255a70000]
 total_blobs=2119 nmethods=1661 adapters=363
 compilation: enabled
              stopped_count=0, restarted_count=0
 full_count=0

Compilation events (20 events):
Event: 21.186 Thread 0x0000022263691570 1655       3       com.google.inject.internal.DeclaredMembers$$Lambda/0x0000022201093038::apply (8 bytes)
Event: 21.186 Thread 0x0000022263691570 nmethod 1655 0x000002224e2d0890 code [0x000002224e2d0a40, 0x000002224e2d0c68]
Event: 21.190 Thread 0x0000022263691570 1656       3       com.google.inject.TypeLiteral::resolve (9 bytes)
Event: 21.190 Thread 0x0000022263691570 nmethod 1656 0x000002224e2d0d10 code [0x000002224e2d0ee0, 0x000002224e2d1130]
Event: 21.190 Thread 0x0000022263691570 1657       3       com.google.common.collect.ImmutableSet::copyOf (90 bytes)
Event: 21.191 Thread 0x0000022263691570 nmethod 1657 0x000002224e2d1290 code [0x000002224e2d1560, 0x000002224e2d26d0]
Event: 21.434 Thread 0x0000022263691570 1658       3       com.google.inject.internal.MoreTypes::getGenericSupertype (135 bytes)
Event: 21.437 Thread 0x0000022263691570 nmethod 1658 0x000002224e2d2a90 code [0x000002224e2d2f40, 0x000002224e2d5148]
Event: 21.437 Thread 0x0000022263691570 1659       3       java.util.TimSort::reverseRange (32 bytes)
Event: 21.438 Thread 0x0000022263691570 nmethod 1659 0x000002224e2d5c10 code [0x000002224e2d5de0, 0x000002224e2d62e8]
Event: 21.438 Thread 0x0000022263691570 1660   !   3       org.eclipse.sisu.space.URLClassSpace::loadClass (31 bytes)
Event: 21.438 Thread 0x0000022263691570 nmethod 1660 0x000002224e2d6490 code [0x000002224e2d6680, 0x000002224e2d6a70]
Event: 21.439 Thread 0x0000022263691570 1661       3       java.util.HashMap::prepareArray (38 bytes)
Event: 21.440 Thread 0x0000022263691570 nmethod 1661 0x000002224e2d6c90 code [0x000002224e2d6e80, 0x000002224e2d7490]
Event: 21.442 Thread 0x0000022263691570 1662       3       java.util.LinkedHashMap::valuesToArray (80 bytes)
Event: 21.443 Thread 0x0000022263691570 nmethod 1662 0x000002224e2d7690 code [0x000002224e2d7880, 0x000002224e2d7ec8]
Event: 21.444 Thread 0x0000022263624a00 1663       4       java.lang.String::regionMatches (150 bytes)
Event: 21.449 Thread 0x0000022263624a00 nmethod 1663 0x0000022255b37c90 code [0x0000022255b37e40, 0x0000022255b381b0]
Event: 21.449 Thread 0x0000022263624a00 1664       4       java.lang.StringLatin1::regionMatchesCI (45 bytes)
Event: 21.452 Thread 0x0000022263624a00 nmethod 1664 0x0000022255b38490 code [0x0000022255b38620, 0x0000022255b387c8]

GC Heap History (2 events):
Event: 14.792 GC heap before
{Heap before GC invocations=0 (full 0):
 garbage-first heap   total 188416K, used 22528K [0x0000000748c00000, 0x0000000800000000)
  region size 2048K, 11 young (22528K), 0 survivors (0K)
 Metaspace       used 5628K, committed 5824K, reserved 1114112K
  class space    used 646K, committed 768K, reserved 1048576K
}
Event: 15.620 GC heap after
{Heap after GC invocations=1 (full 0):
 garbage-first heap   total 188416K, used 3840K [0x0000000748c00000, 0x0000000800000000)
  region size 2048K, 2 young (4096K), 2 survivors (4096K)
 Metaspace       used 5628K, committed 5824K, reserved 1114112K
  class space    used 646K, committed 768K, reserved 1048576K
}

Dll operation events (8 events):
Event: 0.932 Loaded shared library C:\Program Files\Java\jdk-21\bin\java.dll
Event: 1.738 Loaded shared library C:\Program Files\Java\jdk-21\bin\jsvml.dll
Event: 2.965 Loaded shared library C:\Program Files\Java\jdk-21\bin\net.dll
Event: 3.313 Loaded shared library C:\Program Files\Java\jdk-21\bin\nio.dll
Event: 3.321 Loaded shared library C:\Program Files\Java\jdk-21\bin\zip.dll
Event: 5.576 Loaded shared library C:\Users\2oleg\Downloads\apache-maven-3.9.11-bin\apache-maven-3.9.11\lib\jansi-native\Windows\x86_64\jansi.dll
Event: 5.595 Loaded shared library C:\Program Files\Java\jdk-21\bin\jimage.dll
Event: 5.962 Loaded shared library C:\Program Files\Java\jdk-21\bin\verify.dll

Deoptimization events (20 events):
Event: 17.489 Thread 0x0000022243993150 DEOPT PACKING pc=0x0000022255ab6e28 sp=0x000000bfc0afd690
Event: 17.489 Thread 0x0000022243993150 DEOPT UNPACKING pc=0x00000222555246a2 sp=0x000000bfc0afd600 mode 2
Event: 18.806 Thread 0x0000022243993150 Uncommon trap: trap_request=0xffffff45 fr.pc=0x0000022255b12460 relative=0x0000000000000720
Event: 18.806 Thread 0x0000022243993150 Uncommon trap: reason=unstable_if action=reinterpret pc=0x0000022255b12460 method=java.lang.String.<init>([CIILjava/lang/Void;)V @ 5 c2
Event: 18.806 Thread 0x0000022243993150 DEOPT PACKING pc=0x0000022255b12460 sp=0x000000bfc0afdf10
Event: 18.806 Thread 0x0000022243993150 DEOPT UNPACKING pc=0x00000222555246a2 sp=0x000000bfc0afddb0 mode 2
Event: 19.329 Thread 0x0000022243993150 DEOPT PACKING pc=0x000002224e1e5d27 sp=0x000000bfc0afe0f0
Event: 19.329 Thread 0x0000022243993150 DEOPT UNPACKING pc=0x0000022255524e42 sp=0x000000bfc0afd560 mode 0
Event: 19.330 Thread 0x0000022243993150 Uncommon trap: trap_request=0xffffff45 fr.pc=0x0000022255b1d584 relative=0x0000000000001564
Event: 19.330 Thread 0x0000022243993150 Uncommon trap: reason=unstable_if action=reinterpret pc=0x0000022255b1d584 method=jdk.internal.jimage.ImageLocation.verifyName(Ljava/lang/String;Ljava/lang/String;IIIIIILjdk/internal/jimage/ImageStrings;)Z @ 2 c2
Event: 19.331 Thread 0x0000022243993150 DEOPT PACKING pc=0x0000022255b1d584 sp=0x000000bfc0afdc30
Event: 19.331 Thread 0x0000022243993150 DEOPT UNPACKING pc=0x00000222555246a2 sp=0x000000bfc0afdb08 mode 2
Event: 20.157 Thread 0x0000022243993150 Uncommon trap: trap_request=0xffffffde fr.pc=0x0000022255afe44c relative=0x00000000000002ec
Event: 20.157 Thread 0x0000022243993150 Uncommon trap: reason=class_check action=maybe_recompile pc=0x0000022255afe44c method=java.util.HashMap.getNode(Ljava/lang/Object;)Ljava/util/HashMap$Node; @ 128 c2
Event: 20.313 Thread 0x0000022243993150 DEOPT PACKING pc=0x0000022255afe44c sp=0x000000bfc0afdd20
Event: 20.319 Thread 0x0000022243993150 DEOPT UNPACKING pc=0x00000222555246a2 sp=0x000000bfc0afdc88 mode 2
Event: 20.330 Thread 0x0000022243993150 Uncommon trap: trap_request=0xffffffde fr.pc=0x0000022255afe44c relative=0x00000000000002ec
Event: 20.330 Thread 0x0000022243993150 Uncommon trap: reason=class_check action=maybe_recompile pc=0x0000022255afe44c method=java.util.HashMap.getNode(Ljava/lang/Object;)Ljava/util/HashMap$Node; @ 128 c2
Event: 20.330 Thread 0x0000022243993150 DEOPT PACKING pc=0x0000022255afe44c sp=0x000000bfc0afdd20
Event: 20.330 Thread 0x0000022243993150 DEOPT UNPACKING pc=0x00000222555246a2 sp=0x000000bfc0afdc88 mode 2

Classes loaded (20 events):
Event: 16.167 Loading class sun/reflect/generics/reflectiveObjects/LazyReflectiveObjectGenerator done
Event: 16.167 Loading class sun/reflect/generics/reflectiveObjects/TypeVariableImpl done
Event: 16.492 Loading class sun/reflect/generics/reflectiveObjects/ParameterizedTypeImpl
Event: 16.492 Loading class sun/reflect/generics/reflectiveObjects/ParameterizedTypeImpl done
Event: 17.169 Loading class java/lang/ArrayIndexOutOfBoundsException
Event: 17.169 Loading class java/lang/ArrayIndexOutOfBoundsException done
Event: 19.877 Loading class java/lang/Deprecated
Event: 19.877 Loading class java/lang/Deprecated done
Event: 20.500 Loading class java/lang/invoke/MethodHandle$1
Event: 20.500 Loading class java/lang/invoke/MethodHandle$1 done
Event: 20.590 Loading class sun/reflect/generics/tree/BottomSignature
Event: 20.590 Loading class sun/reflect/generics/tree/BottomSignature done
Event: 20.590 Loading class sun/reflect/generics/tree/Wildcard
Event: 20.590 Loading class sun/reflect/generics/tree/Wildcard done
Event: 20.591 Loading class sun/reflect/generics/reflectiveObjects/WildcardTypeImpl
Event: 20.593 Loading class sun/reflect/generics/reflectiveObjects/WildcardTypeImpl done
Event: 20.593 Loading class sun/reflect/annotation/AnnotatedTypeFactory$AnnotatedParameterizedTypeImpl
Event: 20.593 Loading class java/lang/reflect/AnnotatedParameterizedType
Event: 20.593 Loading class java/lang/reflect/AnnotatedParameterizedType done
Event: 20.594 Loading class sun/reflect/annotation/AnnotatedTypeFactory$AnnotatedParameterizedTypeImpl done

Classes unloaded (0 events):
No events

Classes redefined (0 events):
No events

Internal exceptions (20 events):
Event: 5.909 Thread 0x0000022243993150 Exception <a 'java/lang/NullPointerException'{0x0000000753f84630}> (0x0000000753f84630) 
thrown [s\open\src\hotspot\share\interpreter\linkResolver.cpp, line 1372]
Event: 5.909 Thread 0x0000022243993150 Exception <a 'java/lang/NullPointerException'{0x0000000753f84910}> (0x0000000753f84910) 
thrown [s\open\src\hotspot\share\interpreter\linkResolver.cpp, line 1372]
Event: 5.909 Thread 0x0000022243993150 Exception <a 'java/lang/NullPointerException'{0x0000000753f84bf0}> (0x0000000753f84bf0) 
thrown [s\open\src\hotspot\share\interpreter\linkResolver.cpp, line 1372]
Event: 5.928 Thread 0x0000022243993150 Exception <a 'java/lang/NullPointerException'{0x0000000753f8ac00}> (0x0000000753f8ac00) 
thrown [s\open\src\hotspot\share\interpreter\linkResolver.cpp, line 1372]
Event: 5.932 Thread 0x0000022243993150 Exception <a 'java/lang/NullPointerException'{0x0000000753f9f170}> (0x0000000753f9f170) 
thrown [s\open\src\hotspot\share\interpreter\linkResolver.cpp, line 1372]
Event: 5.932 Thread 0x0000022243993150 Exception <a 'java/lang/NullPointerException'{0x0000000753f9f450}> (0x0000000753f9f450) 
thrown [s\open\src\hotspot\share\interpreter\linkResolver.cpp, line 1372]
Event: 5.932 Thread 0x0000022243993150 Exception <a 'java/lang/NullPointerException'{0x0000000753f9f730}> (0x0000000753f9f730) 
thrown [s\open\src\hotspot\share\interpreter\linkResolver.cpp, line 1372]
Event: 5.932 Thread 0x0000022243993150 Exception <a 'java/lang/NullPointerException'{0x0000000753f9fa10}> (0x0000000753f9fa10) 
thrown [s\open\src\hotspot\share\interpreter\linkResolver.cpp, line 1372]
Event: 6.274 Thread 0x0000022243993150 Exception <a 'java/lang/NoSuchMethodError'{0x0000000753c54a80}: 'void java.lang.invoke.DirectMethodHandle$Holder.invokeStatic(java.lang.Object, java.lang.Object)'> (0x0000000753c54a80) 
thrown [s\open\src\hotspot\share\interpreter\linkResolver.cpp, line 773]
Event: 6.276 Thread 0x0000022243993150 Exception <a 'java/lang/NoSuchMethodError'{0x0000000753c57e60}: 'void java.lang.invoke.DirectMethodHandle$Holder.invokeStaticInit(java.lang.Object, java.lang.Object)'> (0x0000000753c57e60) 
thrown [s\open\src\hotspot\share\interpreter\linkResolver.cpp, line 773]
Event: 6.315 Thread 0x0000022243993150 Exception <a 'java/lang/NoSuchMethodError'{0x0000000753ca3b58}: 'void java.lang.invoke.DirectMethodHandle$Holder.invokeStatic(java.lang.Object, java.lang.Object, java.lang.Object)'> (0x0000000753ca3b58) 
thrown [s\open\src\hotspot\share\interpreter\linkResolver.cpp, line 773]
Event: 7.670 Thread 0x0000022243993150 Exception <a 'java/lang/NoSuchMethodError'{0x0000000753a26b30}: 'java.lang.Object java.lang.invoke.DirectMethodHandle$Holder.invokeSpecialIFC(java.lang.Object, java.lang.Object, java.lang.Object, java.lang.Object)'> (0x0000000753a26b30) 
thrown [s\open\src\hotspot\share\interpreter\linkResolver.cpp, line 773]
Event: 10.480 Thread 0x0000022243993150 Exception <a 'java/lang/NoSuchMethodError'{0x00000007534170a8}: 'void java.lang.invoke.DirectMethodHandle$Holder.invokeSpecial(java.lang.Object, java.lang.Object, java.lang.Object)'> (0x00000007534170a8) 
thrown [s\open\src\hotspot\share\interpreter\linkResolver.cpp, line 773]
Event: 11.260 Thread 0x0000022243993150 Exception <a 'java/lang/NoSuchMethodError'{0x00000007535772c8}: 'java.lang.Object java.lang.invoke.DirectMethodHandle$Holder.invokeInterface(java.lang.Object, java.lang.Object)'> (0x00000007535772c8) 
thrown [s\open\src\hotspot\share\interpreter\linkResolver.cpp, line 773]
Event: 11.700 Thread 0x0000022243993150 Exception <a 'java/lang/NoSuchMethodError'{0x000000075321ba28}: 'int java.lang.invoke.DirectMethodHandle$Holder.invokeStatic(java.lang.Object, java.lang.Object, java.lang.Object, java.lang.Object)'> (0x000000075321ba28) 
thrown [s\open\src\hotspot\share\interpreter\linkResolver.cpp, line 773]
Event: 11.700 Thread 0x0000022243993150 Exception <a 'java/lang/NoSuchMethodError'{0x000000075321f0b8}: 'java.lang.Object java.lang.invoke.Invokers$Holder.invokeExact_MT(java.lang.Object, java.lang.Object, java.lang.Object, java.lang.Object, java.lang.Object, java.lang.Object)'> (0x000000075321f0b8) 
thrown [s\open\src\hotspot\share\interpreter\linkResolver.cpp, line 773]
Event: 11.704 Thread 0x0000022243993150 Exception <a 'java/lang/NoSuchMethodError'{0x000000075322d7c0}: 'int java.lang.invoke.DirectMethodHandle$Holder.invokeSpecialIFC(java.lang.Object, java.lang.Object, java.lang.Object, java.lang.Object, java.lang.Object)'> (0x000000075322d7c0) 
thrown [s\open\src\hotspot\share\interpreter\linkResolver.cpp, line 773]
Event: 13.260 Thread 0x0000022243993150 Exception <a 'java/lang/NoSuchMethodError'{0x00000007533d29a8}: 'java.lang.Object java.lang.invoke.DirectMethodHandle$Holder.newInvokeSpecial(java.lang.Object, java.lang.Object, java.lang.Object, java.lang.Object, java.lang.Object)'> (0x00000007533d29a8) 
thrown [s\open\src\hotspot\share\interpreter\linkResolver.cpp, line 773]
Event: 13.575 Thread 0x0000022243993150 Exception <a 'java/lang/NoSuchMethodError'{0x00000007530f2ec8}: 'int java.lang.invoke.DirectMethodHandle$Holder.invokeStaticInit(java.lang.Object, java.lang.Object)'> (0x00000007530f2ec8) 
thrown [s\open\src\hotspot\share\interpreter\linkResolver.cpp, line 773]
Event: 13.961 Thread 0x0000022243993150 Exception <a 'java/lang/NoClassDefFoundError'{0x000000075312b048}: javax/enterprise/inject/Typed> (0x000000075312b048) 
thrown [s\open\src\hotspot\share\classfile\systemDictionary.cpp, line 301]

ZGC Phase Switch (0 events):
No events

VM Operations (20 events):
Event: 7.986 Executing VM operation: Cleanup
Event: 8.007 Executing VM operation: Cleanup done
Event: 9.008 Executing VM operation: Cleanup
Event: 9.008 Executing VM operation: Cleanup done
Event: 10.009 Executing VM operation: Cleanup
Event: 10.014 Executing VM operation: Cleanup done
Event: 11.015 Executing VM operation: Cleanup
Event: 11.236 Executing VM operation: Cleanup done
Event: 13.237 Executing VM operation: Cleanup
Event: 13.252 Executing VM operation: Cleanup done
Event: 14.791 Executing VM operation: G1CollectForAllocation (G1 Evacuation Pause)
Event: 15.670 Executing VM operation: G1CollectForAllocation (G1 Evacuation Pause) done
Event: 17.669 Executing VM operation: Cleanup
Event: 17.669 Executing VM operation: Cleanup done
Event: 19.670 Executing VM operation: Cleanup
Event: 19.867 Executing VM operation: Cleanup done
Event: 20.884 Executing VM operation: HandshakeAllThreads (Deoptimize)
Event: 20.884 Executing VM operation: HandshakeAllThreads (Deoptimize) done
Event: 20.884 Executing VM operation: Cleanup
Event: 20.884 Executing VM operation: Cleanup done

Events (17 events):
Event: 1.229 Thread 0x0000022243993150 Thread added: 0x0000022243993150
Event: 1.713 Thread 0x00000222636199f0 Thread added: 0x00000222636199f0
Event: 1.714 Thread 0x000002226361ae00 Thread added: 0x000002226361ae00
Event: 1.714 Thread 0x000002226361dd70 Thread added: 0x000002226361dd70
Event: 1.714 Thread 0x000002226361e7c0 Thread added: 0x000002226361e7c0
Event: 1.714 Thread 0x000002226361f210 Thread added: 0x000002226361f210
Event: 1.715 Thread 0x000002226361fc60 Thread added: 0x000002226361fc60
Event: 1.715 Thread 0x0000022263624a00 Thread added: 0x0000022263624a00
Event: 2.002 Thread 0x0000022263691570 Thread added: 0x0000022263691570
Event: 2.566 Thread 0x000002226380d1c0 Thread added: 0x000002226380d1c0
Event: 2.613 Thread 0x000002226380f9f0 Thread added: 0x000002226380f9f0
Event: 5.571 Thread 0x000002226806e390 Thread added: 0x000002226806e390
Event: 5.908 Thread 0x000002226806e390 Thread exited: 0x000002226806e390
Event: 14.289 Thread 0x0000022268597640 Thread added: 0x0000022268597640
Event: 14.304 Thread 0x0000022268586e00 Thread added: 0x0000022268586e00
Event: 16.503 Thread 0x0000022268586e00 Thread exited: 0x0000022268586e00
Event: 16.835 Thread 0x0000022268597640 Thread exited: 0x0000022268597640


Dynamic libraries:
0x00007ff703c60000 - 0x00007ff703c70000 	C:\Program Files\Java\jdk-21\bin\java.exe
0x00007ff9f5930000 - 0x00007ff9f5b28000 	C:\WINDOWS\SYSTEM32\ntdll.dll
0x00007ff9f5400000 - 0x00007ff9f54c2000 	C:\WINDOWS\System32\KERNEL32.DLL
0x00007ff9f3130000 - 0x00007ff9f3426000 	C:\WINDOWS\System32\KERNELBASE.dll
0x00007ff9f3820000 - 0x00007ff9f3920000 	C:\WINDOWS\System32\ucrtbase.dll
0x00007ff9e31d0000 - 0x00007ff9e31eb000 	C:\Program Files\Java\jdk-21\bin\VCRUNTIME140.dll
0x00007ff9e2300000 - 0x00007ff9e2319000 	C:\Program Files\Java\jdk-21\bin\jli.dll
0x00007ff9f3da0000 - 0x00007ff9f3e51000 	C:\WINDOWS\System32\ADVAPI32.dll
0x00007ff9f5820000 - 0x00007ff9f58be000 	C:\WINDOWS\System32\msvcrt.dll
0x00007ff9f4800000 - 0x00007ff9f489f000 	C:\WINDOWS\System32\sechost.dll
0x00007ff9f3c10000 - 0x00007ff9f3d30000 	C:\WINDOWS\System32\RPCRT4.dll
0x00007ff9f3560000 - 0x00007ff9f3587000 	C:\WINDOWS\System32\bcrypt.dll
0x00007ff9f3f40000 - 0x00007ff9f40e1000 	C:\WINDOWS\System32\USER32.dll
0x00007ff9e4da0000 - 0x00007ff9e503b000 	C:\WINDOWS\WinSxS\amd64_microsoft.windows.common-controls_6595b64144ccf1df_6.0.19041.6456_none_60b8a6cb71f64256\COMCTL32.dll
0x00007ff9f3100000 - 0x00007ff9f3122000 	C:\WINDOWS\System32\win32u.dll
0x00007ff9f47c0000 - 0x00007ff9f47eb000 	C:\WINDOWS\System32\GDI32.dll
0x00007ff9f2f90000 - 0x00007ff9f30a9000 	C:\WINDOWS\System32\gdi32full.dll
0x00007ff9ecd10000 - 0x00007ff9ecd1a000 	C:\WINDOWS\SYSTEM32\VERSION.dll
0x00007ff9f3590000 - 0x00007ff9f362d000 	C:\WINDOWS\System32\msvcp_win.dll
0x00007ff9f3f10000 - 0x00007ff9f3f3f000 	C:\WINDOWS\System32\IMM32.DLL
0x00007ff9ed3a0000 - 0x00007ff9ed3ac000 	C:\Program Files\Java\jdk-21\bin\vcruntime140_1.dll
0x00007ff9c7130000 - 0x00007ff9c71be000 	C:\Program Files\Java\jdk-21\bin\msvcp140.dll
0x00007ff98ebe0000 - 0x00007ff98f8fa000 	C:\Program Files\Java\jdk-21\bin\server\jvm.dll
0x00007ff9f4210000 - 0x00007ff9f427b000 	C:\WINDOWS\System32\WS2_32.dll
0x00007ff9f2df0000 - 0x00007ff9f2e3b000 	C:\WINDOWS\SYSTEM32\POWRPROF.dll
0x00007ff9e0140000 - 0x00007ff9e0167000 	C:\WINDOWS\SYSTEM32\WINMM.dll
0x00007ff9f2dd0000 - 0x00007ff9f2de2000 	C:\WINDOWS\SYSTEM32\UMPDC.dll
0x00007ff9f0dc0000 - 0x00007ff9f0dd2000 	C:\WINDOWS\SYSTEM32\kernel.appcore.dll
0x00007ff9ed370000 - 0x00007ff9ed37a000 	C:\Program Files\Java\jdk-21\bin\jimage.dll
0x00007ff9df840000 - 0x00007ff9dfa41000 	C:\WINDOWS\SYSTEM32\DBGHELP.DLL
0x00007ff9dd350000 - 0x00007ff9dd384000 	C:\WINDOWS\SYSTEM32\dbgcore.DLL
0x00007ff9f3630000 - 0x00007ff9f36b2000 	C:\WINDOWS\System32\bcryptPrimitives.dll
0x00007ff9e0be0000 - 0x00007ff9e0bff000 	C:\Program Files\Java\jdk-21\bin\java.dll
0x00007ff9f4930000 - 0x00007ff9f50a0000 	C:\WINDOWS\System32\SHELL32.dll
0x00007ff9f0fc0000 - 0x00007ff9f1765000 	C:\WINDOWS\SYSTEM32\windows.storage.dll
0x00007ff9f50a0000 - 0x00007ff9f53f4000 	C:\WINDOWS\System32\combase.dll
0x00007ff9f28e0000 - 0x00007ff9f290b000 	C:\WINDOWS\SYSTEM32\Wldp.dll
0x00007ff9f46f0000 - 0x00007ff9f47bd000 	C:\WINDOWS\System32\OLEAUT32.dll
0x00007ff9f3920000 - 0x00007ff9f39cd000 	C:\WINDOWS\System32\SHCORE.dll
0x00007ff9f57c0000 - 0x00007ff9f581b000 	C:\WINDOWS\System32\shlwapi.dll
0x00007ff9f2ec0000 - 0x00007ff9f2ee4000 	C:\WINDOWS\SYSTEM32\profapi.dll
0x00007ff9ab440000 - 0x00007ff9ab517000 	C:\Program Files\Java\jdk-21\bin\jsvml.dll
0x00007ff9ebd20000 - 0x00007ff9ebd30000 	C:\Program Files\Java\jdk-21\bin\net.dll
0x00007ff9ec950000 - 0x00007ff9eca5a000 	C:\WINDOWS\SYSTEM32\WINHTTP.dll
0x00007ff9f25f0000 - 0x00007ff9f265a000 	C:\WINDOWS\system32\mswsock.dll
0x00007ff9dbf20000 - 0x00007ff9dbf36000 	C:\Program Files\Java\jdk-21\bin\nio.dll
0x00007ff9d8a60000 - 0x00007ff9d8a78000 	C:\Program Files\Java\jdk-21\bin\zip.dll
0x00007ff9d0da0000 - 0x00007ff9d0dc4000 	C:\Users\2oleg\Downloads\apache-maven-3.9.11-bin\apache-maven-3.9.11\lib\jansi-native\Windows\x86_64\jansi.dll
0x00007ff9e8580000 - 0x00007ff9e8590000 	C:\Program Files\Java\jdk-21\bin\verify.dll

dbghelp: loaded successfully - version: 4.0.5 - missing functions: none
symbol engine: initialized successfully - sym options: 0x614 - pdb path: .;C:\Program Files\Java\jdk-21\bin;C:\WINDOWS\SYSTEM32;C:\WINDOWS\WinSxS\amd64_microsoft.windows.common-controls_6595b64144ccf1df_6.0.19041.6456_none_60b8a6cb71f64256;C:\Program Files\Java\jdk-21\bin\server;C:\Users\2oleg\Downloads\apache-maven-3.9.11-bin\apache-maven-3.9.11\lib\jansi-native\Windows\x86_64

VM Arguments:
jvm_args: --enable-native-access=ALL-UNNAMED -Dclassworlds.conf=C:\Users\2oleg\Downloads\apache-maven-3.9.11-bin\apache-maven-3.9.11\bin\m2.conf -Dmaven.home=C:\Users\2oleg\Downloads\apache-maven-3.9.11-bin\apache-maven-3.9.11 -Dlibrary.jansi.path=C:\Users\2oleg\Downloads\apache-maven-3.9.11-bin\apache-maven-3.9.11\lib\jansi-native -Dmaven.multiModuleProjectDirectory=C:\Users\2oleg\Downloads\Telegram Desktop\Kefir\Backend\TransactionSaga 
java_command: org.codehaus.plexus.classworlds.launcher.Launcher spring-boot:run -Dserver.port=8090 -DskipTests
java_class_path (initial): C:\Users\2oleg\Downloads\apache-maven-3.9.11-bin\apache-maven-3.9.11\boot\plexus-classworlds-2.9.0.jar
Launcher Type: SUN_STANDARD

[Global flags]
     intx CICompilerCount                          = 4                                         {product} {ergonomic}
     uint ConcGCThreads                            = 2                                         {product} {ergonomic}
     uint G1ConcRefinementThreads                  = 8                                         {product} {ergonomic}
   size_t G1HeapRegionSize                         = 2097152                                   {product} {ergonomic}
    uintx GCDrainStackTargetSize                   = 64                                        {product} {ergonomic}
   size_t InitialHeapSize                          = 192937984                                 {product} {ergonomic}
   size_t MarkStackSize                            = 4194304                                   {product} {ergonomic}
   size_t MaxHeapSize                              = 3074424832                                {product} {ergonomic}
   size_t MaxNewSize                               = 1843396608                                {product} {ergonomic}
   size_t MinHeapDeltaBytes                        = 2097152                                   {product} {ergonomic}
   size_t MinHeapSize                              = 8388608                                   {product} {ergonomic}
    uintx NonNMethodCodeHeapSize                   = 5839372                                {pd product} {ergonomic}
    uintx NonProfiledCodeHeapSize                  = 122909434                              {pd product} {ergonomic}
    uintx ProfiledCodeHeapSize                     = 122909434                              {pd product} {ergonomic}
    uintx ReservedCodeCacheSize                    = 251658240                              {pd product} {ergonomic}
     bool SegmentedCodeCache                       = true                                      {product} {ergonomic}
   size_t SoftMaxHeapSize                          = 3074424832                             {manageable} {ergonomic}
     bool UseCompressedOops                        = true                           {product lp64_product} {ergonomic}
     bool UseG1GC                                  = true                                      {product} {ergonomic}
     bool UseLargePagesIndividualAllocation        = false                                  {pd product} {ergonomic}

Logging:
Log output configuration:
 #0: stdout all=warning uptime,level,tags foldmultilines=false
 #1: stderr all=off uptime,level,tags foldmultilines=false

Environment Variables:
JAVA_HOME=C:\Program Files\Java\jdk-21
PATH=C:\Program Files\Common Files\Oracle\Java\javapath;C:\Program Files (x86)\Cuminas\Document Express DjVu Plug-in\;C:\Program Files (x86)\Razer Chroma SDK\bin;C:\Program Files\Razer Chroma SDK\bin;C:\WINDOWS\system32;C:\WINDOWS;C:\WINDOWS\System32\Wbem;C:\WINDOWS\System32\WindowsPowerShell\v1.0\;C:\WINDOWS\System32\OpenSSH\;C:\Program Files (x86)\NVIDIA Corporation\PhysX\Common;C:\WINDOWS\system32\config\systemprofile\AppData\Local\Microsoft\WindowsApps;C:\Program Files (x86)\Razer\ChromaBroadcast\bin;C:\Program Files\Razer\ChromaBroadcast\bin;C:\Users\2oleg\AppData\Local\Microsoft\WindowsApps;C:\Program Files\JetBrains\IntelliJ IDEA Community Edition 2024.3\bin;C:\Users\2oleg\AppData\Local\Programs\Microsoft VS Code\bin;C:\Program Files\Docker\Docker\resources\bin;C:\Users\2oleg\Downloads\curl-8.16.0_6-win64-mingw.zip\curl-8.16.0_6-win64-mingw\bin;C:\Users\2oleg\Downloads\curl-8.16.0_6-win64-mingw\curl-8.16.0_6-win64-mingw\bin;C:\Users\2oleg\Downloads\apache-maven-3.9.11-bin\apache-maven-3.9.11\bin;C:\ProgramData\chocolatey\bin;C:\Users\2oleg\AppData\Roaming\Cloud Foundry;C:\Program Files\Git\cmd;C:\Program Files\nodejs\;C:\Users\2oleg\AppData\Local\Muse Hub\lib;C:\Users\2oleg\AppData\Local\Microsoft\WindowsApps;C:\Program Files\JetBrains\IntelliJ IDEA Community Edition 2025.2.4\bin;C:\Users\2oleg\AppData\Local\Programs\Microsoft VS Code\bin;C:\Program Files\jq.exe;C:\Users\2oleg\AppData\Local\Microsoft\WinGet\Packages\jqlang.jq_Microsoft.Winget.Source_8wekyb3d8bbwe;C:\Program Files\Java\jdk-24;C:\Users\2oleg\Downloads\gradle-9.0.0-bin\gradle-9.0.0\bin;C:\Program Files\Docker\Docker\resources\bin;C:\Users\2oleg\AppData\Local\GitHubDesktop\bin;C:\Users\2oleg\AppData\Roaming\npm
USERNAME=2oleg
OS=Windows_NT
PROCESSOR_IDENTIFIER=Intel64 Family 6 Model 60 Stepping 3, GenuineIntel
TMP=C:\Users\2oleg\AppData\Local\Temp
TEMP=C:\Users\2oleg\AppData\Local\Temp




Periodic native trim disabled

---------------  S Y S T E M  ---------------

OS:
 Windows 10 , 64 bit Build 19041 (10.0.19041.5915)
OS uptime: 10 days 12:25 hours
Hyper-V role detected

CPU: total 8 (initial active 8) (4 cores per cpu, 2 threads per core) family 6 model 60 stepping 3 microcode 0x27, cx8, cmov, fxsr, ht, mmx, sse, sse2, sse3, ssse3, sse4.1, sse4.2, popcnt, lzcnt, tsc, tscinvbit, avx, avx2, aes, erms, clmul, bmi1, bmi2, fma, vzeroupper, clflush, hv, rdtscp, f16c
Processor Information for all 8 processors :
  Max Mhz: 2401, Current Mhz: 2401, Mhz Limit: 2401

Memory: 4k page, system-wide physical 11723M (2652M free)
TotalPageFile size 23723M (AvailPageFile size 3028M)
current process WorkingSet (physical memory assigned to process): 85M, peak: 93M
current process commit charge ("private bytes"): 286M, peak: 297M

vm_info: Java HotSpot(TM) 64-Bit Server VM (21.0.7+8-LTS-245) for windows-amd64 JRE (21.0.7+8-LTS-245), built on 2025-02-21T05:11:27Z by "mach5one" with MS VC++ 17.6 (VS2022)

END.
