#
# There is insufficient memory for the Java Runtime Environment to continue.
# Native memory allocation (malloc) failed to allocate 627984 bytes for Chunk::new
# Possible reasons:
#   The system is out of physical RAM or swap space
#   The process is running with CompressedOops enabled, and the Java Heap may be blocking the growth of the native heap
# Possible solutions:
#   Reduce memory load on the system
#   Increase physical memory or swap space
#   Check if swap backing store is full
#   Decrease Java heap size (-Xmx/-Xms)
#   Decrease number of Java threads
#   Decrease Java thread stack sizes (-Xss)
#   Set larger code cache with -XX:ReservedCodeCacheSize=
#   JVM is running with Zero Based Compressed Oops mode in which the Java heap is
#     placed in the first 32GB address space. The Java Heap base address is the
#     maximum limit for the native heap growth. Please use -XX:HeapBaseMinAddress
#     to set the Java Heap base and to place the Java Heap above 32GB virtual address.
# This output file may be truncated or incomplete.
#
#  Out of Memory Error (arena.cpp:168), pid=30460, tid=18456
#
# JRE version: Java(TM) SE Runtime Environment (21.0.7+8) (build 21.0.7+8-LTS-245)
# Java VM: Java HotSpot(TM) 64-Bit Server VM (21.0.7+8-LTS-245, mixed mode, sharing, tiered, compressed oops, compressed class ptrs, g1 gc, windows-amd64)
# No core dump will be written. Minidumps are not enabled by default on client versions of Windows
#

---------------  S U M M A R Y ------------

Command Line: --enable-native-access=ALL-UNNAMED -Dclassworlds.conf=C:\Users\2oleg\Downloads\apache-maven-3.9.11-bin\apache-maven-3.9.11\bin\m2.conf -Dmaven.home=C:\Users\2oleg\Downloads\apache-maven-3.9.11-bin\apache-maven-3.9.11 -Dlibrary.jansi.path=C:\Users\2oleg\Downloads\apache-maven-3.9.11-bin\apache-maven-3.9.11\lib\jansi-native -Dmaven.multiModuleProjectDirectory=C:\Users\2oleg\Downloads\Telegram Desktop\Kefir\Backend\TransactionSaga org.codehaus.plexus.classworlds.launcher.Launcher spring-boot:run -Dserver.port=8090 -DskipTests

Host: Intel(R) Core(TM) i7-4700HQ CPU @ 2.40GHz, 8 cores, 11G,  Windows 10 , 64 bit Build 19041 (10.0.19041.5915)
Time: Sat Dec 13 01:38:55 2025 RTZ 2 (s 10 , 64 bit Build 19041 (10.0.19041.5915) elapsed time: 40.831158 seconds (0d 0h 0m 40s)

---------------  T H R E A D  ---------------

Current thread (0x000001d19e3545b0):  JavaThread "C2 CompilerThread0" daemon [_thread_in_native, id=18456, stack(0x000000d1e0c00000,0x000000d1e0d00000) (1024K)]


Current CompileTask:
C2:  40831 4543       4       org.codehaus.plexus.util.xml.pull.MXParser::parseAttribute (1438 bytes)

Stack: [0x000000d1e0c00000,0x000000d1e0d00000]
Native frames: (J=compiled Java code, j=interpreted, Vv=VM code, C=native code)
V  [jvm.dll+0x6cae19]
V  [jvm.dll+0x855741]
V  [jvm.dll+0x857c6e]
V  [jvm.dll+0x858343]
V  [jvm.dll+0x27e0b6]
V  [jvm.dll+0xc4ecd]
V  [jvm.dll+0xc5403]
V  [jvm.dll+0x3b578c]
V  [jvm.dll+0x1dfa19]
V  [jvm.dll+0x246c82]
V  [jvm.dll+0x24610f]
V  [jvm.dll+0x1c6efe]
V  [jvm.dll+0x255819]
V  [jvm.dll+0x253daa]
V  [jvm.dll+0x3eebb6]
V  [jvm.dll+0x7ffa1b]
V  [jvm.dll+0x6c94fd]
C  [ucrtbase.dll+0x21bb2]
C  [KERNEL32.DLL+0x17374]
C  [ntdll.dll+0x4cc91]


---------------  P R O C E S S  ---------------

Threads class SMR info:
_java_thread_list=0x000001d1e4d1c5d0, length=12, elements={
0x000001d1fe667150, 0x000001d19e34e130, 0x000001d19e34ed30, 0x000001d19e34f930,
0x000001d19e350380, 0x000001d19e350dd0, 0x000001d19e351820, 0x000001d19e3545b0,
0x000001d19e3c0170, 0x000001d19e571170, 0x000001d19e571990, 0x000001d1e57feaf0
}

Java Threads: ( => current thread )
  0x000001d1fe667150 JavaThread "main"                              [_thread_in_vm, id=24336, stack(0x000000d1dfe00000,0x000000d1dff00000) (1024K)]
  0x000001d19e34e130 JavaThread "Reference Handler"          daemon [_thread_blocked, id=7852, stack(0x000000d1e0600000,0x000000d1e0700000) (1024K)]
  0x000001d19e34ed30 JavaThread "Finalizer"                  daemon [_thread_blocked, id=21668, stack(0x000000d1e0700000,0x000000d1e0800000) (1024K)]
  0x000001d19e34f930 JavaThread "Signal Dispatcher"          daemon [_thread_blocked, id=14696, stack(0x000000d1e0800000,0x000000d1e0900000) (1024K)]
  0x000001d19e350380 JavaThread "Attach Listener"            daemon [_thread_blocked, id=30748, stack(0x000000d1e0900000,0x000000d1e0a00000) (1024K)]
  0x000001d19e350dd0 JavaThread "Service Thread"             daemon [_thread_blocked, id=30620, stack(0x000000d1e0a00000,0x000000d1e0b00000) (1024K)]
  0x000001d19e351820 JavaThread "Monitor Deflation Thread"   daemon [_thread_blocked, id=30412, stack(0x000000d1e0b00000,0x000000d1e0c00000) (1024K)]
=>0x000001d19e3545b0 JavaThread "C2 CompilerThread0"         daemon [_thread_in_native, id=18456, stack(0x000000d1e0c00000,0x000000d1e0d00000) (1024K)]
  0x000001d19e3c0170 JavaThread "C1 CompilerThread0"         daemon [_thread_blocked, id=25744, stack(0x000000d1e0d00000,0x000000d1e0e00000) (1024K)]
  0x000001d19e571170 JavaThread "Notification Thread"        daemon [_thread_blocked, id=29472, stack(0x000000d1e0e00000,0x000000d1e0f00000) (1024K)]
  0x000001d19e571990 JavaThread "Common-Cleaner"             daemon [_thread_blocked, id=31220, stack(0x000000d1e0f00000,0x000000d1e1000000) (1024K)]
  0x000001d1e57feaf0 JavaThread "Thread-1"                   daemon [_thread_blocked, id=32176, stack(0x000000d1e1000000,0x000000d1e1100000) (1024K)]
Total: 12

Other Threads:
  0x000001d1fe651de0 VMThread "VM Thread"                           [id=32220, stack(0x000000d1e0500000,0x000000d1e0600000) (1024K)]
  0x000001d19e31e2b0 WatcherThread "VM Periodic Task Thread"        [id=25604, stack(0x000000d1e0400000,0x000000d1e0500000) (1024K)]
  0x000001d1fe652520 WorkerThread "GC Thread#0"                     [id=29968, stack(0x000000d1dff00000,0x000000d1e0000000) (1024K)]
  0x000001d1fe650f60 WorkerThread "GC Thread#1"                     [id=23996, stack(0x000000d1e1100000,0x000000d1e1200000) (1024K)]
  0x000001d1fe651300 WorkerThread "GC Thread#2"                     [id=27456, stack(0x000000d1e1200000,0x000000d1e1300000) (1024K)]
  0x000001d1e44b63c0 WorkerThread "GC Thread#3"                     [id=28604, stack(0x000000d1e1300000,0x000000d1e1400000) (1024K)]
  0x000001d1e44b7d20 WorkerThread "GC Thread#4"                     [id=24824, stack(0x000000d1e1400000,0x000000d1e1500000) (1024K)]
  0x000001d1e44b80c0 WorkerThread "GC Thread#5"                     [id=9804, stack(0x000000d1e1500000,0x000000d1e1600000) (1024K)]
  0x000001d1e44b5c80 WorkerThread "GC Thread#6"                     [id=29932, stack(0x000000d1e1600000,0x000000d1e1700000) (1024K)]
  0x000001d1e44b4a60 WorkerThread "GC Thread#7"                     [id=32564, stack(0x000000d1e1700000,0x000000d1e1800000) (1024K)]
  0x000001d18088fbd0 ConcurrentGCThread "G1 Main Marker"            [id=6064, stack(0x000000d1e0000000,0x000000d1e0100000) (1024K)]
  0x000001d1fe6516a0 WorkerThread "G1 Conc#0"                       [id=25552, stack(0x000000d1e0100000,0x000000d1e0200000) (1024K)]
  0x000001d19e1f20a0 ConcurrentGCThread "G1 Refine#0"               [id=9648, stack(0x000000d1e0200000,0x000000d1e0300000) (1024K)]
  0x000001d19e1f28c0 ConcurrentGCThread "G1 Service"                [id=31592, stack(0x000000d1e0300000,0x000000d1e0400000) (1024K)]
Total: 14

Threads with active compile tasks:
C2 CompilerThread0    40928 4543       4       org.codehaus.plexus.util.xml.pull.MXParser::parseAttribute (1438 bytes)
Total: 1

VM state: not at safepoint (normal execution)

VM Mutex/Monitor currently owned by a thread: None

Heap address: 0x0000000748c00000, size: 2932 MB, Compressed Oops mode: Zero based, Oop shift amount: 3

CDS archive(s) mapped at: [0x000001d19f000000-0x000001d19fc90000-0x000001d19fc90000), size 13172736, SharedBaseAddress: 0x000001d19f000000, ArchiveRelocationMode: 1.
Compressed class space mapped at: 0x000001d1a0000000-0x000001d1e0000000, reserved size: 1073741824
Narrow klass base: 0x000001d19f000000, Narrow klass shift: 0, Narrow klass range: 0x100000000

GC Precious Log:
 CardTable entry size: 512
 Card Set container configuration: InlinePtr #cards 4 size 8 Array Of Cards #cards 16 size 48 Howl #buckets 8 coarsen threshold 3686 Howl Bitmap #cards 512 size 80 coarsen threshold 460 Card regions per heap region 1 cards per card region 4096
 CPUs: 8 total, 8 available
 Memory: 11723M
 Large Page Support: Disabled
 NUMA Support: Disabled
 Compressed Oops: Enabled (Zero based)
 Heap Region Size: 2M
 Heap Min Capacity: 8M
 Heap Initial Capacity: 184M
 Heap Max Capacity: 2932M
 Pre-touch: Disabled
 Parallel Workers: 8
 Concurrent Workers: 2
 Concurrent Refinement Workers: 8
 Periodic GC: Disabled

Heap:
 garbage-first heap   total 188416K, used 28225K [0x0000000748c00000, 0x0000000800000000)
  region size 2048K, 13 young (26624K), 6 survivors (12288K)
 Metaspace       used 16544K, committed 16832K, reserved 1114112K
  class space    used 1850K, committed 1984K, reserved 1048576K

Heap Regions: E=young(eden), S=young(survivor), O=old, HS=humongous(starts), HC=humongous(continues), CS=collection set, F=free, TAMS=top-at-mark-start, PB=parsable bottom
|   0|0x0000000748c00000, 0x0000000748e00000, 0x0000000748e00000|100%| O|  |TAMS 0x0000000748c00000| PB 0x0000000748c00000| Untracked 
|   1|0x0000000748e00000, 0x0000000748f907f8, 0x0000000749000000| 78%| O|  |TAMS 0x0000000748e00000| PB 0x0000000748e00000| Untracked 
|   2|0x0000000749000000, 0x0000000749000000, 0x0000000749200000|  0%| F|  |TAMS 0x0000000749000000| PB 0x0000000749000000| Untracked 
|   3|0x0000000749200000, 0x0000000749200000, 0x0000000749400000|  0%| F|  |TAMS 0x0000000749200000| PB 0x0000000749200000| Untracked 
|   4|0x0000000749400000, 0x0000000749400000, 0x0000000749600000|  0%| F|  |TAMS 0x0000000749400000| PB 0x0000000749400000| Untracked 
|   5|0x0000000749600000, 0x0000000749600000, 0x0000000749800000|  0%| F|  |TAMS 0x0000000749600000| PB 0x0000000749600000| Untracked 
|   6|0x0000000749800000, 0x0000000749800000, 0x0000000749a00000|  0%| F|  |TAMS 0x0000000749800000| PB 0x0000000749800000| Untracked 
|   7|0x0000000749a00000, 0x0000000749a00000, 0x0000000749c00000|  0%| F|  |TAMS 0x0000000749a00000| PB 0x0000000749a00000| Untracked 
|   8|0x0000000749c00000, 0x0000000749c00000, 0x0000000749e00000|  0%| F|  |TAMS 0x0000000749c00000| PB 0x0000000749c00000| Untracked 
|   9|0x0000000749e00000, 0x0000000749e00000, 0x000000074a000000|  0%| F|  |TAMS 0x0000000749e00000| PB 0x0000000749e00000| Untracked 
|  10|0x000000074a000000, 0x000000074a000000, 0x000000074a200000|  0%| F|  |TAMS 0x000000074a000000| PB 0x000000074a000000| Untracked 
|  11|0x000000074a200000, 0x000000074a200000, 0x000000074a400000|  0%| F|  |TAMS 0x000000074a200000| PB 0x000000074a200000| Untracked 
|  12|0x000000074a400000, 0x000000074a400000, 0x000000074a600000|  0%| F|  |TAMS 0x000000074a400000| PB 0x000000074a400000| Untracked 
|  13|0x000000074a600000, 0x000000074a600000, 0x000000074a800000|  0%| F|  |TAMS 0x000000074a600000| PB 0x000000074a600000| Untracked 
|  14|0x000000074a800000, 0x000000074a800000, 0x000000074aa00000|  0%| F|  |TAMS 0x000000074a800000| PB 0x000000074a800000| Untracked 
|  15|0x000000074aa00000, 0x000000074aa00000, 0x000000074ac00000|  0%| F|  |TAMS 0x000000074aa00000| PB 0x000000074aa00000| Untracked 
|  16|0x000000074ac00000, 0x000000074ac00000, 0x000000074ae00000|  0%| F|  |TAMS 0x000000074ac00000| PB 0x000000074ac00000| Untracked 
|  17|0x000000074ae00000, 0x000000074ae00000, 0x000000074b000000|  0%| F|  |TAMS 0x000000074ae00000| PB 0x000000074ae00000| Untracked 
|  18|0x000000074b000000, 0x000000074b000000, 0x000000074b200000|  0%| F|  |TAMS 0x000000074b000000| PB 0x000000074b000000| Untracked 
|  19|0x000000074b200000, 0x000000074b200000, 0x000000074b400000|  0%| F|  |TAMS 0x000000074b200000| PB 0x000000074b200000| Untracked 
|  20|0x000000074b400000, 0x000000074b400000, 0x000000074b600000|  0%| F|  |TAMS 0x000000074b400000| PB 0x000000074b400000| Untracked 
|  21|0x000000074b600000, 0x000000074b600000, 0x000000074b800000|  0%| F|  |TAMS 0x000000074b600000| PB 0x000000074b600000| Untracked 
|  22|0x000000074b800000, 0x000000074b800000, 0x000000074ba00000|  0%| F|  |TAMS 0x000000074b800000| PB 0x000000074b800000| Untracked 
|  23|0x000000074ba00000, 0x000000074ba00000, 0x000000074bc00000|  0%| F|  |TAMS 0x000000074ba00000| PB 0x000000074ba00000| Untracked 
|  24|0x000000074bc00000, 0x000000074bc00000, 0x000000074be00000|  0%| F|  |TAMS 0x000000074bc00000| PB 0x000000074bc00000| Untracked 
|  25|0x000000074be00000, 0x000000074be00000, 0x000000074c000000|  0%| F|  |TAMS 0x000000074be00000| PB 0x000000074be00000| Untracked 
|  26|0x000000074c000000, 0x000000074c000000, 0x000000074c200000|  0%| F|  |TAMS 0x000000074c000000| PB 0x000000074c000000| Untracked 
|  27|0x000000074c200000, 0x000000074c200000, 0x000000074c400000|  0%| F|  |TAMS 0x000000074c200000| PB 0x000000074c200000| Untracked 
|  28|0x000000074c400000, 0x000000074c400000, 0x000000074c600000|  0%| F|  |TAMS 0x000000074c400000| PB 0x000000074c400000| Untracked 
|  29|0x000000074c600000, 0x000000074c600000, 0x000000074c800000|  0%| F|  |TAMS 0x000000074c600000| PB 0x000000074c600000| Untracked 
|  30|0x000000074c800000, 0x000000074c800000, 0x000000074ca00000|  0%| F|  |TAMS 0x000000074c800000| PB 0x000000074c800000| Untracked 
|  31|0x000000074ca00000, 0x000000074cc00000, 0x000000074cc00000|100%| S|CS|TAMS 0x000000074ca00000| PB 0x000000074ca00000| Complete 
|  32|0x000000074cc00000, 0x000000074ce00000, 0x000000074ce00000|100%| S|CS|TAMS 0x000000074cc00000| PB 0x000000074cc00000| Complete 
|  33|0x000000074ce00000, 0x000000074d000000, 0x000000074d000000|100%| S|CS|TAMS 0x000000074ce00000| PB 0x000000074ce00000| Complete 
|  34|0x000000074d000000, 0x000000074d200000, 0x000000074d200000|100%| S|CS|TAMS 0x000000074d000000| PB 0x000000074d000000| Complete 
|  35|0x000000074d200000, 0x000000074d400000, 0x000000074d400000|100%| S|CS|TAMS 0x000000074d200000| PB 0x000000074d200000| Complete 
|  36|0x000000074d400000, 0x000000074d600000, 0x000000074d600000|100%| S|CS|TAMS 0x000000074d400000| PB 0x000000074d400000| Complete 
|  37|0x000000074d600000, 0x000000074d600000, 0x000000074d800000|  0%| F|  |TAMS 0x000000074d600000| PB 0x000000074d600000| Untracked 
|  38|0x000000074d800000, 0x000000074d800000, 0x000000074da00000|  0%| F|  |TAMS 0x000000074d800000| PB 0x000000074d800000| Untracked 
|  39|0x000000074da00000, 0x000000074da00000, 0x000000074dc00000|  0%| F|  |TAMS 0x000000074da00000| PB 0x000000074da00000| Untracked 
|  40|0x000000074dc00000, 0x000000074dc00000, 0x000000074de00000|  0%| F|  |TAMS 0x000000074dc00000| PB 0x000000074dc00000| Untracked 
|  41|0x000000074de00000, 0x000000074de00000, 0x000000074e000000|  0%| F|  |TAMS 0x000000074de00000| PB 0x000000074de00000| Untracked 
|  42|0x000000074e000000, 0x000000074e000000, 0x000000074e200000|  0%| F|  |TAMS 0x000000074e000000| PB 0x000000074e000000| Untracked 
|  43|0x000000074e200000, 0x000000074e200000, 0x000000074e400000|  0%| F|  |TAMS 0x000000074e200000| PB 0x000000074e200000| Untracked 
|  44|0x000000074e400000, 0x000000074e400000, 0x000000074e600000|  0%| F|  |TAMS 0x000000074e400000| PB 0x000000074e400000| Untracked 
|  45|0x000000074e600000, 0x000000074e600000, 0x000000074e800000|  0%| F|  |TAMS 0x000000074e600000| PB 0x000000074e600000| Untracked 
|  46|0x000000074e800000, 0x000000074e800000, 0x000000074ea00000|  0%| F|  |TAMS 0x000000074e800000| PB 0x000000074e800000| Untracked 
|  47|0x000000074ea00000, 0x000000074ea00000, 0x000000074ec00000|  0%| F|  |TAMS 0x000000074ea00000| PB 0x000000074ea00000| Untracked 
|  48|0x000000074ec00000, 0x000000074ec00000, 0x000000074ee00000|  0%| F|  |TAMS 0x000000074ec00000| PB 0x000000074ec00000| Untracked 
|  49|0x000000074ee00000, 0x000000074ee00000, 0x000000074f000000|  0%| F|  |TAMS 0x000000074ee00000| PB 0x000000074ee00000| Untracked 
|  50|0x000000074f000000, 0x000000074f000000, 0x000000074f200000|  0%| F|  |TAMS 0x000000074f000000| PB 0x000000074f000000| Untracked 
|  51|0x000000074f200000, 0x000000074f200000, 0x000000074f400000|  0%| F|  |TAMS 0x000000074f200000| PB 0x000000074f200000| Untracked 
|  52|0x000000074f400000, 0x000000074f400000, 0x000000074f600000|  0%| F|  |TAMS 0x000000074f400000| PB 0x000000074f400000| Untracked 
|  53|0x000000074f600000, 0x000000074f600000, 0x000000074f800000|  0%| F|  |TAMS 0x000000074f600000| PB 0x000000074f600000| Untracked 
|  54|0x000000074f800000, 0x000000074f800000, 0x000000074fa00000|  0%| F|  |TAMS 0x000000074f800000| PB 0x000000074f800000| Untracked 
|  55|0x000000074fa00000, 0x000000074fa00000, 0x000000074fc00000|  0%| F|  |TAMS 0x000000074fa00000| PB 0x000000074fa00000| Untracked 
|  56|0x000000074fc00000, 0x000000074fc00000, 0x000000074fe00000|  0%| F|  |TAMS 0x000000074fc00000| PB 0x000000074fc00000| Untracked 
|  57|0x000000074fe00000, 0x000000074fe00000, 0x0000000750000000|  0%| F|  |TAMS 0x000000074fe00000| PB 0x000000074fe00000| Untracked 
|  58|0x0000000750000000, 0x0000000750000000, 0x0000000750200000|  0%| F|  |TAMS 0x0000000750000000| PB 0x0000000750000000| Untracked 
|  59|0x0000000750200000, 0x0000000750200000, 0x0000000750400000|  0%| F|  |TAMS 0x0000000750200000| PB 0x0000000750200000| Untracked 
|  60|0x0000000750400000, 0x0000000750400000, 0x0000000750600000|  0%| F|  |TAMS 0x0000000750400000| PB 0x0000000750400000| Untracked 
|  61|0x0000000750600000, 0x0000000750600000, 0x0000000750800000|  0%| F|  |TAMS 0x0000000750600000| PB 0x0000000750600000| Untracked 
|  62|0x0000000750800000, 0x0000000750800000, 0x0000000750a00000|  0%| F|  |TAMS 0x0000000750800000| PB 0x0000000750800000| Untracked 
|  63|0x0000000750a00000, 0x0000000750a00000, 0x0000000750c00000|  0%| F|  |TAMS 0x0000000750a00000| PB 0x0000000750a00000| Untracked 
|  64|0x0000000750c00000, 0x0000000750c00000, 0x0000000750e00000|  0%| F|  |TAMS 0x0000000750c00000| PB 0x0000000750c00000| Untracked 
|  65|0x0000000750e00000, 0x0000000750e00000, 0x0000000751000000|  0%| F|  |TAMS 0x0000000750e00000| PB 0x0000000750e00000| Untracked 
|  66|0x0000000751000000, 0x0000000751000000, 0x0000000751200000|  0%| F|  |TAMS 0x0000000751000000| PB 0x0000000751000000| Untracked 
|  67|0x0000000751200000, 0x0000000751200000, 0x0000000751400000|  0%| F|  |TAMS 0x0000000751200000| PB 0x0000000751200000| Untracked 
|  68|0x0000000751400000, 0x0000000751400000, 0x0000000751600000|  0%| F|  |TAMS 0x0000000751400000| PB 0x0000000751400000| Untracked 
|  69|0x0000000751600000, 0x0000000751600000, 0x0000000751800000|  0%| F|  |TAMS 0x0000000751600000| PB 0x0000000751600000| Untracked 
|  70|0x0000000751800000, 0x0000000751800000, 0x0000000751a00000|  0%| F|  |TAMS 0x0000000751800000| PB 0x0000000751800000| Untracked 
|  71|0x0000000751a00000, 0x0000000751a00000, 0x0000000751c00000|  0%| F|  |TAMS 0x0000000751a00000| PB 0x0000000751a00000| Untracked 
|  72|0x0000000751c00000, 0x0000000751c00000, 0x0000000751e00000|  0%| F|  |TAMS 0x0000000751c00000| PB 0x0000000751c00000| Untracked 
|  73|0x0000000751e00000, 0x0000000751e00000, 0x0000000752000000|  0%| F|  |TAMS 0x0000000751e00000| PB 0x0000000751e00000| Untracked 
|  74|0x0000000752000000, 0x0000000752000000, 0x0000000752200000|  0%| F|  |TAMS 0x0000000752000000| PB 0x0000000752000000| Untracked 
|  75|0x0000000752200000, 0x0000000752200000, 0x0000000752400000|  0%| F|  |TAMS 0x0000000752200000| PB 0x0000000752200000| Untracked 
|  76|0x0000000752400000, 0x0000000752400000, 0x0000000752600000|  0%| F|  |TAMS 0x0000000752400000| PB 0x0000000752400000| Untracked 
|  77|0x0000000752600000, 0x0000000752600000, 0x0000000752800000|  0%| F|  |TAMS 0x0000000752600000| PB 0x0000000752600000| Untracked 
|  78|0x0000000752800000, 0x0000000752800000, 0x0000000752a00000|  0%| F|  |TAMS 0x0000000752800000| PB 0x0000000752800000| Untracked 
|  79|0x0000000752a00000, 0x0000000752a00000, 0x0000000752c00000|  0%| F|  |TAMS 0x0000000752a00000| PB 0x0000000752a00000| Untracked 
|  80|0x0000000752c00000, 0x0000000752c00000, 0x0000000752e00000|  0%| F|  |TAMS 0x0000000752c00000| PB 0x0000000752c00000| Untracked 
|  81|0x0000000752e00000, 0x0000000752e00000, 0x0000000753000000|  0%| F|  |TAMS 0x0000000752e00000| PB 0x0000000752e00000| Untracked 
|  82|0x0000000753000000, 0x0000000753000000, 0x0000000753200000|  0%| F|  |TAMS 0x0000000753000000| PB 0x0000000753000000| Untracked 
|  83|0x0000000753200000, 0x0000000753200000, 0x0000000753400000|  0%| F|  |TAMS 0x0000000753200000| PB 0x0000000753200000| Untracked 
|  84|0x0000000753400000, 0x0000000753400000, 0x0000000753600000|  0%| F|  |TAMS 0x0000000753400000| PB 0x0000000753400000| Untracked 
|  85|0x0000000753600000, 0x0000000753800000, 0x0000000753800000|100%| E|  |TAMS 0x0000000753600000| PB 0x0000000753600000| Complete 
|  86|0x0000000753800000, 0x0000000753a00000, 0x0000000753a00000|100%| E|CS|TAMS 0x0000000753800000| PB 0x0000000753800000| Complete 
|  87|0x0000000753a00000, 0x0000000753c00000, 0x0000000753c00000|100%| E|CS|TAMS 0x0000000753a00000| PB 0x0000000753a00000| Complete 
|  88|0x0000000753c00000, 0x0000000753e00000, 0x0000000753e00000|100%| E|CS|TAMS 0x0000000753c00000| PB 0x0000000753c00000| Complete 
|  89|0x0000000753e00000, 0x0000000754000000, 0x0000000754000000|100%| E|CS|TAMS 0x0000000753e00000| PB 0x0000000753e00000| Complete 
|  90|0x0000000754000000, 0x0000000754200000, 0x0000000754200000|100%| E|CS|TAMS 0x0000000754000000| PB 0x0000000754000000| Complete 
|  91|0x0000000754200000, 0x0000000754400000, 0x0000000754400000|100%| E|CS|TAMS 0x0000000754200000| PB 0x0000000754200000| Complete 

Card table byte_map: [0x000001d1985c0000,0x000001d198b80000] _byte_map_base: 0x000001d194b7a000

Marking Bits: (CMBitMap*) 0x000001d180883bb0
 Bits: [0x000001d198b80000, 0x000001d19b950000)

Polling page: 0x000001d180000000

Metaspace:

Usage:
  Non-class:     14.35 MB used.
      Class:      1.81 MB used.
       Both:     16.16 MB used.

Virtual space:
  Non-class space:       64.00 MB reserved,      14.50 MB ( 23%) committed,  1 nodes.
      Class space:        1.00 GB reserved,       1.94 MB ( <1%) committed,  1 nodes.
             Both:        1.06 GB reserved,      16.44 MB (  2%) committed. 

Chunk freelists:
   Non-Class:  1.34 MB
       Class:  13.93 MB
        Both:  15.28 MB

MaxMetaspaceSize: unlimited
CompressedClassSpaceSize: 1.00 GB
Initial GC threshold: 21.00 MB
Current GC threshold: 21.00 MB
CDS: on
 - commit_granule_bytes: 65536.
 - commit_granule_words: 8192.
 - virtual_space_node_default_size: 8388608.
 - enlarge_chunks_in_place: 1.
 - use_allocation_guard: 0.


Internal statistics:

num_allocs_failed_limit: 0.
num_arena_births: 170.
num_arena_deaths: 0.
num_vsnodes_births: 2.
num_vsnodes_deaths: 0.
num_space_committed: 263.
num_space_uncommitted: 0.
num_chunks_returned_to_freelist: 0.
num_chunks_taken_from_freelist: 710.
num_chunk_merges: 0.
num_chunk_splits: 503.
num_chunks_enlarged: 415.
num_inconsistent_stats: 0.

CodeHeap 'non-profiled nmethods': size=120000Kb used=2346Kb max_used=2346Kb free=117653Kb
 bounds [0x000001d1907a0000, 0x000001d190a10000, 0x000001d197cd0000]
CodeHeap 'profiled nmethods': size=120000Kb used=9804Kb max_used=9804Kb free=110196Kb
 bounds [0x000001d188cd0000, 0x000001d189670000, 0x000001d190200000]
CodeHeap 'non-nmethods': size=5760Kb used=1394Kb max_used=1479Kb free=4365Kb
 bounds [0x000001d190200000, 0x000001d190470000, 0x000001d1907a0000]
 total_blobs=5039 nmethods=4550 adapters=393
 compilation: enabled
              stopped_count=0, restarted_count=0
 full_count=0

Compilation events (20 events):
Event: 40.207 Thread 0x000001d19e3c0170 4538       3       org.eclipse.aether.graph.Dependency$Exclusions$1::hasNext (21 bytes)
Event: 40.208 Thread 0x000001d19e3c0170 nmethod 4538 0x000001d189655990 code [0x000001d189655b40, 0x000001d189655cd8]
Event: 40.208 Thread 0x000001d19e3c0170 4539       3       org.eclipse.aether.graph.Dependency$Exclusions::size (6 bytes)
Event: 40.208 Thread 0x000001d19e3c0170 nmethod 4539 0x000001d189655e10 code [0x000001d189655fa0, 0x000001d1896560b8]
Event: 40.211 Thread 0x000001d19e3545b0 4540       4       java.util.regex.Pattern$GroupHead::match (47 bytes)
Event: 40.213 Thread 0x000001d19e3545b0 nmethod 4540 0x000001d1909e8010 code [0x000001d1909e81a0, 0x000001d1909e8330]
Event: 40.231 Thread 0x000001d1e611a3e0 nmethod 4534 0x000001d1909e8490 code [0x000001d1909e8740, 0x000001d1909e96f8]
Event: 40.532 Thread 0x000001d1e611a3e0 4541       4       java.util.Collections$UnmodifiableCollection::contains (11 bytes)
Event: 40.535 Thread 0x000001d19e3c0170 4542       3       java.util.Collections$UnmodifiableMap::size (10 bytes)
Event: 40.535 Thread 0x000001d19e3c0170 nmethod 4542 0x000001d189656190 code [0x000001d189656340, 0x000001d189656520]
Event: 40.535 Thread 0x000001d19e3545b0 4543       4       org.codehaus.plexus.util.xml.pull.MXParser::parseAttribute (1438 bytes)
Event: 40.535 Thread 0x000001d1e611a3e0 nmethod 4541 0x000001d1909ea190 code [0x000001d1909ea340, 0x000001d1909ea500]
Event: 40.549 Thread 0x000001d1e611a3e0 4544       4       java.util.Objects::hashCode (13 bytes)
Event: 40.550 Thread 0x000001d1e611a3e0 nmethod 4544 0x000001d1909ea690 code [0x000001d1909ea820, 0x000001d1909ea910]
Event: 40.692 Thread 0x000001d19e3c0170 4545       3       org.eclipse.aether.util.graph.selector.ExclusionDependencySelector::selectDependency (57 bytes)
Event: 40.693 Thread 0x000001d19e3c0170 nmethod 4545 0x000001d189656610 code [0x000001d189656800, 0x000001d189656c38]
Event: 40.703 Thread 0x000001d19e3c0170 4547   !   3       java.util.Collections$SynchronizedMap::put (28 bytes)
Event: 40.703 Thread 0x000001d19e3c0170 nmethod 4547 0x000001d189656e10 code [0x000001d189656fc0, 0x000001d189657290]
Event: 40.703 Thread 0x000001d19e3c0170 4548       3       org.eclipse.aether.resolution.ArtifactDescriptorResult::<init> (75 bytes)
Event: 40.704 Thread 0x000001d19e3c0170 nmethod 4548 0x000001d189657410 code [0x000001d189657660, 0x000001d189657fc8]

GC Heap History (6 events):
Event: 7.228 GC heap before
{Heap before GC invocations=0 (full 0):
 garbage-first heap   total 188416K, used 22528K [0x0000000748c00000, 0x0000000800000000)
  region size 2048K, 11 young (22528K), 0 survivors (0K)
 Metaspace       used 5601K, committed 5760K, reserved 1114112K
  class space    used 645K, committed 768K, reserved 1048576K
}
Event: 7.706 GC heap after
{Heap after GC invocations=1 (full 0):
 garbage-first heap   total 188416K, used 3840K [0x0000000748c00000, 0x0000000800000000)
  region size 2048K, 2 young (4096K), 2 survivors (4096K)
 Metaspace       used 5601K, committed 5760K, reserved 1114112K
  class space    used 645K, committed 768K, reserved 1048576K
}
Event: 14.969 GC heap before
{Heap before GC invocations=1 (full 0):
 garbage-first heap   total 188416K, used 34560K [0x0000000748c00000, 0x0000000800000000)
  region size 2048K, 17 young (34816K), 2 survivors (4096K)
 Metaspace       used 9604K, committed 9792K, reserved 1114112K
  class space    used 1128K, committed 1216K, reserved 1048576K
}
Event: 14.977 GC heap after
{Heap after GC invocations=2 (full 0):
 garbage-first heap   total 188416K, used 5275K [0x0000000748c00000, 0x0000000800000000)
  region size 2048K, 1 young (2048K), 1 survivors (2048K)
 Metaspace       used 9604K, committed 9792K, reserved 1114112K
  class space    used 1128K, committed 1216K, reserved 1048576K
}
Event: 39.273 GC heap before
{Heap before GC invocations=2 (full 0):
 garbage-first heap   total 188416K, used 113819K [0x0000000748c00000, 0x0000000800000000)
  region size 2048K, 55 young (112640K), 1 survivors (2048K)
 Metaspace       used 16493K, committed 16768K, reserved 1114112K
  class space    used 1850K, committed 1984K, reserved 1048576K
}
Event: 39.294 GC heap after
{Heap after GC invocations=3 (full 0):
 garbage-first heap   total 188416K, used 15937K [0x0000000748c00000, 0x0000000800000000)
  region size 2048K, 6 young (12288K), 6 survivors (12288K)
 Metaspace       used 16493K, committed 16768K, reserved 1114112K
  class space    used 1850K, committed 1984K, reserved 1048576K
}

Dll operation events (8 events):
Event: 0.540 Loaded shared library C:\Program Files\Java\jdk-21\bin\java.dll
Event: 0.899 Loaded shared library C:\Program Files\Java\jdk-21\bin\jsvml.dll
Event: 1.366 Loaded shared library C:\Program Files\Java\jdk-21\bin\net.dll
Event: 1.369 Loaded shared library C:\Program Files\Java\jdk-21\bin\nio.dll
Event: 1.375 Loaded shared library C:\Program Files\Java\jdk-21\bin\zip.dll
Event: 2.608 Loaded shared library C:\Users\2oleg\Downloads\apache-maven-3.9.11-bin\apache-maven-3.9.11\lib\jansi-native\Windows\x86_64\jansi.dll
Event: 2.639 Loaded shared library C:\Program Files\Java\jdk-21\bin\jimage.dll
Event: 2.655 Loaded shared library C:\Program Files\Java\jdk-21\bin\verify.dll

Deoptimization events (20 events):
Event: 35.229 Thread 0x000001d1fe667150 Uncommon trap: trap_request=0xffffffbe fr.pc=0x000001d190987c10 relative=0x00000000000011b0
Event: 35.229 Thread 0x000001d1fe667150 Uncommon trap: reason=profile_predicate action=maybe_recompile pc=0x000001d190987c10 method=java.util.concurrent.ConcurrentHashMap.putAll(Ljava/util/Map;)V @ 28 c2
Event: 35.229 Thread 0x000001d1fe667150 DEOPT PACKING pc=0x000001d190987c10 sp=0x000000d1dfefbed0
Event: 35.229 Thread 0x000001d1fe667150 DEOPT UNPACKING pc=0x000001d1902546a2 sp=0x000000d1dfefbeb0 mode 2
Event: 35.230 Thread 0x000001d1fe667150 Uncommon trap: trap_request=0xffffffbe fr.pc=0x000001d190987c10 relative=0x00000000000011b0
Event: 35.230 Thread 0x000001d1fe667150 Uncommon trap: reason=profile_predicate action=maybe_recompile pc=0x000001d190987c10 method=java.util.concurrent.ConcurrentHashMap.putAll(Ljava/util/Map;)V @ 28 c2
Event: 35.230 Thread 0x000001d1fe667150 DEOPT PACKING pc=0x000001d190987c10 sp=0x000000d1dfefbc40
Event: 35.230 Thread 0x000001d1fe667150 DEOPT UNPACKING pc=0x000001d1902546a2 sp=0x000000d1dfefbc20 mode 2
Event: 35.230 Thread 0x000001d1fe667150 Uncommon trap: trap_request=0xffffffbe fr.pc=0x000001d190987c10 relative=0x00000000000011b0
Event: 35.230 Thread 0x000001d1fe667150 Uncommon trap: reason=profile_predicate action=maybe_recompile pc=0x000001d190987c10 method=java.util.concurrent.ConcurrentHashMap.putAll(Ljava/util/Map;)V @ 28 c2
Event: 35.230 Thread 0x000001d1fe667150 DEOPT PACKING pc=0x000001d190987c10 sp=0x000000d1dfefbed0
Event: 35.230 Thread 0x000001d1fe667150 DEOPT UNPACKING pc=0x000001d1902546a2 sp=0x000000d1dfefbeb0 mode 2
Event: 36.117 Thread 0x000001d1fe667150 Uncommon trap: trap_request=0xffffff45 fr.pc=0x000001d1908beda8 relative=0x0000000000002c88
Event: 36.117 Thread 0x000001d1fe667150 Uncommon trap: reason=unstable_if action=reinterpret pc=0x000001d1908beda8 method=org.codehaus.plexus.util.xml.pull.MXParser.isS(C)Z @ 21 c2
Event: 36.117 Thread 0x000001d1fe667150 DEOPT PACKING pc=0x000001d1908beda8 sp=0x000000d1dfefc240
Event: 36.117 Thread 0x000001d1fe667150 DEOPT UNPACKING pc=0x000001d1902546a2 sp=0x000000d1dfefc178 mode 2
Event: 39.790 Thread 0x000001d1fe667150 Uncommon trap: trap_request=0xffffff76 fr.pc=0x000001d190826050 relative=0x00000000000002f0
Event: 39.790 Thread 0x000001d1fe667150 Uncommon trap: reason=predicate action=maybe_recompile pc=0x000001d190826050 method=java.nio.charset.CharsetDecoder.decode(Ljava/nio/ByteBuffer;Ljava/nio/CharBuffer;Z)Ljava/nio/charset/CoderResult; @ 54 c2
Event: 39.790 Thread 0x000001d1fe667150 DEOPT PACKING pc=0x000001d190826050 sp=0x000000d1dfefb550
Event: 39.790 Thread 0x000001d1fe667150 DEOPT UNPACKING pc=0x000001d1902546a2 sp=0x000000d1dfefb4e0 mode 2

Classes loaded (20 events):
Event: 26.991 Loading class sun/nio/fs/WindowsException
Event: 26.991 Loading class sun/nio/fs/WindowsException done
Event: 26.992 Loading class sun/nio/fs/WindowsDirectoryStream
Event: 26.992 Loading class java/nio/file/DirectoryStream
Event: 26.992 Loading class java/nio/file/DirectoryStream done
Event: 26.992 Loading class sun/nio/fs/WindowsDirectoryStream done
Event: 26.992 Loading class java/nio/file/NoSuchFileException
Event: 26.992 Loading class java/nio/file/NoSuchFileException done
Event: 28.106 Loading class java/util/stream/MatchOps$MatchKind
Event: 28.106 Loading class java/util/stream/MatchOps$MatchKind done
Event: 28.106 Loading class java/util/stream/MatchOps
Event: 28.106 Loading class java/util/stream/MatchOps done
Event: 28.107 Loading class java/util/stream/MatchOps$MatchOp
Event: 28.107 Loading class java/util/stream/MatchOps$MatchOp done
Event: 28.107 Loading class java/util/stream/MatchOps$BooleanTerminalSink
Event: 28.107 Loading class java/util/stream/MatchOps$BooleanTerminalSink done
Event: 28.108 Loading class java/util/stream/MatchOps$1MatchSink
Event: 28.108 Loading class java/util/stream/MatchOps$1MatchSink done
Event: 39.790 Loading class sun/nio/cs/ISO_8859_1$Decoder
Event: 39.790 Loading class sun/nio/cs/ISO_8859_1$Decoder done

Classes unloaded (0 events):
No events

Classes redefined (0 events):
No events

Internal exceptions (20 events):
Event: 23.587 Thread 0x000001d1fe667150 Exception <a 'java/lang/NoSuchMethodError'{0x0000000752d66da8}: 'void java.lang.invoke.DirectMethodHandle$Holder.invokeSpecial(java.lang.Object, java.lang.Object, java.lang.Object, java.lang.Object, java.lang.Object, java.lang.Object)'> (0x0000000752d66da8) 
thrown [s\open\src\hotspot\share\interpreter\linkResolver.cpp, line 773]
Event: 23.744 Thread 0x000001d1fe667150 Exception <a 'java/lang/NoSuchMethodError'{0x0000000752a57078}: 'java.lang.Object java.lang.invoke.DirectMethodHandle$Holder.invokeVirtual(java.lang.Object, java.lang.Object, java.lang.Object)'> (0x0000000752a57078) 
thrown [s\open\src\hotspot\share\interpreter\linkResolver.cpp, line 773]
Event: 25.202 Thread 0x000001d1fe667150 Exception <a 'java/lang/NoSuchMethodError'{0x0000000752831408}: 'void java.lang.invoke.DirectMethodHandle$Holder.invokeVirtual(java.lang.Object, java.lang.Object, int)'> (0x0000000752831408) 
thrown [s\open\src\hotspot\share\interpreter\linkResolver.cpp, line 773]
Event: 25.203 Thread 0x000001d1fe667150 Exception <a 'java/lang/NoSuchMethodError'{0x00000007528351b8}: 'void java.lang.invoke.DirectMethodHandle$Holder.invokeSpecial(java.lang.Object, java.lang.Object, java.lang.Object, int)'> (0x00000007528351b8) 
thrown [s\open\src\hotspot\share\interpreter\linkResolver.cpp, line 773]
Event: 25.204 Thread 0x000001d1fe667150 Exception <a 'java/lang/NoSuchMethodError'{0x0000000752838888}: 'void java.lang.invoke.DelegatingMethodHandle$Holder.reinvoke_L(java.lang.Object, java.lang.Object, int)'> (0x0000000752838888) 
thrown [s\open\src\hotspot\share\interpreter\linkResolver.cpp, line 773]
Event: 26.992 Thread 0x000001d1fe667150 Exception <a 'sun/nio/fs/WindowsException'{0x0000000751892b58}> (0x0000000751892b58) 
thrown [s\open\src\hotspot\share\prims\jni.cpp, line 520]
Event: 26.992 Thread 0x000001d1fe667150 Exception <a 'sun/nio/fs/WindowsException'{0x0000000751892fd8}> (0x0000000751892fd8) 
thrown [s\open\src\hotspot\share\prims\jni.cpp, line 520]
Event: 28.362 Thread 0x000001d1fe667150 Exception <a 'sun/nio/fs/WindowsException'{0x0000000750a2af18}> (0x0000000750a2af18) 
thrown [s\open\src\hotspot\share\prims\jni.cpp, line 520]
Event: 28.363 Thread 0x000001d1fe667150 Exception <a 'sun/nio/fs/WindowsException'{0x0000000750a2b278}> (0x0000000750a2b278) 
thrown [s\open\src\hotspot\share\prims\jni.cpp, line 520]
Event: 28.368 Thread 0x000001d1fe667150 Exception <a 'sun/nio/fs/WindowsException'{0x0000000750a51f08}> (0x0000000750a51f08) 
thrown [s\open\src\hotspot\share\prims\jni.cpp, line 520]
Event: 28.368 Thread 0x000001d1fe667150 Exception <a 'sun/nio/fs/WindowsException'{0x0000000750a52230}> (0x0000000750a52230) 
thrown [s\open\src\hotspot\share\prims\jni.cpp, line 520]
Event: 28.374 Thread 0x000001d1fe667150 Exception <a 'sun/nio/fs/WindowsException'{0x0000000750abb0c8}> (0x0000000750abb0c8) 
thrown [s\open\src\hotspot\share\prims\jni.cpp, line 520]
Event: 28.374 Thread 0x000001d1fe667150 Exception <a 'sun/nio/fs/WindowsException'{0x0000000750abb3a8}> (0x0000000750abb3a8) 
thrown [s\open\src\hotspot\share\prims\jni.cpp, line 520]
Event: 29.534 Thread 0x000001d1fe667150 Implicit null exception at 0x000001d1908d4b46 to 0x000001d1908d5e3c
Event: 29.534 Thread 0x000001d1fe667150 Implicit null exception at 0x000001d1908d1e9d to 0x000001d1908d20b4
Event: 29.535 Thread 0x000001d1fe667150 Implicit null exception at 0x000001d190897a8d to 0x000001d1908982fc
Event: 35.256 Thread 0x000001d1fe667150 Exception <a 'sun/nio/fs/WindowsException'{0x000000074ed5d780}> (0x000000074ed5d780) 
thrown [s\open\src\hotspot\share\prims\jni.cpp, line 520]
Event: 35.256 Thread 0x000001d1fe667150 Exception <a 'sun/nio/fs/WindowsException'{0x000000074ed5da98}> (0x000000074ed5da98) 
thrown [s\open\src\hotspot\share\prims\jni.cpp, line 520]
Event: 39.973 Thread 0x000001d1fe667150 Exception <a 'sun/nio/fs/WindowsException'{0x0000000753c07938}> (0x0000000753c07938) 
thrown [s\open\src\hotspot\share\prims\jni.cpp, line 520]
Event: 39.973 Thread 0x000001d1fe667150 Exception <a 'sun/nio/fs/WindowsException'{0x0000000753c07c38}> (0x0000000753c07c38) 
thrown [s\open\src\hotspot\share\prims\jni.cpp, line 520]

ZGC Phase Switch (0 events):
No events

VM Operations (20 events):
Event: 22.968 Executing VM operation: Cleanup
Event: 22.968 Executing VM operation: Cleanup done
Event: 22.969 Executing VM operation: HandshakeAllThreads (Deoptimize)
Event: 22.969 Executing VM operation: HandshakeAllThreads (Deoptimize) done
Event: 23.969 Executing VM operation: Cleanup
Event: 25.176 Executing VM operation: Cleanup done
Event: 27.177 Executing VM operation: Cleanup
Event: 27.447 Executing VM operation: Cleanup done
Event: 28.447 Executing VM operation: Cleanup
Event: 29.517 Executing VM operation: Cleanup done
Event: 31.451 Executing VM operation: ICBufferFull
Event: 34.541 Executing VM operation: ICBufferFull done
Event: 36.542 Executing VM operation: Cleanup
Event: 36.612 Executing VM operation: Cleanup done
Event: 38.613 Executing VM operation: Cleanup
Event: 38.613 Executing VM operation: Cleanup done
Event: 39.122 Executing VM operation: G1CollectForAllocation (G1 Evacuation Pause)
Event: 39.295 Executing VM operation: G1CollectForAllocation (G1 Evacuation Pause) done
Event: 40.295 Executing VM operation: Cleanup
Event: 40.295 Executing VM operation: Cleanup done

Events (20 events):
Event: 2.935 Thread 0x000001d19e8ee870 Thread exited: 0x000001d19e8ee870
Event: 6.986 Thread 0x000001d19e8c20f0 Thread added: 0x000001d19e8c20f0
Event: 7.735 Thread 0x000001d1e4442b00 Thread added: 0x000001d1e4442b00
Event: 8.070 Thread 0x000001d1e4442b00 Thread exited: 0x000001d1e4442b00
Event: 8.070 Thread 0x000001d19e8c20f0 Thread exited: 0x000001d19e8c20f0
Event: 22.041 Thread 0x000001d1e57feaf0 Thread added: 0x000001d1e57feaf0
Event: 23.757 Thread 0x000001d1e5282810 Thread added: 0x000001d1e5282810
Event: 25.439 Thread 0x000001d1e5282810 Thread exited: 0x000001d1e5282810
Event: 26.266 Thread 0x000001d1e4bfd240 Thread added: 0x000001d1e4bfd240
Event: 27.581 Thread 0x000001d1e4bfd240 Thread exited: 0x000001d1e4bfd240
Event: 27.969 Thread 0x000001d1e4ed61b0 Thread added: 0x000001d1e4ed61b0
Event: 29.708 Thread 0x000001d1e4ed61b0 Thread exited: 0x000001d1e4ed61b0
Event: 30.633 Thread 0x000001d1e49b2020 Thread added: 0x000001d1e49b2020
Event: 30.852 Thread 0x000001d1e54d05c0 Thread added: 0x000001d1e54d05c0
Event: 36.114 Thread 0x000001d1e54d05c0 Thread exited: 0x000001d1e54d05c0
Event: 36.114 Thread 0x000001d1e49b2020 Thread exited: 0x000001d1e49b2020
Event: 38.878 Thread 0x000001d1e611a3e0 Thread added: 0x000001d1e611a3e0
Event: 38.891 Thread 0x000001d1e650b9a0 Thread added: 0x000001d1e650b9a0
Event: 39.765 Thread 0x000001d1e650b9a0 Thread exited: 0x000001d1e650b9a0
Event: 40.694 Thread 0x000001d1e611a3e0 Thread exited: 0x000001d1e611a3e0


Dynamic libraries:
0x00007ff703c60000 - 0x00007ff703c70000 	C:\Program Files\Java\jdk-21\bin\java.exe
0x00007ff9f5930000 - 0x00007ff9f5b28000 	C:\WINDOWS\SYSTEM32\ntdll.dll
0x00007ff9f5400000 - 0x00007ff9f54c2000 	C:\WINDOWS\System32\KERNEL32.DLL
0x00007ff9f3130000 - 0x00007ff9f3426000 	C:\WINDOWS\System32\KERNELBASE.dll
0x00007ff9e31d0000 - 0x00007ff9e31eb000 	C:\Program Files\Java\jdk-21\bin\VCRUNTIME140.dll
0x00007ff9e2300000 - 0x00007ff9e2319000 	C:\Program Files\Java\jdk-21\bin\jli.dll
0x00007ff9f3da0000 - 0x00007ff9f3e51000 	C:\WINDOWS\System32\ADVAPI32.dll
0x00007ff9f3820000 - 0x00007ff9f3920000 	C:\WINDOWS\System32\ucrtbase.dll
0x00007ff9f5820000 - 0x00007ff9f58be000 	C:\WINDOWS\System32\msvcrt.dll
0x00007ff9f4800000 - 0x00007ff9f489f000 	C:\WINDOWS\System32\sechost.dll
0x00007ff9f3c10000 - 0x00007ff9f3d30000 	C:\WINDOWS\System32\RPCRT4.dll
0x00007ff9f3560000 - 0x00007ff9f3587000 	C:\WINDOWS\System32\bcrypt.dll
0x00007ff9f3f40000 - 0x00007ff9f40e1000 	C:\WINDOWS\System32\USER32.dll
0x00007ff9f3100000 - 0x00007ff9f3122000 	C:\WINDOWS\System32\win32u.dll
0x00007ff9e4da0000 - 0x00007ff9e503b000 	C:\WINDOWS\WinSxS\amd64_microsoft.windows.common-controls_6595b64144ccf1df_6.0.19041.6456_none_60b8a6cb71f64256\COMCTL32.dll
0x00007ff9f47c0000 - 0x00007ff9f47eb000 	C:\WINDOWS\System32\GDI32.dll
0x00007ff9f2f90000 - 0x00007ff9f30a9000 	C:\WINDOWS\System32\gdi32full.dll
0x00007ff9f3590000 - 0x00007ff9f362d000 	C:\WINDOWS\System32\msvcp_win.dll
0x00007ff9ecd10000 - 0x00007ff9ecd1a000 	C:\WINDOWS\SYSTEM32\VERSION.dll
0x00007ff9f3f10000 - 0x00007ff9f3f3f000 	C:\WINDOWS\System32\IMM32.DLL
0x00007ff9ed3a0000 - 0x00007ff9ed3ac000 	C:\Program Files\Java\jdk-21\bin\vcruntime140_1.dll
0x00007ff9c7130000 - 0x00007ff9c71be000 	C:\Program Files\Java\jdk-21\bin\msvcp140.dll
0x00007ff98ebe0000 - 0x00007ff98f8fa000 	C:\Program Files\Java\jdk-21\bin\server\jvm.dll
0x00007ff9f4210000 - 0x00007ff9f427b000 	C:\WINDOWS\System32\WS2_32.dll
0x00007ff9f2df0000 - 0x00007ff9f2e3b000 	C:\WINDOWS\SYSTEM32\POWRPROF.dll
0x00007ff9e0140000 - 0x00007ff9e0167000 	C:\WINDOWS\SYSTEM32\WINMM.dll
0x00007ff9f2dd0000 - 0x00007ff9f2de2000 	C:\WINDOWS\SYSTEM32\UMPDC.dll
0x00007ff9f0dc0000 - 0x00007ff9f0dd2000 	C:\WINDOWS\SYSTEM32\kernel.appcore.dll
0x00007ff9ed370000 - 0x00007ff9ed37a000 	C:\Program Files\Java\jdk-21\bin\jimage.dll
0x00007ff9df840000 - 0x00007ff9dfa41000 	C:\WINDOWS\SYSTEM32\DBGHELP.DLL
0x00007ff9dd350000 - 0x00007ff9dd384000 	C:\WINDOWS\SYSTEM32\dbgcore.DLL
0x00007ff9f3630000 - 0x00007ff9f36b2000 	C:\WINDOWS\System32\bcryptPrimitives.dll
0x00007ff9e0be0000 - 0x00007ff9e0bff000 	C:\Program Files\Java\jdk-21\bin\java.dll
0x00007ff9f4930000 - 0x00007ff9f50a0000 	C:\WINDOWS\System32\SHELL32.dll
0x00007ff9f0fc0000 - 0x00007ff9f1765000 	C:\WINDOWS\SYSTEM32\windows.storage.dll
0x00007ff9f50a0000 - 0x00007ff9f53f4000 	C:\WINDOWS\System32\combase.dll
0x00007ff9f28e0000 - 0x00007ff9f290b000 	C:\WINDOWS\SYSTEM32\Wldp.dll
0x00007ff9f46f0000 - 0x00007ff9f47bd000 	C:\WINDOWS\System32\OLEAUT32.dll
0x00007ff9f3920000 - 0x00007ff9f39cd000 	C:\WINDOWS\System32\SHCORE.dll
0x00007ff9f57c0000 - 0x00007ff9f581b000 	C:\WINDOWS\System32\shlwapi.dll
0x00007ff9f2ec0000 - 0x00007ff9f2ee4000 	C:\WINDOWS\SYSTEM32\profapi.dll
0x00007ff9ab440000 - 0x00007ff9ab517000 	C:\Program Files\Java\jdk-21\bin\jsvml.dll
0x00007ff9ebd20000 - 0x00007ff9ebd30000 	C:\Program Files\Java\jdk-21\bin\net.dll
0x00007ff9ec950000 - 0x00007ff9eca5a000 	C:\WINDOWS\SYSTEM32\WINHTTP.dll
0x00007ff9f25f0000 - 0x00007ff9f265a000 	C:\WINDOWS\system32\mswsock.dll
0x00007ff9dbf20000 - 0x00007ff9dbf36000 	C:\Program Files\Java\jdk-21\bin\nio.dll
0x00007ff9d8a60000 - 0x00007ff9d8a78000 	C:\Program Files\Java\jdk-21\bin\zip.dll
0x00007ff9d0da0000 - 0x00007ff9d0dc4000 	C:\Users\2oleg\Downloads\apache-maven-3.9.11-bin\apache-maven-3.9.11\lib\jansi-native\Windows\x86_64\jansi.dll
0x00007ff9e8580000 - 0x00007ff9e8590000 	C:\Program Files\Java\jdk-21\bin\verify.dll

dbghelp: loaded successfully - version: 4.0.5 - missing functions: none
symbol engine: initialized successfully - sym options: 0x614 - pdb path: .;C:\Program Files\Java\jdk-21\bin;C:\WINDOWS\SYSTEM32;C:\WINDOWS\WinSxS\amd64_microsoft.windows.common-controls_6595b64144ccf1df_6.0.19041.6456_none_60b8a6cb71f64256;C:\Program Files\Java\jdk-21\bin\server;C:\Users\2oleg\Downloads\apache-maven-3.9.11-bin\apache-maven-3.9.11\lib\jansi-native\Windows\x86_64

VM Arguments:
jvm_args: --enable-native-access=ALL-UNNAMED -Dclassworlds.conf=C:\Users\2oleg\Downloads\apache-maven-3.9.11-bin\apache-maven-3.9.11\bin\m2.conf -Dmaven.home=C:\Users\2oleg\Downloads\apache-maven-3.9.11-bin\apache-maven-3.9.11 -Dlibrary.jansi.path=C:\Users\2oleg\Downloads\apache-maven-3.9.11-bin\apache-maven-3.9.11\lib\jansi-native -Dmaven.multiModuleProjectDirectory=C:\Users\2oleg\Downloads\Telegram Desktop\Kefir\Backend\TransactionSaga 
java_command: org.codehaus.plexus.classworlds.launcher.Launcher spring-boot:run -Dserver.port=8090 -DskipTests
java_class_path (initial): C:\Users\2oleg\Downloads\apache-maven-3.9.11-bin\apache-maven-3.9.11\boot\plexus-classworlds-2.9.0.jar
Launcher Type: SUN_STANDARD

[Global flags]
     intx CICompilerCount                          = 4                                         {product} {ergonomic}
     uint ConcGCThreads                            = 2                                         {product} {ergonomic}
     uint G1ConcRefinementThreads                  = 8                                         {product} {ergonomic}
   size_t G1HeapRegionSize                         = 2097152                                   {product} {ergonomic}
    uintx GCDrainStackTargetSize                   = 64                                        {product} {ergonomic}
   size_t InitialHeapSize                          = 192937984                                 {product} {ergonomic}
   size_t MarkStackSize                            = 4194304                                   {product} {ergonomic}
   size_t MaxHeapSize                              = 3074424832                                {product} {ergonomic}
   size_t MaxNewSize                               = 1843396608                                {product} {ergonomic}
   size_t MinHeapDeltaBytes                        = 2097152                                   {product} {ergonomic}
   size_t MinHeapSize                              = 8388608                                   {product} {ergonomic}
    uintx NonNMethodCodeHeapSize                   = 5839372                                {pd product} {ergonomic}
    uintx NonProfiledCodeHeapSize                  = 122909434                              {pd product} {ergonomic}
    uintx ProfiledCodeHeapSize                     = 122909434                              {pd product} {ergonomic}
    uintx ReservedCodeCacheSize                    = 251658240                              {pd product} {ergonomic}
     bool SegmentedCodeCache                       = true                                      {product} {ergonomic}
   size_t SoftMaxHeapSize                          = 3074424832                             {manageable} {ergonomic}
     bool UseCompressedOops                        = true                           {product lp64_product} {ergonomic}
     bool UseG1GC                                  = true                                      {product} {ergonomic}
     bool UseLargePagesIndividualAllocation        = false                                  {pd product} {ergonomic}

Logging:
Log output configuration:
 #0: stdout all=warning uptime,level,tags foldmultilines=false
 #1: stderr all=off uptime,level,tags foldmultilines=false

Environment Variables:
JAVA_HOME=C:\Program Files\Java\jdk-21
PATH=C:\Program Files\Common Files\Oracle\Java\javapath;C:\Program Files (x86)\Cuminas\Document Express DjVu Plug-in\;C:\Program Files (x86)\Razer Chroma SDK\bin;C:\Program Files\Razer Chroma SDK\bin;C:\WINDOWS\system32;C:\WINDOWS;C:\WINDOWS\System32\Wbem;C:\WINDOWS\System32\WindowsPowerShell\v1.0\;C:\WINDOWS\System32\OpenSSH\;C:\Program Files (x86)\NVIDIA Corporation\PhysX\Common;C:\WINDOWS\system32\config\systemprofile\AppData\Local\Microsoft\WindowsApps;C:\Program Files (x86)\Razer\ChromaBroadcast\bin;C:\Program Files\Razer\ChromaBroadcast\bin;C:\Users\2oleg\AppData\Local\Microsoft\WindowsApps;C:\Program Files\JetBrains\IntelliJ IDEA Community Edition 2024.3\bin;C:\Users\2oleg\AppData\Local\Programs\Microsoft VS Code\bin;C:\Program Files\Docker\Docker\resources\bin;C:\Users\2oleg\Downloads\curl-8.16.0_6-win64-mingw.zip\curl-8.16.0_6-win64-mingw\bin;C:\Users\2oleg\Downloads\curl-8.16.0_6-win64-mingw\curl-8.16.0_6-win64-mingw\bin;C:\Users\2oleg\Downloads\apache-maven-3.9.11-bin\apache-maven-3.9.11\bin;C:\ProgramData\chocolatey\bin;C:\Users\2oleg\AppData\Roaming\Cloud Foundry;C:\Program Files\Git\cmd;C:\Program Files\nodejs\;C:\Users\2oleg\AppData\Local\Muse Hub\lib;C:\Users\2oleg\AppData\Local\Microsoft\WindowsApps;C:\Program Files\JetBrains\IntelliJ IDEA Community Edition 2025.2.4\bin;C:\Users\2oleg\AppData\Local\Programs\Microsoft VS Code\bin;C:\Program Files\jq.exe;C:\Users\2oleg\AppData\Local\Microsoft\WinGet\Packages\jqlang.jq_Microsoft.Winget.Source_8wekyb3d8bbwe;C:\Program Files\Java\jdk-24;C:\Users\2oleg\Downloads\gradle-9.0.0-bin\gradle-9.0.0\bin;C:\Program Files\Docker\Docker\resources\bin;C:\Users\2oleg\AppData\Local\GitHubDesktop\bin;C:\Users\2oleg\AppData\Roaming\npm
USERNAME=2oleg
OS=Windows_NT
PROCESSOR_IDENTIFIER=Intel64 Family 6 Model 60 Stepping 3, GenuineIntel
TMP=C:\Users\2oleg\AppData\Local\Temp
TEMP=C:\Users\2oleg\AppData\Local\Temp




Periodic native trim disabled

---------------  S Y S T E M  ---------------

OS:
 Windows 10 , 64 bit Build 19041 (10.0.19041.5915)
OS uptime: 10 days 12:24 hours
Hyper-V role detected

CPU: total 8 (initial active 8) (4 cores per cpu, 2 threads per core) family 6 model 60 stepping 3 microcode 0x27, cx8, cmov, fxsr, ht, mmx, sse, sse2, sse3, ssse3, sse4.1, sse4.2, popcnt, lzcnt, tsc, tscinvbit, avx, avx2, aes, erms, clmul, bmi1, bmi2, fma, vzeroupper, clflush, hv, rdtscp, f16c
Processor Information for all 8 processors :
  Max Mhz: 2401, Current Mhz: 2401, Mhz Limit: 2401

Memory: 4k page, system-wide physical 11723M (1117M free)
TotalPageFile size 23723M (AvailPageFile size 5M)
current process WorkingSet (physical memory assigned to process): 214M, peak: 219M
current process commit charge ("private bytes"): 315M, peak: 332M

vm_info: Java HotSpot(TM) 64-Bit Server VM (21.0.7+8-LTS-245) for windows-amd64 JRE (21.0.7+8-LTS-245), built on 2025-02-21T05:11:27Z by "mach5one" with MS VC++ 17.6 (VS2022)

END.
