#
# There is insufficient memory for the Java Runtime Environment to continue.
# Native memory allocation (mmap) failed to map 65536 bytes for Failed to commit metaspace.
# Possible reasons:
#   The system is out of physical RAM or swap space
#   The process is running with CompressedOops enabled, and the Java Heap may be blocking the growth of the native heap
# Possible solutions:
#   Reduce memory load on the system
#   Increase physical memory or swap space
#   Check if swap backing store is full
#   Decrease Java heap size (-Xmx/-Xms)
#   Decrease number of Java threads
#   Decrease Java thread stack sizes (-Xss)
#   Set larger code cache with -XX:ReservedCodeCacheSize=
#   JVM is running with Zero Based Compressed Oops mode in which the Java heap is
#     placed in the first 32GB address space. The Java Heap base address is the
#     maximum limit for the native heap growth. Please use -XX:HeapBaseMinAddress
#     to set the Java Heap base and to place the Java Heap above 32GB virtual address.
# This output file may be truncated or incomplete.
#
#  Out of Memory Error (virtualSpaceNode.cpp:112), pid=16708, tid=31012
#
# JRE version: Java(TM) SE Runtime Environment (21.0.7+8) (build 21.0.7+8-LTS-245)
# Java VM: Java HotSpot(TM) 64-Bit Server VM (21.0.7+8-LTS-245, mixed mode, tiered, compressed oops, compressed class ptrs, g1 gc, windows-amd64)
# No core dump will be written. Minidumps are not enabled by default on client versions of Windows
#

---------------  S U M M A R Y ------------

Command Line: --enable-native-access=ALL-UNNAMED -Dclassworlds.conf=C:\Users\2oleg\Downloads\apache-maven-3.9.11-bin\apache-maven-3.9.11\bin\m2.conf -Dmaven.home=C:\Users\2oleg\Downloads\apache-maven-3.9.11-bin\apache-maven-3.9.11 -Dlibrary.jansi.path=C:\Users\2oleg\Downloads\apache-maven-3.9.11-bin\apache-maven-3.9.11\lib\jansi-native -Dmaven.multiModuleProjectDirectory=C:\Users\2oleg\Downloads\Telegram Desktop\Kefir\Backend\TransactionSaga org.codehaus.plexus.classworlds.launcher.Launcher spring-boot:run -Dserver.port=8090 -DskipTests

Host: Intel(R) Core(TM) i7-4700HQ CPU @ 2.40GHz, 8 cores, 11G,  Windows 10 , 64 bit Build 19041 (10.0.19041.5915)
Time: Sat Dec 13 01:38:00 2025 RTZ 2 (s 10 , 64 bit Build 19041 (10.0.19041.5915) elapsed time: 8.395809 seconds (0d 0h 0m 8s)

---------------  T H R E A D  ---------------

Current thread (0x000001dc6e3aeed0):  JavaThread "main"             [_thread_in_vm, id=31012, stack(0x00000080fcd00000,0x00000080fce00000) (1024K)]

Stack: [0x00000080fcd00000,0x00000080fce00000]
Native frames: (J=compiled Java code, j=interpreted, Vv=VM code, C=native code)
V  [jvm.dll+0x6cae19]
V  [jvm.dll+0x855741]
V  [jvm.dll+0x857c6e]
V  [jvm.dll+0x858343]
V  [jvm.dll+0x27e0b6]
V  [jvm.dll+0x85135e]
V  [jvm.dll+0x66ea55]
V  [jvm.dll+0x1e410c]
V  [jvm.dll+0x1e3ede]
V  [jvm.dll+0x671383]
V  [jvm.dll+0x6711a2]
V  [jvm.dll+0x66f42e]
V  [jvm.dll+0x3bd9bf]
V  [jvm.dll+0x20d04b]
V  [jvm.dll+0x5ad9f6]
V  [jvm.dll+0x7cf846]
V  [jvm.dll+0x471336]
V  [jvm.dll+0x4771b8]
C  [java.dll+0x17ec]

Java frames: (J=compiled Java code, j=interpreted, Vv=VM code)
J 529  java.lang.ClassLoader.defineClass1(Ljava/lang/ClassLoader;Ljava/lang/String;[BIILjava/security/ProtectionDomain;Ljava/lang/String;)Ljava/lang/Class; java.base@21.0.7 (0 bytes) @ 0x000001dc07afd991 [0x000001dc07afd8c0+0x00000000000000d1]
J 972 c1 java.lang.ClassLoader.defineClass(Ljava/lang/String;[BIILjava/security/ProtectionDomain;)Ljava/lang/Class; java.base@21.0.7 (43 bytes) @ 0x000001dc001da80c [0x000001dc001da4a0+0x000000000000036c]
J 913 c1 java.security.SecureClassLoader.defineClass(Ljava/lang/String;[BIILjava/security/CodeSource;)Ljava/lang/Class; java.base@21.0.7 (16 bytes) @ 0x000001dc001be51c [0x000001dc001be440+0x00000000000000dc]
J 838 c1 java.net.URLClassLoader.defineClass(Ljava/lang/String;Ljdk/internal/loader/Resource;)Ljava/lang/Class; java.base@21.0.7 (224 bytes) @ 0x000001dc0017d684 [0x000001dc0017c340+0x0000000000001344]
J 917 c1 java.net.URLClassLoader$1.run()Ljava/lang/Class; java.base@21.0.7 (81 bytes) @ 0x000001dc001c145c [0x000001dc001c07e0+0x0000000000000c7c]
J 916 c1 java.net.URLClassLoader$1.run()Ljava/lang/Object; java.base@21.0.7 (5 bytes) @ 0x000001dc001c0254 [0x000001dc001c01c0+0x0000000000000094]
J 832 c1 java.security.AccessController.doPrivileged(Ljava/security/PrivilegedExceptionAction;Ljava/security/AccessControlContext;)Ljava/lang/Object; java.base@21.0.7 (26 bytes) @ 0x000001dc00179694 [0x000001dc001794a0+0x00000000000001f4]
J 914 c1 java.net.URLClassLoader.findClass(Ljava/lang/String;)Ljava/lang/Class; java.base@21.0.7 (47 bytes) @ 0x000001dc001bead4 [0x000001dc001be920+0x00000000000001b4]
J 837 c1 org.codehaus.plexus.classworlds.realm.ClassRealm.loadClassFromSelf(Ljava/lang/String;)Ljava/lang/Class; (40 bytes) @ 0x000001dc0017b9bc [0x000001dc0017b620+0x000000000000039c]
J 866 c1 org.codehaus.plexus.classworlds.strategy.SelfFirstStrategy.loadClass(Ljava/lang/String;)Ljava/lang/Class; (50 bytes) @ 0x000001dc0018e7ac [0x000001dc0018e3c0+0x00000000000003ec]
J 576 c1 org.codehaus.plexus.classworlds.realm.ClassRealm.loadClass(Ljava/lang/String;Z)Ljava/lang/Class; (33 bytes) @ 0x000001dc000ec364 [0x000001dc000ec1e0+0x0000000000000184]
J 575 c1 org.codehaus.plexus.classworlds.realm.ClassRealm.loadClass(Ljava/lang/String;)Ljava/lang/Class; (7 bytes) @ 0x000001dc000ebe44 [0x000001dc000ebd40+0x0000000000000104]
v  ~StubRoutines::call_stub 0x000001dc0753100d
j  org.eclipse.sisu.plexus.PlexusPropertyBinder.bindProperty(Lorg/eclipse/sisu/bean/BeanProperty;)Lorg/eclipse/sisu/bean/PropertyBinding;+134
j  org.eclipse.sisu.bean.BeanListener.hear(Lcom/google/inject/TypeLiteral;Lcom/google/inject/spi/TypeEncounter;)V+125
j  com.google.inject.internal.MembersInjectorStore.createWithListeners(Lcom/google/inject/TypeLiteral;Lcom/google/inject/internal/Errors;)Lcom/google/inject/internal/MembersInjectorImpl;+151
j  com.google.inject.internal.MembersInjectorStore.access$000(Lcom/google/inject/internal/MembersInjectorStore;Lcom/google/inject/TypeLiteral;Lcom/google/inject/internal/Errors;)Lcom/google/inject/internal/MembersInjectorImpl;+3
j  com.google.inject.internal.MembersInjectorStore$1.create(Lcom/google/inject/TypeLiteral;Lcom/google/inject/internal/Errors;)Lcom/google/inject/internal/MembersInjectorImpl;+6
j  com.google.inject.internal.MembersInjectorStore$1.create(Ljava/lang/Object;Lcom/google/inject/internal/Errors;)Ljava/lang/Object;+6
j  com.google.inject.internal.FailableCache$1.load(Ljava/lang/Object;)Ljava/lang/Object;+16
j  com.google.common.cache.LocalCache$LoadingValueReference.loadFuture(Ljava/lang/Object;Lcom/google/common/cache/CacheLoader;)Lcom/google/common/util/concurrent/ListenableFuture;+24
j  com.google.common.cache.LocalCache$Segment.loadSync(Ljava/lang/Object;ILcom/google/common/cache/LocalCache$LoadingValueReference;Lcom/google/common/cache/CacheLoader;)Ljava/lang/Object;+4
j  com.google.common.cache.LocalCache$Segment.lockedGetOrLoad(Ljava/lang/Object;ILcom/google/common/cache/CacheLoader;)Ljava/lang/Object;+393
J 2058 c1 com.google.common.cache.LocalCache$Segment.get(Ljava/lang/Object;ILcom/google/common/cache/CacheLoader;)Ljava/lang/Object; (210 bytes) @ 0x000001dc003f394c [0x000001dc003f2f20+0x0000000000000a2c]
J 1797 c1 com.google.common.cache.LocalCache.get(Ljava/lang/Object;Lcom/google/common/cache/CacheLoader;)Ljava/lang/Object; (21 bytes) @ 0x000001dc0037fd44 [0x000001dc0037fa20+0x0000000000000324]
J 2055 c1 com.google.common.cache.LocalCache$LocalLoadingCache.getUnchecked(Ljava/lang/Object;)Ljava/lang/Object; (19 bytes) @ 0x000001dc003f1e0c [0x000001dc003f1d00+0x000000000000010c]
j  com.google.inject.internal.FailableCache.get(Ljava/lang/Object;Lcom/google/inject/internal/Errors;)Ljava/lang/Object;+5
j  com.google.inject.internal.MembersInjectorStore.get(Lcom/google/inject/TypeLiteral;Lcom/google/inject/internal/Errors;)Lcom/google/inject/internal/MembersInjectorImpl;+6
j  com.google.inject.internal.ConstructorInjectorStore.createConstructor(Lcom/google/inject/spi/InjectionPoint;Lcom/google/inject/internal/Errors;)Lcom/google/inject/internal/ConstructorInjector;+31
j  com.google.inject.internal.ConstructorInjectorStore.access$000(Lcom/google/inject/internal/ConstructorInjectorStore;Lcom/google/inject/spi/InjectionPoint;Lcom/google/inject/internal/Errors;)Lcom/google/inject/internal/ConstructorInjector;+3
j  com.google.inject.internal.ConstructorInjectorStore$1.create(Lcom/google/inject/spi/InjectionPoint;Lcom/google/inject/internal/Errors;)Lcom/google/inject/internal/ConstructorInjector;+6
j  com.google.inject.internal.ConstructorInjectorStore$1.create(Ljava/lang/Object;Lcom/google/inject/internal/Errors;)Ljava/lang/Object;+6
j  com.google.inject.internal.FailableCache$1.load(Ljava/lang/Object;)Ljava/lang/Object;+16
j  com.google.common.cache.LocalCache$LoadingValueReference.loadFuture(Ljava/lang/Object;Lcom/google/common/cache/CacheLoader;)Lcom/google/common/util/concurrent/ListenableFuture;+24
j  com.google.common.cache.LocalCache$Segment.loadSync(Ljava/lang/Object;ILcom/google/common/cache/LocalCache$LoadingValueReference;Lcom/google/common/cache/CacheLoader;)Ljava/lang/Object;+4
j  com.google.common.cache.LocalCache$Segment.lockedGetOrLoad(Ljava/lang/Object;ILcom/google/common/cache/CacheLoader;)Ljava/lang/Object;+393
J 2058 c1 com.google.common.cache.LocalCache$Segment.get(Ljava/lang/Object;ILcom/google/common/cache/CacheLoader;)Ljava/lang/Object; (210 bytes) @ 0x000001dc003f394c [0x000001dc003f2f20+0x0000000000000a2c]
J 1797 c1 com.google.common.cache.LocalCache.get(Ljava/lang/Object;Lcom/google/common/cache/CacheLoader;)Ljava/lang/Object; (21 bytes) @ 0x000001dc0037fd44 [0x000001dc0037fa20+0x0000000000000324]
J 2055 c1 com.google.common.cache.LocalCache$LocalLoadingCache.getUnchecked(Ljava/lang/Object;)Ljava/lang/Object; (19 bytes) @ 0x000001dc003f1e0c [0x000001dc003f1d00+0x000000000000010c]
j  com.google.inject.internal.FailableCache.get(Ljava/lang/Object;Lcom/google/inject/internal/Errors;)Ljava/lang/Object;+5
j  com.google.inject.internal.ConstructorInjectorStore.get(Lcom/google/inject/spi/InjectionPoint;Lcom/google/inject/internal/Errors;)Lcom/google/inject/internal/ConstructorInjector;+6
j  com.google.inject.internal.ConstructorBindingImpl.initialize(Lcom/google/inject/internal/InjectorImpl;Lcom/google/inject/internal/Errors;)V+13
j  com.google.inject.internal.InjectorImpl.initializeBinding(Lcom/google/inject/internal/BindingImpl;Lcom/google/inject/internal/Errors;)V+13
j  com.google.inject.internal.AbstractBindingProcessor$Processor.initializeBinding(Lcom/google/inject/internal/BindingImpl;)V+19
j  com.google.inject.internal.AbstractBindingProcessor$Processor.lambda$scheduleInitialization$0(Lcom/google/inject/internal/BindingImpl;)V+2
j  com.google.inject.internal.AbstractBindingProcessor$Processor$$Lambda+0x000000080023c868.run()V+8
j  com.google.inject.internal.ProcessedBindingData.initializeBindings()V+30
j  com.google.inject.internal.InternalInjectorCreator.initializeStatically()V+4
j  com.google.inject.internal.InternalInjectorCreator.build()Lcom/google/inject/Injector;+64
j  com.google.inject.Guice.createInjector(Lcom/google/inject/Stage;Ljava/lang/Iterable;)Lcom/google/inject/Injector;+15
j  com.google.inject.Guice.createInjector(Ljava/lang/Iterable;)Lcom/google/inject/Injector;+4
j  com.google.inject.Guice.createInjector([Lcom/google/inject/Module;)Lcom/google/inject/Injector;+4
j  org.codehaus.plexus.DefaultPlexusContainer.addPlexusInjector(Ljava/util/List;[Lcom/google/inject/Module;)Lcom/google/inject/Injector;+88
j  org.codehaus.plexus.DefaultPlexusContainer.<init>(Lorg/codehaus/plexus/ContainerConfiguration;[Lcom/google/inject/Module;)V+414
j  org.apache.maven.cli.MavenCli.container(Lorg/apache/maven/cli/CliRequest;)Lorg/codehaus/plexus/PlexusContainer;+279
j  org.apache.maven.cli.MavenCli.doMain(Lorg/apache/maven/cli/CliRequest;)I+34
j  org.apache.maven.cli.MavenCli.main([Ljava/lang/String;Lorg/codehaus/plexus/classworlds/ClassWorld;)I+24
j  java.lang.invoke.DirectMethodHandle$Holder.invokeStatic(Ljava/lang/Object;Ljava/lang/Object;Ljava/lang/Object;)I+11 java.base@21.0.7
j  java.lang.invoke.LambdaForm$MH+0x00000008000c5400.invoke(Ljava/lang/Object;Ljava/lang/Object;Ljava/lang/Object;Ljava/lang/Object;)Ljava/lang/Object;+54 java.base@21.0.7
j  java.lang.invoke.LambdaForm$MH+0x00000008000c5800.invokeExact_MT(Ljava/lang/Object;Ljava/lang/Object;Ljava/lang/Object;Ljava/lang/Object;Ljava/lang/Object;)Ljava/lang/Object;+22 java.base@21.0.7
j  jdk.internal.reflect.DirectMethodHandleAccessor.invokeImpl(Ljava/lang/Object;[Ljava/lang/Object;)Ljava/lang/Object;+72 java.base@21.0.7
j  jdk.internal.reflect.DirectMethodHandleAccessor.invoke(Ljava/lang/Object;[Ljava/lang/Object;)Ljava/lang/Object;+23 java.base@21.0.7
j  java.lang.reflect.Method.invoke(Ljava/lang/Object;[Ljava/lang/Object;)Ljava/lang/Object;+102 java.base@21.0.7
j  org.codehaus.plexus.classworlds.launcher.Launcher.launchEnhanced([Ljava/lang/String;)V+45
j  org.codehaus.plexus.classworlds.launcher.Launcher.launch([Ljava/lang/String;)V+2
j  org.codehaus.plexus.classworlds.launcher.Launcher.mainWithExitCode([Ljava/lang/String;)I+108
j  org.codehaus.plexus.classworlds.launcher.Launcher.main([Ljava/lang/String;)V+1
v  ~StubRoutines::call_stub 0x000001dc0753100d

Compiled method (n/a)    8472  529     n 0       java.lang.ClassLoader::defineClass1 (native)
 total in heap  [0x000001dc07afd710,0x000001dc07afdd70] = 1632
 relocation     [0x000001dc07afd870,0x000001dc07afd8a8] = 56
 main code      [0x000001dc07afd8c0,0x000001dc07afdd6f] = 1199
 stub code      [0x000001dc07afdd6f,0x000001dc07afdd70] = 1

[Constant Pool (empty)]

[MachCode]
[Entry Point]
  # {method} {0x000001dc0f0272d0} 'defineClass1' '(Ljava/lang/ClassLoader;Ljava/lang/String;[BIILjava/security/ProtectionDomain;Ljava/lang/String;)Ljava/lang/Class;' in 'java/lang/ClassLoader'
  # parm0:    rdx:rdx   = 'java/lang/ClassLoader'
  # parm1:    r8:r8     = 'java/lang/String'
  # parm2:    r9:r9     = '[B'
  # parm3:    rdi       = int
  # parm4:    rsi       = int
  # parm5:    rcx:rcx   = 'java/security/ProtectionDomain'
  # parm6:    [sp+0xa0]   = 'java/lang/String'  (sp of caller)
  0x000001dc07afd8c0: 448b 5208 | 49bb 0000 | 0000 0800 | 0000 4d03 | d349 3bc2 | 0f84 0600 

  0x000001dc07afd8d8: ;   {runtime_call ic_miss_stub}
  0x000001dc07afd8d8: 0000 e9a1 | 0ea8 ff90 
[Verified Entry Point]
  0x000001dc07afd8e0: 8984 2400 | 80ff ff55 | 488b ec48 | 81ec 9000 | 0000 6690 | 4181 7f20 | 0100 0000 

  0x000001dc07afd8fc: ;   {runtime_call StubRoutines (final stubs)}
  0x000001dc07afd8fc: 7405 e85d | 74a6 ff48 | 837d 1000 | 488d 4510 | 480f 4445 | 1048 8944 | 2440 4889 | 4c24 7048 
  0x000001dc07afd91c: 83f9 0048 | 8d44 2470 | 480f 4444 | 2470 4889 | 4424 3848 | 8974 2430 | 4889 7c24 | 284c 894c 
  0x000001dc07afd93c: 2458 4983 | f900 488d | 4424 5848 | 0f44 4424 | 5848 8944 | 2420 4c89 | 4424 5049 | 83f8 004c 
  0x000001dc07afd95c: 8d4c 2450 | 4c0f 444c | 2450 4889 | 5424 4848 | 83fa 004c | 8d44 2448 | 4c0f 4444 

  0x000001dc07afd978: ;   {oop(a 'java/lang/Class'{0x0000000748c29600} = 'java/lang/ClassLoader')}
  0x000001dc07afd978: 2448 49be | 0096 c248 | 0700 0000 | 4c89 7424 | 784c 8d74 | 2478 498b | d6c5 f877 

  0x000001dc07afd994: ;   {internal_word}
  0x000001dc07afd994: 49ba 91d9 | af07 dc01 | 0000 4d89 | 97a0 0300 | 0049 89a7 | 9803 0000 

  0x000001dc07afd9ac: ;   {external_word}
  0x000001dc07afd9ac: 49ba 2058 | 808f f97f | 0000 4180 | 3a00 0f84 | 4e00 0000 | 5241 5041 

  0x000001dc07afd9c4: ;   {metadata({method} {0x000001dc0f0272d0} 'defineClass1' '(Ljava/lang/ClassLoader;Ljava/lang/String;[BIILjava/security/ProtectionDomain;Ljava/lang/String;)Ljava/lang/Class;' in 'java/lang/ClassLoader')}
  0x000001dc07afd9c4: 5148 bac8 | 7202 0fdc | 0100 0049 | 8bcf 4883 | ec20 40f6 | c40f 0f84 | 1900 0000 | 4883 ec08 
  0x000001dc07afd9e4: ;   {runtime_call}
  0x000001dc07afd9e4: 48b8 500d | 318f f97f | 0000 ffd0 | 4883 c408 | e90c 0000 

  0x000001dc07afd9f8: ;   {runtime_call}
  0x000001dc07afd9f8: 0048 b850 | 0d31 8ff9 | 7f00 00ff | d048 83c4 | 2041 5941 | 585a 498d | 8fb8 0300 | 0041 c787 
  0x000001dc07afda18: 4404 0000 | 0400 0000 

  0x000001dc07afda20: ;   {runtime_call}
  0x000001dc07afda20: 48b8 ac16 | bee0 f97f | 0000 ffd0 | c5f8 7741 | c787 4404 | 0000 0500 | 0000 f083 | 4424 c000 
  0x000001dc07afda40: 493b af48 | 0400 000f | 870e 0000 | 0041 83bf | 4004 0000 | 000f 842b | 0000 00c5 | f877 4889 
  0x000001dc07afda60: 45f8 498b | cf4c 8be4 | 4883 ec20 | 4883 e4f0 

  0x000001dc07afda70: ;   {runtime_call}
  0x000001dc07afda70: 48b8 30b9 | fc8e f97f | 0000 ffd0 | 498b e44d | 33e4 488b | 45f8 41c7 | 8744 0400 | 0008 0000 
  0x000001dc07afda90: 0041 83bf | c004 0000 | 020f 84a3 

  0x000001dc07afda9c: ;   {external_word}
  0x000001dc07afda9c: 0200 0049 | ba20 5880 | 8ff9 7f00 | 0041 803a | 000f 844c | 0000 0048 

  0x000001dc07afdab4: ;   {metadata({method} {0x000001dc0f0272d0} 'defineClass1' '(Ljava/lang/ClassLoader;Ljava/lang/String;[BIILjava/security/ProtectionDomain;Ljava/lang/String;)Ljava/lang/Class;' in 'java/lang/ClassLoader')}
  0x000001dc07afdab4: 8945 f848 | bac8 7202 | 0fdc 0100 | 0049 8bcf | 4883 ec20 | 40f6 c40f | 0f84 1900 | 0000 4883 
  0x000001dc07afdad4: ;   {runtime_call}
  0x000001dc07afdad4: ec08 48b8 | 500d 318f | f97f 0000 | ffd0 4883 | c408 e90c 

  0x000001dc07afdae8: ;   {runtime_call}
  0x000001dc07afdae8: 0000 0048 | b850 0d31 | 8ff9 7f00 | 00ff d048 | 83c4 2048 | 8b45 f849 | c787 9803 | 0000 0000 
  0x000001dc07afdb08: 0000 49c7 | 87a0 0300 | 0000 0000 | 00c5 f877 | 4885 c00f | 84fe 0100 | 00a8 030f | 8508 0000 
  0x000001dc07afdb28: 0048 8b00 | e9ee 0100 | 00a8 010f | 8509 0000 | 0048 8b40 | fee9 dd01 | 0000 488b | 40ff 4180 
  0x000001dc07afdb48: 7f40 000f | 84ce 0100 | 0048 83f8 | 000f 84c4 | 0100 0049 | 8b4f 2848 | 83f9 000f | 8414 0000 
  0x000001dc07afdb68: 0048 83e9 | 0849 894f | 2849 034f | 3848 8901 | e9a2 0100 | 0048 81ec | d000 0000 | 4889 0424 
  0x000001dc07afdb88: 4889 4c24 | 0848 8954 | 2410 4889 | 7424 1848 | 897c 2420 | 4c89 4424 | 284c 894c | 2430 4c89 
  0x000001dc07afdba8: 5424 384c | 895c 2440 | c5fb 1144 | 2450 c5fb | 114c 2458 | c5fb 1154 | 2460 c5fb | 115c 2468 
  0x000001dc07afdbc8: c5fb 1164 | 2470 c5fb | 116c 2478 | c5fb 11b4 | 2480 0000 | 00c5 fb11 | bc24 8800 | 0000 c57b 
  0x000001dc07afdbe8: ;   {no_reloc}
  0x000001dc07afdbe8: 1184 2490 | 0000 00c5 | 7b11 8c24 | 9800 0000 | c57b 1194 | 24a0 0000 | 00c5 7b11 | 9c24 a800 
  0x000001dc07afdc08: 0000 c57b | 11a4 24b0 | 0000 00c5 | 7b11 ac24 | b800 0000 | c57b 11b4 | 24c0 0000 | 00c5 7b11 
  0x000001dc07afdc28: bc24 c800 | 0000 498b | d748 8bc8 | 4883 ec20 | 40f6 c40f | 0f84 1900 | 0000 4883 

  0x000001dc07afdc44: ;   {runtime_call}
  0x000001dc07afdc44: ec08 48b8 | 90f6 ef8e | f97f 0000 | ffd0 4883 | c408 e90c 

  0x000001dc07afdc58: ;   {runtime_call}
  0x000001dc07afdc58: 0000 0048 | b890 f6ef | 8ef9 7f00 | 00ff d048 | 83c4 20c5 | 7b10 bc24 | c800 0000 | c57b 10b4 
  0x000001dc07afdc78: 24c0 0000 | 00c5 7b10 | ac24 b800 | 0000 c57b | 10a4 24b0 | 0000 00c5 | 7b10 9c24 | a800 0000 
  0x000001dc07afdc98: c57b 1094 | 24a0 0000 | 00c5 7b10 | 8c24 9800 | 0000 c57b | 1084 2490 | 0000 00c5 | fb10 bc24 
  0x000001dc07afdcb8: 8800 0000 | c5fb 10b4 | 2480 0000 | 00c5 fb10 | 6c24 78c5 | fb10 6424 | 70c5 fb10 | 5c24 68c5 
  0x000001dc07afdcd8: fb10 5424 | 60c5 fb10 | 4c24 58c5 | fb10 4424 | 504c 8b5c | 2440 4c8b | 5424 384c | 8b4c 2430 
  0x000001dc07afdcf8: 4c8b 4424 | 2848 8b7c | 2420 488b | 7424 1848 | 8b54 2410 | 488b 4c24 | 0848 8b04 | 2448 81c4 
  0x000001dc07afdd18: d000 0000 | c5f8 7749 | 8b8f 2804 | 0000 c781 | 0001 0000 | 0000 0000 | c949 837f | 0800 0f85 
  0x000001dc07afdd38: 0100 0000 

  0x000001dc07afdd3c: ;   {runtime_call StubRoutines (initial stubs)}
  0x000001dc07afdd3c: c3e9 be31 | a3ff c5f8 | 7748 8945 | f84c 8be4 | 4883 ec20 | 4883 e4f0 

  0x000001dc07afdd54: ;   {runtime_call}
  0x000001dc07afdd54: 48b8 4045 | 318f f97f | 0000 ffd0 | 498b e44d | 33e4 488b | 45f8 e930 | fdff fff4 
[/MachCode]


Compiled method (c1)    8493  972       3       java.lang.ClassLoader::defineClass (43 bytes)
 total in heap  [0x000001dc001da290,0x000001dc001dabf8] = 2408
 relocation     [0x000001dc001da3f0,0x000001dc001da490] = 160
 main code      [0x000001dc001da4a0,0x000001dc001da950] = 1200
 stub code      [0x000001dc001da950,0x000001dc001da9c8] = 120
 metadata       [0x000001dc001da9c8,0x000001dc001da9f8] = 48
 scopes data    [0x000001dc001da9f8,0x000001dc001daae8] = 240
 scopes pcs     [0x000001dc001daae8,0x000001dc001dabc8] = 224
 dependencies   [0x000001dc001dabc8,0x000001dc001dabd0] = 8
 nul chk table  [0x000001dc001dabd0,0x000001dc001dabf8] = 40

[Constant Pool (empty)]

[MachCode]
[Entry Point]
  # {method} {0x000001dc0f0270b0} 'defineClass' '(Ljava/lang/String;[BIILjava/security/ProtectionDomain;)Ljava/lang/Class;' in 'java/lang/ClassLoader'
  # this:     rdx:rdx   = 'java/lang/ClassLoader'
  # parm0:    r8:r8     = 'java/lang/String'
  # parm1:    r9:r9     = '[B'
  # parm2:    rdi       = int
  # parm3:    rsi       = int
  # parm4:    rcx:rcx   = 'java/security/ProtectionDomain'
  #           [sp+0xc0]  (sp of caller)
  0x000001dc001da4a0: 448b 5208 | 49bb 0000 | 0000 0800 | 0000 4d03 | d34c 3bd0 

  0x000001dc001da4b4: ;   {runtime_call ic_miss_stub}
  0x000001dc001da4b4: 0f85 c642 | 3a07 660f | 1f44 0000 
[Verified Entry Point]
  0x000001dc001da4c0: 8984 2400 | 80ff ff55 | 4881 ecb0 | 0000 0090 | 4181 7f20 | 0100 0000 

  0x000001dc001da4d8: ;   {runtime_call StubRoutines (final stubs)}
  0x000001dc001da4d8: 7405 e881 | a838 0748 | 8954 2478 

  0x000001dc001da4e4: ;   {metadata(method data for {method} {0x000001dc0f0270b0} 'defineClass' '(Ljava/lang/String;[BIILjava/security/ProtectionDomain;)Ljava/lang/Class;' in 'java/lang/ClassLoader')}
  0x000001dc001da4e4: 48bb b0f7 | b50f dc01 | 0000 8b83 | cc00 0000 | 83c0 0289 | 83cc 0000 | 0025 fe07 | 0000 85c0 
  0x000001dc001da504: 0f84 6803 | 0000 89b4 | 2494 0000 | 0089 bc24 | 9000 0000 | 4c89 8c24 | 8800 0000 

  0x000001dc001da520: ;   {metadata(method data for {method} {0x000001dc0f0270b0} 'defineClass' '(Ljava/lang/String;[BIILjava/security/ProtectionDomain;)Ljava/lang/Class;' in 'java/lang/ClassLoader')}
  0x000001dc001da520: 488b da48 | b8b0 f7b5 | 0fdc 0100 | 0048 8380 | 1001 0000 | 0149 8bd8 | 4c8b c34c | 8bc9 488b 
  0x000001dc001da540: ca48 8bd1 | 4889 9c24 | 8000 0000 

  0x000001dc001da54c: ;   {optimized virtual_call}
  0x000001dc001da54c: 6666 90e8 

  0x000001dc001da550: ; ImmutableOopMap {[120]=Oop [128]=Oop [136]=Oop }
                      ;*invokevirtual preDefineClass {reexecute=0 rethrow=0 return_oop=0}
                      ; - java.lang.ClassLoader::defineClass@4 (line 1025)
  0x000001dc001da550: 4ccf fdff 

  0x000001dc001da554: ;   {other}
  0x000001dc001da554: 0f1f 8400 | c402 0000 | 4889 8424 | 9800 0000 | 488b 5424 

  0x000001dc001da568: ;   {metadata(method data for {method} {0x000001dc0f0270b0} 'defineClass' '(Ljava/lang/String;[BIILjava/security/ProtectionDomain;)Ljava/lang/Class;' in 'java/lang/ClassLoader')}
  0x000001dc001da568: 7849 b8b0 | f7b5 0fdc | 0100 0049 | 8380 4801 

  0x000001dc001da578: ;   {metadata(method data for {method} {0x000001dc0f026e60} 'defineClassSourceLocation' '(Ljava/security/ProtectionDomain;)Ljava/lang/String;' in 'java/lang/ClassLoader')}
  0x000001dc001da578: 0000 0149 | b8f8 34b9 | 0fdc 0100 | 0041 8b90 | cc00 0000 | 83c2 0241 | 8990 cc00 | 0000 81e2 
  0x000001dc001da598: feff 1f00 | 85d2 0f84 | ef02 0000 

  0x000001dc001da5a4: ; implicit exception: dispatches to 0x000001dc001da8b4
  0x000001dc001da5a4: 483b 004c 

  0x000001dc001da5a8: ;   {metadata(method data for {method} {0x000001dc0f026e60} 'defineClassSourceLocation' '(Ljava/security/ProtectionDomain;)Ljava/lang/String;' in 'java/lang/ClassLoader')}
  0x000001dc001da5a8: 8bc0 48ba | f834 b90f | dc01 0000 | 4883 8210 | 0100 0001 | 448b 4010 | 49c1 e003 

  0x000001dc001da5c4: ;   {metadata(method data for {method} {0x000001dc0f026e60} 'defineClassSourceLocation' '(Ljava/security/ProtectionDomain;)Ljava/lang/String;' in 'java/lang/ClassLoader')}
  0x000001dc001da5c4: 4d85 c048 | baf8 34b9 | 0fdc 0100 | 0048 be58 | 0100 0000 | 0000 0075 | 0a48 be48 | 0100 0000 
  0x000001dc001da5e4: 0000 0048 | 8b3c 3248 | 8d7f 0148 | 893c 320f | 850f 0000 

  0x000001dc001da5f8: ;   {oop(nullptr)}
  0x000001dc001da5f8: 0048 bb00 | 0000 0000 | 0000 00e9 | af01 0000 

  0x000001dc001da608: ; implicit exception: dispatches to 0x000001dc001da8b9
  0x000001dc001da608: 493b 0049 

  0x000001dc001da60c: ;   {metadata(method data for {method} {0x000001dc0f026e60} 'defineClassSourceLocation' '(Ljava/security/ProtectionDomain;)Ljava/lang/String;' in 'java/lang/ClassLoader')}
  0x000001dc001da60c: 8bd0 48be | f834 b90f | dc01 0000 | 4883 8668 | 0100 0001 | 418b 500c | 48c1 e203 

  0x000001dc001da628: ;   {metadata(method data for {method} {0x000001dc0f026e60} 'defineClassSourceLocation' '(Ljava/security/ProtectionDomain;)Ljava/lang/String;' in 'java/lang/ClassLoader')}
  0x000001dc001da628: 4885 d248 | bef8 34b9 | 0fdc 0100 | 0048 bfb0 | 0100 0000 | 0000 0075 | 0a48 bfa0 | 0100 0000 
  0x000001dc001da648: 0000 0048 | 8b1c 3e48 | 8d5b 0148 | 891c 3e0f | 850f 0000 

  0x000001dc001da65c: ;   {oop(nullptr)}
  0x000001dc001da65c: 0048 bb00 | 0000 0000 | 0000 00e9 | 4b01 0000 

  0x000001dc001da66c: ;   {metadata(method data for {method} {0x000001dc0f026e60} 'defineClassSourceLocation' '(Ljava/security/ProtectionDomain;)Ljava/lang/String;' in 'java/lang/ClassLoader')}
  0x000001dc001da66c: 48be f834 | b90f dc01 | 0000 4883 | 86c0 0100 | 0001 483b | 024c 8bc2 

  0x000001dc001da684: ;   {metadata(method data for {method} {0x000001dc0f026e60} 'defineClassSourceLocation' '(Ljava/security/ProtectionDomain;)Ljava/lang/String;' in 'java/lang/ClassLoader')}
  0x000001dc001da684: 48be f834 | b90f dc01 | 0000 4883 | 86f8 0100 

  0x000001dc001da694: ;   {metadata(method data for {method} {0x000001dc0f1011a8} 'toString' '()Ljava/lang/String;' in 'java/net/URL')}
  0x000001dc001da694: 0001 49b8 | a0e4 870f | dc01 0000 | 418b b0cc | 0000 0083 | c602 4189 | b0cc 0000 | 0081 e6fe 
  0x000001dc001da6b4: ff1f 0085 | f60f 8404 | 0200 004c 

  0x000001dc001da6c0: ;   {metadata(method data for {method} {0x000001dc0f1011a8} 'toString' '()Ljava/lang/String;' in 'java/net/URL')}
  0x000001dc001da6c0: 8bc2 48be | a0e4 870f | dc01 0000 | 4883 8610 | 0100 0001 

  0x000001dc001da6d4: ;   {metadata(method data for {method} {0x000001dc0f101258} 'toExternalForm' '()Ljava/lang/String;' in 'java/net/URL')}
  0x000001dc001da6d4: 49b8 08c1 | 910f dc01 | 0000 418b | b0cc 0000 | 0083 c602 | 4189 b0cc | 0000 0081 | e6fe ff1f 
  0x000001dc001da6f4: 0085 f60f | 84e7 0100 | 008b 7238 | 48c1 e603 

  0x000001dc001da704: ; implicit exception: dispatches to 0x000001dc001da905
  0x000001dc001da704: 483b 064c 

  0x000001dc001da708: ;   {metadata(method data for {method} {0x000001dc0f101258} 'toExternalForm' '()Ljava/lang/String;' in 'java/net/URL')}
  0x000001dc001da708: 8bc6 48bf | 08c1 910f | dc01 0000 | 458b 4008 | 49ba 0000 | 0000 0800 | 0000 4d03 | c24c 3b87 
  0x000001dc001da728: 2001 0000 | 750d 4883 | 8728 0100 | 0001 e960 | 0000 004c | 3b87 3001 | 0000 750d | 4883 8738 
  0x000001dc001da748: 0100 0001 | e94a 0000 | 0048 83bf | 2001 0000 | 0075 174c | 8987 2001 | 0000 48c7 | 8728 0100 
  0x000001dc001da768: 0001 0000 | 00e9 2900 | 0000 4883 | bf30 0100 | 0000 7517 | 4c89 8730 | 0100 0048 | c787 3801 
  0x000001dc001da788: 0000 0100 | 0000 e908 | 0000 0048 | 8387 1001 | 0000 014c | 8bc2 488b | d666 0f1f 

  0x000001dc001da7a4: ;   {optimized virtual_call}
  0x000001dc001da7a4: 4400 00e8 

  0x000001dc001da7a8: ; ImmutableOopMap {[120]=Oop [128]=Oop [136]=Oop [152]=Oop }
                      ;*invokevirtual toExternalForm {reexecute=0 rethrow=0 return_oop=0}
                      ; - java.net.URL::toExternalForm@5 (line 1203)
                      ; - java.net.URL::toString@1 (line 1189)
                      ; - java.lang.ClassLoader::defineClassSourceLocation@22 (line 927)
                      ; - java.lang.ClassLoader::defineClass@12 (line 1026)
  0x000001dc001da7a8: 742d f1ff 

  0x000001dc001da7ac: ;   {other}
  0x000001dc001da7ac: 0f1f 8400 | 1c05 0001 | 488b d848 | 8b84 2498 | 0000 008b | b424 9400 | 0000 8bbc | 2490 0000 
  0x000001dc001da7cc: 004c 8b8c | 2488 0000 | 004c 8b84 | 2480 0000 | 0048 8b54 

  0x000001dc001da7e0: ;   {metadata(method data for {method} {0x000001dc0f0270b0} 'defineClass' '(Ljava/lang/String;[BIILjava/security/ProtectionDomain;)Ljava/lang/Class;' in 'java/lang/ClassLoader')}
  0x000001dc001da7e0: 2478 48b9 | b0f7 b50f | dc01 0000 | 4883 8180 | 0100 0001 | 4c8b da49 | 8bd3 488b | c848 891c 
  0x000001dc001da800: 2466 0f1f 

  0x000001dc001da804: ;   {static_call}
  0x000001dc001da804: 4400 00e8 

  0x000001dc001da808: ; ImmutableOopMap {[120]=Oop [152]=Oop }
                      ;*invokestatic defineClass1 {reexecute=0 rethrow=0 return_oop=0}
                      ; - java.lang.ClassLoader::defineClass@27 (line 1027)
  0x000001dc001da808: d430 9207 

  0x000001dc001da80c: ;   {other}
  0x000001dc001da80c: 0f1f 8400 | 7c05 0002 | 488b 5424 

  0x000001dc001da818: ;   {metadata(method data for {method} {0x000001dc0f0270b0} 'defineClass' '(Ljava/lang/String;[BIILjava/security/ProtectionDomain;)Ljava/lang/Class;' in 'java/lang/ClassLoader')}
  0x000001dc001da818: 7849 b8b0 | f7b5 0fdc | 0100 0049 | 8380 9001 | 0000 014c | 8bc0 4c8b | 8c24 9800 | 0000 488b 
  0x000001dc001da838: 5424 7848 | 8984 24a0 | 0000 000f 

  0x000001dc001da844: ;   {optimized virtual_call}
  0x000001dc001da844: 1f40 00e8 

  0x000001dc001da848: ; ImmutableOopMap {[160]=Oop }
                      ;*invokevirtual postDefineClass {reexecute=0 rethrow=0 return_oop=0}
                      ; - java.lang.ClassLoader::defineClass@37 (line 1028)
  0x000001dc001da848: d44f f9ff 

  0x000001dc001da84c: ;   {other}
  0x000001dc001da84c: 0f1f 8400 | bc05 0003 | 488b 8424 | a000 0000 | 4881 c4b0 | 0000 005d 

  0x000001dc001da864: ;   {poll_return}
  0x000001dc001da864: 493b a748 | 0400 000f | 8799 0000 

  0x000001dc001da870: ;   {metadata({method} {0x000001dc0f0270b0} 'defineClass' '(Ljava/lang/String;[BIILjava/security/ProtectionDomain;)Ljava/lang/Class;' in 'java/lang/ClassLoader')}
  0x000001dc001da870: 00c3 49ba | a870 020f | dc01 0000 | 4c89 5424 | 0848 c704 | 24ff ffff 

  0x000001dc001da888: ;   {runtime_call counter_overflow Runtime1 stub}
  0x000001dc001da888: ffe8 f29d 

  0x000001dc001da88c: ; ImmutableOopMap {rdx=Oop r8=Oop r9=Oop rcx=Oop [120]=Oop }
                      ;*synchronization entry
                      ; - java.lang.ClassLoader::defineClass@-1 (line 1025)
  0x000001dc001da88c: 4707 e977 

  0x000001dc001da890: ;   {metadata({method} {0x000001dc0f026e60} 'defineClassSourceLocation' '(Ljava/security/ProtectionDomain;)Ljava/lang/String;' in 'java/lang/ClassLoader')}
  0x000001dc001da890: fcff ff49 | ba58 6e02 | 0fdc 0100 | 004c 8954 | 2408 48c7 | 0424 ffff 

  0x000001dc001da8a8: ;   {runtime_call counter_overflow Runtime1 stub}
  0x000001dc001da8a8: ffff e8d1 

  0x000001dc001da8ac: ; ImmutableOopMap {rax=Oop [120]=Oop [128]=Oop [136]=Oop [152]=Oop }
                      ;*synchronization entry
                      ; - java.lang.ClassLoader::defineClassSourceLocation@-1 (line 924)
                      ; - java.lang.ClassLoader::defineClass@12 (line 1026)
  0x000001dc001da8ac: 9d47 07e9 | f0fc ffff 

  0x000001dc001da8b4: ;   {runtime_call throw_null_pointer_exception Runtime1 stub}
  0x000001dc001da8b4: e8c7 4c47 

  0x000001dc001da8b8: ; ImmutableOopMap {rax=Oop [120]=Oop [128]=Oop [136]=Oop [152]=Oop }
                      ;*invokevirtual getCodeSource {reexecute=0 rethrow=0 return_oop=0}
                      ; - java.lang.ClassLoader::defineClassSourceLocation@1 (line 924)
                      ; - java.lang.ClassLoader::defineClass@12 (line 1026)
                      ;   {runtime_call throw_null_pointer_exception Runtime1 stub}
  0x000001dc001da8b8: 07e8 c24c 

  0x000001dc001da8bc: ; ImmutableOopMap {rax=Oop r8=Oop [120]=Oop [128]=Oop [136]=Oop [152]=Oop }
                      ;*invokevirtual getLocation {reexecute=0 rethrow=0 return_oop=0}
                      ; - java.lang.ClassLoader::defineClassSourceLocation@12 (line 926)
                      ; - java.lang.ClassLoader::defineClass@12 (line 1026)
                      ;   {runtime_call throw_null_pointer_exception Runtime1 stub}
  0x000001dc001da8bc: 4707 e8bd 

  0x000001dc001da8c0: ; ImmutableOopMap {rdx=Oop [120]=Oop [128]=Oop [136]=Oop [152]=Oop }
                      ;*invokevirtual toString {reexecute=0 rethrow=0 return_oop=0}
                      ; - java.lang.ClassLoader::defineClassSourceLocation@22 (line 927)
                      ; - java.lang.ClassLoader::defineClass@12 (line 1026)
                      ;   {metadata({method} {0x000001dc0f1011a8} 'toString' '()Ljava/lang/String;' in 'java/net/URL')}
  0x000001dc001da8c0: 4c47 0749 | baa0 1110 | 0fdc 0100 | 004c 8954 | 2408 48c7 | 0424 ffff 

  0x000001dc001da8d8: ;   {runtime_call counter_overflow Runtime1 stub}
  0x000001dc001da8d8: ffff e8a1 

  0x000001dc001da8dc: ; ImmutableOopMap {rdx=Oop [120]=Oop [128]=Oop [136]=Oop [152]=Oop }
                      ;*synchronization entry
                      ; - java.net.URL::toString@-1 (line 1189)
                      ; - java.lang.ClassLoader::defineClassSourceLocation@22 (line 927)
                      ; - java.lang.ClassLoader::defineClass@12 (line 1026)
  0x000001dc001da8dc: 9d47 07e9 | dbfd ffff 

  0x000001dc001da8e4: ;   {metadata({method} {0x000001dc0f101258} 'toExternalForm' '()Ljava/lang/String;' in 'java/net/URL')}
  0x000001dc001da8e4: 49ba 5012 | 100f dc01 | 0000 4c89 | 5424 0848 | c704 24ff 

  0x000001dc001da8f8: ;   {runtime_call counter_overflow Runtime1 stub}
  0x000001dc001da8f8: ffff ffe8 

  0x000001dc001da8fc: ; ImmutableOopMap {rdx=Oop [120]=Oop [128]=Oop [136]=Oop [152]=Oop }
                      ;*synchronization entry
                      ; - java.net.URL::toExternalForm@-1 (line 1203)
                      ; - java.net.URL::toString@1 (line 1189)
                      ; - java.lang.ClassLoader::defineClassSourceLocation@22 (line 927)
                      ; - java.lang.ClassLoader::defineClass@12 (line 1026)
  0x000001dc001da8fc: 809d 4707 | e9f8 fdff 

  0x000001dc001da904: ;   {runtime_call throw_null_pointer_exception Runtime1 stub}
  0x000001dc001da904: ffe8 764c 

  0x000001dc001da908: ; ImmutableOopMap {rdx=Oop rsi=Oop [120]=Oop [128]=Oop [136]=Oop [152]=Oop }
                      ;*invokevirtual toExternalForm {reexecute=0 rethrow=0 return_oop=0}
                      ; - java.net.URL::toExternalForm@5 (line 1203)
                      ; - java.net.URL::toString@1 (line 1189)
                      ; - java.lang.ClassLoader::defineClassSourceLocation@22 (line 927)
                      ; - java.lang.ClassLoader::defineClass@12 (line 1026)
                      ;   {internal_word}
  0x000001dc001da908: 4707 49ba | 64a8 1d00 | dc01 0000 | 4d89 9760 

  0x000001dc001da918: ;   {runtime_call SafepointBlob}
  0x000001dc001da918: 0400 00e9 | e0ad 3a07 | 498b 87f8 | 0400 0049 | c787 f804 | 0000 0000 | 0000 49c7 | 8700 0500 
  0x000001dc001da938: 0000 0000 | 0048 81c4 | b000 0000 

  0x000001dc001da944: ;   {runtime_call unwind_exception Runtime1 stub}
  0x000001dc001da944: 5de9 363d | 4707 f4f4 | f4f4 f4f4 
[Stub Code]
  0x000001dc001da950: ;   {no_reloc}
  0x000001dc001da950: 0f1f 4400 

  0x000001dc001da954: ;   {static_stub}
  0x000001dc001da954: 0048 bb00 | 0000 0000 

  0x000001dc001da95c: ;   {runtime_call}
  0x000001dc001da95c: 0000 00e9 | fbff ffff 

  0x000001dc001da964: ;   {static_stub}
  0x000001dc001da964: 48bb 0000 | 0000 0000 

  0x000001dc001da96c: ;   {runtime_call}
  0x000001dc001da96c: 0000 e9fb 

  0x000001dc001da970: ;   {static_stub}
  0x000001dc001da970: ffff ff48 | bb00 0000 | 0000 0000 

  0x000001dc001da97c: ;   {runtime_call}
  0x000001dc001da97c: 00e9 fbff 

  0x000001dc001da980: ;   {static_stub}
  0x000001dc001da980: ffff 48bb | 0000 0000 | 0000 0000 

  0x000001dc001da98c: ;   {runtime_call}
  0x000001dc001da98c: e9fb ffff 

  0x000001dc001da990: ;   {runtime_call handle_exception_from_callee Runtime1 stub}
  0x000001dc001da990: ffe8 ea69 

  0x000001dc001da994: ;   {external_word}
  0x000001dc001da994: 4707 48b9 | b048 588f | f97f 0000 | 4883 e4f0 

  0x000001dc001da9a4: ;   {runtime_call}
  0x000001dc001da9a4: 48b8 202f | 208f f97f | 0000 ffd0 

  0x000001dc001da9b0: ;   {section_word}
  0x000001dc001da9b0: f449 bab1 | a91d 00dc | 0100 0041 

  0x000001dc001da9bc: ;   {runtime_call DeoptimizationBlob}
  0x000001dc001da9bc: 52e9 de9f | 3a07 f4f4 | f4f4 f4f4 
[/MachCode]


Compiled method (c1)    8562  913       3       java.security.SecureClassLoader::defineClass (16 bytes)
 total in heap  [0x000001dc001be290,0x000001dc001be690] = 1024
 relocation     [0x000001dc001be3f0,0x000001dc001be440] = 80
 main code      [0x000001dc001be440,0x000001dc001be598] = 344
 stub code      [0x000001dc001be598,0x000001dc001be5e8] = 80
 metadata       [0x000001dc001be5e8,0x000001dc001be5f0] = 8
 scopes data    [0x000001dc001be5f0,0x000001dc001be638] = 72
 scopes pcs     [0x000001dc001be638,0x000001dc001be688] = 80
 dependencies   [0x000001dc001be688,0x000001dc001be690] = 8

[Constant Pool (empty)]

[MachCode]
[Entry Point]
  # {method} {0x000001dc0f040860} 'defineClass' '(Ljava/lang/String;[BIILjava/security/CodeSource;)Ljava/lang/Class;' in 'java/security/SecureClassLoader'
  # this:     rdx:rdx   = 'java/security/SecureClassLoader'
  # parm0:    r8:r8     = 'java/lang/String'
  # parm1:    r9:r9     = '[B'
  # parm2:    rdi       = int
  # parm3:    rsi       = int
  # parm4:    rcx:rcx   = 'java/security/CodeSource'
  #           [sp+0x80]  (sp of caller)
  0x000001dc001be440: 448b 5208 | 49bb 0000 | 0000 0800 | 0000 4d03 | d34c 3bd0 

  0x000001dc001be454: ;   {runtime_call ic_miss_stub}
  0x000001dc001be454: 0f85 2603 | 3c07 660f | 1f44 0000 
[Verified Entry Point]
  0x000001dc001be460: 8984 2400 | 80ff ff55 | 4883 ec70 | 4181 7f20 | 0100 0000 

  0x000001dc001be474: ;   {runtime_call StubRoutines (final stubs)}
  0x000001dc001be474: 7405 e8e5 

  0x000001dc001be478: ;   {metadata(method data for {method} {0x000001dc0f040860} 'defineClass' '(Ljava/lang/String;[BIILjava/security/CodeSource;)Ljava/lang/Class;' in 'java/security/SecureClassLoader')}
  0x000001dc001be478: 683a 0748 | bb28 76b0 | 0fdc 0100 | 008b 83cc | 0000 0083 | c002 8983 | cc00 0000 | 25fe 0700 
  0x000001dc001be498: 0085 c00f | 8496 0000 | 0089 7424 | 5c89 7c24 | 584c 894c | 2450 4c89 | 4424 4848 

  0x000001dc001be4b4: ;   {metadata(method data for {method} {0x000001dc0f040860} 'defineClass' '(Ljava/lang/String;[BIILjava/security/CodeSource;)Ljava/lang/Class;' in 'java/security/SecureClassLoader')}
  0x000001dc001be4b4: 8bda 48b8 | 2876 b00f | dc01 0000 | 4883 8010 | 0100 0001 | 4c8b c148 | 8bc2 488b | d048 8944 
  0x000001dc001be4d4: ;   {optimized virtual_call}
  0x000001dc001be4d4: 2440 90e8 

  0x000001dc001be4d8: ; ImmutableOopMap {[64]=Oop [72]=Oop [80]=Oop }
                      ;*invokevirtual getProtectionDomain {reexecute=0 rethrow=0 return_oop=0}
                      ; - java.security.SecureClassLoader::defineClass@9 (line 150)
  0x000001dc001be4d8: c475 ffff 

  0x000001dc001be4dc: ;   {other}
  0x000001dc001be4dc: 0f1f 8400 | 4c02 0000 | 488b 5424 

  0x000001dc001be4e8: ;   {metadata(method data for {method} {0x000001dc0f040860} 'defineClass' '(Ljava/lang/String;[BIILjava/security/CodeSource;)Ljava/lang/Class;' in 'java/security/SecureClassLoader')}
  0x000001dc001be4e8: 4049 b828 | 76b0 0fdc | 0100 0049 | 8380 4801 | 0000 014c | 8b44 2448 | 4c8b 4c24 | 508b 7c24 
  0x000001dc001be508: 588b 7424 | 5c48 8bc8 | 488b 5424 

  0x000001dc001be514: ;   {optimized virtual_call}
  0x000001dc001be514: 4066 90e8 

  0x000001dc001be518: ; ImmutableOopMap {}
                      ;*invokevirtual defineClass {reexecute=0 rethrow=0 return_oop=0}
                      ; - java.security.SecureClassLoader::defineClass@12 (line 150)
  0x000001dc001be518: a4bf 0100 

  0x000001dc001be51c: ;   {other}
  0x000001dc001be51c: 0f1f 8400 | 8c02 0001 | 4883 c470 

  0x000001dc001be528: ;   {poll_return}
  0x000001dc001be528: 5d49 3ba7 | 4804 0000 | 0f87 2200 

  0x000001dc001be534: ;   {metadata({method} {0x000001dc0f040860} 'defineClass' '(Ljava/lang/String;[BIILjava/security/CodeSource;)Ljava/lang/Class;' in 'java/security/SecureClassLoader')}
  0x000001dc001be534: 0000 c349 | ba58 0804 | 0fdc 0100 | 004c 8954 | 2408 48c7 | 0424 ffff 

  0x000001dc001be54c: ;   {runtime_call counter_overflow Runtime1 stub}
  0x000001dc001be54c: ffff e82d 

  0x000001dc001be550: ; ImmutableOopMap {rdx=Oop r8=Oop r9=Oop rcx=Oop }
                      ;*synchronization entry
                      ; - java.security.SecureClassLoader::defineClass@-1 (line 150)
  0x000001dc001be550: 6149 07e9 | 49ff ffff 

  0x000001dc001be558: ;   {internal_word}
  0x000001dc001be558: 49ba 29e5 | 1b00 dc01 | 0000 4d89 | 9760 0400 

  0x000001dc001be568: ;   {runtime_call SafepointBlob}
  0x000001dc001be568: 00e9 9271 | 3c07 498b | 87f8 0400 | 0049 c787 | f804 0000 | 0000 0000 | 49c7 8700 | 0500 0000 
  0x000001dc001be588: 0000 0048 | 83c4 705d 

  0x000001dc001be590: ;   {runtime_call unwind_exception Runtime1 stub}
  0x000001dc001be590: e9eb 0049 | 07f4 f4f4 
[Stub Code]
  0x000001dc001be598: ;   {no_reloc}
  0x000001dc001be598: 48bb 0000 | 0000 0000 

  0x000001dc001be5a0: ;   {runtime_call}
  0x000001dc001be5a0: 0000 e9fb 

  0x000001dc001be5a4: ;   {static_stub}
  0x000001dc001be5a4: ffff ff48 | bba8 7002 | 0fdc 0100 

  0x000001dc001be5b0: ;   {runtime_call I2C/C2I adapters}
  0x000001dc001be5b0: 00e9 bf2b 

  0x000001dc001be5b4: ;   {runtime_call handle_exception_from_callee Runtime1 stub}
  0x000001dc001be5b4: 3b07 e8c5 

  0x000001dc001be5b8: ;   {external_word}
  0x000001dc001be5b8: 2d49 0748 | b9b0 4858 | 8ff9 7f00 | 0048 83e4 

  0x000001dc001be5c8: ;   {runtime_call}
  0x000001dc001be5c8: f048 b820 | 2f20 8ff9 | 7f00 00ff 

  0x000001dc001be5d4: ;   {section_word}
  0x000001dc001be5d4: d0f4 49ba | d6e5 1b00 | dc01 0000 

  0x000001dc001be5e0: ;   {runtime_call DeoptimizationBlob}
  0x000001dc001be5e0: 4152 e9b9 | 633c 07f4 
[/MachCode]


---------------  P R O C E S S  ---------------

Threads class SMR info:
_java_thread_list=0x000001dc13ee2a60, length=11, elements={
0x000001dc6e3aeed0, 0x000001dc13160570, 0x000001dc1314c150, 0x000001dc1314ce70,
0x000001dc1314d8c0, 0x000001dc1314e310, 0x000001dc1314ed60, 0x000001dc13153b00,
0x000001dc13155240, 0x000001dc13269c00, 0x000001dc1326bbd0
}

Java Threads: ( => current thread )
=>0x000001dc6e3aeed0 JavaThread "main"                              [_thread_in_vm, id=31012, stack(0x00000080fcd00000,0x00000080fce00000) (1024K)]
  0x000001dc13160570 JavaThread "Reference Handler"          daemon [_thread_blocked, id=29084, stack(0x00000080fd600000,0x00000080fd700000) (1024K)]
  0x000001dc1314c150 JavaThread "Finalizer"                  daemon [_thread_blocked, id=9944, stack(0x00000080fd700000,0x00000080fd800000) (1024K)]
  0x000001dc1314ce70 JavaThread "Signal Dispatcher"          daemon [_thread_blocked, id=21780, stack(0x00000080fd800000,0x00000080fd900000) (1024K)]
  0x000001dc1314d8c0 JavaThread "Attach Listener"            daemon [_thread_blocked, id=16356, stack(0x00000080fd900000,0x00000080fda00000) (1024K)]
  0x000001dc1314e310 JavaThread "Service Thread"             daemon [_thread_blocked, id=20036, stack(0x00000080fda00000,0x00000080fdb00000) (1024K)]
  0x000001dc1314ed60 JavaThread "Monitor Deflation Thread"   daemon [_thread_blocked, id=25364, stack(0x00000080fdb00000,0x00000080fdc00000) (1024K)]
  0x000001dc13153b00 JavaThread "C2 CompilerThread0"         daemon [_thread_blocked, id=6496, stack(0x00000080fdc00000,0x00000080fdd00000) (1024K)]
  0x000001dc13155240 JavaThread "C1 CompilerThread0"         daemon [_thread_blocked, id=30708, stack(0x00000080fdd00000,0x00000080fde00000) (1024K)]
  0x000001dc13269c00 JavaThread "Notification Thread"        daemon [_thread_blocked, id=31612, stack(0x00000080fde00000,0x00000080fdf00000) (1024K)]
  0x000001dc1326bbd0 JavaThread "Common-Cleaner"             daemon [_thread_blocked, id=20896, stack(0x00000080fdf00000,0x00000080fe000000) (1024K)]
Total: 11

Other Threads:
  0x000001dc7f028e20 VMThread "VM Thread"                           [id=11248, stack(0x00000080fd500000,0x00000080fd600000) (1024K)]
  0x000001dc7efdff60 WatcherThread "VM Periodic Task Thread"        [id=28528, stack(0x00000080fd400000,0x00000080fd500000) (1024K)]
  0x000001dc6e5af7c0 WorkerThread "GC Thread#0"                     [id=27276, stack(0x00000080fcf00000,0x00000080fd000000) (1024K)]
  0x000001dc13fd2600 WorkerThread "GC Thread#1"                     [id=32420, stack(0x00000080fe300000,0x00000080fe400000) (1024K)]
  0x000001dc13ebde60 WorkerThread "GC Thread#2"                     [id=16176, stack(0x00000080fe400000,0x00000080fe500000) (1024K)]
  0x000001dc13fd29a0 WorkerThread "GC Thread#3"                     [id=7172, stack(0x00000080fe500000,0x00000080fe600000) (1024K)]
  0x000001dc13f5c9c0 WorkerThread "GC Thread#4"                     [id=21312, stack(0x00000080fe600000,0x00000080fe700000) (1024K)]
  0x000001dc1442d260 WorkerThread "GC Thread#5"                     [id=27852, stack(0x00000080fe700000,0x00000080fe800000) (1024K)]
  0x000001dc1442d600 WorkerThread "GC Thread#6"                     [id=5688, stack(0x00000080fe800000,0x00000080fe900000) (1024K)]
  0x000001dc13e5f7a0 WorkerThread "GC Thread#7"                     [id=32600, stack(0x00000080fe900000,0x00000080fea00000) (1024K)]
  0x000001dc6e5bbee0 ConcurrentGCThread "G1 Main Marker"            [id=16352, stack(0x00000080fd000000,0x00000080fd100000) (1024K)]
  0x000001dc6e5bcb90 WorkerThread "G1 Conc#0"                       [id=2440, stack(0x00000080fd100000,0x00000080fd200000) (1024K)]
  0x000001dc6e62dbe0 ConcurrentGCThread "G1 Refine#0"               [id=1320, stack(0x00000080fd200000,0x00000080fd300000) (1024K)]
  0x000001dc6e62e750 ConcurrentGCThread "G1 Service"                [id=24360, stack(0x00000080fd300000,0x00000080fd400000) (1024K)]
Total: 14

Threads with active compile tasks:
Total: 0

VM state: not at safepoint (normal execution)

VM Mutex/Monitor currently owned by a thread:  ([mutex/lock_event])
[0x00007ff98f81be50] Metaspace_lock - owner thread: 0x000001dc6e3aeed0

Heap address: 0x0000000748c00000, size: 2932 MB, Compressed Oops mode: Zero based, Oop shift amount: 3

CDS archive(s) not mapped
Compressed class space mapped at: 0x0000000800000000-0x0000000840000000, reserved size: 1073741824
Narrow klass base: 0x0000000800000000, Narrow klass shift: 0, Narrow klass range: 0x40000000

GC Precious Log:
 CardTable entry size: 512
 Card Set container configuration: InlinePtr #cards 4 size 8 Array Of Cards #cards 16 size 48 Howl #buckets 8 coarsen threshold 3686 Howl Bitmap #cards 512 size 80 coarsen threshold 460 Card regions per heap region 1 cards per card region 4096
 CPUs: 8 total, 8 available
 Memory: 11723M
 Large Page Support: Disabled
 NUMA Support: Disabled
 Compressed Oops: Enabled (Zero based)
 Heap Region Size: 2M
 Heap Min Capacity: 8M
 Heap Initial Capacity: 184M
 Heap Max Capacity: 2932M
 Pre-touch: Disabled
 Parallel Workers: 8
 Concurrent Workers: 2
 Concurrent Refinement Workers: 8
 Periodic GC: Disabled

Heap:
 garbage-first heap   total 188416K, used 15391K [0x0000000748c00000, 0x0000000800000000)
  region size 2048K, 7 young (14336K), 1 survivors (2048K)
 Metaspace       used 20309K, committed 20480K, reserved 1114112K
  class space    used 2110K, committed 2176K, reserved 1048576K

Heap Regions: E=young(eden), S=young(survivor), O=old, HS=humongous(starts), HC=humongous(continues), CS=collection set, F=free, TAMS=top-at-mark-start, PB=parsable bottom
|   0|0x0000000748c00000, 0x0000000748e00000, 0x0000000748e00000|100%| O|  |TAMS 0x0000000748c00000| PB 0x0000000748c00000| Untracked 
|   1|0x0000000748e00000, 0x0000000748f6dd28, 0x0000000749000000| 71%| O|  |TAMS 0x0000000748e00000| PB 0x0000000748e00000| Untracked 
|   2|0x0000000749000000, 0x0000000749000000, 0x0000000749200000|  0%| F|  |TAMS 0x0000000749000000| PB 0x0000000749000000| Untracked 
|   3|0x0000000749200000, 0x0000000749200000, 0x0000000749400000|  0%| F|  |TAMS 0x0000000749200000| PB 0x0000000749200000| Untracked 
|   4|0x0000000749400000, 0x0000000749400000, 0x0000000749600000|  0%| F|  |TAMS 0x0000000749400000| PB 0x0000000749400000| Untracked 
|   5|0x0000000749600000, 0x0000000749600000, 0x0000000749800000|  0%| F|  |TAMS 0x0000000749600000| PB 0x0000000749600000| Untracked 
|   6|0x0000000749800000, 0x0000000749800000, 0x0000000749a00000|  0%| F|  |TAMS 0x0000000749800000| PB 0x0000000749800000| Untracked 
|   7|0x0000000749a00000, 0x0000000749a00000, 0x0000000749c00000|  0%| F|  |TAMS 0x0000000749a00000| PB 0x0000000749a00000| Untracked 
|   8|0x0000000749c00000, 0x0000000749c00000, 0x0000000749e00000|  0%| F|  |TAMS 0x0000000749c00000| PB 0x0000000749c00000| Untracked 
|   9|0x0000000749e00000, 0x0000000749e00000, 0x000000074a000000|  0%| F|  |TAMS 0x0000000749e00000| PB 0x0000000749e00000| Untracked 
|  10|0x000000074a000000, 0x000000074a000000, 0x000000074a200000|  0%| F|  |TAMS 0x000000074a000000| PB 0x000000074a000000| Untracked 
|  11|0x000000074a200000, 0x000000074a200000, 0x000000074a400000|  0%| F|  |TAMS 0x000000074a200000| PB 0x000000074a200000| Untracked 
|  12|0x000000074a400000, 0x000000074a400000, 0x000000074a600000|  0%| F|  |TAMS 0x000000074a400000| PB 0x000000074a400000| Untracked 
|  13|0x000000074a600000, 0x000000074a600000, 0x000000074a800000|  0%| F|  |TAMS 0x000000074a600000| PB 0x000000074a600000| Untracked 
|  14|0x000000074a800000, 0x000000074a800000, 0x000000074aa00000|  0%| F|  |TAMS 0x000000074a800000| PB 0x000000074a800000| Untracked 
|  15|0x000000074aa00000, 0x000000074aa00000, 0x000000074ac00000|  0%| F|  |TAMS 0x000000074aa00000| PB 0x000000074aa00000| Untracked 
|  16|0x000000074ac00000, 0x000000074ac00000, 0x000000074ae00000|  0%| F|  |TAMS 0x000000074ac00000| PB 0x000000074ac00000| Untracked 
|  17|0x000000074ae00000, 0x000000074ae00000, 0x000000074b000000|  0%| F|  |TAMS 0x000000074ae00000| PB 0x000000074ae00000| Untracked 
|  18|0x000000074b000000, 0x000000074b000000, 0x000000074b200000|  0%| F|  |TAMS 0x000000074b000000| PB 0x000000074b000000| Untracked 
|  19|0x000000074b200000, 0x000000074b200000, 0x000000074b400000|  0%| F|  |TAMS 0x000000074b200000| PB 0x000000074b200000| Untracked 
|  20|0x000000074b400000, 0x000000074b400000, 0x000000074b600000|  0%| F|  |TAMS 0x000000074b400000| PB 0x000000074b400000| Untracked 
|  21|0x000000074b600000, 0x000000074b600000, 0x000000074b800000|  0%| F|  |TAMS 0x000000074b600000| PB 0x000000074b600000| Untracked 
|  22|0x000000074b800000, 0x000000074b800000, 0x000000074ba00000|  0%| F|  |TAMS 0x000000074b800000| PB 0x000000074b800000| Untracked 
|  23|0x000000074ba00000, 0x000000074ba00000, 0x000000074bc00000|  0%| F|  |TAMS 0x000000074ba00000| PB 0x000000074ba00000| Untracked 
|  24|0x000000074bc00000, 0x000000074bc00000, 0x000000074be00000|  0%| F|  |TAMS 0x000000074bc00000| PB 0x000000074bc00000| Untracked 
|  25|0x000000074be00000, 0x000000074be00000, 0x000000074c000000|  0%| F|  |TAMS 0x000000074be00000| PB 0x000000074be00000| Untracked 
|  26|0x000000074c000000, 0x000000074c000000, 0x000000074c200000|  0%| F|  |TAMS 0x000000074c000000| PB 0x000000074c000000| Untracked 
|  27|0x000000074c200000, 0x000000074c200000, 0x000000074c400000|  0%| F|  |TAMS 0x000000074c200000| PB 0x000000074c200000| Untracked 
|  28|0x000000074c400000, 0x000000074c400000, 0x000000074c600000|  0%| F|  |TAMS 0x000000074c400000| PB 0x000000074c400000| Untracked 
|  29|0x000000074c600000, 0x000000074c600000, 0x000000074c800000|  0%| F|  |TAMS 0x000000074c600000| PB 0x000000074c600000| Untracked 
|  30|0x000000074c800000, 0x000000074c800000, 0x000000074ca00000|  0%| F|  |TAMS 0x000000074c800000| PB 0x000000074c800000| Untracked 
|  31|0x000000074ca00000, 0x000000074ca00000, 0x000000074cc00000|  0%| F|  |TAMS 0x000000074ca00000| PB 0x000000074ca00000| Untracked 
|  32|0x000000074cc00000, 0x000000074cc00000, 0x000000074ce00000|  0%| F|  |TAMS 0x000000074cc00000| PB 0x000000074cc00000| Untracked 
|  33|0x000000074ce00000, 0x000000074ce00000, 0x000000074d000000|  0%| F|  |TAMS 0x000000074ce00000| PB 0x000000074ce00000| Untracked 
|  34|0x000000074d000000, 0x000000074d000000, 0x000000074d200000|  0%| F|  |TAMS 0x000000074d000000| PB 0x000000074d000000| Untracked 
|  35|0x000000074d200000, 0x000000074d200000, 0x000000074d400000|  0%| F|  |TAMS 0x000000074d200000| PB 0x000000074d200000| Untracked 
|  36|0x000000074d400000, 0x000000074d400000, 0x000000074d600000|  0%| F|  |TAMS 0x000000074d400000| PB 0x000000074d400000| Untracked 
|  37|0x000000074d600000, 0x000000074d600000, 0x000000074d800000|  0%| F|  |TAMS 0x000000074d600000| PB 0x000000074d600000| Untracked 
|  38|0x000000074d800000, 0x000000074d800000, 0x000000074da00000|  0%| F|  |TAMS 0x000000074d800000| PB 0x000000074d800000| Untracked 
|  39|0x000000074da00000, 0x000000074da00000, 0x000000074dc00000|  0%| F|  |TAMS 0x000000074da00000| PB 0x000000074da00000| Untracked 
|  40|0x000000074dc00000, 0x000000074dc00000, 0x000000074de00000|  0%| F|  |TAMS 0x000000074dc00000| PB 0x000000074dc00000| Untracked 
|  41|0x000000074de00000, 0x000000074de00000, 0x000000074e000000|  0%| F|  |TAMS 0x000000074de00000| PB 0x000000074de00000| Untracked 
|  42|0x000000074e000000, 0x000000074e000000, 0x000000074e200000|  0%| F|  |TAMS 0x000000074e000000| PB 0x000000074e000000| Untracked 
|  43|0x000000074e200000, 0x000000074e200000, 0x000000074e400000|  0%| F|  |TAMS 0x000000074e200000| PB 0x000000074e200000| Untracked 
|  44|0x000000074e400000, 0x000000074e400000, 0x000000074e600000|  0%| F|  |TAMS 0x000000074e400000| PB 0x000000074e400000| Untracked 
|  45|0x000000074e600000, 0x000000074e600000, 0x000000074e800000|  0%| F|  |TAMS 0x000000074e600000| PB 0x000000074e600000| Untracked 
|  46|0x000000074e800000, 0x000000074e800000, 0x000000074ea00000|  0%| F|  |TAMS 0x000000074e800000| PB 0x000000074e800000| Untracked 
|  47|0x000000074ea00000, 0x000000074ea00000, 0x000000074ec00000|  0%| F|  |TAMS 0x000000074ea00000| PB 0x000000074ea00000| Untracked 
|  48|0x000000074ec00000, 0x000000074ec00000, 0x000000074ee00000|  0%| F|  |TAMS 0x000000074ec00000| PB 0x000000074ec00000| Untracked 
|  49|0x000000074ee00000, 0x000000074ee00000, 0x000000074f000000|  0%| F|  |TAMS 0x000000074ee00000| PB 0x000000074ee00000| Untracked 
|  50|0x000000074f000000, 0x000000074f000000, 0x000000074f200000|  0%| F|  |TAMS 0x000000074f000000| PB 0x000000074f000000| Untracked 
|  51|0x000000074f200000, 0x000000074f200000, 0x000000074f400000|  0%| F|  |TAMS 0x000000074f200000| PB 0x000000074f200000| Untracked 
|  52|0x000000074f400000, 0x000000074f400000, 0x000000074f600000|  0%| F|  |TAMS 0x000000074f400000| PB 0x000000074f400000| Untracked 
|  53|0x000000074f600000, 0x000000074f600000, 0x000000074f800000|  0%| F|  |TAMS 0x000000074f600000| PB 0x000000074f600000| Untracked 
|  54|0x000000074f800000, 0x000000074f800000, 0x000000074fa00000|  0%| F|  |TAMS 0x000000074f800000| PB 0x000000074f800000| Untracked 
|  55|0x000000074fa00000, 0x000000074fa00000, 0x000000074fc00000|  0%| F|  |TAMS 0x000000074fa00000| PB 0x000000074fa00000| Untracked 
|  56|0x000000074fc00000, 0x000000074fc00000, 0x000000074fe00000|  0%| F|  |TAMS 0x000000074fc00000| PB 0x000000074fc00000| Untracked 
|  57|0x000000074fe00000, 0x000000074fe00000, 0x0000000750000000|  0%| F|  |TAMS 0x000000074fe00000| PB 0x000000074fe00000| Untracked 
|  58|0x0000000750000000, 0x0000000750000000, 0x0000000750200000|  0%| F|  |TAMS 0x0000000750000000| PB 0x0000000750000000| Untracked 
|  59|0x0000000750200000, 0x0000000750200000, 0x0000000750400000|  0%| F|  |TAMS 0x0000000750200000| PB 0x0000000750200000| Untracked 
|  60|0x0000000750400000, 0x0000000750400000, 0x0000000750600000|  0%| F|  |TAMS 0x0000000750400000| PB 0x0000000750400000| Untracked 
|  61|0x0000000750600000, 0x0000000750600000, 0x0000000750800000|  0%| F|  |TAMS 0x0000000750600000| PB 0x0000000750600000| Untracked 
|  62|0x0000000750800000, 0x0000000750800000, 0x0000000750a00000|  0%| F|  |TAMS 0x0000000750800000| PB 0x0000000750800000| Untracked 
|  63|0x0000000750a00000, 0x0000000750a00000, 0x0000000750c00000|  0%| F|  |TAMS 0x0000000750a00000| PB 0x0000000750a00000| Untracked 
|  64|0x0000000750c00000, 0x0000000750c00000, 0x0000000750e00000|  0%| F|  |TAMS 0x0000000750c00000| PB 0x0000000750c00000| Untracked 
|  65|0x0000000750e00000, 0x0000000750e00000, 0x0000000751000000|  0%| F|  |TAMS 0x0000000750e00000| PB 0x0000000750e00000| Untracked 
|  66|0x0000000751000000, 0x0000000751000000, 0x0000000751200000|  0%| F|  |TAMS 0x0000000751000000| PB 0x0000000751000000| Untracked 
|  67|0x0000000751200000, 0x0000000751200000, 0x0000000751400000|  0%| F|  |TAMS 0x0000000751200000| PB 0x0000000751200000| Untracked 
|  68|0x0000000751400000, 0x0000000751400000, 0x0000000751600000|  0%| F|  |TAMS 0x0000000751400000| PB 0x0000000751400000| Untracked 
|  69|0x0000000751600000, 0x0000000751600000, 0x0000000751800000|  0%| F|  |TAMS 0x0000000751600000| PB 0x0000000751600000| Untracked 
|  70|0x0000000751800000, 0x0000000751800000, 0x0000000751a00000|  0%| F|  |TAMS 0x0000000751800000| PB 0x0000000751800000| Untracked 
|  71|0x0000000751a00000, 0x0000000751a00000, 0x0000000751c00000|  0%| F|  |TAMS 0x0000000751a00000| PB 0x0000000751a00000| Untracked 
|  72|0x0000000751c00000, 0x0000000751c00000, 0x0000000751e00000|  0%| F|  |TAMS 0x0000000751c00000| PB 0x0000000751c00000| Untracked 
|  73|0x0000000751e00000, 0x0000000751e00000, 0x0000000752000000|  0%| F|  |TAMS 0x0000000751e00000| PB 0x0000000751e00000| Untracked 
|  74|0x0000000752000000, 0x000000075219a210, 0x0000000752200000| 80%| S|CS|TAMS 0x0000000752000000| PB 0x0000000752000000| Complete 
|  75|0x0000000752200000, 0x0000000752200000, 0x0000000752400000|  0%| F|  |TAMS 0x0000000752200000| PB 0x0000000752200000| Untracked 
|  76|0x0000000752400000, 0x0000000752400000, 0x0000000752600000|  0%| F|  |TAMS 0x0000000752400000| PB 0x0000000752400000| Untracked 
|  77|0x0000000752600000, 0x0000000752600000, 0x0000000752800000|  0%| F|  |TAMS 0x0000000752600000| PB 0x0000000752600000| Untracked 
|  78|0x0000000752800000, 0x0000000752800000, 0x0000000752a00000|  0%| F|  |TAMS 0x0000000752800000| PB 0x0000000752800000| Untracked 
|  79|0x0000000752a00000, 0x0000000752a00000, 0x0000000752c00000|  0%| F|  |TAMS 0x0000000752a00000| PB 0x0000000752a00000| Untracked 
|  80|0x0000000752c00000, 0x0000000752c00000, 0x0000000752e00000|  0%| F|  |TAMS 0x0000000752c00000| PB 0x0000000752c00000| Untracked 
|  81|0x0000000752e00000, 0x0000000752e00000, 0x0000000753000000|  0%| F|  |TAMS 0x0000000752e00000| PB 0x0000000752e00000| Untracked 
|  82|0x0000000753000000, 0x0000000753000000, 0x0000000753200000|  0%| F|  |TAMS 0x0000000753000000| PB 0x0000000753000000| Untracked 
|  83|0x0000000753200000, 0x0000000753200000, 0x0000000753400000|  0%| F|  |TAMS 0x0000000753200000| PB 0x0000000753200000| Untracked 
|  84|0x0000000753400000, 0x0000000753400000, 0x0000000753600000|  0%| F|  |TAMS 0x0000000753400000| PB 0x0000000753400000| Untracked 
|  85|0x0000000753600000, 0x0000000753600000, 0x0000000753800000|  0%| F|  |TAMS 0x0000000753600000| PB 0x0000000753600000| Untracked 
|  86|0x0000000753800000, 0x000000075393d1e0, 0x0000000753a00000| 61%| E|  |TAMS 0x0000000753800000| PB 0x0000000753800000| Complete 
|  87|0x0000000753a00000, 0x0000000753c00000, 0x0000000753c00000|100%| E|CS|TAMS 0x0000000753a00000| PB 0x0000000753a00000| Complete 
|  88|0x0000000753c00000, 0x0000000753e00000, 0x0000000753e00000|100%| E|CS|TAMS 0x0000000753c00000| PB 0x0000000753c00000| Complete 
|  89|0x0000000753e00000, 0x0000000754000000, 0x0000000754000000|100%| E|CS|TAMS 0x0000000753e00000| PB 0x0000000753e00000| Complete 
|  90|0x0000000754000000, 0x0000000754200000, 0x0000000754200000|100%| E|CS|TAMS 0x0000000754000000| PB 0x0000000754000000| Complete 
|  91|0x0000000754200000, 0x0000000754400000, 0x0000000754400000|100%| E|CS|TAMS 0x0000000754200000| PB 0x0000000754200000| Complete 

Card table byte_map: [0x000001dc79220000,0x000001dc797e0000] _byte_map_base: 0x000001dc757da000

Marking Bits: (CMBitMap*) 0x000001dc6e5afec0
 Bits: [0x000001dc797e0000, 0x000001dc7c5b0000)

Polling page: 0x000001dc6e630000

Metaspace:

Usage:
  Non-class:     17.77 MB used.
      Class:      2.06 MB used.
       Both:     19.83 MB used.

Virtual space:
  Non-class space:       64.00 MB reserved,      17.88 MB ( 28%) committed,  1 nodes.
      Class space:        1.00 GB reserved,       2.12 MB ( <1%) committed,  1 nodes.
             Both:        1.06 GB reserved,      20.00 MB (  2%) committed. 

Chunk freelists:
   Non-Class:  13.83 MB
       Class:  13.73 MB
        Both:  27.56 MB

MaxMetaspaceSize: unlimited
CompressedClassSpaceSize: 1.00 GB
Initial GC threshold: 21.00 MB
Current GC threshold: 21.00 MB
CDS: off
 - commit_granule_bytes: 65536.
 - commit_granule_words: 8192.
 - virtual_space_node_default_size: 8388608.
 - enlarge_chunks_in_place: 1.
 - use_allocation_guard: 0.


Internal statistics:

num_allocs_failed_limit: 0.
num_arena_births: 108.
num_arena_deaths: 0.
num_vsnodes_births: 2.
num_vsnodes_deaths: 0.
num_space_committed: 320.
num_space_uncommitted: 0.
num_chunks_returned_to_freelist: 0.
num_chunks_taken_from_freelist: 488.
num_chunk_merges: 0.
num_chunk_splits: 340.
num_chunks_enlarged: 282.
num_inconsistent_stats: 0.

CodeHeap 'non-profiled nmethods': size=120000Kb used=870Kb max_used=870Kb free=119130Kb
 bounds [0x000001dc07ad0000, 0x000001dc07d40000, 0x000001dc0f000000]
CodeHeap 'profiled nmethods': size=120000Kb used=4276Kb max_used=4276Kb free=115723Kb
 bounds [0x000001dc00000000, 0x000001dc00430000, 0x000001dc07530000]
CodeHeap 'non-nmethods': size=5760Kb used=1366Kb max_used=1390Kb free=4394Kb
 bounds [0x000001dc07530000, 0x000001dc077a0000, 0x000001dc07ad0000]
 total_blobs=2630 nmethods=2164 adapters=370
 compilation: enabled
              stopped_count=0, restarted_count=0
 full_count=0

Compilation events (20 events):
Event: 8.371 Thread 0x000001dc13155240 nmethod 2156 0x000001dc00425a10 code [0x000001dc00425c20, 0x000001dc00426410]
Event: 8.371 Thread 0x000001dc13155240 2155       3       java.util.stream.Collectors$$Lambda/0x00000008001442a0::get (8 bytes)
Event: 8.371 Thread 0x000001dc13155240 nmethod 2155 0x000001dc00426690 code [0x000001dc00426860, 0x000001dc00426bb0]
Event: 8.372 Thread 0x000001dc13155240 2157       1       com.google.inject.internal.KotlinSupport$KotlinUnsupported::isLocalClass (2 bytes)
Event: 8.372 Thread 0x000001dc13155240 nmethod 2157 0x000001dc07ba8b10 code [0x000001dc07ba8ca0, 0x000001dc07ba8d68]
Event: 8.372 Thread 0x000001dc13155240 2158       3       java.lang.reflect.Executable::getAllGenericParameterTypes (172 bytes)
Event: 8.374 Thread 0x000001dc13155240 nmethod 2158 0x000001dc00426d10 code [0x000001dc00427080, 0x000001dc00428968]
Event: 8.375 Thread 0x000001dc13153b00 nmethod 2147 0x000001dc07ba8e10 code [0x000001dc07ba9000, 0x000001dc07ba9460]
Event: 8.375 Thread 0x000001dc13155240 2159       3       sun.reflect.annotation.TypeAnnotationParser::buildAnnotatedTypes (314 bytes)
Event: 8.377 Thread 0x000001dc13155240 nmethod 2159 0x000001dc00429010 code [0x000001dc004293a0, 0x000001dc0042adc0]
Event: 8.377 Thread 0x000001dc13155240 2160   !   3       jdk.proxy2.$Proxy7::annotationType (29 bytes)
Event: 8.377 Thread 0x000001dc13155240 nmethod 2160 0x000001dc0042b710 code [0x000001dc0042b8e0, 0x000001dc0042bca8]
Event: 8.378 Thread 0x000001dc13155240 2161       3       java.util.ArrayList$ArrayListSpliterator::getFence (35 bytes)
Event: 8.378 Thread 0x000001dc13155240 nmethod 2161 0x000001dc0042be90 code [0x000001dc0042c020, 0x000001dc0042c178]
Event: 8.378 Thread 0x000001dc13155240 2162       3       java.lang.reflect.Executable::getDeclaredAnnotations (8 bytes)
Event: 8.378 Thread 0x000001dc13155240 nmethod 2162 0x000001dc0042c210 code [0x000001dc0042c400, 0x000001dc0042c848]
Event: 8.378 Thread 0x000001dc13155240 2163       3       java.util.ArrayList$ArrayListSpliterator::estimateSize (11 bytes)
Event: 8.378 Thread 0x000001dc13155240 nmethod 2163 0x000001dc0042c990 code [0x000001dc0042cb40, 0x000001dc0042cd00]
Event: 8.378 Thread 0x000001dc13155240 2164       3       java.lang.Class::getDeclaredConstructors (27 bytes)
Event: 8.378 Thread 0x000001dc13155240 nmethod 2164 0x000001dc0042ce10 code [0x000001dc0042cfe0, 0x000001dc0042d248]

GC Heap History (4 events):
Event: 4.451 GC heap before
{Heap before GC invocations=0 (full 0):
 garbage-first heap   total 188416K, used 22528K [0x0000000748c00000, 0x0000000800000000)
  region size 2048K, 11 young (22528K), 0 survivors (0K)
 Metaspace       used 14420K, committed 14592K, reserved 1114112K
  class space    used 1394K, committed 1472K, reserved 1048576K
}
Event: 4.749 GC heap after
{Heap after GC invocations=1 (full 0):
 garbage-first heap   total 188416K, used 3840K [0x0000000748c00000, 0x0000000800000000)
  region size 2048K, 2 young (4096K), 2 survivors (4096K)
 Metaspace       used 14420K, committed 14592K, reserved 1114112K
  class space    used 1394K, committed 1472K, reserved 1048576K
}
Event: 7.268 GC heap before
{Heap before GC invocations=1 (full 0):
 garbage-first heap   total 188416K, used 34560K [0x0000000748c00000, 0x0000000800000000)
  region size 2048K, 17 young (34816K), 2 survivors (4096K)
 Metaspace       used 18212K, committed 18368K, reserved 1114112K
  class space    used 1843K, committed 1920K, reserved 1048576K
}
Event: 7.275 GC heap after
{Heap after GC invocations=2 (full 0):
 garbage-first heap   total 188416K, used 5151K [0x0000000748c00000, 0x0000000800000000)
  region size 2048K, 1 young (2048K), 1 survivors (2048K)
 Metaspace       used 18212K, committed 18368K, reserved 1114112K
  class space    used 1843K, committed 1920K, reserved 1048576K
}

Dll operation events (8 events):
Event: 0.336 Loaded shared library C:\Program Files\Java\jdk-21\bin\java.dll
Event: 2.545 Loaded shared library C:\Program Files\Java\jdk-21\bin\jsvml.dll
Event: 2.550 Loaded shared library C:\Program Files\Java\jdk-21\bin\net.dll
Event: 2.554 Loaded shared library C:\Program Files\Java\jdk-21\bin\nio.dll
Event: 2.568 Loaded shared library C:\Program Files\Java\jdk-21\bin\zip.dll
Event: 3.032 Loaded shared library C:\Users\2oleg\Downloads\apache-maven-3.9.11-bin\apache-maven-3.9.11\lib\jansi-native\Windows\x86_64\jansi.dll
Event: 3.129 Loaded shared library C:\Program Files\Java\jdk-21\bin\verify.dll
Event: 3.183 Loaded shared library C:\Program Files\Java\jdk-21\bin\jimage.dll

Deoptimization events (20 events):
Event: 7.938 Thread 0x000001dc6e3aeed0 DEOPT PACKING pc=0x000001dc07b1beec sp=0x00000080fcdfb7a0
Event: 7.938 Thread 0x000001dc6e3aeed0 DEOPT UNPACKING pc=0x000001dc075846a2 sp=0x00000080fcdfb718 mode 2
Event: 8.007 Thread 0x000001dc6e3aeed0 Uncommon trap: trap_request=0xffffff45 fr.pc=0x000001dc07b5840c relative=0x000000000000060c
Event: 8.007 Thread 0x000001dc6e3aeed0 Uncommon trap: reason=unstable_if action=reinterpret pc=0x000001dc07b5840c method=java.lang.Integer.getChars(II[B)I @ 25 c2
Event: 8.007 Thread 0x000001dc6e3aeed0 DEOPT PACKING pc=0x000001dc07b5840c sp=0x00000080fcdfe190
Event: 8.008 Thread 0x000001dc6e3aeed0 DEOPT UNPACKING pc=0x000001dc075846a2 sp=0x00000080fcdfe0d8 mode 2
Event: 8.081 Thread 0x000001dc6e3aeed0 Uncommon trap: trap_request=0xffffff45 fr.pc=0x000001dc07b5c968 relative=0x0000000000000228
Event: 8.081 Thread 0x000001dc6e3aeed0 Uncommon trap: reason=unstable_if action=reinterpret pc=0x000001dc07b5c968 method=java.lang.ClassLoader.checkName(Ljava/lang/String;)Z @ 1 c2
Event: 8.081 Thread 0x000001dc6e3aeed0 DEOPT PACKING pc=0x000001dc07b5c968 sp=0x00000080fcdfdf00
Event: 8.081 Thread 0x000001dc6e3aeed0 DEOPT UNPACKING pc=0x000001dc075846a2 sp=0x00000080fcdfde98 mode 2
Event: 8.084 Thread 0x000001dc6e3aeed0 Uncommon trap: trap_request=0xffffff45 fr.pc=0x000001dc07addee8 relative=0x0000000000000048
Event: 8.084 Thread 0x000001dc6e3aeed0 Uncommon trap: reason=unstable_if action=reinterpret pc=0x000001dc07addee8 method=java.lang.StringLatin1.canEncode(I)Z @ 4 c2
Event: 8.084 Thread 0x000001dc6e3aeed0 DEOPT PACKING pc=0x000001dc07addee8 sp=0x00000080fcdfe070
Event: 8.084 Thread 0x000001dc6e3aeed0 DEOPT UNPACKING pc=0x000001dc075846a2 sp=0x00000080fcdfe000 mode 2
Event: 8.108 Thread 0x000001dc6e3aeed0 Uncommon trap: trap_request=0xffffff45 fr.pc=0x000001dc07b934ac relative=0x0000000000000c2c
Event: 8.108 Thread 0x000001dc6e3aeed0 Uncommon trap: reason=unstable_if action=reinterpret pc=0x000001dc07b934ac method=jdk.internal.org.objectweb.asm.SymbolTable.put(Ljdk/internal/org/objectweb/asm/SymbolTable$Entry;)Ljdk/internal/org/objectweb/asm/SymbolTable$Entry; @ 13 c2
Event: 8.108 Thread 0x000001dc6e3aeed0 DEOPT PACKING pc=0x000001dc07b934ac sp=0x00000080fcdfdc30
Event: 8.108 Thread 0x000001dc6e3aeed0 DEOPT UNPACKING pc=0x000001dc075846a2 sp=0x00000080fcdfdb68 mode 2
Event: 8.188 Thread 0x000001dc6e3aeed0 DEOPT PACKING pc=0x000001dc003b75b4 sp=0x00000080fcdfe3e0
Event: 8.188 Thread 0x000001dc6e3aeed0 DEOPT UNPACKING pc=0x000001dc07584e42 sp=0x00000080fcdfd940 mode 0

Classes loaded (20 events):
Event: 7.979 Loading class java/lang/ClassValue$ClassValueMap
Event: 7.980 Loading class java/lang/ClassValue$ClassValueMap done
Event: 8.008 Loading class java/util/TreeMap$Values
Event: 8.008 Loading class java/util/TreeMap$Values done
Event: 8.017 Loading class java/util/TreeMap$ValueIterator
Event: 8.017 Loading class java/util/TreeMap$ValueIterator done
Event: 8.021 Loading class sun/invoke/util/ValueConversions$1
Event: 8.021 Loading class sun/invoke/util/ValueConversions$1 done
Event: 8.023 Loading class java/lang/invoke/MethodHandles$1
Event: 8.023 Loading class java/lang/invoke/MethodHandles$1 done
Event: 8.023 Loading class java/lang/invoke/BoundMethodHandle$Species_LI
Event: 8.023 Loading class java/lang/invoke/BoundMethodHandle$Species_LI done
Event: 8.023 Loading class java/lang/invoke/ClassSpecializer$Factory$1Var
Event: 8.024 Loading class java/lang/invoke/ClassSpecializer$Factory$1Var done
Event: 8.077 Loading class java/lang/invoke/BoundMethodHandle$Species_LLLLL
Event: 8.077 Loading class java/lang/invoke/BoundMethodHandle$Species_LLLLL done
Event: 8.079 Loading class jdk/internal/org/objectweb/asm/ClassReader
Event: 8.080 Loading class jdk/internal/org/objectweb/asm/ClassReader done
Event: 8.084 Loading class java/util/function/ToIntFunction
Event: 8.084 Loading class java/util/function/ToIntFunction done

Classes unloaded (0 events):
No events

Classes redefined (0 events):
No events

Internal exceptions (20 events):
Event: 3.150 Thread 0x000001dc6e3aeed0 Exception <a 'java/lang/NoSuchMethodError'{0x0000000753c240e8}: 'void java.lang.invoke.DirectMethodHandle$Holder.invokeStaticInit(java.lang.Object, java.lang.Object)'> (0x0000000753c240e8) 
thrown [s\open\src\hotspot\share\interpreter\linkResolver.cpp, line 773]
Event: 3.178 Thread 0x000001dc6e3aeed0 Exception <a 'java/lang/NoSuchMethodError'{0x0000000753c6fd28}: 'void java.lang.invoke.DirectMethodHandle$Holder.invokeStatic(java.lang.Object, java.lang.Object, java.lang.Object)'> (0x0000000753c6fd28) 
thrown [s\open\src\hotspot\share\interpreter\linkResolver.cpp, line 773]
Event: 3.383 Thread 0x000001dc6e3aeed0 Exception <a 'java/lang/NoSuchMethodError'{0x0000000753a67f28}: 'java.lang.Object java.lang.invoke.DirectMethodHandle$Holder.invokeSpecialIFC(java.lang.Object, java.lang.Object, java.lang.Object, java.lang.Object)'> (0x0000000753a67f28) 
thrown [s\open\src\hotspot\share\interpreter\linkResolver.cpp, line 773]
Event: 3.906 Thread 0x000001dc6e3aeed0 Exception <a 'java/lang/NoSuchMethodError'{0x000000075346eab8}: 'void java.lang.invoke.DirectMethodHandle$Holder.invokeSpecial(java.lang.Object, java.lang.Object, java.lang.Object)'> (0x000000075346eab8) 
thrown [s\open\src\hotspot\share\interpreter\linkResolver.cpp, line 773]
Event: 4.004 Thread 0x000001dc6e3aeed0 Exception <a 'java/lang/NoSuchMethodError'{0x00000007535cf0d8}: 'java.lang.Object java.lang.invoke.DirectMethodHandle$Holder.invokeInterface(java.lang.Object, java.lang.Object)'> (0x00000007535cf0d8) 
thrown [s\open\src\hotspot\share\interpreter\linkResolver.cpp, line 773]
Event: 4.034 Thread 0x000001dc6e3aeed0 Exception <a 'java/lang/NoSuchMethodError'{0x0000000753272ee8}: 'int java.lang.invoke.DirectMethodHandle$Holder.invokeStatic(java.lang.Object, java.lang.Object, java.lang.Object, java.lang.Object)'> (0x0000000753272ee8) 
thrown [s\open\src\hotspot\share\interpreter\linkResolver.cpp, line 773]
Event: 4.034 Thread 0x000001dc6e3aeed0 Exception <a 'java/lang/NoSuchMethodError'{0x0000000753276578}: 'java.lang.Object java.lang.invoke.Invokers$Holder.invokeExact_MT(java.lang.Object, java.lang.Object, java.lang.Object, java.lang.Object, java.lang.Object, java.lang.Object)'> (0x0000000753276578) 
thrown [s\open\src\hotspot\share\interpreter\linkResolver.cpp, line 773]
Event: 4.038 Thread 0x000001dc6e3aeed0 Exception <a 'java/lang/NoSuchMethodError'{0x0000000753284c28}: 'int java.lang.invoke.DirectMethodHandle$Holder.invokeSpecialIFC(java.lang.Object, java.lang.Object, java.lang.Object, java.lang.Object, java.lang.Object)'> (0x0000000753284c28) 
thrown [s\open\src\hotspot\share\interpreter\linkResolver.cpp, line 773]
Event: 4.206 Thread 0x000001dc6e3aeed0 Exception <a 'java/lang/NoSuchMethodError'{0x000000075302a470}: 'java.lang.Object java.lang.invoke.DirectMethodHandle$Holder.newInvokeSpecial(java.lang.Object, java.lang.Object, java.lang.Object, java.lang.Object, java.lang.Object)'> (0x000000075302a470) 
thrown [s\open\src\hotspot\share\interpreter\linkResolver.cpp, line 773]
Event: 4.316 Thread 0x000001dc6e3aeed0 Exception <a 'java/lang/NoSuchMethodError'{0x000000075314b628}: 'int java.lang.invoke.DirectMethodHandle$Holder.invokeStaticInit(java.lang.Object, java.lang.Object)'> (0x000000075314b628) 
thrown [s\open\src\hotspot\share\interpreter\linkResolver.cpp, line 773]
Event: 4.330 Thread 0x000001dc6e3aeed0 Exception <a 'java/lang/NoClassDefFoundError'{0x0000000753183978}: javax/enterprise/inject/Typed> (0x0000000753183978) 
thrown [s\open\src\hotspot\share\classfile\systemDictionary.cpp, line 301]
Event: 7.865 Thread 0x000001dc6e3aeed0 Exception <a 'java/lang/NoSuchMethodError'{0x0000000753d773f0}: 'void java.lang.invoke.DirectMethodHandle$Holder.invokeStaticInit(java.lang.Object, java.lang.Object, java.lang.Object)'> (0x0000000753d773f0) 
thrown [s\open\src\hotspot\share\interpreter\linkResolver.cpp, line 773]
Event: 7.933 Thread 0x000001dc6e3aeed0 Exception <a 'java/lang/ExceptionInInitializerError'{0x0000000753dab870}> (0x0000000753dab870) 
thrown [s\open\src\hotspot\share\oops\instanceKlass.cpp, line 1192]
Event: 8.021 Thread 0x000001dc6e3aeed0 Exception <a 'java/lang/NoSuchMethodError'{0x0000000753a19cd8}: 'long java.lang.invoke.DirectMethodHandle$Holder.invokeStatic(java.lang.Object, java.lang.Object, int)'> (0x0000000753a19cd8) 
thrown [s\open\src\hotspot\share\interpreter\linkResolver.cpp, line 773]
Event: 8.025 Thread 0x000001dc6e3aeed0 Exception <a 'java/lang/NoSuchMethodError'{0x0000000753a2cdb0}: 'java.lang.Object java.lang.invoke.DirectMethodHandle$Holder.invokeStatic(java.lang.Object, java.lang.Object, java.lang.Object, java.lang.Object, int)'> (0x0000000753a2cdb0) 
thrown [s\open\src\hotspot\share\interpreter\linkResolver.cpp, line 773]
Event: 8.027 Thread 0x000001dc6e3aeed0 Exception <a 'java/lang/NoSuchMethodError'{0x0000000753a34ce8}: 'java.lang.Object java.lang.invoke.DirectMethodHandle$Holder.invokeSpecial(java.lang.Object, java.lang.Object, java.lang.Object, java.lang.Object, long)'> (0x0000000753a34ce8) 
thrown [s\open\src\hotspot\share\interpreter\linkResolver.cpp, line 773]
Event: 8.058 Thread 0x000001dc6e3aeed0 Exception <a 'java/lang/NoSuchMethodError'{0x0000000753a40808}: 'java.lang.Object java.lang.invoke.DirectMethodHandle$Holder.invokeSpecial(java.lang.Object, java.lang.Object, java.lang.Object, int, java.lang.Object)'> (0x0000000753a40808) 
thrown [s\open\src\hotspot\share\interpreter\linkResolver.cpp, line 773]
Event: 8.067 Thread 0x000001dc6e3aeed0 Exception <a 'java/lang/NoSuchMethodError'{0x0000000753a48948}: 'int java.lang.invoke.DirectMethodHandle$Holder.invokeSpecial(java.lang.Object, java.lang.Object, java.lang.Object, int)'> (0x0000000753a48948) 
thrown [s\open\src\hotspot\share\interpreter\linkResolver.cpp, line 773]
Event: 8.081 Thread 0x000001dc6e3aeed0 Implicit null exception at 0x000001dc07b5c75a to 0x000001dc07b5c954
Event: 8.086 Thread 0x000001dc6e3aeed0 Exception <a 'java/lang/NoSuchMethodError'{0x0000000753a6dc18}: 'java.lang.Object java.lang.invoke.Invokers$Holder.invokeExact_MT(java.lang.Object, int, java.lang.Object)'> (0x0000000753a6dc18) 
thrown [s\open\src\hotspot\share\interpreter\linkResolver.cpp, line 773]

ZGC Phase Switch (0 events):
No events

VM Operations (20 events):
Event: 3.203 Executing VM operation: HandshakeAllThreads (Deoptimize)
Event: 3.210 Executing VM operation: HandshakeAllThreads (Deoptimize) done
Event: 3.210 Executing VM operation: Cleanup
Event: 4.185 Executing VM operation: Cleanup done
Event: 4.451 Executing VM operation: G1CollectForAllocation (G1 Evacuation Pause)
Event: 5.126 Executing VM operation: G1CollectForAllocation (G1 Evacuation Pause) done
Event: 6.127 Executing VM operation: Cleanup
Event: 6.127 Executing VM operation: Cleanup done
Event: 6.460 Executing VM operation: HandshakeAllThreads (Deoptimize)
Event: 6.493 Executing VM operation: HandshakeAllThreads (Deoptimize) done
Event: 6.577 Executing VM operation: HandshakeAllThreads (Deoptimize)
Event: 6.645 Executing VM operation: HandshakeAllThreads (Deoptimize) done
Event: 7.254 Executing VM operation: G1CollectForAllocation (G1 Evacuation Pause)
Event: 7.469 Executing VM operation: G1CollectForAllocation (G1 Evacuation Pause) done
Event: 7.980 Executing VM operation: HandshakeAllThreads (Deoptimize)
Event: 7.980 Executing VM operation: HandshakeAllThreads (Deoptimize) done
Event: 8.183 Executing VM operation: HandshakeAllThreads (Deoptimize)
Event: 8.183 Executing VM operation: HandshakeAllThreads (Deoptimize) done
Event: 8.187 Executing VM operation: HandshakeAllThreads (Deoptimize)
Event: 8.187 Executing VM operation: HandshakeAllThreads (Deoptimize) done

Events (17 events):
Event: 1.926 Thread 0x000001dc6e3aeed0 Thread added: 0x000001dc6e3aeed0
Event: 2.190 Thread 0x000001dc13160570 Thread added: 0x000001dc13160570
Event: 2.191 Thread 0x000001dc1314c150 Thread added: 0x000001dc1314c150
Event: 2.192 Thread 0x000001dc1314ce70 Thread added: 0x000001dc1314ce70
Event: 2.193 Thread 0x000001dc1314d8c0 Thread added: 0x000001dc1314d8c0
Event: 2.193 Thread 0x000001dc1314e310 Thread added: 0x000001dc1314e310
Event: 2.193 Thread 0x000001dc1314ed60 Thread added: 0x000001dc1314ed60
Event: 2.193 Thread 0x000001dc13153b00 Thread added: 0x000001dc13153b00
Event: 2.213 Thread 0x000001dc13155240 Thread added: 0x000001dc13155240
Event: 2.362 Thread 0x000001dc13269c00 Thread added: 0x000001dc13269c00
Event: 2.411 Thread 0x000001dc1326bbd0 Thread added: 0x000001dc1326bbd0
Event: 3.024 Thread 0x000001dc1357ac50 Thread added: 0x000001dc1357ac50
Event: 4.367 Thread 0x000001dc13bfefc0 Thread added: 0x000001dc13bfefc0
Event: 4.387 Thread 0x000001dc13ea7f80 Thread added: 0x000001dc13ea7f80
Event: 5.126 Thread 0x000001dc13ea7f80 Thread exited: 0x000001dc13ea7f80
Event: 5.403 Thread 0x000001dc13bfefc0 Thread exited: 0x000001dc13bfefc0
Event: 7.665 Thread 0x000001dc1357ac50 Thread exited: 0x000001dc1357ac50


Dynamic libraries:
0x00007ff703c60000 - 0x00007ff703c70000 	C:\Program Files\Java\jdk-21\bin\java.exe
0x00007ff9f5930000 - 0x00007ff9f5b28000 	C:\WINDOWS\SYSTEM32\ntdll.dll
0x00007ff9f5400000 - 0x00007ff9f54c2000 	C:\WINDOWS\System32\KERNEL32.DLL
0x00007ff9f3130000 - 0x00007ff9f3426000 	C:\WINDOWS\System32\KERNELBASE.dll
0x00007ff9f3820000 - 0x00007ff9f3920000 	C:\WINDOWS\System32\ucrtbase.dll
0x00007ff9e2300000 - 0x00007ff9e2319000 	C:\Program Files\Java\jdk-21\bin\jli.dll
0x00007ff9f3da0000 - 0x00007ff9f3e51000 	C:\WINDOWS\System32\ADVAPI32.dll
0x00007ff9f5820000 - 0x00007ff9f58be000 	C:\WINDOWS\System32\msvcrt.dll
0x00007ff9f4800000 - 0x00007ff9f489f000 	C:\WINDOWS\System32\sechost.dll
0x00007ff9f3c10000 - 0x00007ff9f3d30000 	C:\WINDOWS\System32\RPCRT4.dll
0x00007ff9f3560000 - 0x00007ff9f3587000 	C:\WINDOWS\System32\bcrypt.dll
0x00007ff9f3f40000 - 0x00007ff9f40e1000 	C:\WINDOWS\System32\USER32.dll
0x00007ff9f3100000 - 0x00007ff9f3122000 	C:\WINDOWS\System32\win32u.dll
0x00007ff9f47c0000 - 0x00007ff9f47eb000 	C:\WINDOWS\System32\GDI32.dll
0x00007ff9f2f90000 - 0x00007ff9f30a9000 	C:\WINDOWS\System32\gdi32full.dll
0x00007ff9f3590000 - 0x00007ff9f362d000 	C:\WINDOWS\System32\msvcp_win.dll
0x00007ff9e31d0000 - 0x00007ff9e31eb000 	C:\Program Files\Java\jdk-21\bin\VCRUNTIME140.dll
0x00007ff9e4da0000 - 0x00007ff9e503b000 	C:\WINDOWS\WinSxS\amd64_microsoft.windows.common-controls_6595b64144ccf1df_6.0.19041.6456_none_60b8a6cb71f64256\COMCTL32.dll
0x00007ff9ecd10000 - 0x00007ff9ecd1a000 	C:\WINDOWS\SYSTEM32\VERSION.dll
0x00007ff9f3f10000 - 0x00007ff9f3f3f000 	C:\WINDOWS\System32\IMM32.DLL
0x00007ff9ed3a0000 - 0x00007ff9ed3ac000 	C:\Program Files\Java\jdk-21\bin\vcruntime140_1.dll
0x00007ff9c7130000 - 0x00007ff9c71be000 	C:\Program Files\Java\jdk-21\bin\msvcp140.dll
0x00007ff98ebe0000 - 0x00007ff98f8fa000 	C:\Program Files\Java\jdk-21\bin\server\jvm.dll
0x00007ff9f4210000 - 0x00007ff9f427b000 	C:\WINDOWS\System32\WS2_32.dll
0x00007ff9f2df0000 - 0x00007ff9f2e3b000 	C:\WINDOWS\SYSTEM32\POWRPROF.dll
0x00007ff9e0140000 - 0x00007ff9e0167000 	C:\WINDOWS\SYSTEM32\WINMM.dll
0x00007ff9f2dd0000 - 0x00007ff9f2de2000 	C:\WINDOWS\SYSTEM32\UMPDC.dll
0x00007ff9f0dc0000 - 0x00007ff9f0dd2000 	C:\WINDOWS\SYSTEM32\kernel.appcore.dll
0x00007ff9ed370000 - 0x00007ff9ed37a000 	C:\Program Files\Java\jdk-21\bin\jimage.dll
0x00007ff9df840000 - 0x00007ff9dfa41000 	C:\WINDOWS\SYSTEM32\DBGHELP.DLL
0x00007ff9dd350000 - 0x00007ff9dd384000 	C:\WINDOWS\SYSTEM32\dbgcore.DLL
0x00007ff9f3630000 - 0x00007ff9f36b2000 	C:\WINDOWS\System32\bcryptPrimitives.dll
0x00007ff9e0be0000 - 0x00007ff9e0bff000 	C:\Program Files\Java\jdk-21\bin\java.dll
0x00007ff9f4930000 - 0x00007ff9f50a0000 	C:\WINDOWS\System32\SHELL32.dll
0x00007ff9f0fc0000 - 0x00007ff9f1765000 	C:\WINDOWS\SYSTEM32\windows.storage.dll
0x00007ff9f50a0000 - 0x00007ff9f53f4000 	C:\WINDOWS\System32\combase.dll
0x00007ff9f28e0000 - 0x00007ff9f290b000 	C:\WINDOWS\SYSTEM32\Wldp.dll
0x00007ff9f46f0000 - 0x00007ff9f47bd000 	C:\WINDOWS\System32\OLEAUT32.dll
0x00007ff9f3920000 - 0x00007ff9f39cd000 	C:\WINDOWS\System32\SHCORE.dll
0x00007ff9f57c0000 - 0x00007ff9f581b000 	C:\WINDOWS\System32\shlwapi.dll
0x00007ff9f2ec0000 - 0x00007ff9f2ee4000 	C:\WINDOWS\SYSTEM32\profapi.dll
0x00007ff9ab440000 - 0x00007ff9ab517000 	C:\Program Files\Java\jdk-21\bin\jsvml.dll
0x00007ff9ebd20000 - 0x00007ff9ebd30000 	C:\Program Files\Java\jdk-21\bin\net.dll
0x00007ff9ec950000 - 0x00007ff9eca5a000 	C:\WINDOWS\SYSTEM32\WINHTTP.dll
0x00007ff9f25f0000 - 0x00007ff9f265a000 	C:\WINDOWS\system32\mswsock.dll
0x00007ff9dbf20000 - 0x00007ff9dbf36000 	C:\Program Files\Java\jdk-21\bin\nio.dll
0x00007ff9d8a60000 - 0x00007ff9d8a78000 	C:\Program Files\Java\jdk-21\bin\zip.dll
0x00007ff9d0da0000 - 0x00007ff9d0dc4000 	C:\Users\2oleg\Downloads\apache-maven-3.9.11-bin\apache-maven-3.9.11\lib\jansi-native\Windows\x86_64\jansi.dll
0x00007ff9e8580000 - 0x00007ff9e8590000 	C:\Program Files\Java\jdk-21\bin\verify.dll

dbghelp: loaded successfully - version: 4.0.5 - missing functions: none
symbol engine: initialized successfully - sym options: 0x614 - pdb path: .;C:\Program Files\Java\jdk-21\bin;C:\WINDOWS\SYSTEM32;C:\WINDOWS\WinSxS\amd64_microsoft.windows.common-controls_6595b64144ccf1df_6.0.19041.6456_none_60b8a6cb71f64256;C:\Program Files\Java\jdk-21\bin\server;C:\Users\2oleg\Downloads\apache-maven-3.9.11-bin\apache-maven-3.9.11\lib\jansi-native\Windows\x86_64

VM Arguments:
jvm_args: --enable-native-access=ALL-UNNAMED -Dclassworlds.conf=C:\Users\2oleg\Downloads\apache-maven-3.9.11-bin\apache-maven-3.9.11\bin\m2.conf -Dmaven.home=C:\Users\2oleg\Downloads\apache-maven-3.9.11-bin\apache-maven-3.9.11 -Dlibrary.jansi.path=C:\Users\2oleg\Downloads\apache-maven-3.9.11-bin\apache-maven-3.9.11\lib\jansi-native -Dmaven.multiModuleProjectDirectory=C:\Users\2oleg\Downloads\Telegram Desktop\Kefir\Backend\TransactionSaga 
java_command: org.codehaus.plexus.classworlds.launcher.Launcher spring-boot:run -Dserver.port=8090 -DskipTests
java_class_path (initial): C:\Users\2oleg\Downloads\apache-maven-3.9.11-bin\apache-maven-3.9.11\boot\plexus-classworlds-2.9.0.jar
Launcher Type: SUN_STANDARD

[Global flags]
     intx CICompilerCount                          = 4                                         {product} {ergonomic}
     uint ConcGCThreads                            = 2                                         {product} {ergonomic}
     uint G1ConcRefinementThreads                  = 8                                         {product} {ergonomic}
   size_t G1HeapRegionSize                         = 2097152                                   {product} {ergonomic}
    uintx GCDrainStackTargetSize                   = 64                                        {product} {ergonomic}
   size_t InitialHeapSize                          = 192937984                                 {product} {ergonomic}
   size_t MarkStackSize                            = 4194304                                   {product} {ergonomic}
   size_t MaxHeapSize                              = 3074424832                                {product} {ergonomic}
   size_t MaxNewSize                               = 1843396608                                {product} {ergonomic}
   size_t MinHeapDeltaBytes                        = 2097152                                   {product} {ergonomic}
   size_t MinHeapSize                              = 8388608                                   {product} {ergonomic}
    uintx NonNMethodCodeHeapSize                   = 5839372                                {pd product} {ergonomic}
    uintx NonProfiledCodeHeapSize                  = 122909434                              {pd product} {ergonomic}
    uintx ProfiledCodeHeapSize                     = 122909434                              {pd product} {ergonomic}
    uintx ReservedCodeCacheSize                    = 251658240                              {pd product} {ergonomic}
     bool SegmentedCodeCache                       = true                                      {product} {ergonomic}
   size_t SoftMaxHeapSize                          = 3074424832                             {manageable} {ergonomic}
     bool UseCompressedOops                        = true                           {product lp64_product} {ergonomic}
     bool UseG1GC                                  = true                                      {product} {ergonomic}
     bool UseLargePagesIndividualAllocation        = false                                  {pd product} {ergonomic}

Logging:
Log output configuration:
 #0: stdout all=warning uptime,level,tags foldmultilines=false
 #1: stderr all=off uptime,level,tags foldmultilines=false

Environment Variables:
JAVA_HOME=C:\Program Files\Java\jdk-21
PATH=C:\Program Files\Common Files\Oracle\Java\javapath;C:\Program Files (x86)\Cuminas\Document Express DjVu Plug-in\;C:\Program Files (x86)\Razer Chroma SDK\bin;C:\Program Files\Razer Chroma SDK\bin;C:\WINDOWS\system32;C:\WINDOWS;C:\WINDOWS\System32\Wbem;C:\WINDOWS\System32\WindowsPowerShell\v1.0\;C:\WINDOWS\System32\OpenSSH\;C:\Program Files (x86)\NVIDIA Corporation\PhysX\Common;C:\WINDOWS\system32\config\systemprofile\AppData\Local\Microsoft\WindowsApps;C:\Program Files (x86)\Razer\ChromaBroadcast\bin;C:\Program Files\Razer\ChromaBroadcast\bin;C:\Users\2oleg\AppData\Local\Microsoft\WindowsApps;C:\Program Files\JetBrains\IntelliJ IDEA Community Edition 2024.3\bin;C:\Users\2oleg\AppData\Local\Programs\Microsoft VS Code\bin;C:\Program Files\Docker\Docker\resources\bin;C:\Users\2oleg\Downloads\curl-8.16.0_6-win64-mingw.zip\curl-8.16.0_6-win64-mingw\bin;C:\Users\2oleg\Downloads\curl-8.16.0_6-win64-mingw\curl-8.16.0_6-win64-mingw\bin;C:\Users\2oleg\Downloads\apache-maven-3.9.11-bin\apache-maven-3.9.11\bin;C:\ProgramData\chocolatey\bin;C:\Users\2oleg\AppData\Roaming\Cloud Foundry;C:\Program Files\Git\cmd;C:\Program Files\nodejs\;C:\Users\2oleg\AppData\Local\Muse Hub\lib;C:\Users\2oleg\AppData\Local\Microsoft\WindowsApps;C:\Program Files\JetBrains\IntelliJ IDEA Community Edition 2025.2.4\bin;C:\Users\2oleg\AppData\Local\Programs\Microsoft VS Code\bin;C:\Program Files\jq.exe;C:\Users\2oleg\AppData\Local\Microsoft\WinGet\Packages\jqlang.jq_Microsoft.Winget.Source_8wekyb3d8bbwe;C:\Program Files\Java\jdk-24;C:\Users\2oleg\Downloads\gradle-9.0.0-bin\gradle-9.0.0\bin;C:\Program Files\Docker\Docker\resources\bin;C:\Users\2oleg\AppData\Local\GitHubDesktop\bin;C:\Users\2oleg\AppData\Roaming\npm
USERNAME=2oleg
OS=Windows_NT
PROCESSOR_IDENTIFIER=Intel64 Family 6 Model 60 Stepping 3, GenuineIntel
TMP=C:\Users\2oleg\AppData\Local\Temp
TEMP=C:\Users\2oleg\AppData\Local\Temp




Periodic native trim disabled

---------------  S Y S T E M  ---------------

OS:
 Windows 10 , 64 bit Build 19041 (10.0.19041.5915)
OS uptime: 10 days 12:23 hours
Hyper-V role detected

CPU: total 8 (initial active 8) (4 cores per cpu, 2 threads per core) family 6 model 60 stepping 3 microcode 0x27, cx8, cmov, fxsr, ht, mmx, sse, sse2, sse3, ssse3, sse4.1, sse4.2, popcnt, lzcnt, tsc, tscinvbit, avx, avx2, aes, erms, clmul, bmi1, bmi2, fma, vzeroupper, clflush, hv, rdtscp, f16c
Processor Information for all 8 processors :
  Max Mhz: 2401, Current Mhz: 2401, Mhz Limit: 2401

Memory: 4k page, system-wide physical 11723M (2739M free)
TotalPageFile size 23723M (AvailPageFile size 551M)
current process WorkingSet (physical memory assigned to process): 102M, peak: 105M
current process commit charge ("private bytes"): 289M, peak: 294M

vm_info: Java HotSpot(TM) 64-Bit Server VM (21.0.7+8-LTS-245) for windows-amd64 JRE (21.0.7+8-LTS-245), built on 2025-02-21T05:11:27Z by "mach5one" with MS VC++ 17.6 (VS2022)

END.
