#
# There is insufficient memory for the Java Runtime Environment to continue.
# Native memory allocation (malloc) failed to allocate 437376 bytes for Chunk::new
# Possible reasons:
#   The system is out of physical RAM or swap space
#   The process is running with CompressedOops enabled, and the Java Heap may be blocking the growth of the native heap
# Possible solutions:
#   Reduce memory load on the system
#   Increase physical memory or swap space
#   Check if swap backing store is full
#   Decrease Java heap size (-Xmx/-Xms)
#   Decrease number of Java threads
#   Decrease Java thread stack sizes (-Xss)
#   Set larger code cache with -XX:ReservedCodeCacheSize=
#   JVM is running with Zero Based Compressed Oops mode in which the Java heap is
#     placed in the first 32GB address space. The Java Heap base address is the
#     maximum limit for the native heap growth. Please use -XX:HeapBaseMinAddress
#     to set the Java Heap base and to place the Java Heap above 32GB virtual address.
# This output file may be truncated or incomplete.
#
#  Out of Memory Error (arena.cpp:168), pid=29304, tid=20428
#
# JRE version: Java(TM) SE Runtime Environment (21.0.7+8) (build 21.0.7+8-LTS-245)
# Java VM: Java HotSpot(TM) 64-Bit Server VM (21.0.7+8-LTS-245, mixed mode, sharing, tiered, compressed oops, compressed class ptrs, g1 gc, windows-amd64)
# No core dump will be written. Minidumps are not enabled by default on client versions of Windows
#

---------------  S U M M A R Y ------------

Command Line: --enable-native-access=ALL-UNNAMED -Dclassworlds.conf=C:\Users\2oleg\Downloads\apache-maven-3.9.11-bin\apache-maven-3.9.11\bin\m2.conf -Dmaven.home=C:\Users\2oleg\Downloads\apache-maven-3.9.11-bin\apache-maven-3.9.11 -Dlibrary.jansi.path=C:\Users\2oleg\Downloads\apache-maven-3.9.11-bin\apache-maven-3.9.11\lib\jansi-native -Dmaven.multiModuleProjectDirectory=C:\Users\2oleg\Downloads\Telegram Desktop\Kefir\Backend\TransactionSaga org.codehaus.plexus.classworlds.launcher.Launcher spring-boot:run -Dserver.port=8090 -DskipTests

Host: Intel(R) Core(TM) i7-4700HQ CPU @ 2.40GHz, 8 cores, 11G,  Windows 10 , 64 bit Build 19041 (10.0.19041.5915)
Time: Sat Dec 13 01:38:10 2025 RTZ 2 (s 10 , 64 bit Build 19041 (10.0.19041.5915) elapsed time: 20.631123 seconds (0d 0h 0m 20s)

---------------  T H R E A D  ---------------

Current thread (0x0000020753d84b40):  JavaThread "C2 CompilerThread0" daemon [_thread_in_native, id=20428, stack(0x0000003ca7f00000,0x0000003ca8000000) (1024K)]


Current CompileTask:
C2:  20631 2757   !   4       java.net.URL::<init> (543 bytes)

Stack: [0x0000003ca7f00000,0x0000003ca8000000]
Native frames: (J=compiled Java code, j=interpreted, Vv=VM code, C=native code)
V  [jvm.dll+0x6cae19]
V  [jvm.dll+0x855741]
V  [jvm.dll+0x857c6e]
V  [jvm.dll+0x858343]
V  [jvm.dll+0x27e0b6]
V  [jvm.dll+0xc4ecd]
V  [jvm.dll+0xc5403]
V  [jvm.dll+0x2f145d]
V  [jvm.dll+0x5f5a8a]
V  [jvm.dll+0x24fbc2]
V  [jvm.dll+0x24852f]
V  [jvm.dll+0x246004]
V  [jvm.dll+0x1c6efe]
V  [jvm.dll+0x255819]
V  [jvm.dll+0x253daa]
V  [jvm.dll+0x3eebb6]
V  [jvm.dll+0x7ffa1b]
V  [jvm.dll+0x6c94fd]
C  [ucrtbase.dll+0x21bb2]
C  [KERNEL32.DLL+0x17374]
C  [ntdll.dll+0x4cc91]


---------------  P R O C E S S  ---------------

Threads class SMR info:
_java_thread_list=0x0000020799b009b0, length=12, elements={
0x000002073413eed0, 0x0000020753d7a250, 0x0000020753d7b050, 0x0000020753d7dab0,
0x0000020753d7e500, 0x0000020753d7ef50, 0x0000020753d7f9a0, 0x0000020753d84b40,
0x0000020753d85c90, 0x0000020753e0e210, 0x000002079900eb70, 0x0000020799b99350
}

Java Threads: ( => current thread )
  0x000002073413eed0 JavaThread "main"                              [_thread_in_Java, id=27324, stack(0x0000003ca7100000,0x0000003ca7200000) (1024K)]
  0x0000020753d7a250 JavaThread "Reference Handler"          daemon [_thread_blocked, id=31592, stack(0x0000003ca7900000,0x0000003ca7a00000) (1024K)]
  0x0000020753d7b050 JavaThread "Finalizer"                  daemon [_thread_blocked, id=25604, stack(0x0000003ca7a00000,0x0000003ca7b00000) (1024K)]
  0x0000020753d7dab0 JavaThread "Signal Dispatcher"          daemon [_thread_blocked, id=32220, stack(0x0000003ca7b00000,0x0000003ca7c00000) (1024K)]
  0x0000020753d7e500 JavaThread "Attach Listener"            daemon [_thread_blocked, id=27724, stack(0x0000003ca7c00000,0x0000003ca7d00000) (1024K)]
  0x0000020753d7ef50 JavaThread "Service Thread"             daemon [_thread_blocked, id=26288, stack(0x0000003ca7d00000,0x0000003ca7e00000) (1024K)]
  0x0000020753d7f9a0 JavaThread "Monitor Deflation Thread"   daemon [_thread_blocked, id=16080, stack(0x0000003ca7e00000,0x0000003ca7f00000) (1024K)]
=>0x0000020753d84b40 JavaThread "C2 CompilerThread0"         daemon [_thread_in_native, id=20428, stack(0x0000003ca7f00000,0x0000003ca8000000) (1024K)]
  0x0000020753d85c90 JavaThread "C1 CompilerThread0"         daemon [_thread_blocked, id=11436, stack(0x0000003ca8000000,0x0000003ca8100000) (1024K)]
  0x0000020753e0e210 JavaThread "Notification Thread"        daemon [_thread_blocked, id=30200, stack(0x0000003ca8100000,0x0000003ca8200000) (1024K)]
  0x000002079900eb70 JavaThread "Common-Cleaner"             daemon [_thread_blocked, id=32340, stack(0x0000003ca8200000,0x0000003ca8300000) (1024K)]
  0x0000020799b99350 JavaThread "Thread-1"                   daemon [_thread_blocked, id=27932, stack(0x0000003ca8300000,0x0000003ca8400000) (1024K)]
Total: 12

Other Threads:
  0x0000020753d5f5b0 VMThread "VM Thread"                           [id=9648, stack(0x0000003ca7800000,0x0000003ca7900000) (1024K)]
  0x0000020753d4eb40 WatcherThread "VM Periodic Task Thread"        [id=25552, stack(0x0000003ca7700000,0x0000003ca7800000) (1024K)]
  0x000002073434f7c0 WorkerThread "GC Thread#0"                     [id=27728, stack(0x0000003ca7200000,0x0000003ca7300000) (1024K)]
  0x0000020799e4c410 WorkerThread "GC Thread#1"                     [id=31740, stack(0x0000003ca8500000,0x0000003ca8600000) (1024K)]
  0x0000020799e4c7b0 WorkerThread "GC Thread#2"                     [id=1720, stack(0x0000003ca8600000,0x0000003ca8700000) (1024K)]
  0x0000020799047430 WorkerThread "GC Thread#3"                     [id=12020, stack(0x0000003ca8700000,0x0000003ca8800000) (1024K)]
  0x0000020799fe9830 WorkerThread "GC Thread#4"                     [id=31988, stack(0x0000003ca8800000,0x0000003ca8900000) (1024K)]
  0x0000020799fe9bd0 WorkerThread "GC Thread#5"                     [id=29880, stack(0x0000003ca8900000,0x0000003ca8a00000) (1024K)]
  0x00000207998105b0 WorkerThread "GC Thread#6"                     [id=20560, stack(0x0000003ca8a00000,0x0000003ca8b00000) (1024K)]
  0x00000207997fa700 WorkerThread "GC Thread#7"                     [id=9368, stack(0x0000003ca8b00000,0x0000003ca8c00000) (1024K)]
  0x000002073435bee0 ConcurrentGCThread "G1 Main Marker"            [id=25776, stack(0x0000003ca7300000,0x0000003ca7400000) (1024K)]
  0x000002073435c9e0 WorkerThread "G1 Conc#0"                       [id=29584, stack(0x0000003ca7400000,0x0000003ca7500000) (1024K)]
  0x00000207343cda40 ConcurrentGCThread "G1 Refine#0"               [id=29968, stack(0x0000003ca7500000,0x0000003ca7600000) (1024K)]
  0x00000207343ce760 ConcurrentGCThread "G1 Service"                [id=6064, stack(0x0000003ca7600000,0x0000003ca7700000) (1024K)]
Total: 14

Threads with active compile tasks:
C2 CompilerThread0    20811 2757   !   4       java.net.URL::<init> (543 bytes)
Total: 1

VM state: not at safepoint (normal execution)

VM Mutex/Monitor currently owned by a thread: None

Heap address: 0x0000000748c00000, size: 2932 MB, Compressed Oops mode: Zero based, Oop shift amount: 3

CDS archive(s) mapped at: [0x0000020754000000-0x0000020754c90000-0x0000020754c90000), size 13172736, SharedBaseAddress: 0x0000020754000000, ArchiveRelocationMode: 1.
Compressed class space mapped at: 0x0000020755000000-0x0000020795000000, reserved size: 1073741824
Narrow klass base: 0x0000020754000000, Narrow klass shift: 0, Narrow klass range: 0x100000000

GC Precious Log:
 CardTable entry size: 512
 Card Set container configuration: InlinePtr #cards 4 size 8 Array Of Cards #cards 16 size 48 Howl #buckets 8 coarsen threshold 3686 Howl Bitmap #cards 512 size 80 coarsen threshold 460 Card regions per heap region 1 cards per card region 4096
 CPUs: 8 total, 8 available
 Memory: 11723M
 Large Page Support: Disabled
 NUMA Support: Disabled
 Compressed Oops: Enabled (Zero based)
 Heap Region Size: 2M
 Heap Min Capacity: 8M
 Heap Initial Capacity: 184M
 Heap Max Capacity: 2932M
 Pre-touch: Disabled
 Parallel Workers: 8
 Concurrent Workers: 2
 Concurrent Refinement Workers: 8
 Periodic GC: Disabled

Heap:
 garbage-first heap   total 188416K, used 25747K [0x0000000748c00000, 0x0000000800000000)
  region size 2048K, 12 young (24576K), 1 survivors (2048K)
 Metaspace       used 13917K, committed 14144K, reserved 1114112K
  class space    used 1662K, committed 1792K, reserved 1048576K

Heap Regions: E=young(eden), S=young(survivor), O=old, HS=humongous(starts), HC=humongous(continues), CS=collection set, F=free, TAMS=top-at-mark-start, PB=parsable bottom
|   0|0x0000000748c00000, 0x0000000748e00000, 0x0000000748e00000|100%| O|  |TAMS 0x0000000748c00000| PB 0x0000000748c00000| Untracked 
|   1|0x0000000748e00000, 0x0000000748f849a0, 0x0000000749000000| 75%| O|  |TAMS 0x0000000748e00000| PB 0x0000000748e00000| Untracked 
|   2|0x0000000749000000, 0x0000000749000000, 0x0000000749200000|  0%| F|  |TAMS 0x0000000749000000| PB 0x0000000749000000| Untracked 
|   3|0x0000000749200000, 0x0000000749200000, 0x0000000749400000|  0%| F|  |TAMS 0x0000000749200000| PB 0x0000000749200000| Untracked 
|   4|0x0000000749400000, 0x0000000749400000, 0x0000000749600000|  0%| F|  |TAMS 0x0000000749400000| PB 0x0000000749400000| Untracked 
|   5|0x0000000749600000, 0x0000000749600000, 0x0000000749800000|  0%| F|  |TAMS 0x0000000749600000| PB 0x0000000749600000| Untracked 
|   6|0x0000000749800000, 0x0000000749800000, 0x0000000749a00000|  0%| F|  |TAMS 0x0000000749800000| PB 0x0000000749800000| Untracked 
|   7|0x0000000749a00000, 0x0000000749a00000, 0x0000000749c00000|  0%| F|  |TAMS 0x0000000749a00000| PB 0x0000000749a00000| Untracked 
|   8|0x0000000749c00000, 0x0000000749c00000, 0x0000000749e00000|  0%| F|  |TAMS 0x0000000749c00000| PB 0x0000000749c00000| Untracked 
|   9|0x0000000749e00000, 0x0000000749e00000, 0x000000074a000000|  0%| F|  |TAMS 0x0000000749e00000| PB 0x0000000749e00000| Untracked 
|  10|0x000000074a000000, 0x000000074a000000, 0x000000074a200000|  0%| F|  |TAMS 0x000000074a000000| PB 0x000000074a000000| Untracked 
|  11|0x000000074a200000, 0x000000074a200000, 0x000000074a400000|  0%| F|  |TAMS 0x000000074a200000| PB 0x000000074a200000| Untracked 
|  12|0x000000074a400000, 0x000000074a400000, 0x000000074a600000|  0%| F|  |TAMS 0x000000074a400000| PB 0x000000074a400000| Untracked 
|  13|0x000000074a600000, 0x000000074a600000, 0x000000074a800000|  0%| F|  |TAMS 0x000000074a600000| PB 0x000000074a600000| Untracked 
|  14|0x000000074a800000, 0x000000074a800000, 0x000000074aa00000|  0%| F|  |TAMS 0x000000074a800000| PB 0x000000074a800000| Untracked 
|  15|0x000000074aa00000, 0x000000074aa00000, 0x000000074ac00000|  0%| F|  |TAMS 0x000000074aa00000| PB 0x000000074aa00000| Untracked 
|  16|0x000000074ac00000, 0x000000074ac00000, 0x000000074ae00000|  0%| F|  |TAMS 0x000000074ac00000| PB 0x000000074ac00000| Untracked 
|  17|0x000000074ae00000, 0x000000074ae00000, 0x000000074b000000|  0%| F|  |TAMS 0x000000074ae00000| PB 0x000000074ae00000| Untracked 
|  18|0x000000074b000000, 0x000000074b000000, 0x000000074b200000|  0%| F|  |TAMS 0x000000074b000000| PB 0x000000074b000000| Untracked 
|  19|0x000000074b200000, 0x000000074b200000, 0x000000074b400000|  0%| F|  |TAMS 0x000000074b200000| PB 0x000000074b200000| Untracked 
|  20|0x000000074b400000, 0x000000074b400000, 0x000000074b600000|  0%| F|  |TAMS 0x000000074b400000| PB 0x000000074b400000| Untracked 
|  21|0x000000074b600000, 0x000000074b600000, 0x000000074b800000|  0%| F|  |TAMS 0x000000074b600000| PB 0x000000074b600000| Untracked 
|  22|0x000000074b800000, 0x000000074b800000, 0x000000074ba00000|  0%| F|  |TAMS 0x000000074b800000| PB 0x000000074b800000| Untracked 
|  23|0x000000074ba00000, 0x000000074ba00000, 0x000000074bc00000|  0%| F|  |TAMS 0x000000074ba00000| PB 0x000000074ba00000| Untracked 
|  24|0x000000074bc00000, 0x000000074bc00000, 0x000000074be00000|  0%| F|  |TAMS 0x000000074bc00000| PB 0x000000074bc00000| Untracked 
|  25|0x000000074be00000, 0x000000074be00000, 0x000000074c000000|  0%| F|  |TAMS 0x000000074be00000| PB 0x000000074be00000| Untracked 
|  26|0x000000074c000000, 0x000000074c000000, 0x000000074c200000|  0%| F|  |TAMS 0x000000074c000000| PB 0x000000074c000000| Untracked 
|  27|0x000000074c200000, 0x000000074c200000, 0x000000074c400000|  0%| F|  |TAMS 0x000000074c200000| PB 0x000000074c200000| Untracked 
|  28|0x000000074c400000, 0x000000074c400000, 0x000000074c600000|  0%| F|  |TAMS 0x000000074c400000| PB 0x000000074c400000| Untracked 
|  29|0x000000074c600000, 0x000000074c600000, 0x000000074c800000|  0%| F|  |TAMS 0x000000074c600000| PB 0x000000074c600000| Untracked 
|  30|0x000000074c800000, 0x000000074c800000, 0x000000074ca00000|  0%| F|  |TAMS 0x000000074c800000| PB 0x000000074c800000| Untracked 
|  31|0x000000074ca00000, 0x000000074ca00000, 0x000000074cc00000|  0%| F|  |TAMS 0x000000074ca00000| PB 0x000000074ca00000| Untracked 
|  32|0x000000074cc00000, 0x000000074cc00000, 0x000000074ce00000|  0%| F|  |TAMS 0x000000074cc00000| PB 0x000000074cc00000| Untracked 
|  33|0x000000074ce00000, 0x000000074ce00000, 0x000000074d000000|  0%| F|  |TAMS 0x000000074ce00000| PB 0x000000074ce00000| Untracked 
|  34|0x000000074d000000, 0x000000074d000000, 0x000000074d200000|  0%| F|  |TAMS 0x000000074d000000| PB 0x000000074d000000| Untracked 
|  35|0x000000074d200000, 0x000000074d200000, 0x000000074d400000|  0%| F|  |TAMS 0x000000074d200000| PB 0x000000074d200000| Untracked 
|  36|0x000000074d400000, 0x000000074d400000, 0x000000074d600000|  0%| F|  |TAMS 0x000000074d400000| PB 0x000000074d400000| Untracked 
|  37|0x000000074d600000, 0x000000074d600000, 0x000000074d800000|  0%| F|  |TAMS 0x000000074d600000| PB 0x000000074d600000| Untracked 
|  38|0x000000074d800000, 0x000000074d800000, 0x000000074da00000|  0%| F|  |TAMS 0x000000074d800000| PB 0x000000074d800000| Untracked 
|  39|0x000000074da00000, 0x000000074da00000, 0x000000074dc00000|  0%| F|  |TAMS 0x000000074da00000| PB 0x000000074da00000| Untracked 
|  40|0x000000074dc00000, 0x000000074dc00000, 0x000000074de00000|  0%| F|  |TAMS 0x000000074dc00000| PB 0x000000074dc00000| Untracked 
|  41|0x000000074de00000, 0x000000074de00000, 0x000000074e000000|  0%| F|  |TAMS 0x000000074de00000| PB 0x000000074de00000| Untracked 
|  42|0x000000074e000000, 0x000000074e000000, 0x000000074e200000|  0%| F|  |TAMS 0x000000074e000000| PB 0x000000074e000000| Untracked 
|  43|0x000000074e200000, 0x000000074e200000, 0x000000074e400000|  0%| F|  |TAMS 0x000000074e200000| PB 0x000000074e200000| Untracked 
|  44|0x000000074e400000, 0x000000074e400000, 0x000000074e600000|  0%| F|  |TAMS 0x000000074e400000| PB 0x000000074e400000| Untracked 
|  45|0x000000074e600000, 0x000000074e600000, 0x000000074e800000|  0%| F|  |TAMS 0x000000074e600000| PB 0x000000074e600000| Untracked 
|  46|0x000000074e800000, 0x000000074e800000, 0x000000074ea00000|  0%| F|  |TAMS 0x000000074e800000| PB 0x000000074e800000| Untracked 
|  47|0x000000074ea00000, 0x000000074ea00000, 0x000000074ec00000|  0%| F|  |TAMS 0x000000074ea00000| PB 0x000000074ea00000| Untracked 
|  48|0x000000074ec00000, 0x000000074ec00000, 0x000000074ee00000|  0%| F|  |TAMS 0x000000074ec00000| PB 0x000000074ec00000| Untracked 
|  49|0x000000074ee00000, 0x000000074ee00000, 0x000000074f000000|  0%| F|  |TAMS 0x000000074ee00000| PB 0x000000074ee00000| Untracked 
|  50|0x000000074f000000, 0x000000074f000000, 0x000000074f200000|  0%| F|  |TAMS 0x000000074f000000| PB 0x000000074f000000| Untracked 
|  51|0x000000074f200000, 0x000000074f200000, 0x000000074f400000|  0%| F|  |TAMS 0x000000074f200000| PB 0x000000074f200000| Untracked 
|  52|0x000000074f400000, 0x000000074f400000, 0x000000074f600000|  0%| F|  |TAMS 0x000000074f400000| PB 0x000000074f400000| Untracked 
|  53|0x000000074f600000, 0x000000074f600000, 0x000000074f800000|  0%| F|  |TAMS 0x000000074f600000| PB 0x000000074f600000| Untracked 
|  54|0x000000074f800000, 0x000000074f800000, 0x000000074fa00000|  0%| F|  |TAMS 0x000000074f800000| PB 0x000000074f800000| Untracked 
|  55|0x000000074fa00000, 0x000000074fa00000, 0x000000074fc00000|  0%| F|  |TAMS 0x000000074fa00000| PB 0x000000074fa00000| Untracked 
|  56|0x000000074fc00000, 0x000000074fc00000, 0x000000074fe00000|  0%| F|  |TAMS 0x000000074fc00000| PB 0x000000074fc00000| Untracked 
|  57|0x000000074fe00000, 0x000000074fe00000, 0x0000000750000000|  0%| F|  |TAMS 0x000000074fe00000| PB 0x000000074fe00000| Untracked 
|  58|0x0000000750000000, 0x0000000750000000, 0x0000000750200000|  0%| F|  |TAMS 0x0000000750000000| PB 0x0000000750000000| Untracked 
|  59|0x0000000750200000, 0x0000000750200000, 0x0000000750400000|  0%| F|  |TAMS 0x0000000750200000| PB 0x0000000750200000| Untracked 
|  60|0x0000000750400000, 0x0000000750400000, 0x0000000750600000|  0%| F|  |TAMS 0x0000000750400000| PB 0x0000000750400000| Untracked 
|  61|0x0000000750600000, 0x0000000750600000, 0x0000000750800000|  0%| F|  |TAMS 0x0000000750600000| PB 0x0000000750600000| Untracked 
|  62|0x0000000750800000, 0x0000000750800000, 0x0000000750a00000|  0%| F|  |TAMS 0x0000000750800000| PB 0x0000000750800000| Untracked 
|  63|0x0000000750a00000, 0x0000000750a00000, 0x0000000750c00000|  0%| F|  |TAMS 0x0000000750a00000| PB 0x0000000750a00000| Untracked 
|  64|0x0000000750c00000, 0x0000000750c00000, 0x0000000750e00000|  0%| F|  |TAMS 0x0000000750c00000| PB 0x0000000750c00000| Untracked 
|  65|0x0000000750e00000, 0x0000000750e00000, 0x0000000751000000|  0%| F|  |TAMS 0x0000000750e00000| PB 0x0000000750e00000| Untracked 
|  66|0x0000000751000000, 0x0000000751000000, 0x0000000751200000|  0%| F|  |TAMS 0x0000000751000000| PB 0x0000000751000000| Untracked 
|  67|0x0000000751200000, 0x0000000751200000, 0x0000000751400000|  0%| F|  |TAMS 0x0000000751200000| PB 0x0000000751200000| Untracked 
|  68|0x0000000751400000, 0x0000000751400000, 0x0000000751600000|  0%| F|  |TAMS 0x0000000751400000| PB 0x0000000751400000| Untracked 
|  69|0x0000000751600000, 0x0000000751600000, 0x0000000751800000|  0%| F|  |TAMS 0x0000000751600000| PB 0x0000000751600000| Untracked 
|  70|0x0000000751800000, 0x0000000751800000, 0x0000000751a00000|  0%| F|  |TAMS 0x0000000751800000| PB 0x0000000751800000| Untracked 
|  71|0x0000000751a00000, 0x0000000751a00000, 0x0000000751c00000|  0%| F|  |TAMS 0x0000000751a00000| PB 0x0000000751a00000| Untracked 
|  72|0x0000000751c00000, 0x0000000751c00000, 0x0000000751e00000|  0%| F|  |TAMS 0x0000000751c00000| PB 0x0000000751c00000| Untracked 
|  73|0x0000000751e00000, 0x0000000751e00000, 0x0000000752000000|  0%| F|  |TAMS 0x0000000751e00000| PB 0x0000000751e00000| Untracked 
|  74|0x0000000752000000, 0x00000007521a0540, 0x0000000752200000| 81%| S|CS|TAMS 0x0000000752000000| PB 0x0000000752000000| Complete 
|  75|0x0000000752200000, 0x0000000752200000, 0x0000000752400000|  0%| F|  |TAMS 0x0000000752200000| PB 0x0000000752200000| Untracked 
|  76|0x0000000752400000, 0x0000000752400000, 0x0000000752600000|  0%| F|  |TAMS 0x0000000752400000| PB 0x0000000752400000| Untracked 
|  77|0x0000000752600000, 0x0000000752600000, 0x0000000752800000|  0%| F|  |TAMS 0x0000000752600000| PB 0x0000000752600000| Untracked 
|  78|0x0000000752800000, 0x0000000752800000, 0x0000000752a00000|  0%| F|  |TAMS 0x0000000752800000| PB 0x0000000752800000| Untracked 
|  79|0x0000000752a00000, 0x0000000752a00000, 0x0000000752c00000|  0%| F|  |TAMS 0x0000000752a00000| PB 0x0000000752a00000| Untracked 
|  80|0x0000000752c00000, 0x0000000752c00000, 0x0000000752e00000|  0%| F|  |TAMS 0x0000000752c00000| PB 0x0000000752c00000| Untracked 
|  81|0x0000000752e00000, 0x0000000752ff6708, 0x0000000753000000| 98%| E|  |TAMS 0x0000000752e00000| PB 0x0000000752e00000| Complete 
|  82|0x0000000753000000, 0x0000000753200000, 0x0000000753200000|100%| E|CS|TAMS 0x0000000753000000| PB 0x0000000753000000| Complete 
|  83|0x0000000753200000, 0x0000000753400000, 0x0000000753400000|100%| E|CS|TAMS 0x0000000753200000| PB 0x0000000753200000| Complete 
|  84|0x0000000753400000, 0x0000000753600000, 0x0000000753600000|100%| E|CS|TAMS 0x0000000753400000| PB 0x0000000753400000| Complete 
|  85|0x0000000753600000, 0x0000000753800000, 0x0000000753800000|100%| E|CS|TAMS 0x0000000753600000| PB 0x0000000753600000| Complete 
|  86|0x0000000753800000, 0x0000000753a00000, 0x0000000753a00000|100%| E|CS|TAMS 0x0000000753800000| PB 0x0000000753800000| Complete 
|  87|0x0000000753a00000, 0x0000000753c00000, 0x0000000753c00000|100%| E|CS|TAMS 0x0000000753a00000| PB 0x0000000753a00000| Complete 
|  88|0x0000000753c00000, 0x0000000753e00000, 0x0000000753e00000|100%| E|CS|TAMS 0x0000000753c00000| PB 0x0000000753c00000| Complete 
|  89|0x0000000753e00000, 0x0000000754000000, 0x0000000754000000|100%| E|CS|TAMS 0x0000000753e00000| PB 0x0000000753e00000| Complete 
|  90|0x0000000754000000, 0x0000000754200000, 0x0000000754200000|100%| E|CS|TAMS 0x0000000754000000| PB 0x0000000754000000| Complete 
|  91|0x0000000754200000, 0x0000000754400000, 0x0000000754400000|100%| E|CS|TAMS 0x0000000754200000| PB 0x0000000754200000| Complete 

Card table byte_map: [0x000002074dfa0000,0x000002074e560000] _byte_map_base: 0x000002074a55a000

Marking Bits: (CMBitMap*) 0x000002073434fec0
 Bits: [0x000002074e560000, 0x0000020751330000)

Polling page: 0x00000207343d0000

Metaspace:

Usage:
  Non-class:     11.99 MB used.
      Class:      1.63 MB used.
       Both:     13.61 MB used.

Virtual space:
  Non-class space:       64.00 MB reserved,      12.12 MB ( 19%) committed,  1 nodes.
      Class space:        1.00 GB reserved,       1.75 MB ( <1%) committed,  1 nodes.
             Both:        1.06 GB reserved,      13.88 MB (  1%) committed. 

Chunk freelists:
   Non-Class:  3.22 MB
       Class:  14.11 MB
        Both:  17.33 MB

MaxMetaspaceSize: unlimited
CompressedClassSpaceSize: 1.00 GB
Initial GC threshold: 21.00 MB
Current GC threshold: 21.00 MB
CDS: on
 - commit_granule_bytes: 65536.
 - commit_granule_words: 8192.
 - virtual_space_node_default_size: 8388608.
 - enlarge_chunks_in_place: 1.
 - use_allocation_guard: 0.


Internal statistics:

num_allocs_failed_limit: 0.
num_arena_births: 134.
num_arena_deaths: 0.
num_vsnodes_births: 2.
num_vsnodes_deaths: 0.
num_space_committed: 222.
num_space_uncommitted: 0.
num_chunks_returned_to_freelist: 0.
num_chunks_taken_from_freelist: 578.
num_chunk_merges: 0.
num_chunk_splits: 413.
num_chunks_enlarged: 345.
num_inconsistent_stats: 0.

CodeHeap 'non-profiled nmethods': size=120000Kb used=1048Kb max_used=1048Kb free=118952Kb
 bounds [0x0000020745a40000, 0x0000020745cb0000, 0x000002074cf70000]
CodeHeap 'profiled nmethods': size=120000Kb used=5638Kb max_used=5638Kb free=114361Kb
 bounds [0x000002073df70000, 0x000002073e500000, 0x00000207454a0000]
CodeHeap 'non-nmethods': size=5760Kb used=1384Kb max_used=1405Kb free=4375Kb
 bounds [0x00000207454a0000, 0x0000020745710000, 0x0000020745a40000]
 total_blobs=3254 nmethods=2773 adapters=385
 compilation: enabled
              stopped_count=0, restarted_count=0
 full_count=0

Compilation events (20 events):
Event: 20.310 Thread 0x0000020753d85c90 nmethod 2753 0x000002073e4e7910 code [0x000002073e4e7aa0, 0x000002073e4e7c20]
Event: 20.310 Thread 0x0000020753d85c90 2754       3       java.util.regex.Pattern$Slice::match (79 bytes)
Event: 20.311 Thread 0x0000020753d85c90 nmethod 2754 0x000002073e4e7c90 code [0x000002073e4e7e80, 0x000002073e4e8320]
Event: 20.311 Thread 0x0000020753d85c90 2755       3       org.codehaus.plexus.util.xml.pull.MXParser::more (106 bytes)
Event: 20.311 Thread 0x0000020753d85c90 nmethod 2755 0x000002073e4e8510 code [0x000002073e4e8760, 0x000002073e4e8e90]
Event: 20.312 Thread 0x0000020753d84b40 2756       4       java.lang.String::<init> (99 bytes)
Event: 20.318 Thread 0x0000020753d84b40 nmethod 2756 0x0000020745b44a10 code [0x0000020745b44bc0, 0x0000020745b45180]
Event: 20.321 Thread 0x0000020753d84b40 2757   !   4       java.net.URL::<init> (543 bytes)
Event: 20.598 Thread 0x0000020753d85c90 2758   !   3       org.slf4j.impl.SimpleLoggerConfiguration::getStringProperty (28 bytes)
Event: 20.599 Thread 0x0000020753d85c90 nmethod 2758 0x000002073e4e9190 code [0x000002073e4e9380, 0x000002073e4e9850]
Event: 20.599 Thread 0x0000020753d85c90 2759       3       java.lang.String::lastIndexOf (10 bytes)
Event: 20.599 Thread 0x0000020753d85c90 nmethod 2759 0x000002073e4e9a90 code [0x000002073e4e9c60, 0x000002073e4e9ea0]
Event: 20.599 Thread 0x0000020753d85c90 2760       3       java.lang.String::lastIndexOf (18 bytes)
Event: 20.599 Thread 0x0000020753d85c90 nmethod 2760 0x000002073e4e9f90 code [0x000002073e4ea160, 0x000002073e4ea430]
Event: 20.600 Thread 0x0000020753d85c90 2761       1       org.apache.commons.cli.Option::getLongOpt (5 bytes)
Event: 20.600 Thread 0x0000020753d85c90 nmethod 2761 0x0000020745b45410 code [0x0000020745b455a0, 0x0000020745b45670]
Event: 20.601 Thread 0x0000020753d85c90 2762   !   3       com.google.inject.internal.FailableCache$1::load (48 bytes)
Event: 20.601 Thread 0x0000020753d85c90 nmethod 2762 0x000002073e4ea590 code [0x000002073e4ea7a0, 0x000002073e4eae00]
Event: 20.629 Thread 0x0000020753d85c90 2766       3       jdk.internal.org.objectweb.asm.Handler::putExceptionTable (63 bytes)
Event: 20.629 Thread 0x0000020753d85c90 nmethod 2766 0x000002073e4eb010 code [0x000002073e4eb220, 0x000002073e4eb678]

GC Heap History (4 events):
Event: 9.188 GC heap before
{Heap before GC invocations=0 (full 0):
 garbage-first heap   total 188416K, used 22528K [0x0000000748c00000, 0x0000000800000000)
  region size 2048K, 11 young (22528K), 0 survivors (0K)
 Metaspace       used 5614K, committed 5824K, reserved 1114112K
  class space    used 647K, committed 768K, reserved 1048576K
}
Event: 9.339 GC heap after
{Heap after GC invocations=1 (full 0):
 garbage-first heap   total 188416K, used 3840K [0x0000000748c00000, 0x0000000800000000)
  region size 2048K, 2 young (4096K), 2 survivors (4096K)
 Metaspace       used 5614K, committed 5824K, reserved 1114112K
  class space    used 647K, committed 768K, reserved 1048576K
}
Event: 15.053 GC heap before
{Heap before GC invocations=1 (full 0):
 garbage-first heap   total 188416K, used 34560K [0x0000000748c00000, 0x0000000800000000)
  region size 2048K, 17 young (34816K), 2 survivors (4096K)
 Metaspace       used 9560K, committed 9728K, reserved 1114112K
  class space    used 1120K, committed 1216K, reserved 1048576K
}
Event: 15.060 GC heap after
{Heap after GC invocations=2 (full 0):
 garbage-first heap   total 188416K, used 5267K [0x0000000748c00000, 0x0000000800000000)
  region size 2048K, 1 young (2048K), 1 survivors (2048K)
 Metaspace       used 9560K, committed 9728K, reserved 1114112K
  class space    used 1120K, committed 1216K, reserved 1048576K
}

Dll operation events (8 events):
Event: 0.493 Loaded shared library C:\Program Files\Java\jdk-21\bin\java.dll
Event: 4.410 Loaded shared library C:\Program Files\Java\jdk-21\bin\jsvml.dll
Event: 4.549 Loaded shared library C:\Program Files\Java\jdk-21\bin\net.dll
Event: 4.553 Loaded shared library C:\Program Files\Java\jdk-21\bin\nio.dll
Event: 4.559 Loaded shared library C:\Program Files\Java\jdk-21\bin\zip.dll
Event: 5.170 Loaded shared library C:\Users\2oleg\Downloads\apache-maven-3.9.11-bin\apache-maven-3.9.11\lib\jansi-native\Windows\x86_64\jansi.dll
Event: 5.190 Loaded shared library C:\Program Files\Java\jdk-21\bin\verify.dll
Event: 5.306 Loaded shared library C:\Program Files\Java\jdk-21\bin\jimage.dll

Deoptimization events (20 events):
Event: 19.381 Thread 0x000002073413eed0 Uncommon trap: trap_request=0xffffff45 fr.pc=0x0000020745a8167c relative=0x000000000000023c
Event: 19.381 Thread 0x000002073413eed0 Uncommon trap: reason=unstable_if action=reinterpret pc=0x0000020745a8167c method=java.lang.String.startsWith(Ljava/lang/String;I)Z @ 1 c2
Event: 19.381 Thread 0x000002073413eed0 DEOPT PACKING pc=0x0000020745a8167c sp=0x0000003ca71f8010
Event: 19.381 Thread 0x000002073413eed0 DEOPT UNPACKING pc=0x00000207454f46a2 sp=0x0000003ca71f7fa0 mode 2
Event: 19.896 Thread 0x000002073413eed0 Uncommon trap: trap_request=0xffffff45 fr.pc=0x0000020745b131d0 relative=0x0000000000001890
Event: 19.896 Thread 0x000002073413eed0 Uncommon trap: reason=unstable_if action=reinterpret pc=0x0000020745b131d0 method=jdk.internal.org.objectweb.asm.Frame.execute(IILjdk/internal/org/objectweb/asm/Symbol;Ljdk/internal/org/objectweb/asm/SymbolTable;)V @ 1 c2
Event: 19.896 Thread 0x000002073413eed0 DEOPT PACKING pc=0x0000020745b131d0 sp=0x0000003ca71f9810
Event: 19.896 Thread 0x000002073413eed0 DEOPT UNPACKING pc=0x00000207454f46a2 sp=0x0000003ca71f9778 mode 2
Event: 19.896 Thread 0x000002073413eed0 Uncommon trap: trap_request=0xffffff45 fr.pc=0x0000020745b0e8ac relative=0x0000000000000c2c
Event: 19.896 Thread 0x000002073413eed0 Uncommon trap: reason=unstable_if action=reinterpret pc=0x0000020745b0e8ac method=jdk.internal.org.objectweb.asm.SymbolTable.put(Ljdk/internal/org/objectweb/asm/SymbolTable$Entry;)Ljdk/internal/org/objectweb/asm/SymbolTable$Entry; @ 13 c2
Event: 19.897 Thread 0x000002073413eed0 DEOPT PACKING pc=0x0000020745b0e8ac sp=0x0000003ca71f9520
Event: 19.897 Thread 0x000002073413eed0 DEOPT UNPACKING pc=0x00000207454f46a2 sp=0x0000003ca71f9458 mode 2
Event: 20.075 Thread 0x000002073413eed0 Uncommon trap: trap_request=0xffffff45 fr.pc=0x0000020745b40bfc relative=0x0000000000000afc
Event: 20.075 Thread 0x000002073413eed0 Uncommon trap: reason=unstable_if action=reinterpret pc=0x0000020745b40bfc method=org.eclipse.sisu.inject.InjectorBindings.isAssignableFrom(Lcom/google/inject/TypeLiteral;Lcom/google/inject/Binding;)Z @ 15 c2
Event: 20.075 Thread 0x000002073413eed0 DEOPT PACKING pc=0x0000020745b40bfc sp=0x0000003ca71fdbd0
Event: 20.075 Thread 0x000002073413eed0 DEOPT UNPACKING pc=0x00000207454f46a2 sp=0x0000003ca71fdba0 mode 2
Event: 20.299 Thread 0x000002073413eed0 Uncommon trap: trap_request=0x00000259 fr.pc=0x0000020745a9fe08 relative=0x00000000000000e8
Event: 20.299 Thread 0x000002073413eed0 Uncommon trap: reason=unloaded action=reinterpret pc=0x0000020745a9fe08 method=org.codehaus.plexus.util.xml.pull.MXParser.more()C @ 22 c2
Event: 20.299 Thread 0x000002073413eed0 DEOPT PACKING pc=0x0000020745a9fe08 sp=0x0000003ca71fea20
Event: 20.299 Thread 0x000002073413eed0 DEOPT UNPACKING pc=0x00000207454f46a2 sp=0x0000003ca71fe9c0 mode 2

Classes loaded (20 events):
Event: 19.849 Loading class java/security/DrbgParameters$Capability
Event: 19.849 Loading class java/security/DrbgParameters$Capability done
Event: 19.849 Loading class sun/security/provider/MoreDrbgParameters
Event: 19.849 Loading class sun/security/provider/MoreDrbgParameters done
Event: 19.849 Loading class java/security/DrbgParameters
Event: 19.849 Loading class java/security/DrbgParameters done
Event: 19.849 Loading class java/security/DrbgParameters$Instantiation
Event: 19.849 Loading class java/security/DrbgParameters$Instantiation done
Event: 19.849 Loading class sun/security/provider/HashDrbg
Event: 19.850 Loading class sun/security/provider/AbstractHashDrbg
Event: 19.850 Loading class sun/security/provider/AbstractDrbg
Event: 19.850 Loading class sun/security/provider/AbstractDrbg done
Event: 19.850 Loading class sun/security/provider/AbstractHashDrbg done
Event: 19.850 Loading class sun/security/provider/HashDrbg done
Event: 19.850 Loading class sun/security/provider/EntropySource
Event: 19.850 Loading class sun/security/provider/EntropySource done
Event: 20.309 Loading class java/lang/ProcessEnvironment$CheckedKeySet
Event: 20.309 Loading class java/lang/ProcessEnvironment$CheckedKeySet done
Event: 20.326 Loading class java/util/concurrent/ArrayBlockingQueue
Event: 20.327 Loading class java/util/concurrent/ArrayBlockingQueue done

Classes unloaded (0 events):
No events

Classes redefined (0 events):
No events

Internal exceptions (20 events):
Event: 8.348 Thread 0x000002073413eed0 Exception <a 'java/lang/NoSuchMethodError'{0x0000000753544080}: 'java.lang.Object java.lang.invoke.DirectMethodHandle$Holder.invokeInterface(java.lang.Object, java.lang.Object)'> (0x0000000753544080) 
thrown [s\open\src\hotspot\share\interpreter\linkResolver.cpp, line 773]
Event: 8.483 Thread 0x000002073413eed0 Exception <a 'java/lang/NoSuchMethodError'{0x00000007535e8cf8}: 'int java.lang.invoke.DirectMethodHandle$Holder.invokeStatic(java.lang.Object, java.lang.Object, java.lang.Object, java.lang.Object)'> (0x00000007535e8cf8) 
thrown [s\open\src\hotspot\share\interpreter\linkResolver.cpp, line 773]
Event: 8.483 Thread 0x000002073413eed0 Exception <a 'java/lang/NoSuchMethodError'{0x00000007535ec388}: 'java.lang.Object java.lang.invoke.Invokers$Holder.invokeExact_MT(java.lang.Object, java.lang.Object, java.lang.Object, java.lang.Object, java.lang.Object, java.lang.Object)'> (0x00000007535ec388) 
thrown [s\open\src\hotspot\share\interpreter\linkResolver.cpp, line 773]
Event: 8.487 Thread 0x000002073413eed0 Exception <a 'java/lang/NoSuchMethodError'{0x00000007535faa30}: 'int java.lang.invoke.DirectMethodHandle$Holder.invokeSpecialIFC(java.lang.Object, java.lang.Object, java.lang.Object, java.lang.Object, java.lang.Object)'> (0x00000007535faa30) 
thrown [s\open\src\hotspot\share\interpreter\linkResolver.cpp, line 773]
Event: 8.663 Thread 0x000002073413eed0 Exception <a 'java/lang/NoSuchMethodError'{0x000000075339f308}: 'java.lang.Object java.lang.invoke.DirectMethodHandle$Holder.newInvokeSpecial(java.lang.Object, java.lang.Object, java.lang.Object, java.lang.Object, java.lang.Object)'> (0x000000075339f308) 
thrown [s\open\src\hotspot\share\interpreter\linkResolver.cpp, line 773]
Event: 8.871 Thread 0x000002073413eed0 Exception <a 'java/lang/NoSuchMethodError'{0x00000007530bf810}: 'int java.lang.invoke.DirectMethodHandle$Holder.invokeStaticInit(java.lang.Object, java.lang.Object)'> (0x00000007530bf810) 
thrown [s\open\src\hotspot\share\interpreter\linkResolver.cpp, line 773]
Event: 8.884 Thread 0x000002073413eed0 Exception <a 'java/lang/NoClassDefFoundError'{0x00000007530f7bd0}: javax/enterprise/inject/Typed> (0x00000007530f7bd0) 
thrown [s\open\src\hotspot\share\classfile\systemDictionary.cpp, line 301]
Event: 16.411 Thread 0x000002073413eed0 Exception <a 'java/lang/NoSuchMethodError'{0x0000000753fe7648}: 'void java.lang.invoke.DirectMethodHandle$Holder.invokeStaticInit(java.lang.Object, java.lang.Object, java.lang.Object)'> (0x0000000753fe7648) 
thrown [s\open\src\hotspot\share\interpreter\linkResolver.cpp, line 773]
Event: 16.479 Thread 0x000002073413eed0 Exception <a 'java/lang/ExceptionInInitializerError'{0x0000000753c156c8}> (0x0000000753c156c8) 
thrown [s\open\src\hotspot\share\oops\instanceKlass.cpp, line 1192]
Event: 16.512 Thread 0x000002073413eed0 Exception <a 'java/lang/NoSuchMethodError'{0x0000000753c7fcc8}: 'long java.lang.invoke.DirectMethodHandle$Holder.invokeStatic(java.lang.Object, java.lang.Object, int)'> (0x0000000753c7fcc8) 
thrown [s\open\src\hotspot\share\interpreter\linkResolver.cpp, line 773]
Event: 16.514 Thread 0x000002073413eed0 Exception <a 'java/lang/NoSuchMethodError'{0x0000000753c92da0}: 'java.lang.Object java.lang.invoke.DirectMethodHandle$Holder.invokeStatic(java.lang.Object, java.lang.Object, java.lang.Object, java.lang.Object, int)'> (0x0000000753c92da0) 
thrown [s\open\src\hotspot\share\interpreter\linkResolver.cpp, line 773]
Event: 16.517 Thread 0x000002073413eed0 Exception <a 'java/lang/NoSuchMethodError'{0x0000000753c9acd8}: 'java.lang.Object java.lang.invoke.DirectMethodHandle$Holder.invokeSpecial(java.lang.Object, java.lang.Object, java.lang.Object, java.lang.Object, long)'> (0x0000000753c9acd8) 
thrown [s\open\src\hotspot\share\interpreter\linkResolver.cpp, line 773]
Event: 16.521 Thread 0x000002073413eed0 Exception <a 'java/lang/NoSuchMethodError'{0x0000000753ca6a40}: 'java.lang.Object java.lang.invoke.DirectMethodHandle$Holder.invokeSpecial(java.lang.Object, java.lang.Object, java.lang.Object, int, java.lang.Object)'> (0x0000000753ca6a40) 
thrown [s\open\src\hotspot\share\interpreter\linkResolver.cpp, line 773]
Event: 16.524 Thread 0x000002073413eed0 Exception <a 'java/lang/NoSuchMethodError'{0x0000000753caeb80}: 'int java.lang.invoke.DirectMethodHandle$Holder.invokeSpecial(java.lang.Object, java.lang.Object, java.lang.Object, int)'> (0x0000000753caeb80) 
thrown [s\open\src\hotspot\share\interpreter\linkResolver.cpp, line 773]
Event: 16.663 Thread 0x000002073413eed0 Implicit null exception at 0x0000020745aca35d to 0x0000020745aca568
Event: 16.667 Thread 0x000002073413eed0 Exception <a 'java/lang/NoSuchMethodError'{0x0000000753cd34f0}: 'java.lang.Object java.lang.invoke.Invokers$Holder.invokeExact_MT(java.lang.Object, int, java.lang.Object)'> (0x0000000753cd34f0) 
thrown [s\open\src\hotspot\share\interpreter\linkResolver.cpp, line 773]
Event: 18.550 Thread 0x000002073413eed0 Exception <a 'java/lang/NoSuchMethodError'{0x00000007534d74b0}: 'void java.lang.invoke.Invokers$Holder.invokeExact_MT(java.lang.Object, java.lang.Object, java.lang.Object, java.lang.Object)'> (0x00000007534d74b0) 
thrown [s\open\src\hotspot\share\interpreter\linkResolver.cpp, line 773]
Event: 18.738 Thread 0x000002073413eed0 Exception <a 'java/lang/NoClassDefFoundError'{0x00000007535677c0}: com/google/inject/servlet/ServletModuleTargetVisitor> (0x00000007535677c0) 
thrown [s\open\src\hotspot\share\classfile\systemDictionary.cpp, line 301]
Event: 19.364 Thread 0x000002073413eed0 Exception <a 'java/lang/NoSuchMethodError'{0x000000075332c368}: 'void java.lang.invoke.DirectMethodHandle$Holder.invokeVirtual(java.lang.Object, java.lang.Object)'> (0x000000075332c368) 
thrown [s\open\src\hotspot\share\interpreter\linkResolver.cpp, line 773]
Event: 19.851 Thread 0x000002073413eed0 Exception <a 'java/lang/NoSuchMethodError'{0x00000007533abd38}: 'java.lang.Object java.lang.invoke.DirectMethodHandle$Holder.invokeStaticInit(java.lang.Object, int, int, int, int)'> (0x00000007533abd38) 
thrown [s\open\src\hotspot\share\interpreter\linkResolver.cpp, line 773]

ZGC Phase Switch (0 events):
No events

VM Operations (20 events):
Event: 16.495 Executing VM operation: Cleanup
Event: 16.495 Executing VM operation: Cleanup done
Event: 16.949 Executing VM operation: HandshakeAllThreads (Deoptimize)
Event: 16.949 Executing VM operation: HandshakeAllThreads (Deoptimize) done
Event: 16.952 Executing VM operation: HandshakeAllThreads (Deoptimize)
Event: 16.952 Executing VM operation: HandshakeAllThreads (Deoptimize) done
Event: 17.610 Executing VM operation: HandshakeAllThreads (Deoptimize)
Event: 17.610 Executing VM operation: HandshakeAllThreads (Deoptimize) done
Event: 17.610 Executing VM operation: Cleanup
Event: 17.610 Executing VM operation: Cleanup done
Event: 18.533 Executing VM operation: HandshakeAllThreads (Deoptimize)
Event: 18.533 Executing VM operation: HandshakeAllThreads (Deoptimize) done
Event: 19.378 Executing VM operation: HandshakeAllThreads (Deoptimize)
Event: 19.378 Executing VM operation: HandshakeAllThreads (Deoptimize) done
Event: 19.378 Executing VM operation: Cleanup
Event: 19.378 Executing VM operation: Cleanup done
Event: 19.893 Executing VM operation: HandshakeAllThreads (Deoptimize)
Event: 19.893 Executing VM operation: HandshakeAllThreads (Deoptimize) done
Event: 20.301 Executing VM operation: HandshakeAllThreads (Deoptimize)
Event: 20.301 Executing VM operation: HandshakeAllThreads (Deoptimize) done

Events (18 events):
Event: 2.778 Thread 0x000002073413eed0 Thread added: 0x000002073413eed0
Event: 3.648 Thread 0x0000020753d7a250 Thread added: 0x0000020753d7a250
Event: 3.648 Thread 0x0000020753d7b050 Thread added: 0x0000020753d7b050
Event: 3.649 Thread 0x0000020753d7dab0 Thread added: 0x0000020753d7dab0
Event: 3.649 Thread 0x0000020753d7e500 Thread added: 0x0000020753d7e500
Event: 3.649 Thread 0x0000020753d7ef50 Thread added: 0x0000020753d7ef50
Event: 3.649 Thread 0x0000020753d7f9a0 Thread added: 0x0000020753d7f9a0
Event: 3.650 Thread 0x0000020753d84b40 Thread added: 0x0000020753d84b40
Event: 3.724 Thread 0x0000020753d85c90 Thread added: 0x0000020753d85c90
Event: 4.043 Thread 0x0000020753e0e210 Thread added: 0x0000020753e0e210
Event: 4.095 Thread 0x000002079900eb70 Thread added: 0x000002079900eb70
Event: 5.107 Thread 0x0000020799580510 Thread added: 0x0000020799580510
Event: 6.747 Thread 0x0000020799580510 Thread exited: 0x0000020799580510
Event: 8.991 Thread 0x0000020799ac1520 Thread added: 0x0000020799ac1520
Event: 9.043 Thread 0x00000207999f3280 Thread added: 0x00000207999f3280
Event: 9.727 Thread 0x00000207999f3280 Thread exited: 0x00000207999f3280
Event: 9.728 Thread 0x0000020799ac1520 Thread exited: 0x0000020799ac1520
Event: 20.464 Thread 0x0000020799b99350 Thread added: 0x0000020799b99350


Dynamic libraries:
0x00007ff703c60000 - 0x00007ff703c70000 	C:\Program Files\Java\jdk-21\bin\java.exe
0x00007ff9f5930000 - 0x00007ff9f5b28000 	C:\WINDOWS\SYSTEM32\ntdll.dll
0x00007ff9f5400000 - 0x00007ff9f54c2000 	C:\WINDOWS\System32\KERNEL32.DLL
0x00007ff9f3130000 - 0x00007ff9f3426000 	C:\WINDOWS\System32\KERNELBASE.dll
0x00007ff9f3820000 - 0x00007ff9f3920000 	C:\WINDOWS\System32\ucrtbase.dll
0x00007ff9e2300000 - 0x00007ff9e2319000 	C:\Program Files\Java\jdk-21\bin\jli.dll
0x00007ff9f3da0000 - 0x00007ff9f3e51000 	C:\WINDOWS\System32\ADVAPI32.dll
0x00007ff9f5820000 - 0x00007ff9f58be000 	C:\WINDOWS\System32\msvcrt.dll
0x00007ff9f4800000 - 0x00007ff9f489f000 	C:\WINDOWS\System32\sechost.dll
0x00007ff9f3c10000 - 0x00007ff9f3d30000 	C:\WINDOWS\System32\RPCRT4.dll
0x00007ff9f3560000 - 0x00007ff9f3587000 	C:\WINDOWS\System32\bcrypt.dll
0x00007ff9f3f40000 - 0x00007ff9f40e1000 	C:\WINDOWS\System32\USER32.dll
0x00007ff9f3100000 - 0x00007ff9f3122000 	C:\WINDOWS\System32\win32u.dll
0x00007ff9f47c0000 - 0x00007ff9f47eb000 	C:\WINDOWS\System32\GDI32.dll
0x00007ff9f2f90000 - 0x00007ff9f30a9000 	C:\WINDOWS\System32\gdi32full.dll
0x00007ff9f3590000 - 0x00007ff9f362d000 	C:\WINDOWS\System32\msvcp_win.dll
0x00007ff9e31d0000 - 0x00007ff9e31eb000 	C:\Program Files\Java\jdk-21\bin\VCRUNTIME140.dll
0x00007ff9e4da0000 - 0x00007ff9e503b000 	C:\WINDOWS\WinSxS\amd64_microsoft.windows.common-controls_6595b64144ccf1df_6.0.19041.6456_none_60b8a6cb71f64256\COMCTL32.dll
0x00007ff9ecd10000 - 0x00007ff9ecd1a000 	C:\WINDOWS\SYSTEM32\VERSION.dll
0x00007ff9f3f10000 - 0x00007ff9f3f3f000 	C:\WINDOWS\System32\IMM32.DLL
0x00007ff9ed3a0000 - 0x00007ff9ed3ac000 	C:\Program Files\Java\jdk-21\bin\vcruntime140_1.dll
0x00007ff9c7130000 - 0x00007ff9c71be000 	C:\Program Files\Java\jdk-21\bin\msvcp140.dll
0x00007ff98ebe0000 - 0x00007ff98f8fa000 	C:\Program Files\Java\jdk-21\bin\server\jvm.dll
0x00007ff9f4210000 - 0x00007ff9f427b000 	C:\WINDOWS\System32\WS2_32.dll
0x00007ff9f2df0000 - 0x00007ff9f2e3b000 	C:\WINDOWS\SYSTEM32\POWRPROF.dll
0x00007ff9e0140000 - 0x00007ff9e0167000 	C:\WINDOWS\SYSTEM32\WINMM.dll
0x00007ff9f2dd0000 - 0x00007ff9f2de2000 	C:\WINDOWS\SYSTEM32\UMPDC.dll
0x00007ff9f0dc0000 - 0x00007ff9f0dd2000 	C:\WINDOWS\SYSTEM32\kernel.appcore.dll
0x00007ff9ed370000 - 0x00007ff9ed37a000 	C:\Program Files\Java\jdk-21\bin\jimage.dll
0x00007ff9df840000 - 0x00007ff9dfa41000 	C:\WINDOWS\SYSTEM32\DBGHELP.DLL
0x00007ff9dd350000 - 0x00007ff9dd384000 	C:\WINDOWS\SYSTEM32\dbgcore.DLL
0x00007ff9f3630000 - 0x00007ff9f36b2000 	C:\WINDOWS\System32\bcryptPrimitives.dll
0x00007ff9e0be0000 - 0x00007ff9e0bff000 	C:\Program Files\Java\jdk-21\bin\java.dll
0x00007ff9f4930000 - 0x00007ff9f50a0000 	C:\WINDOWS\System32\SHELL32.dll
0x00007ff9f0fc0000 - 0x00007ff9f1765000 	C:\WINDOWS\SYSTEM32\windows.storage.dll
0x00007ff9f50a0000 - 0x00007ff9f53f4000 	C:\WINDOWS\System32\combase.dll
0x00007ff9f28e0000 - 0x00007ff9f290b000 	C:\WINDOWS\SYSTEM32\Wldp.dll
0x00007ff9f46f0000 - 0x00007ff9f47bd000 	C:\WINDOWS\System32\OLEAUT32.dll
0x00007ff9f3920000 - 0x00007ff9f39cd000 	C:\WINDOWS\System32\SHCORE.dll
0x00007ff9f57c0000 - 0x00007ff9f581b000 	C:\WINDOWS\System32\shlwapi.dll
0x00007ff9f2ec0000 - 0x00007ff9f2ee4000 	C:\WINDOWS\SYSTEM32\profapi.dll
0x00007ff9ab440000 - 0x00007ff9ab517000 	C:\Program Files\Java\jdk-21\bin\jsvml.dll
0x00007ff9ebd20000 - 0x00007ff9ebd30000 	C:\Program Files\Java\jdk-21\bin\net.dll
0x00007ff9ec950000 - 0x00007ff9eca5a000 	C:\WINDOWS\SYSTEM32\WINHTTP.dll
0x00007ff9f25f0000 - 0x00007ff9f265a000 	C:\WINDOWS\system32\mswsock.dll
0x00007ff9dbf20000 - 0x00007ff9dbf36000 	C:\Program Files\Java\jdk-21\bin\nio.dll
0x00007ff9d8a60000 - 0x00007ff9d8a78000 	C:\Program Files\Java\jdk-21\bin\zip.dll
0x00007ff9d0da0000 - 0x00007ff9d0dc4000 	C:\Users\2oleg\Downloads\apache-maven-3.9.11-bin\apache-maven-3.9.11\lib\jansi-native\Windows\x86_64\jansi.dll
0x00007ff9e8580000 - 0x00007ff9e8590000 	C:\Program Files\Java\jdk-21\bin\verify.dll

dbghelp: loaded successfully - version: 4.0.5 - missing functions: none
symbol engine: initialized successfully - sym options: 0x614 - pdb path: .;C:\Program Files\Java\jdk-21\bin;C:\WINDOWS\SYSTEM32;C:\WINDOWS\WinSxS\amd64_microsoft.windows.common-controls_6595b64144ccf1df_6.0.19041.6456_none_60b8a6cb71f64256;C:\Program Files\Java\jdk-21\bin\server;C:\Users\2oleg\Downloads\apache-maven-3.9.11-bin\apache-maven-3.9.11\lib\jansi-native\Windows\x86_64

VM Arguments:
jvm_args: --enable-native-access=ALL-UNNAMED -Dclassworlds.conf=C:\Users\2oleg\Downloads\apache-maven-3.9.11-bin\apache-maven-3.9.11\bin\m2.conf -Dmaven.home=C:\Users\2oleg\Downloads\apache-maven-3.9.11-bin\apache-maven-3.9.11 -Dlibrary.jansi.path=C:\Users\2oleg\Downloads\apache-maven-3.9.11-bin\apache-maven-3.9.11\lib\jansi-native -Dmaven.multiModuleProjectDirectory=C:\Users\2oleg\Downloads\Telegram Desktop\Kefir\Backend\TransactionSaga 
java_command: org.codehaus.plexus.classworlds.launcher.Launcher spring-boot:run -Dserver.port=8090 -DskipTests
java_class_path (initial): C:\Users\2oleg\Downloads\apache-maven-3.9.11-bin\apache-maven-3.9.11\boot\plexus-classworlds-2.9.0.jar
Launcher Type: SUN_STANDARD

[Global flags]
     intx CICompilerCount                          = 4                                         {product} {ergonomic}
     uint ConcGCThreads                            = 2                                         {product} {ergonomic}
     uint G1ConcRefinementThreads                  = 8                                         {product} {ergonomic}
   size_t G1HeapRegionSize                         = 2097152                                   {product} {ergonomic}
    uintx GCDrainStackTargetSize                   = 64                                        {product} {ergonomic}
   size_t InitialHeapSize                          = 192937984                                 {product} {ergonomic}
   size_t MarkStackSize                            = 4194304                                   {product} {ergonomic}
   size_t MaxHeapSize                              = 3074424832                                {product} {ergonomic}
   size_t MaxNewSize                               = 1843396608                                {product} {ergonomic}
   size_t MinHeapDeltaBytes                        = 2097152                                   {product} {ergonomic}
   size_t MinHeapSize                              = 8388608                                   {product} {ergonomic}
    uintx NonNMethodCodeHeapSize                   = 5839372                                {pd product} {ergonomic}
    uintx NonProfiledCodeHeapSize                  = 122909434                              {pd product} {ergonomic}
    uintx ProfiledCodeHeapSize                     = 122909434                              {pd product} {ergonomic}
    uintx ReservedCodeCacheSize                    = 251658240                              {pd product} {ergonomic}
     bool SegmentedCodeCache                       = true                                      {product} {ergonomic}
   size_t SoftMaxHeapSize                          = 3074424832                             {manageable} {ergonomic}
     bool UseCompressedOops                        = true                           {product lp64_product} {ergonomic}
     bool UseG1GC                                  = true                                      {product} {ergonomic}
     bool UseLargePagesIndividualAllocation        = false                                  {pd product} {ergonomic}

Logging:
Log output configuration:
 #0: stdout all=warning uptime,level,tags foldmultilines=false
 #1: stderr all=off uptime,level,tags foldmultilines=false

Environment Variables:
JAVA_HOME=C:\Program Files\Java\jdk-21
PATH=C:\Program Files\Common Files\Oracle\Java\javapath;C:\Program Files (x86)\Cuminas\Document Express DjVu Plug-in\;C:\Program Files (x86)\Razer Chroma SDK\bin;C:\Program Files\Razer Chroma SDK\bin;C:\WINDOWS\system32;C:\WINDOWS;C:\WINDOWS\System32\Wbem;C:\WINDOWS\System32\WindowsPowerShell\v1.0\;C:\WINDOWS\System32\OpenSSH\;C:\Program Files (x86)\NVIDIA Corporation\PhysX\Common;C:\WINDOWS\system32\config\systemprofile\AppData\Local\Microsoft\WindowsApps;C:\Program Files (x86)\Razer\ChromaBroadcast\bin;C:\Program Files\Razer\ChromaBroadcast\bin;C:\Users\2oleg\AppData\Local\Microsoft\WindowsApps;C:\Program Files\JetBrains\IntelliJ IDEA Community Edition 2024.3\bin;C:\Users\2oleg\AppData\Local\Programs\Microsoft VS Code\bin;C:\Program Files\Docker\Docker\resources\bin;C:\Users\2oleg\Downloads\curl-8.16.0_6-win64-mingw.zip\curl-8.16.0_6-win64-mingw\bin;C:\Users\2oleg\Downloads\curl-8.16.0_6-win64-mingw\curl-8.16.0_6-win64-mingw\bin;C:\Users\2oleg\Downloads\apache-maven-3.9.11-bin\apache-maven-3.9.11\bin;C:\ProgramData\chocolatey\bin;C:\Users\2oleg\AppData\Roaming\Cloud Foundry;C:\Program Files\Git\cmd;C:\Program Files\nodejs\;C:\Users\2oleg\AppData\Local\Muse Hub\lib;C:\Users\2oleg\AppData\Local\Microsoft\WindowsApps;C:\Program Files\JetBrains\IntelliJ IDEA Community Edition 2025.2.4\bin;C:\Users\2oleg\AppData\Local\Programs\Microsoft VS Code\bin;C:\Program Files\jq.exe;C:\Users\2oleg\AppData\Local\Microsoft\WinGet\Packages\jqlang.jq_Microsoft.Winget.Source_8wekyb3d8bbwe;C:\Program Files\Java\jdk-24;C:\Users\2oleg\Downloads\gradle-9.0.0-bin\gradle-9.0.0\bin;C:\Program Files\Docker\Docker\resources\bin;C:\Users\2oleg\AppData\Local\GitHubDesktop\bin;C:\Users\2oleg\AppData\Roaming\npm
USERNAME=2oleg
OS=Windows_NT
PROCESSOR_IDENTIFIER=Intel64 Family 6 Model 60 Stepping 3, GenuineIntel
TMP=C:\Users\2oleg\AppData\Local\Temp
TEMP=C:\Users\2oleg\AppData\Local\Temp




Periodic native trim disabled

---------------  S Y S T E M  ---------------

OS:
 Windows 10 , 64 bit Build 19041 (10.0.19041.5915)
OS uptime: 10 days 12:23 hours
Hyper-V role detected

CPU: total 8 (initial active 8) (4 cores per cpu, 2 threads per core) family 6 model 60 stepping 3 microcode 0x27, cx8, cmov, fxsr, ht, mmx, sse, sse2, sse3, ssse3, sse4.1, sse4.2, popcnt, lzcnt, tsc, tscinvbit, avx, avx2, aes, erms, clmul, bmi1, bmi2, fma, vzeroupper, clflush, hv, rdtscp, f16c
Processor Information for all 8 processors :
  Max Mhz: 2401, Current Mhz: 2401, Mhz Limit: 2401

Memory: 4k page, system-wide physical 11723M (2572M free)
TotalPageFile size 23723M (AvailPageFile size 136M)
current process WorkingSet (physical memory assigned to process): 109M, peak: 109M
current process commit charge ("private bytes"): 297M, peak: 297M

vm_info: Java HotSpot(TM) 64-Bit Server VM (21.0.7+8-LTS-245) for windows-amd64 JRE (21.0.7+8-LTS-245), built on 2025-02-21T05:11:27Z by "mach5one" with MS VC++ 17.6 (VS2022)

END.
