#
# There is insufficient memory for the Java Runtime Environment to continue.
# Native memory allocation (mmap) failed to map 65536 bytes for Failed to commit metaspace.
# Possible reasons:
#   The system is out of physical RAM or swap space
#   The process is running with CompressedOops enabled, and the Java Heap may be blocking the growth of the native heap
# Possible solutions:
#   Reduce memory load on the system
#   Increase physical memory or swap space
#   Check if swap backing store is full
#   Decrease Java heap size (-Xmx/-Xms)
#   Decrease number of Java threads
#   Decrease Java thread stack sizes (-Xss)
#   Set larger code cache with -XX:ReservedCodeCacheSize=
#   JVM is running with Zero Based Compressed Oops mode in which the Java heap is
#     placed in the first 32GB address space. The Java Heap base address is the
#     maximum limit for the native heap growth. Please use -XX:HeapBaseMinAddress
#     to set the Java Heap base and to place the Java Heap above 32GB virtual address.
# This output file may be truncated or incomplete.
#
#  Out of Memory Error (virtualSpaceNode.cpp:112), pid=29976, tid=21572
#
# JRE version: Java(TM) SE Runtime Environment (21.0.7+8) (build 21.0.7+8-LTS-245)
# Java VM: Java HotSpot(TM) 64-Bit Server VM (21.0.7+8-LTS-245, mixed mode, sharing, tiered, compressed oops, compressed class ptrs, g1 gc, windows-amd64)
# No core dump will be written. Minidumps are not enabled by default on client versions of Windows
#

---------------  S U M M A R Y ------------

Command Line: --enable-native-access=ALL-UNNAMED -Dclassworlds.conf=C:\Users\2oleg\Downloads\apache-maven-3.9.11-bin\apache-maven-3.9.11\bin\m2.conf -Dmaven.home=C:\Users\2oleg\Downloads\apache-maven-3.9.11-bin\apache-maven-3.9.11 -Dlibrary.jansi.path=C:\Users\2oleg\Downloads\apache-maven-3.9.11-bin\apache-maven-3.9.11\lib\jansi-native -Dmaven.multiModuleProjectDirectory=C:\Users\2oleg\Downloads\Telegram Desktop\Kefir\Backend\TransactionSaga org.codehaus.plexus.classworlds.launcher.Launcher spring-boot:run -Dserver.port=8090 -DskipTests

Host: Intel(R) Core(TM) i7-4700HQ CPU @ 2.40GHz, 8 cores, 11G,  Windows 10 , 64 bit Build 19041 (10.0.19041.5915)
Time: Sat Dec 13 01:37:53 2025 RTZ 2 (s 10 , 64 bit Build 19041 (10.0.19041.5915) elapsed time: 14.737439 seconds (0d 0h 0m 14s)

---------------  T H R E A D  ---------------

Current thread (0x000001927f8bd8a0):  JavaThread "main"             [_thread_in_vm, id=21572, stack(0x0000003569600000,0x0000003569700000) (1024K)]

Stack: [0x0000003569600000,0x0000003569700000]
Native frames: (J=compiled Java code, j=interpreted, Vv=VM code, C=native code)
V  [jvm.dll+0x6cae19]
V  [jvm.dll+0x855741]
V  [jvm.dll+0x857c6e]
V  [jvm.dll+0x858343]
V  [jvm.dll+0x27e0b6]
V  [jvm.dll+0x85135e]
V  [jvm.dll+0x66ea55]
V  [jvm.dll+0x1e410c]
V  [jvm.dll+0x1e3ede]
V  [jvm.dll+0x671383]
V  [jvm.dll+0x6711a2]
V  [jvm.dll+0x66f42e]
V  [jvm.dll+0x3bd9bf]
V  [jvm.dll+0x20d04b]
V  [jvm.dll+0x5ad9f6]
V  [jvm.dll+0x7cf846]
V  [jvm.dll+0x471336]
V  [jvm.dll+0x4771b8]
C  [java.dll+0x17ec]

Java frames: (J=compiled Java code, j=interpreted, Vv=VM code)
J 514  java.lang.ClassLoader.defineClass1(Ljava/lang/ClassLoader;Ljava/lang/String;[BIILjava/security/ProtectionDomain;Ljava/lang/String;)Ljava/lang/Class; java.base@21.0.7 (0 bytes) @ 0x00000192112ded11 [0x00000192112dec40+0x00000000000000d1]
J 894 c1 java.lang.ClassLoader.defineClass(Ljava/lang/String;[BIILjava/security/ProtectionDomain;)Ljava/lang/Class; java.base@21.0.7 (43 bytes) @ 0x000001920998e50c [0x000001920998e1a0+0x000000000000036c]
J 959 c1 java.security.SecureClassLoader.defineClass(Ljava/lang/String;[BIILjava/security/CodeSource;)Ljava/lang/Class; java.base@21.0.7 (16 bytes) @ 0x00000192099ae71c [0x00000192099ae640+0x00000000000000dc]
J 963 c1 java.net.URLClassLoader.defineClass(Ljava/lang/String;Ljdk/internal/loader/Resource;)Ljava/lang/Class; java.base@21.0.7 (224 bytes) @ 0x00000192099b0874 [0x00000192099af540+0x0000000000001334]
J 906 c1 java.net.URLClassLoader$1.run()Ljava/lang/Class; java.base@21.0.7 (81 bytes) @ 0x0000019209995a6c [0x0000019209994de0+0x0000000000000c8c]
J 905 c1 java.net.URLClassLoader$1.run()Ljava/lang/Object; java.base@21.0.7 (5 bytes) @ 0x0000019209994854 [0x00000192099947c0+0x0000000000000094]
J 810 c1 java.security.AccessController.doPrivileged(Ljava/security/PrivilegedExceptionAction;Ljava/security/AccessControlContext;)Ljava/lang/Object; java.base@21.0.7 (26 bytes) @ 0x000001920995ca14 [0x000001920995c820+0x00000000000001f4]
J 903 c1 java.net.URLClassLoader.findClass(Ljava/lang/String;)Ljava/lang/Class; java.base@21.0.7 (47 bytes) @ 0x0000019209993754 [0x00000192099935a0+0x00000000000001b4]
J 910 c1 org.codehaus.plexus.classworlds.realm.ClassRealm.loadClassFromSelf(Ljava/lang/String;)Ljava/lang/Class; (40 bytes) @ 0x0000019209999f3c [0x0000019209999ba0+0x000000000000039c]
J 844 c1 org.codehaus.plexus.classworlds.strategy.SelfFirstStrategy.loadClass(Ljava/lang/String;)Ljava/lang/Class; (50 bytes) @ 0x000001920996e3ac [0x000001920996dfc0+0x00000000000003ec]
J 563 c1 org.codehaus.plexus.classworlds.realm.ClassRealm.loadClass(Ljava/lang/String;Z)Ljava/lang/Class; (33 bytes) @ 0x00000192098c04e4 [0x00000192098c0360+0x0000000000000184]
J 562 c1 org.codehaus.plexus.classworlds.realm.ClassRealm.loadClass(Ljava/lang/String;)Ljava/lang/Class; (7 bytes) @ 0x00000192098bffc4 [0x00000192098bfec0+0x0000000000000104]
j  org.eclipse.sisu.space.URLClassSpace.loadClass(Ljava/lang/String;)Ljava/lang/Class;+5
j  org.eclipse.sisu.space.QualifiedTypeVisitor.leaveClass()V+26
j  org.eclipse.sisu.plexus.PlexusTypeVisitor.leaveClass()V+79
j  org.eclipse.sisu.space.SpaceScanner$1.visitEnd()V+4
j  org.objectweb.asm.ClassReader.accept(Lorg/objectweb/asm/ClassVisitor;[Lorg/objectweb/asm/Attribute;I)V+1415
j  org.objectweb.asm.ClassReader.accept(Lorg/objectweb/asm/ClassVisitor;I)V+7
j  org.eclipse.sisu.space.SpaceScanner.accept(Lorg/eclipse/sisu/space/ClassVisitor;Ljava/net/URL;Z)V+25
j  org.eclipse.sisu.space.SpaceScanner.accept(Lorg/eclipse/sisu/space/SpaceVisitor;)V+65
j  org.eclipse.sisu.space.SpaceModule.scanForElements(Lcom/google/inject/Binder;)V+29
j  org.eclipse.sisu.space.SpaceModule.configure(Lcom/google/inject/Binder;)V+42
j  org.eclipse.sisu.plexus.PlexusAnnotatedBeanModule.configure(Lcom/google/inject/Binder;)Lorg/eclipse/sisu/plexus/PlexusBeanSource;+13
j  org.eclipse.sisu.plexus.PlexusBindingModule.configure(Lcom/google/inject/Binder;)V+41
j  com.google.inject.spi.Elements$RecordingBinder.install(Lcom/google/inject/Module;)V+209
j  com.google.inject.spi.Elements.getElements(Lcom/google/inject/Stage;Ljava/lang/Iterable;)Ljava/util/List;+40
j  com.google.inject.spi.Elements.getElements(Ljava/lang/Iterable;)Ljava/util/List;+4
j  org.eclipse.sisu.wire.WireModule.configure(Lcom/google/inject/Binder;)V+13
j  com.google.inject.spi.Elements$RecordingBinder.install(Lcom/google/inject/Module;)V+209
j  com.google.inject.spi.Elements.getElements(Lcom/google/inject/Stage;Ljava/lang/Iterable;)Ljava/util/List;+40
j  com.google.inject.internal.InjectorShell$Builder.build(Lcom/google/inject/internal/Initializer;Lcom/google/inject/internal/ProcessedBindingData;Lcom/google/inject/internal/util/ContinuousStopwatch;Lcom/google/inject/internal/Errors;)Ljava/util/List;+163
j  com.google.inject.internal.InternalInjectorCreator.build()Lcom/google/inject/Injector;+48
j  com.google.inject.Guice.createInjector(Lcom/google/inject/Stage;Ljava/lang/Iterable;)Lcom/google/inject/Injector;+15
j  com.google.inject.Guice.createInjector(Ljava/lang/Iterable;)Lcom/google/inject/Injector;+4
j  com.google.inject.Guice.createInjector([Lcom/google/inject/Module;)Lcom/google/inject/Injector;+4
j  org.codehaus.plexus.DefaultPlexusContainer.addPlexusInjector(Ljava/util/List;[Lcom/google/inject/Module;)Lcom/google/inject/Injector;+88
j  org.codehaus.plexus.DefaultPlexusContainer.<init>(Lorg/codehaus/plexus/ContainerConfiguration;[Lcom/google/inject/Module;)V+414
j  org.apache.maven.cli.MavenCli.container(Lorg/apache/maven/cli/CliRequest;)Lorg/codehaus/plexus/PlexusContainer;+279
j  org.apache.maven.cli.MavenCli.doMain(Lorg/apache/maven/cli/CliRequest;)I+34
j  org.apache.maven.cli.MavenCli.main([Ljava/lang/String;Lorg/codehaus/plexus/classworlds/ClassWorld;)I+24
j  java.lang.invoke.DirectMethodHandle$Holder.invokeStatic(Ljava/lang/Object;Ljava/lang/Object;Ljava/lang/Object;)I+11 java.base@21.0.7
j  java.lang.invoke.LambdaForm$MH+0x0000019221009400.invoke(Ljava/lang/Object;Ljava/lang/Object;Ljava/lang/Object;Ljava/lang/Object;)Ljava/lang/Object;+54 java.base@21.0.7
j  java.lang.invoke.LambdaForm$MH+0x0000019221009800.invokeExact_MT(Ljava/lang/Object;Ljava/lang/Object;Ljava/lang/Object;Ljava/lang/Object;Ljava/lang/Object;)Ljava/lang/Object;+22 java.base@21.0.7
j  jdk.internal.reflect.DirectMethodHandleAccessor.invokeImpl(Ljava/lang/Object;[Ljava/lang/Object;)Ljava/lang/Object;+72 java.base@21.0.7
j  jdk.internal.reflect.DirectMethodHandleAccessor.invoke(Ljava/lang/Object;[Ljava/lang/Object;)Ljava/lang/Object;+23 java.base@21.0.7
j  java.lang.reflect.Method.invoke(Ljava/lang/Object;[Ljava/lang/Object;)Ljava/lang/Object;+102 java.base@21.0.7
j  org.codehaus.plexus.classworlds.launcher.Launcher.launchEnhanced([Ljava/lang/String;)V+45
j  org.codehaus.plexus.classworlds.launcher.Launcher.launch([Ljava/lang/String;)V+2
j  org.codehaus.plexus.classworlds.launcher.Launcher.mainWithExitCode([Ljava/lang/String;)I+108
j  org.codehaus.plexus.classworlds.launcher.Launcher.main([Ljava/lang/String;)V+1
v  ~StubRoutines::call_stub 0x0000019210d1100d

Compiled method (n/a)   15037  514     n 0       java.lang.ClassLoader::defineClass1 (native)
 total in heap  [0x00000192112dea90,0x00000192112df0f0] = 1632
 relocation     [0x00000192112debf0,0x00000192112dec28] = 56
 main code      [0x00000192112dec40,0x00000192112df0ef] = 1199
 stub code      [0x00000192112df0ef,0x00000192112df0f0] = 1

[Constant Pool (empty)]

[MachCode]
[Entry Point]
  # {method} {0x0000019220439a30} 'defineClass1' '(Ljava/lang/ClassLoader;Ljava/lang/String;[BIILjava/security/ProtectionDomain;Ljava/lang/String;)Ljava/lang/Class;' in 'java/lang/ClassLoader'
  # parm0:    rdx:rdx   = 'java/lang/ClassLoader'
  # parm1:    r8:r8     = 'java/lang/String'
  # parm2:    r9:r9     = '[B'
  # parm3:    rdi       = int
  # parm4:    rsi       = int
  # parm5:    rcx:rcx   = 'java/security/ProtectionDomain'
  # parm6:    [sp+0xa0]   = 'java/lang/String'  (sp of caller)
  0x00000192112dec40: 448b 5208 | 49bb 0000 | 0020 9201 | 0000 4d03 | d349 3bc2 | 0f84 0600 

  0x00000192112dec58: ;   {runtime_call ic_miss_stub}
  0x00000192112dec58: 0000 e921 | fba7 ff90 
[Verified Entry Point]
  0x00000192112dec60: 8984 2400 | 80ff ff55 | 488b ec48 | 81ec 9000 | 0000 6690 | 4181 7f20 | 0100 0000 

  0x00000192112dec7c: ;   {runtime_call StubRoutines (final stubs)}
  0x00000192112dec7c: 7405 e8dd | 60a6 ff48 | 837d 1000 | 488d 4510 | 480f 4445 | 1048 8944 | 2440 4889 | 4c24 7048 
  0x00000192112dec9c: 83f9 0048 | 8d44 2470 | 480f 4444 | 2470 4889 | 4424 3848 | 8974 2430 | 4889 7c24 | 284c 894c 
  0x00000192112decbc: 2458 4983 | f900 488d | 4424 5848 | 0f44 4424 | 5848 8944 | 2420 4c89 | 4424 5049 | 83f8 004c 
  0x00000192112decdc: 8d4c 2450 | 4c0f 444c | 2450 4889 | 5424 4848 | 83fa 004c | 8d44 2448 | 4c0f 4444 

  0x00000192112decf8: ;   {oop(a 'java/lang/Class'{0x0000000752c71180} = 'java/lang/ClassLoader')}
  0x00000192112decf8: 2448 49be | 8011 c752 | 0700 0000 | 4c89 7424 | 784c 8d74 | 2478 498b | d6c5 f877 

  0x00000192112ded14: ;   {internal_word}
  0x00000192112ded14: 49ba 11ed | 2d11 9201 | 0000 4d89 | 97a0 0300 | 0049 89a7 | 9803 0000 

  0x00000192112ded2c: ;   {external_word}
  0x00000192112ded2c: 49ba 2058 | 808f f97f | 0000 4180 | 3a00 0f84 | 4e00 0000 | 5241 5041 

  0x00000192112ded44: ;   {metadata({method} {0x0000019220439a30} 'defineClass1' '(Ljava/lang/ClassLoader;Ljava/lang/String;[BIILjava/security/ProtectionDomain;Ljava/lang/String;)Ljava/lang/Class;' in 'java/lang/ClassLoader')}
  0x00000192112ded44: 5148 ba28 | 9a43 2092 | 0100 0049 | 8bcf 4883 | ec20 40f6 | c40f 0f84 | 1900 0000 | 4883 ec08 
  0x00000192112ded64: ;   {runtime_call}
  0x00000192112ded64: 48b8 500d | 318f f97f | 0000 ffd0 | 4883 c408 | e90c 0000 

  0x00000192112ded78: ;   {runtime_call}
  0x00000192112ded78: 0048 b850 | 0d31 8ff9 | 7f00 00ff | d048 83c4 | 2041 5941 | 585a 498d | 8fb8 0300 | 0041 c787 
  0x00000192112ded98: 4404 0000 | 0400 0000 

  0x00000192112deda0: ;   {runtime_call}
  0x00000192112deda0: 48b8 ac16 | bee0 f97f | 0000 ffd0 | c5f8 7741 | c787 4404 | 0000 0500 | 0000 f083 | 4424 c000 
  0x00000192112dedc0: 493b af48 | 0400 000f | 870e 0000 | 0041 83bf | 4004 0000 | 000f 842b | 0000 00c5 | f877 4889 
  0x00000192112dede0: 45f8 498b | cf4c 8be4 | 4883 ec20 | 4883 e4f0 

  0x00000192112dedf0: ;   {runtime_call}
  0x00000192112dedf0: 48b8 30b9 | fc8e f97f | 0000 ffd0 | 498b e44d | 33e4 488b | 45f8 41c7 | 8744 0400 | 0008 0000 
  0x00000192112dee10: 0041 83bf | c004 0000 | 020f 84a3 

  0x00000192112dee1c: ;   {external_word}
  0x00000192112dee1c: 0200 0049 | ba20 5880 | 8ff9 7f00 | 0041 803a | 000f 844c | 0000 0048 

  0x00000192112dee34: ;   {metadata({method} {0x0000019220439a30} 'defineClass1' '(Ljava/lang/ClassLoader;Ljava/lang/String;[BIILjava/security/ProtectionDomain;Ljava/lang/String;)Ljava/lang/Class;' in 'java/lang/ClassLoader')}
  0x00000192112dee34: 8945 f848 | ba28 9a43 | 2092 0100 | 0049 8bcf | 4883 ec20 | 40f6 c40f | 0f84 1900 | 0000 4883 
  0x00000192112dee54: ;   {runtime_call}
  0x00000192112dee54: ec08 48b8 | 500d 318f | f97f 0000 | ffd0 4883 | c408 e90c 

  0x00000192112dee68: ;   {runtime_call}
  0x00000192112dee68: 0000 0048 | b850 0d31 | 8ff9 7f00 | 00ff d048 | 83c4 2048 | 8b45 f849 | c787 9803 | 0000 0000 
  0x00000192112dee88: 0000 49c7 | 87a0 0300 | 0000 0000 | 00c5 f877 | 4885 c00f | 84fe 0100 | 00a8 030f | 8508 0000 
  0x00000192112deea8: 0048 8b00 | e9ee 0100 | 00a8 010f | 8509 0000 | 0048 8b40 | fee9 dd01 | 0000 488b | 40ff 4180 
  0x00000192112deec8: 7f40 000f | 84ce 0100 | 0048 83f8 | 000f 84c4 | 0100 0049 | 8b4f 2848 | 83f9 000f | 8414 0000 
  0x00000192112deee8: 0048 83e9 | 0849 894f | 2849 034f | 3848 8901 | e9a2 0100 | 0048 81ec | d000 0000 | 4889 0424 
  0x00000192112def08: 4889 4c24 | 0848 8954 | 2410 4889 | 7424 1848 | 897c 2420 | 4c89 4424 | 284c 894c | 2430 4c89 
  0x00000192112def28: 5424 384c | 895c 2440 | c5fb 1144 | 2450 c5fb | 114c 2458 | c5fb 1154 | 2460 c5fb | 115c 2468 
  0x00000192112def48: c5fb 1164 | 2470 c5fb | 116c 2478 | c5fb 11b4 | 2480 0000 | 00c5 fb11 | bc24 8800 | 0000 c57b 
  0x00000192112def68: ;   {no_reloc}
  0x00000192112def68: 1184 2490 | 0000 00c5 | 7b11 8c24 | 9800 0000 | c57b 1194 | 24a0 0000 | 00c5 7b11 | 9c24 a800 
  0x00000192112def88: 0000 c57b | 11a4 24b0 | 0000 00c5 | 7b11 ac24 | b800 0000 | c57b 11b4 | 24c0 0000 | 00c5 7b11 
  0x00000192112defa8: bc24 c800 | 0000 498b | d748 8bc8 | 4883 ec20 | 40f6 c40f | 0f84 1900 | 0000 4883 

  0x00000192112defc4: ;   {runtime_call}
  0x00000192112defc4: ec08 48b8 | 90f6 ef8e | f97f 0000 | ffd0 4883 | c408 e90c 

  0x00000192112defd8: ;   {runtime_call}
  0x00000192112defd8: 0000 0048 | b890 f6ef | 8ef9 7f00 | 00ff d048 | 83c4 20c5 | 7b10 bc24 | c800 0000 | c57b 10b4 
  0x00000192112deff8: 24c0 0000 | 00c5 7b10 | ac24 b800 | 0000 c57b | 10a4 24b0 | 0000 00c5 | 7b10 9c24 | a800 0000 
  0x00000192112df018: c57b 1094 | 24a0 0000 | 00c5 7b10 | 8c24 9800 | 0000 c57b | 1084 2490 | 0000 00c5 | fb10 bc24 
  0x00000192112df038: 8800 0000 | c5fb 10b4 | 2480 0000 | 00c5 fb10 | 6c24 78c5 | fb10 6424 | 70c5 fb10 | 5c24 68c5 
  0x00000192112df058: fb10 5424 | 60c5 fb10 | 4c24 58c5 | fb10 4424 | 504c 8b5c | 2440 4c8b | 5424 384c | 8b4c 2430 
  0x00000192112df078: 4c8b 4424 | 2848 8b7c | 2420 488b | 7424 1848 | 8b54 2410 | 488b 4c24 | 0848 8b04 | 2448 81c4 
  0x00000192112df098: d000 0000 | c5f8 7749 | 8b8f 2804 | 0000 c781 | 0001 0000 | 0000 0000 | c949 837f | 0800 0f85 
  0x00000192112df0b8: 0100 0000 

  0x00000192112df0bc: ;   {runtime_call StubRoutines (initial stubs)}
  0x00000192112df0bc: c3e9 3e1e | a3ff c5f8 | 7748 8945 | f84c 8be4 | 4883 ec20 | 4883 e4f0 

  0x00000192112df0d4: ;   {runtime_call}
  0x00000192112df0d4: 48b8 4045 | 318f f97f | 0000 ffd0 | 498b e44d | 33e4 488b | 45f8 e930 | fdff fff4 
[/MachCode]


Compiled method (c1)   15060  894       3       java.lang.ClassLoader::defineClass (43 bytes)
 total in heap  [0x000001920998df90,0x000001920998e8f8] = 2408
 relocation     [0x000001920998e0f0,0x000001920998e190] = 160
 main code      [0x000001920998e1a0,0x000001920998e650] = 1200
 stub code      [0x000001920998e650,0x000001920998e6c8] = 120
 metadata       [0x000001920998e6c8,0x000001920998e6f8] = 48
 scopes data    [0x000001920998e6f8,0x000001920998e7e8] = 240
 scopes pcs     [0x000001920998e7e8,0x000001920998e8c8] = 224
 dependencies   [0x000001920998e8c8,0x000001920998e8d0] = 8
 nul chk table  [0x000001920998e8d0,0x000001920998e8f8] = 40

[Constant Pool (empty)]

[MachCode]
[Entry Point]
  # {method} {0x0000019220439db0} 'defineClass' '(Ljava/lang/String;[BIILjava/security/ProtectionDomain;)Ljava/lang/Class;' in 'java/lang/ClassLoader'
  # this:     rdx:rdx   = 'java/lang/ClassLoader'
  # parm0:    r8:r8     = 'java/lang/String'
  # parm1:    r9:r9     = '[B'
  # parm2:    rdi       = int
  # parm3:    rsi       = int
  # parm4:    rcx:rcx   = 'java/security/ProtectionDomain'
  #           [sp+0xc0]  (sp of caller)
  0x000001920998e1a0: 448b 5208 | 49bb 0000 | 0020 9201 | 0000 4d03 | d34c 3bd0 

  0x000001920998e1b4: ;   {runtime_call ic_miss_stub}
  0x000001920998e1b4: 0f85 c605 | 3d07 660f | 1f44 0000 
[Verified Entry Point]
  0x000001920998e1c0: 8984 2400 | 80ff ff55 | 4881 ecb0 | 0000 0090 | 4181 7f20 | 0100 0000 

  0x000001920998e1d8: ;   {runtime_call StubRoutines (final stubs)}
  0x000001920998e1d8: 7405 e881 | 6b3b 0748 | 8954 2478 

  0x000001920998e1e4: ;   {metadata(method data for {method} {0x0000019220439db0} 'defineClass' '(Ljava/lang/String;[BIILjava/security/ProtectionDomain;)Ljava/lang/Class;' in 'java/lang/ClassLoader')}
  0x000001920998e1e4: 48bb 60b9 | 1861 9201 | 0000 8b83 | cc00 0000 | 83c0 0289 | 83cc 0000 | 0025 fe07 | 0000 85c0 
  0x000001920998e204: 0f84 6803 | 0000 89b4 | 2494 0000 | 0089 bc24 | 9000 0000 | 4c89 8c24 | 8800 0000 

  0x000001920998e220: ;   {metadata(method data for {method} {0x0000019220439db0} 'defineClass' '(Ljava/lang/String;[BIILjava/security/ProtectionDomain;)Ljava/lang/Class;' in 'java/lang/ClassLoader')}
  0x000001920998e220: 488b da48 | b860 b918 | 6192 0100 | 0048 8380 | 1001 0000 | 0149 8bd8 | 4c8b c34c | 8bc9 488b 
  0x000001920998e240: ca48 8bd1 | 4889 9c24 | 8000 0000 

  0x000001920998e24c: ;   {optimized virtual_call}
  0x000001920998e24c: 6666 90e8 

  0x000001920998e250: ; ImmutableOopMap {[120]=Oop [128]=Oop [136]=Oop }
                      ;*invokevirtual preDefineClass {reexecute=0 rethrow=0 return_oop=0}
                      ; - java.lang.ClassLoader::defineClass@4 (line 1025)
  0x000001920998e250: 4cd7 0100 

  0x000001920998e254: ;   {other}
  0x000001920998e254: 0f1f 8400 | c402 0000 | 4889 8424 | 9800 0000 | 488b 5424 

  0x000001920998e268: ;   {metadata(method data for {method} {0x0000019220439db0} 'defineClass' '(Ljava/lang/String;[BIILjava/security/ProtectionDomain;)Ljava/lang/Class;' in 'java/lang/ClassLoader')}
  0x000001920998e268: 7849 b860 | b918 6192 | 0100 0049 | 8380 4801 

  0x000001920998e278: ;   {metadata(method data for {method} {0x0000019220439a98} 'defineClassSourceLocation' '(Ljava/security/ProtectionDomain;)Ljava/lang/String;' in 'java/lang/ClassLoader')}
  0x000001920998e278: 0000 0149 | b820 c518 | 6192 0100 | 0041 8b90 | cc00 0000 | 83c2 0241 | 8990 cc00 | 0000 81e2 
  0x000001920998e298: feff 1f00 | 85d2 0f84 | ef02 0000 

  0x000001920998e2a4: ; implicit exception: dispatches to 0x000001920998e5b4
  0x000001920998e2a4: 483b 004c 

  0x000001920998e2a8: ;   {metadata(method data for {method} {0x0000019220439a98} 'defineClassSourceLocation' '(Ljava/security/ProtectionDomain;)Ljava/lang/String;' in 'java/lang/ClassLoader')}
  0x000001920998e2a8: 8bc0 48ba | 20c5 1861 | 9201 0000 | 4883 8210 | 0100 0001 | 448b 4010 | 49c1 e003 

  0x000001920998e2c4: ;   {metadata(method data for {method} {0x0000019220439a98} 'defineClassSourceLocation' '(Ljava/security/ProtectionDomain;)Ljava/lang/String;' in 'java/lang/ClassLoader')}
  0x000001920998e2c4: 4d85 c048 | ba20 c518 | 6192 0100 | 0048 be58 | 0100 0000 | 0000 0075 | 0a48 be48 | 0100 0000 
  0x000001920998e2e4: 0000 0048 | 8b3c 3248 | 8d7f 0148 | 893c 320f | 850f 0000 

  0x000001920998e2f8: ;   {oop(nullptr)}
  0x000001920998e2f8: 0048 bb00 | 0000 0000 | 0000 00e9 | af01 0000 

  0x000001920998e308: ; implicit exception: dispatches to 0x000001920998e5b9
  0x000001920998e308: 493b 0049 

  0x000001920998e30c: ;   {metadata(method data for {method} {0x0000019220439a98} 'defineClassSourceLocation' '(Ljava/security/ProtectionDomain;)Ljava/lang/String;' in 'java/lang/ClassLoader')}
  0x000001920998e30c: 8bd0 48be | 20c5 1861 | 9201 0000 | 4883 8668 | 0100 0001 | 418b 500c | 48c1 e203 

  0x000001920998e328: ;   {metadata(method data for {method} {0x0000019220439a98} 'defineClassSourceLocation' '(Ljava/security/ProtectionDomain;)Ljava/lang/String;' in 'java/lang/ClassLoader')}
  0x000001920998e328: 4885 d248 | be20 c518 | 6192 0100 | 0048 bfb0 | 0100 0000 | 0000 0075 | 0a48 bfa0 | 0100 0000 
  0x000001920998e348: 0000 0048 | 8b1c 3e48 | 8d5b 0148 | 891c 3e0f | 850f 0000 

  0x000001920998e35c: ;   {oop(nullptr)}
  0x000001920998e35c: 0048 bb00 | 0000 0000 | 0000 00e9 | 4b01 0000 

  0x000001920998e36c: ;   {metadata(method data for {method} {0x0000019220439a98} 'defineClassSourceLocation' '(Ljava/security/ProtectionDomain;)Ljava/lang/String;' in 'java/lang/ClassLoader')}
  0x000001920998e36c: 48be 20c5 | 1861 9201 | 0000 4883 | 86c0 0100 | 0001 483b | 024c 8bc2 

  0x000001920998e384: ;   {metadata(method data for {method} {0x0000019220439a98} 'defineClassSourceLocation' '(Ljava/security/ProtectionDomain;)Ljava/lang/String;' in 'java/lang/ClassLoader')}
  0x000001920998e384: 48be 20c5 | 1861 9201 | 0000 4883 | 86f8 0100 

  0x000001920998e394: ;   {metadata(method data for {method} {0x000001922001a7c0} 'toString' '()Ljava/lang/String;' in 'java/net/URL')}
  0x000001920998e394: 0001 49b8 | 78f2 1661 | 9201 0000 | 418b b0cc | 0000 0083 | c602 4189 | b0cc 0000 | 0081 e6fe 
  0x000001920998e3b4: ff1f 0085 | f60f 8404 | 0200 004c 

  0x000001920998e3c0: ;   {metadata(method data for {method} {0x000001922001a7c0} 'toString' '()Ljava/lang/String;' in 'java/net/URL')}
  0x000001920998e3c0: 8bc2 48be | 78f2 1661 | 9201 0000 | 4883 8610 | 0100 0001 

  0x000001920998e3d4: ;   {metadata(method data for {method} {0x000001922042d6b0} 'toExternalForm' '()Ljava/lang/String;' in 'java/net/URL')}
  0x000001920998e3d4: 49b8 b89b | 1261 9201 | 0000 418b | b0cc 0000 | 0083 c602 | 4189 b0cc | 0000 0081 | e6fe ff1f 
  0x000001920998e3f4: 0085 f60f | 84e7 0100 | 008b 7238 | 48c1 e603 

  0x000001920998e404: ; implicit exception: dispatches to 0x000001920998e605
  0x000001920998e404: 483b 064c 

  0x000001920998e408: ;   {metadata(method data for {method} {0x000001922042d6b0} 'toExternalForm' '()Ljava/lang/String;' in 'java/net/URL')}
  0x000001920998e408: 8bc6 48bf | b89b 1261 | 9201 0000 | 458b 4008 | 49ba 0000 | 0020 9201 | 0000 4d03 | c24c 3b87 
  0x000001920998e428: 2001 0000 | 750d 4883 | 8728 0100 | 0001 e960 | 0000 004c | 3b87 3001 | 0000 750d | 4883 8738 
  0x000001920998e448: 0100 0001 | e94a 0000 | 0048 83bf | 2001 0000 | 0075 174c | 8987 2001 | 0000 48c7 | 8728 0100 
  0x000001920998e468: 0001 0000 | 00e9 2900 | 0000 4883 | bf30 0100 | 0000 7517 | 4c89 8730 | 0100 0048 | c787 3801 
  0x000001920998e488: 0000 0100 | 0000 e908 | 0000 0048 | 8387 1001 | 0000 014c | 8bc2 488b | d666 0f1f 

  0x000001920998e4a4: ;   {optimized virtual_call}
  0x000001920998e4a4: 4400 00e8 

  0x000001920998e4a8: ; ImmutableOopMap {[120]=Oop [128]=Oop [136]=Oop [152]=Oop }
                      ;*invokevirtual toExternalForm {reexecute=0 rethrow=0 return_oop=0}
                      ; - java.net.URL::toExternalForm@5 (line 1203)
                      ; - java.net.URL::toString@1 (line 1189)
                      ; - java.lang.ClassLoader::defineClassSourceLocation@22 (line 927)
                      ; - java.lang.ClassLoader::defineClass@12 (line 1026)
  0x000001920998e4a8: 742b f3ff 

  0x000001920998e4ac: ;   {other}
  0x000001920998e4ac: 0f1f 8400 | 1c05 0001 | 488b d848 | 8b84 2498 | 0000 008b | b424 9400 | 0000 8bbc | 2490 0000 
  0x000001920998e4cc: 004c 8b8c | 2488 0000 | 004c 8b84 | 2480 0000 | 0048 8b54 

  0x000001920998e4e0: ;   {metadata(method data for {method} {0x0000019220439db0} 'defineClass' '(Ljava/lang/String;[BIILjava/security/ProtectionDomain;)Ljava/lang/Class;' in 'java/lang/ClassLoader')}
  0x000001920998e4e0: 2478 48b9 | 60b9 1861 | 9201 0000 | 4883 8180 | 0100 0001 | 4c8b da49 | 8bd3 488b | c848 891c 
  0x000001920998e500: 2466 0f1f 

  0x000001920998e504: ;   {static_call}
  0x000001920998e504: 4400 00e8 

  0x000001920998e508: ; ImmutableOopMap {[120]=Oop [152]=Oop }
                      ;*invokestatic defineClass1 {reexecute=0 rethrow=0 return_oop=0}
                      ; - java.lang.ClassLoader::defineClass@27 (line 1027)
  0x000001920998e508: 5407 9507 

  0x000001920998e50c: ;   {other}
  0x000001920998e50c: 0f1f 8400 | 7c05 0002 | 488b 5424 

  0x000001920998e518: ;   {metadata(method data for {method} {0x0000019220439db0} 'defineClass' '(Ljava/lang/String;[BIILjava/security/ProtectionDomain;)Ljava/lang/Class;' in 'java/lang/ClassLoader')}
  0x000001920998e518: 7849 b860 | b918 6192 | 0100 0049 | 8380 9001 | 0000 014c | 8bc0 4c8b | 8c24 9800 | 0000 488b 
  0x000001920998e538: 5424 7848 | 8984 24a0 | 0000 000f 

  0x000001920998e544: ;   {optimized virtual_call}
  0x000001920998e544: 1f40 00e8 

  0x000001920998e548: ; ImmutableOopMap {[160]=Oop }
                      ;*invokevirtual postDefineClass {reexecute=0 rethrow=0 return_oop=0}
                      ; - java.lang.ClassLoader::defineClass@37 (line 1028)
  0x000001920998e548: 54b0 ffff 

  0x000001920998e54c: ;   {other}
  0x000001920998e54c: 0f1f 8400 | bc05 0003 | 488b 8424 | a000 0000 | 4881 c4b0 | 0000 005d 

  0x000001920998e564: ;   {poll_return}
  0x000001920998e564: 493b a748 | 0400 000f | 8799 0000 

  0x000001920998e570: ;   {metadata({method} {0x0000019220439db0} 'defineClass' '(Ljava/lang/String;[BIILjava/security/ProtectionDomain;)Ljava/lang/Class;' in 'java/lang/ClassLoader')}
  0x000001920998e570: 00c3 49ba | a89d 4320 | 9201 0000 | 4c89 5424 | 0848 c704 | 24ff ffff 

  0x000001920998e588: ;   {runtime_call counter_overflow Runtime1 stub}
  0x000001920998e588: ffe8 f260 

  0x000001920998e58c: ; ImmutableOopMap {rdx=Oop r8=Oop r9=Oop rcx=Oop [120]=Oop }
                      ;*synchronization entry
                      ; - java.lang.ClassLoader::defineClass@-1 (line 1025)
  0x000001920998e58c: 4a07 e977 

  0x000001920998e590: ;   {metadata({method} {0x0000019220439a98} 'defineClassSourceLocation' '(Ljava/security/ProtectionDomain;)Ljava/lang/String;' in 'java/lang/ClassLoader')}
  0x000001920998e590: fcff ff49 | ba90 9a43 | 2092 0100 | 004c 8954 | 2408 48c7 | 0424 ffff 

  0x000001920998e5a8: ;   {runtime_call counter_overflow Runtime1 stub}
  0x000001920998e5a8: ffff e8d1 

  0x000001920998e5ac: ; ImmutableOopMap {rax=Oop [120]=Oop [128]=Oop [136]=Oop [152]=Oop }
                      ;*synchronization entry
                      ; - java.lang.ClassLoader::defineClassSourceLocation@-1 (line 924)
                      ; - java.lang.ClassLoader::defineClass@12 (line 1026)
  0x000001920998e5ac: 604a 07e9 | f0fc ffff 

  0x000001920998e5b4: ;   {runtime_call throw_null_pointer_exception Runtime1 stub}
  0x000001920998e5b4: e8c7 0f4a 

  0x000001920998e5b8: ; ImmutableOopMap {rax=Oop [120]=Oop [128]=Oop [136]=Oop [152]=Oop }
                      ;*invokevirtual getCodeSource {reexecute=0 rethrow=0 return_oop=0}
                      ; - java.lang.ClassLoader::defineClassSourceLocation@1 (line 924)
                      ; - java.lang.ClassLoader::defineClass@12 (line 1026)
                      ;   {runtime_call throw_null_pointer_exception Runtime1 stub}
  0x000001920998e5b8: 07e8 c20f 

  0x000001920998e5bc: ; ImmutableOopMap {rax=Oop r8=Oop [120]=Oop [128]=Oop [136]=Oop [152]=Oop }
                      ;*invokevirtual getLocation {reexecute=0 rethrow=0 return_oop=0}
                      ; - java.lang.ClassLoader::defineClassSourceLocation@12 (line 926)
                      ; - java.lang.ClassLoader::defineClass@12 (line 1026)
                      ;   {runtime_call throw_null_pointer_exception Runtime1 stub}
  0x000001920998e5bc: 4a07 e8bd 

  0x000001920998e5c0: ; ImmutableOopMap {rdx=Oop [120]=Oop [128]=Oop [136]=Oop [152]=Oop }
                      ;*invokevirtual toString {reexecute=0 rethrow=0 return_oop=0}
                      ; - java.lang.ClassLoader::defineClassSourceLocation@22 (line 927)
                      ; - java.lang.ClassLoader::defineClass@12 (line 1026)
                      ;   {metadata({method} {0x000001922001a7c0} 'toString' '()Ljava/lang/String;' in 'java/net/URL')}
  0x000001920998e5c0: 0f4a 0749 | bab8 a701 | 2092 0100 | 004c 8954 | 2408 48c7 | 0424 ffff 

  0x000001920998e5d8: ;   {runtime_call counter_overflow Runtime1 stub}
  0x000001920998e5d8: ffff e8a1 

  0x000001920998e5dc: ; ImmutableOopMap {rdx=Oop [120]=Oop [128]=Oop [136]=Oop [152]=Oop }
                      ;*synchronization entry
                      ; - java.net.URL::toString@-1 (line 1189)
                      ; - java.lang.ClassLoader::defineClassSourceLocation@22 (line 927)
                      ; - java.lang.ClassLoader::defineClass@12 (line 1026)
  0x000001920998e5dc: 604a 07e9 | dbfd ffff 

  0x000001920998e5e4: ;   {metadata({method} {0x000001922042d6b0} 'toExternalForm' '()Ljava/lang/String;' in 'java/net/URL')}
  0x000001920998e5e4: 49ba a8d6 | 4220 9201 | 0000 4c89 | 5424 0848 | c704 24ff 

  0x000001920998e5f8: ;   {runtime_call counter_overflow Runtime1 stub}
  0x000001920998e5f8: ffff ffe8 

  0x000001920998e5fc: ; ImmutableOopMap {rdx=Oop [120]=Oop [128]=Oop [136]=Oop [152]=Oop }
                      ;*synchronization entry
                      ; - java.net.URL::toExternalForm@-1 (line 1203)
                      ; - java.net.URL::toString@1 (line 1189)
                      ; - java.lang.ClassLoader::defineClassSourceLocation@22 (line 927)
                      ; - java.lang.ClassLoader::defineClass@12 (line 1026)
  0x000001920998e5fc: 8060 4a07 | e9f8 fdff 

  0x000001920998e604: ;   {runtime_call throw_null_pointer_exception Runtime1 stub}
  0x000001920998e604: ffe8 760f 

  0x000001920998e608: ; ImmutableOopMap {rdx=Oop rsi=Oop [120]=Oop [128]=Oop [136]=Oop [152]=Oop }
                      ;*invokevirtual toExternalForm {reexecute=0 rethrow=0 return_oop=0}
                      ; - java.net.URL::toExternalForm@5 (line 1203)
                      ; - java.net.URL::toString@1 (line 1189)
                      ; - java.lang.ClassLoader::defineClassSourceLocation@22 (line 927)
                      ; - java.lang.ClassLoader::defineClass@12 (line 1026)
                      ;   {internal_word}
  0x000001920998e608: 4a07 49ba | 64e5 9809 | 9201 0000 | 4d89 9760 

  0x000001920998e618: ;   {runtime_call SafepointBlob}
  0x000001920998e618: 0400 00e9 | e070 3d07 | 498b 87f8 | 0400 0049 | c787 f804 | 0000 0000 | 0000 49c7 | 8700 0500 
  0x000001920998e638: 0000 0000 | 0048 81c4 | b000 0000 

  0x000001920998e644: ;   {runtime_call unwind_exception Runtime1 stub}
  0x000001920998e644: 5de9 3600 | 4a07 f4f4 | f4f4 f4f4 
[Stub Code]
  0x000001920998e650: ;   {no_reloc}
  0x000001920998e650: 0f1f 4400 

  0x000001920998e654: ;   {static_stub}
  0x000001920998e654: 0048 bb00 | 0000 0000 

  0x000001920998e65c: ;   {runtime_call}
  0x000001920998e65c: 0000 00e9 | fbff ffff 

  0x000001920998e664: ;   {static_stub}
  0x000001920998e664: 48bb e89a | 4320 9201 

  0x000001920998e66c: ;   {runtime_call I2C/C2I adapters}
  0x000001920998e66c: 0000 e9f8 

  0x000001920998e670: ;   {static_stub}
  0x000001920998e670: c63c 0748 | bb00 0000 | 0000 0000 

  0x000001920998e67c: ;   {runtime_call}
  0x000001920998e67c: 00e9 fbff 

  0x000001920998e680: ;   {static_stub}
  0x000001920998e680: ffff 48bb | 0000 0000 | 0000 0000 

  0x000001920998e68c: ;   {runtime_call}
  0x000001920998e68c: e9fb ffff 

  0x000001920998e690: ;   {runtime_call handle_exception_from_callee Runtime1 stub}
  0x000001920998e690: ffe8 ea2c 

  0x000001920998e694: ;   {external_word}
  0x000001920998e694: 4a07 48b9 | b048 588f | f97f 0000 | 4883 e4f0 

  0x000001920998e6a4: ;   {runtime_call}
  0x000001920998e6a4: 48b8 202f | 208f f97f | 0000 ffd0 

  0x000001920998e6b0: ;   {section_word}
  0x000001920998e6b0: f449 bab1 | e698 0992 | 0100 0041 

  0x000001920998e6bc: ;   {runtime_call DeoptimizationBlob}
  0x000001920998e6bc: 52e9 de62 | 3d07 f4f4 | f4f4 f4f4 
[/MachCode]


Compiled method (c1)   15125  959       3       java.security.SecureClassLoader::defineClass (16 bytes)
 total in heap  [0x00000192099ae490,0x00000192099ae890] = 1024
 relocation     [0x00000192099ae5f0,0x00000192099ae640] = 80
 main code      [0x00000192099ae640,0x00000192099ae798] = 344
 stub code      [0x00000192099ae798,0x00000192099ae7e8] = 80
 metadata       [0x00000192099ae7e8,0x00000192099ae7f0] = 8
 scopes data    [0x00000192099ae7f0,0x00000192099ae838] = 72
 scopes pcs     [0x00000192099ae838,0x00000192099ae888] = 80
 dependencies   [0x00000192099ae888,0x00000192099ae890] = 8

[Constant Pool (empty)]

[MachCode]
[Entry Point]
  # {method} {0x000001922004d370} 'defineClass' '(Ljava/lang/String;[BIILjava/security/CodeSource;)Ljava/lang/Class;' in 'java/security/SecureClassLoader'
  # this:     rdx:rdx   = 'java/security/SecureClassLoader'
  # parm0:    r8:r8     = 'java/lang/String'
  # parm1:    r9:r9     = '[B'
  # parm2:    rdi       = int
  # parm3:    rsi       = int
  # parm4:    rcx:rcx   = 'java/security/CodeSource'
  #           [sp+0x80]  (sp of caller)
  0x00000192099ae640: 448b 5208 | 49bb 0000 | 0020 9201 | 0000 4d03 | d34c 3bd0 

  0x00000192099ae654: ;   {runtime_call ic_miss_stub}
  0x00000192099ae654: 0f85 2601 | 3b07 660f | 1f44 0000 
[Verified Entry Point]
  0x00000192099ae660: 8984 2400 | 80ff ff55 | 4883 ec70 | 4181 7f20 | 0100 0000 

  0x00000192099ae674: ;   {runtime_call StubRoutines (final stubs)}
  0x00000192099ae674: 7405 e8e5 

  0x00000192099ae678: ;   {metadata(method data for {method} {0x000001922004d370} 'defineClass' '(Ljava/lang/String;[BIILjava/security/CodeSource;)Ljava/lang/Class;' in 'java/security/SecureClassLoader')}
  0x00000192099ae678: 6639 0748 | bb40 ce1b | 6192 0100 | 008b 83cc | 0000 0083 | c002 8983 | cc00 0000 | 25fe 0700 
  0x00000192099ae698: 0085 c00f | 8496 0000 | 0089 7424 | 5c89 7c24 | 584c 894c | 2450 4c89 | 4424 4848 

  0x00000192099ae6b4: ;   {metadata(method data for {method} {0x000001922004d370} 'defineClass' '(Ljava/lang/String;[BIILjava/security/CodeSource;)Ljava/lang/Class;' in 'java/security/SecureClassLoader')}
  0x00000192099ae6b4: 8bda 48b8 | 40ce 1b61 | 9201 0000 | 4883 8010 | 0100 0001 | 4c8b c148 | 8bc2 488b | d048 8944 
  0x00000192099ae6d4: ;   {optimized virtual_call}
  0x00000192099ae6d4: 2440 90e8 

  0x00000192099ae6d8: ; ImmutableOopMap {[64]=Oop [72]=Oop [80]=Oop }
                      ;*invokevirtual getProtectionDomain {reexecute=0 rethrow=0 return_oop=0}
                      ; - java.security.SecureClassLoader::defineClass@9 (line 150)
  0x00000192099ae6d8: 448b fdff 

  0x00000192099ae6dc: ;   {other}
  0x00000192099ae6dc: 0f1f 8400 | 4c02 0000 | 488b 5424 

  0x00000192099ae6e8: ;   {metadata(method data for {method} {0x000001922004d370} 'defineClass' '(Ljava/lang/String;[BIILjava/security/CodeSource;)Ljava/lang/Class;' in 'java/security/SecureClassLoader')}
  0x00000192099ae6e8: 4049 b840 | ce1b 6192 | 0100 0049 | 8380 4801 | 0000 014c | 8b44 2448 | 4c8b 4c24 | 508b 7c24 
  0x00000192099ae708: 588b 7424 | 5c48 8bc8 | 488b 5424 

  0x00000192099ae714: ;   {optimized virtual_call}
  0x00000192099ae714: 4066 90e8 

  0x00000192099ae718: ; ImmutableOopMap {}
                      ;*invokevirtual defineClass {reexecute=0 rethrow=0 return_oop=0}
                      ; - java.security.SecureClassLoader::defineClass@12 (line 150)
  0x00000192099ae718: a4fa fdff 

  0x00000192099ae71c: ;   {other}
  0x00000192099ae71c: 0f1f 8400 | 8c02 0001 | 4883 c470 

  0x00000192099ae728: ;   {poll_return}
  0x00000192099ae728: 5d49 3ba7 | 4804 0000 | 0f87 2200 

  0x00000192099ae734: ;   {metadata({method} {0x000001922004d370} 'defineClass' '(Ljava/lang/String;[BIILjava/security/CodeSource;)Ljava/lang/Class;' in 'java/security/SecureClassLoader')}
  0x00000192099ae734: 0000 c349 | ba68 d304 | 2092 0100 | 004c 8954 | 2408 48c7 | 0424 ffff 

  0x00000192099ae74c: ;   {runtime_call counter_overflow Runtime1 stub}
  0x00000192099ae74c: ffff e82d 

  0x00000192099ae750: ; ImmutableOopMap {rdx=Oop r8=Oop r9=Oop rcx=Oop }
                      ;*synchronization entry
                      ; - java.security.SecureClassLoader::defineClass@-1 (line 150)
  0x00000192099ae750: 5f48 07e9 | 49ff ffff 

  0x00000192099ae758: ;   {internal_word}
  0x00000192099ae758: 49ba 29e7 | 9a09 9201 | 0000 4d89 | 9760 0400 

  0x00000192099ae768: ;   {runtime_call SafepointBlob}
  0x00000192099ae768: 00e9 926f | 3b07 498b | 87f8 0400 | 0049 c787 | f804 0000 | 0000 0000 | 49c7 8700 | 0500 0000 
  0x00000192099ae788: 0000 0048 | 83c4 705d 

  0x00000192099ae790: ;   {runtime_call unwind_exception Runtime1 stub}
  0x00000192099ae790: e9eb fe47 | 07f4 f4f4 
[Stub Code]
  0x00000192099ae798: ;   {no_reloc}
  0x00000192099ae798: 48bb 0000 | 0000 0000 

  0x00000192099ae7a0: ;   {runtime_call}
  0x00000192099ae7a0: 0000 e9fb 

  0x00000192099ae7a4: ;   {static_stub}
  0x00000192099ae7a4: ffff ff48 | bb00 0000 | 0000 0000 

  0x00000192099ae7b0: ;   {runtime_call}
  0x00000192099ae7b0: 00e9 fbff 

  0x00000192099ae7b4: ;   {runtime_call handle_exception_from_callee Runtime1 stub}
  0x00000192099ae7b4: ffff e8c5 

  0x00000192099ae7b8: ;   {external_word}
  0x00000192099ae7b8: 2b48 0748 | b9b0 4858 | 8ff9 7f00 | 0048 83e4 

  0x00000192099ae7c8: ;   {runtime_call}
  0x00000192099ae7c8: f048 b820 | 2f20 8ff9 | 7f00 00ff 

  0x00000192099ae7d4: ;   {section_word}
  0x00000192099ae7d4: d0f4 49ba | d6e7 9a09 | 9201 0000 

  0x00000192099ae7e0: ;   {runtime_call DeoptimizationBlob}
  0x00000192099ae7e0: 4152 e9b9 | 613b 07f4 
[/MachCode]


---------------  P R O C E S S  ---------------

Threads class SMR info:
_java_thread_list=0x00000192651b2910, length=11, elements={
0x000001927f8bd8a0, 0x000001921efd8ca0, 0x000001921efd9aa0, 0x000001921efde6c0,
0x000001921efdf110, 0x000001921efdfb60, 0x000001921efe05b0, 0x000001921efe5750,
0x000001921efe66f0, 0x000001921f054070, 0x000001921f05aca0
}

Java Threads: ( => current thread )
=>0x000001927f8bd8a0 JavaThread "main"                              [_thread_in_vm, id=21572, stack(0x0000003569600000,0x0000003569700000) (1024K)]
  0x000001921efd8ca0 JavaThread "Reference Handler"          daemon [_thread_blocked, id=30820, stack(0x0000003569e00000,0x0000003569f00000) (1024K)]
  0x000001921efd9aa0 JavaThread "Finalizer"                  daemon [_thread_blocked, id=30744, stack(0x0000003569f00000,0x000000356a000000) (1024K)]
  0x000001921efde6c0 JavaThread "Signal Dispatcher"          daemon [_thread_blocked, id=6576, stack(0x000000356a000000,0x000000356a100000) (1024K)]
  0x000001921efdf110 JavaThread "Attach Listener"            daemon [_thread_blocked, id=29864, stack(0x000000356a100000,0x000000356a200000) (1024K)]
  0x000001921efdfb60 JavaThread "Service Thread"             daemon [_thread_blocked, id=29952, stack(0x000000356a200000,0x000000356a300000) (1024K)]
  0x000001921efe05b0 JavaThread "Monitor Deflation Thread"   daemon [_thread_blocked, id=29724, stack(0x000000356a300000,0x000000356a400000) (1024K)]
  0x000001921efe5750 JavaThread "C2 CompilerThread0"         daemon [_thread_blocked, id=32048, stack(0x000000356a400000,0x000000356a500000) (1024K)]
  0x000001921efe66f0 JavaThread "C1 CompilerThread0"         daemon [_thread_blocked, id=32196, stack(0x000000356a500000,0x000000356a600000) (1024K)]
  0x000001921f054070 JavaThread "Notification Thread"        daemon [_thread_blocked, id=4708, stack(0x000000356a600000,0x000000356a700000) (1024K)]
  0x000001921f05aca0 JavaThread "Common-Cleaner"             daemon [_thread_blocked, id=31428, stack(0x000000356a700000,0x000000356a800000) (1024K)]
Total: 11

Other Threads:
  0x000001921efbce00 VMThread "VM Thread"                           [id=28076, stack(0x0000003569d00000,0x0000003569e00000) (1024K)]
  0x000001921efa97f0 WatcherThread "VM Periodic Task Thread"        [id=25112, stack(0x0000003569c00000,0x0000003569d00000) (1024K)]
  0x000001927f90eb80 WorkerThread "GC Thread#0"                     [id=13324, stack(0x0000003569700000,0x0000003569800000) (1024K)]
  0x000001921fd8df70 WorkerThread "GC Thread#1"                     [id=12660, stack(0x000000356aa00000,0x000000356ab00000) (1024K)]
  0x000001921fd8e310 WorkerThread "GC Thread#2"                     [id=13020, stack(0x000000356ab00000,0x000000356ac00000) (1024K)]
  0x000001921faebb10 WorkerThread "GC Thread#3"                     [id=31204, stack(0x000000356ac00000,0x000000356ad00000) (1024K)]
  0x0000019265076500 WorkerThread "GC Thread#4"                     [id=6484, stack(0x000000356ad00000,0x000000356ae00000) (1024K)]
  0x00000192650de600 WorkerThread "GC Thread#5"                     [id=4900, stack(0x000000356ae00000,0x000000356af00000) (1024K)]
  0x00000192650de9a0 WorkerThread "GC Thread#6"                     [id=26920, stack(0x000000356af00000,0x000000356b000000) (1024K)]
  0x00000192650ded40 WorkerThread "GC Thread#7"                     [id=23560, stack(0x000000356b000000,0x000000356b100000) (1024K)]
  0x000001927f91b2a0 ConcurrentGCThread "G1 Main Marker"            [id=26716, stack(0x0000003569800000,0x0000003569900000) (1024K)]
  0x000001927f91bda0 WorkerThread "G1 Conc#0"                       [id=1080, stack(0x0000003569900000,0x0000003569a00000) (1024K)]
  0x000001927f98d260 ConcurrentGCThread "G1 Refine#0"               [id=24264, stack(0x0000003569a00000,0x0000003569b00000) (1024K)]
  0x000001921ee80090 ConcurrentGCThread "G1 Service"                [id=28764, stack(0x0000003569b00000,0x0000003569c00000) (1024K)]
Total: 14

Threads with active compile tasks:
Total: 0

VM state: not at safepoint (normal execution)

VM Mutex/Monitor currently owned by a thread:  ([mutex/lock_event])
[0x00007ff98f81be50] Metaspace_lock - owner thread: 0x000001927f8bd8a0

Heap address: 0x0000000748c00000, size: 2932 MB, Compressed Oops mode: Zero based, Oop shift amount: 3

CDS archive(s) mapped at: [0x0000019220000000-0x0000019220c90000-0x0000019220c90000), size 13172736, SharedBaseAddress: 0x0000019220000000, ArchiveRelocationMode: 1.
Compressed class space mapped at: 0x0000019221000000-0x0000019261000000, reserved size: 1073741824
Narrow klass base: 0x0000019220000000, Narrow klass shift: 0, Narrow klass range: 0x100000000

GC Precious Log:
 CardTable entry size: 512
 Card Set container configuration: InlinePtr #cards 4 size 8 Array Of Cards #cards 16 size 48 Howl #buckets 8 coarsen threshold 3686 Howl Bitmap #cards 512 size 80 coarsen threshold 460 Card regions per heap region 1 cards per card region 4096
 CPUs: 8 total, 8 available
 Memory: 11723M
 Large Page Support: Disabled
 NUMA Support: Disabled
 Compressed Oops: Enabled (Zero based)
 Heap Region Size: 2M
 Heap Min Capacity: 8M
 Heap Initial Capacity: 184M
 Heap Max Capacity: 2932M
 Pre-touch: Disabled
 Parallel Workers: 8
 Concurrent Workers: 2
 Concurrent Refinement Workers: 8
 Periodic GC: Disabled

Heap:
 garbage-first heap   total 188416K, used 14080K [0x0000000748c00000, 0x0000000800000000)
  region size 2048K, 8 young (16384K), 2 survivors (4096K)
 Metaspace       used 6587K, committed 6784K, reserved 1114112K
  class space    used 762K, committed 832K, reserved 1048576K

Heap Regions: E=young(eden), S=young(survivor), O=old, HS=humongous(starts), HC=humongous(continues), CS=collection set, F=free, TAMS=top-at-mark-start, PB=parsable bottom
|   0|0x0000000748c00000, 0x0000000748c00000, 0x0000000748e00000|  0%| F|  |TAMS 0x0000000748c00000| PB 0x0000000748c00000| Untracked 
|   1|0x0000000748e00000, 0x0000000748e00000, 0x0000000749000000|  0%| F|  |TAMS 0x0000000748e00000| PB 0x0000000748e00000| Untracked 
|   2|0x0000000749000000, 0x0000000749000000, 0x0000000749200000|  0%| F|  |TAMS 0x0000000749000000| PB 0x0000000749000000| Untracked 
|   3|0x0000000749200000, 0x0000000749200000, 0x0000000749400000|  0%| F|  |TAMS 0x0000000749200000| PB 0x0000000749200000| Untracked 
|   4|0x0000000749400000, 0x0000000749400000, 0x0000000749600000|  0%| F|  |TAMS 0x0000000749400000| PB 0x0000000749400000| Untracked 
|   5|0x0000000749600000, 0x0000000749600000, 0x0000000749800000|  0%| F|  |TAMS 0x0000000749600000| PB 0x0000000749600000| Untracked 
|   6|0x0000000749800000, 0x0000000749800000, 0x0000000749a00000|  0%| F|  |TAMS 0x0000000749800000| PB 0x0000000749800000| Untracked 
|   7|0x0000000749a00000, 0x0000000749a00000, 0x0000000749c00000|  0%| F|  |TAMS 0x0000000749a00000| PB 0x0000000749a00000| Untracked 
|   8|0x0000000749c00000, 0x0000000749c00000, 0x0000000749e00000|  0%| F|  |TAMS 0x0000000749c00000| PB 0x0000000749c00000| Untracked 
|   9|0x0000000749e00000, 0x0000000749e00000, 0x000000074a000000|  0%| F|  |TAMS 0x0000000749e00000| PB 0x0000000749e00000| Untracked 
|  10|0x000000074a000000, 0x000000074a000000, 0x000000074a200000|  0%| F|  |TAMS 0x000000074a000000| PB 0x000000074a000000| Untracked 
|  11|0x000000074a200000, 0x000000074a200000, 0x000000074a400000|  0%| F|  |TAMS 0x000000074a200000| PB 0x000000074a200000| Untracked 
|  12|0x000000074a400000, 0x000000074a400000, 0x000000074a600000|  0%| F|  |TAMS 0x000000074a400000| PB 0x000000074a400000| Untracked 
|  13|0x000000074a600000, 0x000000074a600000, 0x000000074a800000|  0%| F|  |TAMS 0x000000074a600000| PB 0x000000074a600000| Untracked 
|  14|0x000000074a800000, 0x000000074a800000, 0x000000074aa00000|  0%| F|  |TAMS 0x000000074a800000| PB 0x000000074a800000| Untracked 
|  15|0x000000074aa00000, 0x000000074aa00000, 0x000000074ac00000|  0%| F|  |TAMS 0x000000074aa00000| PB 0x000000074aa00000| Untracked 
|  16|0x000000074ac00000, 0x000000074ac00000, 0x000000074ae00000|  0%| F|  |TAMS 0x000000074ac00000| PB 0x000000074ac00000| Untracked 
|  17|0x000000074ae00000, 0x000000074ae00000, 0x000000074b000000|  0%| F|  |TAMS 0x000000074ae00000| PB 0x000000074ae00000| Untracked 
|  18|0x000000074b000000, 0x000000074b000000, 0x000000074b200000|  0%| F|  |TAMS 0x000000074b000000| PB 0x000000074b000000| Untracked 
|  19|0x000000074b200000, 0x000000074b200000, 0x000000074b400000|  0%| F|  |TAMS 0x000000074b200000| PB 0x000000074b200000| Untracked 
|  20|0x000000074b400000, 0x000000074b400000, 0x000000074b600000|  0%| F|  |TAMS 0x000000074b400000| PB 0x000000074b400000| Untracked 
|  21|0x000000074b600000, 0x000000074b600000, 0x000000074b800000|  0%| F|  |TAMS 0x000000074b600000| PB 0x000000074b600000| Untracked 
|  22|0x000000074b800000, 0x000000074b800000, 0x000000074ba00000|  0%| F|  |TAMS 0x000000074b800000| PB 0x000000074b800000| Untracked 
|  23|0x000000074ba00000, 0x000000074ba00000, 0x000000074bc00000|  0%| F|  |TAMS 0x000000074ba00000| PB 0x000000074ba00000| Untracked 
|  24|0x000000074bc00000, 0x000000074bc00000, 0x000000074be00000|  0%| F|  |TAMS 0x000000074bc00000| PB 0x000000074bc00000| Untracked 
|  25|0x000000074be00000, 0x000000074be00000, 0x000000074c000000|  0%| F|  |TAMS 0x000000074be00000| PB 0x000000074be00000| Untracked 
|  26|0x000000074c000000, 0x000000074c000000, 0x000000074c200000|  0%| F|  |TAMS 0x000000074c000000| PB 0x000000074c000000| Untracked 
|  27|0x000000074c200000, 0x000000074c200000, 0x000000074c400000|  0%| F|  |TAMS 0x000000074c200000| PB 0x000000074c200000| Untracked 
|  28|0x000000074c400000, 0x000000074c400000, 0x000000074c600000|  0%| F|  |TAMS 0x000000074c400000| PB 0x000000074c400000| Untracked 
|  29|0x000000074c600000, 0x000000074c600000, 0x000000074c800000|  0%| F|  |TAMS 0x000000074c600000| PB 0x000000074c600000| Untracked 
|  30|0x000000074c800000, 0x000000074c800000, 0x000000074ca00000|  0%| F|  |TAMS 0x000000074c800000| PB 0x000000074c800000| Untracked 
|  31|0x000000074ca00000, 0x000000074ca00000, 0x000000074cc00000|  0%| F|  |TAMS 0x000000074ca00000| PB 0x000000074ca00000| Untracked 
|  32|0x000000074cc00000, 0x000000074cc00000, 0x000000074ce00000|  0%| F|  |TAMS 0x000000074cc00000| PB 0x000000074cc00000| Untracked 
|  33|0x000000074ce00000, 0x000000074ce00000, 0x000000074d000000|  0%| F|  |TAMS 0x000000074ce00000| PB 0x000000074ce00000| Untracked 
|  34|0x000000074d000000, 0x000000074d000000, 0x000000074d200000|  0%| F|  |TAMS 0x000000074d000000| PB 0x000000074d000000| Untracked 
|  35|0x000000074d200000, 0x000000074d200000, 0x000000074d400000|  0%| F|  |TAMS 0x000000074d200000| PB 0x000000074d200000| Untracked 
|  36|0x000000074d400000, 0x000000074d400000, 0x000000074d600000|  0%| F|  |TAMS 0x000000074d400000| PB 0x000000074d400000| Untracked 
|  37|0x000000074d600000, 0x000000074d600000, 0x000000074d800000|  0%| F|  |TAMS 0x000000074d600000| PB 0x000000074d600000| Untracked 
|  38|0x000000074d800000, 0x000000074d800000, 0x000000074da00000|  0%| F|  |TAMS 0x000000074d800000| PB 0x000000074d800000| Untracked 
|  39|0x000000074da00000, 0x000000074da00000, 0x000000074dc00000|  0%| F|  |TAMS 0x000000074da00000| PB 0x000000074da00000| Untracked 
|  40|0x000000074dc00000, 0x000000074dc00000, 0x000000074de00000|  0%| F|  |TAMS 0x000000074dc00000| PB 0x000000074dc00000| Untracked 
|  41|0x000000074de00000, 0x000000074de00000, 0x000000074e000000|  0%| F|  |TAMS 0x000000074de00000| PB 0x000000074de00000| Untracked 
|  42|0x000000074e000000, 0x000000074e000000, 0x000000074e200000|  0%| F|  |TAMS 0x000000074e000000| PB 0x000000074e000000| Untracked 
|  43|0x000000074e200000, 0x000000074e200000, 0x000000074e400000|  0%| F|  |TAMS 0x000000074e200000| PB 0x000000074e200000| Untracked 
|  44|0x000000074e400000, 0x000000074e400000, 0x000000074e600000|  0%| F|  |TAMS 0x000000074e400000| PB 0x000000074e400000| Untracked 
|  45|0x000000074e600000, 0x000000074e600000, 0x000000074e800000|  0%| F|  |TAMS 0x000000074e600000| PB 0x000000074e600000| Untracked 
|  46|0x000000074e800000, 0x000000074e800000, 0x000000074ea00000|  0%| F|  |TAMS 0x000000074e800000| PB 0x000000074e800000| Untracked 
|  47|0x000000074ea00000, 0x000000074ea00000, 0x000000074ec00000|  0%| F|  |TAMS 0x000000074ea00000| PB 0x000000074ea00000| Untracked 
|  48|0x000000074ec00000, 0x000000074ec00000, 0x000000074ee00000|  0%| F|  |TAMS 0x000000074ec00000| PB 0x000000074ec00000| Untracked 
|  49|0x000000074ee00000, 0x000000074ee00000, 0x000000074f000000|  0%| F|  |TAMS 0x000000074ee00000| PB 0x000000074ee00000| Untracked 
|  50|0x000000074f000000, 0x000000074f000000, 0x000000074f200000|  0%| F|  |TAMS 0x000000074f000000| PB 0x000000074f000000| Untracked 
|  51|0x000000074f200000, 0x000000074f200000, 0x000000074f400000|  0%| F|  |TAMS 0x000000074f200000| PB 0x000000074f200000| Untracked 
|  52|0x000000074f400000, 0x000000074f400000, 0x000000074f600000|  0%| F|  |TAMS 0x000000074f400000| PB 0x000000074f400000| Untracked 
|  53|0x000000074f600000, 0x000000074f600000, 0x000000074f800000|  0%| F|  |TAMS 0x000000074f600000| PB 0x000000074f600000| Untracked 
|  54|0x000000074f800000, 0x000000074f800000, 0x000000074fa00000|  0%| F|  |TAMS 0x000000074f800000| PB 0x000000074f800000| Untracked 
|  55|0x000000074fa00000, 0x000000074fa00000, 0x000000074fc00000|  0%| F|  |TAMS 0x000000074fa00000| PB 0x000000074fa00000| Untracked 
|  56|0x000000074fc00000, 0x000000074fc00000, 0x000000074fe00000|  0%| F|  |TAMS 0x000000074fc00000| PB 0x000000074fc00000| Untracked 
|  57|0x000000074fe00000, 0x000000074fe00000, 0x0000000750000000|  0%| F|  |TAMS 0x000000074fe00000| PB 0x000000074fe00000| Untracked 
|  58|0x0000000750000000, 0x0000000750000000, 0x0000000750200000|  0%| F|  |TAMS 0x0000000750000000| PB 0x0000000750000000| Untracked 
|  59|0x0000000750200000, 0x0000000750200000, 0x0000000750400000|  0%| F|  |TAMS 0x0000000750200000| PB 0x0000000750200000| Untracked 
|  60|0x0000000750400000, 0x0000000750400000, 0x0000000750600000|  0%| F|  |TAMS 0x0000000750400000| PB 0x0000000750400000| Untracked 
|  61|0x0000000750600000, 0x0000000750600000, 0x0000000750800000|  0%| F|  |TAMS 0x0000000750600000| PB 0x0000000750600000| Untracked 
|  62|0x0000000750800000, 0x0000000750800000, 0x0000000750a00000|  0%| F|  |TAMS 0x0000000750800000| PB 0x0000000750800000| Untracked 
|  63|0x0000000750a00000, 0x0000000750a00000, 0x0000000750c00000|  0%| F|  |TAMS 0x0000000750a00000| PB 0x0000000750a00000| Untracked 
|  64|0x0000000750c00000, 0x0000000750c00000, 0x0000000750e00000|  0%| F|  |TAMS 0x0000000750c00000| PB 0x0000000750c00000| Untracked 
|  65|0x0000000750e00000, 0x0000000750e00000, 0x0000000751000000|  0%| F|  |TAMS 0x0000000750e00000| PB 0x0000000750e00000| Untracked 
|  66|0x0000000751000000, 0x0000000751000000, 0x0000000751200000|  0%| F|  |TAMS 0x0000000751000000| PB 0x0000000751000000| Untracked 
|  67|0x0000000751200000, 0x0000000751200000, 0x0000000751400000|  0%| F|  |TAMS 0x0000000751200000| PB 0x0000000751200000| Untracked 
|  68|0x0000000751400000, 0x0000000751400000, 0x0000000751600000|  0%| F|  |TAMS 0x0000000751400000| PB 0x0000000751400000| Untracked 
|  69|0x0000000751600000, 0x0000000751600000, 0x0000000751800000|  0%| F|  |TAMS 0x0000000751600000| PB 0x0000000751600000| Untracked 
|  70|0x0000000751800000, 0x0000000751800000, 0x0000000751a00000|  0%| F|  |TAMS 0x0000000751800000| PB 0x0000000751800000| Untracked 
|  71|0x0000000751a00000, 0x0000000751a00000, 0x0000000751c00000|  0%| F|  |TAMS 0x0000000751a00000| PB 0x0000000751a00000| Untracked 
|  72|0x0000000751c00000, 0x0000000751c00000, 0x0000000751e00000|  0%| F|  |TAMS 0x0000000751c00000| PB 0x0000000751c00000| Untracked 
|  73|0x0000000751e00000, 0x0000000751e00000, 0x0000000752000000|  0%| F|  |TAMS 0x0000000751e00000| PB 0x0000000751e00000| Untracked 
|  74|0x0000000752000000, 0x0000000752000000, 0x0000000752200000|  0%| F|  |TAMS 0x0000000752000000| PB 0x0000000752000000| Untracked 
|  75|0x0000000752200000, 0x0000000752200000, 0x0000000752400000|  0%| F|  |TAMS 0x0000000752200000| PB 0x0000000752200000| Untracked 
|  76|0x0000000752400000, 0x0000000752400000, 0x0000000752600000|  0%| F|  |TAMS 0x0000000752400000| PB 0x0000000752400000| Untracked 
|  77|0x0000000752600000, 0x0000000752600000, 0x0000000752800000|  0%| F|  |TAMS 0x0000000752600000| PB 0x0000000752600000| Untracked 
|  78|0x0000000752800000, 0x0000000752800000, 0x0000000752a00000|  0%| F|  |TAMS 0x0000000752800000| PB 0x0000000752800000| Untracked 
|  79|0x0000000752a00000, 0x0000000752bc0000, 0x0000000752c00000| 87%| S|CS|TAMS 0x0000000752a00000| PB 0x0000000752a00000| Complete 
|  80|0x0000000752c00000, 0x0000000752e00000, 0x0000000752e00000|100%| S|CS|TAMS 0x0000000752c00000| PB 0x0000000752c00000| Complete 
|  81|0x0000000752e00000, 0x0000000752e00000, 0x0000000753000000|  0%| F|  |TAMS 0x0000000752e00000| PB 0x0000000752e00000| Untracked 
|  82|0x0000000753000000, 0x0000000753000000, 0x0000000753200000|  0%| F|  |TAMS 0x0000000753000000| PB 0x0000000753000000| Untracked 
|  83|0x0000000753200000, 0x0000000753200000, 0x0000000753400000|  0%| F|  |TAMS 0x0000000753200000| PB 0x0000000753200000| Untracked 
|  84|0x0000000753400000, 0x0000000753400000, 0x0000000753600000|  0%| F|  |TAMS 0x0000000753400000| PB 0x0000000753400000| Untracked 
|  85|0x0000000753600000, 0x0000000753600000, 0x0000000753800000|  0%| F|  |TAMS 0x0000000753600000| PB 0x0000000753600000| Untracked 
|  86|0x0000000753800000, 0x00000007538b2708, 0x0000000753a00000| 34%| E|  |TAMS 0x0000000753800000| PB 0x0000000753800000| Complete 
|  87|0x0000000753a00000, 0x0000000753c00000, 0x0000000753c00000|100%| E|CS|TAMS 0x0000000753a00000| PB 0x0000000753a00000| Complete 
|  88|0x0000000753c00000, 0x0000000753e00000, 0x0000000753e00000|100%| E|CS|TAMS 0x0000000753c00000| PB 0x0000000753c00000| Complete 
|  89|0x0000000753e00000, 0x0000000754000000, 0x0000000754000000|100%| E|CS|TAMS 0x0000000753e00000| PB 0x0000000753e00000| Complete 
|  90|0x0000000754000000, 0x0000000754200000, 0x0000000754200000|100%| E|CS|TAMS 0x0000000754000000| PB 0x0000000754000000| Complete 
|  91|0x0000000754200000, 0x0000000754400000, 0x0000000754400000|100%| E|CS|TAMS 0x0000000754200000| PB 0x0000000754200000| Complete 

Card table byte_map: [0x00000192191f0000,0x00000192197b0000] _byte_map_base: 0x00000192157aa000

Marking Bits: (CMBitMap*) 0x000001927f90f280
 Bits: [0x00000192197b0000, 0x000001921c580000)

Polling page: 0x000001927f990000

Metaspace:

Usage:
  Non-class:      5.69 MB used.
      Class:    762.62 KB used.
       Both:      6.43 MB used.

Virtual space:
  Non-class space:       64.00 MB reserved,       5.81 MB (  9%) committed,  1 nodes.
      Class space:        1.00 GB reserved,     832.00 KB ( <1%) committed,  1 nodes.
             Both:        1.06 GB reserved,       6.62 MB ( <1%) committed. 

Chunk freelists:
   Non-Class:  8.48 MB
       Class:  15.17 MB
        Both:  23.66 MB

MaxMetaspaceSize: unlimited
CompressedClassSpaceSize: 1.00 GB
Initial GC threshold: 21.00 MB
Current GC threshold: 21.00 MB
CDS: on
 - commit_granule_bytes: 65536.
 - commit_granule_words: 8192.
 - virtual_space_node_default_size: 8388608.
 - enlarge_chunks_in_place: 1.
 - use_allocation_guard: 0.


Internal statistics:

num_allocs_failed_limit: 0.
num_arena_births: 56.
num_arena_deaths: 0.
num_vsnodes_births: 2.
num_vsnodes_deaths: 0.
num_space_committed: 106.
num_space_uncommitted: 0.
num_chunks_returned_to_freelist: 0.
num_chunks_taken_from_freelist: 241.
num_chunk_merges: 0.
num_chunk_splits: 166.
num_chunks_enlarged: 139.
num_inconsistent_stats: 0.

CodeHeap 'non-profiled nmethods': size=120000Kb used=548Kb max_used=548Kb free=119451Kb
 bounds [0x00000192112b0000, 0x0000019211520000, 0x00000192187e0000]
CodeHeap 'profiled nmethods': size=120000Kb used=2732Kb max_used=2732Kb free=117268Kb
 bounds [0x00000192097e0000, 0x0000019209a90000, 0x0000019210d10000]
CodeHeap 'non-nmethods': size=5760Kb used=1350Kb max_used=1378Kb free=4409Kb
 bounds [0x0000019210d10000, 0x0000019210f80000, 0x00000192112b0000]
 total_blobs=1894 nmethods=1436 adapters=363
 compilation: enabled
              stopped_count=0, restarted_count=0
 full_count=0

Compilation events (20 events):
Event: 14.577 Thread 0x000001921efe66f0 nmethod 1428 0x0000019209a87690 code [0x0000019209a87860, 0x0000019209a87bf0]
Event: 14.578 Thread 0x000001921efe66f0 1429       3       jdk.internal.misc.Unsafe::checkPrimitivePointer (19 bytes)
Event: 14.583 Thread 0x000001921efe66f0 nmethod 1429 0x0000019209a87d90 code [0x0000019209a87fa0, 0x0000019209a885b8]
Event: 14.589 Thread 0x000001921efe66f0 1432       3       com.google.common.collect.RegularImmutableMap::get (64 bytes)
Event: 14.590 Thread 0x000001921efe66f0 nmethod 1432 0x0000019209a88810 code [0x0000019209a88a20, 0x0000019209a88fd8]
Event: 14.590 Thread 0x000001921efe66f0 1433       1       sun.nio.fs.NativeBuffer::owner (5 bytes)
Event: 14.590 Thread 0x000001921efe66f0 nmethod 1433 0x0000019211337990 code [0x0000019211337b20, 0x0000019211337bf0]
Event: 14.591 Thread 0x000001921efe66f0 1435       3       com.google.common.base.Preconditions::checkArgument (25 bytes)
Event: 14.591 Thread 0x000001921efe66f0 nmethod 1435 0x0000019209a89210 code [0x0000019209a893e0, 0x0000019209a89820]
Event: 14.591 Thread 0x000001921efe66f0 1434       3       jdk.internal.misc.Unsafe::weakCompareAndSetInt (11 bytes)
Event: 14.591 Thread 0x000001921efe66f0 nmethod 1434 0x0000019209a89990 code [0x0000019209a89b20, 0x0000019209a89c48]
Event: 14.596 Thread 0x000001921efe5750 nmethod 1420 0x0000019211337c90 code [0x0000019211337ec0, 0x0000019211338830]
Event: 14.596 Thread 0x000001921efe5750 1422   !   4       java.lang.ref.ReferenceQueue::poll (40 bytes)
Event: 14.597 Thread 0x000001921efe5750 nmethod 1422 0x0000019211338e10 code [0x0000019211338fa0, 0x0000019211339050]
Event: 14.663 Thread 0x000001921efe66f0 1436       3       sun.nio.fs.NativeBuffers::getNativeBufferFromCache (51 bytes)
Event: 14.664 Thread 0x000001921efe66f0 nmethod 1436 0x0000019209a89d10 code [0x0000019209a89f20, 0x0000019209a8a690]
Event: 14.664 Thread 0x000001921efe66f0 1437       3       sun.nio.fs.NativeBuffer::close (5 bytes)
Event: 14.664 Thread 0x000001921efe66f0 nmethod 1437 0x0000019209a8a890 code [0x0000019209a8aa40, 0x0000019209a8abe8]
Event: 14.664 Thread 0x000001921efe66f0 1438       3       sun.nio.fs.NativeBuffer::release (5 bytes)
Event: 14.664 Thread 0x000001921efe66f0 nmethod 1438 0x0000019209a8ac90 code [0x0000019209a8ae40, 0x0000019209a8af78]

GC Heap History (2 events):
Event: 10.600 GC heap before
{Heap before GC invocations=0 (full 0):
 garbage-first heap   total 188416K, used 22528K [0x0000000748c00000, 0x0000000800000000)
  region size 2048K, 11 young (22528K), 0 survivors (0K)
 Metaspace       used 5618K, committed 5824K, reserved 1114112K
  class space    used 647K, committed 768K, reserved 1048576K
}
Event: 12.881 GC heap after
{Heap after GC invocations=1 (full 0):
 garbage-first heap   total 188416K, used 3840K [0x0000000748c00000, 0x0000000800000000)
  region size 2048K, 2 young (4096K), 2 survivors (4096K)
 Metaspace       used 5618K, committed 5824K, reserved 1114112K
  class space    used 647K, committed 768K, reserved 1048576K
}

Dll operation events (8 events):
Event: 0.280 Loaded shared library C:\Program Files\Java\jdk-21\bin\java.dll
Event: 4.962 Loaded shared library C:\Program Files\Java\jdk-21\bin\net.dll
Event: 4.967 Loaded shared library C:\Program Files\Java\jdk-21\bin\jsvml.dll
Event: 5.273 Loaded shared library C:\Program Files\Java\jdk-21\bin\nio.dll
Event: 5.280 Loaded shared library C:\Program Files\Java\jdk-21\bin\zip.dll
Event: 6.543 Loaded shared library C:\Users\2oleg\Downloads\apache-maven-3.9.11-bin\apache-maven-3.9.11\lib\jansi-native\Windows\x86_64\jansi.dll
Event: 6.564 Loaded shared library C:\Program Files\Java\jdk-21\bin\verify.dll
Event: 6.708 Loaded shared library C:\Program Files\Java\jdk-21\bin\jimage.dll

Deoptimization events (20 events):
Event: 13.173 Thread 0x000001927f8bd8a0 Uncommon trap: trap_request=0xffffff45 fr.pc=0x000001921131cad0 relative=0x0000000000000b70
Event: 13.173 Thread 0x000001927f8bd8a0 Uncommon trap: reason=unstable_if action=reinterpret pc=0x000001921131cad0 method=org.codehaus.plexus.util.xml.pull.MXParser.nextImpl()I @ 241 c2
Event: 13.173 Thread 0x000001927f8bd8a0 DEOPT PACKING pc=0x000001921131cad0 sp=0x00000035696fe2d0
Event: 13.173 Thread 0x000001927f8bd8a0 DEOPT UNPACKING pc=0x0000019210d646a2 sp=0x00000035696fe260 mode 2
Event: 13.173 Thread 0x000001927f8bd8a0 Uncommon trap: trap_request=0xffffffde fr.pc=0x00000192112eeb04 relative=0x00000000000006c4
Event: 13.173 Thread 0x000001927f8bd8a0 Uncommon trap: reason=class_check action=maybe_recompile pc=0x00000192112eeb04 method=java.util.regex.Matcher.search(I)Z @ 121 c2
Event: 13.173 Thread 0x000001927f8bd8a0 DEOPT PACKING pc=0x00000192112eeb04 sp=0x00000035696fdf90
Event: 13.173 Thread 0x000001927f8bd8a0 DEOPT UNPACKING pc=0x0000019210d646a2 sp=0x00000035696fdf60 mode 2
Event: 13.177 Thread 0x000001927f8bd8a0 Uncommon trap: trap_request=0xffffffde fr.pc=0x00000192112eeb04 relative=0x00000000000006c4
Event: 13.177 Thread 0x000001927f8bd8a0 Uncommon trap: reason=class_check action=maybe_recompile pc=0x00000192112eeb04 method=java.util.regex.Matcher.search(I)Z @ 121 c2
Event: 13.177 Thread 0x000001927f8bd8a0 DEOPT PACKING pc=0x00000192112eeb04 sp=0x00000035696fdf90
Event: 13.177 Thread 0x000001927f8bd8a0 DEOPT UNPACKING pc=0x0000019210d646a2 sp=0x00000035696fdf60 mode 2
Event: 13.460 Thread 0x000001927f8bd8a0 Uncommon trap: trap_request=0xffffffde fr.pc=0x000001921131f74c relative=0x00000000000002ec
Event: 13.460 Thread 0x000001927f8bd8a0 Uncommon trap: reason=class_check action=maybe_recompile pc=0x000001921131f74c method=java.util.HashMap.getNode(Ljava/lang/Object;)Ljava/util/HashMap$Node; @ 128 c2
Event: 13.460 Thread 0x000001927f8bd8a0 DEOPT PACKING pc=0x000001921131f74c sp=0x00000035696fdbe0
Event: 13.460 Thread 0x000001927f8bd8a0 DEOPT UNPACKING pc=0x0000019210d646a2 sp=0x00000035696fdb48 mode 2
Event: 13.463 Thread 0x000001927f8bd8a0 Uncommon trap: trap_request=0xffffffde fr.pc=0x000001921131f74c relative=0x00000000000002ec
Event: 13.463 Thread 0x000001927f8bd8a0 Uncommon trap: reason=class_check action=maybe_recompile pc=0x000001921131f74c method=java.util.HashMap.getNode(Ljava/lang/Object;)Ljava/util/HashMap$Node; @ 128 c2
Event: 13.463 Thread 0x000001927f8bd8a0 DEOPT PACKING pc=0x000001921131f74c sp=0x00000035696fdbe0
Event: 13.463 Thread 0x000001927f8bd8a0 DEOPT UNPACKING pc=0x0000019210d646a2 sp=0x00000035696fdb48 mode 2

Classes loaded (20 events):
Event: 9.123 Loading class java/lang/reflect/WildcardType
Event: 9.123 Loading class java/lang/reflect/WildcardType done
Event: 9.128 Loading class sun/reflect/generics/tree/TypeVariableSignature
Event: 9.128 Loading class sun/reflect/generics/tree/TypeVariableSignature done
Event: 9.243 Loading class java/lang/annotation/IncompleteAnnotationException
Event: 9.243 Loading class java/lang/annotation/IncompleteAnnotationException done
Event: 9.438 Loading class java/lang/foreign/MemorySegment
Event: 9.439 Loading class java/lang/foreign/MemorySegment done
Event: 13.179 Loading class sun/reflect/generics/reflectiveObjects/TypeVariableImpl
Event: 13.179 Loading class sun/reflect/generics/reflectiveObjects/LazyReflectiveObjectGenerator
Event: 13.179 Loading class sun/reflect/generics/reflectiveObjects/LazyReflectiveObjectGenerator done
Event: 13.180 Loading class sun/reflect/generics/reflectiveObjects/TypeVariableImpl done
Event: 13.180 Loading class sun/reflect/generics/reflectiveObjects/ParameterizedTypeImpl
Event: 13.180 Loading class sun/reflect/generics/reflectiveObjects/ParameterizedTypeImpl done
Event: 13.184 Loading class jdk/internal/foreign/MemorySessionImpl
Event: 13.184 Loading class java/lang/foreign/MemorySegment$Scope
Event: 13.184 Loading class java/lang/foreign/MemorySegment$Scope done
Event: 13.184 Loading class jdk/internal/foreign/MemorySessionImpl done
Event: 13.573 Loading class java/lang/ArrayIndexOutOfBoundsException
Event: 13.573 Loading class java/lang/ArrayIndexOutOfBoundsException done

Classes unloaded (0 events):
No events

Classes redefined (0 events):
No events

Internal exceptions (20 events):
Event: 6.546 Thread 0x000001927f8bd8a0 Exception <a 'java/lang/NullPointerException'{0x0000000753f13210}> (0x0000000753f13210) 
thrown [s\open\src\hotspot\share\interpreter\linkResolver.cpp, line 1372]
Event: 6.546 Thread 0x000001927f8bd8a0 Exception <a 'java/lang/NullPointerException'{0x0000000753f134f0}> (0x0000000753f134f0) 
thrown [s\open\src\hotspot\share\interpreter\linkResolver.cpp, line 1372]
Event: 6.546 Thread 0x000001927f8bd8a0 Exception <a 'java/lang/NullPointerException'{0x0000000753f137d0}> (0x0000000753f137d0) 
thrown [s\open\src\hotspot\share\interpreter\linkResolver.cpp, line 1372]
Event: 6.548 Thread 0x000001927f8bd8a0 Exception <a 'java/lang/NullPointerException'{0x0000000753f197e0}> (0x0000000753f197e0) 
thrown [s\open\src\hotspot\share\interpreter\linkResolver.cpp, line 1372]
Event: 6.552 Thread 0x000001927f8bd8a0 Exception <a 'java/lang/NullPointerException'{0x0000000753f2dbc8}> (0x0000000753f2dbc8) 
thrown [s\open\src\hotspot\share\interpreter\linkResolver.cpp, line 1372]
Event: 6.552 Thread 0x000001927f8bd8a0 Exception <a 'java/lang/NullPointerException'{0x0000000753f2dea8}> (0x0000000753f2dea8) 
thrown [s\open\src\hotspot\share\interpreter\linkResolver.cpp, line 1372]
Event: 6.552 Thread 0x000001927f8bd8a0 Exception <a 'java/lang/NullPointerException'{0x0000000753f2e188}> (0x0000000753f2e188) 
thrown [s\open\src\hotspot\share\interpreter\linkResolver.cpp, line 1372]
Event: 6.552 Thread 0x000001927f8bd8a0 Exception <a 'java/lang/NullPointerException'{0x0000000753f2e468}> (0x0000000753f2e468) 
thrown [s\open\src\hotspot\share\interpreter\linkResolver.cpp, line 1372]
Event: 6.753 Thread 0x000001927f8bd8a0 Exception <a 'java/lang/NoSuchMethodError'{0x0000000753fab0b0}: 'void java.lang.invoke.DirectMethodHandle$Holder.invokeStatic(java.lang.Object, java.lang.Object)'> (0x0000000753fab0b0) 
thrown [s\open\src\hotspot\share\interpreter\linkResolver.cpp, line 773]
Event: 6.754 Thread 0x000001927f8bd8a0 Exception <a 'java/lang/NoSuchMethodError'{0x0000000753fae490}: 'void java.lang.invoke.DirectMethodHandle$Holder.invokeStaticInit(java.lang.Object, java.lang.Object)'> (0x0000000753fae490) 
thrown [s\open\src\hotspot\share\interpreter\linkResolver.cpp, line 773]
Event: 6.778 Thread 0x000001927f8bd8a0 Exception <a 'java/lang/NoSuchMethodError'{0x0000000753c34cb0}: 'void java.lang.invoke.DirectMethodHandle$Holder.invokeStatic(java.lang.Object, java.lang.Object, java.lang.Object)'> (0x0000000753c34cb0) 
thrown [s\open\src\hotspot\share\interpreter\linkResolver.cpp, line 773]
Event: 7.406 Thread 0x000001927f8bd8a0 Exception <a 'java/lang/NoSuchMethodError'{0x0000000753db6680}: 'java.lang.Object java.lang.invoke.DirectMethodHandle$Holder.invokeSpecialIFC(java.lang.Object, java.lang.Object, java.lang.Object, java.lang.Object)'> (0x0000000753db6680) 
thrown [s\open\src\hotspot\share\interpreter\linkResolver.cpp, line 773]
Event: 8.419 Thread 0x000001927f8bd8a0 Exception <a 'java/lang/NoSuchMethodError'{0x00000007537a53e0}: 'void java.lang.invoke.DirectMethodHandle$Holder.invokeSpecial(java.lang.Object, java.lang.Object, java.lang.Object)'> (0x00000007537a53e0) 
thrown [s\open\src\hotspot\share\interpreter\linkResolver.cpp, line 773]
Event: 8.597 Thread 0x000001927f8bd8a0 Exception <a 'java/lang/NoSuchMethodError'{0x00000007535051e8}: 'java.lang.Object java.lang.invoke.DirectMethodHandle$Holder.invokeInterface(java.lang.Object, java.lang.Object)'> (0x00000007535051e8) 
thrown [s\open\src\hotspot\share\interpreter\linkResolver.cpp, line 773]
Event: 8.684 Thread 0x000001927f8bd8a0 Exception <a 'java/lang/NoSuchMethodError'{0x00000007535aa790}: 'int java.lang.invoke.DirectMethodHandle$Holder.invokeStatic(java.lang.Object, java.lang.Object, java.lang.Object, java.lang.Object)'> (0x00000007535aa790) 
thrown [s\open\src\hotspot\share\interpreter\linkResolver.cpp, line 773]
Event: 8.685 Thread 0x000001927f8bd8a0 Exception <a 'java/lang/NoSuchMethodError'{0x00000007535ade20}: 'java.lang.Object java.lang.invoke.Invokers$Holder.invokeExact_MT(java.lang.Object, java.lang.Object, java.lang.Object, java.lang.Object, java.lang.Object, java.lang.Object)'> (0x00000007535ade20) 
thrown [s\open\src\hotspot\share\interpreter\linkResolver.cpp, line 773]
Event: 8.690 Thread 0x000001927f8bd8a0 Exception <a 'java/lang/NoSuchMethodError'{0x00000007535bc528}: 'int java.lang.invoke.DirectMethodHandle$Holder.invokeSpecialIFC(java.lang.Object, java.lang.Object, java.lang.Object, java.lang.Object, java.lang.Object)'> (0x00000007535bc528) 
thrown [s\open\src\hotspot\share\interpreter\linkResolver.cpp, line 773]
Event: 8.963 Thread 0x000001927f8bd8a0 Exception <a 'java/lang/NoSuchMethodError'{0x0000000753361470}: 'java.lang.Object java.lang.invoke.DirectMethodHandle$Holder.newInvokeSpecial(java.lang.Object, java.lang.Object, java.lang.Object, java.lang.Object, java.lang.Object)'> (0x0000000753361470) 
thrown [s\open\src\hotspot\share\interpreter\linkResolver.cpp, line 773]
Event: 9.230 Thread 0x000001927f8bd8a0 Exception <a 'java/lang/NoSuchMethodError'{0x0000000753082430}: 'int java.lang.invoke.DirectMethodHandle$Holder.invokeStaticInit(java.lang.Object, java.lang.Object)'> (0x0000000753082430) 
thrown [s\open\src\hotspot\share\interpreter\linkResolver.cpp, line 773]
Event: 9.243 Thread 0x000001927f8bd8a0 Exception <a 'java/lang/NoClassDefFoundError'{0x00000007530ba638}: javax/enterprise/inject/Typed> (0x00000007530ba638) 
thrown [s\open\src\hotspot\share\classfile\systemDictionary.cpp, line 301]

ZGC Phase Switch (0 events):
No events

VM Operations (14 events):
Event: 5.673 Executing VM operation: Cleanup
Event: 5.699 Executing VM operation: Cleanup done
Event: 6.435 Executing VM operation: HandshakeAllThreads (Deoptimize)
Event: 6.435 Executing VM operation: HandshakeAllThreads (Deoptimize) done
Event: 6.742 Executing VM operation: HandshakeAllThreads (Deoptimize)
Event: 6.742 Executing VM operation: HandshakeAllThreads (Deoptimize) done
Event: 6.742 Executing VM operation: Cleanup
Event: 6.742 Executing VM operation: Cleanup done
Event: 7.742 Executing VM operation: Cleanup
Event: 7.763 Executing VM operation: Cleanup done
Event: 9.512 Executing VM operation: G1CollectForAllocation (G1 Evacuation Pause)
Event: 12.904 Executing VM operation: G1CollectForAllocation (G1 Evacuation Pause) done
Event: 13.915 Executing VM operation: Cleanup
Event: 14.419 Executing VM operation: Cleanup done

Events (19 events):
Event: 0.361 Thread 0x000001927f8bd8a0 Thread added: 0x000001927f8bd8a0
Event: 1.691 Thread 0x000001921efd8ca0 Thread added: 0x000001921efd8ca0
Event: 1.691 Thread 0x000001921efd9aa0 Thread added: 0x000001921efd9aa0
Event: 1.692 Thread 0x000001921efde6c0 Thread added: 0x000001921efde6c0
Event: 1.692 Thread 0x000001921efdf110 Thread added: 0x000001921efdf110
Event: 1.692 Thread 0x000001921efdfb60 Thread added: 0x000001921efdfb60
Event: 1.692 Thread 0x000001921efe05b0 Thread added: 0x000001921efe05b0
Event: 1.692 Thread 0x000001921efe5750 Thread added: 0x000001921efe5750
Event: 1.802 Thread 0x000001921efe66f0 Thread added: 0x000001921efe66f0
Event: 1.977 Thread 0x000001921f054070 Thread added: 0x000001921f054070
Event: 1.981 Thread 0x000001921f05aca0 Thread added: 0x000001921f05aca0
Event: 6.443 Thread 0x000001921f3feec0 Thread added: 0x000001921f3feec0
Event: 6.751 Thread 0x000001921f3feec0 Thread exited: 0x000001921f3feec0
Event: 9.311 Thread 0x000001921fc28330 Thread added: 0x000001921fc28330
Event: 9.326 Thread 0x000001926502ba20 Thread added: 0x000001926502ba20
Event: 13.161 Thread 0x000001926502ba20 Thread exited: 0x000001926502ba20
Event: 13.161 Thread 0x000001921fc28330 Thread exited: 0x000001921fc28330
Event: 13.186 Thread 0x000001921faec6c0 Thread added: 0x000001921faec6c0
Event: 14.560 Thread 0x000001921faec6c0 Thread exited: 0x000001921faec6c0


Dynamic libraries:
0x00007ff703c60000 - 0x00007ff703c70000 	C:\Program Files\Java\jdk-21\bin\java.exe
0x00007ff9f5930000 - 0x00007ff9f5b28000 	C:\WINDOWS\SYSTEM32\ntdll.dll
0x00007ff9f5400000 - 0x00007ff9f54c2000 	C:\WINDOWS\System32\KERNEL32.DLL
0x00007ff9f3130000 - 0x00007ff9f3426000 	C:\WINDOWS\System32\KERNELBASE.dll
0x00007ff9f3820000 - 0x00007ff9f3920000 	C:\WINDOWS\System32\ucrtbase.dll
0x00007ff9e2300000 - 0x00007ff9e2319000 	C:\Program Files\Java\jdk-21\bin\jli.dll
0x00007ff9f3da0000 - 0x00007ff9f3e51000 	C:\WINDOWS\System32\ADVAPI32.dll
0x00007ff9f5820000 - 0x00007ff9f58be000 	C:\WINDOWS\System32\msvcrt.dll
0x00007ff9e31d0000 - 0x00007ff9e31eb000 	C:\Program Files\Java\jdk-21\bin\VCRUNTIME140.dll
0x00007ff9f4800000 - 0x00007ff9f489f000 	C:\WINDOWS\System32\sechost.dll
0x00007ff9f3c10000 - 0x00007ff9f3d30000 	C:\WINDOWS\System32\RPCRT4.dll
0x00007ff9f3560000 - 0x00007ff9f3587000 	C:\WINDOWS\System32\bcrypt.dll
0x00007ff9f3f40000 - 0x00007ff9f40e1000 	C:\WINDOWS\System32\USER32.dll
0x00007ff9f3100000 - 0x00007ff9f3122000 	C:\WINDOWS\System32\win32u.dll
0x00007ff9f47c0000 - 0x00007ff9f47eb000 	C:\WINDOWS\System32\GDI32.dll
0x00007ff9f2f90000 - 0x00007ff9f30a9000 	C:\WINDOWS\System32\gdi32full.dll
0x00007ff9f3590000 - 0x00007ff9f362d000 	C:\WINDOWS\System32\msvcp_win.dll
0x00007ff9e4da0000 - 0x00007ff9e503b000 	C:\WINDOWS\WinSxS\amd64_microsoft.windows.common-controls_6595b64144ccf1df_6.0.19041.6456_none_60b8a6cb71f64256\COMCTL32.dll
0x00007ff9ecd10000 - 0x00007ff9ecd1a000 	C:\WINDOWS\SYSTEM32\VERSION.dll
0x00007ff9f3f10000 - 0x00007ff9f3f3f000 	C:\WINDOWS\System32\IMM32.DLL
0x00007ff9ed3a0000 - 0x00007ff9ed3ac000 	C:\Program Files\Java\jdk-21\bin\vcruntime140_1.dll
0x00007ff9c7130000 - 0x00007ff9c71be000 	C:\Program Files\Java\jdk-21\bin\msvcp140.dll
0x00007ff98ebe0000 - 0x00007ff98f8fa000 	C:\Program Files\Java\jdk-21\bin\server\jvm.dll
0x00007ff9f4210000 - 0x00007ff9f427b000 	C:\WINDOWS\System32\WS2_32.dll
0x00007ff9f2df0000 - 0x00007ff9f2e3b000 	C:\WINDOWS\SYSTEM32\POWRPROF.dll
0x00007ff9e0140000 - 0x00007ff9e0167000 	C:\WINDOWS\SYSTEM32\WINMM.dll
0x00007ff9f2dd0000 - 0x00007ff9f2de2000 	C:\WINDOWS\SYSTEM32\UMPDC.dll
0x00007ff9f0dc0000 - 0x00007ff9f0dd2000 	C:\WINDOWS\SYSTEM32\kernel.appcore.dll
0x00007ff9ed370000 - 0x00007ff9ed37a000 	C:\Program Files\Java\jdk-21\bin\jimage.dll
0x00007ff9df840000 - 0x00007ff9dfa41000 	C:\WINDOWS\SYSTEM32\DBGHELP.DLL
0x00007ff9dd350000 - 0x00007ff9dd384000 	C:\WINDOWS\SYSTEM32\dbgcore.DLL
0x00007ff9f3630000 - 0x00007ff9f36b2000 	C:\WINDOWS\System32\bcryptPrimitives.dll
0x00007ff9e0be0000 - 0x00007ff9e0bff000 	C:\Program Files\Java\jdk-21\bin\java.dll
0x00007ff9f4930000 - 0x00007ff9f50a0000 	C:\WINDOWS\System32\SHELL32.dll
0x00007ff9f0fc0000 - 0x00007ff9f1765000 	C:\WINDOWS\SYSTEM32\windows.storage.dll
0x00007ff9f50a0000 - 0x00007ff9f53f4000 	C:\WINDOWS\System32\combase.dll
0x00007ff9f28e0000 - 0x00007ff9f290b000 	C:\WINDOWS\SYSTEM32\Wldp.dll
0x00007ff9f46f0000 - 0x00007ff9f47bd000 	C:\WINDOWS\System32\OLEAUT32.dll
0x00007ff9f3920000 - 0x00007ff9f39cd000 	C:\WINDOWS\System32\SHCORE.dll
0x00007ff9f57c0000 - 0x00007ff9f581b000 	C:\WINDOWS\System32\shlwapi.dll
0x00007ff9f2ec0000 - 0x00007ff9f2ee4000 	C:\WINDOWS\SYSTEM32\profapi.dll
0x00007ff9ebd20000 - 0x00007ff9ebd30000 	C:\Program Files\Java\jdk-21\bin\net.dll
0x00007ff9ec950000 - 0x00007ff9eca5a000 	C:\WINDOWS\SYSTEM32\WINHTTP.dll
0x00007ff9f25f0000 - 0x00007ff9f265a000 	C:\WINDOWS\system32\mswsock.dll
0x00007ff9ab440000 - 0x00007ff9ab517000 	C:\Program Files\Java\jdk-21\bin\jsvml.dll
0x00007ff9dbf20000 - 0x00007ff9dbf36000 	C:\Program Files\Java\jdk-21\bin\nio.dll
0x00007ff9d8a60000 - 0x00007ff9d8a78000 	C:\Program Files\Java\jdk-21\bin\zip.dll
0x00007ff9d0da0000 - 0x00007ff9d0dc4000 	C:\Users\2oleg\Downloads\apache-maven-3.9.11-bin\apache-maven-3.9.11\lib\jansi-native\Windows\x86_64\jansi.dll
0x00007ff9e8580000 - 0x00007ff9e8590000 	C:\Program Files\Java\jdk-21\bin\verify.dll

dbghelp: loaded successfully - version: 4.0.5 - missing functions: none
symbol engine: initialized successfully - sym options: 0x614 - pdb path: .;C:\Program Files\Java\jdk-21\bin;C:\WINDOWS\SYSTEM32;C:\WINDOWS\WinSxS\amd64_microsoft.windows.common-controls_6595b64144ccf1df_6.0.19041.6456_none_60b8a6cb71f64256;C:\Program Files\Java\jdk-21\bin\server;C:\Users\2oleg\Downloads\apache-maven-3.9.11-bin\apache-maven-3.9.11\lib\jansi-native\Windows\x86_64

VM Arguments:
jvm_args: --enable-native-access=ALL-UNNAMED -Dclassworlds.conf=C:\Users\2oleg\Downloads\apache-maven-3.9.11-bin\apache-maven-3.9.11\bin\m2.conf -Dmaven.home=C:\Users\2oleg\Downloads\apache-maven-3.9.11-bin\apache-maven-3.9.11 -Dlibrary.jansi.path=C:\Users\2oleg\Downloads\apache-maven-3.9.11-bin\apache-maven-3.9.11\lib\jansi-native -Dmaven.multiModuleProjectDirectory=C:\Users\2oleg\Downloads\Telegram Desktop\Kefir\Backend\TransactionSaga 
java_command: org.codehaus.plexus.classworlds.launcher.Launcher spring-boot:run -Dserver.port=8090 -DskipTests
java_class_path (initial): C:\Users\2oleg\Downloads\apache-maven-3.9.11-bin\apache-maven-3.9.11\boot\plexus-classworlds-2.9.0.jar
Launcher Type: SUN_STANDARD

[Global flags]
     intx CICompilerCount                          = 4                                         {product} {ergonomic}
     uint ConcGCThreads                            = 2                                         {product} {ergonomic}
     uint G1ConcRefinementThreads                  = 8                                         {product} {ergonomic}
   size_t G1HeapRegionSize                         = 2097152                                   {product} {ergonomic}
    uintx GCDrainStackTargetSize                   = 64                                        {product} {ergonomic}
   size_t InitialHeapSize                          = 192937984                                 {product} {ergonomic}
   size_t MarkStackSize                            = 4194304                                   {product} {ergonomic}
   size_t MaxHeapSize                              = 3074424832                                {product} {ergonomic}
   size_t MaxNewSize                               = 1843396608                                {product} {ergonomic}
   size_t MinHeapDeltaBytes                        = 2097152                                   {product} {ergonomic}
   size_t MinHeapSize                              = 8388608                                   {product} {ergonomic}
    uintx NonNMethodCodeHeapSize                   = 5839372                                {pd product} {ergonomic}
    uintx NonProfiledCodeHeapSize                  = 122909434                              {pd product} {ergonomic}
    uintx ProfiledCodeHeapSize                     = 122909434                              {pd product} {ergonomic}
    uintx ReservedCodeCacheSize                    = 251658240                              {pd product} {ergonomic}
     bool SegmentedCodeCache                       = true                                      {product} {ergonomic}
   size_t SoftMaxHeapSize                          = 3074424832                             {manageable} {ergonomic}
     bool UseCompressedOops                        = true                           {product lp64_product} {ergonomic}
     bool UseG1GC                                  = true                                      {product} {ergonomic}
     bool UseLargePagesIndividualAllocation        = false                                  {pd product} {ergonomic}

Logging:
Log output configuration:
 #0: stdout all=warning uptime,level,tags foldmultilines=false
 #1: stderr all=off uptime,level,tags foldmultilines=false

Environment Variables:
JAVA_HOME=C:\Program Files\Java\jdk-21
PATH=C:\Program Files\Common Files\Oracle\Java\javapath;C:\Program Files (x86)\Cuminas\Document Express DjVu Plug-in\;C:\Program Files (x86)\Razer Chroma SDK\bin;C:\Program Files\Razer Chroma SDK\bin;C:\WINDOWS\system32;C:\WINDOWS;C:\WINDOWS\System32\Wbem;C:\WINDOWS\System32\WindowsPowerShell\v1.0\;C:\WINDOWS\System32\OpenSSH\;C:\Program Files (x86)\NVIDIA Corporation\PhysX\Common;C:\WINDOWS\system32\config\systemprofile\AppData\Local\Microsoft\WindowsApps;C:\Program Files (x86)\Razer\ChromaBroadcast\bin;C:\Program Files\Razer\ChromaBroadcast\bin;C:\Users\2oleg\AppData\Local\Microsoft\WindowsApps;C:\Program Files\JetBrains\IntelliJ IDEA Community Edition 2024.3\bin;C:\Users\2oleg\AppData\Local\Programs\Microsoft VS Code\bin;C:\Program Files\Docker\Docker\resources\bin;C:\Users\2oleg\Downloads\curl-8.16.0_6-win64-mingw.zip\curl-8.16.0_6-win64-mingw\bin;C:\Users\2oleg\Downloads\curl-8.16.0_6-win64-mingw\curl-8.16.0_6-win64-mingw\bin;C:\Users\2oleg\Downloads\apache-maven-3.9.11-bin\apache-maven-3.9.11\bin;C:\ProgramData\chocolatey\bin;C:\Users\2oleg\AppData\Roaming\Cloud Foundry;C:\Program Files\Git\cmd;C:\Program Files\nodejs\;C:\Users\2oleg\AppData\Local\Muse Hub\lib;C:\Users\2oleg\AppData\Local\Microsoft\WindowsApps;C:\Program Files\JetBrains\IntelliJ IDEA Community Edition 2025.2.4\bin;C:\Users\2oleg\AppData\Local\Programs\Microsoft VS Code\bin;C:\Program Files\jq.exe;C:\Users\2oleg\AppData\Local\Microsoft\WinGet\Packages\jqlang.jq_Microsoft.Winget.Source_8wekyb3d8bbwe;C:\Program Files\Java\jdk-24;C:\Users\2oleg\Downloads\gradle-9.0.0-bin\gradle-9.0.0\bin;C:\Program Files\Docker\Docker\resources\bin;C:\Users\2oleg\AppData\Local\GitHubDesktop\bin;C:\Users\2oleg\AppData\Roaming\npm
USERNAME=2oleg
OS=Windows_NT
PROCESSOR_IDENTIFIER=Intel64 Family 6 Model 60 Stepping 3, GenuineIntel
TMP=C:\Users\2oleg\AppData\Local\Temp
TEMP=C:\Users\2oleg\AppData\Local\Temp




Periodic native trim disabled

---------------  S Y S T E M  ---------------

OS:
 Windows 10 , 64 bit Build 19041 (10.0.19041.5915)
OS uptime: 10 days 12:23 hours
Hyper-V role detected

CPU: total 8 (initial active 8) (4 cores per cpu, 2 threads per core) family 6 model 60 stepping 3 microcode 0x27, cx8, cmov, fxsr, ht, mmx, sse, sse2, sse3, ssse3, sse4.1, sse4.2, popcnt, lzcnt, tsc, tscinvbit, avx, avx2, aes, erms, clmul, bmi1, bmi2, fma, vzeroupper, clflush, hv, rdtscp, f16c
Processor Information for all 8 processors :
  Max Mhz: 2401, Current Mhz: 2401, Mhz Limit: 2401

Memory: 4k page, system-wide physical 11723M (2959M free)
TotalPageFile size 23723M (AvailPageFile size 2724M)
current process WorkingSet (physical memory assigned to process): 81M, peak: 81M
current process commit charge ("private bytes"): 282M, peak: 284M

vm_info: Java HotSpot(TM) 64-Bit Server VM (21.0.7+8-LTS-245) for windows-amd64 JRE (21.0.7+8-LTS-245), built on 2025-02-21T05:11:27Z by "mach5one" with MS VC++ 17.6 (VS2022)

END.
