#
# There is insufficient memory for the Java Runtime Environment to continue.
# Native memory allocation (malloc) failed to allocate 988432 bytes for Chunk::new
# Possible reasons:
#   The system is out of physical RAM or swap space
#   The process is running with CompressedOops enabled, and the Java Heap may be blocking the growth of the native heap
# Possible solutions:
#   Reduce memory load on the system
#   Increase physical memory or swap space
#   Check if swap backing store is full
#   Decrease Java heap size (-Xmx/-Xms)
#   Decrease number of Java threads
#   Decrease Java thread stack sizes (-Xss)
#   Set larger code cache with -XX:ReservedCodeCacheSize=
#   JVM is running with Zero Based Compressed Oops mode in which the Java heap is
#     placed in the first 32GB address space. The Java Heap base address is the
#     maximum limit for the native heap growth. Please use -XX:HeapBaseMinAddress
#     to set the Java Heap base and to place the Java Heap above 32GB virtual address.
# This output file may be truncated or incomplete.
#
#  Out of Memory Error (arena.cpp:168), pid=32336, tid=31016
#
# JRE version: Java(TM) SE Runtime Environment (21.0.7+8) (build 21.0.7+8-LTS-245)
# Java VM: Java HotSpot(TM) 64-Bit Server VM (21.0.7+8-LTS-245, mixed mode, sharing, tiered, compressed oops, compressed class ptrs, g1 gc, windows-amd64)
# No core dump will be written. Minidumps are not enabled by default on client versions of Windows
#

---------------  S U M M A R Y ------------

Command Line: --enable-native-access=ALL-UNNAMED -Dclassworlds.conf=C:\Users\2oleg\Downloads\apache-maven-3.9.11-bin\apache-maven-3.9.11\bin\m2.conf -Dmaven.home=C:\Users\2oleg\Downloads\apache-maven-3.9.11-bin\apache-maven-3.9.11 -Dlibrary.jansi.path=C:\Users\2oleg\Downloads\apache-maven-3.9.11-bin\apache-maven-3.9.11\lib\jansi-native -Dmaven.multiModuleProjectDirectory=C:\Users\2oleg\Downloads\Telegram Desktop\Kefir\Backend\TransactionSaga org.codehaus.plexus.classworlds.launcher.Launcher spring-boot:run -Dserver.port=8090 -DskipTests

Host: Intel(R) Core(TM) i7-4700HQ CPU @ 2.40GHz, 8 cores, 11G,  Windows 10 , 64 bit Build 19041 (10.0.19041.5915)
Time: Sat Dec 13 01:37:08 2025 RTZ 2 (s 10 , 64 bit Build 19041 (10.0.19041.5915) elapsed time: 51.436820 seconds (0d 0h 0m 51s)

---------------  T H R E A D  ---------------

Current thread (0x0000026bae5d3230):  JavaThread "C2 CompilerThread0" daemon [_thread_in_native, id=31016, stack(0x00000080ab700000,0x00000080ab800000) (1024K)]


Current CompileTask:
C2:  51436 4633       4       java.io.BufferedReader::implReadLine (301 bytes)

Stack: [0x00000080ab700000,0x00000080ab800000]
Native frames: (J=compiled Java code, j=interpreted, Vv=VM code, C=native code)
V  [jvm.dll+0x6cae19]
V  [jvm.dll+0x855741]
V  [jvm.dll+0x857c6e]
V  [jvm.dll+0x858343]
V  [jvm.dll+0x27e0b6]
V  [jvm.dll+0xc4ecd]
V  [jvm.dll+0xc5403]
V  [jvm.dll+0x3b578c]
V  [jvm.dll+0x1dfa19]
V  [jvm.dll+0x246c82]
V  [jvm.dll+0x24610f]
V  [jvm.dll+0x1c6efe]
V  [jvm.dll+0x255819]
V  [jvm.dll+0x253daa]
V  [jvm.dll+0x3eebb6]
V  [jvm.dll+0x7ffa1b]
V  [jvm.dll+0x6c94fd]
C  [ucrtbase.dll+0x21bb2]
C  [KERNEL32.DLL+0x17374]
C  [ntdll.dll+0x4cc91]


---------------  P R O C E S S  ---------------

Threads class SMR info:
_java_thread_list=0x0000026bf42eb730, length=12, elements={
0x0000026b8e852ce0, 0x0000026bae5c8690, 0x0000026bae5c9490, 0x0000026bae5cc1a0,
0x0000026bae5ccbf0, 0x0000026bae5cfa50, 0x0000026bae5d04a0, 0x0000026bae5d3230,
0x0000026bae63ed10, 0x0000026bae7bb3d0, 0x0000026bae7bdc00, 0x0000026bf4503e00
}

Java Threads: ( => current thread )
  0x0000026b8e852ce0 JavaThread "main"                              [_thread_in_native, id=32668, stack(0x00000080aa900000,0x00000080aaa00000) (1024K)]
  0x0000026bae5c8690 JavaThread "Reference Handler"          daemon [_thread_blocked, id=31156, stack(0x00000080ab100000,0x00000080ab200000) (1024K)]
  0x0000026bae5c9490 JavaThread "Finalizer"                  daemon [_thread_blocked, id=28112, stack(0x00000080ab200000,0x00000080ab300000) (1024K)]
  0x0000026bae5cc1a0 JavaThread "Signal Dispatcher"          daemon [_thread_blocked, id=31056, stack(0x00000080ab300000,0x00000080ab400000) (1024K)]
  0x0000026bae5ccbf0 JavaThread "Attach Listener"            daemon [_thread_blocked, id=30772, stack(0x00000080ab400000,0x00000080ab500000) (1024K)]
  0x0000026bae5cfa50 JavaThread "Service Thread"             daemon [_thread_blocked, id=30932, stack(0x00000080ab500000,0x00000080ab600000) (1024K)]
  0x0000026bae5d04a0 JavaThread "Monitor Deflation Thread"   daemon [_thread_blocked, id=26020, stack(0x00000080ab600000,0x00000080ab700000) (1024K)]
=>0x0000026bae5d3230 JavaThread "C2 CompilerThread0"         daemon [_thread_in_native, id=31016, stack(0x00000080ab700000,0x00000080ab800000) (1024K)]
  0x0000026bae63ed10 JavaThread "C1 CompilerThread0"         daemon [_thread_blocked, id=30784, stack(0x00000080ab800000,0x00000080ab900000) (1024K)]
  0x0000026bae7bb3d0 JavaThread "Notification Thread"        daemon [_thread_blocked, id=31140, stack(0x00000080ab900000,0x00000080aba00000) (1024K)]
  0x0000026bae7bdc00 JavaThread "Common-Cleaner"             daemon [_thread_blocked, id=30528, stack(0x00000080aba00000,0x00000080abb00000) (1024K)]
  0x0000026bf4503e00 JavaThread "Thread-1"                   daemon [_thread_blocked, id=28656, stack(0x00000080abb00000,0x00000080abc00000) (1024K)]
Total: 12

Other Threads:
  0x0000026bae5ab6f0 VMThread "VM Thread"                           [id=32756, stack(0x00000080ab000000,0x00000080ab100000) (1024K)]
  0x0000026bae598e20 WatcherThread "VM Periodic Task Thread"        [id=32752, stack(0x00000080aaf00000,0x00000080ab000000) (1024K)]
  0x0000026b90aed920 WorkerThread "GC Thread#0"                     [id=32708, stack(0x00000080aaa00000,0x00000080aab00000) (1024K)]
  0x0000026bf4749f20 WorkerThread "GC Thread#1"                     [id=32584, stack(0x00000080abd00000,0x00000080abe00000) (1024K)]
  0x0000026bf474a2c0 WorkerThread "GC Thread#2"                     [id=32588, stack(0x00000080abe00000,0x00000080abf00000) (1024K)]
  0x0000026bf47655b0 WorkerThread "GC Thread#3"                     [id=32592, stack(0x00000080abf00000,0x00000080ac000000) (1024K)]
  0x0000026bf4767610 WorkerThread "GC Thread#4"                     [id=20552, stack(0x00000080ac000000,0x00000080ac100000) (1024K)]
  0x0000026bf4620b20 WorkerThread "GC Thread#5"                     [id=22000, stack(0x00000080ac100000,0x00000080ac200000) (1024K)]
  0x0000026bf4621740 WorkerThread "GC Thread#6"                     [id=26472, stack(0x00000080ac200000,0x00000080ac300000) (1024K)]
  0x0000026bf4621ae0 WorkerThread "GC Thread#7"                     [id=10292, stack(0x00000080ac300000,0x00000080ac400000) (1024K)]
  0x0000026b90afa040 ConcurrentGCThread "G1 Main Marker"            [id=32712, stack(0x00000080aab00000,0x00000080aac00000) (1024K)]
  0x0000026b90afab40 WorkerThread "G1 Conc#0"                       [id=32716, stack(0x00000080aac00000,0x00000080aad00000) (1024K)]
  0x0000026bae470090 ConcurrentGCThread "G1 Refine#0"               [id=32720, stack(0x00000080aad00000,0x00000080aae00000) (1024K)]
  0x0000026bae470c00 ConcurrentGCThread "G1 Service"                [id=32724, stack(0x00000080aae00000,0x00000080aaf00000) (1024K)]
Total: 14

Threads with active compile tasks:
C2 CompilerThread0    51473 4633       4       java.io.BufferedReader::implReadLine (301 bytes)
Total: 1

VM state: not at safepoint (normal execution)

VM Mutex/Monitor currently owned by a thread: None

Heap address: 0x0000000748c00000, size: 2932 MB, Compressed Oops mode: Zero based, Oop shift amount: 3

CDS archive(s) mapped at: [0x0000026baf000000-0x0000026bafc90000-0x0000026bafc90000), size 13172736, SharedBaseAddress: 0x0000026baf000000, ArchiveRelocationMode: 1.
Compressed class space mapped at: 0x0000026bb0000000-0x0000026bf0000000, reserved size: 1073741824
Narrow klass base: 0x0000026baf000000, Narrow klass shift: 0, Narrow klass range: 0x100000000

GC Precious Log:
 CardTable entry size: 512
 Card Set container configuration: InlinePtr #cards 4 size 8 Array Of Cards #cards 16 size 48 Howl #buckets 8 coarsen threshold 3686 Howl Bitmap #cards 512 size 80 coarsen threshold 460 Card regions per heap region 1 cards per card region 4096
 CPUs: 8 total, 8 available
 Memory: 11723M
 Large Page Support: Disabled
 NUMA Support: Disabled
 Compressed Oops: Enabled (Zero based)
 Heap Region Size: 2M
 Heap Min Capacity: 8M
 Heap Initial Capacity: 184M
 Heap Max Capacity: 2932M
 Pre-touch: Disabled
 Parallel Workers: 8
 Concurrent Workers: 2
 Concurrent Refinement Workers: 8
 Periodic GC: Disabled

Heap:
 garbage-first heap   total 188416K, used 49166K [0x0000000748c00000, 0x0000000800000000)
  region size 2048K, 24 young (49152K), 7 survivors (14336K)
 Metaspace       used 16640K, committed 16896K, reserved 1114112K
  class space    used 1853K, committed 1984K, reserved 1048576K

Heap Regions: E=young(eden), S=young(survivor), O=old, HS=humongous(starts), HC=humongous(continues), CS=collection set, F=free, TAMS=top-at-mark-start, PB=parsable bottom
|   0|0x0000000748c00000, 0x0000000748e00000, 0x0000000748e00000|100%| O|  |TAMS 0x0000000748c00000| PB 0x0000000748c00000| Untracked 
|   1|0x0000000748e00000, 0x0000000748fa5338, 0x0000000749000000| 82%| O|  |TAMS 0x0000000748e00000| PB 0x0000000748e00000| Untracked 
|   2|0x0000000749000000, 0x0000000749000000, 0x0000000749200000|  0%| F|  |TAMS 0x0000000749000000| PB 0x0000000749000000| Untracked 
|   3|0x0000000749200000, 0x0000000749200000, 0x0000000749400000|  0%| F|  |TAMS 0x0000000749200000| PB 0x0000000749200000| Untracked 
|   4|0x0000000749400000, 0x0000000749400000, 0x0000000749600000|  0%| F|  |TAMS 0x0000000749400000| PB 0x0000000749400000| Untracked 
|   5|0x0000000749600000, 0x0000000749600000, 0x0000000749800000|  0%| F|  |TAMS 0x0000000749600000| PB 0x0000000749600000| Untracked 
|   6|0x0000000749800000, 0x0000000749800000, 0x0000000749a00000|  0%| F|  |TAMS 0x0000000749800000| PB 0x0000000749800000| Untracked 
|   7|0x0000000749a00000, 0x0000000749a00000, 0x0000000749c00000|  0%| F|  |TAMS 0x0000000749a00000| PB 0x0000000749a00000| Untracked 
|   8|0x0000000749c00000, 0x0000000749c00000, 0x0000000749e00000|  0%| F|  |TAMS 0x0000000749c00000| PB 0x0000000749c00000| Untracked 
|   9|0x0000000749e00000, 0x0000000749e00000, 0x000000074a000000|  0%| F|  |TAMS 0x0000000749e00000| PB 0x0000000749e00000| Untracked 
|  10|0x000000074a000000, 0x000000074a000000, 0x000000074a200000|  0%| F|  |TAMS 0x000000074a000000| PB 0x000000074a000000| Untracked 
|  11|0x000000074a200000, 0x000000074a200000, 0x000000074a400000|  0%| F|  |TAMS 0x000000074a200000| PB 0x000000074a200000| Untracked 
|  12|0x000000074a400000, 0x000000074a400000, 0x000000074a600000|  0%| F|  |TAMS 0x000000074a400000| PB 0x000000074a400000| Untracked 
|  13|0x000000074a600000, 0x000000074a600000, 0x000000074a800000|  0%| F|  |TAMS 0x000000074a600000| PB 0x000000074a600000| Untracked 
|  14|0x000000074a800000, 0x000000074a800000, 0x000000074aa00000|  0%| F|  |TAMS 0x000000074a800000| PB 0x000000074a800000| Untracked 
|  15|0x000000074aa00000, 0x000000074aa00000, 0x000000074ac00000|  0%| F|  |TAMS 0x000000074aa00000| PB 0x000000074aa00000| Untracked 
|  16|0x000000074ac00000, 0x000000074ac00000, 0x000000074ae00000|  0%| F|  |TAMS 0x000000074ac00000| PB 0x000000074ac00000| Untracked 
|  17|0x000000074ae00000, 0x000000074ae00000, 0x000000074b000000|  0%| F|  |TAMS 0x000000074ae00000| PB 0x000000074ae00000| Untracked 
|  18|0x000000074b000000, 0x000000074b000000, 0x000000074b200000|  0%| F|  |TAMS 0x000000074b000000| PB 0x000000074b000000| Untracked 
|  19|0x000000074b200000, 0x000000074b200000, 0x000000074b400000|  0%| F|  |TAMS 0x000000074b200000| PB 0x000000074b200000| Untracked 
|  20|0x000000074b400000, 0x000000074b400000, 0x000000074b600000|  0%| F|  |TAMS 0x000000074b400000| PB 0x000000074b400000| Untracked 
|  21|0x000000074b600000, 0x000000074b600000, 0x000000074b800000|  0%| F|  |TAMS 0x000000074b600000| PB 0x000000074b600000| Untracked 
|  22|0x000000074b800000, 0x000000074b800000, 0x000000074ba00000|  0%| F|  |TAMS 0x000000074b800000| PB 0x000000074b800000| Untracked 
|  23|0x000000074ba00000, 0x000000074ba00000, 0x000000074bc00000|  0%| F|  |TAMS 0x000000074ba00000| PB 0x000000074ba00000| Untracked 
|  24|0x000000074bc00000, 0x000000074bc00000, 0x000000074be00000|  0%| F|  |TAMS 0x000000074bc00000| PB 0x000000074bc00000| Untracked 
|  25|0x000000074be00000, 0x000000074be00000, 0x000000074c000000|  0%| F|  |TAMS 0x000000074be00000| PB 0x000000074be00000| Untracked 
|  26|0x000000074c000000, 0x000000074c000000, 0x000000074c200000|  0%| F|  |TAMS 0x000000074c000000| PB 0x000000074c000000| Untracked 
|  27|0x000000074c200000, 0x000000074c200000, 0x000000074c400000|  0%| F|  |TAMS 0x000000074c200000| PB 0x000000074c200000| Untracked 
|  28|0x000000074c400000, 0x000000074c400000, 0x000000074c600000|  0%| F|  |TAMS 0x000000074c400000| PB 0x000000074c400000| Untracked 
|  29|0x000000074c600000, 0x000000074c600000, 0x000000074c800000|  0%| F|  |TAMS 0x000000074c600000| PB 0x000000074c600000| Untracked 
|  30|0x000000074c800000, 0x000000074c85e680, 0x000000074ca00000| 18%| S|CS|TAMS 0x000000074c800000| PB 0x000000074c800000| Complete 
|  31|0x000000074ca00000, 0x000000074cc00000, 0x000000074cc00000|100%| S|CS|TAMS 0x000000074ca00000| PB 0x000000074ca00000| Complete 
|  32|0x000000074cc00000, 0x000000074ce00000, 0x000000074ce00000|100%| S|CS|TAMS 0x000000074cc00000| PB 0x000000074cc00000| Complete 
|  33|0x000000074ce00000, 0x000000074d000000, 0x000000074d000000|100%| S|CS|TAMS 0x000000074ce00000| PB 0x000000074ce00000| Complete 
|  34|0x000000074d000000, 0x000000074d200000, 0x000000074d200000|100%| S|CS|TAMS 0x000000074d000000| PB 0x000000074d000000| Complete 
|  35|0x000000074d200000, 0x000000074d400000, 0x000000074d400000|100%| S|CS|TAMS 0x000000074d200000| PB 0x000000074d200000| Complete 
|  36|0x000000074d400000, 0x000000074d600000, 0x000000074d600000|100%| S|CS|TAMS 0x000000074d400000| PB 0x000000074d400000| Complete 
|  37|0x000000074d600000, 0x000000074d600000, 0x000000074d800000|  0%| F|  |TAMS 0x000000074d600000| PB 0x000000074d600000| Untracked 
|  38|0x000000074d800000, 0x000000074d800000, 0x000000074da00000|  0%| F|  |TAMS 0x000000074d800000| PB 0x000000074d800000| Untracked 
|  39|0x000000074da00000, 0x000000074da00000, 0x000000074dc00000|  0%| F|  |TAMS 0x000000074da00000| PB 0x000000074da00000| Untracked 
|  40|0x000000074dc00000, 0x000000074dc00000, 0x000000074de00000|  0%| F|  |TAMS 0x000000074dc00000| PB 0x000000074dc00000| Untracked 
|  41|0x000000074de00000, 0x000000074de00000, 0x000000074e000000|  0%| F|  |TAMS 0x000000074de00000| PB 0x000000074de00000| Untracked 
|  42|0x000000074e000000, 0x000000074e000000, 0x000000074e200000|  0%| F|  |TAMS 0x000000074e000000| PB 0x000000074e000000| Untracked 
|  43|0x000000074e200000, 0x000000074e200000, 0x000000074e400000|  0%| F|  |TAMS 0x000000074e200000| PB 0x000000074e200000| Untracked 
|  44|0x000000074e400000, 0x000000074e400000, 0x000000074e600000|  0%| F|  |TAMS 0x000000074e400000| PB 0x000000074e400000| Untracked 
|  45|0x000000074e600000, 0x000000074e600000, 0x000000074e800000|  0%| F|  |TAMS 0x000000074e600000| PB 0x000000074e600000| Untracked 
|  46|0x000000074e800000, 0x000000074e800000, 0x000000074ea00000|  0%| F|  |TAMS 0x000000074e800000| PB 0x000000074e800000| Untracked 
|  47|0x000000074ea00000, 0x000000074ea00000, 0x000000074ec00000|  0%| F|  |TAMS 0x000000074ea00000| PB 0x000000074ea00000| Untracked 
|  48|0x000000074ec00000, 0x000000074ec00000, 0x000000074ee00000|  0%| F|  |TAMS 0x000000074ec00000| PB 0x000000074ec00000| Untracked 
|  49|0x000000074ee00000, 0x000000074ee00000, 0x000000074f000000|  0%| F|  |TAMS 0x000000074ee00000| PB 0x000000074ee00000| Untracked 
|  50|0x000000074f000000, 0x000000074f000000, 0x000000074f200000|  0%| F|  |TAMS 0x000000074f000000| PB 0x000000074f000000| Untracked 
|  51|0x000000074f200000, 0x000000074f200000, 0x000000074f400000|  0%| F|  |TAMS 0x000000074f200000| PB 0x000000074f200000| Untracked 
|  52|0x000000074f400000, 0x000000074f400000, 0x000000074f600000|  0%| F|  |TAMS 0x000000074f400000| PB 0x000000074f400000| Untracked 
|  53|0x000000074f600000, 0x000000074f600000, 0x000000074f800000|  0%| F|  |TAMS 0x000000074f600000| PB 0x000000074f600000| Untracked 
|  54|0x000000074f800000, 0x000000074f800000, 0x000000074fa00000|  0%| F|  |TAMS 0x000000074f800000| PB 0x000000074f800000| Untracked 
|  55|0x000000074fa00000, 0x000000074fa00000, 0x000000074fc00000|  0%| F|  |TAMS 0x000000074fa00000| PB 0x000000074fa00000| Untracked 
|  56|0x000000074fc00000, 0x000000074fc00000, 0x000000074fe00000|  0%| F|  |TAMS 0x000000074fc00000| PB 0x000000074fc00000| Untracked 
|  57|0x000000074fe00000, 0x000000074fe00000, 0x0000000750000000|  0%| F|  |TAMS 0x000000074fe00000| PB 0x000000074fe00000| Untracked 
|  58|0x0000000750000000, 0x0000000750000000, 0x0000000750200000|  0%| F|  |TAMS 0x0000000750000000| PB 0x0000000750000000| Untracked 
|  59|0x0000000750200000, 0x0000000750200000, 0x0000000750400000|  0%| F|  |TAMS 0x0000000750200000| PB 0x0000000750200000| Untracked 
|  60|0x0000000750400000, 0x0000000750400000, 0x0000000750600000|  0%| F|  |TAMS 0x0000000750400000| PB 0x0000000750400000| Untracked 
|  61|0x0000000750600000, 0x0000000750600000, 0x0000000750800000|  0%| F|  |TAMS 0x0000000750600000| PB 0x0000000750600000| Untracked 
|  62|0x0000000750800000, 0x0000000750800000, 0x0000000750a00000|  0%| F|  |TAMS 0x0000000750800000| PB 0x0000000750800000| Untracked 
|  63|0x0000000750a00000, 0x0000000750a00000, 0x0000000750c00000|  0%| F|  |TAMS 0x0000000750a00000| PB 0x0000000750a00000| Untracked 
|  64|0x0000000750c00000, 0x0000000750c00000, 0x0000000750e00000|  0%| F|  |TAMS 0x0000000750c00000| PB 0x0000000750c00000| Untracked 
|  65|0x0000000750e00000, 0x0000000750e00000, 0x0000000751000000|  0%| F|  |TAMS 0x0000000750e00000| PB 0x0000000750e00000| Untracked 
|  66|0x0000000751000000, 0x0000000751000000, 0x0000000751200000|  0%| F|  |TAMS 0x0000000751000000| PB 0x0000000751000000| Untracked 
|  67|0x0000000751200000, 0x0000000751200000, 0x0000000751400000|  0%| F|  |TAMS 0x0000000751200000| PB 0x0000000751200000| Untracked 
|  68|0x0000000751400000, 0x0000000751400000, 0x0000000751600000|  0%| F|  |TAMS 0x0000000751400000| PB 0x0000000751400000| Untracked 
|  69|0x0000000751600000, 0x0000000751600000, 0x0000000751800000|  0%| F|  |TAMS 0x0000000751600000| PB 0x0000000751600000| Untracked 
|  70|0x0000000751800000, 0x0000000751800000, 0x0000000751a00000|  0%| F|  |TAMS 0x0000000751800000| PB 0x0000000751800000| Untracked 
|  71|0x0000000751a00000, 0x0000000751a00000, 0x0000000751c00000|  0%| F|  |TAMS 0x0000000751a00000| PB 0x0000000751a00000| Untracked 
|  72|0x0000000751c00000, 0x0000000751c00000, 0x0000000751e00000|  0%| F|  |TAMS 0x0000000751c00000| PB 0x0000000751c00000| Untracked 
|  73|0x0000000751e00000, 0x0000000751e00000, 0x0000000752000000|  0%| F|  |TAMS 0x0000000751e00000| PB 0x0000000751e00000| Untracked 
|  74|0x0000000752000000, 0x0000000752000000, 0x0000000752200000|  0%| F|  |TAMS 0x0000000752000000| PB 0x0000000752000000| Untracked 
|  75|0x0000000752200000, 0x0000000752300000, 0x0000000752400000| 50%| E|  |TAMS 0x0000000752200000| PB 0x0000000752200000| Complete 
|  76|0x0000000752400000, 0x0000000752600000, 0x0000000752600000|100%| E|CS|TAMS 0x0000000752400000| PB 0x0000000752400000| Complete 
|  77|0x0000000752600000, 0x0000000752800000, 0x0000000752800000|100%| E|CS|TAMS 0x0000000752600000| PB 0x0000000752600000| Complete 
|  78|0x0000000752800000, 0x0000000752a00000, 0x0000000752a00000|100%| E|CS|TAMS 0x0000000752800000| PB 0x0000000752800000| Complete 
|  79|0x0000000752a00000, 0x0000000752c00000, 0x0000000752c00000|100%| E|CS|TAMS 0x0000000752a00000| PB 0x0000000752a00000| Complete 
|  80|0x0000000752c00000, 0x0000000752e00000, 0x0000000752e00000|100%| E|CS|TAMS 0x0000000752c00000| PB 0x0000000752c00000| Complete 
|  81|0x0000000752e00000, 0x0000000753000000, 0x0000000753000000|100%| E|CS|TAMS 0x0000000752e00000| PB 0x0000000752e00000| Complete 
|  82|0x0000000753000000, 0x0000000753200000, 0x0000000753200000|100%| E|CS|TAMS 0x0000000753000000| PB 0x0000000753000000| Complete 
|  83|0x0000000753200000, 0x0000000753400000, 0x0000000753400000|100%| E|CS|TAMS 0x0000000753200000| PB 0x0000000753200000| Complete 
|  84|0x0000000753400000, 0x0000000753600000, 0x0000000753600000|100%| E|CS|TAMS 0x0000000753400000| PB 0x0000000753400000| Complete 
|  85|0x0000000753600000, 0x0000000753800000, 0x0000000753800000|100%| E|CS|TAMS 0x0000000753600000| PB 0x0000000753600000| Complete 
|  86|0x0000000753800000, 0x0000000753a00000, 0x0000000753a00000|100%| E|CS|TAMS 0x0000000753800000| PB 0x0000000753800000| Complete 
|  87|0x0000000753a00000, 0x0000000753c00000, 0x0000000753c00000|100%| E|CS|TAMS 0x0000000753a00000| PB 0x0000000753a00000| Complete 
|  88|0x0000000753c00000, 0x0000000753e00000, 0x0000000753e00000|100%| E|CS|TAMS 0x0000000753c00000| PB 0x0000000753c00000| Complete 
|  89|0x0000000753e00000, 0x0000000754000000, 0x0000000754000000|100%| E|CS|TAMS 0x0000000753e00000| PB 0x0000000753e00000| Complete 
|  90|0x0000000754000000, 0x0000000754200000, 0x0000000754200000|100%| E|CS|TAMS 0x0000000754000000| PB 0x0000000754000000| Complete 
|  91|0x0000000754200000, 0x0000000754400000, 0x0000000754400000|100%| E|CS|TAMS 0x0000000754200000| PB 0x0000000754200000| Complete 

Card table byte_map: [0x0000026ba8840000,0x0000026ba8e00000] _byte_map_base: 0x0000026ba4dfa000

Marking Bits: (CMBitMap*) 0x0000026b90aee020
 Bits: [0x0000026ba8e00000, 0x0000026babbd0000)

Polling page: 0x0000026b8ea30000

Metaspace:

Usage:
  Non-class:     14.44 MB used.
      Class:      1.81 MB used.
       Both:     16.25 MB used.

Virtual space:
  Non-class space:       64.00 MB reserved,      14.56 MB ( 23%) committed,  1 nodes.
      Class space:        1.00 GB reserved,       1.94 MB ( <1%) committed,  1 nodes.
             Both:        1.06 GB reserved,      16.50 MB (  2%) committed. 

Chunk freelists:
   Non-Class:  1.25 MB
       Class:  13.93 MB
        Both:  15.18 MB

MaxMetaspaceSize: unlimited
CompressedClassSpaceSize: 1.00 GB
Initial GC threshold: 21.00 MB
Current GC threshold: 21.00 MB
CDS: on
 - commit_granule_bytes: 65536.
 - commit_granule_words: 8192.
 - virtual_space_node_default_size: 8388608.
 - enlarge_chunks_in_place: 1.
 - use_allocation_guard: 0.


Internal statistics:

num_allocs_failed_limit: 0.
num_arena_births: 170.
num_arena_deaths: 0.
num_vsnodes_births: 2.
num_vsnodes_deaths: 0.
num_space_committed: 264.
num_space_uncommitted: 0.
num_chunks_returned_to_freelist: 0.
num_chunks_taken_from_freelist: 712.
num_chunk_merges: 0.
num_chunk_splits: 507.
num_chunks_enlarged: 417.
num_inconsistent_stats: 0.

CodeHeap 'non-profiled nmethods': size=120000Kb used=2417Kb max_used=2417Kb free=117582Kb
 bounds [0x0000026ba0a10000, 0x0000026ba0c80000, 0x0000026ba7f40000]
CodeHeap 'profiled nmethods': size=120000Kb used=10102Kb max_used=10102Kb free=109897Kb
 bounds [0x0000026b98f40000, 0x0000026b99920000, 0x0000026ba0470000]
CodeHeap 'non-nmethods': size=5760Kb used=1393Kb max_used=1446Kb free=4366Kb
 bounds [0x0000026ba0470000, 0x0000026ba06e0000, 0x0000026ba0a10000]
 total_blobs=5129 nmethods=4640 adapters=393
 compilation: enabled
              stopped_count=0, restarted_count=0
 full_count=0

Compilation events (20 events):
Event: 51.203 Thread 0x0000026bae63ed10 4637       3       java.util.HashMap$KeySet::iterator (12 bytes)
Event: 51.203 Thread 0x0000026bae63ed10 nmethod 4637 0x0000026b99916710 code [0x0000026b999168c0, 0x0000026b99916ad0]
Event: 51.203 Thread 0x0000026bae63ed10 4638       3       java.util.HashMap$KeyIterator::<init> (6 bytes)
Event: 51.203 Thread 0x0000026bae63ed10 nmethod 4638 0x0000026b99916c10 code [0x0000026b99916dc0, 0x0000026b99916ef8]
Event: 51.203 Thread 0x0000026bae63ed10 4639       3       org.apache.maven.model.Organization::<init> (5 bytes)
Event: 51.203 Thread 0x0000026bae63ed10 nmethod 4639 0x0000026b99916f90 code [0x0000026b99917140, 0x0000026b999172a8]
Event: 51.212 Thread 0x0000026bae63ed10 4640       3       org.eclipse.aether.resolution.VersionRangeResult::getRepository (14 bytes)
Event: 51.212 Thread 0x0000026bae63ed10 nmethod 4640 0x0000026b99917390 code [0x0000026b99917540, 0x0000026b99917828]
Event: 51.331 Thread 0x0000026bae63ed10 4643       3       org.eclipse.aether.graph.Dependency$Exclusions::size (6 bytes)
Event: 51.332 Thread 0x0000026bae63ed10 nmethod 4643 0x0000026b99917910 code [0x0000026b99917aa0, 0x0000026b99917bb8]
Event: 51.352 Thread 0x0000026bae63ed10 4644       1       org.apache.maven.model.Site::getUrl (5 bytes)
Event: 51.352 Thread 0x0000026bae63ed10 nmethod 4644 0x0000026ba0c6c190 code [0x0000026ba0c6c320, 0x0000026ba0c6c3f0]
Event: 51.355 Thread 0x0000026bae63ed10 4645       3       sun.nio.cs.StreamDecoder::<init> (52 bytes)
Event: 51.355 Thread 0x0000026bae63ed10 nmethod 4645 0x0000026b99917c90 code [0x0000026b99917ea0, 0x0000026b99918500]
Event: 51.359 Thread 0x0000026bae63ed10 4646   !   3       sun.nio.cs.StreamDecoder::forInputStreamReader (24 bytes)
Event: 51.359 Thread 0x0000026bae63ed10 nmethod 4646 0x0000026b99918710 code [0x0000026b99918920, 0x0000026b99918e00]
Event: 51.360 Thread 0x0000026bae63ed10 4647       3       org.apache.maven.model.profile.activation.PropertyProfileActivator::isActive (270 bytes)
Event: 51.362 Thread 0x0000026bae63ed10 nmethod 4647 0x0000026b99919110 code [0x0000026b99919540, 0x0000026b9991b320]
Event: 51.363 Thread 0x0000026bae63ed10 4648   !   3       org.apache.maven.model.MailingList::clone (105 bytes)
Event: 51.364 Thread 0x0000026bae63ed10 nmethod 4648 0x0000026b9991be90 code [0x0000026b9991c1a0, 0x0000026b9991d2a8]

GC Heap History (6 events):
Event: 15.598 GC heap before
{Heap before GC invocations=0 (full 0):
 garbage-first heap   total 188416K, used 22528K [0x0000000748c00000, 0x0000000800000000)
  region size 2048K, 11 young (22528K), 0 survivors (0K)
 Metaspace       used 5603K, committed 5824K, reserved 1114112K
  class space    used 645K, committed 768K, reserved 1048576K
}
Event: 21.032 GC heap after
{Heap after GC invocations=1 (full 0):
 garbage-first heap   total 188416K, used 3840K [0x0000000748c00000, 0x0000000800000000)
  region size 2048K, 2 young (4096K), 2 survivors (4096K)
 Metaspace       used 5603K, committed 5824K, reserved 1114112K
  class space    used 645K, committed 768K, reserved 1048576K
}
Event: 27.167 GC heap before
{Heap before GC invocations=1 (full 0):
 garbage-first heap   total 188416K, used 34560K [0x0000000748c00000, 0x0000000800000000)
  region size 2048K, 17 young (34816K), 2 survivors (4096K)
 Metaspace       used 9503K, committed 9664K, reserved 1114112K
  class space    used 1115K, committed 1216K, reserved 1048576K
}
Event: 27.174 GC heap after
{Heap after GC invocations=2 (full 0):
 garbage-first heap   total 188416K, used 5404K [0x0000000748c00000, 0x0000000800000000)
  region size 2048K, 1 young (2048K), 1 survivors (2048K)
 Metaspace       used 9503K, committed 9664K, reserved 1114112K
  class space    used 1115K, committed 1216K, reserved 1048576K
}
Event: 46.806 GC heap before
{Heap before GC invocations=2 (full 0):
 garbage-first heap   total 188416K, used 115996K [0x0000000748c00000, 0x0000000800000000)
  region size 2048K, 55 young (112640K), 1 survivors (2048K)
 Metaspace       used 16439K, committed 16768K, reserved 1114112K
  class space    used 1851K, committed 1984K, reserved 1048576K
}
Event: 46.825 GC heap after
{Heap after GC invocations=3 (full 0):
 garbage-first heap   total 188416K, used 16398K [0x0000000748c00000, 0x0000000800000000)
  region size 2048K, 7 young (14336K), 7 survivors (14336K)
 Metaspace       used 16439K, committed 16768K, reserved 1114112K
  class space    used 1851K, committed 1984K, reserved 1048576K
}

Dll operation events (8 events):
Event: 0.155 Loaded shared library C:\Program Files\Java\jdk-21\bin\java.dll
Event: 0.976 Loaded shared library C:\Program Files\Java\jdk-21\bin\jsvml.dll
Event: 3.310 Loaded shared library C:\Program Files\Java\jdk-21\bin\net.dll
Event: 3.474 Loaded shared library C:\Program Files\Java\jdk-21\bin\nio.dll
Event: 3.480 Loaded shared library C:\Program Files\Java\jdk-21\bin\zip.dll
Event: 5.068 Loaded shared library C:\Users\2oleg\Downloads\apache-maven-3.9.11-bin\apache-maven-3.9.11\lib\jansi-native\Windows\x86_64\jansi.dll
Event: 5.090 Loaded shared library C:\Program Files\Java\jdk-21\bin\verify.dll
Event: 5.097 Loaded shared library C:\Program Files\Java\jdk-21\bin\jimage.dll

Deoptimization events (20 events):
Event: 46.990 Thread 0x0000026b8e852ce0 Uncommon trap: trap_request=0xffffffd6 fr.pc=0x0000026ba0c31fe0 relative=0x00000000000004a0
Event: 46.990 Thread 0x0000026b8e852ce0 Uncommon trap: reason=array_check action=maybe_recompile pc=0x0000026ba0c31fe0 method=java.util.HashMap.keysToArray([Ljava/lang/Object;)[Ljava/lang/Object; @ 62 c2
Event: 46.990 Thread 0x0000026b8e852ce0 DEOPT PACKING pc=0x0000026ba0c31fe0 sp=0x00000080aa9fbdd0
Event: 46.990 Thread 0x0000026b8e852ce0 DEOPT UNPACKING pc=0x0000026ba04c46a2 sp=0x00000080aa9fbd68 mode 2
Event: 48.947 Thread 0x0000026b8e852ce0 Uncommon trap: trap_request=0xffffffde fr.pc=0x0000026ba0a53820 relative=0x0000000000000ea0
Event: 48.947 Thread 0x0000026b8e852ce0 Uncommon trap: reason=class_check action=maybe_recompile pc=0x0000026ba0a53820 method=java.util.concurrent.ConcurrentHashMap.putVal(Ljava/lang/Object;Ljava/lang/Object;Z)Ljava/lang/Object; @ 242 c2
Event: 48.947 Thread 0x0000026b8e852ce0 DEOPT PACKING pc=0x0000026ba0a53820 sp=0x00000080aa9fcf70
Event: 48.947 Thread 0x0000026b8e852ce0 DEOPT UNPACKING pc=0x0000026ba04c46a2 sp=0x00000080aa9fcee0 mode 2
Event: 48.947 Thread 0x0000026b8e852ce0 Uncommon trap: trap_request=0xffffffde fr.pc=0x0000026ba0a53820 relative=0x0000000000000ea0
Event: 48.947 Thread 0x0000026b8e852ce0 Uncommon trap: reason=class_check action=maybe_recompile pc=0x0000026ba0a53820 method=java.util.concurrent.ConcurrentHashMap.putVal(Ljava/lang/Object;Ljava/lang/Object;Z)Ljava/lang/Object; @ 242 c2
Event: 48.947 Thread 0x0000026b8e852ce0 DEOPT PACKING pc=0x0000026ba0a53820 sp=0x00000080aa9fca70
Event: 48.947 Thread 0x0000026b8e852ce0 DEOPT UNPACKING pc=0x0000026ba04c46a2 sp=0x00000080aa9fc9e0 mode 2
Event: 49.310 Thread 0x0000026b8e852ce0 Uncommon trap: trap_request=0xffffff45 fr.pc=0x0000026ba0b10bfc relative=0x00000000000002bc
Event: 49.310 Thread 0x0000026b8e852ce0 Uncommon trap: reason=unstable_if action=reinterpret pc=0x0000026ba0b10bfc method=java.util.concurrent.ConcurrentHashMap.get(Ljava/lang/Object;)Ljava/lang/Object; @ 152 c2
Event: 49.310 Thread 0x0000026b8e852ce0 DEOPT PACKING pc=0x0000026ba0b10bfc sp=0x00000080aa9fd020
Event: 49.310 Thread 0x0000026b8e852ce0 DEOPT UNPACKING pc=0x0000026ba04c46a2 sp=0x00000080aa9fcf98 mode 2
Event: 51.119 Thread 0x0000026b8e852ce0 Uncommon trap: trap_request=0xffffff45 fr.pc=0x0000026ba0c5438c relative=0x0000000000000e4c
Event: 51.119 Thread 0x0000026b8e852ce0 Uncommon trap: reason=unstable_if action=reinterpret pc=0x0000026ba0c5438c method=org.codehaus.plexus.interpolation.util.StringUtils.capitalizeFirstLetter(Ljava/lang/String;)Ljava/lang/String; @ 13 c2
Event: 51.119 Thread 0x0000026b8e852ce0 DEOPT PACKING pc=0x0000026ba0c5438c sp=0x00000080aa9fc0e0
Event: 51.119 Thread 0x0000026b8e852ce0 DEOPT UNPACKING pc=0x0000026ba04c46a2 sp=0x00000080aa9fc0a8 mode 2

Classes loaded (20 events):
Event: 37.713 Loading class sun/nio/fs/WindowsException
Event: 37.714 Loading class sun/nio/fs/WindowsException done
Event: 37.714 Loading class sun/nio/fs/WindowsDirectoryStream
Event: 37.714 Loading class java/nio/file/DirectoryStream
Event: 37.714 Loading class java/nio/file/DirectoryStream done
Event: 37.714 Loading class sun/nio/fs/WindowsDirectoryStream done
Event: 37.714 Loading class java/nio/file/NoSuchFileException
Event: 37.714 Loading class java/nio/file/NoSuchFileException done
Event: 39.524 Loading class java/util/stream/MatchOps$MatchKind
Event: 39.524 Loading class java/util/stream/MatchOps$MatchKind done
Event: 39.524 Loading class java/util/stream/MatchOps
Event: 39.524 Loading class java/util/stream/MatchOps done
Event: 39.524 Loading class java/util/stream/MatchOps$MatchOp
Event: 39.524 Loading class java/util/stream/MatchOps$MatchOp done
Event: 39.525 Loading class java/util/stream/MatchOps$BooleanTerminalSink
Event: 39.525 Loading class java/util/stream/MatchOps$BooleanTerminalSink done
Event: 39.525 Loading class java/util/stream/MatchOps$1MatchSink
Event: 39.525 Loading class java/util/stream/MatchOps$1MatchSink done
Event: 47.630 Loading class sun/nio/cs/ISO_8859_1$Decoder
Event: 47.630 Loading class sun/nio/cs/ISO_8859_1$Decoder done

Classes unloaded (0 events):
No events

Classes redefined (0 events):
No events

Internal exceptions (20 events):
Event: 37.714 Thread 0x0000026b8e852ce0 Exception <a 'sun/nio/fs/WindowsException'{0x0000000751938c60}> (0x0000000751938c60) 
thrown [s\open\src\hotspot\share\prims\jni.cpp, line 520]
Event: 40.020 Thread 0x0000026b8e852ce0 Exception <a 'sun/nio/fs/WindowsException'{0x0000000750ad10c8}> (0x0000000750ad10c8) 
thrown [s\open\src\hotspot\share\prims\jni.cpp, line 520]
Event: 40.020 Thread 0x0000026b8e852ce0 Exception <a 'sun/nio/fs/WindowsException'{0x0000000750ad1428}> (0x0000000750ad1428) 
thrown [s\open\src\hotspot\share\prims\jni.cpp, line 520]
Event: 40.022 Thread 0x0000026b8e852ce0 Exception <a 'sun/nio/fs/WindowsException'{0x0000000750af80b8}> (0x0000000750af80b8) 
thrown [s\open\src\hotspot\share\prims\jni.cpp, line 520]
Event: 40.022 Thread 0x0000026b8e852ce0 Exception <a 'sun/nio/fs/WindowsException'{0x0000000750af83e0}> (0x0000000750af83e0) 
thrown [s\open\src\hotspot\share\prims\jni.cpp, line 520]
Event: 40.027 Thread 0x0000026b8e852ce0 Exception <a 'sun/nio/fs/WindowsException'{0x0000000750b61268}> (0x0000000750b61268) 
thrown [s\open\src\hotspot\share\prims\jni.cpp, line 520]
Event: 40.028 Thread 0x0000026b8e852ce0 Exception <a 'sun/nio/fs/WindowsException'{0x0000000750b61548}> (0x0000000750b61548) 
thrown [s\open\src\hotspot\share\prims\jni.cpp, line 520]
Event: 40.259 Thread 0x0000026b8e852ce0 Implicit null exception at 0x0000026ba0b5c63b to 0x0000026ba0b5d95c
Event: 40.260 Thread 0x0000026b8e852ce0 Implicit null exception at 0x0000026ba0adf99b to 0x0000026ba0adfb94
Event: 40.260 Thread 0x0000026b8e852ce0 Implicit null exception at 0x0000026ba0b2300d to 0x0000026ba0b2387c
Event: 43.452 Thread 0x0000026b8e852ce0 Exception <a 'sun/nio/fs/WindowsException'{0x000000074ea14850}> (0x000000074ea14850) 
thrown [s\open\src\hotspot\share\prims\jni.cpp, line 520]
Event: 43.452 Thread 0x0000026b8e852ce0 Exception <a 'sun/nio/fs/WindowsException'{0x000000074ea14b68}> (0x000000074ea14b68) 
thrown [s\open\src\hotspot\share\prims\jni.cpp, line 520]
Event: 47.637 Thread 0x0000026b8e852ce0 Exception <a 'sun/nio/fs/WindowsException'{0x0000000753d78af8}> (0x0000000753d78af8) 
thrown [s\open\src\hotspot\share\prims\jni.cpp, line 520]
Event: 47.637 Thread 0x0000026b8e852ce0 Exception <a 'sun/nio/fs/WindowsException'{0x0000000753d78df8}> (0x0000000753d78df8) 
thrown [s\open\src\hotspot\share\prims\jni.cpp, line 520]
Event: 49.869 Thread 0x0000026b8e852ce0 Exception <a 'sun/nio/fs/WindowsException'{0x00000007530bf980}> (0x00000007530bf980) 
thrown [s\open\src\hotspot\share\prims\jni.cpp, line 520]
Event: 49.870 Thread 0x0000026b8e852ce0 Exception <a 'sun/nio/fs/WindowsException'{0x00000007530bfc50}> (0x00000007530bfc50) 
thrown [s\open\src\hotspot\share\prims\jni.cpp, line 520]
Event: 50.165 Thread 0x0000026b8e852ce0 Exception <a 'sun/nio/fs/WindowsException'{0x0000000752e1b930}> (0x0000000752e1b930) 
thrown [s\open\src\hotspot\share\prims\jni.cpp, line 520]
Event: 50.165 Thread 0x0000026b8e852ce0 Exception <a 'sun/nio/fs/WindowsException'{0x0000000752e1bc50}> (0x0000000752e1bc50) 
thrown [s\open\src\hotspot\share\prims\jni.cpp, line 520]
Event: 50.171 Thread 0x0000026b8e852ce0 Exception <a 'sun/nio/fs/WindowsException'{0x0000000752e78250}> (0x0000000752e78250) 
thrown [s\open\src\hotspot\share\prims\jni.cpp, line 520]
Event: 50.171 Thread 0x0000026b8e852ce0 Exception <a 'sun/nio/fs/WindowsException'{0x0000000752e78598}> (0x0000000752e78598) 
thrown [s\open\src\hotspot\share\prims\jni.cpp, line 520]

ZGC Phase Switch (0 events):
No events

VM Operations (20 events):
Event: 37.886 Executing VM operation: Cleanup
Event: 37.886 Executing VM operation: Cleanup done
Event: 39.887 Executing VM operation: Cleanup
Event: 40.009 Executing VM operation: Cleanup done
Event: 41.514 Executing VM operation: ICBufferFull
Event: 41.514 Executing VM operation: ICBufferFull done
Event: 43.514 Executing VM operation: Cleanup
Event: 43.541 Executing VM operation: Cleanup done
Event: 44.541 Executing VM operation: Cleanup
Event: 44.542 Executing VM operation: Cleanup done
Event: 45.542 Executing VM operation: Cleanup
Event: 45.669 Executing VM operation: Cleanup done
Event: 46.806 Executing VM operation: G1CollectForAllocation (G1 Evacuation Pause)
Event: 46.825 Executing VM operation: G1CollectForAllocation (G1 Evacuation Pause) done
Event: 48.826 Executing VM operation: Cleanup
Event: 48.827 Executing VM operation: Cleanup done
Event: 49.827 Executing VM operation: Cleanup
Event: 49.835 Executing VM operation: Cleanup done
Event: 50.836 Executing VM operation: Cleanup
Event: 50.850 Executing VM operation: Cleanup done

Events (20 events):
Event: 9.832 Thread 0x0000026bf47fda70 Thread added: 0x0000026bf47fda70
Event: 21.257 Thread 0x0000026bf47fda70 Thread exited: 0x0000026bf47fda70
Event: 21.264 Thread 0x0000026bf474a880 Thread exited: 0x0000026bf474a880
Event: 21.291 Thread 0x0000026bf4668540 Thread added: 0x0000026bf4668540
Event: 22.462 Thread 0x0000026bf4668540 Thread exited: 0x0000026bf4668540
Event: 31.438 Thread 0x0000026bf42d6f90 Thread added: 0x0000026bf42d6f90
Event: 32.236 Thread 0x0000026bf42d6f90 Thread exited: 0x0000026bf42d6f90
Event: 32.735 Thread 0x0000026bf4503e00 Thread added: 0x0000026bf4503e00
Event: 35.200 Thread 0x0000026bae9d59d0 Thread added: 0x0000026bae9d59d0
Event: 35.451 Thread 0x0000026bae9d59d0 Thread exited: 0x0000026bae9d59d0
Event: 40.039 Thread 0x0000026bf44814a0 Thread added: 0x0000026bf44814a0
Event: 40.254 Thread 0x0000026bf44814a0 Thread exited: 0x0000026bf44814a0
Event: 40.401 Thread 0x0000026bf4f1f890 Thread added: 0x0000026bf4f1f890
Event: 40.757 Thread 0x0000026bf4f1f890 Thread exited: 0x0000026bf4f1f890
Event: 42.478 Thread 0x0000026bf4aaa040 Thread added: 0x0000026bf4aaa040
Event: 43.133 Thread 0x0000026bf4aaa040 Thread exited: 0x0000026bf4aaa040
Event: 43.299 Thread 0x0000026bae802d50 Thread added: 0x0000026bae802d50
Event: 44.052 Thread 0x0000026bae802d50 Thread exited: 0x0000026bae802d50
Event: 46.836 Thread 0x0000026bf5a79df0 Thread added: 0x0000026bf5a79df0
Event: 47.163 Thread 0x0000026bf5a79df0 Thread exited: 0x0000026bf5a79df0


Dynamic libraries:
0x00007ff703c60000 - 0x00007ff703c70000 	C:\Program Files\Java\jdk-21\bin\java.exe
0x00007ff9f5930000 - 0x00007ff9f5b28000 	C:\WINDOWS\SYSTEM32\ntdll.dll
0x00007ff9f5400000 - 0x00007ff9f54c2000 	C:\WINDOWS\System32\KERNEL32.DLL
0x00007ff9f3130000 - 0x00007ff9f3426000 	C:\WINDOWS\System32\KERNELBASE.dll
0x00007ff9e2300000 - 0x00007ff9e2319000 	C:\Program Files\Java\jdk-21\bin\jli.dll
0x00007ff9e31d0000 - 0x00007ff9e31eb000 	C:\Program Files\Java\jdk-21\bin\VCRUNTIME140.dll
0x00007ff9f3da0000 - 0x00007ff9f3e51000 	C:\WINDOWS\System32\ADVAPI32.dll
0x00007ff9f5820000 - 0x00007ff9f58be000 	C:\WINDOWS\System32\msvcrt.dll
0x00007ff9f4800000 - 0x00007ff9f489f000 	C:\WINDOWS\System32\sechost.dll
0x00007ff9f3c10000 - 0x00007ff9f3d30000 	C:\WINDOWS\System32\RPCRT4.dll
0x00007ff9f3560000 - 0x00007ff9f3587000 	C:\WINDOWS\System32\bcrypt.dll
0x00007ff9f3f40000 - 0x00007ff9f40e1000 	C:\WINDOWS\System32\USER32.dll
0x00007ff9e4da0000 - 0x00007ff9e503b000 	C:\WINDOWS\WinSxS\amd64_microsoft.windows.common-controls_6595b64144ccf1df_6.0.19041.6456_none_60b8a6cb71f64256\COMCTL32.dll
0x00007ff9f47c0000 - 0x00007ff9f47eb000 	C:\WINDOWS\System32\GDI32.dll
0x00007ff9f2f90000 - 0x00007ff9f30a9000 	C:\WINDOWS\System32\gdi32full.dll
0x00007ff9f3100000 - 0x00007ff9f3122000 	C:\WINDOWS\System32\win32u.dll
0x00007ff9f3590000 - 0x00007ff9f362d000 	C:\WINDOWS\System32\msvcp_win.dll
0x00007ff9ecd10000 - 0x00007ff9ecd1a000 	C:\WINDOWS\SYSTEM32\VERSION.dll
0x00007ff9f3820000 - 0x00007ff9f3920000 	C:\WINDOWS\System32\ucrtbase.dll
0x00007ff9f3f10000 - 0x00007ff9f3f3f000 	C:\WINDOWS\System32\IMM32.DLL
0x00007ff9ed3a0000 - 0x00007ff9ed3ac000 	C:\Program Files\Java\jdk-21\bin\vcruntime140_1.dll
0x00007ff9c7130000 - 0x00007ff9c71be000 	C:\Program Files\Java\jdk-21\bin\msvcp140.dll
0x00007ff98ebe0000 - 0x00007ff98f8fa000 	C:\Program Files\Java\jdk-21\bin\server\jvm.dll
0x00007ff9f4210000 - 0x00007ff9f427b000 	C:\WINDOWS\System32\WS2_32.dll
0x00007ff9f2df0000 - 0x00007ff9f2e3b000 	C:\WINDOWS\SYSTEM32\POWRPROF.dll
0x00007ff9e0140000 - 0x00007ff9e0167000 	C:\WINDOWS\SYSTEM32\WINMM.dll
0x00007ff9f2dd0000 - 0x00007ff9f2de2000 	C:\WINDOWS\SYSTEM32\UMPDC.dll
0x00007ff9f0dc0000 - 0x00007ff9f0dd2000 	C:\WINDOWS\SYSTEM32\kernel.appcore.dll
0x00007ff9ed370000 - 0x00007ff9ed37a000 	C:\Program Files\Java\jdk-21\bin\jimage.dll
0x00007ff9df840000 - 0x00007ff9dfa41000 	C:\WINDOWS\SYSTEM32\DBGHELP.DLL
0x00007ff9dd350000 - 0x00007ff9dd384000 	C:\WINDOWS\SYSTEM32\dbgcore.DLL
0x00007ff9f3630000 - 0x00007ff9f36b2000 	C:\WINDOWS\System32\bcryptPrimitives.dll
0x00007ff9e0be0000 - 0x00007ff9e0bff000 	C:\Program Files\Java\jdk-21\bin\java.dll
0x00007ff9f4930000 - 0x00007ff9f50a0000 	C:\WINDOWS\System32\SHELL32.dll
0x00007ff9f0fc0000 - 0x00007ff9f1765000 	C:\WINDOWS\SYSTEM32\windows.storage.dll
0x00007ff9f50a0000 - 0x00007ff9f53f4000 	C:\WINDOWS\System32\combase.dll
0x00007ff9f28e0000 - 0x00007ff9f290b000 	C:\WINDOWS\SYSTEM32\Wldp.dll
0x00007ff9f46f0000 - 0x00007ff9f47bd000 	C:\WINDOWS\System32\OLEAUT32.dll
0x00007ff9f3920000 - 0x00007ff9f39cd000 	C:\WINDOWS\System32\SHCORE.dll
0x00007ff9f57c0000 - 0x00007ff9f581b000 	C:\WINDOWS\System32\shlwapi.dll
0x00007ff9f2ec0000 - 0x00007ff9f2ee4000 	C:\WINDOWS\SYSTEM32\profapi.dll
0x00007ff9ab440000 - 0x00007ff9ab517000 	C:\Program Files\Java\jdk-21\bin\jsvml.dll
0x00007ff9ebd20000 - 0x00007ff9ebd30000 	C:\Program Files\Java\jdk-21\bin\net.dll
0x00007ff9ec950000 - 0x00007ff9eca5a000 	C:\WINDOWS\SYSTEM32\WINHTTP.dll
0x00007ff9f25f0000 - 0x00007ff9f265a000 	C:\WINDOWS\system32\mswsock.dll
0x00007ff9dbf20000 - 0x00007ff9dbf36000 	C:\Program Files\Java\jdk-21\bin\nio.dll
0x00007ff9d8a60000 - 0x00007ff9d8a78000 	C:\Program Files\Java\jdk-21\bin\zip.dll
0x00007ff9d0da0000 - 0x00007ff9d0dc4000 	C:\Users\2oleg\Downloads\apache-maven-3.9.11-bin\apache-maven-3.9.11\lib\jansi-native\Windows\x86_64\jansi.dll
0x00007ff9e8580000 - 0x00007ff9e8590000 	C:\Program Files\Java\jdk-21\bin\verify.dll

dbghelp: loaded successfully - version: 4.0.5 - missing functions: none
symbol engine: initialized successfully - sym options: 0x614 - pdb path: .;C:\Program Files\Java\jdk-21\bin;C:\WINDOWS\SYSTEM32;C:\WINDOWS\WinSxS\amd64_microsoft.windows.common-controls_6595b64144ccf1df_6.0.19041.6456_none_60b8a6cb71f64256;C:\Program Files\Java\jdk-21\bin\server;C:\Users\2oleg\Downloads\apache-maven-3.9.11-bin\apache-maven-3.9.11\lib\jansi-native\Windows\x86_64

VM Arguments:
jvm_args: --enable-native-access=ALL-UNNAMED -Dclassworlds.conf=C:\Users\2oleg\Downloads\apache-maven-3.9.11-bin\apache-maven-3.9.11\bin\m2.conf -Dmaven.home=C:\Users\2oleg\Downloads\apache-maven-3.9.11-bin\apache-maven-3.9.11 -Dlibrary.jansi.path=C:\Users\2oleg\Downloads\apache-maven-3.9.11-bin\apache-maven-3.9.11\lib\jansi-native -Dmaven.multiModuleProjectDirectory=C:\Users\2oleg\Downloads\Telegram Desktop\Kefir\Backend\TransactionSaga 
java_command: org.codehaus.plexus.classworlds.launcher.Launcher spring-boot:run -Dserver.port=8090 -DskipTests
java_class_path (initial): C:\Users\2oleg\Downloads\apache-maven-3.9.11-bin\apache-maven-3.9.11\boot\plexus-classworlds-2.9.0.jar
Launcher Type: SUN_STANDARD

[Global flags]
     intx CICompilerCount                          = 4                                         {product} {ergonomic}
     uint ConcGCThreads                            = 2                                         {product} {ergonomic}
     uint G1ConcRefinementThreads                  = 8                                         {product} {ergonomic}
   size_t G1HeapRegionSize                         = 2097152                                   {product} {ergonomic}
    uintx GCDrainStackTargetSize                   = 64                                        {product} {ergonomic}
   size_t InitialHeapSize                          = 192937984                                 {product} {ergonomic}
   size_t MarkStackSize                            = 4194304                                   {product} {ergonomic}
   size_t MaxHeapSize                              = 3074424832                                {product} {ergonomic}
   size_t MaxNewSize                               = 1843396608                                {product} {ergonomic}
   size_t MinHeapDeltaBytes                        = 2097152                                   {product} {ergonomic}
   size_t MinHeapSize                              = 8388608                                   {product} {ergonomic}
    uintx NonNMethodCodeHeapSize                   = 5839372                                {pd product} {ergonomic}
    uintx NonProfiledCodeHeapSize                  = 122909434                              {pd product} {ergonomic}
    uintx ProfiledCodeHeapSize                     = 122909434                              {pd product} {ergonomic}
    uintx ReservedCodeCacheSize                    = 251658240                              {pd product} {ergonomic}
     bool SegmentedCodeCache                       = true                                      {product} {ergonomic}
   size_t SoftMaxHeapSize                          = 3074424832                             {manageable} {ergonomic}
     bool UseCompressedOops                        = true                           {product lp64_product} {ergonomic}
     bool UseG1GC                                  = true                                      {product} {ergonomic}
     bool UseLargePagesIndividualAllocation        = false                                  {pd product} {ergonomic}

Logging:
Log output configuration:
 #0: stdout all=warning uptime,level,tags foldmultilines=false
 #1: stderr all=off uptime,level,tags foldmultilines=false

Environment Variables:
JAVA_HOME=C:\Program Files\Java\jdk-21
PATH=C:\Program Files\Common Files\Oracle\Java\javapath;C:\Program Files (x86)\Cuminas\Document Express DjVu Plug-in\;C:\Program Files (x86)\Razer Chroma SDK\bin;C:\Program Files\Razer Chroma SDK\bin;C:\WINDOWS\system32;C:\WINDOWS;C:\WINDOWS\System32\Wbem;C:\WINDOWS\System32\WindowsPowerShell\v1.0\;C:\WINDOWS\System32\OpenSSH\;C:\Program Files (x86)\NVIDIA Corporation\PhysX\Common;C:\WINDOWS\system32\config\systemprofile\AppData\Local\Microsoft\WindowsApps;C:\Program Files (x86)\Razer\ChromaBroadcast\bin;C:\Program Files\Razer\ChromaBroadcast\bin;C:\Users\2oleg\AppData\Local\Microsoft\WindowsApps;C:\Program Files\JetBrains\IntelliJ IDEA Community Edition 2024.3\bin;C:\Users\2oleg\AppData\Local\Programs\Microsoft VS Code\bin;C:\Program Files\Docker\Docker\resources\bin;C:\Users\2oleg\Downloads\curl-8.16.0_6-win64-mingw.zip\curl-8.16.0_6-win64-mingw\bin;C:\Users\2oleg\Downloads\curl-8.16.0_6-win64-mingw\curl-8.16.0_6-win64-mingw\bin;C:\Users\2oleg\Downloads\apache-maven-3.9.11-bin\apache-maven-3.9.11\bin;C:\ProgramData\chocolatey\bin;C:\Users\2oleg\AppData\Roaming\Cloud Foundry;C:\Program Files\Git\cmd;C:\Program Files\nodejs\;C:\Users\2oleg\AppData\Local\Muse Hub\lib;C:\Users\2oleg\AppData\Local\Microsoft\WindowsApps;C:\Program Files\JetBrains\IntelliJ IDEA Community Edition 2025.2.4\bin;C:\Users\2oleg\AppData\Local\Programs\Microsoft VS Code\bin;C:\Program Files\jq.exe;C:\Users\2oleg\AppData\Local\Microsoft\WinGet\Packages\jqlang.jq_Microsoft.Winget.Source_8wekyb3d8bbwe;C:\Program Files\Java\jdk-24;C:\Users\2oleg\Downloads\gradle-9.0.0-bin\gradle-9.0.0\bin;C:\Program Files\Docker\Docker\resources\bin;C:\Users\2oleg\AppData\Local\GitHubDesktop\bin;C:\Users\2oleg\AppData\Roaming\npm
USERNAME=2oleg
OS=Windows_NT
PROCESSOR_IDENTIFIER=Intel64 Family 6 Model 60 Stepping 3, GenuineIntel
TMP=C:\Users\2oleg\AppData\Local\Temp
TEMP=C:\Users\2oleg\AppData\Local\Temp




Periodic native trim disabled

---------------  S Y S T E M  ---------------

OS:
 Windows 10 , 64 bit Build 19041 (10.0.19041.5915)
OS uptime: 10 days 12:22 hours
Hyper-V role detected

CPU: total 8 (initial active 8) (4 cores per cpu, 2 threads per core) family 6 model 60 stepping 3 microcode 0x27, cx8, cmov, fxsr, ht, mmx, sse, sse2, sse3, ssse3, sse4.1, sse4.2, popcnt, lzcnt, tsc, tscinvbit, avx, avx2, aes, erms, clmul, bmi1, bmi2, fma, vzeroupper, clflush, hv, rdtscp, f16c
Processor Information for all 8 processors :
  Max Mhz: 2401, Current Mhz: 2401, Mhz Limit: 2401

Memory: 4k page, system-wide physical 11723M (1768M free)
TotalPageFile size 23723M (AvailPageFile size 13M)
current process WorkingSet (physical memory assigned to process): 215M, peak: 215M
current process commit charge ("private bytes"): 316M, peak: 321M

vm_info: Java HotSpot(TM) 64-Bit Server VM (21.0.7+8-LTS-245) for windows-amd64 JRE (21.0.7+8-LTS-245), built on 2025-02-21T05:11:27Z by "mach5one" with MS VC++ 17.6 (VS2022)

END.
