#
# There is insufficient memory for the Java Runtime Environment to continue.
# Native memory allocation (malloc) failed to allocate 264656 bytes for Chunk::new
# Possible reasons:
#   The system is out of physical RAM or swap space
#   The process is running with CompressedOops enabled, and the Java Heap may be blocking the growth of the native heap
# Possible solutions:
#   Reduce memory load on the system
#   Increase physical memory or swap space
#   Check if swap backing store is full
#   Decrease Java heap size (-Xmx/-Xms)
#   Decrease number of Java threads
#   Decrease Java thread stack sizes (-Xss)
#   Set larger code cache with -XX:ReservedCodeCacheSize=
#   JVM is running with Zero Based Compressed Oops mode in which the Java heap is
#     placed in the first 32GB address space. The Java Heap base address is the
#     maximum limit for the native heap growth. Please use -XX:HeapBaseMinAddress
#     to set the Java Heap base and to place the Java Heap above 32GB virtual address.
# This output file may be truncated or incomplete.
#
#  Out of Memory Error (arena.cpp:168), pid=21460, tid=21700
#
# JRE version: Java(TM) SE Runtime Environment (21.0.7+8) (build 21.0.7+8-LTS-245)
# Java VM: Java HotSpot(TM) 64-Bit Server VM (21.0.7+8-LTS-245, mixed mode, sharing, tiered, compressed oops, compressed class ptrs, g1 gc, windows-amd64)
# No core dump will be written. Minidumps are not enabled by default on client versions of Windows
#

---------------  S U M M A R Y ------------

Command Line: --enable-native-access=ALL-UNNAMED -Dclassworlds.conf=C:\Users\2oleg\Downloads\apache-maven-3.9.11-bin\apache-maven-3.9.11\bin\m2.conf -Dmaven.home=C:\Users\2oleg\Downloads\apache-maven-3.9.11-bin\apache-maven-3.9.11 -Dlibrary.jansi.path=C:\Users\2oleg\Downloads\apache-maven-3.9.11-bin\apache-maven-3.9.11\lib\jansi-native -Dmaven.multiModuleProjectDirectory=C:\Users\2oleg\Downloads\Telegram Desktop\Kefir\Backend\TransactionSaga org.codehaus.plexus.classworlds.launcher.Launcher spring-boot:run -Dserver.port=8090 -DskipTests

Host: Intel(R) Core(TM) i7-4700HQ CPU @ 2.40GHz, 8 cores, 11G,  Windows 10 , 64 bit Build 19041 (10.0.19041.5915)
Time: Sat Dec 13 01:34:51 2025 RTZ 2 (s 10 , 64 bit Build 19041 (10.0.19041.5915) elapsed time: 34.586595 seconds (0d 0h 0m 34s)

---------------  T H R E A D  ---------------

Current thread (0x0000022ffcfc4050):  JavaThread "C2 CompilerThread0" daemon [_thread_in_native, id=21700, stack(0x000000632d600000,0x000000632d700000) (1024K)]


Current CompileTask:
C2:  34586 4726       4       java.io.BufferedReader::implReadLine (301 bytes)

Stack: [0x000000632d600000,0x000000632d700000]
Native frames: (J=compiled Java code, j=interpreted, Vv=VM code, C=native code)
V  [jvm.dll+0x6cae19]
V  [jvm.dll+0x855741]
V  [jvm.dll+0x857c6e]
V  [jvm.dll+0x858343]
V  [jvm.dll+0x27e0b6]
V  [jvm.dll+0xc4ecd]
V  [jvm.dll+0xc5403]
V  [jvm.dll+0x2f145d]
V  [jvm.dll+0x5f5a8a]
V  [jvm.dll+0x24fbc2]
V  [jvm.dll+0x248244]
V  [jvm.dll+0x246004]
V  [jvm.dll+0x1c6efe]
V  [jvm.dll+0x255819]
V  [jvm.dll+0x253daa]
V  [jvm.dll+0x3eebb6]
V  [jvm.dll+0x7ffa1b]
V  [jvm.dll+0x6c94fd]
C  [ucrtbase.dll+0x21bb2]
C  [KERNEL32.DLL+0x17374]
C  [ntdll.dll+0x4cc91]


---------------  P R O C E S S  ---------------

Threads class SMR info:
_java_thread_list=0x0000022ffd9a4110, length=13, elements={
0x0000022fec384110, 0x0000022ffcfb84a0, 0x0000022ffcfba2b0, 0x0000022ffcfbcfc0,
0x0000022ffcfbda10, 0x0000022ffcfc0470, 0x0000022ffcfc0ec0, 0x0000022ffcfc4050,
0x0000022ffcfc7960, 0x0000022ffd039de0, 0x0000022ffd040a10, 0x0000022ffd73a470,
0x0000022ffe135250
}

Java Threads: ( => current thread )
  0x0000022fec384110 JavaThread "main"                              [_thread_in_Java, id=27520, stack(0x000000632c800000,0x000000632c900000) (1024K)]
  0x0000022ffcfb84a0 JavaThread "Reference Handler"          daemon [_thread_blocked, id=12944, stack(0x000000632d000000,0x000000632d100000) (1024K)]
  0x0000022ffcfba2b0 JavaThread "Finalizer"                  daemon [_thread_blocked, id=17320, stack(0x000000632d100000,0x000000632d200000) (1024K)]
  0x0000022ffcfbcfc0 JavaThread "Signal Dispatcher"          daemon [_thread_blocked, id=11604, stack(0x000000632d200000,0x000000632d300000) (1024K)]
  0x0000022ffcfbda10 JavaThread "Attach Listener"            daemon [_thread_blocked, id=11308, stack(0x000000632d300000,0x000000632d400000) (1024K)]
  0x0000022ffcfc0470 JavaThread "Service Thread"             daemon [_thread_blocked, id=20088, stack(0x000000632d400000,0x000000632d500000) (1024K)]
  0x0000022ffcfc0ec0 JavaThread "Monitor Deflation Thread"   daemon [_thread_blocked, id=20420, stack(0x000000632d500000,0x000000632d600000) (1024K)]
=>0x0000022ffcfc4050 JavaThread "C2 CompilerThread0"         daemon [_thread_in_native, id=21700, stack(0x000000632d600000,0x000000632d700000) (1024K)]
  0x0000022ffcfc7960 JavaThread "C1 CompilerThread0"         daemon [_thread_blocked, id=11560, stack(0x000000632d700000,0x000000632d800000) (1024K)]
  0x0000022ffd039de0 JavaThread "Notification Thread"        daemon [_thread_blocked, id=6340, stack(0x000000632d800000,0x000000632d900000) (1024K)]
  0x0000022ffd040a10 JavaThread "Common-Cleaner"             daemon [_thread_blocked, id=28832, stack(0x000000632d900000,0x000000632da00000) (1024K)]
  0x0000022ffd73a470 JavaThread "Thread-1"                   daemon [_thread_blocked, id=11984, stack(0x000000632da00000,0x000000632db00000) (1024K)]
  0x0000022ffe135250 JavaThread "C2 CompilerThread1"         daemon [_thread_blocked, id=22252, stack(0x000000632e200000,0x000000632e300000) (1024K)]
Total: 13

Other Threads:
  0x0000022ffcf9d130 VMThread "VM Thread"                           [id=10116, stack(0x000000632cf00000,0x000000632d000000) (1024K)]
  0x0000022ffcf8a6b0 WatcherThread "VM Periodic Task Thread"        [id=7472, stack(0x000000632ce00000,0x000000632cf00000) (1024K)]
  0x0000022fee4dea80 WorkerThread "GC Thread#0"                     [id=18232, stack(0x000000632c900000,0x000000632ca00000) (1024K)]
  0x0000022ffdd08780 WorkerThread "GC Thread#1"                     [id=26900, stack(0x000000632db00000,0x000000632dc00000) (1024K)]
  0x0000022ffdd08b20 WorkerThread "GC Thread#2"                     [id=25336, stack(0x000000632dc00000,0x000000632dd00000) (1024K)]
  0x0000022ffd23c300 WorkerThread "GC Thread#3"                     [id=20352, stack(0x000000632dd00000,0x000000632de00000) (1024K)]
  0x0000022ffd25c180 WorkerThread "GC Thread#4"                     [id=22640, stack(0x000000632de00000,0x000000632df00000) (1024K)]
  0x0000022ffd23d2c0 WorkerThread "GC Thread#5"                     [id=27332, stack(0x000000632df00000,0x000000632e000000) (1024K)]
  0x0000022ffd6899f0 WorkerThread "GC Thread#6"                     [id=4412, stack(0x000000632e000000,0x000000632e100000) (1024K)]
  0x0000022ffd689d90 WorkerThread "GC Thread#7"                     [id=24928, stack(0x000000632e100000,0x000000632e200000) (1024K)]
  0x0000022fee4eb1a0 ConcurrentGCThread "G1 Main Marker"            [id=8636, stack(0x000000632ca00000,0x000000632cb00000) (1024K)]
  0x0000022fee4ebca0 WorkerThread "G1 Conc#0"                       [id=936, stack(0x000000632cb00000,0x000000632cc00000) (1024K)]
  0x0000022ffce60090 ConcurrentGCThread "G1 Refine#0"               [id=26536, stack(0x000000632cc00000,0x000000632cd00000) (1024K)]
  0x0000022ffce60c00 ConcurrentGCThread "G1 Service"                [id=20428, stack(0x000000632cd00000,0x000000632ce00000) (1024K)]
Total: 14

Threads with active compile tasks:
C2 CompilerThread0    34625 4726       4       java.io.BufferedReader::implReadLine (301 bytes)
Total: 1

VM state: not at safepoint (normal execution)

VM Mutex/Monitor currently owned by a thread: None

Heap address: 0x0000000748c00000, size: 2932 MB, Compressed Oops mode: Zero based, Oop shift amount: 3

CDS archive(s) mapped at: [0x0000022f8f000000-0x0000022f8fc90000-0x0000022f8fc90000), size 13172736, SharedBaseAddress: 0x0000022f8f000000, ArchiveRelocationMode: 1.
Compressed class space mapped at: 0x0000022f90000000-0x0000022fd0000000, reserved size: 1073741824
Narrow klass base: 0x0000022f8f000000, Narrow klass shift: 0, Narrow klass range: 0x100000000

GC Precious Log:
 CardTable entry size: 512
 Card Set container configuration: InlinePtr #cards 4 size 8 Array Of Cards #cards 16 size 48 Howl #buckets 8 coarsen threshold 3686 Howl Bitmap #cards 512 size 80 coarsen threshold 460 Card regions per heap region 1 cards per card region 4096
 CPUs: 8 total, 8 available
 Memory: 11723M
 Large Page Support: Disabled
 NUMA Support: Disabled
 Compressed Oops: Enabled (Zero based)
 Heap Region Size: 2M
 Heap Min Capacity: 8M
 Heap Initial Capacity: 184M
 Heap Max Capacity: 2932M
 Pre-touch: Disabled
 Parallel Workers: 8
 Concurrent Workers: 2
 Concurrent Refinement Workers: 8
 Periodic GC: Disabled

Heap:
 garbage-first heap   total 188416K, used 56830K [0x0000000748c00000, 0x0000000800000000)
  region size 2048K, 27 young (55296K), 6 survivors (12288K)
 Metaspace       used 16689K, committed 16960K, reserved 1114112K
  class space    used 1851K, committed 1984K, reserved 1048576K

Heap Regions: E=young(eden), S=young(survivor), O=old, HS=humongous(starts), HC=humongous(continues), CS=collection set, F=free, TAMS=top-at-mark-start, PB=parsable bottom
|   0|0x0000000748c00000, 0x0000000748e00000, 0x0000000748e00000|100%| O|  |TAMS 0x0000000748c00000| PB 0x0000000748c00000| Untracked 
|   1|0x0000000748e00000, 0x0000000748f7fb70, 0x0000000749000000| 74%| O|  |TAMS 0x0000000748e00000| PB 0x0000000748e00000| Untracked 
|   2|0x0000000749000000, 0x0000000749000000, 0x0000000749200000|  0%| F|  |TAMS 0x0000000749000000| PB 0x0000000749000000| Untracked 
|   3|0x0000000749200000, 0x0000000749200000, 0x0000000749400000|  0%| F|  |TAMS 0x0000000749200000| PB 0x0000000749200000| Untracked 
|   4|0x0000000749400000, 0x0000000749400000, 0x0000000749600000|  0%| F|  |TAMS 0x0000000749400000| PB 0x0000000749400000| Untracked 
|   5|0x0000000749600000, 0x0000000749600000, 0x0000000749800000|  0%| F|  |TAMS 0x0000000749600000| PB 0x0000000749600000| Untracked 
|   6|0x0000000749800000, 0x0000000749800000, 0x0000000749a00000|  0%| F|  |TAMS 0x0000000749800000| PB 0x0000000749800000| Untracked 
|   7|0x0000000749a00000, 0x0000000749a00000, 0x0000000749c00000|  0%| F|  |TAMS 0x0000000749a00000| PB 0x0000000749a00000| Untracked 
|   8|0x0000000749c00000, 0x0000000749c00000, 0x0000000749e00000|  0%| F|  |TAMS 0x0000000749c00000| PB 0x0000000749c00000| Untracked 
|   9|0x0000000749e00000, 0x0000000749e00000, 0x000000074a000000|  0%| F|  |TAMS 0x0000000749e00000| PB 0x0000000749e00000| Untracked 
|  10|0x000000074a000000, 0x000000074a000000, 0x000000074a200000|  0%| F|  |TAMS 0x000000074a000000| PB 0x000000074a000000| Untracked 
|  11|0x000000074a200000, 0x000000074a200000, 0x000000074a400000|  0%| F|  |TAMS 0x000000074a200000| PB 0x000000074a200000| Untracked 
|  12|0x000000074a400000, 0x000000074a400000, 0x000000074a600000|  0%| F|  |TAMS 0x000000074a400000| PB 0x000000074a400000| Untracked 
|  13|0x000000074a600000, 0x000000074a600000, 0x000000074a800000|  0%| F|  |TAMS 0x000000074a600000| PB 0x000000074a600000| Untracked 
|  14|0x000000074a800000, 0x000000074a800000, 0x000000074aa00000|  0%| F|  |TAMS 0x000000074a800000| PB 0x000000074a800000| Untracked 
|  15|0x000000074aa00000, 0x000000074aa00000, 0x000000074ac00000|  0%| F|  |TAMS 0x000000074aa00000| PB 0x000000074aa00000| Untracked 
|  16|0x000000074ac00000, 0x000000074ac00000, 0x000000074ae00000|  0%| F|  |TAMS 0x000000074ac00000| PB 0x000000074ac00000| Untracked 
|  17|0x000000074ae00000, 0x000000074ae00000, 0x000000074b000000|  0%| F|  |TAMS 0x000000074ae00000| PB 0x000000074ae00000| Untracked 
|  18|0x000000074b000000, 0x000000074b000000, 0x000000074b200000|  0%| F|  |TAMS 0x000000074b000000| PB 0x000000074b000000| Untracked 
|  19|0x000000074b200000, 0x000000074b200000, 0x000000074b400000|  0%| F|  |TAMS 0x000000074b200000| PB 0x000000074b200000| Untracked 
|  20|0x000000074b400000, 0x000000074b400000, 0x000000074b600000|  0%| F|  |TAMS 0x000000074b400000| PB 0x000000074b400000| Untracked 
|  21|0x000000074b600000, 0x000000074b600000, 0x000000074b800000|  0%| F|  |TAMS 0x000000074b600000| PB 0x000000074b600000| Untracked 
|  22|0x000000074b800000, 0x000000074b800000, 0x000000074ba00000|  0%| F|  |TAMS 0x000000074b800000| PB 0x000000074b800000| Untracked 
|  23|0x000000074ba00000, 0x000000074ba00000, 0x000000074bc00000|  0%| F|  |TAMS 0x000000074ba00000| PB 0x000000074ba00000| Untracked 
|  24|0x000000074bc00000, 0x000000074bc00000, 0x000000074be00000|  0%| F|  |TAMS 0x000000074bc00000| PB 0x000000074bc00000| Untracked 
|  25|0x000000074be00000, 0x000000074be00000, 0x000000074c000000|  0%| F|  |TAMS 0x000000074be00000| PB 0x000000074be00000| Untracked 
|  26|0x000000074c000000, 0x000000074c000000, 0x000000074c200000|  0%| F|  |TAMS 0x000000074c000000| PB 0x000000074c000000| Untracked 
|  27|0x000000074c200000, 0x000000074c200000, 0x000000074c400000|  0%| F|  |TAMS 0x000000074c200000| PB 0x000000074c200000| Untracked 
|  28|0x000000074c400000, 0x000000074c400000, 0x000000074c600000|  0%| F|  |TAMS 0x000000074c400000| PB 0x000000074c400000| Untracked 
|  29|0x000000074c600000, 0x000000074c600000, 0x000000074c800000|  0%| F|  |TAMS 0x000000074c600000| PB 0x000000074c600000| Untracked 
|  30|0x000000074c800000, 0x000000074c800000, 0x000000074ca00000|  0%| F|  |TAMS 0x000000074c800000| PB 0x000000074c800000| Untracked 
|  31|0x000000074ca00000, 0x000000074cc00000, 0x000000074cc00000|100%| S|CS|TAMS 0x000000074ca00000| PB 0x000000074ca00000| Complete 
|  32|0x000000074cc00000, 0x000000074ce00000, 0x000000074ce00000|100%| S|CS|TAMS 0x000000074cc00000| PB 0x000000074cc00000| Complete 
|  33|0x000000074ce00000, 0x000000074d000000, 0x000000074d000000|100%| S|CS|TAMS 0x000000074ce00000| PB 0x000000074ce00000| Complete 
|  34|0x000000074d000000, 0x000000074d200000, 0x000000074d200000|100%| S|CS|TAMS 0x000000074d000000| PB 0x000000074d000000| Complete 
|  35|0x000000074d200000, 0x000000074d400000, 0x000000074d400000|100%| S|CS|TAMS 0x000000074d200000| PB 0x000000074d200000| Complete 
|  36|0x000000074d400000, 0x000000074d600000, 0x000000074d600000|100%| S|CS|TAMS 0x000000074d400000| PB 0x000000074d400000| Complete 
|  37|0x000000074d600000, 0x000000074d600000, 0x000000074d800000|  0%| F|  |TAMS 0x000000074d600000| PB 0x000000074d600000| Untracked 
|  38|0x000000074d800000, 0x000000074d800000, 0x000000074da00000|  0%| F|  |TAMS 0x000000074d800000| PB 0x000000074d800000| Untracked 
|  39|0x000000074da00000, 0x000000074da00000, 0x000000074dc00000|  0%| F|  |TAMS 0x000000074da00000| PB 0x000000074da00000| Untracked 
|  40|0x000000074dc00000, 0x000000074dc00000, 0x000000074de00000|  0%| F|  |TAMS 0x000000074dc00000| PB 0x000000074dc00000| Untracked 
|  41|0x000000074de00000, 0x000000074de00000, 0x000000074e000000|  0%| F|  |TAMS 0x000000074de00000| PB 0x000000074de00000| Untracked 
|  42|0x000000074e000000, 0x000000074e000000, 0x000000074e200000|  0%| F|  |TAMS 0x000000074e000000| PB 0x000000074e000000| Untracked 
|  43|0x000000074e200000, 0x000000074e200000, 0x000000074e400000|  0%| F|  |TAMS 0x000000074e200000| PB 0x000000074e200000| Untracked 
|  44|0x000000074e400000, 0x000000074e400000, 0x000000074e600000|  0%| F|  |TAMS 0x000000074e400000| PB 0x000000074e400000| Untracked 
|  45|0x000000074e600000, 0x000000074e600000, 0x000000074e800000|  0%| F|  |TAMS 0x000000074e600000| PB 0x000000074e600000| Untracked 
|  46|0x000000074e800000, 0x000000074e800000, 0x000000074ea00000|  0%| F|  |TAMS 0x000000074e800000| PB 0x000000074e800000| Untracked 
|  47|0x000000074ea00000, 0x000000074ea00000, 0x000000074ec00000|  0%| F|  |TAMS 0x000000074ea00000| PB 0x000000074ea00000| Untracked 
|  48|0x000000074ec00000, 0x000000074ec00000, 0x000000074ee00000|  0%| F|  |TAMS 0x000000074ec00000| PB 0x000000074ec00000| Untracked 
|  49|0x000000074ee00000, 0x000000074ee00000, 0x000000074f000000|  0%| F|  |TAMS 0x000000074ee00000| PB 0x000000074ee00000| Untracked 
|  50|0x000000074f000000, 0x000000074f000000, 0x000000074f200000|  0%| F|  |TAMS 0x000000074f000000| PB 0x000000074f000000| Untracked 
|  51|0x000000074f200000, 0x000000074f200000, 0x000000074f400000|  0%| F|  |TAMS 0x000000074f200000| PB 0x000000074f200000| Untracked 
|  52|0x000000074f400000, 0x000000074f400000, 0x000000074f600000|  0%| F|  |TAMS 0x000000074f400000| PB 0x000000074f400000| Untracked 
|  53|0x000000074f600000, 0x000000074f600000, 0x000000074f800000|  0%| F|  |TAMS 0x000000074f600000| PB 0x000000074f600000| Untracked 
|  54|0x000000074f800000, 0x000000074f800000, 0x000000074fa00000|  0%| F|  |TAMS 0x000000074f800000| PB 0x000000074f800000| Untracked 
|  55|0x000000074fa00000, 0x000000074fa00000, 0x000000074fc00000|  0%| F|  |TAMS 0x000000074fa00000| PB 0x000000074fa00000| Untracked 
|  56|0x000000074fc00000, 0x000000074fc00000, 0x000000074fe00000|  0%| F|  |TAMS 0x000000074fc00000| PB 0x000000074fc00000| Untracked 
|  57|0x000000074fe00000, 0x000000074fe00000, 0x0000000750000000|  0%| F|  |TAMS 0x000000074fe00000| PB 0x000000074fe00000| Untracked 
|  58|0x0000000750000000, 0x0000000750000000, 0x0000000750200000|  0%| F|  |TAMS 0x0000000750000000| PB 0x0000000750000000| Untracked 
|  59|0x0000000750200000, 0x0000000750200000, 0x0000000750400000|  0%| F|  |TAMS 0x0000000750200000| PB 0x0000000750200000| Untracked 
|  60|0x0000000750400000, 0x0000000750400000, 0x0000000750600000|  0%| F|  |TAMS 0x0000000750400000| PB 0x0000000750400000| Untracked 
|  61|0x0000000750600000, 0x0000000750600000, 0x0000000750800000|  0%| F|  |TAMS 0x0000000750600000| PB 0x0000000750600000| Untracked 
|  62|0x0000000750800000, 0x0000000750800000, 0x0000000750a00000|  0%| F|  |TAMS 0x0000000750800000| PB 0x0000000750800000| Untracked 
|  63|0x0000000750a00000, 0x0000000750a00000, 0x0000000750c00000|  0%| F|  |TAMS 0x0000000750a00000| PB 0x0000000750a00000| Untracked 
|  64|0x0000000750c00000, 0x0000000750c00000, 0x0000000750e00000|  0%| F|  |TAMS 0x0000000750c00000| PB 0x0000000750c00000| Untracked 
|  65|0x0000000750e00000, 0x0000000750e00000, 0x0000000751000000|  0%| F|  |TAMS 0x0000000750e00000| PB 0x0000000750e00000| Untracked 
|  66|0x0000000751000000, 0x0000000751000000, 0x0000000751200000|  0%| F|  |TAMS 0x0000000751000000| PB 0x0000000751000000| Untracked 
|  67|0x0000000751200000, 0x0000000751200000, 0x0000000751400000|  0%| F|  |TAMS 0x0000000751200000| PB 0x0000000751200000| Untracked 
|  68|0x0000000751400000, 0x0000000751400000, 0x0000000751600000|  0%| F|  |TAMS 0x0000000751400000| PB 0x0000000751400000| Untracked 
|  69|0x0000000751600000, 0x0000000751600000, 0x0000000751800000|  0%| F|  |TAMS 0x0000000751600000| PB 0x0000000751600000| Untracked 
|  70|0x0000000751800000, 0x0000000751800000, 0x0000000751a00000|  0%| F|  |TAMS 0x0000000751800000| PB 0x0000000751800000| Untracked 
|  71|0x0000000751a00000, 0x0000000751c00000, 0x0000000751c00000|100%| E|  |TAMS 0x0000000751a00000| PB 0x0000000751a00000| Complete 
|  72|0x0000000751c00000, 0x0000000751e00000, 0x0000000751e00000|100%| E|CS|TAMS 0x0000000751c00000| PB 0x0000000751c00000| Complete 
|  73|0x0000000751e00000, 0x0000000752000000, 0x0000000752000000|100%| E|CS|TAMS 0x0000000751e00000| PB 0x0000000751e00000| Complete 
|  74|0x0000000752000000, 0x0000000752200000, 0x0000000752200000|100%| E|CS|TAMS 0x0000000752000000| PB 0x0000000752000000| Complete 
|  75|0x0000000752200000, 0x0000000752400000, 0x0000000752400000|100%| E|CS|TAMS 0x0000000752200000| PB 0x0000000752200000| Complete 
|  76|0x0000000752400000, 0x0000000752600000, 0x0000000752600000|100%| E|CS|TAMS 0x0000000752400000| PB 0x0000000752400000| Complete 
|  77|0x0000000752600000, 0x0000000752800000, 0x0000000752800000|100%| E|CS|TAMS 0x0000000752600000| PB 0x0000000752600000| Complete 
|  78|0x0000000752800000, 0x0000000752a00000, 0x0000000752a00000|100%| E|CS|TAMS 0x0000000752800000| PB 0x0000000752800000| Complete 
|  79|0x0000000752a00000, 0x0000000752c00000, 0x0000000752c00000|100%| E|CS|TAMS 0x0000000752a00000| PB 0x0000000752a00000| Complete 
|  80|0x0000000752c00000, 0x0000000752e00000, 0x0000000752e00000|100%| E|CS|TAMS 0x0000000752c00000| PB 0x0000000752c00000| Complete 
|  81|0x0000000752e00000, 0x0000000753000000, 0x0000000753000000|100%| E|CS|TAMS 0x0000000752e00000| PB 0x0000000752e00000| Complete 
|  82|0x0000000753000000, 0x0000000753200000, 0x0000000753200000|100%| E|CS|TAMS 0x0000000753000000| PB 0x0000000753000000| Complete 
|  83|0x0000000753200000, 0x0000000753400000, 0x0000000753400000|100%| E|CS|TAMS 0x0000000753200000| PB 0x0000000753200000| Complete 
|  84|0x0000000753400000, 0x0000000753600000, 0x0000000753600000|100%| E|CS|TAMS 0x0000000753400000| PB 0x0000000753400000| Complete 
|  85|0x0000000753600000, 0x0000000753800000, 0x0000000753800000|100%| E|CS|TAMS 0x0000000753600000| PB 0x0000000753600000| Complete 
|  86|0x0000000753800000, 0x0000000753a00000, 0x0000000753a00000|100%| E|CS|TAMS 0x0000000753800000| PB 0x0000000753800000| Complete 
|  87|0x0000000753a00000, 0x0000000753c00000, 0x0000000753c00000|100%| E|CS|TAMS 0x0000000753a00000| PB 0x0000000753a00000| Complete 
|  88|0x0000000753c00000, 0x0000000753e00000, 0x0000000753e00000|100%| E|CS|TAMS 0x0000000753c00000| PB 0x0000000753c00000| Complete 
|  89|0x0000000753e00000, 0x0000000754000000, 0x0000000754000000|100%| E|CS|TAMS 0x0000000753e00000| PB 0x0000000753e00000| Complete 
|  90|0x0000000754000000, 0x0000000754200000, 0x0000000754200000|100%| E|CS|TAMS 0x0000000754000000| PB 0x0000000754000000| Complete 
|  91|0x0000000754200000, 0x0000000754400000, 0x0000000754400000|100%| E|CS|TAMS 0x0000000754200000| PB 0x0000000754200000| Complete 

Card table byte_map: [0x0000022ff7230000,0x0000022ff77f0000] _byte_map_base: 0x0000022ff37ea000

Marking Bits: (CMBitMap*) 0x0000022fee4df180
 Bits: [0x0000022ff77f0000, 0x0000022ffa5c0000)

Polling page: 0x0000022fec300000

Metaspace:

Usage:
  Non-class:     14.49 MB used.
      Class:      1.81 MB used.
       Both:     16.30 MB used.

Virtual space:
  Non-class space:       64.00 MB reserved,      14.62 MB ( 23%) committed,  1 nodes.
      Class space:        1.00 GB reserved,       1.94 MB ( <1%) committed,  1 nodes.
             Both:        1.06 GB reserved,      16.56 MB (  2%) committed. 

Chunk freelists:
   Non-Class:  1.22 MB
       Class:  13.93 MB
        Both:  15.15 MB

MaxMetaspaceSize: unlimited
CompressedClassSpaceSize: 1.00 GB
Initial GC threshold: 21.00 MB
Current GC threshold: 21.00 MB
CDS: on
 - commit_granule_bytes: 65536.
 - commit_granule_words: 8192.
 - virtual_space_node_default_size: 8388608.
 - enlarge_chunks_in_place: 1.
 - use_allocation_guard: 0.


Internal statistics:

num_allocs_failed_limit: 0.
num_arena_births: 170.
num_arena_deaths: 0.
num_vsnodes_births: 2.
num_vsnodes_deaths: 0.
num_space_committed: 265.
num_space_uncommitted: 0.
num_chunks_returned_to_freelist: 0.
num_chunks_taken_from_freelist: 710.
num_chunk_merges: 0.
num_chunk_splits: 505.
num_chunks_enlarged: 419.
num_inconsistent_stats: 0.

CodeHeap 'non-profiled nmethods': size=120000Kb used=2632Kb max_used=2632Kb free=117368Kb
 bounds [0x0000022f87ad0000, 0x0000022f87d70000, 0x0000022f8f000000]
CodeHeap 'profiled nmethods': size=120000Kb used=10403Kb max_used=10403Kb free=109596Kb
 bounds [0x0000022f80000000, 0x0000022f80a30000, 0x0000022f87530000]
CodeHeap 'non-nmethods': size=5760Kb used=1393Kb max_used=1447Kb free=4366Kb
 bounds [0x0000022f87530000, 0x0000022f877a0000, 0x0000022f87ad0000]
 total_blobs=5216 nmethods=4727 adapters=393
 compilation: enabled
              stopped_count=0, restarted_count=0
 full_count=0

Compilation events (20 events):
Event: 34.564 Thread 0x0000022ffcfc7960 nmethod 4720 0x0000022f80a22210 code [0x0000022f80a224e0, 0x0000022f80a23220]
Event: 34.564 Thread 0x0000022ffcfc7960 4719       1       org.apache.maven.model.building.ModelCacheTag$1::getType (3 bytes)
Event: 34.564 Thread 0x0000022ffcfc7960 nmethod 4719 0x0000022f87d61990 code [0x0000022f87d61b20, 0x0000022f87d61bf0]
Event: 34.566 Thread 0x0000022ffcfc7960 4721       3       org.eclipse.aether.graph.Dependency$Exclusions::iterator (9 bytes)
Event: 34.566 Thread 0x0000022ffcfc7960 nmethod 4721 0x0000022f80a23790 code [0x0000022f80a23940, 0x0000022f80a23bc8]
Event: 34.570 Thread 0x0000022ffcfc7960 4722       3       java.lang.ThreadLocal::setInitialValue (64 bytes)
Event: 34.570 Thread 0x0000022ffcfc7960 nmethod 4722 0x0000022f80a23d10 code [0x0000022f80a23f60, 0x0000022f80a249e0]
Event: 34.574 Thread 0x0000022ffcfc7960 4723       3       org.eclipse.aether.util.repository.DefaultAuthenticationSelector::getAuthentication (24 bytes)
Event: 34.575 Thread 0x0000022ffcfc7960 nmethod 4723 0x0000022f80a24c90 code [0x0000022f80a24e80, 0x0000022f80a25320]
Event: 34.575 Thread 0x0000022ffcfc7960 4725       3       java.util.concurrent.atomic.AtomicInteger::<init> (10 bytes)
Event: 34.575 Thread 0x0000022ffcfc7960 nmethod 4725 0x0000022f80a25510 code [0x0000022f80a256c0, 0x0000022f80a25890]
Event: 34.575 Thread 0x0000022ffcfc7960 4724       3       org.eclipse.aether.util.repository.DefaultProxySelector::getProxy (230 bytes)
Event: 34.577 Thread 0x0000022ffcfc7960 nmethod 4724 0x0000022f80a25990 code [0x0000022f80a25da0, 0x0000022f80a27970]
Event: 34.577 Thread 0x0000022ffcfc4050 4726       4       java.io.BufferedReader::implReadLine (301 bytes)
Event: 34.579 Thread 0x0000022ffe135250 4727       4       org.apache.maven.model.merge.ModelMerger$DependencyKeyComputer::<init> (6 bytes)
Event: 34.580 Thread 0x0000022ffcfc7960 4728       3       java.util.ArrayList::set (24 bytes)
Event: 34.581 Thread 0x0000022ffcfc7960 nmethod 4728 0x0000022f80a28290 code [0x0000022f80a28460, 0x0000022f80a288b8]
Event: 34.581 Thread 0x0000022ffe135250 nmethod 4727 0x0000022f87d61c90 code [0x0000022f87d61e20, 0x0000022f87d61f80]
Event: 34.582 Thread 0x0000022ffcfc7960 4729       3       org.eclipse.aether.resolution.ArtifactDescriptorResult::setArtifact (7 bytes)
Event: 34.582 Thread 0x0000022ffcfc7960 nmethod 4729 0x0000022f80a28a90 code [0x0000022f80a28c20, 0x0000022f80a28d80]

GC Heap History (6 events):
Event: 13.619 GC heap before
{Heap before GC invocations=0 (full 0):
 garbage-first heap   total 188416K, used 22528K [0x0000000748c00000, 0x0000000800000000)
  region size 2048K, 11 young (22528K), 0 survivors (0K)
 Metaspace       used 5622K, committed 5824K, reserved 1114112K
  class space    used 645K, committed 768K, reserved 1048576K
}
Event: 15.148 GC heap after
{Heap after GC invocations=1 (full 0):
 garbage-first heap   total 188416K, used 3840K [0x0000000748c00000, 0x0000000800000000)
  region size 2048K, 2 young (4096K), 2 survivors (4096K)
 Metaspace       used 5622K, committed 5824K, reserved 1114112K
  class space    used 645K, committed 768K, reserved 1048576K
}
Event: 19.655 GC heap before
{Heap before GC invocations=1 (full 0):
 garbage-first heap   total 188416K, used 34560K [0x0000000748c00000, 0x0000000800000000)
  region size 2048K, 17 young (34816K), 2 survivors (4096K)
 Metaspace       used 9607K, committed 9792K, reserved 1114112K
  class space    used 1127K, committed 1216K, reserved 1048576K
}
Event: 19.662 GC heap after
{Heap after GC invocations=2 (full 0):
 garbage-first heap   total 188416K, used 5224K [0x0000000748c00000, 0x0000000800000000)
  region size 2048K, 1 young (2048K), 1 survivors (2048K)
 Metaspace       used 9607K, committed 9792K, reserved 1114112K
  class space    used 1127K, committed 1216K, reserved 1048576K
}
Event: 32.605 GC heap before
{Heap before GC invocations=2 (full 0):
 garbage-first heap   total 188416K, used 113768K [0x0000000748c00000, 0x0000000800000000)
  region size 2048K, 55 young (112640K), 1 survivors (2048K)
 Metaspace       used 16465K, committed 16768K, reserved 1114112K
  class space    used 1849K, committed 1984K, reserved 1048576K
}
Event: 32.626 GC heap after
{Heap after GC invocations=3 (full 0):
 garbage-first heap   total 188416K, used 15870K [0x0000000748c00000, 0x0000000800000000)
  region size 2048K, 6 young (12288K), 6 survivors (12288K)
 Metaspace       used 16465K, committed 16768K, reserved 1114112K
  class space    used 1849K, committed 1984K, reserved 1048576K
}

Dll operation events (8 events):
Event: 0.205 Loaded shared library C:\Program Files\Java\jdk-21\bin\java.dll
Event: 1.865 Loaded shared library C:\Program Files\Java\jdk-21\bin\net.dll
Event: 1.866 Loaded shared library C:\Program Files\Java\jdk-21\bin\jsvml.dll
Event: 1.870 Loaded shared library C:\Program Files\Java\jdk-21\bin\nio.dll
Event: 1.877 Loaded shared library C:\Program Files\Java\jdk-21\bin\zip.dll
Event: 2.663 Loaded shared library C:\Users\2oleg\Downloads\apache-maven-3.9.11-bin\apache-maven-3.9.11\lib\jansi-native\Windows\x86_64\jansi.dll
Event: 2.961 Loaded shared library C:\Program Files\Java\jdk-21\bin\verify.dll
Event: 3.283 Loaded shared library C:\Program Files\Java\jdk-21\bin\jimage.dll

Deoptimization events (20 events):
Event: 33.176 Thread 0x0000022fec384110 Uncommon trap: trap_request=0xffffffde fr.pc=0x0000022f87b14ea0 relative=0x0000000000000ea0
Event: 33.176 Thread 0x0000022fec384110 Uncommon trap: reason=class_check action=maybe_recompile pc=0x0000022f87b14ea0 method=java.util.concurrent.ConcurrentHashMap.putVal(Ljava/lang/Object;Ljava/lang/Object;Z)Ljava/lang/Object; @ 242 c2
Event: 33.176 Thread 0x0000022fec384110 DEOPT PACKING pc=0x0000022f87b14ea0 sp=0x000000632c8fced0
Event: 33.176 Thread 0x0000022fec384110 DEOPT UNPACKING pc=0x0000022f875846a2 sp=0x000000632c8fce40 mode 2
Event: 33.176 Thread 0x0000022fec384110 Uncommon trap: trap_request=0xffffffde fr.pc=0x0000022f87b14ea0 relative=0x0000000000000ea0
Event: 33.176 Thread 0x0000022fec384110 Uncommon trap: reason=class_check action=maybe_recompile pc=0x0000022f87b14ea0 method=java.util.concurrent.ConcurrentHashMap.putVal(Ljava/lang/Object;Ljava/lang/Object;Z)Ljava/lang/Object; @ 242 c2
Event: 33.176 Thread 0x0000022fec384110 DEOPT PACKING pc=0x0000022f87b14ea0 sp=0x000000632c8fca50
Event: 33.176 Thread 0x0000022fec384110 DEOPT UNPACKING pc=0x0000022f875846a2 sp=0x000000632c8fc9c0 mode 2
Event: 33.334 Thread 0x0000022fec384110 Uncommon trap: trap_request=0xffffff45 fr.pc=0x0000022f87bf0cfc relative=0x00000000000002bc
Event: 33.336 Thread 0x0000022fec384110 Uncommon trap: reason=unstable_if action=reinterpret pc=0x0000022f87bf0cfc method=java.util.concurrent.ConcurrentHashMap.get(Ljava/lang/Object;)Ljava/lang/Object; @ 152 c2
Event: 33.337 Thread 0x0000022fec384110 DEOPT PACKING pc=0x0000022f87bf0cfc sp=0x000000632c8fcf60
Event: 33.337 Thread 0x0000022fec384110 DEOPT UNPACKING pc=0x0000022f875846a2 sp=0x000000632c8fced8 mode 2
Event: 33.939 Thread 0x0000022fec384110 Uncommon trap: trap_request=0xffffff45 fr.pc=0x0000022f87d432e8 relative=0x00000000000022e8
Event: 33.939 Thread 0x0000022fec384110 Uncommon trap: reason=unstable_if action=reinterpret pc=0x0000022f87d432e8 method=org.codehaus.plexus.interpolation.util.StringUtils.capitalizeFirstLetter(Ljava/lang/String;)Ljava/lang/String; @ 13 c2
Event: 33.939 Thread 0x0000022fec384110 DEOPT PACKING pc=0x0000022f87d432e8 sp=0x000000632c8fc1d0
Event: 33.939 Thread 0x0000022fec384110 DEOPT UNPACKING pc=0x0000022f875846a2 sp=0x000000632c8fc138 mode 2
Event: 33.939 Thread 0x0000022fec384110 Uncommon trap: trap_request=0xffffff45 fr.pc=0x0000022f87d4828c relative=0x0000000000000e4c
Event: 33.939 Thread 0x0000022fec384110 Uncommon trap: reason=unstable_if action=reinterpret pc=0x0000022f87d4828c method=org.codehaus.plexus.interpolation.util.StringUtils.capitalizeFirstLetter(Ljava/lang/String;)Ljava/lang/String; @ 13 c2
Event: 33.939 Thread 0x0000022fec384110 DEOPT PACKING pc=0x0000022f87d4828c sp=0x000000632c8fc170
Event: 33.939 Thread 0x0000022fec384110 DEOPT UNPACKING pc=0x0000022f875846a2 sp=0x000000632c8fc140 mode 2

Classes loaded (20 events):
Event: 27.480 Loading class sun/nio/fs/WindowsException
Event: 27.480 Loading class sun/nio/fs/WindowsException done
Event: 27.480 Loading class sun/nio/fs/WindowsDirectoryStream
Event: 27.481 Loading class java/nio/file/DirectoryStream
Event: 27.481 Loading class java/nio/file/DirectoryStream done
Event: 27.481 Loading class sun/nio/fs/WindowsDirectoryStream done
Event: 27.481 Loading class java/nio/file/NoSuchFileException
Event: 27.481 Loading class java/nio/file/NoSuchFileException done
Event: 28.132 Loading class java/util/stream/MatchOps$MatchKind
Event: 28.132 Loading class java/util/stream/MatchOps$MatchKind done
Event: 28.132 Loading class java/util/stream/MatchOps
Event: 28.132 Loading class java/util/stream/MatchOps done
Event: 28.132 Loading class java/util/stream/MatchOps$MatchOp
Event: 28.133 Loading class java/util/stream/MatchOps$MatchOp done
Event: 28.133 Loading class java/util/stream/MatchOps$BooleanTerminalSink
Event: 28.133 Loading class java/util/stream/MatchOps$BooleanTerminalSink done
Event: 28.248 Loading class java/util/stream/MatchOps$1MatchSink
Event: 28.248 Loading class java/util/stream/MatchOps$1MatchSink done
Event: 32.814 Loading class sun/nio/cs/ISO_8859_1$Decoder
Event: 32.815 Loading class sun/nio/cs/ISO_8859_1$Decoder done

Classes unloaded (0 events):
No events

Classes redefined (0 events):
No events

Internal exceptions (20 events):
Event: 28.560 Thread 0x0000022fec384110 Exception <a 'sun/nio/fs/WindowsException'{0x0000000750a4e780}> (0x0000000750a4e780) 
thrown [s\open\src\hotspot\share\prims\jni.cpp, line 520]
Event: 28.590 Thread 0x0000022fec384110 Exception <a 'sun/nio/fs/WindowsException'{0x0000000750ab7600}> (0x0000000750ab7600) 
thrown [s\open\src\hotspot\share\prims\jni.cpp, line 520]
Event: 28.590 Thread 0x0000022fec384110 Exception <a 'sun/nio/fs/WindowsException'{0x0000000750ab78e0}> (0x0000000750ab78e0) 
thrown [s\open\src\hotspot\share\prims\jni.cpp, line 520]
Event: 28.693 Thread 0x0000022fec384110 Implicit null exception at 0x0000022f87c1e9d0 to 0x0000022f87c1fcdc
Event: 28.693 Thread 0x0000022fec384110 Implicit null exception at 0x0000022f87bbd01b to 0x0000022f87bbd214
Event: 28.693 Thread 0x0000022fec384110 Implicit null exception at 0x0000022f87bd380d to 0x0000022f87bd407c
Event: 30.504 Thread 0x0000022fec384110 Exception <a 'sun/nio/fs/WindowsException'{0x000000074ed58a20}> (0x000000074ed58a20) 
thrown [s\open\src\hotspot\share\prims\jni.cpp, line 520]
Event: 30.504 Thread 0x0000022fec384110 Exception <a 'sun/nio/fs/WindowsException'{0x000000074ed58d38}> (0x000000074ed58d38) 
thrown [s\open\src\hotspot\share\prims\jni.cpp, line 520]
Event: 32.881 Thread 0x0000022fec384110 Exception <a 'sun/nio/fs/WindowsException'{0x0000000753c09be8}> (0x0000000753c09be8) 
thrown [s\open\src\hotspot\share\prims\jni.cpp, line 520]
Event: 32.881 Thread 0x0000022fec384110 Exception <a 'sun/nio/fs/WindowsException'{0x0000000753c09ee8}> (0x0000000753c09ee8) 
thrown [s\open\src\hotspot\share\prims\jni.cpp, line 520]
Event: 33.442 Thread 0x0000022fec384110 Exception <a 'sun/nio/fs/WindowsException'{0x00000007533586f0}> (0x00000007533586f0) 
thrown [s\open\src\hotspot\share\prims\jni.cpp, line 520]
Event: 33.442 Thread 0x0000022fec384110 Exception <a 'sun/nio/fs/WindowsException'{0x00000007533589c0}> (0x00000007533589c0) 
thrown [s\open\src\hotspot\share\prims\jni.cpp, line 520]
Event: 33.526 Thread 0x0000022fec384110 Exception <a 'sun/nio/fs/WindowsException'{0x00000007530b3758}> (0x00000007530b3758) 
thrown [s\open\src\hotspot\share\prims\jni.cpp, line 520]
Event: 33.526 Thread 0x0000022fec384110 Exception <a 'sun/nio/fs/WindowsException'{0x00000007530b3a78}> (0x00000007530b3a78) 
thrown [s\open\src\hotspot\share\prims\jni.cpp, line 520]
Event: 33.583 Thread 0x0000022fec384110 Exception <a 'sun/nio/fs/WindowsException'{0x0000000753110980}> (0x0000000753110980) 
thrown [s\open\src\hotspot\share\prims\jni.cpp, line 520]
Event: 33.583 Thread 0x0000022fec384110 Exception <a 'sun/nio/fs/WindowsException'{0x0000000753110cc8}> (0x0000000753110cc8) 
thrown [s\open\src\hotspot\share\prims\jni.cpp, line 520]
Event: 34.425 Thread 0x0000022fec384110 Exception <a 'sun/nio/fs/WindowsException'{0x0000000751e96050}> (0x0000000751e96050) 
thrown [s\open\src\hotspot\share\prims\jni.cpp, line 520]
Event: 34.425 Thread 0x0000022fec384110 Exception <a 'sun/nio/fs/WindowsException'{0x0000000751e96368}> (0x0000000751e96368) 
thrown [s\open\src\hotspot\share\prims\jni.cpp, line 520]
Event: 34.545 Thread 0x0000022fec384110 Exception <a 'sun/nio/fs/WindowsException'{0x0000000751c78930}> (0x0000000751c78930) 
thrown [s\open\src\hotspot\share\prims\jni.cpp, line 520]
Event: 34.545 Thread 0x0000022fec384110 Exception <a 'sun/nio/fs/WindowsException'{0x0000000751c78c30}> (0x0000000751c78c30) 
thrown [s\open\src\hotspot\share\prims\jni.cpp, line 520]

ZGC Phase Switch (0 events):
No events

VM Operations (20 events):
Event: 24.396 Executing VM operation: HandshakeAllThreads (Deoptimize)
Event: 24.397 Executing VM operation: HandshakeAllThreads (Deoptimize) done
Event: 24.622 Executing VM operation: HandshakeAllThreads (Deoptimize)
Event: 24.622 Executing VM operation: HandshakeAllThreads (Deoptimize) done
Event: 25.005 Executing VM operation: HandshakeAllThreads (Deoptimize)
Event: 25.005 Executing VM operation: HandshakeAllThreads (Deoptimize) done
Event: 25.006 Executing VM operation: HandshakeAllThreads (Deoptimize)
Event: 25.006 Executing VM operation: HandshakeAllThreads (Deoptimize) done
Event: 26.006 Executing VM operation: Cleanup
Event: 26.007 Executing VM operation: Cleanup done
Event: 28.007 Executing VM operation: Cleanup
Event: 28.008 Executing VM operation: Cleanup done
Event: 29.009 Executing VM operation: Cleanup
Event: 29.059 Executing VM operation: Cleanup done
Event: 30.059 Executing VM operation: Cleanup
Event: 30.059 Executing VM operation: Cleanup done
Event: 31.060 Executing VM operation: Cleanup
Event: 31.060 Executing VM operation: Cleanup done
Event: 32.604 Executing VM operation: G1CollectForAllocation (G1 Evacuation Pause)
Event: 32.626 Executing VM operation: G1CollectForAllocation (G1 Evacuation Pause) done

Events (20 events):
Event: 2.364 Thread 0x0000022ffd2a6d20 Thread added: 0x0000022ffd2a6d20
Event: 2.652 Thread 0x0000022ffd2a6d20 Thread exited: 0x0000022ffd2a6d20
Event: 2.658 Thread 0x0000022ffd2a6d20 Thread added: 0x0000022ffd2a6d20
Event: 9.729 Thread 0x0000022ffd2a6d20 Thread exited: 0x0000022ffd2a6d20
Event: 13.410 Thread 0x0000022ffd203160 Thread added: 0x0000022ffd203160
Event: 15.754 Thread 0x0000022ffd203160 Thread exited: 0x0000022ffd203160
Event: 24.736 Thread 0x0000022ffd73a470 Thread added: 0x0000022ffd73a470
Event: 25.436 Thread 0x0000022ffe795850 Thread added: 0x0000022ffe795850
Event: 26.214 Thread 0x0000022ffe795850 Thread exited: 0x0000022ffe795850
Event: 26.589 Thread 0x0000022ffe138200 Thread added: 0x0000022ffe138200
Event: 27.125 Thread 0x0000022ffe138200 Thread exited: 0x0000022ffe138200
Event: 27.933 Thread 0x0000022ffe1366c0 Thread added: 0x0000022ffe1366c0
Event: 28.253 Thread 0x0000022ffe1366c0 Thread exited: 0x0000022ffe1366c0
Event: 28.678 Thread 0x0000022ffe135ff0 Thread added: 0x0000022ffe135ff0
Event: 29.161 Thread 0x0000022ffe135ff0 Thread exited: 0x0000022ffe135ff0
Event: 29.314 Thread 0x0000022ffe1388d0 Thread added: 0x0000022ffe1388d0
Event: 30.902 Thread 0x0000022ffe1388d0 Thread exited: 0x0000022ffe1388d0
Event: 32.523 Thread 0x0000022ffe136d90 Thread added: 0x0000022ffe136d90
Event: 33.825 Thread 0x0000022ffe136d90 Thread exited: 0x0000022ffe136d90
Event: 34.314 Thread 0x0000022ffe135250 Thread added: 0x0000022ffe135250


Dynamic libraries:
0x00007ff703c60000 - 0x00007ff703c70000 	C:\Program Files\Java\jdk-21\bin\java.exe
0x00007ff9f5930000 - 0x00007ff9f5b28000 	C:\WINDOWS\SYSTEM32\ntdll.dll
0x00007ff9f5400000 - 0x00007ff9f54c2000 	C:\WINDOWS\System32\KERNEL32.DLL
0x00007ff9f3130000 - 0x00007ff9f3426000 	C:\WINDOWS\System32\KERNELBASE.dll
0x00007ff9e2300000 - 0x00007ff9e2319000 	C:\Program Files\Java\jdk-21\bin\jli.dll
0x00007ff9f3da0000 - 0x00007ff9f3e51000 	C:\WINDOWS\System32\ADVAPI32.dll
0x00007ff9e31d0000 - 0x00007ff9e31eb000 	C:\Program Files\Java\jdk-21\bin\VCRUNTIME140.dll
0x00007ff9f5820000 - 0x00007ff9f58be000 	C:\WINDOWS\System32\msvcrt.dll
0x00007ff9f3820000 - 0x00007ff9f3920000 	C:\WINDOWS\System32\ucrtbase.dll
0x00007ff9f4800000 - 0x00007ff9f489f000 	C:\WINDOWS\System32\sechost.dll
0x00007ff9f3c10000 - 0x00007ff9f3d30000 	C:\WINDOWS\System32\RPCRT4.dll
0x00007ff9f3560000 - 0x00007ff9f3587000 	C:\WINDOWS\System32\bcrypt.dll
0x00007ff9f3f40000 - 0x00007ff9f40e1000 	C:\WINDOWS\System32\USER32.dll
0x00007ff9f3100000 - 0x00007ff9f3122000 	C:\WINDOWS\System32\win32u.dll
0x00007ff9f47c0000 - 0x00007ff9f47eb000 	C:\WINDOWS\System32\GDI32.dll
0x00007ff9f2f90000 - 0x00007ff9f30a9000 	C:\WINDOWS\System32\gdi32full.dll
0x00007ff9f3590000 - 0x00007ff9f362d000 	C:\WINDOWS\System32\msvcp_win.dll
0x00007ff9e4da0000 - 0x00007ff9e503b000 	C:\WINDOWS\WinSxS\amd64_microsoft.windows.common-controls_6595b64144ccf1df_6.0.19041.6456_none_60b8a6cb71f64256\COMCTL32.dll
0x00007ff9ecd10000 - 0x00007ff9ecd1a000 	C:\WINDOWS\SYSTEM32\VERSION.dll
0x00007ff9f3f10000 - 0x00007ff9f3f3f000 	C:\WINDOWS\System32\IMM32.DLL
0x00007ff9ed3a0000 - 0x00007ff9ed3ac000 	C:\Program Files\Java\jdk-21\bin\vcruntime140_1.dll
0x00007ff9c7130000 - 0x00007ff9c71be000 	C:\Program Files\Java\jdk-21\bin\msvcp140.dll
0x00007ff98ebe0000 - 0x00007ff98f8fa000 	C:\Program Files\Java\jdk-21\bin\server\jvm.dll
0x00007ff9f4210000 - 0x00007ff9f427b000 	C:\WINDOWS\System32\WS2_32.dll
0x00007ff9f2df0000 - 0x00007ff9f2e3b000 	C:\WINDOWS\SYSTEM32\POWRPROF.dll
0x00007ff9e0140000 - 0x00007ff9e0167000 	C:\WINDOWS\SYSTEM32\WINMM.dll
0x00007ff9f2dd0000 - 0x00007ff9f2de2000 	C:\WINDOWS\SYSTEM32\UMPDC.dll
0x00007ff9f0dc0000 - 0x00007ff9f0dd2000 	C:\WINDOWS\SYSTEM32\kernel.appcore.dll
0x00007ff9ed370000 - 0x00007ff9ed37a000 	C:\Program Files\Java\jdk-21\bin\jimage.dll
0x00007ff9df840000 - 0x00007ff9dfa41000 	C:\WINDOWS\SYSTEM32\DBGHELP.DLL
0x00007ff9dd350000 - 0x00007ff9dd384000 	C:\WINDOWS\SYSTEM32\dbgcore.DLL
0x00007ff9f3630000 - 0x00007ff9f36b2000 	C:\WINDOWS\System32\bcryptPrimitives.dll
0x00007ff9e0be0000 - 0x00007ff9e0bff000 	C:\Program Files\Java\jdk-21\bin\java.dll
0x00007ff9f4930000 - 0x00007ff9f50a0000 	C:\WINDOWS\System32\SHELL32.dll
0x00007ff9f0fc0000 - 0x00007ff9f1765000 	C:\WINDOWS\SYSTEM32\windows.storage.dll
0x00007ff9f50a0000 - 0x00007ff9f53f4000 	C:\WINDOWS\System32\combase.dll
0x00007ff9f28e0000 - 0x00007ff9f290b000 	C:\WINDOWS\SYSTEM32\Wldp.dll
0x00007ff9f46f0000 - 0x00007ff9f47bd000 	C:\WINDOWS\System32\OLEAUT32.dll
0x00007ff9f3920000 - 0x00007ff9f39cd000 	C:\WINDOWS\System32\SHCORE.dll
0x00007ff9f57c0000 - 0x00007ff9f581b000 	C:\WINDOWS\System32\shlwapi.dll
0x00007ff9f2ec0000 - 0x00007ff9f2ee4000 	C:\WINDOWS\SYSTEM32\profapi.dll
0x00007ff9ebd20000 - 0x00007ff9ebd30000 	C:\Program Files\Java\jdk-21\bin\net.dll
0x00007ff9ec950000 - 0x00007ff9eca5a000 	C:\WINDOWS\SYSTEM32\WINHTTP.dll
0x00007ff9ab440000 - 0x00007ff9ab517000 	C:\Program Files\Java\jdk-21\bin\jsvml.dll
0x00007ff9f25f0000 - 0x00007ff9f265a000 	C:\WINDOWS\system32\mswsock.dll
0x00007ff9dbf20000 - 0x00007ff9dbf36000 	C:\Program Files\Java\jdk-21\bin\nio.dll
0x00007ff9d8a60000 - 0x00007ff9d8a78000 	C:\Program Files\Java\jdk-21\bin\zip.dll
0x00007ff9d0da0000 - 0x00007ff9d0dc4000 	C:\Users\2oleg\Downloads\apache-maven-3.9.11-bin\apache-maven-3.9.11\lib\jansi-native\Windows\x86_64\jansi.dll
0x00007ff9e8580000 - 0x00007ff9e8590000 	C:\Program Files\Java\jdk-21\bin\verify.dll

dbghelp: loaded successfully - version: 4.0.5 - missing functions: none
symbol engine: initialized successfully - sym options: 0x614 - pdb path: .;C:\Program Files\Java\jdk-21\bin;C:\WINDOWS\SYSTEM32;C:\WINDOWS\WinSxS\amd64_microsoft.windows.common-controls_6595b64144ccf1df_6.0.19041.6456_none_60b8a6cb71f64256;C:\Program Files\Java\jdk-21\bin\server;C:\Users\2oleg\Downloads\apache-maven-3.9.11-bin\apache-maven-3.9.11\lib\jansi-native\Windows\x86_64

VM Arguments:
jvm_args: --enable-native-access=ALL-UNNAMED -Dclassworlds.conf=C:\Users\2oleg\Downloads\apache-maven-3.9.11-bin\apache-maven-3.9.11\bin\m2.conf -Dmaven.home=C:\Users\2oleg\Downloads\apache-maven-3.9.11-bin\apache-maven-3.9.11 -Dlibrary.jansi.path=C:\Users\2oleg\Downloads\apache-maven-3.9.11-bin\apache-maven-3.9.11\lib\jansi-native -Dmaven.multiModuleProjectDirectory=C:\Users\2oleg\Downloads\Telegram Desktop\Kefir\Backend\TransactionSaga 
java_command: org.codehaus.plexus.classworlds.launcher.Launcher spring-boot:run -Dserver.port=8090 -DskipTests
java_class_path (initial): C:\Users\2oleg\Downloads\apache-maven-3.9.11-bin\apache-maven-3.9.11\boot\plexus-classworlds-2.9.0.jar
Launcher Type: SUN_STANDARD

[Global flags]
     intx CICompilerCount                          = 4                                         {product} {ergonomic}
     uint ConcGCThreads                            = 2                                         {product} {ergonomic}
     uint G1ConcRefinementThreads                  = 8                                         {product} {ergonomic}
   size_t G1HeapRegionSize                         = 2097152                                   {product} {ergonomic}
    uintx GCDrainStackTargetSize                   = 64                                        {product} {ergonomic}
   size_t InitialHeapSize                          = 192937984                                 {product} {ergonomic}
   size_t MarkStackSize                            = 4194304                                   {product} {ergonomic}
   size_t MaxHeapSize                              = 3074424832                                {product} {ergonomic}
   size_t MaxNewSize                               = 1843396608                                {product} {ergonomic}
   size_t MinHeapDeltaBytes                        = 2097152                                   {product} {ergonomic}
   size_t MinHeapSize                              = 8388608                                   {product} {ergonomic}
    uintx NonNMethodCodeHeapSize                   = 5839372                                {pd product} {ergonomic}
    uintx NonProfiledCodeHeapSize                  = 122909434                              {pd product} {ergonomic}
    uintx ProfiledCodeHeapSize                     = 122909434                              {pd product} {ergonomic}
    uintx ReservedCodeCacheSize                    = 251658240                              {pd product} {ergonomic}
     bool SegmentedCodeCache                       = true                                      {product} {ergonomic}
   size_t SoftMaxHeapSize                          = 3074424832                             {manageable} {ergonomic}
     bool UseCompressedOops                        = true                           {product lp64_product} {ergonomic}
     bool UseG1GC                                  = true                                      {product} {ergonomic}
     bool UseLargePagesIndividualAllocation        = false                                  {pd product} {ergonomic}

Logging:
Log output configuration:
 #0: stdout all=warning uptime,level,tags foldmultilines=false
 #1: stderr all=off uptime,level,tags foldmultilines=false

Environment Variables:
JAVA_HOME=C:\Program Files\Java\jdk-21
PATH=C:\Program Files\Common Files\Oracle\Java\javapath;C:\Program Files (x86)\Cuminas\Document Express DjVu Plug-in\;C:\Program Files (x86)\Razer Chroma SDK\bin;C:\Program Files\Razer Chroma SDK\bin;C:\WINDOWS\system32;C:\WINDOWS;C:\WINDOWS\System32\Wbem;C:\WINDOWS\System32\WindowsPowerShell\v1.0\;C:\WINDOWS\System32\OpenSSH\;C:\Program Files (x86)\NVIDIA Corporation\PhysX\Common;C:\WINDOWS\system32\config\systemprofile\AppData\Local\Microsoft\WindowsApps;C:\Program Files (x86)\Razer\ChromaBroadcast\bin;C:\Program Files\Razer\ChromaBroadcast\bin;C:\Users\2oleg\AppData\Local\Microsoft\WindowsApps;C:\Program Files\JetBrains\IntelliJ IDEA Community Edition 2024.3\bin;C:\Users\2oleg\AppData\Local\Programs\Microsoft VS Code\bin;C:\Program Files\Docker\Docker\resources\bin;C:\Users\2oleg\Downloads\curl-8.16.0_6-win64-mingw.zip\curl-8.16.0_6-win64-mingw\bin;C:\Users\2oleg\Downloads\curl-8.16.0_6-win64-mingw\curl-8.16.0_6-win64-mingw\bin;C:\Users\2oleg\Downloads\apache-maven-3.9.11-bin\apache-maven-3.9.11\bin;C:\ProgramData\chocolatey\bin;C:\Users\2oleg\AppData\Roaming\Cloud Foundry;C:\Program Files\Git\cmd;C:\Program Files\nodejs\;C:\Users\2oleg\AppData\Local\Muse Hub\lib;C:\Users\2oleg\AppData\Local\Microsoft\WindowsApps;C:\Program Files\JetBrains\IntelliJ IDEA Community Edition 2025.2.4\bin;C:\Users\2oleg\AppData\Local\Programs\Microsoft VS Code\bin;C:\Program Files\jq.exe;C:\Users\2oleg\AppData\Local\Microsoft\WinGet\Packages\jqlang.jq_Microsoft.Winget.Source_8wekyb3d8bbwe;C:\Program Files\Java\jdk-24;C:\Users\2oleg\Downloads\gradle-9.0.0-bin\gradle-9.0.0\bin;C:\Program Files\Docker\Docker\resources\bin;C:\Users\2oleg\AppData\Local\GitHubDesktop\bin;C:\Users\2oleg\AppData\Roaming\npm
USERNAME=2oleg
OS=Windows_NT
PROCESSOR_IDENTIFIER=Intel64 Family 6 Model 60 Stepping 3, GenuineIntel
TMP=C:\Users\2oleg\AppData\Local\Temp
TEMP=C:\Users\2oleg\AppData\Local\Temp




Periodic native trim disabled

---------------  S Y S T E M  ---------------

OS:
 Windows 10 , 64 bit Build 19041 (10.0.19041.5915)
OS uptime: 10 days 12:20 hours
Hyper-V role detected

CPU: total 8 (initial active 8) (4 cores per cpu, 2 threads per core) family 6 model 60 stepping 3 microcode 0x27, cx8, cmov, fxsr, ht, mmx, sse, sse2, sse3, ssse3, sse4.1, sse4.2, popcnt, lzcnt, tsc, tscinvbit, avx, avx2, aes, erms, clmul, bmi1, bmi2, fma, vzeroupper, clflush, hv, rdtscp, f16c
Processor Information for all 8 processors :
  Max Mhz: 2401, Current Mhz: 2401, Mhz Limit: 2401

Memory: 4k page, system-wide physical 11723M (903M free)
TotalPageFile size 23723M (AvailPageFile size 247M)
current process WorkingSet (physical memory assigned to process): 219M, peak: 219M
current process commit charge ("private bytes"): 318M, peak: 327M

vm_info: Java HotSpot(TM) 64-Bit Server VM (21.0.7+8-LTS-245) for windows-amd64 JRE (21.0.7+8-LTS-245), built on 2025-02-21T05:11:27Z by "mach5one" with MS VC++ 17.6 (VS2022)

END.
