#
# There is insufficient memory for the Java Runtime Environment to continue.
# Native memory allocation (malloc) failed to allocate 868576 bytes for Chunk::new
# Possible reasons:
#   The system is out of physical RAM or swap space
#   The process is running with CompressedOops enabled, and the Java Heap may be blocking the growth of the native heap
# Possible solutions:
#   Reduce memory load on the system
#   Increase physical memory or swap space
#   Check if swap backing store is full
#   Decrease Java heap size (-Xmx/-Xms)
#   Decrease number of Java threads
#   Decrease Java thread stack sizes (-Xss)
#   Set larger code cache with -XX:ReservedCodeCacheSize=
#   JVM is running with Zero Based Compressed Oops mode in which the Java heap is
#     placed in the first 32GB address space. The Java Heap base address is the
#     maximum limit for the native heap growth. Please use -XX:HeapBaseMinAddress
#     to set the Java Heap base and to place the Java Heap above 32GB virtual address.
# This output file may be truncated or incomplete.
#
#  Out of Memory Error (arena.cpp:168), pid=23852, tid=15744
#
# JRE version: Java(TM) SE Runtime Environment (21.0.7+8) (build 21.0.7+8-LTS-245)
# Java VM: Java HotSpot(TM) 64-Bit Server VM (21.0.7+8-LTS-245, mixed mode, sharing, tiered, compressed oops, compressed class ptrs, g1 gc, windows-amd64)
# No core dump will be written. Minidumps are not enabled by default on client versions of Windows
#

---------------  S U M M A R Y ------------

Command Line: --enable-native-access=ALL-UNNAMED -Dclassworlds.conf=C:\Users\2oleg\Downloads\apache-maven-3.9.11-bin\apache-maven-3.9.11\bin\m2.conf -Dmaven.home=C:\Users\2oleg\Downloads\apache-maven-3.9.11-bin\apache-maven-3.9.11 -Dlibrary.jansi.path=C:\Users\2oleg\Downloads\apache-maven-3.9.11-bin\apache-maven-3.9.11\lib\jansi-native -Dmaven.multiModuleProjectDirectory=C:\Users\2oleg\Downloads\Telegram Desktop\Kefir\Backend\TransactionSaga org.codehaus.plexus.classworlds.launcher.Launcher spring-boot:run -Dserver.port=8090 -DskipTests

Host: Intel(R) Core(TM) i7-4700HQ CPU @ 2.40GHz, 8 cores, 11G,  Windows 10 , 64 bit Build 19041 (10.0.19041.5915)
Time: Mon Dec 15 23:13:50 2025 RTZ 2 (s 10 , 64 bit Build 19041 (10.0.19041.5915) elapsed time: 13.862809 seconds (0d 0h 0m 13s)

---------------  T H R E A D  ---------------

Current thread (0x0000023efabc6620):  JavaThread "C2 CompilerThread0" daemon [_thread_in_native, id=15744, stack(0x000000aa70400000,0x000000aa70500000) (1024K)]


Current CompileTask:
C2:  13862 4558       4       org.apache.maven.model.inheritance.DefaultInheritanceAssembler$InheritanceModelMerger::mergePlugin (71 bytes)

Stack: [0x000000aa70400000,0x000000aa70500000]
Native frames: (J=compiled Java code, j=interpreted, Vv=VM code, C=native code)
V  [jvm.dll+0x6cae19]
V  [jvm.dll+0x855741]
V  [jvm.dll+0x857c6e]
V  [jvm.dll+0x858343]
V  [jvm.dll+0x27e0b6]
V  [jvm.dll+0xc4ecd]
V  [jvm.dll+0xc5403]
V  [jvm.dll+0x3b578c]
V  [jvm.dll+0x381e25]
V  [jvm.dll+0x38129a]
V  [jvm.dll+0x246b30]
V  [jvm.dll+0x24610f]
V  [jvm.dll+0x1c6efe]
V  [jvm.dll+0x255819]
V  [jvm.dll+0x253daa]
V  [jvm.dll+0x3eebb6]
V  [jvm.dll+0x7ffa1b]
V  [jvm.dll+0x6c94fd]
C  [ucrtbase.dll+0x21bb2]
C  [KERNEL32.DLL+0x17374]
C  [ntdll.dll+0x4cc91]


---------------  P R O C E S S  ---------------

Threads class SMR info:
_java_thread_list=0x0000023ed0b89e40, length=12, elements={
0x0000023ee9ebee40, 0x0000023efabbafa0, 0x0000023efabbbbf0, 0x0000023efabbe650,
0x0000023efabbf0a0, 0x0000023efabbfaf0, 0x0000023efabc0ce0, 0x0000023efabc6620,
0x0000023efac31f20, 0x0000023eff0b5ff0, 0x0000023eff0b9c40, 0x0000023eff031130
}

Java Threads: ( => current thread )
  0x0000023ee9ebee40 JavaThread "main"                              [_thread_in_native, id=30904, stack(0x000000aa6f600000,0x000000aa6f700000) (1024K)]
  0x0000023efabbafa0 JavaThread "Reference Handler"          daemon [_thread_blocked, id=31748, stack(0x000000aa6fe00000,0x000000aa6ff00000) (1024K)]
  0x0000023efabbbbf0 JavaThread "Finalizer"                  daemon [_thread_blocked, id=22740, stack(0x000000aa6ff00000,0x000000aa70000000) (1024K)]
  0x0000023efabbe650 JavaThread "Signal Dispatcher"          daemon [_thread_blocked, id=32692, stack(0x000000aa70000000,0x000000aa70100000) (1024K)]
  0x0000023efabbf0a0 JavaThread "Attach Listener"            daemon [_thread_blocked, id=28020, stack(0x000000aa70100000,0x000000aa70200000) (1024K)]
  0x0000023efabbfaf0 JavaThread "Service Thread"             daemon [_thread_blocked, id=19244, stack(0x000000aa70200000,0x000000aa70300000) (1024K)]
  0x0000023efabc0ce0 JavaThread "Monitor Deflation Thread"   daemon [_thread_blocked, id=13528, stack(0x000000aa70300000,0x000000aa70400000) (1024K)]
=>0x0000023efabc6620 JavaThread "C2 CompilerThread0"         daemon [_thread_in_native, id=15744, stack(0x000000aa70400000,0x000000aa70500000) (1024K)]
  0x0000023efac31f20 JavaThread "C1 CompilerThread0"         daemon [_thread_blocked, id=13572, stack(0x000000aa70500000,0x000000aa70600000) (1024K)]
  0x0000023eff0b5ff0 JavaThread "Notification Thread"        daemon [_thread_blocked, id=19920, stack(0x000000aa70600000,0x000000aa70700000) (1024K)]
  0x0000023eff0b9c40 JavaThread "Common-Cleaner"             daemon [_thread_blocked, id=31768, stack(0x000000aa70700000,0x000000aa70800000) (1024K)]
  0x0000023eff031130 JavaThread "Thread-1"                   daemon [_thread_blocked, id=30308, stack(0x000000aa70900000,0x000000aa70a00000) (1024K)]
Total: 12

Other Threads:
  0x0000023efab9f400 VMThread "VM Thread"                           [id=24260, stack(0x000000aa6fd00000,0x000000aa6fe00000) (1024K)]
  0x0000023efab8e990 WatcherThread "VM Periodic Task Thread"        [id=27328, stack(0x000000aa6fc00000,0x000000aa6fd00000) (1024K)]
  0x0000023eec0df700 WorkerThread "GC Thread#0"                     [id=10936, stack(0x000000aa6f700000,0x000000aa6f800000) (1024K)]
  0x0000023ed027a230 WorkerThread "GC Thread#1"                     [id=23604, stack(0x000000aa70a00000,0x000000aa70b00000) (1024K)]
  0x0000023ed027a5d0 WorkerThread "GC Thread#2"                     [id=31020, stack(0x000000aa70b00000,0x000000aa70c00000) (1024K)]
  0x0000023ed04856e0 WorkerThread "GC Thread#3"                     [id=6060, stack(0x000000aa70c00000,0x000000aa70d00000) (1024K)]
  0x0000023ed070dac0 WorkerThread "GC Thread#4"                     [id=12496, stack(0x000000aa70d00000,0x000000aa70e00000) (1024K)]
  0x0000023ed0889f20 WorkerThread "GC Thread#5"                     [id=19816, stack(0x000000aa70e00000,0x000000aa70f00000) (1024K)]
  0x0000023ed088a2c0 WorkerThread "GC Thread#6"                     [id=25848, stack(0x000000aa70f00000,0x000000aa71000000) (1024K)]
  0x0000023ed088a660 WorkerThread "GC Thread#7"                     [id=17696, stack(0x000000aa71000000,0x000000aa71100000) (1024K)]
  0x0000023eec0ebe20 ConcurrentGCThread "G1 Main Marker"            [id=24104, stack(0x000000aa6f800000,0x000000aa6f900000) (1024K)]
  0x0000023eec0ec920 WorkerThread "G1 Conc#0"                       [id=23576, stack(0x000000aa6f900000,0x000000aa6fa00000) (1024K)]
  0x0000023eec15da70 ConcurrentGCThread "G1 Refine#0"               [id=20364, stack(0x000000aa6fa00000,0x000000aa6fb00000) (1024K)]
  0x0000023eec15e790 ConcurrentGCThread "G1 Service"                [id=17052, stack(0x000000aa6fb00000,0x000000aa6fc00000) (1024K)]
Total: 14

Threads with active compile tasks:
C2 CompilerThread0    13900 4558       4       org.apache.maven.model.inheritance.DefaultInheritanceAssembler$InheritanceModelMerger::mergePlugin (71 bytes)
Total: 1

VM state: not at safepoint (normal execution)

VM Mutex/Monitor currently owned by a thread: None

Heap address: 0x0000000748c00000, size: 2932 MB, Compressed Oops mode: Zero based, Oop shift amount: 3

CDS archive(s) mapped at: [0x0000023e8f000000-0x0000023e8fc90000-0x0000023e8fc90000), size 13172736, SharedBaseAddress: 0x0000023e8f000000, ArchiveRelocationMode: 1.
Compressed class space mapped at: 0x0000023e90000000-0x0000023ed0000000, reserved size: 1073741824
Narrow klass base: 0x0000023e8f000000, Narrow klass shift: 0, Narrow klass range: 0x100000000

GC Precious Log:
 CardTable entry size: 512
 Card Set container configuration: InlinePtr #cards 4 size 8 Array Of Cards #cards 16 size 48 Howl #buckets 8 coarsen threshold 3686 Howl Bitmap #cards 512 size 80 coarsen threshold 460 Card regions per heap region 1 cards per card region 4096
 CPUs: 8 total, 8 available
 Memory: 11723M
 Large Page Support: Disabled
 NUMA Support: Disabled
 Compressed Oops: Enabled (Zero based)
 Heap Region Size: 2M
 Heap Min Capacity: 8M
 Heap Initial Capacity: 184M
 Heap Max Capacity: 2932M
 Pre-touch: Disabled
 Parallel Workers: 8
 Concurrent Workers: 2
 Concurrent Refinement Workers: 8
 Periodic GC: Disabled

Heap:
 garbage-first heap   total 188416K, used 30651K [0x0000000748c00000, 0x0000000800000000)
  region size 2048K, 15 young (30720K), 7 survivors (14336K)
 Metaspace       used 16525K, committed 16832K, reserved 1114112K
  class space    used 1852K, committed 1984K, reserved 1048576K

Heap Regions: E=young(eden), S=young(survivor), O=old, HS=humongous(starts), HC=humongous(continues), CS=collection set, F=free, TAMS=top-at-mark-start, PB=parsable bottom
|   0|0x0000000748c00000, 0x0000000748e00000, 0x0000000748e00000|100%| O|  |TAMS 0x0000000748c00000| PB 0x0000000748c00000| Untracked 
|   1|0x0000000748e00000, 0x0000000748f8d818, 0x0000000749000000| 77%| O|  |TAMS 0x0000000748e00000| PB 0x0000000748e00000| Untracked 
|   2|0x0000000749000000, 0x0000000749000000, 0x0000000749200000|  0%| F|  |TAMS 0x0000000749000000| PB 0x0000000749000000| Untracked 
|   3|0x0000000749200000, 0x0000000749200000, 0x0000000749400000|  0%| F|  |TAMS 0x0000000749200000| PB 0x0000000749200000| Untracked 
|   4|0x0000000749400000, 0x0000000749400000, 0x0000000749600000|  0%| F|  |TAMS 0x0000000749400000| PB 0x0000000749400000| Untracked 
|   5|0x0000000749600000, 0x0000000749600000, 0x0000000749800000|  0%| F|  |TAMS 0x0000000749600000| PB 0x0000000749600000| Untracked 
|   6|0x0000000749800000, 0x0000000749800000, 0x0000000749a00000|  0%| F|  |TAMS 0x0000000749800000| PB 0x0000000749800000| Untracked 
|   7|0x0000000749a00000, 0x0000000749a00000, 0x0000000749c00000|  0%| F|  |TAMS 0x0000000749a00000| PB 0x0000000749a00000| Untracked 
|   8|0x0000000749c00000, 0x0000000749c00000, 0x0000000749e00000|  0%| F|  |TAMS 0x0000000749c00000| PB 0x0000000749c00000| Untracked 
|   9|0x0000000749e00000, 0x0000000749e00000, 0x000000074a000000|  0%| F|  |TAMS 0x0000000749e00000| PB 0x0000000749e00000| Untracked 
|  10|0x000000074a000000, 0x000000074a000000, 0x000000074a200000|  0%| F|  |TAMS 0x000000074a000000| PB 0x000000074a000000| Untracked 
|  11|0x000000074a200000, 0x000000074a200000, 0x000000074a400000|  0%| F|  |TAMS 0x000000074a200000| PB 0x000000074a200000| Untracked 
|  12|0x000000074a400000, 0x000000074a400000, 0x000000074a600000|  0%| F|  |TAMS 0x000000074a400000| PB 0x000000074a400000| Untracked 
|  13|0x000000074a600000, 0x000000074a600000, 0x000000074a800000|  0%| F|  |TAMS 0x000000074a600000| PB 0x000000074a600000| Untracked 
|  14|0x000000074a800000, 0x000000074a800000, 0x000000074aa00000|  0%| F|  |TAMS 0x000000074a800000| PB 0x000000074a800000| Untracked 
|  15|0x000000074aa00000, 0x000000074aa00000, 0x000000074ac00000|  0%| F|  |TAMS 0x000000074aa00000| PB 0x000000074aa00000| Untracked 
|  16|0x000000074ac00000, 0x000000074ac00000, 0x000000074ae00000|  0%| F|  |TAMS 0x000000074ac00000| PB 0x000000074ac00000| Untracked 
|  17|0x000000074ae00000, 0x000000074ae00000, 0x000000074b000000|  0%| F|  |TAMS 0x000000074ae00000| PB 0x000000074ae00000| Untracked 
|  18|0x000000074b000000, 0x000000074b000000, 0x000000074b200000|  0%| F|  |TAMS 0x000000074b000000| PB 0x000000074b000000| Untracked 
|  19|0x000000074b200000, 0x000000074b200000, 0x000000074b400000|  0%| F|  |TAMS 0x000000074b200000| PB 0x000000074b200000| Untracked 
|  20|0x000000074b400000, 0x000000074b400000, 0x000000074b600000|  0%| F|  |TAMS 0x000000074b400000| PB 0x000000074b400000| Untracked 
|  21|0x000000074b600000, 0x000000074b600000, 0x000000074b800000|  0%| F|  |TAMS 0x000000074b600000| PB 0x000000074b600000| Untracked 
|  22|0x000000074b800000, 0x000000074b800000, 0x000000074ba00000|  0%| F|  |TAMS 0x000000074b800000| PB 0x000000074b800000| Untracked 
|  23|0x000000074ba00000, 0x000000074ba00000, 0x000000074bc00000|  0%| F|  |TAMS 0x000000074ba00000| PB 0x000000074ba00000| Untracked 
|  24|0x000000074bc00000, 0x000000074bc00000, 0x000000074be00000|  0%| F|  |TAMS 0x000000074bc00000| PB 0x000000074bc00000| Untracked 
|  25|0x000000074be00000, 0x000000074be00000, 0x000000074c000000|  0%| F|  |TAMS 0x000000074be00000| PB 0x000000074be00000| Untracked 
|  26|0x000000074c000000, 0x000000074c000000, 0x000000074c200000|  0%| F|  |TAMS 0x000000074c000000| PB 0x000000074c000000| Untracked 
|  27|0x000000074c200000, 0x000000074c200000, 0x000000074c400000|  0%| F|  |TAMS 0x000000074c200000| PB 0x000000074c200000| Untracked 
|  28|0x000000074c400000, 0x000000074c400000, 0x000000074c600000|  0%| F|  |TAMS 0x000000074c400000| PB 0x000000074c400000| Untracked 
|  29|0x000000074c600000, 0x000000074c600000, 0x000000074c800000|  0%| F|  |TAMS 0x000000074c600000| PB 0x000000074c600000| Untracked 
|  30|0x000000074c800000, 0x000000074c861500, 0x000000074ca00000| 19%| S|CS|TAMS 0x000000074c800000| PB 0x000000074c800000| Complete 
|  31|0x000000074ca00000, 0x000000074cc00000, 0x000000074cc00000|100%| S|CS|TAMS 0x000000074ca00000| PB 0x000000074ca00000| Complete 
|  32|0x000000074cc00000, 0x000000074ce00000, 0x000000074ce00000|100%| S|CS|TAMS 0x000000074cc00000| PB 0x000000074cc00000| Complete 
|  33|0x000000074ce00000, 0x000000074d000000, 0x000000074d000000|100%| S|CS|TAMS 0x000000074ce00000| PB 0x000000074ce00000| Complete 
|  34|0x000000074d000000, 0x000000074d200000, 0x000000074d200000|100%| S|CS|TAMS 0x000000074d000000| PB 0x000000074d000000| Complete 
|  35|0x000000074d200000, 0x000000074d400000, 0x000000074d400000|100%| S|CS|TAMS 0x000000074d200000| PB 0x000000074d200000| Complete 
|  36|0x000000074d400000, 0x000000074d600000, 0x000000074d600000|100%| S|CS|TAMS 0x000000074d400000| PB 0x000000074d400000| Complete 
|  37|0x000000074d600000, 0x000000074d600000, 0x000000074d800000|  0%| F|  |TAMS 0x000000074d600000| PB 0x000000074d600000| Untracked 
|  38|0x000000074d800000, 0x000000074d800000, 0x000000074da00000|  0%| F|  |TAMS 0x000000074d800000| PB 0x000000074d800000| Untracked 
|  39|0x000000074da00000, 0x000000074da00000, 0x000000074dc00000|  0%| F|  |TAMS 0x000000074da00000| PB 0x000000074da00000| Untracked 
|  40|0x000000074dc00000, 0x000000074dc00000, 0x000000074de00000|  0%| F|  |TAMS 0x000000074dc00000| PB 0x000000074dc00000| Untracked 
|  41|0x000000074de00000, 0x000000074de00000, 0x000000074e000000|  0%| F|  |TAMS 0x000000074de00000| PB 0x000000074de00000| Untracked 
|  42|0x000000074e000000, 0x000000074e000000, 0x000000074e200000|  0%| F|  |TAMS 0x000000074e000000| PB 0x000000074e000000| Untracked 
|  43|0x000000074e200000, 0x000000074e200000, 0x000000074e400000|  0%| F|  |TAMS 0x000000074e200000| PB 0x000000074e200000| Untracked 
|  44|0x000000074e400000, 0x000000074e400000, 0x000000074e600000|  0%| F|  |TAMS 0x000000074e400000| PB 0x000000074e400000| Untracked 
|  45|0x000000074e600000, 0x000000074e600000, 0x000000074e800000|  0%| F|  |TAMS 0x000000074e600000| PB 0x000000074e600000| Untracked 
|  46|0x000000074e800000, 0x000000074e800000, 0x000000074ea00000|  0%| F|  |TAMS 0x000000074e800000| PB 0x000000074e800000| Untracked 
|  47|0x000000074ea00000, 0x000000074ea00000, 0x000000074ec00000|  0%| F|  |TAMS 0x000000074ea00000| PB 0x000000074ea00000| Untracked 
|  48|0x000000074ec00000, 0x000000074ec00000, 0x000000074ee00000|  0%| F|  |TAMS 0x000000074ec00000| PB 0x000000074ec00000| Untracked 
|  49|0x000000074ee00000, 0x000000074ee00000, 0x000000074f000000|  0%| F|  |TAMS 0x000000074ee00000| PB 0x000000074ee00000| Untracked 
|  50|0x000000074f000000, 0x000000074f000000, 0x000000074f200000|  0%| F|  |TAMS 0x000000074f000000| PB 0x000000074f000000| Untracked 
|  51|0x000000074f200000, 0x000000074f200000, 0x000000074f400000|  0%| F|  |TAMS 0x000000074f200000| PB 0x000000074f200000| Untracked 
|  52|0x000000074f400000, 0x000000074f400000, 0x000000074f600000|  0%| F|  |TAMS 0x000000074f400000| PB 0x000000074f400000| Untracked 
|  53|0x000000074f600000, 0x000000074f600000, 0x000000074f800000|  0%| F|  |TAMS 0x000000074f600000| PB 0x000000074f600000| Untracked 
|  54|0x000000074f800000, 0x000000074f800000, 0x000000074fa00000|  0%| F|  |TAMS 0x000000074f800000| PB 0x000000074f800000| Untracked 
|  55|0x000000074fa00000, 0x000000074fa00000, 0x000000074fc00000|  0%| F|  |TAMS 0x000000074fa00000| PB 0x000000074fa00000| Untracked 
|  56|0x000000074fc00000, 0x000000074fc00000, 0x000000074fe00000|  0%| F|  |TAMS 0x000000074fc00000| PB 0x000000074fc00000| Untracked 
|  57|0x000000074fe00000, 0x000000074fe00000, 0x0000000750000000|  0%| F|  |TAMS 0x000000074fe00000| PB 0x000000074fe00000| Untracked 
|  58|0x0000000750000000, 0x0000000750000000, 0x0000000750200000|  0%| F|  |TAMS 0x0000000750000000| PB 0x0000000750000000| Untracked 
|  59|0x0000000750200000, 0x0000000750200000, 0x0000000750400000|  0%| F|  |TAMS 0x0000000750200000| PB 0x0000000750200000| Untracked 
|  60|0x0000000750400000, 0x0000000750400000, 0x0000000750600000|  0%| F|  |TAMS 0x0000000750400000| PB 0x0000000750400000| Untracked 
|  61|0x0000000750600000, 0x0000000750600000, 0x0000000750800000|  0%| F|  |TAMS 0x0000000750600000| PB 0x0000000750600000| Untracked 
|  62|0x0000000750800000, 0x0000000750800000, 0x0000000750a00000|  0%| F|  |TAMS 0x0000000750800000| PB 0x0000000750800000| Untracked 
|  63|0x0000000750a00000, 0x0000000750a00000, 0x0000000750c00000|  0%| F|  |TAMS 0x0000000750a00000| PB 0x0000000750a00000| Untracked 
|  64|0x0000000750c00000, 0x0000000750c00000, 0x0000000750e00000|  0%| F|  |TAMS 0x0000000750c00000| PB 0x0000000750c00000| Untracked 
|  65|0x0000000750e00000, 0x0000000750e00000, 0x0000000751000000|  0%| F|  |TAMS 0x0000000750e00000| PB 0x0000000750e00000| Untracked 
|  66|0x0000000751000000, 0x0000000751000000, 0x0000000751200000|  0%| F|  |TAMS 0x0000000751000000| PB 0x0000000751000000| Untracked 
|  67|0x0000000751200000, 0x0000000751200000, 0x0000000751400000|  0%| F|  |TAMS 0x0000000751200000| PB 0x0000000751200000| Untracked 
|  68|0x0000000751400000, 0x0000000751400000, 0x0000000751600000|  0%| F|  |TAMS 0x0000000751400000| PB 0x0000000751400000| Untracked 
|  69|0x0000000751600000, 0x0000000751600000, 0x0000000751800000|  0%| F|  |TAMS 0x0000000751600000| PB 0x0000000751600000| Untracked 
|  70|0x0000000751800000, 0x0000000751800000, 0x0000000751a00000|  0%| F|  |TAMS 0x0000000751800000| PB 0x0000000751800000| Untracked 
|  71|0x0000000751a00000, 0x0000000751a00000, 0x0000000751c00000|  0%| F|  |TAMS 0x0000000751a00000| PB 0x0000000751a00000| Untracked 
|  72|0x0000000751c00000, 0x0000000751c00000, 0x0000000751e00000|  0%| F|  |TAMS 0x0000000751c00000| PB 0x0000000751c00000| Untracked 
|  73|0x0000000751e00000, 0x0000000751e00000, 0x0000000752000000|  0%| F|  |TAMS 0x0000000751e00000| PB 0x0000000751e00000| Untracked 
|  74|0x0000000752000000, 0x0000000752000000, 0x0000000752200000|  0%| F|  |TAMS 0x0000000752000000| PB 0x0000000752000000| Untracked 
|  75|0x0000000752200000, 0x0000000752200000, 0x0000000752400000|  0%| F|  |TAMS 0x0000000752200000| PB 0x0000000752200000| Untracked 
|  76|0x0000000752400000, 0x0000000752400000, 0x0000000752600000|  0%| F|  |TAMS 0x0000000752400000| PB 0x0000000752400000| Untracked 
|  77|0x0000000752600000, 0x0000000752600000, 0x0000000752800000|  0%| F|  |TAMS 0x0000000752600000| PB 0x0000000752600000| Untracked 
|  78|0x0000000752800000, 0x0000000752800000, 0x0000000752a00000|  0%| F|  |TAMS 0x0000000752800000| PB 0x0000000752800000| Untracked 
|  79|0x0000000752a00000, 0x0000000752a00000, 0x0000000752c00000|  0%| F|  |TAMS 0x0000000752a00000| PB 0x0000000752a00000| Untracked 
|  80|0x0000000752c00000, 0x0000000752c00000, 0x0000000752e00000|  0%| F|  |TAMS 0x0000000752c00000| PB 0x0000000752c00000| Untracked 
|  81|0x0000000752e00000, 0x0000000752e00000, 0x0000000753000000|  0%| F|  |TAMS 0x0000000752e00000| PB 0x0000000752e00000| Untracked 
|  82|0x0000000753000000, 0x0000000753000000, 0x0000000753200000|  0%| F|  |TAMS 0x0000000753000000| PB 0x0000000753000000| Untracked 
|  83|0x0000000753200000, 0x0000000753200000, 0x0000000753400000|  0%| F|  |TAMS 0x0000000753200000| PB 0x0000000753200000| Untracked 
|  84|0x0000000753400000, 0x0000000753600000, 0x0000000753600000|100%| E|  |TAMS 0x0000000753400000| PB 0x0000000753400000| Complete 
|  85|0x0000000753600000, 0x0000000753800000, 0x0000000753800000|100%| E|CS|TAMS 0x0000000753600000| PB 0x0000000753600000| Complete 
|  86|0x0000000753800000, 0x0000000753a00000, 0x0000000753a00000|100%| E|CS|TAMS 0x0000000753800000| PB 0x0000000753800000| Complete 
|  87|0x0000000753a00000, 0x0000000753c00000, 0x0000000753c00000|100%| E|CS|TAMS 0x0000000753a00000| PB 0x0000000753a00000| Complete 
|  88|0x0000000753c00000, 0x0000000753e00000, 0x0000000753e00000|100%| E|CS|TAMS 0x0000000753c00000| PB 0x0000000753c00000| Complete 
|  89|0x0000000753e00000, 0x0000000754000000, 0x0000000754000000|100%| E|CS|TAMS 0x0000000753e00000| PB 0x0000000753e00000| Complete 
|  90|0x0000000754000000, 0x0000000754200000, 0x0000000754200000|100%| E|CS|TAMS 0x0000000754000000| PB 0x0000000754000000| Complete 
|  91|0x0000000754200000, 0x0000000754400000, 0x0000000754400000|100%| E|CS|TAMS 0x0000000754200000| PB 0x0000000754200000| Complete 

Card table byte_map: [0x0000023ef4e20000,0x0000023ef53e0000] _byte_map_base: 0x0000023ef13da000

Marking Bits: (CMBitMap*) 0x0000023eec0dfe00
 Bits: [0x0000023ef53e0000, 0x0000023ef81b0000)

Polling page: 0x0000023eeb860000

Metaspace:

Usage:
  Non-class:     14.33 MB used.
      Class:      1.81 MB used.
       Both:     16.14 MB used.

Virtual space:
  Non-class space:       64.00 MB reserved,      14.50 MB ( 23%) committed,  1 nodes.
      Class space:        1.00 GB reserved,       1.94 MB ( <1%) committed,  1 nodes.
             Both:        1.06 GB reserved,      16.44 MB (  2%) committed. 

Chunk freelists:
   Non-Class:  1.34 MB
       Class:  13.93 MB
        Both:  15.28 MB

MaxMetaspaceSize: unlimited
CompressedClassSpaceSize: 1.00 GB
Initial GC threshold: 21.00 MB
Current GC threshold: 21.00 MB
CDS: on
 - commit_granule_bytes: 65536.
 - commit_granule_words: 8192.
 - virtual_space_node_default_size: 8388608.
 - enlarge_chunks_in_place: 1.
 - use_allocation_guard: 0.


Internal statistics:

num_allocs_failed_limit: 0.
num_arena_births: 170.
num_arena_deaths: 0.
num_vsnodes_births: 2.
num_vsnodes_deaths: 0.
num_space_committed: 263.
num_space_uncommitted: 0.
num_chunks_returned_to_freelist: 0.
num_chunks_taken_from_freelist: 694.
num_chunk_merges: 0.
num_chunk_splits: 504.
num_chunks_enlarged: 421.
num_inconsistent_stats: 0.

CodeHeap 'non-profiled nmethods': size=120000Kb used=2398Kb max_used=2398Kb free=117601Kb
 bounds [0x0000023e87ad0000, 0x0000023e87d40000, 0x0000023e8f000000]
CodeHeap 'profiled nmethods': size=120000Kb used=9645Kb max_used=9645Kb free=110354Kb
 bounds [0x0000023e80000000, 0x0000023e80970000, 0x0000023e87530000]
CodeHeap 'non-nmethods': size=5760Kb used=1394Kb max_used=1449Kb free=4365Kb
 bounds [0x0000023e87530000, 0x0000023e877a0000, 0x0000023e87ad0000]
 total_blobs=5048 nmethods=4559 adapters=393
 compilation: enabled
              stopped_count=0, restarted_count=0
 full_count=0

Compilation events (20 events):
Event: 13.759 Thread 0x0000023efac31f20 nmethod 4549 0x0000023e80961c10 code [0x0000023e80961e20, 0x0000023e809624c8]
Event: 13.759 Thread 0x0000023efac31f20 4550       3       org.eclipse.aether.internal.impl.collect.PremanagedDependency::create (253 bytes)
Event: 13.761 Thread 0x0000023efac31f20 nmethod 4550 0x0000023e80962710 code [0x0000023e809629e0, 0x0000023e809638e8]
Event: 13.761 Thread 0x0000023efac31f20 4552       3       java.util.ArrayList::equalsArrayList (108 bytes)
Event: 13.762 Thread 0x0000023efac31f20 nmethod 4552 0x0000023e80963e90 code [0x0000023e809640c0, 0x0000023e809648d8]
Event: 13.762 Thread 0x0000023efac31f20 4551       3       org.eclipse.aether.internal.impl.collect.DependencyCollectorDelegate::createVersionRangeRequest (43 bytes)
Event: 13.762 Thread 0x0000023efac31f20 nmethod 4551 0x0000023e80964c10 code [0x0000023e80964e40, 0x0000023e80965690]
Event: 13.769 Thread 0x0000023efac31f20 4553   !   3       org.apache.maven.model.Parent::clone (73 bytes)
Event: 13.770 Thread 0x0000023efac31f20 nmethod 4553 0x0000023e80965910 code [0x0000023e80965be0, 0x0000023e80966920]
Event: 13.773 Thread 0x0000023efac31f20 4554       3       java.util.ArrayList::subList (20 bytes)
Event: 13.773 Thread 0x0000023efac31f20 nmethod 4554 0x0000023e80966e90 code [0x0000023e80967060, 0x0000023e80967428]
Event: 13.774 Thread 0x0000023efac31f20 4555       3       org.apache.maven.model.merge.ModelMerger::mergeDeploymentRepository (19 bytes)
Event: 13.775 Thread 0x0000023efac31f20 nmethod 4555 0x0000023e80967590 code [0x0000023e80967780, 0x0000023e80967cb0]
Event: 13.775 Thread 0x0000023efac31f20 4556       3       org.apache.maven.model.merge.ModelMerger::mergeRepository (28 bytes)
Event: 13.775 Thread 0x0000023efac31f20 nmethod 4556 0x0000023e80967e90 code [0x0000023e80968060, 0x0000023e809683f8]
Event: 13.775 Thread 0x0000023efac31f20 4557       3       org.apache.maven.model.merge.ModelMerger::mergeRepositoryBase (37 bytes)
Event: 13.775 Thread 0x0000023efac31f20 nmethod 4557 0x0000023e80968510 code [0x0000023e809686e0, 0x0000023e80968b48]
Event: 13.775 Thread 0x0000023efabc6620 4558       4       org.apache.maven.model.inheritance.DefaultInheritanceAssembler$InheritanceModelMerger::mergePlugin (71 bytes)
Event: 13.851 Thread 0x0000023efac31f20 4561       3       org.apache.maven.model.License::<init> (5 bytes)
Event: 13.851 Thread 0x0000023efac31f20 nmethod 4561 0x0000023e80968c90 code [0x0000023e80968e40, 0x0000023e80968fa8]

GC Heap History (6 events):
Event: 2.781 GC heap before
{Heap before GC invocations=0 (full 0):
 garbage-first heap   total 188416K, used 22528K [0x0000000748c00000, 0x0000000800000000)
  region size 2048K, 11 young (22528K), 0 survivors (0K)
 Metaspace       used 5608K, committed 5824K, reserved 1114112K
  class space    used 645K, committed 768K, reserved 1048576K
}
Event: 2.979 GC heap after
{Heap after GC invocations=1 (full 0):
 garbage-first heap   total 188416K, used 3840K [0x0000000748c00000, 0x0000000800000000)
  region size 2048K, 2 young (4096K), 2 survivors (4096K)
 Metaspace       used 5608K, committed 5824K, reserved 1114112K
  class space    used 645K, committed 768K, reserved 1048576K
}
Event: 5.785 GC heap before
{Heap before GC invocations=1 (full 0):
 garbage-first heap   total 188416K, used 36608K [0x0000000748c00000, 0x0000000800000000)
  region size 2048K, 18 young (36864K), 2 survivors (4096K)
 Metaspace       used 9788K, committed 9984K, reserved 1114112K
  class space    used 1146K, committed 1216K, reserved 1048576K
}
Event: 5.793 GC heap after
{Heap after GC invocations=2 (full 0):
 garbage-first heap   total 188416K, used 5600K [0x0000000748c00000, 0x0000000800000000)
  region size 2048K, 1 young (2048K), 1 survivors (2048K)
 Metaspace       used 9788K, committed 9984K, reserved 1114112K
  class space    used 1146K, committed 1216K, reserved 1048576K
}
Event: 12.587 GC heap before
{Heap before GC invocations=2 (full 0):
 garbage-first heap   total 188416K, used 116192K [0x0000000748c00000, 0x0000000800000000)
  region size 2048K, 55 young (112640K), 1 survivors (2048K)
 Metaspace       used 16429K, committed 16768K, reserved 1114112K
  class space    used 1851K, committed 1984K, reserved 1048576K
}
Event: 12.608 GC heap after
{Heap after GC invocations=3 (full 0):
 garbage-first heap   total 188416K, used 16315K [0x0000000748c00000, 0x0000000800000000)
  region size 2048K, 7 young (14336K), 7 survivors (14336K)
 Metaspace       used 16429K, committed 16768K, reserved 1114112K
  class space    used 1851K, committed 1984K, reserved 1048576K
}

Dll operation events (8 events):
Event: 0.035 Loaded shared library C:\Program Files\Java\jdk-21\bin\java.dll
Event: 0.169 Loaded shared library C:\Program Files\Java\jdk-21\bin\jsvml.dll
Event: 0.387 Loaded shared library C:\Program Files\Java\jdk-21\bin\net.dll
Event: 0.391 Loaded shared library C:\Program Files\Java\jdk-21\bin\nio.dll
Event: 0.399 Loaded shared library C:\Program Files\Java\jdk-21\bin\zip.dll
Event: 0.783 Loaded shared library C:\Users\2oleg\Downloads\apache-maven-3.9.11-bin\apache-maven-3.9.11\lib\jansi-native\Windows\x86_64\jansi.dll
Event: 0.894 Loaded shared library C:\Program Files\Java\jdk-21\bin\verify.dll
Event: 0.903 Loaded shared library C:\Program Files\Java\jdk-21\bin\jimage.dll

Deoptimization events (20 events):
Event: 13.607 Thread 0x0000023ee9ebee40 Uncommon trap: trap_request=0xffffffbe fr.pc=0x0000023e87d25710 relative=0x0000000000000250
Event: 13.607 Thread 0x0000023ee9ebee40 Uncommon trap: reason=profile_predicate action=maybe_recompile pc=0x0000023e87d25710 method=java.util.HashMap.keysToArray([Ljava/lang/Object;)[Ljava/lang/Object; @ 36 c2
Event: 13.607 Thread 0x0000023ee9ebee40 DEOPT PACKING pc=0x0000023e87d25710 sp=0x000000aa6f6fc650
Event: 13.607 Thread 0x0000023ee9ebee40 DEOPT UNPACKING pc=0x0000023e875846a2 sp=0x000000aa6f6fc5f0 mode 2
Event: 13.608 Thread 0x0000023ee9ebee40 Uncommon trap: trap_request=0xffffffbe fr.pc=0x0000023e87d25710 relative=0x0000000000000250
Event: 13.608 Thread 0x0000023ee9ebee40 Uncommon trap: reason=profile_predicate action=maybe_recompile pc=0x0000023e87d25710 method=java.util.HashMap.keysToArray([Ljava/lang/Object;)[Ljava/lang/Object; @ 36 c2
Event: 13.608 Thread 0x0000023ee9ebee40 DEOPT PACKING pc=0x0000023e87d25710 sp=0x000000aa6f6fc9a0
Event: 13.736 Thread 0x0000023ee9ebee40 DEOPT UNPACKING pc=0x0000023e875846a2 sp=0x000000aa6f6fc940 mode 2
Event: 13.739 Thread 0x0000023ee9ebee40 Uncommon trap: trap_request=0xffffffbe fr.pc=0x0000023e87d25710 relative=0x0000000000000250
Event: 13.739 Thread 0x0000023ee9ebee40 Uncommon trap: reason=profile_predicate action=maybe_recompile pc=0x0000023e87d25710 method=java.util.HashMap.keysToArray([Ljava/lang/Object;)[Ljava/lang/Object; @ 36 c2
Event: 13.739 Thread 0x0000023ee9ebee40 DEOPT PACKING pc=0x0000023e87d25710 sp=0x000000aa6f6fc570
Event: 13.739 Thread 0x0000023ee9ebee40 DEOPT UNPACKING pc=0x0000023e875846a2 sp=0x000000aa6f6fc510 mode 2
Event: 13.742 Thread 0x0000023ee9ebee40 Uncommon trap: trap_request=0xffffffbe fr.pc=0x0000023e87d25710 relative=0x0000000000000250
Event: 13.742 Thread 0x0000023ee9ebee40 Uncommon trap: reason=profile_predicate action=maybe_recompile pc=0x0000023e87d25710 method=java.util.HashMap.keysToArray([Ljava/lang/Object;)[Ljava/lang/Object; @ 36 c2
Event: 13.742 Thread 0x0000023ee9ebee40 DEOPT PACKING pc=0x0000023e87d25710 sp=0x000000aa6f6fca90
Event: 13.742 Thread 0x0000023ee9ebee40 DEOPT UNPACKING pc=0x0000023e875846a2 sp=0x000000aa6f6fca30 mode 2
Event: 13.786 Thread 0x0000023ee9ebee40 Uncommon trap: trap_request=0xffffff45 fr.pc=0x0000023e87bd287c relative=0x00000000000002bc
Event: 13.786 Thread 0x0000023ee9ebee40 Uncommon trap: reason=unstable_if action=reinterpret pc=0x0000023e87bd287c method=java.util.concurrent.ConcurrentHashMap.get(Ljava/lang/Object;)Ljava/lang/Object; @ 152 c2
Event: 13.786 Thread 0x0000023ee9ebee40 DEOPT PACKING pc=0x0000023e87bd287c sp=0x000000aa6f6fd000
Event: 13.786 Thread 0x0000023ee9ebee40 DEOPT UNPACKING pc=0x0000023e875846a2 sp=0x000000aa6f6fcf78 mode 2

Classes loaded (20 events):
Event: 9.260 Loading class sun/nio/fs/WindowsException
Event: 9.261 Loading class sun/nio/fs/WindowsException done
Event: 9.261 Loading class sun/nio/fs/WindowsDirectoryStream
Event: 9.263 Loading class java/nio/file/DirectoryStream
Event: 9.264 Loading class java/nio/file/DirectoryStream done
Event: 9.264 Loading class sun/nio/fs/WindowsDirectoryStream done
Event: 9.264 Loading class java/nio/file/NoSuchFileException
Event: 9.264 Loading class java/nio/file/NoSuchFileException done
Event: 10.188 Loading class java/util/stream/MatchOps$MatchKind
Event: 10.188 Loading class java/util/stream/MatchOps$MatchKind done
Event: 10.188 Loading class java/util/stream/MatchOps
Event: 10.188 Loading class java/util/stream/MatchOps done
Event: 10.188 Loading class java/util/stream/MatchOps$MatchOp
Event: 10.188 Loading class java/util/stream/MatchOps$MatchOp done
Event: 10.188 Loading class java/util/stream/MatchOps$BooleanTerminalSink
Event: 10.189 Loading class java/util/stream/MatchOps$BooleanTerminalSink done
Event: 10.189 Loading class java/util/stream/MatchOps$1MatchSink
Event: 10.189 Loading class java/util/stream/MatchOps$1MatchSink done
Event: 12.728 Loading class sun/nio/cs/ISO_8859_1$Decoder
Event: 12.728 Loading class sun/nio/cs/ISO_8859_1$Decoder done

Classes unloaded (0 events):
No events

Classes redefined (0 events):
No events

Internal exceptions (20 events):
Event: 7.989 Thread 0x0000023ee9ebee40 Exception <a 'java/lang/NoSuchMethodError'{0x0000000752fd42b8}: 'void java.lang.invoke.DirectMethodHandle$Holder.invokeSpecial(java.lang.Object, java.lang.Object, java.lang.Object, java.lang.Object, java.lang.Object, java.lang.Object)'> (0x0000000752fd42b8) 
thrown [s\open\src\hotspot\share\interpreter\linkResolver.cpp, line 773]
Event: 8.016 Thread 0x0000023ee9ebee40 Exception <a 'java/lang/NoSuchMethodError'{0x0000000752cc6af8}: 'java.lang.Object java.lang.invoke.DirectMethodHandle$Holder.invokeVirtual(java.lang.Object, java.lang.Object, java.lang.Object)'> (0x0000000752cc6af8) 
thrown [s\open\src\hotspot\share\interpreter\linkResolver.cpp, line 773]
Event: 8.175 Thread 0x0000023ee9ebee40 Exception <a 'java/lang/NoSuchMethodError'{0x0000000752aa41c8}: 'void java.lang.invoke.DirectMethodHandle$Holder.invokeVirtual(java.lang.Object, java.lang.Object, int)'> (0x0000000752aa41c8) 
thrown [s\open\src\hotspot\share\interpreter\linkResolver.cpp, line 773]
Event: 8.176 Thread 0x0000023ee9ebee40 Exception <a 'java/lang/NoSuchMethodError'{0x0000000752aa81c8}: 'void java.lang.invoke.DirectMethodHandle$Holder.invokeSpecial(java.lang.Object, java.lang.Object, java.lang.Object, int)'> (0x0000000752aa81c8) 
thrown [s\open\src\hotspot\share\interpreter\linkResolver.cpp, line 773]
Event: 8.177 Thread 0x0000023ee9ebee40 Exception <a 'java/lang/NoSuchMethodError'{0x0000000752aab898}: 'void java.lang.invoke.DelegatingMethodHandle$Holder.reinvoke_L(java.lang.Object, java.lang.Object, int)'> (0x0000000752aab898) 
thrown [s\open\src\hotspot\share\interpreter\linkResolver.cpp, line 773]
Event: 9.261 Thread 0x0000023ee9ebee40 Exception <a 'sun/nio/fs/WindowsException'{0x0000000751aff618}> (0x0000000751aff618) 
thrown [s\open\src\hotspot\share\prims\jni.cpp, line 520]
Event: 9.264 Thread 0x0000023ee9ebee40 Exception <a 'sun/nio/fs/WindowsException'{0x0000000751affa98}> (0x0000000751affa98) 
thrown [s\open\src\hotspot\share\prims\jni.cpp, line 520]
Event: 10.265 Thread 0x0000023ee9ebee40 Exception <a 'sun/nio/fs/WindowsException'{0x0000000750c9a1d8}> (0x0000000750c9a1d8) 
thrown [s\open\src\hotspot\share\prims\jni.cpp, line 520]
Event: 10.265 Thread 0x0000023ee9ebee40 Exception <a 'sun/nio/fs/WindowsException'{0x0000000750c9a538}> (0x0000000750c9a538) 
thrown [s\open\src\hotspot\share\prims\jni.cpp, line 520]
Event: 10.268 Thread 0x0000023ee9ebee40 Exception <a 'sun/nio/fs/WindowsException'{0x0000000750cc22d0}> (0x0000000750cc22d0) 
thrown [s\open\src\hotspot\share\prims\jni.cpp, line 520]
Event: 10.268 Thread 0x0000023ee9ebee40 Exception <a 'sun/nio/fs/WindowsException'{0x0000000750cc25f8}> (0x0000000750cc25f8) 
thrown [s\open\src\hotspot\share\prims\jni.cpp, line 520]
Event: 10.273 Thread 0x0000023ee9ebee40 Exception <a 'sun/nio/fs/WindowsException'{0x0000000750d2b228}> (0x0000000750d2b228) 
thrown [s\open\src\hotspot\share\prims\jni.cpp, line 520]
Event: 10.273 Thread 0x0000023ee9ebee40 Exception <a 'sun/nio/fs/WindowsException'{0x0000000750d2b508}> (0x0000000750d2b508) 
thrown [s\open\src\hotspot\share\prims\jni.cpp, line 520]
Event: 10.294 Thread 0x0000023ee9ebee40 Implicit null exception at 0x0000023e87c10f99 to 0x0000023e87c1239c
Event: 10.295 Thread 0x0000023ee9ebee40 Implicit null exception at 0x0000023e87ba7e1d to 0x0000023e87ba8034
Event: 10.295 Thread 0x0000023ee9ebee40 Implicit null exception at 0x0000023e87be548d to 0x0000023e87be5d20
Event: 11.356 Thread 0x0000023ee9ebee40 Exception <a 'sun/nio/fs/WindowsException'{0x000000074ec31740}> (0x000000074ec31740) 
thrown [s\open\src\hotspot\share\prims\jni.cpp, line 520]
Event: 11.356 Thread 0x0000023ee9ebee40 Exception <a 'sun/nio/fs/WindowsException'{0x000000074ec31a58}> (0x000000074ec31a58) 
thrown [s\open\src\hotspot\share\prims\jni.cpp, line 520]
Event: 12.736 Thread 0x0000023ee9ebee40 Exception <a 'sun/nio/fs/WindowsException'{0x0000000753f81240}> (0x0000000753f81240) 
thrown [s\open\src\hotspot\share\prims\jni.cpp, line 520]
Event: 12.736 Thread 0x0000023ee9ebee40 Exception <a 'sun/nio/fs/WindowsException'{0x0000000753f81540}> (0x0000000753f81540) 
thrown [s\open\src\hotspot\share\prims\jni.cpp, line 520]

ZGC Phase Switch (0 events):
No events

VM Operations (20 events):
Event: 7.543 Executing VM operation: HandshakeAllThreads (Deoptimize)
Event: 7.543 Executing VM operation: HandshakeAllThreads (Deoptimize) done
Event: 7.581 Executing VM operation: ICBufferFull
Event: 7.581 Executing VM operation: ICBufferFull done
Event: 7.626 Executing VM operation: HandshakeAllThreads (Deoptimize)
Event: 7.626 Executing VM operation: HandshakeAllThreads (Deoptimize) done
Event: 7.775 Executing VM operation: HandshakeAllThreads (Deoptimize)
Event: 7.775 Executing VM operation: HandshakeAllThreads (Deoptimize) done
Event: 7.778 Executing VM operation: HandshakeAllThreads (Deoptimize)
Event: 7.778 Executing VM operation: HandshakeAllThreads (Deoptimize) done
Event: 8.766 Executing VM operation: ICBufferFull
Event: 8.767 Executing VM operation: ICBufferFull done
Event: 9.768 Executing VM operation: Cleanup
Event: 9.768 Executing VM operation: Cleanup done
Event: 10.369 Executing VM operation: ICBufferFull
Event: 10.408 Executing VM operation: ICBufferFull done
Event: 11.420 Executing VM operation: Cleanup
Event: 11.623 Executing VM operation: Cleanup done
Event: 12.587 Executing VM operation: G1CollectForAllocation (G1 Evacuation Pause)
Event: 12.608 Executing VM operation: G1CollectForAllocation (G1 Evacuation Pause) done

Events (20 events):
Event: 1.145 Thread 0x0000023eff1a0eb0 Thread exited: 0x0000023eff1a0eb0
Event: 2.663 Thread 0x0000023effb17050 Thread added: 0x0000023effb17050
Event: 2.684 Thread 0x0000023effb7e320 Thread added: 0x0000023effb7e320
Event: 3.181 Thread 0x0000023effb7e320 Thread exited: 0x0000023effb7e320
Event: 3.181 Thread 0x0000023effb17050 Thread exited: 0x0000023effb17050
Event: 7.378 Thread 0x0000023eff873ec0 Thread added: 0x0000023eff873ec0
Event: 7.657 Thread 0x0000023eff031130 Thread added: 0x0000023eff031130
Event: 8.491 Thread 0x0000023eff873ec0 Thread exited: 0x0000023eff873ec0
Event: 9.800 Thread 0x0000023eff8cd550 Thread added: 0x0000023eff8cd550
Event: 10.026 Thread 0x0000023eff8cd550 Thread exited: 0x0000023eff8cd550
Event: 10.273 Thread 0x0000023efac28470 Thread added: 0x0000023efac28470
Event: 10.341 Thread 0x0000023ed096bde0 Thread added: 0x0000023ed096bde0
Event: 10.609 Thread 0x0000023ed096bde0 Thread exited: 0x0000023ed096bde0
Event: 10.612 Thread 0x0000023efac28470 Thread exited: 0x0000023efac28470
Event: 10.764 Thread 0x0000023efac1eee0 Thread added: 0x0000023efac1eee0
Event: 10.822 Thread 0x0000023ed07fe4d0 Thread added: 0x0000023ed07fe4d0
Event: 13.559 Thread 0x0000023ed07fe4d0 Thread exited: 0x0000023ed07fe4d0
Event: 13.559 Thread 0x0000023efac1eee0 Thread exited: 0x0000023efac1eee0
Event: 13.586 Thread 0x0000023ed07fe4a0 Thread added: 0x0000023ed07fe4a0
Event: 13.752 Thread 0x0000023ed07fe4a0 Thread exited: 0x0000023ed07fe4a0


Dynamic libraries:
0x00007ff6a5e00000 - 0x00007ff6a5e10000 	C:\Program Files\Java\jdk-21\bin\java.exe
0x00007ff9f5930000 - 0x00007ff9f5b28000 	C:\WINDOWS\SYSTEM32\ntdll.dll
0x00007ff9f5400000 - 0x00007ff9f54c2000 	C:\WINDOWS\System32\KERNEL32.DLL
0x00007ff9f3130000 - 0x00007ff9f3426000 	C:\WINDOWS\System32\KERNELBASE.dll
0x00007ff9f3820000 - 0x00007ff9f3920000 	C:\WINDOWS\System32\ucrtbase.dll
0x00007ff9e2e70000 - 0x00007ff9e2e89000 	C:\Program Files\Java\jdk-21\bin\jli.dll
0x00007ff9f3da0000 - 0x00007ff9f3e51000 	C:\WINDOWS\System32\ADVAPI32.dll
0x00007ff9f5820000 - 0x00007ff9f58be000 	C:\WINDOWS\System32\msvcrt.dll
0x00007ff9f4800000 - 0x00007ff9f489f000 	C:\WINDOWS\System32\sechost.dll
0x00007ff9f3c10000 - 0x00007ff9f3d30000 	C:\WINDOWS\System32\RPCRT4.dll
0x00007ff9f3560000 - 0x00007ff9f3587000 	C:\WINDOWS\System32\bcrypt.dll
0x00007ff9f3f40000 - 0x00007ff9f40e1000 	C:\WINDOWS\System32\USER32.dll
0x00007ff9f3100000 - 0x00007ff9f3122000 	C:\WINDOWS\System32\win32u.dll
0x00007ff9f47c0000 - 0x00007ff9f47eb000 	C:\WINDOWS\System32\GDI32.dll
0x00007ff9f2f90000 - 0x00007ff9f30a9000 	C:\WINDOWS\System32\gdi32full.dll
0x00007ff9f3590000 - 0x00007ff9f362d000 	C:\WINDOWS\System32\msvcp_win.dll
0x00007ff9e2dc0000 - 0x00007ff9e2ddb000 	C:\Program Files\Java\jdk-21\bin\VCRUNTIME140.dll
0x00007ff9e4da0000 - 0x00007ff9e503b000 	C:\WINDOWS\WinSxS\amd64_microsoft.windows.common-controls_6595b64144ccf1df_6.0.19041.6456_none_60b8a6cb71f64256\COMCTL32.dll
0x00007ff9ecd10000 - 0x00007ff9ecd1a000 	C:\WINDOWS\SYSTEM32\VERSION.dll
0x00007ff9f3f10000 - 0x00007ff9f3f3f000 	C:\WINDOWS\System32\IMM32.DLL
0x00007ff9e25a0000 - 0x00007ff9e25ac000 	C:\Program Files\Java\jdk-21\bin\vcruntime140_1.dll
0x00007ff9d12b0000 - 0x00007ff9d133e000 	C:\Program Files\Java\jdk-21\bin\msvcp140.dll
0x00007ff9a2110000 - 0x00007ff9a2e2a000 	C:\Program Files\Java\jdk-21\bin\server\jvm.dll
0x00007ff9f4210000 - 0x00007ff9f427b000 	C:\WINDOWS\System32\WS2_32.dll
0x00007ff9f2df0000 - 0x00007ff9f2e3b000 	C:\WINDOWS\SYSTEM32\POWRPROF.dll
0x00007ff9e0140000 - 0x00007ff9e0167000 	C:\WINDOWS\SYSTEM32\WINMM.dll
0x00007ff9f2dd0000 - 0x00007ff9f2de2000 	C:\WINDOWS\SYSTEM32\UMPDC.dll
0x00007ff9f0dc0000 - 0x00007ff9f0dd2000 	C:\WINDOWS\SYSTEM32\kernel.appcore.dll
0x00007ff9e2590000 - 0x00007ff9e259a000 	C:\Program Files\Java\jdk-21\bin\jimage.dll
0x00007ff9df840000 - 0x00007ff9dfa41000 	C:\WINDOWS\SYSTEM32\DBGHELP.DLL
0x00007ff9dd350000 - 0x00007ff9dd384000 	C:\WINDOWS\SYSTEM32\dbgcore.DLL
0x00007ff9f3630000 - 0x00007ff9f36b2000 	C:\WINDOWS\System32\bcryptPrimitives.dll
0x00007ff9e2280000 - 0x00007ff9e229f000 	C:\Program Files\Java\jdk-21\bin\java.dll
0x00007ff9f4930000 - 0x00007ff9f50a0000 	C:\WINDOWS\System32\SHELL32.dll
0x00007ff9f0fc0000 - 0x00007ff9f1765000 	C:\WINDOWS\SYSTEM32\windows.storage.dll
0x00007ff9f50a0000 - 0x00007ff9f53f4000 	C:\WINDOWS\System32\combase.dll
0x00007ff9f28e0000 - 0x00007ff9f290b000 	C:\WINDOWS\SYSTEM32\Wldp.dll
0x00007ff9f46f0000 - 0x00007ff9f47bd000 	C:\WINDOWS\System32\OLEAUT32.dll
0x00007ff9f3920000 - 0x00007ff9f39cd000 	C:\WINDOWS\System32\SHCORE.dll
0x00007ff9f57c0000 - 0x00007ff9f581b000 	C:\WINDOWS\System32\shlwapi.dll
0x00007ff9f2ec0000 - 0x00007ff9f2ee4000 	C:\WINDOWS\SYSTEM32\profapi.dll
0x00007ff9c1e40000 - 0x00007ff9c1f17000 	C:\Program Files\Java\jdk-21\bin\jsvml.dll
0x00007ff9e2270000 - 0x00007ff9e2280000 	C:\Program Files\Java\jdk-21\bin\net.dll
0x00007ff9ec950000 - 0x00007ff9eca5a000 	C:\WINDOWS\SYSTEM32\WINHTTP.dll
0x00007ff9f25f0000 - 0x00007ff9f265a000 	C:\WINDOWS\system32\mswsock.dll
0x00007ff9e0dd0000 - 0x00007ff9e0de6000 	C:\Program Files\Java\jdk-21\bin\nio.dll
0x00007ff9e09b0000 - 0x00007ff9e09c8000 	C:\Program Files\Java\jdk-21\bin\zip.dll
0x00007ff9df250000 - 0x00007ff9df274000 	C:\Users\2oleg\Downloads\apache-maven-3.9.11-bin\apache-maven-3.9.11\lib\jansi-native\Windows\x86_64\jansi.dll
0x00007ff9e1970000 - 0x00007ff9e1980000 	C:\Program Files\Java\jdk-21\bin\verify.dll

dbghelp: loaded successfully - version: 4.0.5 - missing functions: none
symbol engine: initialized successfully - sym options: 0x614 - pdb path: .;C:\Program Files\Java\jdk-21\bin;C:\WINDOWS\SYSTEM32;C:\WINDOWS\WinSxS\amd64_microsoft.windows.common-controls_6595b64144ccf1df_6.0.19041.6456_none_60b8a6cb71f64256;C:\Program Files\Java\jdk-21\bin\server;C:\Users\2oleg\Downloads\apache-maven-3.9.11-bin\apache-maven-3.9.11\lib\jansi-native\Windows\x86_64

VM Arguments:
jvm_args: --enable-native-access=ALL-UNNAMED -Dclassworlds.conf=C:\Users\2oleg\Downloads\apache-maven-3.9.11-bin\apache-maven-3.9.11\bin\m2.conf -Dmaven.home=C:\Users\2oleg\Downloads\apache-maven-3.9.11-bin\apache-maven-3.9.11 -Dlibrary.jansi.path=C:\Users\2oleg\Downloads\apache-maven-3.9.11-bin\apache-maven-3.9.11\lib\jansi-native -Dmaven.multiModuleProjectDirectory=C:\Users\2oleg\Downloads\Telegram Desktop\Kefir\Backend\TransactionSaga 
java_command: org.codehaus.plexus.classworlds.launcher.Launcher spring-boot:run -Dserver.port=8090 -DskipTests
java_class_path (initial): C:\Users\2oleg\Downloads\apache-maven-3.9.11-bin\apache-maven-3.9.11\boot\plexus-classworlds-2.9.0.jar
Launcher Type: SUN_STANDARD

[Global flags]
     intx CICompilerCount                          = 4                                         {product} {ergonomic}
     uint ConcGCThreads                            = 2                                         {product} {ergonomic}
     uint G1ConcRefinementThreads                  = 8                                         {product} {ergonomic}
   size_t G1HeapRegionSize                         = 2097152                                   {product} {ergonomic}
    uintx GCDrainStackTargetSize                   = 64                                        {product} {ergonomic}
   size_t InitialHeapSize                          = 192937984                                 {product} {ergonomic}
   size_t MarkStackSize                            = 4194304                                   {product} {ergonomic}
   size_t MaxHeapSize                              = 3074424832                                {product} {ergonomic}
   size_t MaxNewSize                               = 1843396608                                {product} {ergonomic}
   size_t MinHeapDeltaBytes                        = 2097152                                   {product} {ergonomic}
   size_t MinHeapSize                              = 8388608                                   {product} {ergonomic}
    uintx NonNMethodCodeHeapSize                   = 5839372                                {pd product} {ergonomic}
    uintx NonProfiledCodeHeapSize                  = 122909434                              {pd product} {ergonomic}
    uintx ProfiledCodeHeapSize                     = 122909434                              {pd product} {ergonomic}
    uintx ReservedCodeCacheSize                    = 251658240                              {pd product} {ergonomic}
     bool SegmentedCodeCache                       = true                                      {product} {ergonomic}
   size_t SoftMaxHeapSize                          = 3074424832                             {manageable} {ergonomic}
     bool UseCompressedOops                        = true                           {product lp64_product} {ergonomic}
     bool UseG1GC                                  = true                                      {product} {ergonomic}
     bool UseLargePagesIndividualAllocation        = false                                  {pd product} {ergonomic}

Logging:
Log output configuration:
 #0: stdout all=warning uptime,level,tags foldmultilines=false
 #1: stderr all=off uptime,level,tags foldmultilines=false

Environment Variables:
JAVA_HOME=C:\Program Files\Java\jdk-21
PATH=C:\Program Files\Common Files\Oracle\Java\javapath;C:\Program Files (x86)\Cuminas\Document Express DjVu Plug-in\;C:\Program Files (x86)\Razer Chroma SDK\bin;C:\Program Files\Razer Chroma SDK\bin;C:\WINDOWS\system32;C:\WINDOWS;C:\WINDOWS\System32\Wbem;C:\WINDOWS\System32\WindowsPowerShell\v1.0\;C:\WINDOWS\System32\OpenSSH\;C:\Program Files (x86)\NVIDIA Corporation\PhysX\Common;C:\WINDOWS\system32\config\systemprofile\AppData\Local\Microsoft\WindowsApps;C:\Program Files (x86)\Razer\ChromaBroadcast\bin;C:\Program Files\Razer\ChromaBroadcast\bin;C:\Users\2oleg\AppData\Local\Microsoft\WindowsApps;C:\Program Files\JetBrains\IntelliJ IDEA Community Edition 2024.3\bin;C:\Users\2oleg\AppData\Local\Programs\Microsoft VS Code\bin;C:\Program Files\Docker\Docker\resources\bin;C:\Users\2oleg\Downloads\curl-8.16.0_6-win64-mingw.zip\curl-8.16.0_6-win64-mingw\bin;C:\Users\2oleg\Downloads\curl-8.16.0_6-win64-mingw\curl-8.16.0_6-win64-mingw\bin;C:\Users\2oleg\Downloads\apache-maven-3.9.11-bin\apache-maven-3.9.11\bin;C:\ProgramData\chocolatey\bin;C:\Users\2oleg\AppData\Roaming\Cloud Foundry;C:\Program Files\Git\cmd;C:\Program Files\nodejs\;C:\Users\2oleg\AppData\Local\Muse Hub\lib;C:\Users\2oleg\AppData\Local\Microsoft\WindowsApps;C:\Program Files\JetBrains\IntelliJ IDEA Community Edition 2025.2.4\bin;C:\Users\2oleg\AppData\Local\Programs\Microsoft VS Code\bin;C:\Program Files\jq.exe;C:\Users\2oleg\AppData\Local\Microsoft\WinGet\Packages\jqlang.jq_Microsoft.Winget.Source_8wekyb3d8bbwe;C:\Program Files\Java\jdk-24;C:\Users\2oleg\Downloads\gradle-9.0.0-bin\gradle-9.0.0\bin;C:\Program Files\Docker\Docker\resources\bin;C:\Users\2oleg\AppData\Local\GitHubDesktop\bin;C:\Users\2oleg\AppData\Roaming\npm
USERNAME=2oleg
OS=Windows_NT
PROCESSOR_IDENTIFIER=Intel64 Family 6 Model 60 Stepping 3, GenuineIntel
TMP=C:\Users\2oleg\AppData\Local\Temp
TEMP=C:\Users\2oleg\AppData\Local\Temp




Periodic native trim disabled

---------------  S Y S T E M  ---------------

OS:
 Windows 10 , 64 bit Build 19041 (10.0.19041.5915)
OS uptime: 13 days 9:59 hours
Hyper-V role detected

CPU: total 8 (initial active 8) (4 cores per cpu, 2 threads per core) family 6 model 60 stepping 3 microcode 0x27, cx8, cmov, fxsr, ht, mmx, sse, sse2, sse3, ssse3, sse4.1, sse4.2, popcnt, lzcnt, tsc, tscinvbit, avx, avx2, aes, erms, clmul, bmi1, bmi2, fma, vzeroupper, clflush, hv, rdtscp, f16c
Processor Information for all 8 processors :
  Max Mhz: 2401, Current Mhz: 2401, Mhz Limit: 2401

Memory: 4k page, system-wide physical 11723M (766M free)
TotalPageFile size 23723M (AvailPageFile size 5M)
current process WorkingSet (physical memory assigned to process): 232M, peak: 242M
current process commit charge ("private bytes"): 334M, peak: 344M

vm_info: Java HotSpot(TM) 64-Bit Server VM (21.0.7+8-LTS-245) for windows-amd64 JRE (21.0.7+8-LTS-245), built on 2025-02-21T05:11:27Z by "mach5one" with MS VC++ 17.6 (VS2022)

END.
