#
# There is insufficient memory for the Java Runtime Environment to continue.
# Native memory allocation (malloc) failed to allocate 32744 bytes for Chunk::new
# Possible reasons:
#   The system is out of physical RAM or swap space
#   The process is running with CompressedOops enabled, and the Java Heap may be blocking the growth of the native heap
# Possible solutions:
#   Reduce memory load on the system
#   Increase physical memory or swap space
#   Check if swap backing store is full
#   Decrease Java heap size (-Xmx/-Xms)
#   Decrease number of Java threads
#   Decrease Java thread stack sizes (-Xss)
#   Set larger code cache with -XX:ReservedCodeCacheSize=
#   JVM is running with Zero Based Compressed Oops mode in which the Java heap is
#     placed in the first 32GB address space. The Java Heap base address is the
#     maximum limit for the native heap growth. Please use -XX:HeapBaseMinAddress
#     to set the Java Heap base and to place the Java Heap above 32GB virtual address.
# This output file may be truncated or incomplete.
#
#  Out of Memory Error (arena.cpp:168), pid=11588, tid=7316
#
# JRE version: Java(TM) SE Runtime Environment (21.0.7+8) (build 21.0.7+8-LTS-245)
# Java VM: Java HotSpot(TM) 64-Bit Server VM (21.0.7+8-LTS-245, mixed mode, sharing, tiered, compressed oops, compressed class ptrs, g1 gc, windows-amd64)
# No core dump will be written. Minidumps are not enabled by default on client versions of Windows
#

---------------  S U M M A R Y ------------

Command Line: --enable-native-access=ALL-UNNAMED -Dclassworlds.conf=C:\Users\2oleg\Downloads\apache-maven-3.9.11-bin\apache-maven-3.9.11\bin\m2.conf -Dmaven.home=C:\Users\2oleg\Downloads\apache-maven-3.9.11-bin\apache-maven-3.9.11 -Dlibrary.jansi.path=C:\Users\2oleg\Downloads\apache-maven-3.9.11-bin\apache-maven-3.9.11\lib\jansi-native -Dmaven.multiModuleProjectDirectory=C:\Users\2oleg\Downloads\Telegram Desktop\Kefir\Backend\TransactionSaga org.codehaus.plexus.classworlds.launcher.Launcher spring-boot:run -Dserver.port=8090 -DskipTests

Host: Intel(R) Core(TM) i7-4700HQ CPU @ 2.40GHz, 8 cores, 11G,  Windows 10 , 64 bit Build 19041 (10.0.19041.5915)
Time: Sat Dec 20 01:16:05 2025 RTZ 2 (s 10 , 64 bit Build 19041 (10.0.19041.5915) elapsed time: 46.344588 seconds (0d 0h 0m 46s)

---------------  T H R E A D  ---------------

Current thread (0x0000016877eb4d50):  JavaThread "C2 CompilerThread0" daemon [_thread_in_native, id=7316, stack(0x0000005943c00000,0x0000005943d00000) (1024K)]


Current CompileTask:
C2:  46344 4670   !   4       org.apache.maven.model.PluginContainer::clone (137 bytes)

Stack: [0x0000005943c00000,0x0000005943d00000]
Native frames: (J=compiled Java code, j=interpreted, Vv=VM code, C=native code)
V  [jvm.dll+0x6cae19]
V  [jvm.dll+0x855741]
V  [jvm.dll+0x857c6e]
V  [jvm.dll+0x858343]
V  [jvm.dll+0x27e0b6]
V  [jvm.dll+0xc4ecd]
V  [jvm.dll+0xc5403]
V  [jvm.dll+0x7b3269]
V  [jvm.dll+0x5f62e7]
V  [jvm.dll+0x24fbc2]
V  [jvm.dll+0x24ff7f]
V  [jvm.dll+0x248a9c]
V  [jvm.dll+0x246004]
V  [jvm.dll+0x1c6efe]
V  [jvm.dll+0x255819]
V  [jvm.dll+0x253daa]
V  [jvm.dll+0x3eebb6]
V  [jvm.dll+0x7ffa1b]
V  [jvm.dll+0x6c94fd]
C  [ucrtbase.dll+0x21bb2]
C  [KERNEL32.DLL+0x17374]
C  [ntdll.dll+0x4cc91]


---------------  P R O C E S S  ---------------

Threads class SMR info:
_java_thread_list=0x000001687ca9c7c0, length=12, elements={
0x00000168583e3900, 0x0000016877eaa360, 0x0000016877eab160, 0x0000016877eadcc0,
0x0000016877eae710, 0x0000016877eaf160, 0x0000016877eafbb0, 0x0000016877eb4d50,
0x0000016877eb69a0, 0x000001687c208a60, 0x000001687c20bcb0, 0x000001687cf32b90
}

Java Threads: ( => current thread )
  0x00000168583e3900 JavaThread "main"                              [_thread_in_native, id=15424, stack(0x0000005942e00000,0x0000005942f00000) (1024K)]
  0x0000016877eaa360 JavaThread "Reference Handler"          daemon [_thread_blocked, id=13052, stack(0x0000005943600000,0x0000005943700000) (1024K)]
  0x0000016877eab160 JavaThread "Finalizer"                  daemon [_thread_blocked, id=18692, stack(0x0000005943700000,0x0000005943800000) (1024K)]
  0x0000016877eadcc0 JavaThread "Signal Dispatcher"          daemon [_thread_blocked, id=11992, stack(0x0000005943800000,0x0000005943900000) (1024K)]
  0x0000016877eae710 JavaThread "Attach Listener"            daemon [_thread_blocked, id=15916, stack(0x0000005943900000,0x0000005943a00000) (1024K)]
  0x0000016877eaf160 JavaThread "Service Thread"             daemon [_thread_blocked, id=9276, stack(0x0000005943a00000,0x0000005943b00000) (1024K)]
  0x0000016877eafbb0 JavaThread "Monitor Deflation Thread"   daemon [_thread_blocked, id=15808, stack(0x0000005943b00000,0x0000005943c00000) (1024K)]
=>0x0000016877eb4d50 JavaThread "C2 CompilerThread0"         daemon [_thread_in_native, id=7316, stack(0x0000005943c00000,0x0000005943d00000) (1024K)]
  0x0000016877eb69a0 JavaThread "C1 CompilerThread0"         daemon [_thread_blocked, id=22524, stack(0x0000005943d00000,0x0000005943e00000) (1024K)]
  0x000001687c208a60 JavaThread "Notification Thread"        daemon [_thread_blocked, id=10920, stack(0x0000005943e00000,0x0000005943f00000) (1024K)]
  0x000001687c20bcb0 JavaThread "Common-Cleaner"             daemon [_thread_blocked, id=22512, stack(0x0000005943f00000,0x0000005944000000) (1024K)]
  0x000001687cf32b90 JavaThread "Thread-1"                   daemon [_thread_blocked, id=10444, stack(0x0000005944700000,0x0000005944800000) (1024K)]
Total: 12

Other Threads:
  0x0000016877e8d840 VMThread "VM Thread"                           [id=18584, stack(0x0000005943500000,0x0000005943600000) (1024K)]
  0x0000016877e79db0 WatcherThread "VM Periodic Task Thread"        [id=22844, stack(0x0000005943400000,0x0000005943500000) (1024K)]
  0x000001685842f970 WorkerThread "GC Thread#0"                     [id=10180, stack(0x0000005942f00000,0x0000005943000000) (1024K)]
  0x000001687ce8c5a0 WorkerThread "GC Thread#1"                     [id=22304, stack(0x0000005944000000,0x0000005944100000) (1024K)]
  0x000001687ce8c940 WorkerThread "GC Thread#2"                     [id=2252, stack(0x0000005944100000,0x0000005944200000) (1024K)]
  0x000001687ce8cce0 WorkerThread "GC Thread#3"                     [id=23480, stack(0x0000005944200000,0x0000005944300000) (1024K)]
  0x000001687cd013a0 WorkerThread "GC Thread#4"                     [id=12244, stack(0x0000005944300000,0x0000005944400000) (1024K)]
  0x000001687ce789d0 WorkerThread "GC Thread#5"                     [id=11888, stack(0x0000005944400000,0x0000005944500000) (1024K)]
  0x000001687ce78d70 WorkerThread "GC Thread#6"                     [id=4616, stack(0x0000005944500000,0x0000005944600000) (1024K)]
  0x000001687ce79110 WorkerThread "GC Thread#7"                     [id=18472, stack(0x0000005944600000,0x0000005944700000) (1024K)]
  0x000001685843c090 ConcurrentGCThread "G1 Main Marker"            [id=8704, stack(0x0000005943000000,0x0000005943100000) (1024K)]
  0x000001685843cb90 WorkerThread "G1 Conc#0"                       [id=15184, stack(0x0000005943100000,0x0000005943200000) (1024K)]
  0x00000168584adbe0 ConcurrentGCThread "G1 Refine#0"               [id=15720, stack(0x0000005943200000,0x0000005943300000) (1024K)]
  0x00000168584ae750 ConcurrentGCThread "G1 Service"                [id=11024, stack(0x0000005943300000,0x0000005943400000) (1024K)]
Total: 14

Threads with active compile tasks:
C2 CompilerThread0    46400 4670   !   4       org.apache.maven.model.PluginContainer::clone (137 bytes)
Total: 1

VM state: not at safepoint (normal execution)

VM Mutex/Monitor currently owned by a thread: None

Heap address: 0x0000000748c00000, size: 2932 MB, Compressed Oops mode: Zero based, Oop shift amount: 3

CDS archive(s) mapped at: [0x0000016800000000-0x0000016800c90000-0x0000016800c90000), size 13172736, SharedBaseAddress: 0x0000016800000000, ArchiveRelocationMode: 1.
Compressed class space mapped at: 0x0000016801000000-0x0000016841000000, reserved size: 1073741824
Narrow klass base: 0x0000016800000000, Narrow klass shift: 0, Narrow klass range: 0x100000000

GC Precious Log:
 CardTable entry size: 512
 Card Set container configuration: InlinePtr #cards 4 size 8 Array Of Cards #cards 16 size 48 Howl #buckets 8 coarsen threshold 3686 Howl Bitmap #cards 512 size 80 coarsen threshold 460 Card regions per heap region 1 cards per card region 4096
 CPUs: 8 total, 8 available
 Memory: 11723M
 Large Page Support: Disabled
 NUMA Support: Disabled
 Compressed Oops: Enabled (Zero based)
 Heap Region Size: 2M
 Heap Min Capacity: 8M
 Heap Initial Capacity: 184M
 Heap Max Capacity: 2932M
 Pre-touch: Disabled
 Parallel Workers: 8
 Concurrent Workers: 2
 Concurrent Refinement Workers: 8
 Periodic GC: Disabled

Heap:
 garbage-first heap   total 188416K, used 51015K [0x0000000748c00000, 0x0000000800000000)
  region size 2048K, 25 young (51200K), 7 survivors (14336K)
 Metaspace       used 16628K, committed 16896K, reserved 1114112K
  class space    used 1851K, committed 1984K, reserved 1048576K

Heap Regions: E=young(eden), S=young(survivor), O=old, HS=humongous(starts), HC=humongous(continues), CS=collection set, F=free, TAMS=top-at-mark-start, PB=parsable bottom
|   0|0x0000000748c00000, 0x0000000748e00000, 0x0000000748e00000|100%| O|  |TAMS 0x0000000748c00000| PB 0x0000000748c00000| Untracked 
|   1|0x0000000748e00000, 0x0000000748f734e0, 0x0000000749000000| 72%| O|  |TAMS 0x0000000748e00000| PB 0x0000000748e00000| Untracked 
|   2|0x0000000749000000, 0x0000000749000000, 0x0000000749200000|  0%| F|  |TAMS 0x0000000749000000| PB 0x0000000749000000| Untracked 
|   3|0x0000000749200000, 0x0000000749200000, 0x0000000749400000|  0%| F|  |TAMS 0x0000000749200000| PB 0x0000000749200000| Untracked 
|   4|0x0000000749400000, 0x0000000749400000, 0x0000000749600000|  0%| F|  |TAMS 0x0000000749400000| PB 0x0000000749400000| Untracked 
|   5|0x0000000749600000, 0x0000000749600000, 0x0000000749800000|  0%| F|  |TAMS 0x0000000749600000| PB 0x0000000749600000| Untracked 
|   6|0x0000000749800000, 0x0000000749800000, 0x0000000749a00000|  0%| F|  |TAMS 0x0000000749800000| PB 0x0000000749800000| Untracked 
|   7|0x0000000749a00000, 0x0000000749a00000, 0x0000000749c00000|  0%| F|  |TAMS 0x0000000749a00000| PB 0x0000000749a00000| Untracked 
|   8|0x0000000749c00000, 0x0000000749c00000, 0x0000000749e00000|  0%| F|  |TAMS 0x0000000749c00000| PB 0x0000000749c00000| Untracked 
|   9|0x0000000749e00000, 0x0000000749e00000, 0x000000074a000000|  0%| F|  |TAMS 0x0000000749e00000| PB 0x0000000749e00000| Untracked 
|  10|0x000000074a000000, 0x000000074a000000, 0x000000074a200000|  0%| F|  |TAMS 0x000000074a000000| PB 0x000000074a000000| Untracked 
|  11|0x000000074a200000, 0x000000074a200000, 0x000000074a400000|  0%| F|  |TAMS 0x000000074a200000| PB 0x000000074a200000| Untracked 
|  12|0x000000074a400000, 0x000000074a400000, 0x000000074a600000|  0%| F|  |TAMS 0x000000074a400000| PB 0x000000074a400000| Untracked 
|  13|0x000000074a600000, 0x000000074a600000, 0x000000074a800000|  0%| F|  |TAMS 0x000000074a600000| PB 0x000000074a600000| Untracked 
|  14|0x000000074a800000, 0x000000074a800000, 0x000000074aa00000|  0%| F|  |TAMS 0x000000074a800000| PB 0x000000074a800000| Untracked 
|  15|0x000000074aa00000, 0x000000074aa00000, 0x000000074ac00000|  0%| F|  |TAMS 0x000000074aa00000| PB 0x000000074aa00000| Untracked 
|  16|0x000000074ac00000, 0x000000074ac00000, 0x000000074ae00000|  0%| F|  |TAMS 0x000000074ac00000| PB 0x000000074ac00000| Untracked 
|  17|0x000000074ae00000, 0x000000074ae00000, 0x000000074b000000|  0%| F|  |TAMS 0x000000074ae00000| PB 0x000000074ae00000| Untracked 
|  18|0x000000074b000000, 0x000000074b000000, 0x000000074b200000|  0%| F|  |TAMS 0x000000074b000000| PB 0x000000074b000000| Untracked 
|  19|0x000000074b200000, 0x000000074b200000, 0x000000074b400000|  0%| F|  |TAMS 0x000000074b200000| PB 0x000000074b200000| Untracked 
|  20|0x000000074b400000, 0x000000074b400000, 0x000000074b600000|  0%| F|  |TAMS 0x000000074b400000| PB 0x000000074b400000| Untracked 
|  21|0x000000074b600000, 0x000000074b600000, 0x000000074b800000|  0%| F|  |TAMS 0x000000074b600000| PB 0x000000074b600000| Untracked 
|  22|0x000000074b800000, 0x000000074b800000, 0x000000074ba00000|  0%| F|  |TAMS 0x000000074b800000| PB 0x000000074b800000| Untracked 
|  23|0x000000074ba00000, 0x000000074ba00000, 0x000000074bc00000|  0%| F|  |TAMS 0x000000074ba00000| PB 0x000000074ba00000| Untracked 
|  24|0x000000074bc00000, 0x000000074bc00000, 0x000000074be00000|  0%| F|  |TAMS 0x000000074bc00000| PB 0x000000074bc00000| Untracked 
|  25|0x000000074be00000, 0x000000074be00000, 0x000000074c000000|  0%| F|  |TAMS 0x000000074be00000| PB 0x000000074be00000| Untracked 
|  26|0x000000074c000000, 0x000000074c000000, 0x000000074c200000|  0%| F|  |TAMS 0x000000074c000000| PB 0x000000074c000000| Untracked 
|  27|0x000000074c200000, 0x000000074c200000, 0x000000074c400000|  0%| F|  |TAMS 0x000000074c200000| PB 0x000000074c200000| Untracked 
|  28|0x000000074c400000, 0x000000074c400000, 0x000000074c600000|  0%| F|  |TAMS 0x000000074c400000| PB 0x000000074c400000| Untracked 
|  29|0x000000074c600000, 0x000000074c600000, 0x000000074c800000|  0%| F|  |TAMS 0x000000074c600000| PB 0x000000074c600000| Untracked 
|  30|0x000000074c800000, 0x000000074c85e720, 0x000000074ca00000| 18%| S|CS|TAMS 0x000000074c800000| PB 0x000000074c800000| Complete 
|  31|0x000000074ca00000, 0x000000074cc00000, 0x000000074cc00000|100%| S|CS|TAMS 0x000000074ca00000| PB 0x000000074ca00000| Complete 
|  32|0x000000074cc00000, 0x000000074ce00000, 0x000000074ce00000|100%| S|CS|TAMS 0x000000074cc00000| PB 0x000000074cc00000| Complete 
|  33|0x000000074ce00000, 0x000000074d000000, 0x000000074d000000|100%| S|CS|TAMS 0x000000074ce00000| PB 0x000000074ce00000| Complete 
|  34|0x000000074d000000, 0x000000074d200000, 0x000000074d200000|100%| S|CS|TAMS 0x000000074d000000| PB 0x000000074d000000| Complete 
|  35|0x000000074d200000, 0x000000074d400000, 0x000000074d400000|100%| S|CS|TAMS 0x000000074d200000| PB 0x000000074d200000| Complete 
|  36|0x000000074d400000, 0x000000074d600000, 0x000000074d600000|100%| S|CS|TAMS 0x000000074d400000| PB 0x000000074d400000| Complete 
|  37|0x000000074d600000, 0x000000074d600000, 0x000000074d800000|  0%| F|  |TAMS 0x000000074d600000| PB 0x000000074d600000| Untracked 
|  38|0x000000074d800000, 0x000000074d800000, 0x000000074da00000|  0%| F|  |TAMS 0x000000074d800000| PB 0x000000074d800000| Untracked 
|  39|0x000000074da00000, 0x000000074da00000, 0x000000074dc00000|  0%| F|  |TAMS 0x000000074da00000| PB 0x000000074da00000| Untracked 
|  40|0x000000074dc00000, 0x000000074dc00000, 0x000000074de00000|  0%| F|  |TAMS 0x000000074dc00000| PB 0x000000074dc00000| Untracked 
|  41|0x000000074de00000, 0x000000074de00000, 0x000000074e000000|  0%| F|  |TAMS 0x000000074de00000| PB 0x000000074de00000| Untracked 
|  42|0x000000074e000000, 0x000000074e000000, 0x000000074e200000|  0%| F|  |TAMS 0x000000074e000000| PB 0x000000074e000000| Untracked 
|  43|0x000000074e200000, 0x000000074e200000, 0x000000074e400000|  0%| F|  |TAMS 0x000000074e200000| PB 0x000000074e200000| Untracked 
|  44|0x000000074e400000, 0x000000074e400000, 0x000000074e600000|  0%| F|  |TAMS 0x000000074e400000| PB 0x000000074e400000| Untracked 
|  45|0x000000074e600000, 0x000000074e600000, 0x000000074e800000|  0%| F|  |TAMS 0x000000074e600000| PB 0x000000074e600000| Untracked 
|  46|0x000000074e800000, 0x000000074e800000, 0x000000074ea00000|  0%| F|  |TAMS 0x000000074e800000| PB 0x000000074e800000| Untracked 
|  47|0x000000074ea00000, 0x000000074ea00000, 0x000000074ec00000|  0%| F|  |TAMS 0x000000074ea00000| PB 0x000000074ea00000| Untracked 
|  48|0x000000074ec00000, 0x000000074ec00000, 0x000000074ee00000|  0%| F|  |TAMS 0x000000074ec00000| PB 0x000000074ec00000| Untracked 
|  49|0x000000074ee00000, 0x000000074ee00000, 0x000000074f000000|  0%| F|  |TAMS 0x000000074ee00000| PB 0x000000074ee00000| Untracked 
|  50|0x000000074f000000, 0x000000074f000000, 0x000000074f200000|  0%| F|  |TAMS 0x000000074f000000| PB 0x000000074f000000| Untracked 
|  51|0x000000074f200000, 0x000000074f200000, 0x000000074f400000|  0%| F|  |TAMS 0x000000074f200000| PB 0x000000074f200000| Untracked 
|  52|0x000000074f400000, 0x000000074f400000, 0x000000074f600000|  0%| F|  |TAMS 0x000000074f400000| PB 0x000000074f400000| Untracked 
|  53|0x000000074f600000, 0x000000074f600000, 0x000000074f800000|  0%| F|  |TAMS 0x000000074f600000| PB 0x000000074f600000| Untracked 
|  54|0x000000074f800000, 0x000000074f800000, 0x000000074fa00000|  0%| F|  |TAMS 0x000000074f800000| PB 0x000000074f800000| Untracked 
|  55|0x000000074fa00000, 0x000000074fa00000, 0x000000074fc00000|  0%| F|  |TAMS 0x000000074fa00000| PB 0x000000074fa00000| Untracked 
|  56|0x000000074fc00000, 0x000000074fc00000, 0x000000074fe00000|  0%| F|  |TAMS 0x000000074fc00000| PB 0x000000074fc00000| Untracked 
|  57|0x000000074fe00000, 0x000000074fe00000, 0x0000000750000000|  0%| F|  |TAMS 0x000000074fe00000| PB 0x000000074fe00000| Untracked 
|  58|0x0000000750000000, 0x0000000750000000, 0x0000000750200000|  0%| F|  |TAMS 0x0000000750000000| PB 0x0000000750000000| Untracked 
|  59|0x0000000750200000, 0x0000000750200000, 0x0000000750400000|  0%| F|  |TAMS 0x0000000750200000| PB 0x0000000750200000| Untracked 
|  60|0x0000000750400000, 0x0000000750400000, 0x0000000750600000|  0%| F|  |TAMS 0x0000000750400000| PB 0x0000000750400000| Untracked 
|  61|0x0000000750600000, 0x0000000750600000, 0x0000000750800000|  0%| F|  |TAMS 0x0000000750600000| PB 0x0000000750600000| Untracked 
|  62|0x0000000750800000, 0x0000000750800000, 0x0000000750a00000|  0%| F|  |TAMS 0x0000000750800000| PB 0x0000000750800000| Untracked 
|  63|0x0000000750a00000, 0x0000000750a00000, 0x0000000750c00000|  0%| F|  |TAMS 0x0000000750a00000| PB 0x0000000750a00000| Untracked 
|  64|0x0000000750c00000, 0x0000000750c00000, 0x0000000750e00000|  0%| F|  |TAMS 0x0000000750c00000| PB 0x0000000750c00000| Untracked 
|  65|0x0000000750e00000, 0x0000000750e00000, 0x0000000751000000|  0%| F|  |TAMS 0x0000000750e00000| PB 0x0000000750e00000| Untracked 
|  66|0x0000000751000000, 0x0000000751000000, 0x0000000751200000|  0%| F|  |TAMS 0x0000000751000000| PB 0x0000000751000000| Untracked 
|  67|0x0000000751200000, 0x0000000751200000, 0x0000000751400000|  0%| F|  |TAMS 0x0000000751200000| PB 0x0000000751200000| Untracked 
|  68|0x0000000751400000, 0x0000000751400000, 0x0000000751600000|  0%| F|  |TAMS 0x0000000751400000| PB 0x0000000751400000| Untracked 
|  69|0x0000000751600000, 0x0000000751600000, 0x0000000751800000|  0%| F|  |TAMS 0x0000000751600000| PB 0x0000000751600000| Untracked 
|  70|0x0000000751800000, 0x0000000751800000, 0x0000000751a00000|  0%| F|  |TAMS 0x0000000751800000| PB 0x0000000751800000| Untracked 
|  71|0x0000000751a00000, 0x0000000751a00000, 0x0000000751c00000|  0%| F|  |TAMS 0x0000000751a00000| PB 0x0000000751a00000| Untracked 
|  72|0x0000000751c00000, 0x0000000751c00000, 0x0000000751e00000|  0%| F|  |TAMS 0x0000000751c00000| PB 0x0000000751c00000| Untracked 
|  73|0x0000000751e00000, 0x0000000751e00000, 0x0000000752000000|  0%| F|  |TAMS 0x0000000751e00000| PB 0x0000000751e00000| Untracked 
|  74|0x0000000752000000, 0x0000000752100000, 0x0000000752200000| 50%| E|  |TAMS 0x0000000752000000| PB 0x0000000752000000| Complete 
|  75|0x0000000752200000, 0x0000000752400000, 0x0000000752400000|100%| E|CS|TAMS 0x0000000752200000| PB 0x0000000752200000| Complete 
|  76|0x0000000752400000, 0x0000000752600000, 0x0000000752600000|100%| E|CS|TAMS 0x0000000752400000| PB 0x0000000752400000| Complete 
|  77|0x0000000752600000, 0x0000000752800000, 0x0000000752800000|100%| E|CS|TAMS 0x0000000752600000| PB 0x0000000752600000| Complete 
|  78|0x0000000752800000, 0x0000000752a00000, 0x0000000752a00000|100%| E|CS|TAMS 0x0000000752800000| PB 0x0000000752800000| Complete 
|  79|0x0000000752a00000, 0x0000000752c00000, 0x0000000752c00000|100%| E|CS|TAMS 0x0000000752a00000| PB 0x0000000752a00000| Complete 
|  80|0x0000000752c00000, 0x0000000752e00000, 0x0000000752e00000|100%| E|CS|TAMS 0x0000000752c00000| PB 0x0000000752c00000| Complete 
|  81|0x0000000752e00000, 0x0000000753000000, 0x0000000753000000|100%| E|CS|TAMS 0x0000000752e00000| PB 0x0000000752e00000| Complete 
|  82|0x0000000753000000, 0x0000000753200000, 0x0000000753200000|100%| E|CS|TAMS 0x0000000753000000| PB 0x0000000753000000| Complete 
|  83|0x0000000753200000, 0x0000000753400000, 0x0000000753400000|100%| E|CS|TAMS 0x0000000753200000| PB 0x0000000753200000| Complete 
|  84|0x0000000753400000, 0x0000000753600000, 0x0000000753600000|100%| E|CS|TAMS 0x0000000753400000| PB 0x0000000753400000| Complete 
|  85|0x0000000753600000, 0x0000000753800000, 0x0000000753800000|100%| E|CS|TAMS 0x0000000753600000| PB 0x0000000753600000| Complete 
|  86|0x0000000753800000, 0x0000000753a00000, 0x0000000753a00000|100%| E|CS|TAMS 0x0000000753800000| PB 0x0000000753800000| Complete 
|  87|0x0000000753a00000, 0x0000000753c00000, 0x0000000753c00000|100%| E|CS|TAMS 0x0000000753a00000| PB 0x0000000753a00000| Complete 
|  88|0x0000000753c00000, 0x0000000753e00000, 0x0000000753e00000|100%| E|CS|TAMS 0x0000000753c00000| PB 0x0000000753c00000| Complete 
|  89|0x0000000753e00000, 0x0000000754000000, 0x0000000754000000|100%| E|CS|TAMS 0x0000000753e00000| PB 0x0000000753e00000| Complete 
|  90|0x0000000754000000, 0x0000000754200000, 0x0000000754200000|100%| E|CS|TAMS 0x0000000754000000| PB 0x0000000754000000| Complete 
|  91|0x0000000754200000, 0x0000000754400000, 0x0000000754400000|100%| E|CS|TAMS 0x0000000754200000| PB 0x0000000754200000| Complete 

Card table byte_map: [0x00000168720c0000,0x0000016872680000] _byte_map_base: 0x000001686e67a000

Marking Bits: (CMBitMap*) 0x0000016858430070
 Bits: [0x0000016872680000, 0x0000016875450000)

Polling page: 0x00000168584b0000

Metaspace:

Usage:
  Non-class:     14.43 MB used.
      Class:      1.81 MB used.
       Both:     16.24 MB used.

Virtual space:
  Non-class space:       64.00 MB reserved,      14.56 MB ( 23%) committed,  1 nodes.
      Class space:        1.00 GB reserved,       1.94 MB ( <1%) committed,  1 nodes.
             Both:        1.06 GB reserved,      16.50 MB (  2%) committed. 

Chunk freelists:
   Non-Class:  1.30 MB
       Class:  13.92 MB
        Both:  15.21 MB

MaxMetaspaceSize: unlimited
CompressedClassSpaceSize: 1.00 GB
Initial GC threshold: 21.00 MB
Current GC threshold: 21.00 MB
CDS: on
 - commit_granule_bytes: 65536.
 - commit_granule_words: 8192.
 - virtual_space_node_default_size: 8388608.
 - enlarge_chunks_in_place: 1.
 - use_allocation_guard: 0.


Internal statistics:

num_allocs_failed_limit: 0.
num_arena_births: 170.
num_arena_deaths: 0.
num_vsnodes_births: 2.
num_vsnodes_deaths: 0.
num_space_committed: 264.
num_space_uncommitted: 0.
num_chunks_returned_to_freelist: 0.
num_chunks_taken_from_freelist: 699.
num_chunk_merges: 0.
num_chunk_splits: 506.
num_chunks_enlarged: 421.
num_inconsistent_stats: 0.

CodeHeap 'non-profiled nmethods': size=120000Kb used=2406Kb max_used=2406Kb free=117593Kb
 bounds [0x0000016869b60000, 0x0000016869dd0000, 0x0000016871090000]
CodeHeap 'profiled nmethods': size=120000Kb used=10069Kb max_used=10069Kb free=109930Kb
 bounds [0x0000016862090000, 0x0000016862a70000, 0x00000168695c0000]
CodeHeap 'non-nmethods': size=5760Kb used=1393Kb max_used=1447Kb free=4366Kb
 bounds [0x00000168695c0000, 0x0000016869830000, 0x0000016869b60000]
 total_blobs=5164 nmethods=4675 adapters=393
 compilation: enabled
              stopped_count=0, restarted_count=0
 full_count=0

Compilation events (20 events):
Event: 45.754 Thread 0x0000016877eb69a0 nmethod 4661 0x0000016862a5f810 code [0x0000016862a5fb20, 0x0000016862a60c28]
Event: 45.756 Thread 0x0000016877eb69a0 4662       3       org.apache.maven.model.merge.ModelMerger::mergeBuildBase_TestResources (26 bytes)
Event: 45.757 Thread 0x0000016877eb69a0 nmethod 4662 0x0000016862a61310 code [0x0000016862a61560, 0x0000016862a62138]
Event: 46.189 Thread 0x0000016877eb69a0 4663   !   3       org.apache.maven.model.ReportSet::clone (83 bytes)
Event: 46.190 Thread 0x0000016877eb69a0 nmethod 4663 0x0000016862a62510 code [0x0000016862a627e0, 0x0000016862a635e8]
Event: 46.197 Thread 0x0000016877eb69a0 4664       1       org.apache.maven.model.MailingList::getName (5 bytes)
Event: 46.197 Thread 0x0000016877eb69a0 nmethod 4664 0x0000016869db8010 code [0x0000016869db81a0, 0x0000016869db8270]
Event: 46.198 Thread 0x0000016877eb69a0 4665       1       org.apache.maven.model.MailingList::getSubscribe (5 bytes)
Event: 46.198 Thread 0x0000016877eb69a0 nmethod 4665 0x0000016869db8310 code [0x0000016869db84a0, 0x0000016869db8570]
Event: 46.199 Thread 0x0000016877eb69a0 4666       1       org.apache.maven.model.MailingList::getUnsubscribe (5 bytes)
Event: 46.199 Thread 0x0000016877eb69a0 nmethod 4666 0x0000016869db8610 code [0x0000016869db87a0, 0x0000016869db8870]
Event: 46.200 Thread 0x0000016877eb69a0 4667       1       org.apache.maven.model.MailingList::getPost (5 bytes)
Event: 46.200 Thread 0x0000016877eb69a0 nmethod 4667 0x0000016869db8910 code [0x0000016869db8aa0, 0x0000016869db8b70]
Event: 46.200 Thread 0x0000016877eb69a0 4668       1       org.apache.maven.model.MailingList::getArchive (5 bytes)
Event: 46.200 Thread 0x0000016877eb69a0 nmethod 4668 0x0000016869db8c10 code [0x0000016869db8da0, 0x0000016869db8e70]
Event: 46.201 Thread 0x0000016877eb4d50 4669       4       java.util.ArrayList::listIterator (10 bytes)
Event: 46.202 Thread 0x0000016877eb4d50 nmethod 4669 0x0000016869db8f10 code [0x0000016869db90a0, 0x0000016869db91b0]
Event: 46.324 Thread 0x0000016877eb4d50 4670   !   4       org.apache.maven.model.PluginContainer::clone (137 bytes)
Event: 46.335 Thread 0x0000016877eb69a0 4671       3       org.apache.maven.model.merge.ModelMerger::mergeReporting (28 bytes)
Event: 46.335 Thread 0x0000016877eb69a0 nmethod 4671 0x0000016862a63b10 code [0x0000016862a63ce0, 0x0000016862a64080]

GC Heap History (6 events):
Event: 4.416 GC heap before
{Heap before GC invocations=0 (full 0):
 garbage-first heap   total 188416K, used 22528K [0x0000000748c00000, 0x0000000800000000)
  region size 2048K, 11 young (22528K), 0 survivors (0K)
 Metaspace       used 5609K, committed 5824K, reserved 1114112K
  class space    used 645K, committed 768K, reserved 1048576K
}
Event: 4.570 GC heap after
{Heap after GC invocations=1 (full 0):
 garbage-first heap   total 188416K, used 3840K [0x0000000748c00000, 0x0000000800000000)
  region size 2048K, 2 young (4096K), 2 survivors (4096K)
 Metaspace       used 5609K, committed 5824K, reserved 1114112K
  class space    used 645K, committed 768K, reserved 1048576K
}
Event: 7.945 GC heap before
{Heap before GC invocations=1 (full 0):
 garbage-first heap   total 188416K, used 34560K [0x0000000748c00000, 0x0000000800000000)
  region size 2048K, 17 young (34816K), 2 survivors (4096K)
 Metaspace       used 9555K, committed 9728K, reserved 1114112K
  class space    used 1120K, committed 1216K, reserved 1048576K
}
Event: 7.954 GC heap after
{Heap after GC invocations=2 (full 0):
 garbage-first heap   total 188416K, used 5347K [0x0000000748c00000, 0x0000000800000000)
  region size 2048K, 1 young (2048K), 1 survivors (2048K)
 Metaspace       used 9555K, committed 9728K, reserved 1114112K
  class space    used 1120K, committed 1216K, reserved 1048576K
}
Event: 36.957 GC heap before
{Heap before GC invocations=2 (full 0):
 garbage-first heap   total 188416K, used 115939K [0x0000000748c00000, 0x0000000800000000)
  region size 2048K, 55 young (112640K), 1 survivors (2048K)
 Metaspace       used 16457K, committed 16768K, reserved 1114112K
  class space    used 1848K, committed 1984K, reserved 1048576K
}
Event: 36.978 GC heap after
{Heap after GC invocations=3 (full 0):
 garbage-first heap   total 188416K, used 16199K [0x0000000748c00000, 0x0000000800000000)
  region size 2048K, 7 young (14336K), 7 survivors (14336K)
 Metaspace       used 16457K, committed 16768K, reserved 1114112K
  class space    used 1848K, committed 1984K, reserved 1048576K
}

Dll operation events (8 events):
Event: 0.078 Loaded shared library C:\Program Files\Java\jdk-21\bin\java.dll
Event: 0.528 Loaded shared library C:\Program Files\Java\jdk-21\bin\jsvml.dll
Event: 0.746 Loaded shared library C:\Program Files\Java\jdk-21\bin\net.dll
Event: 0.898 Loaded shared library C:\Program Files\Java\jdk-21\bin\nio.dll
Event: 0.904 Loaded shared library C:\Program Files\Java\jdk-21\bin\zip.dll
Event: 1.487 Loaded shared library C:\Program Files\Java\jdk-21\bin\jimage.dll
Event: 1.788 Loaded shared library C:\Users\2oleg\Downloads\apache-maven-3.9.11-bin\apache-maven-3.9.11\lib\jansi-native\Windows\x86_64\jansi.dll
Event: 1.943 Loaded shared library C:\Program Files\Java\jdk-21\bin\verify.dll

Deoptimization events (20 events):
Event: 40.529 Thread 0x00000168583e3900 Uncommon trap: trap_request=0xffffffde fr.pc=0x0000016869d5e04c relative=0x000000000000040c
Event: 40.529 Thread 0x00000168583e3900 Uncommon trap: reason=class_check action=maybe_recompile pc=0x0000016869d5e04c method=java.nio.charset.CharsetDecoder.decode(Ljava/nio/ByteBuffer;Ljava/nio/CharBuffer;Z)Ljava/nio/charset/CoderResult; @ 57 c2
Event: 40.529 Thread 0x00000168583e3900 DEOPT PACKING pc=0x0000016869d5e04c sp=0x0000005942efba30
Event: 40.529 Thread 0x00000168583e3900 DEOPT UNPACKING pc=0x00000168696146a2 sp=0x0000005942efb950 mode 2
Event: 43.242 Thread 0x00000168583e3900 Uncommon trap: trap_request=0xffffffde fr.pc=0x0000016869ba5120 relative=0x0000000000000ea0
Event: 43.242 Thread 0x00000168583e3900 Uncommon trap: reason=class_check action=maybe_recompile pc=0x0000016869ba5120 method=java.util.concurrent.ConcurrentHashMap.putVal(Ljava/lang/Object;Ljava/lang/Object;Z)Ljava/lang/Object; @ 242 c2
Event: 43.242 Thread 0x00000168583e3900 DEOPT PACKING pc=0x0000016869ba5120 sp=0x0000005942efd280
Event: 43.242 Thread 0x00000168583e3900 DEOPT UNPACKING pc=0x00000168696146a2 sp=0x0000005942efd1f0 mode 2
Event: 43.242 Thread 0x00000168583e3900 Uncommon trap: trap_request=0xffffffde fr.pc=0x0000016869ba5120 relative=0x0000000000000ea0
Event: 43.242 Thread 0x00000168583e3900 Uncommon trap: reason=class_check action=maybe_recompile pc=0x0000016869ba5120 method=java.util.concurrent.ConcurrentHashMap.putVal(Ljava/lang/Object;Ljava/lang/Object;Z)Ljava/lang/Object; @ 242 c2
Event: 43.242 Thread 0x00000168583e3900 DEOPT PACKING pc=0x0000016869ba5120 sp=0x0000005942efcd80
Event: 43.242 Thread 0x00000168583e3900 DEOPT UNPACKING pc=0x00000168696146a2 sp=0x0000005942efccf0 mode 2
Event: 43.426 Thread 0x00000168583e3900 Uncommon trap: trap_request=0xffffff45 fr.pc=0x0000016869c5e4fc relative=0x00000000000002bc
Event: 43.426 Thread 0x00000168583e3900 Uncommon trap: reason=unstable_if action=reinterpret pc=0x0000016869c5e4fc method=java.util.concurrent.ConcurrentHashMap.get(Ljava/lang/Object;)Ljava/lang/Object; @ 152 c2
Event: 43.426 Thread 0x00000168583e3900 DEOPT PACKING pc=0x0000016869c5e4fc sp=0x0000005942efd330
Event: 43.426 Thread 0x00000168583e3900 DEOPT UNPACKING pc=0x00000168696146a2 sp=0x0000005942efd2a8 mode 2
Event: 44.475 Thread 0x00000168583e3900 Uncommon trap: trap_request=0xffffff45 fr.pc=0x0000016869d99038 relative=0x0000000000002fb8
Event: 44.475 Thread 0x00000168583e3900 Uncommon trap: reason=unstable_if action=reinterpret pc=0x0000016869d99038 method=org.codehaus.plexus.interpolation.util.StringUtils.capitalizeFirstLetter(Ljava/lang/String;)Ljava/lang/String; @ 13 c2
Event: 44.475 Thread 0x00000168583e3900 DEOPT PACKING pc=0x0000016869d99038 sp=0x0000005942efc7b0
Event: 44.475 Thread 0x00000168583e3900 DEOPT UNPACKING pc=0x00000168696146a2 sp=0x0000005942efc648 mode 2

Classes loaded (20 events):
Event: 12.067 Loading class sun/nio/fs/WindowsException
Event: 12.067 Loading class sun/nio/fs/WindowsException done
Event: 12.067 Loading class sun/nio/fs/WindowsDirectoryStream
Event: 12.067 Loading class java/nio/file/DirectoryStream
Event: 12.067 Loading class java/nio/file/DirectoryStream done
Event: 12.067 Loading class sun/nio/fs/WindowsDirectoryStream done
Event: 12.068 Loading class java/nio/file/NoSuchFileException
Event: 12.068 Loading class java/nio/file/NoSuchFileException done
Event: 12.561 Loading class java/util/stream/MatchOps$MatchKind
Event: 12.562 Loading class java/util/stream/MatchOps$MatchKind done
Event: 12.562 Loading class java/util/stream/MatchOps
Event: 12.563 Loading class java/util/stream/MatchOps done
Event: 12.563 Loading class java/util/stream/MatchOps$MatchOp
Event: 12.563 Loading class java/util/stream/MatchOps$MatchOp done
Event: 12.563 Loading class java/util/stream/MatchOps$BooleanTerminalSink
Event: 12.563 Loading class java/util/stream/MatchOps$BooleanTerminalSink done
Event: 12.564 Loading class java/util/stream/MatchOps$1MatchSink
Event: 12.564 Loading class java/util/stream/MatchOps$1MatchSink done
Event: 40.525 Loading class sun/nio/cs/ISO_8859_1$Decoder
Event: 40.525 Loading class sun/nio/cs/ISO_8859_1$Decoder done

Classes unloaded (0 events):
No events

Classes redefined (0 events):
No events

Internal exceptions (20 events):
Event: 12.068 Thread 0x00000168583e3900 Exception <a 'sun/nio/fs/WindowsException'{0x00000007518f0de8}> (0x00000007518f0de8) 
thrown [s\open\src\hotspot\share\prims\jni.cpp, line 520]
Event: 13.244 Thread 0x00000168583e3900 Exception <a 'sun/nio/fs/WindowsException'{0x0000000750a85608}> (0x0000000750a85608) 
thrown [s\open\src\hotspot\share\prims\jni.cpp, line 520]
Event: 13.244 Thread 0x00000168583e3900 Exception <a 'sun/nio/fs/WindowsException'{0x0000000750a85968}> (0x0000000750a85968) 
thrown [s\open\src\hotspot\share\prims\jni.cpp, line 520]
Event: 13.247 Thread 0x00000168583e3900 Exception <a 'sun/nio/fs/WindowsException'{0x0000000750aac840}> (0x0000000750aac840) 
thrown [s\open\src\hotspot\share\prims\jni.cpp, line 520]
Event: 13.247 Thread 0x00000168583e3900 Exception <a 'sun/nio/fs/WindowsException'{0x0000000750aacb68}> (0x0000000750aacb68) 
thrown [s\open\src\hotspot\share\prims\jni.cpp, line 520]
Event: 13.256 Thread 0x00000168583e3900 Exception <a 'sun/nio/fs/WindowsException'{0x0000000750b15798}> (0x0000000750b15798) 
thrown [s\open\src\hotspot\share\prims\jni.cpp, line 520]
Event: 13.257 Thread 0x00000168583e3900 Exception <a 'sun/nio/fs/WindowsException'{0x0000000750b15a78}> (0x0000000750b15a78) 
thrown [s\open\src\hotspot\share\prims\jni.cpp, line 520]
Event: 13.335 Thread 0x00000168583e3900 Implicit null exception at 0x0000016869c99966 to 0x0000016869c9b2f8
Event: 13.336 Thread 0x00000168583e3900 Implicit null exception at 0x0000016869c1669b to 0x0000016869c16894
Event: 13.336 Thread 0x00000168583e3900 Implicit null exception at 0x0000016869c72409 to 0x0000016869c72cd0
Event: 20.010 Thread 0x00000168583e3900 Exception <a 'sun/nio/fs/WindowsException'{0x000000074edc9848}> (0x000000074edc9848) 
thrown [s\open\src\hotspot\share\prims\jni.cpp, line 520]
Event: 20.010 Thread 0x00000168583e3900 Exception <a 'sun/nio/fs/WindowsException'{0x000000074edc9b60}> (0x000000074edc9b60) 
thrown [s\open\src\hotspot\share\prims\jni.cpp, line 520]
Event: 40.536 Thread 0x00000168583e3900 Exception <a 'sun/nio/fs/WindowsException'{0x0000000753d85d78}> (0x0000000753d85d78) 
thrown [s\open\src\hotspot\share\prims\jni.cpp, line 520]
Event: 40.536 Thread 0x00000168583e3900 Exception <a 'sun/nio/fs/WindowsException'{0x0000000753d86078}> (0x0000000753d86078) 
thrown [s\open\src\hotspot\share\prims\jni.cpp, line 520]
Event: 43.740 Thread 0x00000168583e3900 Exception <a 'sun/nio/fs/WindowsException'{0x00000007530416e0}> (0x00000007530416e0) 
thrown [s\open\src\hotspot\share\prims\jni.cpp, line 520]
Event: 43.741 Thread 0x00000168583e3900 Exception <a 'sun/nio/fs/WindowsException'{0x00000007530419b0}> (0x00000007530419b0) 
thrown [s\open\src\hotspot\share\prims\jni.cpp, line 520]
Event: 43.925 Thread 0x00000168583e3900 Exception <a 'sun/nio/fs/WindowsException'{0x0000000753195e68}> (0x0000000753195e68) 
thrown [s\open\src\hotspot\share\prims\jni.cpp, line 520]
Event: 43.925 Thread 0x00000168583e3900 Exception <a 'sun/nio/fs/WindowsException'{0x0000000753196188}> (0x0000000753196188) 
thrown [s\open\src\hotspot\share\prims\jni.cpp, line 520]
Event: 43.931 Thread 0x00000168583e3900 Exception <a 'sun/nio/fs/WindowsException'{0x00000007531f17e8}> (0x00000007531f17e8) 
thrown [s\open\src\hotspot\share\prims\jni.cpp, line 520]
Event: 43.931 Thread 0x00000168583e3900 Exception <a 'sun/nio/fs/WindowsException'{0x00000007531f1b30}> (0x00000007531f1b30) 
thrown [s\open\src\hotspot\share\prims\jni.cpp, line 520]

ZGC Phase Switch (0 events):
No events

VM Operations (20 events):
Event: 26.198 Executing VM operation: Cleanup
Event: 26.198 Executing VM operation: Cleanup done
Event: 27.198 Executing VM operation: Cleanup
Event: 27.198 Executing VM operation: Cleanup done
Event: 30.199 Executing VM operation: Cleanup
Event: 30.199 Executing VM operation: Cleanup done
Event: 35.201 Executing VM operation: Cleanup
Event: 35.201 Executing VM operation: Cleanup done
Event: 36.957 Executing VM operation: G1CollectForAllocation (G1 Evacuation Pause)
Event: 36.978 Executing VM operation: G1CollectForAllocation (G1 Evacuation Pause) done
Event: 37.979 Executing VM operation: Cleanup
Event: 37.979 Executing VM operation: Cleanup done
Event: 39.980 Executing VM operation: Cleanup
Event: 39.980 Executing VM operation: Cleanup done
Event: 41.981 Executing VM operation: Cleanup
Event: 41.981 Executing VM operation: Cleanup done
Event: 43.982 Executing VM operation: Cleanup
Event: 44.027 Executing VM operation: Cleanup done
Event: 46.028 Executing VM operation: Cleanup
Event: 46.028 Executing VM operation: Cleanup done

Events (16 events):
Event: 0.167 Thread 0x00000168583e3900 Thread added: 0x00000168583e3900
Event: 0.343 Thread 0x0000016877eaa360 Thread added: 0x0000016877eaa360
Event: 0.344 Thread 0x0000016877eab160 Thread added: 0x0000016877eab160
Event: 0.344 Thread 0x0000016877eadcc0 Thread added: 0x0000016877eadcc0
Event: 0.344 Thread 0x0000016877eae710 Thread added: 0x0000016877eae710
Event: 0.344 Thread 0x0000016877eaf160 Thread added: 0x0000016877eaf160
Event: 0.345 Thread 0x0000016877eafbb0 Thread added: 0x0000016877eafbb0
Event: 0.345 Thread 0x0000016877eb4d50 Thread added: 0x0000016877eb4d50
Event: 0.426 Thread 0x0000016877eb69a0 Thread added: 0x0000016877eb69a0
Event: 0.590 Thread 0x000001687c208a60 Thread added: 0x000001687c208a60
Event: 0.594 Thread 0x000001687c20bcb0 Thread added: 0x000001687c20bcb0
Event: 1.479 Thread 0x000001687c4b2630 Thread added: 0x000001687c4b2630
Event: 1.776 Thread 0x000001687c4b2630 Thread exited: 0x000001687c4b2630
Event: 2.549 Thread 0x000001687c5e1600 Thread added: 0x000001687c5e1600
Event: 2.804 Thread 0x000001687c5e1600 Thread exited: 0x000001687c5e1600
Event: 10.222 Thread 0x000001687cf32b90 Thread added: 0x000001687cf32b90


Dynamic libraries:
0x00007ff6085b0000 - 0x00007ff6085c0000 	C:\Program Files\Java\jdk-21\bin\java.exe
0x00007ffde7a30000 - 0x00007ffde7c28000 	C:\WINDOWS\SYSTEM32\ntdll.dll
0x00007ffde6e80000 - 0x00007ffde6f42000 	C:\WINDOWS\System32\KERNEL32.DLL
0x00007ffde56c0000 - 0x00007ffde59b6000 	C:\WINDOWS\System32\KERNELBASE.dll
0x00007ffde51c0000 - 0x00007ffde52c0000 	C:\WINDOWS\System32\ucrtbase.dll
0x00007ffdb7fb0000 - 0x00007ffdb7fc9000 	C:\Program Files\Java\jdk-21\bin\jli.dll
0x00007ffde6a90000 - 0x00007ffde6b41000 	C:\WINDOWS\System32\ADVAPI32.dll
0x00007ffde7070000 - 0x00007ffde710e000 	C:\WINDOWS\System32\msvcrt.dll
0x00007ffde5d60000 - 0x00007ffde5dff000 	C:\WINDOWS\System32\sechost.dll
0x00007ffde6d60000 - 0x00007ffde6e80000 	C:\WINDOWS\System32\RPCRT4.dll
0x00007ffdb7ee0000 - 0x00007ffdb7efb000 	C:\Program Files\Java\jdk-21\bin\VCRUNTIME140.dll
0x00007ffde59f0000 - 0x00007ffde5a17000 	C:\WINDOWS\System32\bcrypt.dll
0x00007ffde5b30000 - 0x00007ffde5cd1000 	C:\WINDOWS\System32\USER32.dll
0x00007ffde59c0000 - 0x00007ffde59e2000 	C:\WINDOWS\System32\win32u.dll
0x00007ffde67d0000 - 0x00007ffde67fb000 	C:\WINDOWS\System32\GDI32.dll
0x00007ffde54d0000 - 0x00007ffde55e9000 	C:\WINDOWS\System32\gdi32full.dll
0x00007ffde5120000 - 0x00007ffde51bd000 	C:\WINDOWS\System32\msvcp_win.dll
0x00007ffddaa50000 - 0x00007ffddaceb000 	C:\WINDOWS\WinSxS\amd64_microsoft.windows.common-controls_6595b64144ccf1df_6.0.19041.6456_none_60b8a6cb71f64256\COMCTL32.dll
0x00007ffddee20000 - 0x00007ffddee2a000 	C:\WINDOWS\SYSTEM32\VERSION.dll
0x00007ffde7990000 - 0x00007ffde79bf000 	C:\WINDOWS\System32\IMM32.DLL
0x00007ffdcee10000 - 0x00007ffdcee1c000 	C:\Program Files\Java\jdk-21\bin\vcruntime140_1.dll
0x00007ffda0360000 - 0x00007ffda03ee000 	C:\Program Files\Java\jdk-21\bin\msvcp140.dll
0x00007ffd8ecf0000 - 0x00007ffd8fa0a000 	C:\Program Files\Java\jdk-21\bin\server\jvm.dll
0x00007ffde6800000 - 0x00007ffde686b000 	C:\WINDOWS\System32\WS2_32.dll
0x00007ffde4ef0000 - 0x00007ffde4f3b000 	C:\WINDOWS\SYSTEM32\POWRPROF.dll
0x00007ffdc4e10000 - 0x00007ffdc4e37000 	C:\WINDOWS\SYSTEM32\WINMM.dll
0x00007ffde4ed0000 - 0x00007ffde4ee2000 	C:\WINDOWS\SYSTEM32\UMPDC.dll
0x00007ffde2de0000 - 0x00007ffde2df2000 	C:\WINDOWS\SYSTEM32\kernel.appcore.dll
0x00007ffdccc20000 - 0x00007ffdccc2a000 	C:\Program Files\Java\jdk-21\bin\jimage.dll
0x00007ffdd3a40000 - 0x00007ffdd3c41000 	C:\WINDOWS\SYSTEM32\DBGHELP.DLL
0x00007ffdd00c0000 - 0x00007ffdd00f4000 	C:\WINDOWS\SYSTEM32\dbgcore.DLL
0x00007ffde5090000 - 0x00007ffde5112000 	C:\WINDOWS\System32\bcryptPrimitives.dll
0x00007ffdb7ec0000 - 0x00007ffdb7edf000 	C:\Program Files\Java\jdk-21\bin\java.dll
0x00007ffde5e00000 - 0x00007ffde6570000 	C:\WINDOWS\System32\SHELL32.dll
0x00007ffde30c0000 - 0x00007ffde3865000 	C:\WINDOWS\SYSTEM32\windows.storage.dll
0x00007ffde7580000 - 0x00007ffde78d4000 	C:\WINDOWS\System32\combase.dll
0x00007ffde49e0000 - 0x00007ffde4a0b000 	C:\WINDOWS\SYSTEM32\Wldp.dll
0x00007ffde69b0000 - 0x00007ffde6a7d000 	C:\WINDOWS\System32\OLEAUT32.dll
0x00007ffde78e0000 - 0x00007ffde798d000 	C:\WINDOWS\System32\SHCORE.dll
0x00007ffde5ce0000 - 0x00007ffde5d3b000 	C:\WINDOWS\System32\shlwapi.dll
0x00007ffde4fc0000 - 0x00007ffde4fe4000 	C:\WINDOWS\SYSTEM32\profapi.dll
0x00007ffd9b9e0000 - 0x00007ffd9bab7000 	C:\Program Files\Java\jdk-21\bin\jsvml.dll
0x00007ffdccb00000 - 0x00007ffdccb10000 	C:\Program Files\Java\jdk-21\bin\net.dll
0x00007ffddeac0000 - 0x00007ffddebca000 	C:\WINDOWS\SYSTEM32\WINHTTP.dll
0x00007ffde46f0000 - 0x00007ffde475a000 	C:\WINDOWS\system32\mswsock.dll
0x00007ffdb7ea0000 - 0x00007ffdb7eb6000 	C:\Program Files\Java\jdk-21\bin\nio.dll
0x00007ffdb7960000 - 0x00007ffdb7978000 	C:\Program Files\Java\jdk-21\bin\zip.dll
0x00007ffdb60a0000 - 0x00007ffdb60c4000 	C:\Users\2oleg\Downloads\apache-maven-3.9.11-bin\apache-maven-3.9.11\lib\jansi-native\Windows\x86_64\jansi.dll
0x00007ffdcba00000 - 0x00007ffdcba10000 	C:\Program Files\Java\jdk-21\bin\verify.dll

dbghelp: loaded successfully - version: 4.0.5 - missing functions: none
symbol engine: initialized successfully - sym options: 0x614 - pdb path: .;C:\Program Files\Java\jdk-21\bin;C:\WINDOWS\SYSTEM32;C:\WINDOWS\WinSxS\amd64_microsoft.windows.common-controls_6595b64144ccf1df_6.0.19041.6456_none_60b8a6cb71f64256;C:\Program Files\Java\jdk-21\bin\server;C:\Users\2oleg\Downloads\apache-maven-3.9.11-bin\apache-maven-3.9.11\lib\jansi-native\Windows\x86_64

VM Arguments:
jvm_args: --enable-native-access=ALL-UNNAMED -Dclassworlds.conf=C:\Users\2oleg\Downloads\apache-maven-3.9.11-bin\apache-maven-3.9.11\bin\m2.conf -Dmaven.home=C:\Users\2oleg\Downloads\apache-maven-3.9.11-bin\apache-maven-3.9.11 -Dlibrary.jansi.path=C:\Users\2oleg\Downloads\apache-maven-3.9.11-bin\apache-maven-3.9.11\lib\jansi-native -Dmaven.multiModuleProjectDirectory=C:\Users\2oleg\Downloads\Telegram Desktop\Kefir\Backend\TransactionSaga 
java_command: org.codehaus.plexus.classworlds.launcher.Launcher spring-boot:run -Dserver.port=8090 -DskipTests
java_class_path (initial): C:\Users\2oleg\Downloads\apache-maven-3.9.11-bin\apache-maven-3.9.11\boot\plexus-classworlds-2.9.0.jar
Launcher Type: SUN_STANDARD

[Global flags]
     intx CICompilerCount                          = 4                                         {product} {ergonomic}
     uint ConcGCThreads                            = 2                                         {product} {ergonomic}
     uint G1ConcRefinementThreads                  = 8                                         {product} {ergonomic}
   size_t G1HeapRegionSize                         = 2097152                                   {product} {ergonomic}
    uintx GCDrainStackTargetSize                   = 64                                        {product} {ergonomic}
   size_t InitialHeapSize                          = 192937984                                 {product} {ergonomic}
   size_t MarkStackSize                            = 4194304                                   {product} {ergonomic}
   size_t MaxHeapSize                              = 3074424832                                {product} {ergonomic}
   size_t MaxNewSize                               = 1843396608                                {product} {ergonomic}
   size_t MinHeapDeltaBytes                        = 2097152                                   {product} {ergonomic}
   size_t MinHeapSize                              = 8388608                                   {product} {ergonomic}
    uintx NonNMethodCodeHeapSize                   = 5839372                                {pd product} {ergonomic}
    uintx NonProfiledCodeHeapSize                  = 122909434                              {pd product} {ergonomic}
    uintx ProfiledCodeHeapSize                     = 122909434                              {pd product} {ergonomic}
    uintx ReservedCodeCacheSize                    = 251658240                              {pd product} {ergonomic}
     bool SegmentedCodeCache                       = true                                      {product} {ergonomic}
   size_t SoftMaxHeapSize                          = 3074424832                             {manageable} {ergonomic}
     bool UseCompressedOops                        = true                           {product lp64_product} {ergonomic}
     bool UseG1GC                                  = true                                      {product} {ergonomic}
     bool UseLargePagesIndividualAllocation        = false                                  {pd product} {ergonomic}

Logging:
Log output configuration:
 #0: stdout all=warning uptime,level,tags foldmultilines=false
 #1: stderr all=off uptime,level,tags foldmultilines=false

Environment Variables:
JAVA_HOME=C:\Program Files\Java\jdk-21
PATH=C:\Program Files\Common Files\Oracle\Java\javapath;C:\Program Files (x86)\Cuminas\Document Express DjVu Plug-in\;C:\Program Files (x86)\Razer Chroma SDK\bin;C:\Program Files\Razer Chroma SDK\bin;C:\WINDOWS\system32;C:\WINDOWS;C:\WINDOWS\System32\Wbem;C:\WINDOWS\System32\WindowsPowerShell\v1.0\;C:\WINDOWS\System32\OpenSSH\;C:\Program Files (x86)\NVIDIA Corporation\PhysX\Common;C:\WINDOWS\system32\config\systemprofile\AppData\Local\Microsoft\WindowsApps;C:\Program Files (x86)\Razer\ChromaBroadcast\bin;C:\Program Files\Razer\ChromaBroadcast\bin;C:\Users\2oleg\AppData\Local\Microsoft\WindowsApps;C:\Program Files\JetBrains\IntelliJ IDEA Community Edition 2024.3\bin;C:\Users\2oleg\AppData\Local\Programs\Microsoft VS Code\bin;C:\Program Files\Docker\Docker\resources\bin;C:\Users\2oleg\Downloads\curl-8.16.0_6-win64-mingw.zip\curl-8.16.0_6-win64-mingw\bin;C:\Users\2oleg\Downloads\curl-8.16.0_6-win64-mingw\curl-8.16.0_6-win64-mingw\bin;C:\Users\2oleg\Downloads\apache-maven-3.9.11-bin\apache-maven-3.9.11\bin;C:\ProgramData\chocolatey\bin;C:\Users\2oleg\AppData\Roaming\Cloud Foundry;C:\Program Files\Git\cmd;C:\Program Files\nodejs\;C:\WINDOWS\system32\config\systemprofile\AppData\Local\Muse Hub\lib;C:\Users\2oleg\AppData\Local\Microsoft\WindowsApps;C:\Program Files\JetBrains\IntelliJ IDEA Community Edition 2025.2.4\bin;C:\Users\2oleg\AppData\Local\Programs\Microsoft VS Code\bin;C:\Program Files\jq.exe;C:\Users\2oleg\AppData\Local\Microsoft\WinGet\Packages\jqlang.jq_Microsoft.Winget.Source_8wekyb3d8bbwe;C:\Program Files\Java\jdk-24;C:\Users\2oleg\Downloads\gradle-9.0.0-bin\gradle-9.0.0\bin;C:\Program Files\Docker\Docker\resources\bin;C:\Users\2oleg\AppData\Local\GitHubDesktop\bin;C:\Users\2oleg\AppData\Roaming\npm
USERNAME=2oleg
OS=Windows_NT
PROCESSOR_IDENTIFIER=Intel64 Family 6 Model 60 Stepping 3, GenuineIntel
TMP=C:\Users\2oleg\AppData\Local\Temp
TEMP=C:\Users\2oleg\AppData\Local\Temp




Periodic native trim disabled

---------------  S Y S T E M  ---------------

OS:
 Windows 10 , 64 bit Build 19041 (10.0.19041.5915)
OS uptime: 3 days 5:55 hours
Hyper-V role detected

CPU: total 8 (initial active 8) (4 cores per cpu, 2 threads per core) family 6 model 60 stepping 3 microcode 0x27, cx8, cmov, fxsr, ht, mmx, sse, sse2, sse3, ssse3, sse4.1, sse4.2, popcnt, lzcnt, tsc, tscinvbit, avx, avx2, aes, erms, clmul, bmi1, bmi2, fma, vzeroupper, clflush, hv, rdtscp, f16c
Processor Information for all 8 processors :
  Max Mhz: 2401, Current Mhz: 2401, Mhz Limit: 2401

Memory: 4k page, system-wide physical 11723M (260M free)
TotalPageFile size 23723M (AvailPageFile size 0M)
current process WorkingSet (physical memory assigned to process): 201M, peak: 212M
current process commit charge ("private bytes"): 304M, peak: 322M

vm_info: Java HotSpot(TM) 64-Bit Server VM (21.0.7+8-LTS-245) for windows-amd64 JRE (21.0.7+8-LTS-245), built on 2025-02-21T05:11:27Z by "mach5one" with MS VC++ 17.6 (VS2022)

END.
