#
# There is insufficient memory for the Java Runtime Environment to continue.
# Native memory allocation (mmap) failed to map 65536 bytes for Failed to commit metaspace.
# Possible reasons:
#   The system is out of physical RAM or swap space
#   The process is running with CompressedOops enabled, and the Java Heap may be blocking the growth of the native heap
# Possible solutions:
#   Reduce memory load on the system
#   Increase physical memory or swap space
#   Check if swap backing store is full
#   Decrease Java heap size (-Xmx/-Xms)
#   Decrease number of Java threads
#   Decrease Java thread stack sizes (-Xss)
#   Set larger code cache with -XX:ReservedCodeCacheSize=
#   JVM is running with Zero Based Compressed Oops mode in which the Java heap is
#     placed in the first 32GB address space. The Java Heap base address is the
#     maximum limit for the native heap growth. Please use -XX:HeapBaseMinAddress
#     to set the Java Heap base and to place the Java Heap above 32GB virtual address.
# This output file may be truncated or incomplete.
#
#  Out of Memory Error (virtualSpaceNode.cpp:112), pid=32040, tid=3272
#
# JRE version: Java(TM) SE Runtime Environment (21.0.7+8) (build 21.0.7+8-LTS-245)
# Java VM: Java HotSpot(TM) 64-Bit Server VM (21.0.7+8-LTS-245, mixed mode, sharing, tiered, compressed oops, compressed class ptrs, g1 gc, windows-amd64)
# No core dump will be written. Minidumps are not enabled by default on client versions of Windows
#

---------------  S U M M A R Y ------------

Command Line: --enable-native-access=ALL-UNNAMED -Dclassworlds.conf=C:\Users\2oleg\Downloads\apache-maven-3.9.11-bin\apache-maven-3.9.11\bin\m2.conf -Dmaven.home=C:\Users\2oleg\Downloads\apache-maven-3.9.11-bin\apache-maven-3.9.11 -Dlibrary.jansi.path=C:\Users\2oleg\Downloads\apache-maven-3.9.11-bin\apache-maven-3.9.11\lib\jansi-native -Dmaven.multiModuleProjectDirectory=C:\Users\2oleg\Downloads\Telegram Desktop\Kefir\Backend\TransactionSaga org.codehaus.plexus.classworlds.launcher.Launcher spring-boot:run -Dserver.port=8090 -DskipTests

Host: Intel(R) Core(TM) i7-4700HQ CPU @ 2.40GHz, 8 cores, 11G,  Windows 10 , 64 bit Build 19041 (10.0.19041.5915)
Time: Sat Dec 13 01:37:13 2025 RTZ 2 (s 10 , 64 bit Build 19041 (10.0.19041.5915) elapsed time: 28.350841 seconds (0d 0h 0m 28s)

---------------  T H R E A D  ---------------

Current thread (0x0000026d7fcee580):  JavaThread "main"             [_thread_in_vm, id=3272, stack(0x0000007ec2f00000,0x0000007ec3000000) (1024K)]

Stack: [0x0000007ec2f00000,0x0000007ec3000000]
Native frames: (J=compiled Java code, j=interpreted, Vv=VM code, C=native code)
V  [jvm.dll+0x6cae19]
V  [jvm.dll+0x855741]
V  [jvm.dll+0x857c6e]
V  [jvm.dll+0x858343]
V  [jvm.dll+0x27e0b6]
V  [jvm.dll+0x85135e]
V  [jvm.dll+0x66ea55]
V  [jvm.dll+0x1e410c]
V  [jvm.dll+0x1e3ede]
V  [jvm.dll+0x671383]
V  [jvm.dll+0x6711a2]
V  [jvm.dll+0x66f42e]
V  [jvm.dll+0x26850f]
V  [jvm.dll+0x6797a5]
V  [jvm.dll+0x214ea1]
V  [jvm.dll+0x21532a]
V  [jvm.dll+0x215d51]
V  [jvm.dll+0x20b1ee]
V  [jvm.dll+0x5ad9cc]
V  [jvm.dll+0x7cf846]
V  [jvm.dll+0x471336]
V  [jvm.dll+0x4771b8]
C  [java.dll+0x17ec]

Java frames: (J=compiled Java code, j=interpreted, Vv=VM code)
J 518  java.lang.ClassLoader.defineClass1(Ljava/lang/ClassLoader;Ljava/lang/String;[BIILjava/security/ProtectionDomain;Ljava/lang/String;)Ljava/lang/Class; java.base@21.0.7 (0 bytes) @ 0x0000026d1166e411 [0x0000026d1166e340+0x00000000000000d1]
J 962 c1 java.lang.ClassLoader.defineClass(Ljava/lang/String;[BIILjava/security/ProtectionDomain;)Ljava/lang/Class; java.base@21.0.7 (43 bytes) @ 0x0000026d09d4230c [0x0000026d09d41fa0+0x000000000000036c]
J 965 c1 java.security.SecureClassLoader.defineClass(Ljava/lang/String;[BIILjava/security/CodeSource;)Ljava/lang/Class; java.base@21.0.7 (16 bytes) @ 0x0000026d09d4381c [0x0000026d09d43740+0x00000000000000dc]
J 903 c1 java.net.URLClassLoader.defineClass(Ljava/lang/String;Ljdk/internal/loader/Resource;)Ljava/lang/Class; java.base@21.0.7 (224 bytes) @ 0x0000026d09d28604 [0x0000026d09d272c0+0x0000000000001344]
J 902 c1 java.net.URLClassLoader$1.run()Ljava/lang/Class; java.base@21.0.7 (81 bytes) @ 0x0000026d09d25c6c [0x0000026d09d24fe0+0x0000000000000c8c]
J 901 c1 java.net.URLClassLoader$1.run()Ljava/lang/Object; java.base@21.0.7 (5 bytes) @ 0x0000026d09d24a54 [0x0000026d09d249c0+0x0000000000000094]
J 568 c1 java.security.AccessController.doPrivileged(Ljava/security/PrivilegedExceptionAction;Ljava/security/AccessControlContext;)Ljava/lang/Object; java.base@21.0.7 (26 bytes) @ 0x0000026d09c57e94 [0x0000026d09c57ca0+0x00000000000001f4]
J 906 c1 java.net.URLClassLoader.findClass(Ljava/lang/String;)Ljava/lang/Class; java.base@21.0.7 (47 bytes) @ 0x0000026d09d2ba54 [0x0000026d09d2b8a0+0x00000000000001b4]
J 817 c1 org.codehaus.plexus.classworlds.realm.ClassRealm.loadClassFromSelf(Ljava/lang/String;)Ljava/lang/Class; (40 bytes) @ 0x0000026d09cf7abc [0x0000026d09cf7720+0x000000000000039c]
J 845 c1 org.codehaus.plexus.classworlds.strategy.SelfFirstStrategy.loadClass(Ljava/lang/String;)Ljava/lang/Class; (50 bytes) @ 0x0000026d09d0412c [0x0000026d09d03d40+0x00000000000003ec]
J 811 c1 org.codehaus.plexus.classworlds.realm.ClassRealm.loadClass(Ljava/lang/String;Z)Ljava/lang/Class; (33 bytes) @ 0x0000026d09cf41d4 [0x0000026d09cf4060+0x0000000000000174]
J 570 c1 org.codehaus.plexus.classworlds.realm.ClassRealm.loadClass(Ljava/lang/String;)Ljava/lang/Class; (7 bytes) @ 0x0000026d09c586c4 [0x0000026d09c585c0+0x0000000000000104]
v  ~StubRoutines::call_stub 0x0000026d110a100d
J 1723  java.lang.Class.getDeclaredMethods0(Z)[Ljava/lang/reflect/Method; java.base@21.0.7 (0 bytes) @ 0x0000026d11714313 [0x0000026d117142c0+0x0000000000000053]
J 1279 c1 java.lang.Class.privateGetDeclaredMethods(Z)[Ljava/lang/reflect/Method; java.base@21.0.7 (64 bytes) @ 0x0000026d09ddc25c [0x0000026d09ddc0c0+0x000000000000019c]
J 1313 c1 java.lang.Class.getDeclaredMethods()[Ljava/lang/reflect/Method; java.base@21.0.7 (27 bytes) @ 0x0000026d09dec814 [0x0000026d09dec6e0+0x0000000000000134]
J 1623 c1 com.google.inject.internal.DeclaredMembers.getDeclaredMethods(Ljava/lang/Class;)[Ljava/lang/reflect/Method; (76 bytes) @ 0x0000026d09e8c404 [0x0000026d09e8c3a0+0x0000000000000064]
J 1664 c1 com.google.inject.spi.InjectionPoint.getInjectionPoints(Lcom/google/inject/TypeLiteral;ZLcom/google/inject/internal/Errors;)Ljava/util/Set; (489 bytes) @ 0x0000026d09ea912c [0x0000026d09ea8460+0x0000000000000ccc]
J 1756 c1 com.google.inject.spi.InjectionPoint.forInstanceMethodsAndFields(Lcom/google/inject/TypeLiteral;)Ljava/util/Set; (40 bytes) @ 0x0000026d09edcba4 [0x0000026d09edc9e0+0x00000000000001c4]
J 1897 c1 org.eclipse.sisu.wire.DependencyAnalyzer.analyzeImplementation(Lcom/google/inject/TypeLiteral;Z)Ljava/lang/Boolean; (131 bytes) @ 0x0000026d09f1c5cc [0x0000026d09f1bc20+0x00000000000009ac]
j  org.eclipse.sisu.wire.DependencyAnalyzer.visit(Lcom/google/inject/spi/UntargettedBinding;)Ljava/lang/Boolean;+11
j  org.eclipse.sisu.wire.DependencyAnalyzer.visit(Lcom/google/inject/spi/UntargettedBinding;)Ljava/lang/Object;+2
j  com.google.inject.internal.UntargettedBindingImpl.acceptTargetVisitor(Lcom/google/inject/spi/BindingTargetVisitor;)Ljava/lang/Object;+2
J 1885 c1 org.eclipse.sisu.wire.ElementAnalyzer.visit(Lcom/google/inject/Binding;)Ljava/lang/Void; (142 bytes) @ 0x0000026d09f181fc [0x0000026d09f17d00+0x00000000000004fc]
J 1884 c1 org.eclipse.sisu.wire.ElementAnalyzer.visit(Lcom/google/inject/Binding;)Ljava/lang/Object; (6 bytes) @ 0x0000026d09f1793c [0x0000026d09f178c0+0x000000000000007c]
J 1883 c1 com.google.inject.internal.BindingImpl.acceptVisitor(Lcom/google/inject/spi/ElementVisitor;)Ljava/lang/Object; (8 bytes) @ 0x0000026d09f17554 [0x0000026d09f17440+0x0000000000000114]
j  org.eclipse.sisu.wire.WireModule.configure(Lcom/google/inject/Binder;)V+45
j  com.google.inject.spi.Elements$RecordingBinder.install(Lcom/google/inject/Module;)V+209
j  com.google.inject.spi.Elements.getElements(Lcom/google/inject/Stage;Ljava/lang/Iterable;)Ljava/util/List;+40
j  com.google.inject.internal.InjectorShell$Builder.build(Lcom/google/inject/internal/Initializer;Lcom/google/inject/internal/ProcessedBindingData;Lcom/google/inject/internal/util/ContinuousStopwatch;Lcom/google/inject/internal/Errors;)Ljava/util/List;+163
j  com.google.inject.internal.InternalInjectorCreator.build()Lcom/google/inject/Injector;+48
j  com.google.inject.Guice.createInjector(Lcom/google/inject/Stage;Ljava/lang/Iterable;)Lcom/google/inject/Injector;+15
j  com.google.inject.Guice.createInjector(Ljava/lang/Iterable;)Lcom/google/inject/Injector;+4
j  com.google.inject.Guice.createInjector([Lcom/google/inject/Module;)Lcom/google/inject/Injector;+4
j  org.codehaus.plexus.DefaultPlexusContainer.addPlexusInjector(Ljava/util/List;[Lcom/google/inject/Module;)Lcom/google/inject/Injector;+88
j  org.codehaus.plexus.DefaultPlexusContainer.<init>(Lorg/codehaus/plexus/ContainerConfiguration;[Lcom/google/inject/Module;)V+414
j  org.apache.maven.cli.MavenCli.container(Lorg/apache/maven/cli/CliRequest;)Lorg/codehaus/plexus/PlexusContainer;+279
j  org.apache.maven.cli.MavenCli.doMain(Lorg/apache/maven/cli/CliRequest;)I+34
j  org.apache.maven.cli.MavenCli.main([Ljava/lang/String;Lorg/codehaus/plexus/classworlds/ClassWorld;)I+24
j  java.lang.invoke.DirectMethodHandle$Holder.invokeStatic(Ljava/lang/Object;Ljava/lang/Object;Ljava/lang/Object;)I+11 java.base@21.0.7
j  java.lang.invoke.LambdaForm$MH+0x0000026d21009400.invoke(Ljava/lang/Object;Ljava/lang/Object;Ljava/lang/Object;Ljava/lang/Object;)Ljava/lang/Object;+54 java.base@21.0.7
j  java.lang.invoke.LambdaForm$MH+0x0000026d21009800.invokeExact_MT(Ljava/lang/Object;Ljava/lang/Object;Ljava/lang/Object;Ljava/lang/Object;Ljava/lang/Object;)Ljava/lang/Object;+22 java.base@21.0.7
j  jdk.internal.reflect.DirectMethodHandleAccessor.invokeImpl(Ljava/lang/Object;[Ljava/lang/Object;)Ljava/lang/Object;+72 java.base@21.0.7
j  jdk.internal.reflect.DirectMethodHandleAccessor.invoke(Ljava/lang/Object;[Ljava/lang/Object;)Ljava/lang/Object;+23 java.base@21.0.7
j  java.lang.reflect.Method.invoke(Ljava/lang/Object;[Ljava/lang/Object;)Ljava/lang/Object;+102 java.base@21.0.7
j  org.codehaus.plexus.classworlds.launcher.Launcher.launchEnhanced([Ljava/lang/String;)V+45
j  org.codehaus.plexus.classworlds.launcher.Launcher.launch([Ljava/lang/String;)V+2
j  org.codehaus.plexus.classworlds.launcher.Launcher.mainWithExitCode([Ljava/lang/String;)I+108
j  org.codehaus.plexus.classworlds.launcher.Launcher.main([Ljava/lang/String;)V+1
v  ~StubRoutines::call_stub 0x0000026d110a100d

Compiled method (n/a)   28504  518     n 0       java.lang.ClassLoader::defineClass1 (native)
 total in heap  [0x0000026d1166e190,0x0000026d1166e7f0] = 1632
 relocation     [0x0000026d1166e2f0,0x0000026d1166e328] = 56
 main code      [0x0000026d1166e340,0x0000026d1166e7ef] = 1199
 stub code      [0x0000026d1166e7ef,0x0000026d1166e7f0] = 1

[Constant Pool (empty)]

[MachCode]
[Entry Point]
  # {method} {0x0000026d20439a30} 'defineClass1' '(Ljava/lang/ClassLoader;Ljava/lang/String;[BIILjava/security/ProtectionDomain;Ljava/lang/String;)Ljava/lang/Class;' in 'java/lang/ClassLoader'
  # parm0:    rdx:rdx   = 'java/lang/ClassLoader'
  # parm1:    r8:r8     = 'java/lang/String'
  # parm2:    r9:r9     = '[B'
  # parm3:    rdi       = int
  # parm4:    rsi       = int
  # parm5:    rcx:rcx   = 'java/security/ProtectionDomain'
  # parm6:    [sp+0xa0]   = 'java/lang/String'  (sp of caller)
  0x0000026d1166e340: 448b 5208 | 49bb 0000 | 0020 6d02 | 0000 4d03 | d349 3bc2 | 0f84 0600 

  0x0000026d1166e358: ;   {runtime_call ic_miss_stub}
  0x0000026d1166e358: 0000 e921 | 04a8 ff90 
[Verified Entry Point]
  0x0000026d1166e360: 8984 2400 | 80ff ff55 | 488b ec48 | 81ec 9000 | 0000 6690 | 4181 7f20 | 0100 0000 

  0x0000026d1166e37c: ;   {runtime_call StubRoutines (final stubs)}
  0x0000026d1166e37c: 7405 e8dd | 69a6 ff48 | 837d 1000 | 488d 4510 | 480f 4445 | 1048 8944 | 2440 4889 | 4c24 7048 
  0x0000026d1166e39c: 83f9 0048 | 8d44 2470 | 480f 4444 | 2470 4889 | 4424 3848 | 8974 2430 | 4889 7c24 | 284c 894c 
  0x0000026d1166e3bc: 2458 4983 | f900 488d | 4424 5848 | 0f44 4424 | 5848 8944 | 2420 4c89 | 4424 5049 | 83f8 004c 
  0x0000026d1166e3dc: 8d4c 2450 | 4c0f 444c | 2450 4889 | 5424 4848 | 83fa 004c | 8d44 2448 | 4c0f 4444 

  0x0000026d1166e3f8: ;   {oop(a 'java/lang/Class'{0x0000000748c20270} = 'java/lang/ClassLoader')}
  0x0000026d1166e3f8: 2448 49be | 7002 c248 | 0700 0000 | 4c89 7424 | 784c 8d74 | 2478 498b | d6c5 f877 

  0x0000026d1166e414: ;   {internal_word}
  0x0000026d1166e414: 49ba 11e4 | 6611 6d02 | 0000 4d89 | 97a0 0300 | 0049 89a7 | 9803 0000 

  0x0000026d1166e42c: ;   {external_word}
  0x0000026d1166e42c: 49ba 2058 | 808f f97f | 0000 4180 | 3a00 0f84 | 4e00 0000 | 5241 5041 

  0x0000026d1166e444: ;   {metadata({method} {0x0000026d20439a30} 'defineClass1' '(Ljava/lang/ClassLoader;Ljava/lang/String;[BIILjava/security/ProtectionDomain;Ljava/lang/String;)Ljava/lang/Class;' in 'java/lang/ClassLoader')}
  0x0000026d1166e444: 5148 ba28 | 9a43 206d | 0200 0049 | 8bcf 4883 | ec20 40f6 | c40f 0f84 | 1900 0000 | 4883 ec08 
  0x0000026d1166e464: ;   {runtime_call}
  0x0000026d1166e464: 48b8 500d | 318f f97f | 0000 ffd0 | 4883 c408 | e90c 0000 

  0x0000026d1166e478: ;   {runtime_call}
  0x0000026d1166e478: 0048 b850 | 0d31 8ff9 | 7f00 00ff | d048 83c4 | 2041 5941 | 585a 498d | 8fb8 0300 | 0041 c787 
  0x0000026d1166e498: 4404 0000 | 0400 0000 

  0x0000026d1166e4a0: ;   {runtime_call}
  0x0000026d1166e4a0: 48b8 ac16 | bee0 f97f | 0000 ffd0 | c5f8 7741 | c787 4404 | 0000 0500 | 0000 f083 | 4424 c000 
  0x0000026d1166e4c0: 493b af48 | 0400 000f | 870e 0000 | 0041 83bf | 4004 0000 | 000f 842b | 0000 00c5 | f877 4889 
  0x0000026d1166e4e0: 45f8 498b | cf4c 8be4 | 4883 ec20 | 4883 e4f0 

  0x0000026d1166e4f0: ;   {runtime_call}
  0x0000026d1166e4f0: 48b8 30b9 | fc8e f97f | 0000 ffd0 | 498b e44d | 33e4 488b | 45f8 41c7 | 8744 0400 | 0008 0000 
  0x0000026d1166e510: 0041 83bf | c004 0000 | 020f 84a3 

  0x0000026d1166e51c: ;   {external_word}
  0x0000026d1166e51c: 0200 0049 | ba20 5880 | 8ff9 7f00 | 0041 803a | 000f 844c | 0000 0048 

  0x0000026d1166e534: ;   {metadata({method} {0x0000026d20439a30} 'defineClass1' '(Ljava/lang/ClassLoader;Ljava/lang/String;[BIILjava/security/ProtectionDomain;Ljava/lang/String;)Ljava/lang/Class;' in 'java/lang/ClassLoader')}
  0x0000026d1166e534: 8945 f848 | ba28 9a43 | 206d 0200 | 0049 8bcf | 4883 ec20 | 40f6 c40f | 0f84 1900 | 0000 4883 
  0x0000026d1166e554: ;   {runtime_call}
  0x0000026d1166e554: ec08 48b8 | 500d 318f | f97f 0000 | ffd0 4883 | c408 e90c 

  0x0000026d1166e568: ;   {runtime_call}
  0x0000026d1166e568: 0000 0048 | b850 0d31 | 8ff9 7f00 | 00ff d048 | 83c4 2048 | 8b45 f849 | c787 9803 | 0000 0000 
  0x0000026d1166e588: 0000 49c7 | 87a0 0300 | 0000 0000 | 00c5 f877 | 4885 c00f | 84fe 0100 | 00a8 030f | 8508 0000 
  0x0000026d1166e5a8: 0048 8b00 | e9ee 0100 | 00a8 010f | 8509 0000 | 0048 8b40 | fee9 dd01 | 0000 488b | 40ff 4180 
  0x0000026d1166e5c8: 7f40 000f | 84ce 0100 | 0048 83f8 | 000f 84c4 | 0100 0049 | 8b4f 2848 | 83f9 000f | 8414 0000 
  0x0000026d1166e5e8: 0048 83e9 | 0849 894f | 2849 034f | 3848 8901 | e9a2 0100 | 0048 81ec | d000 0000 | 4889 0424 
  0x0000026d1166e608: 4889 4c24 | 0848 8954 | 2410 4889 | 7424 1848 | 897c 2420 | 4c89 4424 | 284c 894c | 2430 4c89 
  0x0000026d1166e628: 5424 384c | 895c 2440 | c5fb 1144 | 2450 c5fb | 114c 2458 | c5fb 1154 | 2460 c5fb | 115c 2468 
  0x0000026d1166e648: c5fb 1164 | 2470 c5fb | 116c 2478 | c5fb 11b4 | 2480 0000 | 00c5 fb11 | bc24 8800 | 0000 c57b 
  0x0000026d1166e668: ;   {no_reloc}
  0x0000026d1166e668: 1184 2490 | 0000 00c5 | 7b11 8c24 | 9800 0000 | c57b 1194 | 24a0 0000 | 00c5 7b11 | 9c24 a800 
  0x0000026d1166e688: 0000 c57b | 11a4 24b0 | 0000 00c5 | 7b11 ac24 | b800 0000 | c57b 11b4 | 24c0 0000 | 00c5 7b11 
  0x0000026d1166e6a8: bc24 c800 | 0000 498b | d748 8bc8 | 4883 ec20 | 40f6 c40f | 0f84 1900 | 0000 4883 

  0x0000026d1166e6c4: ;   {runtime_call}
  0x0000026d1166e6c4: ec08 48b8 | 90f6 ef8e | f97f 0000 | ffd0 4883 | c408 e90c 

  0x0000026d1166e6d8: ;   {runtime_call}
  0x0000026d1166e6d8: 0000 0048 | b890 f6ef | 8ef9 7f00 | 00ff d048 | 83c4 20c5 | 7b10 bc24 | c800 0000 | c57b 10b4 
  0x0000026d1166e6f8: 24c0 0000 | 00c5 7b10 | ac24 b800 | 0000 c57b | 10a4 24b0 | 0000 00c5 | 7b10 9c24 | a800 0000 
  0x0000026d1166e718: c57b 1094 | 24a0 0000 | 00c5 7b10 | 8c24 9800 | 0000 c57b | 1084 2490 | 0000 00c5 | fb10 bc24 
  0x0000026d1166e738: 8800 0000 | c5fb 10b4 | 2480 0000 | 00c5 fb10 | 6c24 78c5 | fb10 6424 | 70c5 fb10 | 5c24 68c5 
  0x0000026d1166e758: fb10 5424 | 60c5 fb10 | 4c24 58c5 | fb10 4424 | 504c 8b5c | 2440 4c8b | 5424 384c | 8b4c 2430 
  0x0000026d1166e778: 4c8b 4424 | 2848 8b7c | 2420 488b | 7424 1848 | 8b54 2410 | 488b 4c24 | 0848 8b04 | 2448 81c4 
  0x0000026d1166e798: d000 0000 | c5f8 7749 | 8b8f 2804 | 0000 c781 | 0001 0000 | 0000 0000 | c949 837f | 0800 0f85 
  0x0000026d1166e7b8: 0100 0000 

  0x0000026d1166e7bc: ;   {runtime_call StubRoutines (initial stubs)}
  0x0000026d1166e7bc: c3e9 3e27 | a3ff c5f8 | 7748 8945 | f84c 8be4 | 4883 ec20 | 4883 e4f0 

  0x0000026d1166e7d4: ;   {runtime_call}
  0x0000026d1166e7d4: 48b8 4045 | 318f f97f | 0000 ffd0 | 498b e44d | 33e4 488b | 45f8 e930 | fdff fff4 
[/MachCode]


Compiled method (c1)   28763  962       3       java.lang.ClassLoader::defineClass (43 bytes)
 total in heap  [0x0000026d09d41d90,0x0000026d09d426f8] = 2408
 relocation     [0x0000026d09d41ef0,0x0000026d09d41f90] = 160
 main code      [0x0000026d09d41fa0,0x0000026d09d42450] = 1200
 stub code      [0x0000026d09d42450,0x0000026d09d424c8] = 120
 metadata       [0x0000026d09d424c8,0x0000026d09d424f8] = 48
 scopes data    [0x0000026d09d424f8,0x0000026d09d425e8] = 240
 scopes pcs     [0x0000026d09d425e8,0x0000026d09d426c8] = 224
 dependencies   [0x0000026d09d426c8,0x0000026d09d426d0] = 8
 nul chk table  [0x0000026d09d426d0,0x0000026d09d426f8] = 40

[Constant Pool (empty)]

[MachCode]
[Entry Point]
  # {method} {0x0000026d20439db0} 'defineClass' '(Ljava/lang/String;[BIILjava/security/ProtectionDomain;)Ljava/lang/Class;' in 'java/lang/ClassLoader'
  # this:     rdx:rdx   = 'java/lang/ClassLoader'
  # parm0:    r8:r8     = 'java/lang/String'
  # parm1:    r9:r9     = '[B'
  # parm2:    rdi       = int
  # parm3:    rsi       = int
  # parm4:    rcx:rcx   = 'java/security/ProtectionDomain'
  #           [sp+0xc0]  (sp of caller)
  0x0000026d09d41fa0: 448b 5208 | 49bb 0000 | 0020 6d02 | 0000 4d03 | d34c 3bd0 

  0x0000026d09d41fb4: ;   {runtime_call ic_miss_stub}
  0x0000026d09d41fb4: 0f85 c6c7 | 3a07 660f | 1f44 0000 
[Verified Entry Point]
  0x0000026d09d41fc0: 8984 2400 | 80ff ff55 | 4881 ecb0 | 0000 0090 | 4181 7f20 | 0100 0000 

  0x0000026d09d41fd8: ;   {runtime_call StubRoutines (final stubs)}
  0x0000026d09d41fd8: 7405 e881 | 2d39 0748 | 8954 2478 

  0x0000026d09d41fe4: ;   {metadata(method data for {method} {0x0000026d20439db0} 'defineClass' '(Ljava/lang/String;[BIILjava/security/ProtectionDomain;)Ljava/lang/Class;' in 'java/lang/ClassLoader')}
  0x0000026d09d41fe4: 48bb 40cc | 1b61 6d02 | 0000 8b83 | cc00 0000 | 83c0 0289 | 83cc 0000 | 0025 fe07 | 0000 85c0 
  0x0000026d09d42004: 0f84 6803 | 0000 89b4 | 2494 0000 | 0089 bc24 | 9000 0000 | 4c89 8c24 | 8800 0000 

  0x0000026d09d42020: ;   {metadata(method data for {method} {0x0000026d20439db0} 'defineClass' '(Ljava/lang/String;[BIILjava/security/ProtectionDomain;)Ljava/lang/Class;' in 'java/lang/ClassLoader')}
  0x0000026d09d42020: 488b da48 | b840 cc1b | 616d 0200 | 0048 8380 | 1001 0000 | 0149 8bd8 | 4c8b c34c | 8bc9 488b 
  0x0000026d09d42040: ca48 8bd1 | 4889 9c24 | 8000 0000 

  0x0000026d09d4204c: ;   {optimized virtual_call}
  0x0000026d09d4204c: 6666 90e8 

  0x0000026d09d42050: ; ImmutableOopMap {[120]=Oop [128]=Oop [136]=Oop }
                      ;*invokevirtual preDefineClass {reexecute=0 rethrow=0 return_oop=0}
                      ; - java.lang.ClassLoader::defineClass@4 (line 1025)
  0x0000026d09d42050: 4cb2 ffff 

  0x0000026d09d42054: ;   {other}
  0x0000026d09d42054: 0f1f 8400 | c402 0000 | 4889 8424 | 9800 0000 | 488b 5424 

  0x0000026d09d42068: ;   {metadata(method data for {method} {0x0000026d20439db0} 'defineClass' '(Ljava/lang/String;[BIILjava/security/ProtectionDomain;)Ljava/lang/Class;' in 'java/lang/ClassLoader')}
  0x0000026d09d42068: 7849 b840 | cc1b 616d | 0200 0049 | 8380 4801 

  0x0000026d09d42078: ;   {metadata(method data for {method} {0x0000026d20439a98} 'defineClassSourceLocation' '(Ljava/security/ProtectionDomain;)Ljava/lang/String;' in 'java/lang/ClassLoader')}
  0x0000026d09d42078: 0000 0149 | b870 c41b | 616d 0200 | 0041 8b90 | cc00 0000 | 83c2 0241 | 8990 cc00 | 0000 81e2 
  0x0000026d09d42098: feff 1f00 | 85d2 0f84 | ef02 0000 

  0x0000026d09d420a4: ; implicit exception: dispatches to 0x0000026d09d423b4
  0x0000026d09d420a4: 483b 004c 

  0x0000026d09d420a8: ;   {metadata(method data for {method} {0x0000026d20439a98} 'defineClassSourceLocation' '(Ljava/security/ProtectionDomain;)Ljava/lang/String;' in 'java/lang/ClassLoader')}
  0x0000026d09d420a8: 8bc0 48ba | 70c4 1b61 | 6d02 0000 | 4883 8210 | 0100 0001 | 448b 4010 | 49c1 e003 

  0x0000026d09d420c4: ;   {metadata(method data for {method} {0x0000026d20439a98} 'defineClassSourceLocation' '(Ljava/security/ProtectionDomain;)Ljava/lang/String;' in 'java/lang/ClassLoader')}
  0x0000026d09d420c4: 4d85 c048 | ba70 c41b | 616d 0200 | 0048 be58 | 0100 0000 | 0000 0075 | 0a48 be48 | 0100 0000 
  0x0000026d09d420e4: 0000 0048 | 8b3c 3248 | 8d7f 0148 | 893c 320f | 850f 0000 

  0x0000026d09d420f8: ;   {oop(nullptr)}
  0x0000026d09d420f8: 0048 bb00 | 0000 0000 | 0000 00e9 | af01 0000 

  0x0000026d09d42108: ; implicit exception: dispatches to 0x0000026d09d423b9
  0x0000026d09d42108: 493b 0049 

  0x0000026d09d4210c: ;   {metadata(method data for {method} {0x0000026d20439a98} 'defineClassSourceLocation' '(Ljava/security/ProtectionDomain;)Ljava/lang/String;' in 'java/lang/ClassLoader')}
  0x0000026d09d4210c: 8bd0 48be | 70c4 1b61 | 6d02 0000 | 4883 8668 | 0100 0001 | 418b 500c | 48c1 e203 

  0x0000026d09d42128: ;   {metadata(method data for {method} {0x0000026d20439a98} 'defineClassSourceLocation' '(Ljava/security/ProtectionDomain;)Ljava/lang/String;' in 'java/lang/ClassLoader')}
  0x0000026d09d42128: 4885 d248 | be70 c41b | 616d 0200 | 0048 bfb0 | 0100 0000 | 0000 0075 | 0a48 bfa0 | 0100 0000 
  0x0000026d09d42148: 0000 0048 | 8b1c 3e48 | 8d5b 0148 | 891c 3e0f | 850f 0000 

  0x0000026d09d4215c: ;   {oop(nullptr)}
  0x0000026d09d4215c: 0048 bb00 | 0000 0000 | 0000 00e9 | 4b01 0000 

  0x0000026d09d4216c: ;   {metadata(method data for {method} {0x0000026d20439a98} 'defineClassSourceLocation' '(Ljava/security/ProtectionDomain;)Ljava/lang/String;' in 'java/lang/ClassLoader')}
  0x0000026d09d4216c: 48be 70c4 | 1b61 6d02 | 0000 4883 | 86c0 0100 | 0001 483b | 024c 8bc2 

  0x0000026d09d42184: ;   {metadata(method data for {method} {0x0000026d20439a98} 'defineClassSourceLocation' '(Ljava/security/ProtectionDomain;)Ljava/lang/String;' in 'java/lang/ClassLoader')}
  0x0000026d09d42184: 48be 70c4 | 1b61 6d02 | 0000 4883 | 86f8 0100 

  0x0000026d09d42194: ;   {metadata(method data for {method} {0x0000026d2001a7c0} 'toString' '()Ljava/lang/String;' in 'java/net/URL')}
  0x0000026d09d42194: 0001 49b8 | 70e7 1661 | 6d02 0000 | 418b b0cc | 0000 0083 | c602 4189 | b0cc 0000 | 0081 e6fe 
  0x0000026d09d421b4: ff1f 0085 | f60f 8404 | 0200 004c 

  0x0000026d09d421c0: ;   {metadata(method data for {method} {0x0000026d2001a7c0} 'toString' '()Ljava/lang/String;' in 'java/net/URL')}
  0x0000026d09d421c0: 8bc2 48be | 70e7 1661 | 6d02 0000 | 4883 8610 | 0100 0001 

  0x0000026d09d421d4: ;   {metadata(method data for {method} {0x0000026d2042d6b0} 'toExternalForm' '()Ljava/lang/String;' in 'java/net/URL')}
  0x0000026d09d421d4: 49b8 68ba | 1261 6d02 | 0000 418b | b0cc 0000 | 0083 c602 | 4189 b0cc | 0000 0081 | e6fe ff1f 
  0x0000026d09d421f4: 0085 f60f | 84e7 0100 | 008b 7238 | 48c1 e603 

  0x0000026d09d42204: ; implicit exception: dispatches to 0x0000026d09d42405
  0x0000026d09d42204: 483b 064c 

  0x0000026d09d42208: ;   {metadata(method data for {method} {0x0000026d2042d6b0} 'toExternalForm' '()Ljava/lang/String;' in 'java/net/URL')}
  0x0000026d09d42208: 8bc6 48bf | 68ba 1261 | 6d02 0000 | 458b 4008 | 49ba 0000 | 0020 6d02 | 0000 4d03 | c24c 3b87 
  0x0000026d09d42228: 2001 0000 | 750d 4883 | 8728 0100 | 0001 e960 | 0000 004c | 3b87 3001 | 0000 750d | 4883 8738 
  0x0000026d09d42248: 0100 0001 | e94a 0000 | 0048 83bf | 2001 0000 | 0075 174c | 8987 2001 | 0000 48c7 | 8728 0100 
  0x0000026d09d42268: 0001 0000 | 00e9 2900 | 0000 4883 | bf30 0100 | 0000 7517 | 4c89 8730 | 0100 0048 | c787 3801 
  0x0000026d09d42288: 0000 0100 | 0000 e908 | 0000 0048 | 8387 1001 | 0000 014c | 8bc2 488b | d666 0f1f 

  0x0000026d09d422a4: ;   {optimized virtual_call}
  0x0000026d09d422a4: 4400 00e8 

  0x0000026d09d422a8: ; ImmutableOopMap {[120]=Oop [128]=Oop [136]=Oop [152]=Oop }
                      ;*invokevirtual toExternalForm {reexecute=0 rethrow=0 return_oop=0}
                      ; - java.net.URL::toExternalForm@5 (line 1203)
                      ; - java.net.URL::toString@1 (line 1189)
                      ; - java.lang.ClassLoader::defineClassSourceLocation@22 (line 927)
                      ; - java.lang.ClassLoader::defineClass@12 (line 1026)
  0x0000026d09d422a8: f489 f1ff 

  0x0000026d09d422ac: ;   {other}
  0x0000026d09d422ac: 0f1f 8400 | 1c05 0001 | 488b d848 | 8b84 2498 | 0000 008b | b424 9400 | 0000 8bbc | 2490 0000 
  0x0000026d09d422cc: 004c 8b8c | 2488 0000 | 004c 8b84 | 2480 0000 | 0048 8b54 

  0x0000026d09d422e0: ;   {metadata(method data for {method} {0x0000026d20439db0} 'defineClass' '(Ljava/lang/String;[BIILjava/security/ProtectionDomain;)Ljava/lang/Class;' in 'java/lang/ClassLoader')}
  0x0000026d09d422e0: 2478 48b9 | 40cc 1b61 | 6d02 0000 | 4883 8180 | 0100 0001 | 4c8b da49 | 8bd3 488b | c848 891c 
  0x0000026d09d42300: 2466 0f1f 

  0x0000026d09d42304: ;   {static_call}
  0x0000026d09d42304: 4400 00e8 

  0x0000026d09d42308: ; ImmutableOopMap {[120]=Oop [152]=Oop }
                      ;*invokestatic defineClass1 {reexecute=0 rethrow=0 return_oop=0}
                      ; - java.lang.ClassLoader::defineClass@27 (line 1027)
  0x0000026d09d42308: 54c0 9207 

  0x0000026d09d4230c: ;   {other}
  0x0000026d09d4230c: 0f1f 8400 | 7c05 0002 | 488b 5424 

  0x0000026d09d42318: ;   {metadata(method data for {method} {0x0000026d20439db0} 'defineClass' '(Ljava/lang/String;[BIILjava/security/ProtectionDomain;)Ljava/lang/Class;' in 'java/lang/ClassLoader')}
  0x0000026d09d42318: 7849 b840 | cc1b 616d | 0200 0049 | 8380 9001 | 0000 014c | 8bc0 4c8b | 8c24 9800 | 0000 488b 
  0x0000026d09d42338: 5424 7848 | 8984 24a0 | 0000 000f 

  0x0000026d09d42344: ;   {optimized virtual_call}
  0x0000026d09d42344: 1f40 00e8 

  0x0000026d09d42348: ; ImmutableOopMap {[160]=Oop }
                      ;*invokevirtual postDefineClass {reexecute=0 rethrow=0 return_oop=0}
                      ; - java.lang.ClassLoader::defineClass@37 (line 1028)
  0x0000026d09d42348: d4a9 fdff 

  0x0000026d09d4234c: ;   {other}
  0x0000026d09d4234c: 0f1f 8400 | bc05 0003 | 488b 8424 | a000 0000 | 4881 c4b0 | 0000 005d 

  0x0000026d09d42364: ;   {poll_return}
  0x0000026d09d42364: 493b a748 | 0400 000f | 8799 0000 

  0x0000026d09d42370: ;   {metadata({method} {0x0000026d20439db0} 'defineClass' '(Ljava/lang/String;[BIILjava/security/ProtectionDomain;)Ljava/lang/Class;' in 'java/lang/ClassLoader')}
  0x0000026d09d42370: 00c3 49ba | a89d 4320 | 6d02 0000 | 4c89 5424 | 0848 c704 | 24ff ffff 

  0x0000026d09d42388: ;   {runtime_call counter_overflow Runtime1 stub}
  0x0000026d09d42388: ffe8 f222 

  0x0000026d09d4238c: ; ImmutableOopMap {rdx=Oop r8=Oop r9=Oop rcx=Oop [120]=Oop }
                      ;*synchronization entry
                      ; - java.lang.ClassLoader::defineClass@-1 (line 1025)
  0x0000026d09d4238c: 4807 e977 

  0x0000026d09d42390: ;   {metadata({method} {0x0000026d20439a98} 'defineClassSourceLocation' '(Ljava/security/ProtectionDomain;)Ljava/lang/String;' in 'java/lang/ClassLoader')}
  0x0000026d09d42390: fcff ff49 | ba90 9a43 | 206d 0200 | 004c 8954 | 2408 48c7 | 0424 ffff 

  0x0000026d09d423a8: ;   {runtime_call counter_overflow Runtime1 stub}
  0x0000026d09d423a8: ffff e8d1 

  0x0000026d09d423ac: ; ImmutableOopMap {rax=Oop [120]=Oop [128]=Oop [136]=Oop [152]=Oop }
                      ;*synchronization entry
                      ; - java.lang.ClassLoader::defineClassSourceLocation@-1 (line 924)
                      ; - java.lang.ClassLoader::defineClass@12 (line 1026)
  0x0000026d09d423ac: 2248 07e9 | f0fc ffff 

  0x0000026d09d423b4: ;   {runtime_call throw_null_pointer_exception Runtime1 stub}
  0x0000026d09d423b4: e8c7 d147 

  0x0000026d09d423b8: ; ImmutableOopMap {rax=Oop [120]=Oop [128]=Oop [136]=Oop [152]=Oop }
                      ;*invokevirtual getCodeSource {reexecute=0 rethrow=0 return_oop=0}
                      ; - java.lang.ClassLoader::defineClassSourceLocation@1 (line 924)
                      ; - java.lang.ClassLoader::defineClass@12 (line 1026)
                      ;   {runtime_call throw_null_pointer_exception Runtime1 stub}
  0x0000026d09d423b8: 07e8 c2d1 

  0x0000026d09d423bc: ; ImmutableOopMap {rax=Oop r8=Oop [120]=Oop [128]=Oop [136]=Oop [152]=Oop }
                      ;*invokevirtual getLocation {reexecute=0 rethrow=0 return_oop=0}
                      ; - java.lang.ClassLoader::defineClassSourceLocation@12 (line 926)
                      ; - java.lang.ClassLoader::defineClass@12 (line 1026)
                      ;   {runtime_call throw_null_pointer_exception Runtime1 stub}
  0x0000026d09d423bc: 4707 e8bd 

  0x0000026d09d423c0: ; ImmutableOopMap {rdx=Oop [120]=Oop [128]=Oop [136]=Oop [152]=Oop }
                      ;*invokevirtual toString {reexecute=0 rethrow=0 return_oop=0}
                      ; - java.lang.ClassLoader::defineClassSourceLocation@22 (line 927)
                      ; - java.lang.ClassLoader::defineClass@12 (line 1026)
                      ;   {metadata({method} {0x0000026d2001a7c0} 'toString' '()Ljava/lang/String;' in 'java/net/URL')}
  0x0000026d09d423c0: d147 0749 | bab8 a701 | 206d 0200 | 004c 8954 | 2408 48c7 | 0424 ffff 

  0x0000026d09d423d8: ;   {runtime_call counter_overflow Runtime1 stub}
  0x0000026d09d423d8: ffff e8a1 

  0x0000026d09d423dc: ; ImmutableOopMap {rdx=Oop [120]=Oop [128]=Oop [136]=Oop [152]=Oop }
                      ;*synchronization entry
                      ; - java.net.URL::toString@-1 (line 1189)
                      ; - java.lang.ClassLoader::defineClassSourceLocation@22 (line 927)
                      ; - java.lang.ClassLoader::defineClass@12 (line 1026)
  0x0000026d09d423dc: 2248 07e9 | dbfd ffff 

  0x0000026d09d423e4: ;   {metadata({method} {0x0000026d2042d6b0} 'toExternalForm' '()Ljava/lang/String;' in 'java/net/URL')}
  0x0000026d09d423e4: 49ba a8d6 | 4220 6d02 | 0000 4c89 | 5424 0848 | c704 24ff 

  0x0000026d09d423f8: ;   {runtime_call counter_overflow Runtime1 stub}
  0x0000026d09d423f8: ffff ffe8 

  0x0000026d09d423fc: ; ImmutableOopMap {rdx=Oop [120]=Oop [128]=Oop [136]=Oop [152]=Oop }
                      ;*synchronization entry
                      ; - java.net.URL::toExternalForm@-1 (line 1203)
                      ; - java.net.URL::toString@1 (line 1189)
                      ; - java.lang.ClassLoader::defineClassSourceLocation@22 (line 927)
                      ; - java.lang.ClassLoader::defineClass@12 (line 1026)
  0x0000026d09d423fc: 8022 4807 | e9f8 fdff 

  0x0000026d09d42404: ;   {runtime_call throw_null_pointer_exception Runtime1 stub}
  0x0000026d09d42404: ffe8 76d1 

  0x0000026d09d42408: ; ImmutableOopMap {rdx=Oop rsi=Oop [120]=Oop [128]=Oop [136]=Oop [152]=Oop }
                      ;*invokevirtual toExternalForm {reexecute=0 rethrow=0 return_oop=0}
                      ; - java.net.URL::toExternalForm@5 (line 1203)
                      ; - java.net.URL::toString@1 (line 1189)
                      ; - java.lang.ClassLoader::defineClassSourceLocation@22 (line 927)
                      ; - java.lang.ClassLoader::defineClass@12 (line 1026)
                      ;   {internal_word}
  0x0000026d09d42408: 4707 49ba | 6423 d409 | 6d02 0000 | 4d89 9760 

  0x0000026d09d42418: ;   {runtime_call SafepointBlob}
  0x0000026d09d42418: 0400 00e9 | e032 3b07 | 498b 87f8 | 0400 0049 | c787 f804 | 0000 0000 | 0000 49c7 | 8700 0500 
  0x0000026d09d42438: 0000 0000 | 0048 81c4 | b000 0000 

  0x0000026d09d42444: ;   {runtime_call unwind_exception Runtime1 stub}
  0x0000026d09d42444: 5de9 36c2 | 4707 f4f4 | f4f4 f4f4 
[Stub Code]
  0x0000026d09d42450: ;   {no_reloc}
  0x0000026d09d42450: 0f1f 4400 

  0x0000026d09d42454: ;   {static_stub}
  0x0000026d09d42454: 0048 bb00 | 0000 0000 

  0x0000026d09d4245c: ;   {runtime_call}
  0x0000026d09d4245c: 0000 00e9 | fbff ffff 

  0x0000026d09d42464: ;   {static_stub}
  0x0000026d09d42464: 48bb 0000 | 0000 0000 

  0x0000026d09d4246c: ;   {runtime_call}
  0x0000026d09d4246c: 0000 e9fb 

  0x0000026d09d42470: ;   {static_stub}
  0x0000026d09d42470: ffff ff48 | bb00 0000 | 0000 0000 

  0x0000026d09d4247c: ;   {runtime_call}
  0x0000026d09d4247c: 00e9 fbff 

  0x0000026d09d42480: ;   {static_stub}
  0x0000026d09d42480: ffff 48bb | 0000 0000 | 0000 0000 

  0x0000026d09d4248c: ;   {runtime_call}
  0x0000026d09d4248c: e9fb ffff 

  0x0000026d09d42490: ;   {runtime_call handle_exception_from_callee Runtime1 stub}
  0x0000026d09d42490: ffe8 eaee 

  0x0000026d09d42494: ;   {external_word}
  0x0000026d09d42494: 4707 48b9 | b048 588f | f97f 0000 | 4883 e4f0 

  0x0000026d09d424a4: ;   {runtime_call}
  0x0000026d09d424a4: 48b8 202f | 208f f97f | 0000 ffd0 

  0x0000026d09d424b0: ;   {section_word}
  0x0000026d09d424b0: f449 bab1 | 24d4 096d | 0200 0041 

  0x0000026d09d424bc: ;   {runtime_call DeoptimizationBlob}
  0x0000026d09d424bc: 52e9 de24 | 3b07 f4f4 | f4f4 f4f4 
[/MachCode]


Compiled method (c1)   28938  965       3       java.security.SecureClassLoader::defineClass (16 bytes)
 total in heap  [0x0000026d09d43590,0x0000026d09d43990] = 1024
 relocation     [0x0000026d09d436f0,0x0000026d09d43740] = 80
 main code      [0x0000026d09d43740,0x0000026d09d43898] = 344
 stub code      [0x0000026d09d43898,0x0000026d09d438e8] = 80
 metadata       [0x0000026d09d438e8,0x0000026d09d438f0] = 8
 scopes data    [0x0000026d09d438f0,0x0000026d09d43938] = 72
 scopes pcs     [0x0000026d09d43938,0x0000026d09d43988] = 80
 dependencies   [0x0000026d09d43988,0x0000026d09d43990] = 8

[Constant Pool (empty)]

[MachCode]
[Entry Point]
  # {method} {0x0000026d2004d370} 'defineClass' '(Ljava/lang/String;[BIILjava/security/CodeSource;)Ljava/lang/Class;' in 'java/security/SecureClassLoader'
  # this:     rdx:rdx   = 'java/security/SecureClassLoader'
  # parm0:    r8:r8     = 'java/lang/String'
  # parm1:    r9:r9     = '[B'
  # parm2:    rdi       = int
  # parm3:    rsi       = int
  # parm4:    rcx:rcx   = 'java/security/CodeSource'
  #           [sp+0x80]  (sp of caller)
  0x0000026d09d43740: 448b 5208 | 49bb 0000 | 0020 6d02 | 0000 4d03 | d34c 3bd0 

  0x0000026d09d43754: ;   {runtime_call ic_miss_stub}
  0x0000026d09d43754: 0f85 26b0 | 3a07 660f | 1f44 0000 
[Verified Entry Point]
  0x0000026d09d43760: 8984 2400 | 80ff ff55 | 4883 ec70 | 4181 7f20 | 0100 0000 

  0x0000026d09d43774: ;   {runtime_call StubRoutines (final stubs)}
  0x0000026d09d43774: 7405 e8e5 

  0x0000026d09d43778: ;   {metadata(method data for {method} {0x0000026d2004d370} 'defineClass' '(Ljava/lang/String;[BIILjava/security/CodeSource;)Ljava/lang/Class;' in 'java/security/SecureClassLoader')}
  0x0000026d09d43778: 1539 0748 | bba8 cc18 | 616d 0200 | 008b 83cc | 0000 0083 | c002 8983 | cc00 0000 | 25fe 0700 
  0x0000026d09d43798: 0085 c00f | 8496 0000 | 0089 7424 | 5c89 7c24 | 584c 894c | 2450 4c89 | 4424 4848 

  0x0000026d09d437b4: ;   {metadata(method data for {method} {0x0000026d2004d370} 'defineClass' '(Ljava/lang/String;[BIILjava/security/CodeSource;)Ljava/lang/Class;' in 'java/security/SecureClassLoader')}
  0x0000026d09d437b4: 8bda 48b8 | a8cc 1861 | 6d02 0000 | 4883 8010 | 0100 0001 | 4c8b c148 | 8bc2 488b | d048 8944 
  0x0000026d09d437d4: ;   {optimized virtual_call}
  0x0000026d09d437d4: 2440 90e8 

  0x0000026d09d437d8: ; ImmutableOopMap {[64]=Oop [72]=Oop [80]=Oop }
                      ;*invokevirtual getProtectionDomain {reexecute=0 rethrow=0 return_oop=0}
                      ; - java.security.SecureClassLoader::defineClass@9 (line 150)
  0x0000026d09d437d8: c471 fdff 

  0x0000026d09d437dc: ;   {other}
  0x0000026d09d437dc: 0f1f 8400 | 4c02 0000 | 488b 5424 

  0x0000026d09d437e8: ;   {metadata(method data for {method} {0x0000026d2004d370} 'defineClass' '(Ljava/lang/String;[BIILjava/security/CodeSource;)Ljava/lang/Class;' in 'java/security/SecureClassLoader')}
  0x0000026d09d437e8: 4049 b8a8 | cc18 616d | 0200 0049 | 8380 4801 | 0000 014c | 8b44 2448 | 4c8b 4c24 | 508b 7c24 
  0x0000026d09d43808: 588b 7424 | 5c48 8bc8 | 488b 5424 

  0x0000026d09d43814: ;   {optimized virtual_call}
  0x0000026d09d43814: 4066 90e8 

  0x0000026d09d43818: ; ImmutableOopMap {}
                      ;*invokevirtual defineClass {reexecute=0 rethrow=0 return_oop=0}
                      ; - java.security.SecureClassLoader::defineClass@12 (line 150)
  0x0000026d09d43818: a4e7 ffff 

  0x0000026d09d4381c: ;   {other}
  0x0000026d09d4381c: 0f1f 8400 | 8c02 0001 | 4883 c470 

  0x0000026d09d43828: ;   {poll_return}
  0x0000026d09d43828: 5d49 3ba7 | 4804 0000 | 0f87 2200 

  0x0000026d09d43834: ;   {metadata({method} {0x0000026d2004d370} 'defineClass' '(Ljava/lang/String;[BIILjava/security/CodeSource;)Ljava/lang/Class;' in 'java/security/SecureClassLoader')}
  0x0000026d09d43834: 0000 c349 | ba68 d304 | 206d 0200 | 004c 8954 | 2408 48c7 | 0424 ffff 

  0x0000026d09d4384c: ;   {runtime_call counter_overflow Runtime1 stub}
  0x0000026d09d4384c: ffff e82d 

  0x0000026d09d43850: ; ImmutableOopMap {rdx=Oop r8=Oop r9=Oop rcx=Oop }
                      ;*synchronization entry
                      ; - java.security.SecureClassLoader::defineClass@-1 (line 150)
  0x0000026d09d43850: 0e48 07e9 | 49ff ffff 

  0x0000026d09d43858: ;   {internal_word}
  0x0000026d09d43858: 49ba 2938 | d409 6d02 | 0000 4d89 | 9760 0400 

  0x0000026d09d43868: ;   {runtime_call SafepointBlob}
  0x0000026d09d43868: 00e9 921e | 3b07 498b | 87f8 0400 | 0049 c787 | f804 0000 | 0000 0000 | 49c7 8700 | 0500 0000 
  0x0000026d09d43888: 0000 0048 | 83c4 705d 

  0x0000026d09d43890: ;   {runtime_call unwind_exception Runtime1 stub}
  0x0000026d09d43890: e9eb ad47 | 07f4 f4f4 
[Stub Code]
  0x0000026d09d43898: ;   {no_reloc}
  0x0000026d09d43898: 48bb 0000 | 0000 0000 

  0x0000026d09d438a0: ;   {runtime_call}
  0x0000026d09d438a0: 0000 e9fb 

  0x0000026d09d438a4: ;   {static_stub}
  0x0000026d09d438a4: ffff ff48 | bb00 0000 | 0000 0000 

  0x0000026d09d438b0: ;   {runtime_call}
  0x0000026d09d438b0: 00e9 fbff 

  0x0000026d09d438b4: ;   {runtime_call handle_exception_from_callee Runtime1 stub}
  0x0000026d09d438b4: ffff e8c5 

  0x0000026d09d438b8: ;   {external_word}
  0x0000026d09d438b8: da47 0748 | b9b0 4858 | 8ff9 7f00 | 0048 83e4 

  0x0000026d09d438c8: ;   {runtime_call}
  0x0000026d09d438c8: f048 b820 | 2f20 8ff9 | 7f00 00ff 

  0x0000026d09d438d4: ;   {section_word}
  0x0000026d09d438d4: d0f4 49ba | d638 d409 | 6d02 0000 

  0x0000026d09d438e0: ;   {runtime_call DeoptimizationBlob}
  0x0000026d09d438e0: 4152 e9b9 | 103b 07f4 
[/MachCode]


---------------  P R O C E S S  ---------------

Threads class SMR info:
_java_thread_list=0x0000026d65642430, length=11, elements={
0x0000026d7fcee580, 0x0000026d1f979070, 0x0000026d1f979e70, 0x0000026d1f97c9d0,
0x0000026d1f97d5d0, 0x0000026d1f97e020, 0x0000026d1f97ea70, 0x0000026d1f983810,
0x0000026d1f9847b0, 0x0000026d1fa0d440, 0x0000026d1fb4a2d0
}

Java Threads: ( => current thread )
=>0x0000026d7fcee580 JavaThread "main"                              [_thread_in_vm, id=3272, stack(0x0000007ec2f00000,0x0000007ec3000000) (1024K)]
  0x0000026d1f979070 JavaThread "Reference Handler"          daemon [_thread_blocked, id=21780, stack(0x0000007ec3700000,0x0000007ec3800000) (1024K)]
  0x0000026d1f979e70 JavaThread "Finalizer"                  daemon [_thread_blocked, id=6496, stack(0x0000007ec3800000,0x0000007ec3900000) (1024K)]
  0x0000026d1f97c9d0 JavaThread "Signal Dispatcher"          daemon [_thread_blocked, id=19672, stack(0x0000007ec3900000,0x0000007ec3a00000) (1024K)]
  0x0000026d1f97d5d0 JavaThread "Attach Listener"            daemon [_thread_blocked, id=13220, stack(0x0000007ec3a00000,0x0000007ec3b00000) (1024K)]
  0x0000026d1f97e020 JavaThread "Service Thread"             daemon [_thread_blocked, id=8712, stack(0x0000007ec3b00000,0x0000007ec3c00000) (1024K)]
  0x0000026d1f97ea70 JavaThread "Monitor Deflation Thread"   daemon [_thread_blocked, id=9944, stack(0x0000007ec3c00000,0x0000007ec3d00000) (1024K)]
  0x0000026d1f983810 JavaThread "C2 CompilerThread0"         daemon [_thread_blocked, id=6572, stack(0x0000007ec3d00000,0x0000007ec3e00000) (1024K)]
  0x0000026d1f9847b0 JavaThread "C1 CompilerThread0"         daemon [_thread_blocked, id=27900, stack(0x0000007ec3e00000,0x0000007ec3f00000) (1024K)]
  0x0000026d1fa0d440 JavaThread "Notification Thread"        daemon [_thread_blocked, id=16356, stack(0x0000007ec3f00000,0x0000007ec4000000) (1024K)]
  0x0000026d1fb4a2d0 JavaThread "Common-Cleaner"             daemon [_thread_blocked, id=15756, stack(0x0000007ec4000000,0x0000007ec4100000) (1024K)]
Total: 11

Other Threads:
  0x0000026d1f95c150 VMThread "VM Thread"                           [id=29084, stack(0x0000007ec3600000,0x0000007ec3700000) (1024K)] _threads_hazard_ptr=0x0000026d65642430
  0x0000026d1f948870 WatcherThread "VM Periodic Task Thread"        [id=32648, stack(0x0000007ec3500000,0x0000007ec3600000) (1024K)]
  0x0000026d7fefe4b0 WorkerThread "GC Thread#0"                     [id=30104, stack(0x0000007ec3000000,0x0000007ec3100000) (1024K)]
  0x0000026d65c3c530 WorkerThread "GC Thread#1"                     [id=12328, stack(0x0000007ec4300000,0x0000007ec4400000) (1024K)]
  0x0000026d65c3c8d0 WorkerThread "GC Thread#2"                     [id=9712, stack(0x0000007ec4400000,0x0000007ec4500000) (1024K)]
  0x0000026d65c3cc70 WorkerThread "GC Thread#3"                     [id=29904, stack(0x0000007ec4500000,0x0000007ec4600000) (1024K)]
  0x0000026d65c435e0 WorkerThread "GC Thread#4"                     [id=30408, stack(0x0000007ec4600000,0x0000007ec4700000) (1024K)]
  0x0000026d6598e220 WorkerThread "GC Thread#5"                     [id=31776, stack(0x0000007ec4700000,0x0000007ec4800000) (1024K)]
  0x0000026d6598e5c0 WorkerThread "GC Thread#6"                     [id=31184, stack(0x0000007ec4800000,0x0000007ec4900000) (1024K)]
  0x0000026d6598e960 WorkerThread "GC Thread#7"                     [id=23232, stack(0x0000007ec4900000,0x0000007ec4a00000) (1024K)]
  0x0000026d7ff0abd0 ConcurrentGCThread "G1 Main Marker"            [id=9556, stack(0x0000007ec3100000,0x0000007ec3200000) (1024K)]
  0x0000026d7ff0b6d0 WorkerThread "G1 Conc#0"                       [id=32632, stack(0x0000007ec3200000,0x0000007ec3300000) (1024K)]
  0x0000026d1f820090 ConcurrentGCThread "G1 Refine#0"               [id=25712, stack(0x0000007ec3300000,0x0000007ec3400000) (1024K)]
  0x0000026d1f820c00 ConcurrentGCThread "G1 Service"                [id=2144, stack(0x0000007ec3400000,0x0000007ec3500000) (1024K)]
Total: 14

Threads with active compile tasks:
Total: 0

VM state: synchronizing (normal execution)

VM Mutex/Monitor currently owned by a thread:  ([mutex/lock_event])
[0x00007ff98f81be50] Metaspace_lock - owner thread: 0x0000026d7fcee580
[0x00007ff98f81de50] Threads_lock - owner thread: 0x0000026d1f95c150

Heap address: 0x0000000748c00000, size: 2932 MB, Compressed Oops mode: Zero based, Oop shift amount: 3

CDS archive(s) mapped at: [0x0000026d20000000-0x0000026d20c90000-0x0000026d20c90000), size 13172736, SharedBaseAddress: 0x0000026d20000000, ArchiveRelocationMode: 1.
Compressed class space mapped at: 0x0000026d21000000-0x0000026d61000000, reserved size: 1073741824
Narrow klass base: 0x0000026d20000000, Narrow klass shift: 0, Narrow klass range: 0x100000000

GC Precious Log:
 CardTable entry size: 512
 Card Set container configuration: InlinePtr #cards 4 size 8 Array Of Cards #cards 16 size 48 Howl #buckets 8 coarsen threshold 3686 Howl Bitmap #cards 512 size 80 coarsen threshold 460 Card regions per heap region 1 cards per card region 4096
 CPUs: 8 total, 8 available
 Memory: 11723M
 Large Page Support: Disabled
 NUMA Support: Disabled
 Compressed Oops: Enabled (Zero based)
 Heap Region Size: 2M
 Heap Min Capacity: 8M
 Heap Initial Capacity: 184M
 Heap Max Capacity: 2932M
 Pre-touch: Disabled
 Parallel Workers: 8
 Concurrent Workers: 2
 Concurrent Refinement Workers: 8
 Periodic GC: Disabled

Heap:
 garbage-first heap   total 188416K, used 7489K [0x0000000748c00000, 0x0000000800000000)
  region size 2048K, 3 young (6144K), 1 survivors (2048K)
 Metaspace       used 10326K, committed 10432K, reserved 1114112K
  class space    used 1216K, committed 1280K, reserved 1048576K

Heap Regions: E=young(eden), S=young(survivor), O=old, HS=humongous(starts), HC=humongous(continues), CS=collection set, F=free, TAMS=top-at-mark-start, PB=parsable bottom
|   0|0x0000000748c00000, 0x0000000748e00000, 0x0000000748e00000|100%| O|  |TAMS 0x0000000748c00000| PB 0x0000000748c00000| Untracked 
|   1|0x0000000748e00000, 0x0000000748f85d38, 0x0000000749000000| 76%| O|  |TAMS 0x0000000748e00000| PB 0x0000000748e00000| Untracked 
|   2|0x0000000749000000, 0x0000000749000000, 0x0000000749200000|  0%| F|  |TAMS 0x0000000749000000| PB 0x0000000749000000| Untracked 
|   3|0x0000000749200000, 0x0000000749200000, 0x0000000749400000|  0%| F|  |TAMS 0x0000000749200000| PB 0x0000000749200000| Untracked 
|   4|0x0000000749400000, 0x0000000749400000, 0x0000000749600000|  0%| F|  |TAMS 0x0000000749400000| PB 0x0000000749400000| Untracked 
|   5|0x0000000749600000, 0x0000000749600000, 0x0000000749800000|  0%| F|  |TAMS 0x0000000749600000| PB 0x0000000749600000| Untracked 
|   6|0x0000000749800000, 0x0000000749800000, 0x0000000749a00000|  0%| F|  |TAMS 0x0000000749800000| PB 0x0000000749800000| Untracked 
|   7|0x0000000749a00000, 0x0000000749a00000, 0x0000000749c00000|  0%| F|  |TAMS 0x0000000749a00000| PB 0x0000000749a00000| Untracked 
|   8|0x0000000749c00000, 0x0000000749c00000, 0x0000000749e00000|  0%| F|  |TAMS 0x0000000749c00000| PB 0x0000000749c00000| Untracked 
|   9|0x0000000749e00000, 0x0000000749e00000, 0x000000074a000000|  0%| F|  |TAMS 0x0000000749e00000| PB 0x0000000749e00000| Untracked 
|  10|0x000000074a000000, 0x000000074a000000, 0x000000074a200000|  0%| F|  |TAMS 0x000000074a000000| PB 0x000000074a000000| Untracked 
|  11|0x000000074a200000, 0x000000074a200000, 0x000000074a400000|  0%| F|  |TAMS 0x000000074a200000| PB 0x000000074a200000| Untracked 
|  12|0x000000074a400000, 0x000000074a400000, 0x000000074a600000|  0%| F|  |TAMS 0x000000074a400000| PB 0x000000074a400000| Untracked 
|  13|0x000000074a600000, 0x000000074a600000, 0x000000074a800000|  0%| F|  |TAMS 0x000000074a600000| PB 0x000000074a600000| Untracked 
|  14|0x000000074a800000, 0x000000074a800000, 0x000000074aa00000|  0%| F|  |TAMS 0x000000074a800000| PB 0x000000074a800000| Untracked 
|  15|0x000000074aa00000, 0x000000074aa00000, 0x000000074ac00000|  0%| F|  |TAMS 0x000000074aa00000| PB 0x000000074aa00000| Untracked 
|  16|0x000000074ac00000, 0x000000074ac00000, 0x000000074ae00000|  0%| F|  |TAMS 0x000000074ac00000| PB 0x000000074ac00000| Untracked 
|  17|0x000000074ae00000, 0x000000074ae00000, 0x000000074b000000|  0%| F|  |TAMS 0x000000074ae00000| PB 0x000000074ae00000| Untracked 
|  18|0x000000074b000000, 0x000000074b000000, 0x000000074b200000|  0%| F|  |TAMS 0x000000074b000000| PB 0x000000074b000000| Untracked 
|  19|0x000000074b200000, 0x000000074b200000, 0x000000074b400000|  0%| F|  |TAMS 0x000000074b200000| PB 0x000000074b200000| Untracked 
|  20|0x000000074b400000, 0x000000074b400000, 0x000000074b600000|  0%| F|  |TAMS 0x000000074b400000| PB 0x000000074b400000| Untracked 
|  21|0x000000074b600000, 0x000000074b600000, 0x000000074b800000|  0%| F|  |TAMS 0x000000074b600000| PB 0x000000074b600000| Untracked 
|  22|0x000000074b800000, 0x000000074b800000, 0x000000074ba00000|  0%| F|  |TAMS 0x000000074b800000| PB 0x000000074b800000| Untracked 
|  23|0x000000074ba00000, 0x000000074ba00000, 0x000000074bc00000|  0%| F|  |TAMS 0x000000074ba00000| PB 0x000000074ba00000| Untracked 
|  24|0x000000074bc00000, 0x000000074bc00000, 0x000000074be00000|  0%| F|  |TAMS 0x000000074bc00000| PB 0x000000074bc00000| Untracked 
|  25|0x000000074be00000, 0x000000074be00000, 0x000000074c000000|  0%| F|  |TAMS 0x000000074be00000| PB 0x000000074be00000| Untracked 
|  26|0x000000074c000000, 0x000000074c000000, 0x000000074c200000|  0%| F|  |TAMS 0x000000074c000000| PB 0x000000074c000000| Untracked 
|  27|0x000000074c200000, 0x000000074c200000, 0x000000074c400000|  0%| F|  |TAMS 0x000000074c200000| PB 0x000000074c200000| Untracked 
|  28|0x000000074c400000, 0x000000074c400000, 0x000000074c600000|  0%| F|  |TAMS 0x000000074c400000| PB 0x000000074c400000| Untracked 
|  29|0x000000074c600000, 0x000000074c600000, 0x000000074c800000|  0%| F|  |TAMS 0x000000074c600000| PB 0x000000074c600000| Untracked 
|  30|0x000000074c800000, 0x000000074c800000, 0x000000074ca00000|  0%| F|  |TAMS 0x000000074c800000| PB 0x000000074c800000| Untracked 
|  31|0x000000074ca00000, 0x000000074ca00000, 0x000000074cc00000|  0%| F|  |TAMS 0x000000074ca00000| PB 0x000000074ca00000| Untracked 
|  32|0x000000074cc00000, 0x000000074cc00000, 0x000000074ce00000|  0%| F|  |TAMS 0x000000074cc00000| PB 0x000000074cc00000| Untracked 
|  33|0x000000074ce00000, 0x000000074ce00000, 0x000000074d000000|  0%| F|  |TAMS 0x000000074ce00000| PB 0x000000074ce00000| Untracked 
|  34|0x000000074d000000, 0x000000074d000000, 0x000000074d200000|  0%| F|  |TAMS 0x000000074d000000| PB 0x000000074d000000| Untracked 
|  35|0x000000074d200000, 0x000000074d200000, 0x000000074d400000|  0%| F|  |TAMS 0x000000074d200000| PB 0x000000074d200000| Untracked 
|  36|0x000000074d400000, 0x000000074d400000, 0x000000074d600000|  0%| F|  |TAMS 0x000000074d400000| PB 0x000000074d400000| Untracked 
|  37|0x000000074d600000, 0x000000074d600000, 0x000000074d800000|  0%| F|  |TAMS 0x000000074d600000| PB 0x000000074d600000| Untracked 
|  38|0x000000074d800000, 0x000000074d800000, 0x000000074da00000|  0%| F|  |TAMS 0x000000074d800000| PB 0x000000074d800000| Untracked 
|  39|0x000000074da00000, 0x000000074da00000, 0x000000074dc00000|  0%| F|  |TAMS 0x000000074da00000| PB 0x000000074da00000| Untracked 
|  40|0x000000074dc00000, 0x000000074dc00000, 0x000000074de00000|  0%| F|  |TAMS 0x000000074dc00000| PB 0x000000074dc00000| Untracked 
|  41|0x000000074de00000, 0x000000074de00000, 0x000000074e000000|  0%| F|  |TAMS 0x000000074de00000| PB 0x000000074de00000| Untracked 
|  42|0x000000074e000000, 0x000000074e000000, 0x000000074e200000|  0%| F|  |TAMS 0x000000074e000000| PB 0x000000074e000000| Untracked 
|  43|0x000000074e200000, 0x000000074e200000, 0x000000074e400000|  0%| F|  |TAMS 0x000000074e200000| PB 0x000000074e200000| Untracked 
|  44|0x000000074e400000, 0x000000074e400000, 0x000000074e600000|  0%| F|  |TAMS 0x000000074e400000| PB 0x000000074e400000| Untracked 
|  45|0x000000074e600000, 0x000000074e600000, 0x000000074e800000|  0%| F|  |TAMS 0x000000074e600000| PB 0x000000074e600000| Untracked 
|  46|0x000000074e800000, 0x000000074e800000, 0x000000074ea00000|  0%| F|  |TAMS 0x000000074e800000| PB 0x000000074e800000| Untracked 
|  47|0x000000074ea00000, 0x000000074ea00000, 0x000000074ec00000|  0%| F|  |TAMS 0x000000074ea00000| PB 0x000000074ea00000| Untracked 
|  48|0x000000074ec00000, 0x000000074ec00000, 0x000000074ee00000|  0%| F|  |TAMS 0x000000074ec00000| PB 0x000000074ec00000| Untracked 
|  49|0x000000074ee00000, 0x000000074ee00000, 0x000000074f000000|  0%| F|  |TAMS 0x000000074ee00000| PB 0x000000074ee00000| Untracked 
|  50|0x000000074f000000, 0x000000074f000000, 0x000000074f200000|  0%| F|  |TAMS 0x000000074f000000| PB 0x000000074f000000| Untracked 
|  51|0x000000074f200000, 0x000000074f200000, 0x000000074f400000|  0%| F|  |TAMS 0x000000074f200000| PB 0x000000074f200000| Untracked 
|  52|0x000000074f400000, 0x000000074f400000, 0x000000074f600000|  0%| F|  |TAMS 0x000000074f400000| PB 0x000000074f400000| Untracked 
|  53|0x000000074f600000, 0x000000074f600000, 0x000000074f800000|  0%| F|  |TAMS 0x000000074f600000| PB 0x000000074f600000| Untracked 
|  54|0x000000074f800000, 0x000000074f800000, 0x000000074fa00000|  0%| F|  |TAMS 0x000000074f800000| PB 0x000000074f800000| Untracked 
|  55|0x000000074fa00000, 0x000000074fa00000, 0x000000074fc00000|  0%| F|  |TAMS 0x000000074fa00000| PB 0x000000074fa00000| Untracked 
|  56|0x000000074fc00000, 0x000000074fc00000, 0x000000074fe00000|  0%| F|  |TAMS 0x000000074fc00000| PB 0x000000074fc00000| Untracked 
|  57|0x000000074fe00000, 0x000000074fe00000, 0x0000000750000000|  0%| F|  |TAMS 0x000000074fe00000| PB 0x000000074fe00000| Untracked 
|  58|0x0000000750000000, 0x0000000750000000, 0x0000000750200000|  0%| F|  |TAMS 0x0000000750000000| PB 0x0000000750000000| Untracked 
|  59|0x0000000750200000, 0x0000000750200000, 0x0000000750400000|  0%| F|  |TAMS 0x0000000750200000| PB 0x0000000750200000| Untracked 
|  60|0x0000000750400000, 0x0000000750400000, 0x0000000750600000|  0%| F|  |TAMS 0x0000000750400000| PB 0x0000000750400000| Untracked 
|  61|0x0000000750600000, 0x0000000750600000, 0x0000000750800000|  0%| F|  |TAMS 0x0000000750600000| PB 0x0000000750600000| Untracked 
|  62|0x0000000750800000, 0x0000000750800000, 0x0000000750a00000|  0%| F|  |TAMS 0x0000000750800000| PB 0x0000000750800000| Untracked 
|  63|0x0000000750a00000, 0x0000000750a00000, 0x0000000750c00000|  0%| F|  |TAMS 0x0000000750a00000| PB 0x0000000750a00000| Untracked 
|  64|0x0000000750c00000, 0x0000000750c00000, 0x0000000750e00000|  0%| F|  |TAMS 0x0000000750c00000| PB 0x0000000750c00000| Untracked 
|  65|0x0000000750e00000, 0x0000000750e00000, 0x0000000751000000|  0%| F|  |TAMS 0x0000000750e00000| PB 0x0000000750e00000| Untracked 
|  66|0x0000000751000000, 0x0000000751000000, 0x0000000751200000|  0%| F|  |TAMS 0x0000000751000000| PB 0x0000000751000000| Untracked 
|  67|0x0000000751200000, 0x0000000751200000, 0x0000000751400000|  0%| F|  |TAMS 0x0000000751200000| PB 0x0000000751200000| Untracked 
|  68|0x0000000751400000, 0x0000000751400000, 0x0000000751600000|  0%| F|  |TAMS 0x0000000751400000| PB 0x0000000751400000| Untracked 
|  69|0x0000000751600000, 0x0000000751600000, 0x0000000751800000|  0%| F|  |TAMS 0x0000000751600000| PB 0x0000000751600000| Untracked 
|  70|0x0000000751800000, 0x0000000751800000, 0x0000000751a00000|  0%| F|  |TAMS 0x0000000751800000| PB 0x0000000751800000| Untracked 
|  71|0x0000000751a00000, 0x0000000751a00000, 0x0000000751c00000|  0%| F|  |TAMS 0x0000000751a00000| PB 0x0000000751a00000| Untracked 
|  72|0x0000000751c00000, 0x0000000751c00000, 0x0000000751e00000|  0%| F|  |TAMS 0x0000000751c00000| PB 0x0000000751c00000| Untracked 
|  73|0x0000000751e00000, 0x0000000751e00000, 0x0000000752000000|  0%| F|  |TAMS 0x0000000751e00000| PB 0x0000000751e00000| Untracked 
|  74|0x0000000752000000, 0x00000007521ca9b0, 0x0000000752200000| 89%| S|CS|TAMS 0x0000000752000000| PB 0x0000000752000000| Complete 
|  75|0x0000000752200000, 0x0000000752200000, 0x0000000752400000|  0%| F|  |TAMS 0x0000000752200000| PB 0x0000000752200000| Untracked 
|  76|0x0000000752400000, 0x0000000752400000, 0x0000000752600000|  0%| F|  |TAMS 0x0000000752400000| PB 0x0000000752400000| Untracked 
|  77|0x0000000752600000, 0x0000000752600000, 0x0000000752800000|  0%| F|  |TAMS 0x0000000752600000| PB 0x0000000752600000| Untracked 
|  78|0x0000000752800000, 0x0000000752800000, 0x0000000752a00000|  0%| F|  |TAMS 0x0000000752800000| PB 0x0000000752800000| Untracked 
|  79|0x0000000752a00000, 0x0000000752a00000, 0x0000000752c00000|  0%| F|  |TAMS 0x0000000752a00000| PB 0x0000000752a00000| Untracked 
|  80|0x0000000752c00000, 0x0000000752c00000, 0x0000000752e00000|  0%| F|  |TAMS 0x0000000752c00000| PB 0x0000000752c00000| Untracked 
|  81|0x0000000752e00000, 0x0000000752e00000, 0x0000000753000000|  0%| F|  |TAMS 0x0000000752e00000| PB 0x0000000752e00000| Untracked 
|  82|0x0000000753000000, 0x0000000753000000, 0x0000000753200000|  0%| F|  |TAMS 0x0000000753000000| PB 0x0000000753000000| Untracked 
|  83|0x0000000753200000, 0x0000000753200000, 0x0000000753400000|  0%| F|  |TAMS 0x0000000753200000| PB 0x0000000753200000| Untracked 
|  84|0x0000000753400000, 0x0000000753400000, 0x0000000753600000|  0%| F|  |TAMS 0x0000000753400000| PB 0x0000000753400000| Untracked 
|  85|0x0000000753600000, 0x0000000753600000, 0x0000000753800000|  0%| F|  |TAMS 0x0000000753600000| PB 0x0000000753600000| Untracked 
|  86|0x0000000753800000, 0x0000000753800000, 0x0000000753a00000|  0%| F|  |TAMS 0x0000000753800000| PB 0x0000000753800000| Untracked 
|  87|0x0000000753a00000, 0x0000000753a00000, 0x0000000753c00000|  0%| F|  |TAMS 0x0000000753a00000| PB 0x0000000753a00000| Untracked 
|  88|0x0000000753c00000, 0x0000000753c00000, 0x0000000753e00000|  0%| F|  |TAMS 0x0000000753c00000| PB 0x0000000753c00000| Untracked 
|  89|0x0000000753e00000, 0x0000000753e00000, 0x0000000754000000|  0%| F|  |TAMS 0x0000000753e00000| PB 0x0000000753e00000| Untracked 
|  90|0x0000000754000000, 0x0000000754200000, 0x0000000754200000|100%| E|  |TAMS 0x0000000754000000| PB 0x0000000754000000| Complete 
|  91|0x0000000754200000, 0x0000000754400000, 0x0000000754400000|100%| E|CS|TAMS 0x0000000754200000| PB 0x0000000754200000| Complete 

Card table byte_map: [0x0000026d19b90000,0x0000026d1a150000] _byte_map_base: 0x0000026d1614a000

Marking Bits: (CMBitMap*) 0x0000026d7fefebb0
 Bits: [0x0000026d1a150000, 0x0000026d1cf20000)

Polling page: 0x0000026d7ff80000

Metaspace:

Usage:
  Non-class:      8.90 MB used.
      Class:      1.19 MB used.
       Both:     10.08 MB used.

Virtual space:
  Non-class space:       64.00 MB reserved,       8.94 MB ( 14%) committed,  1 nodes.
      Class space:        1.00 GB reserved,       1.25 MB ( <1%) committed,  1 nodes.
             Both:        1.06 GB reserved,      10.19 MB ( <1%) committed. 

Chunk freelists:
   Non-Class:  5.55 MB
       Class:  14.75 MB
        Both:  20.30 MB

MaxMetaspaceSize: unlimited
CompressedClassSpaceSize: 1.00 GB
Initial GC threshold: 21.00 MB
Current GC threshold: 21.00 MB
CDS: on
 - commit_granule_bytes: 65536.
 - commit_granule_words: 8192.
 - virtual_space_node_default_size: 8388608.
 - enlarge_chunks_in_place: 1.
 - use_allocation_guard: 0.


Internal statistics:

num_allocs_failed_limit: 0.
num_arena_births: 62.
num_arena_deaths: 0.
num_vsnodes_births: 2.
num_vsnodes_deaths: 0.
num_space_committed: 163.
num_space_uncommitted: 0.
num_chunks_returned_to_freelist: 0.
num_chunks_taken_from_freelist: 386.
num_chunk_merges: 0.
num_chunk_splits: 279.
num_chunks_enlarged: 239.
num_inconsistent_stats: 0.

CodeHeap 'non-profiled nmethods': size=120000Kb used=899Kb max_used=899Kb free=119100Kb
 bounds [0x0000026d11640000, 0x0000026d118b0000, 0x0000026d18b70000]
CodeHeap 'profiled nmethods': size=120000Kb used=3773Kb max_used=3773Kb free=116226Kb
 bounds [0x0000026d09b70000, 0x0000026d09f20000, 0x0000026d110a0000]
CodeHeap 'non-nmethods': size=5760Kb used=1357Kb max_used=1378Kb free=4402Kb
 bounds [0x0000026d110a0000, 0x0000026d11310000, 0x0000026d11640000]
 total_blobs=2362 nmethods=1899 adapters=368
 compilation: enabled
              stopped_count=0, restarted_count=0
 full_count=0

Compilation events (20 events):
Event: 27.984 Thread 0x0000026d1f9847b0 1891       1       com.google.inject.internal.LinkedBindingImpl::getLinkedKey (5 bytes)
Event: 27.984 Thread 0x0000026d1f9847b0 nmethod 1891 0x0000026d11720410 code [0x0000026d117205a0, 0x0000026d11720670]
Event: 27.985 Thread 0x0000026d1f9847b0 1892       3       java.util.HashMap::entrySet (27 bytes)
Event: 27.985 Thread 0x0000026d1f9847b0 nmethod 1892 0x0000026d09f1a910 code [0x0000026d09f1aae0, 0x0000026d09f1af00]
Event: 27.985 Thread 0x0000026d1f9847b0 1893       3       java.util.HashMap$EntrySet::iterator (12 bytes)
Event: 27.985 Thread 0x0000026d1f9847b0 nmethod 1893 0x0000026d09f1b090 code [0x0000026d09f1b240, 0x0000026d09f1b450]
Event: 27.985 Thread 0x0000026d1f9847b0 1894       3       java.util.HashMap$EntryIterator::<init> (6 bytes)
Event: 27.985 Thread 0x0000026d1f9847b0 nmethod 1894 0x0000026d09f1b590 code [0x0000026d09f1b740, 0x0000026d09f1b878]
Event: 27.998 Thread 0x0000026d1f9847b0 1895       1       com.google.inject.spi.Dependency::getKey (5 bytes)
Event: 27.998 Thread 0x0000026d1f9847b0 nmethod 1895 0x0000026d11720710 code [0x0000026d117208a0, 0x0000026d11720970]
Event: 27.998 Thread 0x0000026d1f9847b0 1896       1       com.google.inject.Key$NullAnnotationStrategy::hasAttributes (2 bytes)
Event: 27.998 Thread 0x0000026d1f9847b0 nmethod 1896 0x0000026d11720a10 code [0x0000026d11720ba0, 0x0000026d11720c68]
Event: 27.999 Thread 0x0000026d1f9847b0 1897   !   3       org.eclipse.sisu.wire.DependencyAnalyzer::analyzeImplementation (131 bytes)
Event: 28.000 Thread 0x0000026d1f9847b0 nmethod 1897 0x0000026d09f1b910 code [0x0000026d09f1bc20, 0x0000026d09f1cc68]
Event: 28.006 Thread 0x0000026d1f9847b0 1898       3       java.util.stream.ReferencePipeline$2$1::accept (27 bytes)
Event: 28.007 Thread 0x0000026d1f9847b0 nmethod 1898 0x0000026d09f1d210 code [0x0000026d09f1d3e0, 0x0000026d09f1d6e8]
Event: 28.010 Thread 0x0000026d1f9847b0 1899       3       java.lang.Class::isEnum (27 bytes)
Event: 28.011 Thread 0x0000026d1f9847b0 nmethod 1899 0x0000026d09f1d810 code [0x0000026d09f1d9c0, 0x0000026d09f1dbc0]
Event: 28.017 Thread 0x0000026d1f9847b0 1900       3       sun.reflect.annotation.TypeAnnotationParser::mapTypeAnnotations (128 bytes)
Event: 28.018 Thread 0x0000026d1f9847b0 nmethod 1900 0x0000026d09f1dc90 code [0x0000026d09f1dfc0, 0x0000026d09f1f008]

GC Heap History (4 events):
Event: 18.275 GC heap before
{Heap before GC invocations=0 (full 0):
 garbage-first heap   total 188416K, used 22528K [0x0000000748c00000, 0x0000000800000000)
  region size 2048K, 11 young (22528K), 0 survivors (0K)
 Metaspace       used 5605K, committed 5824K, reserved 1114112K
  class space    used 645K, committed 768K, reserved 1048576K
}
Event: 19.389 GC heap after
{Heap after GC invocations=1 (full 0):
 garbage-first heap   total 188416K, used 3840K [0x0000000748c00000, 0x0000000800000000)
  region size 2048K, 2 young (4096K), 2 survivors (4096K)
 Metaspace       used 5605K, committed 5824K, reserved 1114112K
  class space    used 645K, committed 768K, reserved 1048576K
}
Event: 26.513 GC heap before
{Heap before GC invocations=1 (full 0):
 garbage-first heap   total 188416K, used 34560K [0x0000000748c00000, 0x0000000800000000)
  region size 2048K, 17 young (34816K), 2 survivors (4096K)
 Metaspace       used 9609K, committed 9792K, reserved 1114112K
  class space    used 1124K, committed 1216K, reserved 1048576K
}
Event: 26.521 GC heap after
{Heap after GC invocations=2 (full 0):
 garbage-first heap   total 188416K, used 5441K [0x0000000748c00000, 0x0000000800000000)
  region size 2048K, 1 young (2048K), 1 survivors (2048K)
 Metaspace       used 9609K, committed 9792K, reserved 1114112K
  class space    used 1124K, committed 1216K, reserved 1048576K
}

Dll operation events (8 events):
Event: 0.609 Loaded shared library C:\Program Files\Java\jdk-21\bin\java.dll
Event: 5.934 Loaded shared library C:\Program Files\Java\jdk-21\bin\jsvml.dll
Event: 5.953 Loaded shared library C:\Program Files\Java\jdk-21\bin\net.dll
Event: 5.974 Loaded shared library C:\Program Files\Java\jdk-21\bin\nio.dll
Event: 5.981 Loaded shared library C:\Program Files\Java\jdk-21\bin\zip.dll
Event: 7.079 Loaded shared library C:\Users\2oleg\Downloads\apache-maven-3.9.11-bin\apache-maven-3.9.11\lib\jansi-native\Windows\x86_64\jansi.dll
Event: 7.633 Loaded shared library C:\Program Files\Java\jdk-21\bin\verify.dll
Event: 7.961 Loaded shared library C:\Program Files\Java\jdk-21\bin\jimage.dll

Deoptimization events (20 events):
Event: 26.501 Thread 0x0000026d7fcee580 Uncommon trap: trap_request=0xffffffd6 fr.pc=0x0000026d1171b118 relative=0x0000000000000178
Event: 26.501 Thread 0x0000026d7fcee580 Uncommon trap: reason=array_check action=maybe_recompile pc=0x0000026d1171b118 method=java.util.stream.Nodes$FixedNodeBuilder.accept(Ljava/lang/Object;)V @ 28 c2
Event: 26.501 Thread 0x0000026d7fcee580 DEOPT PACKING pc=0x0000026d1171b118 sp=0x0000007ec2ffe160
Event: 26.501 Thread 0x0000026d7fcee580 DEOPT UNPACKING pc=0x0000026d110f46a2 sp=0x0000007ec2ffe100 mode 2
Event: 26.501 Thread 0x0000026d7fcee580 Uncommon trap: trap_request=0xffffffd6 fr.pc=0x0000026d1171b118 relative=0x0000000000000178
Event: 26.501 Thread 0x0000026d7fcee580 Uncommon trap: reason=array_check action=maybe_recompile pc=0x0000026d1171b118 method=java.util.stream.Nodes$FixedNodeBuilder.accept(Ljava/lang/Object;)V @ 28 c2
Event: 26.501 Thread 0x0000026d7fcee580 DEOPT PACKING pc=0x0000026d1171b118 sp=0x0000007ec2ffe160
Event: 26.501 Thread 0x0000026d7fcee580 DEOPT UNPACKING pc=0x0000026d110f46a2 sp=0x0000007ec2ffe100 mode 2
Event: 26.728 Thread 0x0000026d7fcee580 Uncommon trap: trap_request=0xffffffc6 fr.pc=0x0000026d116e3b14 relative=0x0000000000000314
Event: 26.728 Thread 0x0000026d7fcee580 Uncommon trap: reason=bimorphic_or_optimized_type_check action=maybe_recompile pc=0x0000026d116e3b14 method=java.util.HashMap.getNode(Ljava/lang/Object;)Ljava/util/HashMap$Node; @ 63 c2
Event: 26.728 Thread 0x0000026d7fcee580 DEOPT PACKING pc=0x0000026d116e3b14 sp=0x0000007ec2ffe770
Event: 26.728 Thread 0x0000026d7fcee580 DEOPT UNPACKING pc=0x0000026d110f46a2 sp=0x0000007ec2ffe6d8 mode 2
Event: 26.730 Thread 0x0000026d7fcee580 Uncommon trap: trap_request=0xffffffc6 fr.pc=0x0000026d116e3b38 relative=0x0000000000000338
Event: 26.730 Thread 0x0000026d7fcee580 Uncommon trap: reason=bimorphic_or_optimized_type_check action=maybe_recompile pc=0x0000026d116e3b38 method=java.util.HashMap.getNode(Ljava/lang/Object;)Ljava/util/HashMap$Node; @ 128 c2
Event: 26.730 Thread 0x0000026d7fcee580 DEOPT PACKING pc=0x0000026d116e3b38 sp=0x0000007ec2ffe610
Event: 26.730 Thread 0x0000026d7fcee580 DEOPT UNPACKING pc=0x0000026d110f46a2 sp=0x0000007ec2ffe578 mode 2
Event: 26.732 Thread 0x0000026d7fcee580 Uncommon trap: trap_request=0xffffffc6 fr.pc=0x0000026d116e3b14 relative=0x0000000000000314
Event: 26.732 Thread 0x0000026d7fcee580 Uncommon trap: reason=bimorphic_or_optimized_type_check action=maybe_recompile pc=0x0000026d116e3b14 method=java.util.HashMap.getNode(Ljava/lang/Object;)Ljava/util/HashMap$Node; @ 63 c2
Event: 26.732 Thread 0x0000026d7fcee580 DEOPT PACKING pc=0x0000026d116e3b14 sp=0x0000007ec2ffe610
Event: 26.732 Thread 0x0000026d7fcee580 DEOPT UNPACKING pc=0x0000026d110f46a2 sp=0x0000007ec2ffe578 mode 2

Classes loaded (20 events):
Event: 26.522 Loading class java/lang/reflect/Executable$ParameterData
Event: 26.522 Loading class java/lang/reflect/Executable$ParameterData done
Event: 26.522 Loading class sun/reflect/generics/scope/ConstructorScope
Event: 26.522 Loading class sun/reflect/generics/scope/ConstructorScope done
Event: 26.522 Loading class sun/reflect/generics/repository/ConstructorRepository
Event: 26.522 Loading class sun/reflect/generics/repository/ConstructorRepository done
Event: 26.522 Loading class sun/reflect/generics/tree/VoidDescriptor
Event: 26.522 Loading class sun/reflect/generics/tree/VoidDescriptor done
Event: 26.522 Loading class sun/reflect/generics/tree/MethodTypeSignature
Event: 26.522 Loading class sun/reflect/generics/tree/MethodTypeSignature done
Event: 27.435 Loading class sun/reflect/generics/repository/FieldRepository
Event: 27.435 Loading class sun/reflect/generics/repository/FieldRepository done
Event: 27.814 Loading class java/io/UncheckedIOException
Event: 27.814 Loading class java/io/UncheckedIOException done
Event: 27.990 Loading class java/util/concurrent/atomic/AtomicBoolean
Event: 27.990 Loading class java/util/concurrent/atomic/AtomicBoolean done
Event: 28.001 Loading class java/nio/channels/OverlappingFileLockException
Event: 28.001 Loading class java/nio/channels/OverlappingFileLockException done
Event: 28.001 Loading class java/nio/channels/FileLock
Event: 28.001 Loading class java/nio/channels/FileLock done

Classes unloaded (0 events):
No events

Classes redefined (0 events):
No events

Internal exceptions (20 events):
Event: 7.082 Thread 0x0000026d7fcee580 Exception <a 'java/lang/NullPointerException'{0x0000000753f852d8}> (0x0000000753f852d8) 
thrown [s\open\src\hotspot\share\interpreter\linkResolver.cpp, line 1372]
Event: 7.082 Thread 0x0000026d7fcee580 Exception <a 'java/lang/NullPointerException'{0x0000000753f855b8}> (0x0000000753f855b8) 
thrown [s\open\src\hotspot\share\interpreter\linkResolver.cpp, line 1372]
Event: 7.082 Thread 0x0000026d7fcee580 Exception <a 'java/lang/NullPointerException'{0x0000000753f85898}> (0x0000000753f85898) 
thrown [s\open\src\hotspot\share\interpreter\linkResolver.cpp, line 1372]
Event: 7.374 Thread 0x0000026d7fcee580 Exception <a 'java/lang/NullPointerException'{0x0000000753f8b8a8}> (0x0000000753f8b8a8) 
thrown [s\open\src\hotspot\share\interpreter\linkResolver.cpp, line 1372]
Event: 7.385 Thread 0x0000026d7fcee580 Exception <a 'java/lang/NullPointerException'{0x0000000753f9fc70}> (0x0000000753f9fc70) 
thrown [s\open\src\hotspot\share\interpreter\linkResolver.cpp, line 1372]
Event: 7.385 Thread 0x0000026d7fcee580 Exception <a 'java/lang/NullPointerException'{0x0000000753f9ff50}> (0x0000000753f9ff50) 
thrown [s\open\src\hotspot\share\interpreter\linkResolver.cpp, line 1372]
Event: 7.385 Thread 0x0000026d7fcee580 Exception <a 'java/lang/NullPointerException'{0x0000000753fa0230}> (0x0000000753fa0230) 
thrown [s\open\src\hotspot\share\interpreter\linkResolver.cpp, line 1372]
Event: 7.385 Thread 0x0000026d7fcee580 Exception <a 'java/lang/NullPointerException'{0x0000000753fa0510}> (0x0000000753fa0510) 
thrown [s\open\src\hotspot\share\interpreter\linkResolver.cpp, line 1372]
Event: 7.923 Thread 0x0000026d7fcee580 Exception <a 'java/lang/NoSuchMethodError'{0x0000000753c1d3b8}: 'void java.lang.invoke.DirectMethodHandle$Holder.invokeStatic(java.lang.Object, java.lang.Object)'> (0x0000000753c1d3b8) 
thrown [s\open\src\hotspot\share\interpreter\linkResolver.cpp, line 773]
Event: 7.925 Thread 0x0000026d7fcee580 Exception <a 'java/lang/NoSuchMethodError'{0x0000000753c20798}: 'void java.lang.invoke.DirectMethodHandle$Holder.invokeStaticInit(java.lang.Object, java.lang.Object)'> (0x0000000753c20798) 
thrown [s\open\src\hotspot\share\interpreter\linkResolver.cpp, line 773]
Event: 7.957 Thread 0x0000026d7fcee580 Exception <a 'java/lang/NoSuchMethodError'{0x0000000753c6c3d8}: 'void java.lang.invoke.DirectMethodHandle$Holder.invokeStatic(java.lang.Object, java.lang.Object, java.lang.Object)'> (0x0000000753c6c3d8) 
thrown [s\open\src\hotspot\share\interpreter\linkResolver.cpp, line 773]
Event: 14.216 Thread 0x0000026d7fcee580 Exception <a 'java/lang/NoSuchMethodError'{0x0000000753a63a40}: 'java.lang.Object java.lang.invoke.DirectMethodHandle$Holder.invokeSpecialIFC(java.lang.Object, java.lang.Object, java.lang.Object, java.lang.Object)'> (0x0000000753a63a40) 
thrown [s\open\src\hotspot\share\interpreter\linkResolver.cpp, line 773]
Event: 16.119 Thread 0x0000026d7fcee580 Exception <a 'java/lang/NoSuchMethodError'{0x0000000753456d60}: 'void java.lang.invoke.DirectMethodHandle$Holder.invokeSpecial(java.lang.Object, java.lang.Object, java.lang.Object)'> (0x0000000753456d60) 
thrown [s\open\src\hotspot\share\interpreter\linkResolver.cpp, line 773]
Event: 16.407 Thread 0x0000026d7fcee580 Exception <a 'java/lang/NoSuchMethodError'{0x00000007535b9688}: 'java.lang.Object java.lang.invoke.DirectMethodHandle$Holder.invokeInterface(java.lang.Object, java.lang.Object)'> (0x00000007535b9688) 
thrown [s\open\src\hotspot\share\interpreter\linkResolver.cpp, line 773]
Event: 16.589 Thread 0x0000026d7fcee580 Exception <a 'java/lang/NoSuchMethodError'{0x000000075325e900}: 'int java.lang.invoke.DirectMethodHandle$Holder.invokeStatic(java.lang.Object, java.lang.Object, java.lang.Object, java.lang.Object)'> (0x000000075325e900) 
thrown [s\open\src\hotspot\share\interpreter\linkResolver.cpp, line 773]
Event: 16.590 Thread 0x0000026d7fcee580 Exception <a 'java/lang/NoSuchMethodError'{0x0000000753261f90}: 'java.lang.Object java.lang.invoke.Invokers$Holder.invokeExact_MT(java.lang.Object, java.lang.Object, java.lang.Object, java.lang.Object, java.lang.Object, java.lang.Object)'> (0x0000000753261f90) 
thrown [s\open\src\hotspot\share\interpreter\linkResolver.cpp, line 773]
Event: 16.601 Thread 0x0000026d7fcee580 Exception <a 'java/lang/NoSuchMethodError'{0x0000000753270638}: 'int java.lang.invoke.DirectMethodHandle$Holder.invokeSpecialIFC(java.lang.Object, java.lang.Object, java.lang.Object, java.lang.Object, java.lang.Object)'> (0x0000000753270638) 
thrown [s\open\src\hotspot\share\interpreter\linkResolver.cpp, line 773]
Event: 17.046 Thread 0x0000026d7fcee580 Exception <a 'java/lang/NoSuchMethodError'{0x0000000753015e28}: 'java.lang.Object java.lang.invoke.DirectMethodHandle$Holder.newInvokeSpecial(java.lang.Object, java.lang.Object, java.lang.Object, java.lang.Object, java.lang.Object)'> (0x0000000753015e28) 
thrown [s\open\src\hotspot\share\interpreter\linkResolver.cpp, line 773]
Event: 17.657 Thread 0x0000026d7fcee580 Exception <a 'java/lang/NoSuchMethodError'{0x0000000753137b88}: 'int java.lang.invoke.DirectMethodHandle$Holder.invokeStaticInit(java.lang.Object, java.lang.Object)'> (0x0000000753137b88) 
thrown [s\open\src\hotspot\share\interpreter\linkResolver.cpp, line 773]
Event: 17.671 Thread 0x0000026d7fcee580 Exception <a 'java/lang/NoClassDefFoundError'{0x000000075316fe48}: javax/enterprise/inject/Typed> (0x000000075316fe48) 
thrown [s\open\src\hotspot\share\classfile\systemDictionary.cpp, line 301]

ZGC Phase Switch (0 events):
No events

VM Operations (20 events):
Event: 16.838 Executing VM operation: Cleanup
Event: 16.838 Executing VM operation: Cleanup done
Event: 17.839 Executing VM operation: Cleanup
Event: 17.990 Executing VM operation: Cleanup done
Event: 18.275 Executing VM operation: G1CollectForAllocation (G1 Evacuation Pause)
Event: 19.389 Executing VM operation: G1CollectForAllocation (G1 Evacuation Pause) done
Event: 21.389 Executing VM operation: Cleanup
Event: 21.389 Executing VM operation: Cleanup done
Event: 23.389 Executing VM operation: Cleanup
Event: 23.389 Executing VM operation: Cleanup done
Event: 24.144 Executing VM operation: HandshakeAllThreads (Deoptimize)
Event: 24.144 Executing VM operation: HandshakeAllThreads (Deoptimize) done
Event: 25.144 Executing VM operation: Cleanup
Event: 25.159 Executing VM operation: Cleanup done
Event: 25.978 Executing VM operation: HandshakeAllThreads (Deoptimize)
Event: 25.978 Executing VM operation: HandshakeAllThreads (Deoptimize) done
Event: 26.513 Executing VM operation: G1CollectForAllocation (G1 Evacuation Pause)
Event: 26.521 Executing VM operation: G1CollectForAllocation (G1 Evacuation Pause) done
Event: 27.521 Executing VM operation: Cleanup
Event: 27.521 Executing VM operation: Cleanup done

Events (19 events):
Event: 0.816 Thread 0x0000026d7fcee580 Thread added: 0x0000026d7fcee580
Event: 3.004 Thread 0x0000026d1f979070 Thread added: 0x0000026d1f979070
Event: 3.004 Thread 0x0000026d1f979e70 Thread added: 0x0000026d1f979e70
Event: 3.004 Thread 0x0000026d1f97c9d0 Thread added: 0x0000026d1f97c9d0
Event: 3.004 Thread 0x0000026d1f97d5d0 Thread added: 0x0000026d1f97d5d0
Event: 3.004 Thread 0x0000026d1f97e020 Thread added: 0x0000026d1f97e020
Event: 3.005 Thread 0x0000026d1f97ea70 Thread added: 0x0000026d1f97ea70
Event: 3.005 Thread 0x0000026d1f983810 Thread added: 0x0000026d1f983810
Event: 3.058 Thread 0x0000026d1f9847b0 Thread added: 0x0000026d1f9847b0
Event: 3.233 Thread 0x0000026d1fa0d440 Thread added: 0x0000026d1fa0d440
Event: 3.380 Thread 0x0000026d1fb4a2d0 Thread added: 0x0000026d1fb4a2d0
Event: 6.818 Thread 0x0000026d1fc744f0 Thread added: 0x0000026d1fc744f0
Event: 7.075 Thread 0x0000026d65052100 Thread added: 0x0000026d65052100
Event: 7.340 Thread 0x0000026d1fc744f0 Thread exited: 0x0000026d1fc744f0
Event: 13.720 Thread 0x0000026d65052100 Thread exited: 0x0000026d65052100
Event: 18.001 Thread 0x0000026d656a33e0 Thread added: 0x0000026d656a33e0
Event: 18.018 Thread 0x0000026d6584c460 Thread added: 0x0000026d6584c460
Event: 19.820 Thread 0x0000026d6584c460 Thread exited: 0x0000026d6584c460
Event: 19.821 Thread 0x0000026d656a33e0 Thread exited: 0x0000026d656a33e0


Dynamic libraries:
0x00007ff703c60000 - 0x00007ff703c70000 	C:\Program Files\Java\jdk-21\bin\java.exe
0x00007ff9f5930000 - 0x00007ff9f5b28000 	C:\WINDOWS\SYSTEM32\ntdll.dll
0x00007ff9f5400000 - 0x00007ff9f54c2000 	C:\WINDOWS\System32\KERNEL32.DLL
0x00007ff9f3130000 - 0x00007ff9f3426000 	C:\WINDOWS\System32\KERNELBASE.dll
0x00007ff9f3820000 - 0x00007ff9f3920000 	C:\WINDOWS\System32\ucrtbase.dll
0x00007ff9e2300000 - 0x00007ff9e2319000 	C:\Program Files\Java\jdk-21\bin\jli.dll
0x00007ff9f3da0000 - 0x00007ff9f3e51000 	C:\WINDOWS\System32\ADVAPI32.dll
0x00007ff9f5820000 - 0x00007ff9f58be000 	C:\WINDOWS\System32\msvcrt.dll
0x00007ff9f4800000 - 0x00007ff9f489f000 	C:\WINDOWS\System32\sechost.dll
0x00007ff9f3c10000 - 0x00007ff9f3d30000 	C:\WINDOWS\System32\RPCRT4.dll
0x00007ff9e31d0000 - 0x00007ff9e31eb000 	C:\Program Files\Java\jdk-21\bin\VCRUNTIME140.dll
0x00007ff9f3560000 - 0x00007ff9f3587000 	C:\WINDOWS\System32\bcrypt.dll
0x00007ff9f3f40000 - 0x00007ff9f40e1000 	C:\WINDOWS\System32\USER32.dll
0x00007ff9e4da0000 - 0x00007ff9e503b000 	C:\WINDOWS\WinSxS\amd64_microsoft.windows.common-controls_6595b64144ccf1df_6.0.19041.6456_none_60b8a6cb71f64256\COMCTL32.dll
0x00007ff9f3100000 - 0x00007ff9f3122000 	C:\WINDOWS\System32\win32u.dll
0x00007ff9f47c0000 - 0x00007ff9f47eb000 	C:\WINDOWS\System32\GDI32.dll
0x00007ff9f2f90000 - 0x00007ff9f30a9000 	C:\WINDOWS\System32\gdi32full.dll
0x00007ff9f3590000 - 0x00007ff9f362d000 	C:\WINDOWS\System32\msvcp_win.dll
0x00007ff9ecd10000 - 0x00007ff9ecd1a000 	C:\WINDOWS\SYSTEM32\VERSION.dll
0x00007ff9f3f10000 - 0x00007ff9f3f3f000 	C:\WINDOWS\System32\IMM32.DLL
0x00007ff9ed3a0000 - 0x00007ff9ed3ac000 	C:\Program Files\Java\jdk-21\bin\vcruntime140_1.dll
0x00007ff9c7130000 - 0x00007ff9c71be000 	C:\Program Files\Java\jdk-21\bin\msvcp140.dll
0x00007ff98ebe0000 - 0x00007ff98f8fa000 	C:\Program Files\Java\jdk-21\bin\server\jvm.dll
0x00007ff9f4210000 - 0x00007ff9f427b000 	C:\WINDOWS\System32\WS2_32.dll
0x00007ff9f2df0000 - 0x00007ff9f2e3b000 	C:\WINDOWS\SYSTEM32\POWRPROF.dll
0x00007ff9e0140000 - 0x00007ff9e0167000 	C:\WINDOWS\SYSTEM32\WINMM.dll
0x00007ff9f2dd0000 - 0x00007ff9f2de2000 	C:\WINDOWS\SYSTEM32\UMPDC.dll
0x00007ff9f0dc0000 - 0x00007ff9f0dd2000 	C:\WINDOWS\SYSTEM32\kernel.appcore.dll
0x00007ff9ed370000 - 0x00007ff9ed37a000 	C:\Program Files\Java\jdk-21\bin\jimage.dll
0x00007ff9df840000 - 0x00007ff9dfa41000 	C:\WINDOWS\SYSTEM32\DBGHELP.DLL
0x00007ff9dd350000 - 0x00007ff9dd384000 	C:\WINDOWS\SYSTEM32\dbgcore.DLL
0x00007ff9f3630000 - 0x00007ff9f36b2000 	C:\WINDOWS\System32\bcryptPrimitives.dll
0x00007ff9e0be0000 - 0x00007ff9e0bff000 	C:\Program Files\Java\jdk-21\bin\java.dll
0x00007ff9f4930000 - 0x00007ff9f50a0000 	C:\WINDOWS\System32\SHELL32.dll
0x00007ff9f0fc0000 - 0x00007ff9f1765000 	C:\WINDOWS\SYSTEM32\windows.storage.dll
0x00007ff9f50a0000 - 0x00007ff9f53f4000 	C:\WINDOWS\System32\combase.dll
0x00007ff9f28e0000 - 0x00007ff9f290b000 	C:\WINDOWS\SYSTEM32\Wldp.dll
0x00007ff9f46f0000 - 0x00007ff9f47bd000 	C:\WINDOWS\System32\OLEAUT32.dll
0x00007ff9f3920000 - 0x00007ff9f39cd000 	C:\WINDOWS\System32\SHCORE.dll
0x00007ff9f57c0000 - 0x00007ff9f581b000 	C:\WINDOWS\System32\shlwapi.dll
0x00007ff9f2ec0000 - 0x00007ff9f2ee4000 	C:\WINDOWS\SYSTEM32\profapi.dll
0x00007ff9ab440000 - 0x00007ff9ab517000 	C:\Program Files\Java\jdk-21\bin\jsvml.dll
0x00007ff9ebd20000 - 0x00007ff9ebd30000 	C:\Program Files\Java\jdk-21\bin\net.dll
0x00007ff9ec950000 - 0x00007ff9eca5a000 	C:\WINDOWS\SYSTEM32\WINHTTP.dll
0x00007ff9f25f0000 - 0x00007ff9f265a000 	C:\WINDOWS\system32\mswsock.dll
0x00007ff9dbf20000 - 0x00007ff9dbf36000 	C:\Program Files\Java\jdk-21\bin\nio.dll
0x00007ff9d8a60000 - 0x00007ff9d8a78000 	C:\Program Files\Java\jdk-21\bin\zip.dll
0x00007ff9d0da0000 - 0x00007ff9d0dc4000 	C:\Users\2oleg\Downloads\apache-maven-3.9.11-bin\apache-maven-3.9.11\lib\jansi-native\Windows\x86_64\jansi.dll
0x00007ff9e8580000 - 0x00007ff9e8590000 	C:\Program Files\Java\jdk-21\bin\verify.dll

dbghelp: loaded successfully - version: 4.0.5 - missing functions: none
symbol engine: initialized successfully - sym options: 0x614 - pdb path: .;C:\Program Files\Java\jdk-21\bin;C:\WINDOWS\SYSTEM32;C:\WINDOWS\WinSxS\amd64_microsoft.windows.common-controls_6595b64144ccf1df_6.0.19041.6456_none_60b8a6cb71f64256;C:\Program Files\Java\jdk-21\bin\server;C:\Users\2oleg\Downloads\apache-maven-3.9.11-bin\apache-maven-3.9.11\lib\jansi-native\Windows\x86_64

VM Arguments:
jvm_args: --enable-native-access=ALL-UNNAMED -Dclassworlds.conf=C:\Users\2oleg\Downloads\apache-maven-3.9.11-bin\apache-maven-3.9.11\bin\m2.conf -Dmaven.home=C:\Users\2oleg\Downloads\apache-maven-3.9.11-bin\apache-maven-3.9.11 -Dlibrary.jansi.path=C:\Users\2oleg\Downloads\apache-maven-3.9.11-bin\apache-maven-3.9.11\lib\jansi-native -Dmaven.multiModuleProjectDirectory=C:\Users\2oleg\Downloads\Telegram Desktop\Kefir\Backend\TransactionSaga 
java_command: org.codehaus.plexus.classworlds.launcher.Launcher spring-boot:run -Dserver.port=8090 -DskipTests
java_class_path (initial): C:\Users\2oleg\Downloads\apache-maven-3.9.11-bin\apache-maven-3.9.11\boot\plexus-classworlds-2.9.0.jar
Launcher Type: SUN_STANDARD

[Global flags]
     intx CICompilerCount                          = 4                                         {product} {ergonomic}
     uint ConcGCThreads                            = 2                                         {product} {ergonomic}
     uint G1ConcRefinementThreads                  = 8                                         {product} {ergonomic}
   size_t G1HeapRegionSize                         = 2097152                                   {product} {ergonomic}
    uintx GCDrainStackTargetSize                   = 64                                        {product} {ergonomic}
   size_t InitialHeapSize                          = 192937984                                 {product} {ergonomic}
   size_t MarkStackSize                            = 4194304                                   {product} {ergonomic}
   size_t MaxHeapSize                              = 3074424832                                {product} {ergonomic}
   size_t MaxNewSize                               = 1843396608                                {product} {ergonomic}
   size_t MinHeapDeltaBytes                        = 2097152                                   {product} {ergonomic}
   size_t MinHeapSize                              = 8388608                                   {product} {ergonomic}
    uintx NonNMethodCodeHeapSize                   = 5839372                                {pd product} {ergonomic}
    uintx NonProfiledCodeHeapSize                  = 122909434                              {pd product} {ergonomic}
    uintx ProfiledCodeHeapSize                     = 122909434                              {pd product} {ergonomic}
    uintx ReservedCodeCacheSize                    = 251658240                              {pd product} {ergonomic}
     bool SegmentedCodeCache                       = true                                      {product} {ergonomic}
   size_t SoftMaxHeapSize                          = 3074424832                             {manageable} {ergonomic}
     bool UseCompressedOops                        = true                           {product lp64_product} {ergonomic}
     bool UseG1GC                                  = true                                      {product} {ergonomic}
     bool UseLargePagesIndividualAllocation        = false                                  {pd product} {ergonomic}

Logging:
Log output configuration:
 #0: stdout all=warning uptime,level,tags foldmultilines=false
 #1: stderr all=off uptime,level,tags foldmultilines=false

Environment Variables:
JAVA_HOME=C:\Program Files\Java\jdk-21
PATH=C:\Program Files\Common Files\Oracle\Java\javapath;C:\Program Files (x86)\Cuminas\Document Express DjVu Plug-in\;C:\Program Files (x86)\Razer Chroma SDK\bin;C:\Program Files\Razer Chroma SDK\bin;C:\WINDOWS\system32;C:\WINDOWS;C:\WINDOWS\System32\Wbem;C:\WINDOWS\System32\WindowsPowerShell\v1.0\;C:\WINDOWS\System32\OpenSSH\;C:\Program Files (x86)\NVIDIA Corporation\PhysX\Common;C:\WINDOWS\system32\config\systemprofile\AppData\Local\Microsoft\WindowsApps;C:\Program Files (x86)\Razer\ChromaBroadcast\bin;C:\Program Files\Razer\ChromaBroadcast\bin;C:\Users\2oleg\AppData\Local\Microsoft\WindowsApps;C:\Program Files\JetBrains\IntelliJ IDEA Community Edition 2024.3\bin;C:\Users\2oleg\AppData\Local\Programs\Microsoft VS Code\bin;C:\Program Files\Docker\Docker\resources\bin;C:\Users\2oleg\Downloads\curl-8.16.0_6-win64-mingw.zip\curl-8.16.0_6-win64-mingw\bin;C:\Users\2oleg\Downloads\curl-8.16.0_6-win64-mingw\curl-8.16.0_6-win64-mingw\bin;C:\Users\2oleg\Downloads\apache-maven-3.9.11-bin\apache-maven-3.9.11\bin;C:\ProgramData\chocolatey\bin;C:\Users\2oleg\AppData\Roaming\Cloud Foundry;C:\Program Files\Git\cmd;C:\Program Files\nodejs\;C:\Users\2oleg\AppData\Local\Muse Hub\lib;C:\Users\2oleg\AppData\Local\Microsoft\WindowsApps;C:\Program Files\JetBrains\IntelliJ IDEA Community Edition 2025.2.4\bin;C:\Users\2oleg\AppData\Local\Programs\Microsoft VS Code\bin;C:\Program Files\jq.exe;C:\Users\2oleg\AppData\Local\Microsoft\WinGet\Packages\jqlang.jq_Microsoft.Winget.Source_8wekyb3d8bbwe;C:\Program Files\Java\jdk-24;C:\Users\2oleg\Downloads\gradle-9.0.0-bin\gradle-9.0.0\bin;C:\Program Files\Docker\Docker\resources\bin;C:\Users\2oleg\AppData\Local\GitHubDesktop\bin;C:\Users\2oleg\AppData\Roaming\npm
USERNAME=2oleg
OS=Windows_NT
PROCESSOR_IDENTIFIER=Intel64 Family 6 Model 60 Stepping 3, GenuineIntel
TMP=C:\Users\2oleg\AppData\Local\Temp
TEMP=C:\Users\2oleg\AppData\Local\Temp




Periodic native trim disabled

---------------  S Y S T E M  ---------------

OS:
 Windows 10 , 64 bit Build 19041 (10.0.19041.5915)
OS uptime: 10 days 12:22 hours
Hyper-V role detected

CPU: total 8 (initial active 8) (4 cores per cpu, 2 threads per core) family 6 model 60 stepping 3 microcode 0x27, cx8, cmov, fxsr, ht, mmx, sse, sse2, sse3, ssse3, sse4.1, sse4.2, popcnt, lzcnt, tsc, tscinvbit, avx, avx2, aes, erms, clmul, bmi1, bmi2, fma, vzeroupper, clflush, hv, rdtscp, f16c
Processor Information for all 8 processors :
  Max Mhz: 2401, Current Mhz: 2401, Mhz Limit: 2401

Memory: 4k page, system-wide physical 11723M (2629M free)
TotalPageFile size 23723M (AvailPageFile size 1795M)
current process WorkingSet (physical memory assigned to process): 99M, peak: 99M
current process commit charge ("private bytes"): 288M, peak: 299M

vm_info: Java HotSpot(TM) 64-Bit Server VM (21.0.7+8-LTS-245) for windows-amd64 JRE (21.0.7+8-LTS-245), built on 2025-02-21T05:11:27Z by "mach5one" with MS VC++ 17.6 (VS2022)

END.
