#
# There is insufficient memory for the Java Runtime Environment to continue.
# Native memory allocation (malloc) failed to allocate 1423152 bytes for Chunk::new
# Possible reasons:
#   The system is out of physical RAM or swap space
#   The process is running with CompressedOops enabled, and the Java Heap may be blocking the growth of the native heap
# Possible solutions:
#   Reduce memory load on the system
#   Increase physical memory or swap space
#   Check if swap backing store is full
#   Decrease Java heap size (-Xmx/-Xms)
#   Decrease number of Java threads
#   Decrease Java thread stack sizes (-Xss)
#   Set larger code cache with -XX:ReservedCodeCacheSize=
#   JVM is running with Zero Based Compressed Oops mode in which the Java heap is
#     placed in the first 32GB address space. The Java Heap base address is the
#     maximum limit for the native heap growth. Please use -XX:HeapBaseMinAddress
#     to set the Java Heap base and to place the Java Heap above 32GB virtual address.
# This output file may be truncated or incomplete.
#
#  Out of Memory Error (arena.cpp:168), pid=17916, tid=18500
#
# JRE version: Java(TM) SE Runtime Environment (21.0.7+8) (build 21.0.7+8-LTS-245)
# Java VM: Java HotSpot(TM) 64-Bit Server VM (21.0.7+8-LTS-245, mixed mode, sharing, tiered, compressed oops, compressed class ptrs, g1 gc, windows-amd64)
# No core dump will be written. Minidumps are not enabled by default on client versions of Windows
#

---------------  S U M M A R Y ------------

Command Line: --enable-native-access=ALL-UNNAMED -Dclassworlds.conf=C:\Users\2oleg\Downloads\apache-maven-3.9.11-bin\apache-maven-3.9.11\bin\m2.conf -Dmaven.home=C:\Users\2oleg\Downloads\apache-maven-3.9.11-bin\apache-maven-3.9.11 -Dlibrary.jansi.path=C:\Users\2oleg\Downloads\apache-maven-3.9.11-bin\apache-maven-3.9.11\lib\jansi-native -Dmaven.multiModuleProjectDirectory=C:\Users\2oleg\Downloads\Telegram Desktop\Kefir\Backend\TransactionSaga org.codehaus.plexus.classworlds.launcher.Launcher spring-boot:run -Dserver.port=8090 -DskipTests

Host: Intel(R) Core(TM) i7-4700HQ CPU @ 2.40GHz, 8 cores, 11G,  Windows 10 , 64 bit Build 19041 (10.0.19041.5915)
Time: Mon Dec 15 23:13:31 2025 RTZ 2 (s 10 , 64 bit Build 19041 (10.0.19041.5915) elapsed time: 35.709483 seconds (0d 0h 0m 35s)

---------------  T H R E A D  ---------------

Current thread (0x00000225277736c0):  JavaThread "C2 CompilerThread1" daemon [_thread_in_native, id=18500, stack(0x0000006778800000,0x0000006778900000) (1024K)]


Current CompileTask:
C2:  35709 5512   !   4       jdk.internal.loader.BuiltinClassLoader::loadClassOrNull (143 bytes)

Stack: [0x0000006778800000,0x0000006778900000]
Native frames: (J=compiled Java code, j=interpreted, Vv=VM code, C=native code)
V  [jvm.dll+0x6cae19]
V  [jvm.dll+0x855741]
V  [jvm.dll+0x857c6e]
V  [jvm.dll+0x858343]
V  [jvm.dll+0x27e0b6]
V  [jvm.dll+0xc4ecd]
V  [jvm.dll+0xc5403]
V  [jvm.dll+0x3b578c]
V  [jvm.dll+0x1dfa19]
V  [jvm.dll+0x246c82]
V  [jvm.dll+0x24610f]
V  [jvm.dll+0x1c6efe]
V  [jvm.dll+0x255819]
V  [jvm.dll+0x253daa]
V  [jvm.dll+0x3eebb6]
V  [jvm.dll+0x7ffa1b]
V  [jvm.dll+0x6c94fd]
C  [ucrtbase.dll+0x21bb2]
C  [KERNEL32.DLL+0x17374]
C  [ntdll.dll+0x4cc91]


---------------  P R O C E S S  ---------------

Threads class SMR info:
_java_thread_list=0x000002252745f490, length=13, elements={
0x00000224c03a3600, 0x00000224dfe09a70, 0x00000224dfe0a870, 0x00000224dfe0d580,
0x00000224dfe0dfd0, 0x00000224dfe10a30, 0x00000224dfe11480, 0x00000224dfe14210,
0x00000224dfe187c0, 0x000002252506b960, 0x0000022525090150, 0x0000022526455d40,
0x00000225277736c0
}

Java Threads: ( => current thread )
  0x00000224c03a3600 JavaThread "main"                              [_thread_in_vm, id=16652, stack(0x0000006776e00000,0x0000006776f00000) (1024K)]
  0x00000224dfe09a70 JavaThread "Reference Handler"          daemon [_thread_blocked, id=16344, stack(0x0000006777600000,0x0000006777700000) (1024K)]
  0x00000224dfe0a870 JavaThread "Finalizer"                  daemon [_thread_blocked, id=21104, stack(0x0000006777700000,0x0000006777800000) (1024K)]
  0x00000224dfe0d580 JavaThread "Signal Dispatcher"          daemon [_thread_blocked, id=31528, stack(0x0000006777800000,0x0000006777900000) (1024K)]
  0x00000224dfe0dfd0 JavaThread "Attach Listener"            daemon [_thread_blocked, id=10328, stack(0x0000006777900000,0x0000006777a00000) (1024K)]
  0x00000224dfe10a30 JavaThread "Service Thread"             daemon [_thread_blocked, id=26840, stack(0x0000006777a00000,0x0000006777b00000) (1024K)]
  0x00000224dfe11480 JavaThread "Monitor Deflation Thread"   daemon [_thread_blocked, id=13988, stack(0x0000006777b00000,0x0000006777c00000) (1024K)]
  0x00000224dfe14210 JavaThread "C2 CompilerThread0"         daemon [_thread_blocked, id=23952, stack(0x0000006777c00000,0x0000006777d00000) (1024K)]
  0x00000224dfe187c0 JavaThread "C1 CompilerThread0"         daemon [_thread_blocked, id=10268, stack(0x0000006777d00000,0x0000006777e00000) (1024K)]
  0x000002252506b960 JavaThread "Notification Thread"        daemon [_thread_blocked, id=21248, stack(0x0000006777e00000,0x0000006777f00000) (1024K)]
  0x0000022525090150 JavaThread "Common-Cleaner"             daemon [_thread_blocked, id=27436, stack(0x0000006777f00000,0x0000006778000000) (1024K)]
  0x0000022526455d40 JavaThread "Thread-1"                   daemon [_thread_blocked, id=24584, stack(0x0000006778000000,0x0000006778100000) (1024K)]
=>0x00000225277736c0 JavaThread "C2 CompilerThread1"         daemon [_thread_in_native, id=18500, stack(0x0000006778800000,0x0000006778900000) (1024K)]
Total: 13

Other Threads:
  0x00000224dfdef160 VMThread "VM Thread"                           [id=24932, stack(0x0000006777500000,0x0000006777600000) (1024K)]
  0x00000224dfddeaf0 WatcherThread "VM Periodic Task Thread"        [id=18508, stack(0x0000006777400000,0x0000006777500000) (1024K)]
  0x00000224c03ef0b0 WorkerThread "GC Thread#0"                     [id=21948, stack(0x0000006776f00000,0x0000006777000000) (1024K)]
  0x0000022525ae70a0 WorkerThread "GC Thread#1"                     [id=26216, stack(0x0000006778100000,0x0000006778200000) (1024K)]
  0x0000022525ae7440 WorkerThread "GC Thread#2"                     [id=19500, stack(0x0000006778200000,0x0000006778300000) (1024K)]
  0x0000022525ad74e0 WorkerThread "GC Thread#3"                     [id=30164, stack(0x0000006778300000,0x0000006778400000) (1024K)]
  0x0000022525ad8420 WorkerThread "GC Thread#4"                     [id=30304, stack(0x0000006778400000,0x0000006778500000) (1024K)]
  0x0000022525ce46c0 WorkerThread "GC Thread#5"                     [id=13704, stack(0x0000006778500000,0x0000006778600000) (1024K)]
  0x0000022525ce4a60 WorkerThread "GC Thread#6"                     [id=376, stack(0x0000006778600000,0x0000006778700000) (1024K)]
  0x0000022525ca4040 WorkerThread "GC Thread#7"                     [id=14852, stack(0x0000006778700000,0x0000006778800000) (1024K)]
  0x00000224c03fb7d0 ConcurrentGCThread "G1 Main Marker"            [id=14108, stack(0x0000006777000000,0x0000006777100000) (1024K)]
  0x00000224c03fc2d0 WorkerThread "G1 Conc#0"                       [id=13584, stack(0x0000006777100000,0x0000006777200000) (1024K)]
  0x0000022525e55270 WorkerThread "G1 Conc#1"                       [id=4532, stack(0x0000006778900000,0x0000006778a00000) (1024K)]
  0x00000224dfcb0090 ConcurrentGCThread "G1 Refine#0"               [id=15564, stack(0x0000006777200000,0x0000006777300000) (1024K)]
  0x00000224dfcb0c00 ConcurrentGCThread "G1 Service"                [id=7276, stack(0x0000006777300000,0x0000006777400000) (1024K)]
Total: 15

Threads with active compile tasks:
C2 CompilerThread1    35746 5512   !   4       jdk.internal.loader.BuiltinClassLoader::loadClassOrNull (143 bytes)
Total: 1

VM state: not at safepoint (normal execution)

VM Mutex/Monitor currently owned by a thread: None

Heap address: 0x0000000748c00000, size: 2932 MB, Compressed Oops mode: Zero based, Oop shift amount: 3

CDS archive(s) mapped at: [0x00000224e0000000-0x00000224e0c90000-0x00000224e0c90000), size 13172736, SharedBaseAddress: 0x00000224e0000000, ArchiveRelocationMode: 1.
Compressed class space mapped at: 0x00000224e1000000-0x0000022521000000, reserved size: 1073741824
Narrow klass base: 0x00000224e0000000, Narrow klass shift: 0, Narrow klass range: 0x100000000

GC Precious Log:
 CardTable entry size: 512
 Card Set container configuration: InlinePtr #cards 4 size 8 Array Of Cards #cards 16 size 48 Howl #buckets 8 coarsen threshold 3686 Howl Bitmap #cards 512 size 80 coarsen threshold 460 Card regions per heap region 1 cards per card region 4096
 CPUs: 8 total, 8 available
 Memory: 11723M
 Large Page Support: Disabled
 NUMA Support: Disabled
 Compressed Oops: Enabled (Zero based)
 Heap Region Size: 2M
 Heap Min Capacity: 8M
 Heap Initial Capacity: 184M
 Heap Max Capacity: 2932M
 Pre-touch: Disabled
 Parallel Workers: 8
 Concurrent Workers: 2
 Concurrent Refinement Workers: 8
 Periodic GC: Disabled

Heap:
 garbage-first heap   total 110592K, used 27727K [0x0000000748c00000, 0x0000000800000000)
  region size 2048K, 6 young (12288K), 5 survivors (10240K)
 Metaspace       used 22622K, committed 22912K, reserved 1114112K
  class space    used 2568K, committed 2688K, reserved 1048576K

Heap Regions: E=young(eden), S=young(survivor), O=old, HS=humongous(starts), HC=humongous(continues), CS=collection set, F=free, TAMS=top-at-mark-start, PB=parsable bottom
|   0|0x0000000748c00000, 0x0000000748e00000, 0x0000000748e00000|100%| O|  |TAMS 0x0000000748c00000| PB 0x0000000748c00000| Untracked 
|   1|0x0000000748e00000, 0x0000000749000000, 0x0000000749000000|100%| O|  |TAMS 0x0000000748e00000| PB 0x0000000748e00000| Untracked 
|   2|0x0000000749000000, 0x0000000749000000, 0x0000000749200000|  0%| F|  |TAMS 0x0000000749000000| PB 0x0000000749000000| Untracked 
|   3|0x0000000749200000, 0x0000000749200000, 0x0000000749400000|  0%| F|  |TAMS 0x0000000749200000| PB 0x0000000749200000| Untracked 
|   4|0x0000000749400000, 0x0000000749400000, 0x0000000749600000|  0%| F|  |TAMS 0x0000000749400000| PB 0x0000000749400000| Untracked 
|   5|0x0000000749600000, 0x0000000749600000, 0x0000000749800000|  0%| F|  |TAMS 0x0000000749600000| PB 0x0000000749600000| Untracked 
|   6|0x0000000749800000, 0x0000000749800000, 0x0000000749a00000|  0%| F|  |TAMS 0x0000000749800000| PB 0x0000000749800000| Untracked 
|   7|0x0000000749a00000, 0x0000000749a00000, 0x0000000749c00000|  0%| F|  |TAMS 0x0000000749a00000| PB 0x0000000749a00000| Untracked 
|   8|0x0000000749c00000, 0x0000000749c00000, 0x0000000749e00000|  0%| F|  |TAMS 0x0000000749c00000| PB 0x0000000749c00000| Untracked 
|   9|0x0000000749e00000, 0x0000000749e00000, 0x000000074a000000|  0%| F|  |TAMS 0x0000000749e00000| PB 0x0000000749e00000| Untracked 
|  10|0x000000074a000000, 0x000000074a000000, 0x000000074a200000|  0%| F|  |TAMS 0x000000074a000000| PB 0x000000074a000000| Untracked 
|  11|0x000000074a200000, 0x000000074a200000, 0x000000074a400000|  0%| F|  |TAMS 0x000000074a200000| PB 0x000000074a200000| Untracked 
|  12|0x000000074a400000, 0x000000074a400000, 0x000000074a600000|  0%| F|  |TAMS 0x000000074a400000| PB 0x000000074a400000| Untracked 
|  13|0x000000074a600000, 0x000000074a600000, 0x000000074a800000|  0%| F|  |TAMS 0x000000074a600000| PB 0x000000074a600000| Untracked 
|  14|0x000000074a800000, 0x000000074a800000, 0x000000074aa00000|  0%| F|  |TAMS 0x000000074a800000| PB 0x000000074a800000| Untracked 
|  15|0x000000074aa00000, 0x000000074aa00000, 0x000000074ac00000|  0%| F|  |TAMS 0x000000074aa00000| PB 0x000000074aa00000| Untracked 
|  16|0x000000074ac00000, 0x000000074ac00000, 0x000000074ae00000|  0%| F|  |TAMS 0x000000074ac00000| PB 0x000000074ac00000| Untracked 
|  17|0x000000074ae00000, 0x000000074ae00000, 0x000000074b000000|  0%| F|  |TAMS 0x000000074ae00000| PB 0x000000074ae00000| Untracked 
|  18|0x000000074b000000, 0x000000074b000000, 0x000000074b200000|  0%| F|  |TAMS 0x000000074b000000| PB 0x000000074b000000| Untracked 
|  19|0x000000074b200000, 0x000000074b200000, 0x000000074b400000|  0%| F|  |TAMS 0x000000074b200000| PB 0x000000074b200000| Untracked 
|  20|0x000000074b400000, 0x000000074b600000, 0x000000074b600000|100%|HS|  |TAMS 0x000000074b400000| PB 0x000000074b400000| Complete 
|  21|0x000000074b600000, 0x000000074b800000, 0x000000074b800000|100%|HC|  |TAMS 0x000000074b600000| PB 0x000000074b600000| Complete 
|  22|0x000000074b800000, 0x000000074ba00000, 0x000000074ba00000|100%| O|  |TAMS 0x000000074b800000| PB 0x000000074b800000| Untracked 
|  23|0x000000074ba00000, 0x000000074bc00000, 0x000000074bc00000|100%| O|  |TAMS 0x000000074ba00000| PB 0x000000074ba00000| Untracked 
|  24|0x000000074bc00000, 0x000000074be00000, 0x000000074be00000|100%| O|  |TAMS 0x000000074bc00000| PB 0x000000074bc00000| Untracked 
|  25|0x000000074be00000, 0x000000074c000000, 0x000000074c000000|100%| O|  |TAMS 0x000000074be00000| PB 0x000000074be00000| Untracked 
|  26|0x000000074c000000, 0x000000074c200000, 0x000000074c200000|100%| O|  |TAMS 0x000000074c000000| PB 0x000000074c000000| Untracked 
|  27|0x000000074c200000, 0x000000074c232000, 0x000000074c400000|  9%| O|Cm|TAMS 0x000000074c200000| PB 0x000000074c200000| Complete 
|  28|0x000000074c400000, 0x000000074c400000, 0x000000074c600000|  0%| F|  |TAMS 0x000000074c400000| PB 0x000000074c400000| Untracked 
|  29|0x000000074c600000, 0x000000074c600000, 0x000000074c800000|  0%| F|  |TAMS 0x000000074c600000| PB 0x000000074c600000| Untracked 
|  30|0x000000074c800000, 0x000000074c800000, 0x000000074ca00000|  0%| F|  |TAMS 0x000000074c800000| PB 0x000000074c800000| Untracked 
|  31|0x000000074ca00000, 0x000000074ca00000, 0x000000074cc00000|  0%| F|  |TAMS 0x000000074ca00000| PB 0x000000074ca00000| Untracked 
|  32|0x000000074cc00000, 0x000000074cc00000, 0x000000074ce00000|  0%| F|  |TAMS 0x000000074cc00000| PB 0x000000074cc00000| Untracked 
|  33|0x000000074ce00000, 0x000000074ce00000, 0x000000074d000000|  0%| F|  |TAMS 0x000000074ce00000| PB 0x000000074ce00000| Untracked 
|  34|0x000000074d000000, 0x000000074d000000, 0x000000074d200000|  0%| F|  |TAMS 0x000000074d000000| PB 0x000000074d000000| Untracked 
|  35|0x000000074d200000, 0x000000074d200000, 0x000000074d400000|  0%| F|  |TAMS 0x000000074d200000| PB 0x000000074d200000| Untracked 
|  36|0x000000074d400000, 0x000000074d400000, 0x000000074d600000|  0%| F|  |TAMS 0x000000074d400000| PB 0x000000074d400000| Untracked 
|  37|0x000000074d600000, 0x000000074d600000, 0x000000074d800000|  0%| F|  |TAMS 0x000000074d600000| PB 0x000000074d600000| Untracked 
|  38|0x000000074d800000, 0x000000074d800000, 0x000000074da00000|  0%| F|  |TAMS 0x000000074d800000| PB 0x000000074d800000| Untracked 
|  39|0x000000074da00000, 0x000000074da00000, 0x000000074dc00000|  0%| F|  |TAMS 0x000000074da00000| PB 0x000000074da00000| Untracked 
|  40|0x000000074dc00000, 0x000000074dc00000, 0x000000074de00000|  0%| F|  |TAMS 0x000000074dc00000| PB 0x000000074dc00000| Untracked 
|  41|0x000000074de00000, 0x000000074de00000, 0x000000074e000000|  0%| F|  |TAMS 0x000000074de00000| PB 0x000000074de00000| Untracked 
|  42|0x000000074e000000, 0x000000074e000000, 0x000000074e200000|  0%| F|  |TAMS 0x000000074e000000| PB 0x000000074e000000| Untracked 
|  43|0x000000074e200000, 0x000000074e200000, 0x000000074e400000|  0%| F|  |TAMS 0x000000074e200000| PB 0x000000074e200000| Untracked 
|  44|0x000000074e400000, 0x000000074e400000, 0x000000074e600000|  0%| F|  |TAMS 0x000000074e400000| PB 0x000000074e400000| Untracked 
|  45|0x000000074e600000, 0x000000074e600000, 0x000000074e800000|  0%| F|  |TAMS 0x000000074e600000| PB 0x000000074e600000| Untracked 
|  46|0x000000074e800000, 0x000000074e800000, 0x000000074ea00000|  0%| F|  |TAMS 0x000000074e800000| PB 0x000000074e800000| Untracked 
|  47|0x000000074ea00000, 0x000000074ea00000, 0x000000074ec00000|  0%| F|  |TAMS 0x000000074ea00000| PB 0x000000074ea00000| Untracked 
|  84|0x0000000753400000, 0x00000007534e1c78, 0x0000000753600000| 44%| S|CS|TAMS 0x0000000753400000| PB 0x0000000753400000| Complete 
|  85|0x0000000753600000, 0x0000000753800000, 0x0000000753800000|100%| S|CS|TAMS 0x0000000753600000| PB 0x0000000753600000| Complete 
|  86|0x0000000753800000, 0x0000000753a00000, 0x0000000753a00000|100%| S|CS|TAMS 0x0000000753800000| PB 0x0000000753800000| Complete 
|  87|0x0000000753a00000, 0x0000000753c00000, 0x0000000753c00000|100%| S|CS|TAMS 0x0000000753a00000| PB 0x0000000753a00000| Complete 
|  88|0x0000000753c00000, 0x0000000753e00000, 0x0000000753e00000|100%| S|CS|TAMS 0x0000000753c00000| PB 0x0000000753c00000| Complete 
|  91|0x0000000754200000, 0x0000000754346510, 0x0000000754400000| 63%| E|  |TAMS 0x0000000754200000| PB 0x0000000754200000| Complete 

Card table byte_map: [0x00000224da090000,0x00000224da650000] _byte_map_base: 0x00000224d664a000

Marking Bits: (CMBitMap*) 0x00000224c03ef7b0
 Bits: [0x00000224da650000, 0x00000224dd420000)

Polling page: 0x00000224c02a0000

Metaspace:

Usage:
  Non-class:     19.66 MB used.
      Class:      2.51 MB used.
       Both:     22.18 MB used.

Virtual space:
  Non-class space:       64.00 MB reserved,      19.81 MB ( 31%) committed,  1 nodes.
      Class space:        1.00 GB reserved,       2.62 MB ( <1%) committed,  1 nodes.
             Both:        1.06 GB reserved,      22.44 MB (  2%) committed. 

Chunk freelists:
   Non-Class:  12.16 MB
       Class:  13.25 MB
        Both:  25.41 MB

MaxMetaspaceSize: unlimited
CompressedClassSpaceSize: 1.00 GB
Initial GC threshold: 21.00 MB
Current GC threshold: 35.12 MB
CDS: on
 - commit_granule_bytes: 65536.
 - commit_granule_words: 8192.
 - virtual_space_node_default_size: 8388608.
 - enlarge_chunks_in_place: 1.
 - use_allocation_guard: 0.


Internal statistics:

num_allocs_failed_limit: 3.
num_arena_births: 218.
num_arena_deaths: 0.
num_vsnodes_births: 2.
num_vsnodes_deaths: 0.
num_space_committed: 359.
num_space_uncommitted: 0.
num_chunks_returned_to_freelist: 3.
num_chunks_taken_from_freelist: 991.
num_chunk_merges: 3.
num_chunk_splits: 713.
num_chunks_enlarged: 578.
num_inconsistent_stats: 0.

CodeHeap 'non-profiled nmethods': size=120000Kb used=3082Kb max_used=3082Kb free=116917Kb
 bounds [0x00000224d1b40000, 0x00000224d1e50000, 0x00000224d9070000]
CodeHeap 'profiled nmethods': size=120000Kb used=12107Kb max_used=12107Kb free=107892Kb
 bounds [0x00000224ca070000, 0x00000224cac50000, 0x00000224d15a0000]
CodeHeap 'non-nmethods': size=5760Kb used=1432Kb max_used=1463Kb free=4327Kb
 bounds [0x00000224d15a0000, 0x00000224d1810000, 0x00000224d1b40000]
 total_blobs=6032 nmethods=5512 adapters=424
 compilation: enabled
              stopped_count=0, restarted_count=0
 full_count=0

Compilation events (20 events):
Event: 35.453 Thread 0x00000224dfe187c0 5518   !   3       jdk.internal.jimage.BasicImageReader::getResourceBuffer (203 bytes)
Event: 35.455 Thread 0x00000224dfe187c0 nmethod 5518 0x00000224cac3d010 code [0x00000224cac3d420, 0x00000224cac3ebc0]
Event: 35.455 Thread 0x00000224dfe187c0 5519       3       java.nio.MappedByteBuffer::<init> (24 bytes)
Event: 35.455 Thread 0x00000224dfe187c0 nmethod 5519 0x00000224cac3f690 code [0x00000224cac3f840, 0x00000224cac3f9f8]
Event: 35.455 Thread 0x00000224dfe187c0 5520       3       java.lang.ClassLoader::defineClass (108 bytes)
Event: 35.457 Thread 0x00000224dfe187c0 nmethod 5520 0x00000224cac3fa90 code [0x00000224cac3fda0, 0x00000224cac40da0]
Event: 35.457 Thread 0x00000224dfe187c0 5521       3       java.security.SecureClassLoader::defineClass (12 bytes)
Event: 35.457 Thread 0x00000224dfe187c0 nmethod 5521 0x00000224cac41390 code [0x00000224cac41540, 0x00000224cac416d8]
Event: 35.457 Thread 0x00000224dfe187c0 5522       3       jdk.internal.module.SystemModuleFinders$SystemModuleReader::release (10 bytes)
Event: 35.457 Thread 0x00000224dfe187c0 nmethod 5522 0x00000224cac41790 code [0x00000224cac41980, 0x00000224cac41df8]
Event: 35.457 Thread 0x00000224dfe187c0 5523       3       jdk.internal.jimage.ImageReader::releaseByteBuffer (5 bytes)
Event: 35.458 Thread 0x00000224dfe187c0 nmethod 5523 0x00000224cac41f90 code [0x00000224cac42160, 0x00000224cac42418]
Event: 35.474 Thread 0x00000224dfe14210 5524       4       jdk.internal.jimage.BasicImageReader::match (37 bytes)
Event: 35.482 Thread 0x00000224dfe14210 nmethod 5524 0x00000224d1e40b10 code [0x00000224d1e40ce0, 0x00000224d1e41180]
Event: 35.603 Thread 0x00000224dfe187c0 5525       3       jdk.internal.org.objectweb.asm.SymbolTable::putBootstrapMethods (56 bytes)
Event: 35.603 Thread 0x00000224dfe187c0 nmethod 5525 0x00000224cac42510 code [0x00000224cac42720, 0x00000224cac42a50]
Event: 35.682 Thread 0x00000224dfe14210 5526       4       jdk.internal.jimage.BasicImageReader::getLocationIndex (52 bytes)
Event: 35.697 Thread 0x00000224dfe14210 nmethod 5526 0x00000224d1e41610 code [0x00000224d1e41840, 0x00000224d1e42170]
Event: 35.697 Thread 0x00000224dfe187c0 5527       3       com.sun.tools.javac.util.List::nil (4 bytes)
Event: 35.697 Thread 0x00000224dfe187c0 nmethod 5527 0x00000224cac42c10 code [0x00000224cac42da0, 0x00000224cac42e98]

GC Heap History (10 events):
Event: 8.101 GC heap before
{Heap before GC invocations=0 (full 0):
 garbage-first heap   total 188416K, used 22528K [0x0000000748c00000, 0x0000000800000000)
  region size 2048K, 11 young (22528K), 0 survivors (0K)
 Metaspace       used 5614K, committed 5824K, reserved 1114112K
  class space    used 645K, committed 768K, reserved 1048576K
}
Event: 9.643 GC heap after
{Heap after GC invocations=1 (full 0):
 garbage-first heap   total 188416K, used 3840K [0x0000000748c00000, 0x0000000800000000)
  region size 2048K, 2 young (4096K), 2 survivors (4096K)
 Metaspace       used 5614K, committed 5824K, reserved 1114112K
  class space    used 645K, committed 768K, reserved 1048576K
}
Event: 13.388 GC heap before
{Heap before GC invocations=1 (full 0):
 garbage-first heap   total 188416K, used 34560K [0x0000000748c00000, 0x0000000800000000)
  region size 2048K, 17 young (34816K), 2 survivors (4096K)
 Metaspace       used 9494K, committed 9728K, reserved 1114112K
  class space    used 1107K, committed 1216K, reserved 1048576K
}
Event: 13.395 GC heap after
{Heap after GC invocations=2 (full 0):
 garbage-first heap   total 188416K, used 5394K [0x0000000748c00000, 0x0000000800000000)
  region size 2048K, 1 young (2048K), 1 survivors (2048K)
 Metaspace       used 9494K, committed 9728K, reserved 1114112K
  class space    used 1107K, committed 1216K, reserved 1048576K
}
Event: 26.228 GC heap before
{Heap before GC invocations=2 (full 0):
 garbage-first heap   total 188416K, used 115986K [0x0000000748c00000, 0x0000000800000000)
  region size 2048K, 55 young (112640K), 1 survivors (2048K)
 Metaspace       used 16450K, committed 16768K, reserved 1114112K
  class space    used 1852K, committed 1984K, reserved 1048576K
}
Event: 26.249 GC heap after
{Heap after GC invocations=3 (full 0):
 garbage-first heap   total 188416K, used 15883K [0x0000000748c00000, 0x0000000800000000)
  region size 2048K, 6 young (12288K), 6 survivors (12288K)
 Metaspace       used 16450K, committed 16768K, reserved 1114112K
  class space    used 1852K, committed 1984K, reserved 1048576K
}
Event: 35.090 GC heap before
{Heap before GC invocations=3 (full 0):
 garbage-first heap   total 188416K, used 155147K [0x0000000748c00000, 0x0000000800000000)
  region size 2048K, 55 young (112640K), 6 survivors (12288K)
 Metaspace       used 20694K, committed 20992K, reserved 1114112K
  class space    used 2301K, committed 2432K, reserved 1048576K
}
Event: 35.111 GC heap after
{Heap after GC invocations=4 (full 0):
 garbage-first heap   total 188416K, used 28668K [0x0000000748c00000, 0x0000000800000000)
  region size 2048K, 3 young (6144K), 3 survivors (6144K)
 Metaspace       used 20694K, committed 20992K, reserved 1114112K
  class space    used 2301K, committed 2432K, reserved 1048576K
}
Event: 35.363 GC heap before
{Heap before GC invocations=4 (full 0):
 garbage-first heap   total 188416K, used 32764K [0x0000000748c00000, 0x0000000800000000)
  region size 2048K, 6 young (12288K), 3 survivors (6144K)
 Metaspace       used 21242K, committed 21504K, reserved 1114112K
  class space    used 2380K, committed 2496K, reserved 1048576K
}
Event: 35.373 GC heap after
{Heap after GC invocations=5 (full 0):
 garbage-first heap   total 188416K, used 27727K [0x0000000748c00000, 0x0000000800000000)
  region size 2048K, 5 young (10240K), 5 survivors (10240K)
 Metaspace       used 21242K, committed 21504K, reserved 1114112K
  class space    used 2380K, committed 2496K, reserved 1048576K
}

Dll operation events (8 events):
Event: 0.076 Loaded shared library C:\Program Files\Java\jdk-21\bin\java.dll
Event: 0.463 Loaded shared library C:\Program Files\Java\jdk-21\bin\jsvml.dll
Event: 0.510 Loaded shared library C:\Program Files\Java\jdk-21\bin\net.dll
Event: 0.521 Loaded shared library C:\Program Files\Java\jdk-21\bin\nio.dll
Event: 0.529 Loaded shared library C:\Program Files\Java\jdk-21\bin\zip.dll
Event: 2.035 Loaded shared library C:\Users\2oleg\Downloads\apache-maven-3.9.11-bin\apache-maven-3.9.11\lib\jansi-native\Windows\x86_64\jansi.dll
Event: 2.065 Loaded shared library C:\Program Files\Java\jdk-21\bin\verify.dll
Event: 2.136 Loaded shared library C:\Program Files\Java\jdk-21\bin\jimage.dll

Deoptimization events (20 events):
Event: 35.083 Thread 0x00000224c03a3600 DEOPT PACKING pc=0x00000224d1e29c90 sp=0x0000006776efd440
Event: 35.083 Thread 0x00000224c03a3600 DEOPT UNPACKING pc=0x00000224d15f46a2 sp=0x0000006776efd3e8 mode 2
Event: 35.178 Thread 0x00000224c03a3600 DEOPT PACKING pc=0x00000224cab193f8 sp=0x0000006776efd4f0
Event: 35.178 Thread 0x00000224c03a3600 DEOPT UNPACKING pc=0x00000224d15f4e42 sp=0x0000006776efc968 mode 0
Event: 35.178 Thread 0x00000224c03a3600 Uncommon trap: trap_request=0xffffffbe fr.pc=0x00000224d1e2e834 relative=0x0000000000000294
Event: 35.178 Thread 0x00000224c03a3600 Uncommon trap: reason=profile_predicate action=maybe_recompile pc=0x00000224d1e2e834 method=java.util.LinkedHashMap.valuesToArray([Ljava/lang/Object;Z)[Ljava/lang/Object; @ 51 c2
Event: 35.178 Thread 0x00000224c03a3600 DEOPT PACKING pc=0x00000224d1e2e834 sp=0x0000006776efd4c0
Event: 35.178 Thread 0x00000224c03a3600 DEOPT UNPACKING pc=0x00000224d15f46a2 sp=0x0000006776efd478 mode 2
Event: 35.178 Thread 0x00000224c03a3600 Uncommon trap: trap_request=0xffffffbe fr.pc=0x00000224d1e2e834 relative=0x0000000000000294
Event: 35.178 Thread 0x00000224c03a3600 Uncommon trap: reason=profile_predicate action=maybe_recompile pc=0x00000224d1e2e834 method=java.util.LinkedHashMap.valuesToArray([Ljava/lang/Object;Z)[Ljava/lang/Object; @ 51 c2
Event: 35.178 Thread 0x00000224c03a3600 DEOPT PACKING pc=0x00000224d1e2e834 sp=0x0000006776efd4c0
Event: 35.178 Thread 0x00000224c03a3600 DEOPT UNPACKING pc=0x00000224d15f46a2 sp=0x0000006776efd478 mode 2
Event: 35.178 Thread 0x00000224c03a3600 Uncommon trap: trap_request=0xffffffbe fr.pc=0x00000224d1e2e834 relative=0x0000000000000294
Event: 35.178 Thread 0x00000224c03a3600 Uncommon trap: reason=profile_predicate action=maybe_recompile pc=0x00000224d1e2e834 method=java.util.LinkedHashMap.valuesToArray([Ljava/lang/Object;Z)[Ljava/lang/Object; @ 51 c2
Event: 35.178 Thread 0x00000224c03a3600 DEOPT PACKING pc=0x00000224d1e2e834 sp=0x0000006776efd4c0
Event: 35.178 Thread 0x00000224c03a3600 DEOPT UNPACKING pc=0x00000224d15f46a2 sp=0x0000006776efd478 mode 2
Event: 35.179 Thread 0x00000224c03a3600 Uncommon trap: trap_request=0xffffffbe fr.pc=0x00000224d1e2e834 relative=0x0000000000000294
Event: 35.179 Thread 0x00000224c03a3600 Uncommon trap: reason=profile_predicate action=maybe_recompile pc=0x00000224d1e2e834 method=java.util.LinkedHashMap.valuesToArray([Ljava/lang/Object;Z)[Ljava/lang/Object; @ 51 c2
Event: 35.179 Thread 0x00000224c03a3600 DEOPT PACKING pc=0x00000224d1e2e834 sp=0x0000006776efd4c0
Event: 35.179 Thread 0x00000224c03a3600 DEOPT UNPACKING pc=0x00000224d15f46a2 sp=0x0000006776efd478 mode 2

Classes loaded (20 events):
Event: 34.893 Loading class java/nio/file/attribute/AclFileAttributeView
Event: 34.893 Loading class java/nio/file/attribute/FileOwnerAttributeView
Event: 34.893 Loading class java/nio/file/attribute/FileOwnerAttributeView done
Event: 34.893 Loading class java/nio/file/attribute/AclFileAttributeView done
Event: 34.893 Loading class sun/nio/fs/AbstractAclFileAttributeView done
Event: 34.893 Loading class sun/nio/fs/WindowsAclFileAttributeView done
Event: 34.894 Loading class sun/nio/fs/WindowsSecurity
Event: 34.894 Loading class sun/nio/fs/WindowsSecurity done
Event: 34.902 Loading class java/nio/file/attribute/PosixFileAttributeView
Event: 34.902 Loading class java/nio/file/attribute/PosixFileAttributeView done
Event: 35.053 Loading class java/nio/file/ClosedDirectoryStreamException
Event: 35.053 Loading class java/nio/file/ClosedDirectoryStreamException done
Event: 35.053 Loading class java/nio/file/DirectoryIteratorException
Event: 35.053 Loading class java/nio/file/DirectoryIteratorException done
Event: 35.072 Loading class java/util/TreeMap$KeySpliterator
Event: 35.073 Loading class java/util/TreeMap$TreeMapSpliterator
Event: 35.074 Loading class java/util/TreeMap$TreeMapSpliterator done
Event: 35.074 Loading class java/util/TreeMap$KeySpliterator done
Event: 35.269 Loading class java/util/regex/PatternSyntaxException
Event: 35.269 Loading class java/util/regex/PatternSyntaxException done

Classes unloaded (0 events):
No events

Classes redefined (0 events):
No events

Internal exceptions (20 events):
Event: 31.060 Thread 0x00000224c03a3600 Exception <a 'java/lang/NoSuchMethodError'{0x000000075064e4c0}: 'int java.lang.invoke.DirectMethodHandle$Holder.invokeVirtual(java.lang.Object, java.lang.Object)'> (0x000000075064e4c0) 
thrown [s\open\src\hotspot\share\interpreter\linkResolver.cpp, line 773]
Event: 31.112 Thread 0x00000224c03a3600 Exception <a 'java/lang/NoSuchMethodError'{0x00000007507765f0}: 'void java.lang.invoke.Invokers$Holder.invokeExact_MT(java.lang.Object, java.lang.Object, int, java.lang.Object)'> (0x00000007507765f0) 
thrown [s\open\src\hotspot\share\interpreter\linkResolver.cpp, line 773]
Event: 32.086 Thread 0x00000224c03a3600 Exception <a 'sun/nio/fs/WindowsException'{0x000000075038e820}> (0x000000075038e820) 
thrown [s\open\src\hotspot\share\prims\jni.cpp, line 520]
Event: 32.086 Thread 0x00000224c03a3600 Exception <a 'sun/nio/fs/WindowsException'{0x000000075038ebc0}> (0x000000075038ebc0) 
thrown [s\open\src\hotspot\share\prims\jni.cpp, line 520]
Event: 32.089 Thread 0x00000224c03a3600 Exception <a 'sun/nio/fs/WindowsException'{0x00000007503b2158}> (0x00000007503b2158) 
thrown [s\open\src\hotspot\share\prims\jni.cpp, line 520]
Event: 32.089 Thread 0x00000224c03a3600 Exception <a 'sun/nio/fs/WindowsException'{0x00000007503b24e8}> (0x00000007503b24e8) 
thrown [s\open\src\hotspot\share\prims\jni.cpp, line 520]
Event: 32.091 Thread 0x00000224c03a3600 Exception <a 'sun/nio/fs/WindowsException'{0x00000007503d4830}> (0x00000007503d4830) 
thrown [s\open\src\hotspot\share\prims\jni.cpp, line 520]
Event: 32.091 Thread 0x00000224c03a3600 Exception <a 'sun/nio/fs/WindowsException'{0x00000007503d4b58}> (0x00000007503d4b58) 
thrown [s\open\src\hotspot\share\prims\jni.cpp, line 520]
Event: 32.094 Thread 0x00000224c03a3600 Exception <a 'sun/nio/fs/WindowsException'{0x000000075001f878}> (0x000000075001f878) 
thrown [s\open\src\hotspot\share\prims\jni.cpp, line 520]
Event: 32.094 Thread 0x00000224c03a3600 Exception <a 'sun/nio/fs/WindowsException'{0x000000075001fb58}> (0x000000075001fb58) 
thrown [s\open\src\hotspot\share\prims\jni.cpp, line 520]
Event: 32.444 Thread 0x00000224c03a3600 Exception <a 'sun/nio/fs/WindowsException'{0x000000074fc2bfe8}> (0x000000074fc2bfe8) 
thrown [s\open\src\hotspot\share\prims\jni.cpp, line 520]
Event: 32.444 Thread 0x00000224c03a3600 Exception <a 'sun/nio/fs/WindowsException'{0x000000074fc2c388}> (0x000000074fc2c388) 
thrown [s\open\src\hotspot\share\prims\jni.cpp, line 520]
Event: 32.451 Thread 0x00000224c03a3600 Exception <a 'sun/nio/fs/WindowsException'{0x000000074fc3ec10}> (0x000000074fc3ec10) 
thrown [s\open\src\hotspot\share\prims\jni.cpp, line 520]
Event: 32.451 Thread 0x00000224c03a3600 Exception <a 'sun/nio/fs/WindowsException'{0x000000074fc3ef10}> (0x000000074fc3ef10) 
thrown [s\open\src\hotspot\share\prims\jni.cpp, line 520]
Event: 33.643 Thread 0x00000224c03a3600 Exception <a 'java/lang/IncompatibleClassChangeError'{0x000000074f62aaa8}: Found class java.lang.Object, but interface was expected> (0x000000074f62aaa8) 
thrown [s\open\src\hotspot\share\interpreter\linkResolver.cpp, line 840]
Event: 33.645 Thread 0x00000224c03a3600 Exception <a 'java/lang/NoSuchMethodError'{0x000000074f6308b8}: 'void java.lang.invoke.DirectMethodHandle$Holder.invokeInterface(java.lang.Object, java.lang.Object, java.lang.Object)'> (0x000000074f6308b8) 
thrown [s\open\src\hotspot\share\interpreter\linkResolver.cpp, line 773]
Event: 34.123 Thread 0x00000224c03a3600 Exception <a 'java/lang/NoSuchMethodError'{0x000000074f7ed730}: 'int java.lang.invoke.DirectMethodHandle$Holder.invokeInterface(java.lang.Object, java.lang.Object)'> (0x000000074f7ed730) 
thrown [s\open\src\hotspot\share\interpreter\linkResolver.cpp, line 773]
Event: 34.651 Thread 0x00000224c03a3600 Exception <a 'java/lang/NoSuchMethodError'{0x000000074e6a7468}: 'int java.lang.invoke.DirectMethodHandle$Holder.invokeVirtual(java.lang.Object, java.lang.Object, java.lang.Object)'> (0x000000074e6a7468) 
thrown [s\open\src\hotspot\share\interpreter\linkResolver.cpp, line 773]
Event: 34.655 Thread 0x00000224c03a3600 Exception <a 'java/lang/NoSuchMethodError'{0x000000074e6b41e0}: 'int java.lang.invoke.DirectMethodHandle$Holder.invokeStaticInit(java.lang.Object, java.lang.Object, java.lang.Object)'> (0x000000074e6b41e0) 
thrown [s\open\src\hotspot\share\interpreter\linkResolver.cpp, line 773]
Event: 35.285 Thread 0x00000224c03a3600 Exception <a 'sun/nio/fs/WindowsException'{0x0000000753e8fed8}> (0x0000000753e8fed8) 
thrown [s\open\src\hotspot\share\prims\jni.cpp, line 520]

ZGC Phase Switch (0 events):
No events

VM Operations (20 events):
Event: 34.131 Executing VM operation: HandshakeAllThreads (Deoptimize)
Event: 34.131 Executing VM operation: HandshakeAllThreads (Deoptimize) done
Event: 34.679 Executing VM operation: HandshakeAllThreads (Deoptimize)
Event: 34.880 Executing VM operation: HandshakeAllThreads (Deoptimize) done
Event: 34.880 Executing VM operation: Cleanup
Event: 34.880 Executing VM operation: Cleanup done
Event: 34.887 Executing VM operation: HandshakeAllThreads (Deoptimize)
Event: 34.887 Executing VM operation: HandshakeAllThreads (Deoptimize) done
Event: 34.899 Executing VM operation: HandshakeAllThreads (Deoptimize)
Event: 34.899 Executing VM operation: HandshakeAllThreads (Deoptimize) done
Event: 34.902 Executing VM operation: HandshakeAllThreads (Deoptimize)
Event: 34.902 Executing VM operation: HandshakeAllThreads (Deoptimize) done
Event: 35.090 Executing VM operation: G1CollectForAllocation (G1 Evacuation Pause)
Event: 35.111 Executing VM operation: G1CollectForAllocation (G1 Evacuation Pause) done
Event: 35.363 Executing VM operation: CollectForMetadataAllocation (Metadata GC Threshold)
Event: 35.373 Executing VM operation: CollectForMetadataAllocation (Metadata GC Threshold) done
Event: 35.433 Executing VM operation: G1PauseRemark
Event: 35.445 Executing VM operation: G1PauseRemark done
Event: 35.453 Executing VM operation: G1PauseCleanup
Event: 35.455 Executing VM operation: G1PauseCleanup done

Events (17 events):
Event: 0.152 Thread 0x00000224c03a3600 Thread added: 0x00000224c03a3600
Event: 0.239 Thread 0x00000224dfe09a70 Thread added: 0x00000224dfe09a70
Event: 0.239 Thread 0x00000224dfe0a870 Thread added: 0x00000224dfe0a870
Event: 0.239 Thread 0x00000224dfe0d580 Thread added: 0x00000224dfe0d580
Event: 0.239 Thread 0x00000224dfe0dfd0 Thread added: 0x00000224dfe0dfd0
Event: 0.240 Thread 0x00000224dfe10a30 Thread added: 0x00000224dfe10a30
Event: 0.240 Thread 0x00000224dfe11480 Thread added: 0x00000224dfe11480
Event: 0.240 Thread 0x00000224dfe14210 Thread added: 0x00000224dfe14210
Event: 0.306 Thread 0x00000224dfe187c0 Thread added: 0x00000224dfe187c0
Event: 0.493 Thread 0x000002252506b960 Thread added: 0x000002252506b960
Event: 0.501 Thread 0x0000022525090150 Thread added: 0x0000022525090150
Event: 2.030 Thread 0x0000022525513d20 Thread added: 0x0000022525513d20
Event: 5.676 Thread 0x0000022525513d20 Thread exited: 0x0000022525513d20
Event: 7.669 Thread 0x000002252539d560 Thread added: 0x000002252539d560
Event: 9.957 Thread 0x000002252539d560 Thread exited: 0x000002252539d560
Event: 17.075 Thread 0x0000022526455d40 Thread added: 0x0000022526455d40
Event: 34.432 Thread 0x00000225277736c0 Thread added: 0x00000225277736c0


Dynamic libraries:
0x00007ff6a5e00000 - 0x00007ff6a5e10000 	C:\Program Files\Java\jdk-21\bin\java.exe
0x00007ff9f5930000 - 0x00007ff9f5b28000 	C:\WINDOWS\SYSTEM32\ntdll.dll
0x00007ff9f5400000 - 0x00007ff9f54c2000 	C:\WINDOWS\System32\KERNEL32.DLL
0x00007ff9f3130000 - 0x00007ff9f3426000 	C:\WINDOWS\System32\KERNELBASE.dll
0x00007ff9e2e70000 - 0x00007ff9e2e89000 	C:\Program Files\Java\jdk-21\bin\jli.dll
0x00007ff9e2dc0000 - 0x00007ff9e2ddb000 	C:\Program Files\Java\jdk-21\bin\VCRUNTIME140.dll
0x00007ff9f3da0000 - 0x00007ff9f3e51000 	C:\WINDOWS\System32\ADVAPI32.dll
0x00007ff9f5820000 - 0x00007ff9f58be000 	C:\WINDOWS\System32\msvcrt.dll
0x00007ff9f4800000 - 0x00007ff9f489f000 	C:\WINDOWS\System32\sechost.dll
0x00007ff9f3c10000 - 0x00007ff9f3d30000 	C:\WINDOWS\System32\RPCRT4.dll
0x00007ff9f3560000 - 0x00007ff9f3587000 	C:\WINDOWS\System32\bcrypt.dll
0x00007ff9f3f40000 - 0x00007ff9f40e1000 	C:\WINDOWS\System32\USER32.dll
0x00007ff9f3100000 - 0x00007ff9f3122000 	C:\WINDOWS\System32\win32u.dll
0x00007ff9f47c0000 - 0x00007ff9f47eb000 	C:\WINDOWS\System32\GDI32.dll
0x00007ff9e4da0000 - 0x00007ff9e503b000 	C:\WINDOWS\WinSxS\amd64_microsoft.windows.common-controls_6595b64144ccf1df_6.0.19041.6456_none_60b8a6cb71f64256\COMCTL32.dll
0x00007ff9f2f90000 - 0x00007ff9f30a9000 	C:\WINDOWS\System32\gdi32full.dll
0x00007ff9f3590000 - 0x00007ff9f362d000 	C:\WINDOWS\System32\msvcp_win.dll
0x00007ff9ecd10000 - 0x00007ff9ecd1a000 	C:\WINDOWS\SYSTEM32\VERSION.dll
0x00007ff9f3820000 - 0x00007ff9f3920000 	C:\WINDOWS\System32\ucrtbase.dll
0x00007ff9f3f10000 - 0x00007ff9f3f3f000 	C:\WINDOWS\System32\IMM32.DLL
0x00007ff9e25a0000 - 0x00007ff9e25ac000 	C:\Program Files\Java\jdk-21\bin\vcruntime140_1.dll
0x00007ff9d12b0000 - 0x00007ff9d133e000 	C:\Program Files\Java\jdk-21\bin\msvcp140.dll
0x00007ff9a2110000 - 0x00007ff9a2e2a000 	C:\Program Files\Java\jdk-21\bin\server\jvm.dll
0x00007ff9f4210000 - 0x00007ff9f427b000 	C:\WINDOWS\System32\WS2_32.dll
0x00007ff9f2df0000 - 0x00007ff9f2e3b000 	C:\WINDOWS\SYSTEM32\POWRPROF.dll
0x00007ff9e0140000 - 0x00007ff9e0167000 	C:\WINDOWS\SYSTEM32\WINMM.dll
0x00007ff9f2dd0000 - 0x00007ff9f2de2000 	C:\WINDOWS\SYSTEM32\UMPDC.dll
0x00007ff9f0dc0000 - 0x00007ff9f0dd2000 	C:\WINDOWS\SYSTEM32\kernel.appcore.dll
0x00007ff9e2590000 - 0x00007ff9e259a000 	C:\Program Files\Java\jdk-21\bin\jimage.dll
0x00007ff9df840000 - 0x00007ff9dfa41000 	C:\WINDOWS\SYSTEM32\DBGHELP.DLL
0x00007ff9dd350000 - 0x00007ff9dd384000 	C:\WINDOWS\SYSTEM32\dbgcore.DLL
0x00007ff9f3630000 - 0x00007ff9f36b2000 	C:\WINDOWS\System32\bcryptPrimitives.dll
0x00007ff9e2280000 - 0x00007ff9e229f000 	C:\Program Files\Java\jdk-21\bin\java.dll
0x00007ff9f4930000 - 0x00007ff9f50a0000 	C:\WINDOWS\System32\SHELL32.dll
0x00007ff9f0fc0000 - 0x00007ff9f1765000 	C:\WINDOWS\SYSTEM32\windows.storage.dll
0x00007ff9f50a0000 - 0x00007ff9f53f4000 	C:\WINDOWS\System32\combase.dll
0x00007ff9f28e0000 - 0x00007ff9f290b000 	C:\WINDOWS\SYSTEM32\Wldp.dll
0x00007ff9f46f0000 - 0x00007ff9f47bd000 	C:\WINDOWS\System32\OLEAUT32.dll
0x00007ff9f3920000 - 0x00007ff9f39cd000 	C:\WINDOWS\System32\SHCORE.dll
0x00007ff9f57c0000 - 0x00007ff9f581b000 	C:\WINDOWS\System32\shlwapi.dll
0x00007ff9f2ec0000 - 0x00007ff9f2ee4000 	C:\WINDOWS\SYSTEM32\profapi.dll
0x00007ff9c1e40000 - 0x00007ff9c1f17000 	C:\Program Files\Java\jdk-21\bin\jsvml.dll
0x00007ff9e2270000 - 0x00007ff9e2280000 	C:\Program Files\Java\jdk-21\bin\net.dll
0x00007ff9ec950000 - 0x00007ff9eca5a000 	C:\WINDOWS\SYSTEM32\WINHTTP.dll
0x00007ff9f25f0000 - 0x00007ff9f265a000 	C:\WINDOWS\system32\mswsock.dll
0x00007ff9e0dd0000 - 0x00007ff9e0de6000 	C:\Program Files\Java\jdk-21\bin\nio.dll
0x00007ff9e09b0000 - 0x00007ff9e09c8000 	C:\Program Files\Java\jdk-21\bin\zip.dll
0x00007ff9df250000 - 0x00007ff9df274000 	C:\Users\2oleg\Downloads\apache-maven-3.9.11-bin\apache-maven-3.9.11\lib\jansi-native\Windows\x86_64\jansi.dll
0x00007ff9e1970000 - 0x00007ff9e1980000 	C:\Program Files\Java\jdk-21\bin\verify.dll

dbghelp: loaded successfully - version: 4.0.5 - missing functions: none
symbol engine: initialized successfully - sym options: 0x614 - pdb path: .;C:\Program Files\Java\jdk-21\bin;C:\WINDOWS\SYSTEM32;C:\WINDOWS\WinSxS\amd64_microsoft.windows.common-controls_6595b64144ccf1df_6.0.19041.6456_none_60b8a6cb71f64256;C:\Program Files\Java\jdk-21\bin\server;C:\Users\2oleg\Downloads\apache-maven-3.9.11-bin\apache-maven-3.9.11\lib\jansi-native\Windows\x86_64

VM Arguments:
jvm_args: --enable-native-access=ALL-UNNAMED -Dclassworlds.conf=C:\Users\2oleg\Downloads\apache-maven-3.9.11-bin\apache-maven-3.9.11\bin\m2.conf -Dmaven.home=C:\Users\2oleg\Downloads\apache-maven-3.9.11-bin\apache-maven-3.9.11 -Dlibrary.jansi.path=C:\Users\2oleg\Downloads\apache-maven-3.9.11-bin\apache-maven-3.9.11\lib\jansi-native -Dmaven.multiModuleProjectDirectory=C:\Users\2oleg\Downloads\Telegram Desktop\Kefir\Backend\TransactionSaga 
java_command: org.codehaus.plexus.classworlds.launcher.Launcher spring-boot:run -Dserver.port=8090 -DskipTests
java_class_path (initial): C:\Users\2oleg\Downloads\apache-maven-3.9.11-bin\apache-maven-3.9.11\boot\plexus-classworlds-2.9.0.jar
Launcher Type: SUN_STANDARD

[Global flags]
     intx CICompilerCount                          = 4                                         {product} {ergonomic}
     uint ConcGCThreads                            = 2                                         {product} {ergonomic}
     uint G1ConcRefinementThreads                  = 8                                         {product} {ergonomic}
   size_t G1HeapRegionSize                         = 2097152                                   {product} {ergonomic}
    uintx GCDrainStackTargetSize                   = 64                                        {product} {ergonomic}
   size_t InitialHeapSize                          = 192937984                                 {product} {ergonomic}
   size_t MarkStackSize                            = 4194304                                   {product} {ergonomic}
   size_t MaxHeapSize                              = 3074424832                                {product} {ergonomic}
   size_t MaxNewSize                               = 1843396608                                {product} {ergonomic}
   size_t MinHeapDeltaBytes                        = 2097152                                   {product} {ergonomic}
   size_t MinHeapSize                              = 8388608                                   {product} {ergonomic}
    uintx NonNMethodCodeHeapSize                   = 5839372                                {pd product} {ergonomic}
    uintx NonProfiledCodeHeapSize                  = 122909434                              {pd product} {ergonomic}
    uintx ProfiledCodeHeapSize                     = 122909434                              {pd product} {ergonomic}
    uintx ReservedCodeCacheSize                    = 251658240                              {pd product} {ergonomic}
     bool SegmentedCodeCache                       = true                                      {product} {ergonomic}
   size_t SoftMaxHeapSize                          = 3074424832                             {manageable} {ergonomic}
     bool UseCompressedOops                        = true                           {product lp64_product} {ergonomic}
     bool UseG1GC                                  = true                                      {product} {ergonomic}
     bool UseLargePagesIndividualAllocation        = false                                  {pd product} {ergonomic}

Logging:
Log output configuration:
 #0: stdout all=warning uptime,level,tags foldmultilines=false
 #1: stderr all=off uptime,level,tags foldmultilines=false

Environment Variables:
JAVA_HOME=C:\Program Files\Java\jdk-21
PATH=C:\Program Files\Common Files\Oracle\Java\javapath;C:\Program Files (x86)\Cuminas\Document Express DjVu Plug-in\;C:\Program Files (x86)\Razer Chroma SDK\bin;C:\Program Files\Razer Chroma SDK\bin;C:\WINDOWS\system32;C:\WINDOWS;C:\WINDOWS\System32\Wbem;C:\WINDOWS\System32\WindowsPowerShell\v1.0\;C:\WINDOWS\System32\OpenSSH\;C:\Program Files (x86)\NVIDIA Corporation\PhysX\Common;C:\WINDOWS\system32\config\systemprofile\AppData\Local\Microsoft\WindowsApps;C:\Program Files (x86)\Razer\ChromaBroadcast\bin;C:\Program Files\Razer\ChromaBroadcast\bin;C:\Users\2oleg\AppData\Local\Microsoft\WindowsApps;C:\Program Files\JetBrains\IntelliJ IDEA Community Edition 2024.3\bin;C:\Users\2oleg\AppData\Local\Programs\Microsoft VS Code\bin;C:\Program Files\Docker\Docker\resources\bin;C:\Users\2oleg\Downloads\curl-8.16.0_6-win64-mingw.zip\curl-8.16.0_6-win64-mingw\bin;C:\Users\2oleg\Downloads\curl-8.16.0_6-win64-mingw\curl-8.16.0_6-win64-mingw\bin;C:\Users\2oleg\Downloads\apache-maven-3.9.11-bin\apache-maven-3.9.11\bin;C:\ProgramData\chocolatey\bin;C:\Users\2oleg\AppData\Roaming\Cloud Foundry;C:\Program Files\Git\cmd;C:\Program Files\nodejs\;C:\Users\2oleg\AppData\Local\Muse Hub\lib;C:\Users\2oleg\AppData\Local\Microsoft\WindowsApps;C:\Program Files\JetBrains\IntelliJ IDEA Community Edition 2025.2.4\bin;C:\Users\2oleg\AppData\Local\Programs\Microsoft VS Code\bin;C:\Program Files\jq.exe;C:\Users\2oleg\AppData\Local\Microsoft\WinGet\Packages\jqlang.jq_Microsoft.Winget.Source_8wekyb3d8bbwe;C:\Program Files\Java\jdk-24;C:\Users\2oleg\Downloads\gradle-9.0.0-bin\gradle-9.0.0\bin;C:\Program Files\Docker\Docker\resources\bin;C:\Users\2oleg\AppData\Local\GitHubDesktop\bin;C:\Users\2oleg\AppData\Roaming\npm
USERNAME=2oleg
OS=Windows_NT
PROCESSOR_IDENTIFIER=Intel64 Family 6 Model 60 Stepping 3, GenuineIntel
TMP=C:\Users\2oleg\AppData\Local\Temp
TEMP=C:\Users\2oleg\AppData\Local\Temp




Periodic native trim disabled

---------------  S Y S T E M  ---------------

OS:
 Windows 10 , 64 bit Build 19041 (10.0.19041.5915)
OS uptime: 13 days 9:59 hours
Hyper-V role detected

CPU: total 8 (initial active 8) (4 cores per cpu, 2 threads per core) family 6 model 60 stepping 3 microcode 0x27, cx8, cmov, fxsr, ht, mmx, sse, sse2, sse3, ssse3, sse4.1, sse4.2, popcnt, lzcnt, tsc, tscinvbit, avx, avx2, aes, erms, clmul, bmi1, bmi2, fma, vzeroupper, clflush, hv, rdtscp, f16c
Processor Information for all 8 processors :
  Max Mhz: 2401, Current Mhz: 2401, Mhz Limit: 2401

Memory: 4k page, system-wide physical 11723M (552M free)
TotalPageFile size 23723M (AvailPageFile size 2M)
current process WorkingSet (physical memory assigned to process): 207M, peak: 276M
current process commit charge ("private bytes"): 257M, peak: 330M

vm_info: Java HotSpot(TM) 64-Bit Server VM (21.0.7+8-LTS-245) for windows-amd64 JRE (21.0.7+8-LTS-245), built on 2025-02-21T05:11:27Z by "mach5one" with MS VC++ 17.6 (VS2022)

END.
