#
# There is insufficient memory for the Java Runtime Environment to continue.
# Native memory allocation (mmap) failed to map 65536 bytes for Failed to commit metaspace.
# Possible reasons:
#   The system is out of physical RAM or swap space
#   The process is running with CompressedOops enabled, and the Java Heap may be blocking the growth of the native heap
# Possible solutions:
#   Reduce memory load on the system
#   Increase physical memory or swap space
#   Check if swap backing store is full
#   Decrease Java heap size (-Xmx/-Xms)
#   Decrease number of Java threads
#   Decrease Java thread stack sizes (-Xss)
#   Set larger code cache with -XX:ReservedCodeCacheSize=
#   JVM is running with Zero Based Compressed Oops mode in which the Java heap is
#     placed in the first 32GB address space. The Java Heap base address is the
#     maximum limit for the native heap growth. Please use -XX:HeapBaseMinAddress
#     to set the Java Heap base and to place the Java Heap above 32GB virtual address.
# This output file may be truncated or incomplete.
#
#  Out of Memory Error (virtualSpaceNode.cpp:112), pid=13788, tid=6184
#
# JRE version: Java(TM) SE Runtime Environment (21.0.7+8) (build 21.0.7+8-LTS-245)
# Java VM: Java HotSpot(TM) 64-Bit Server VM (21.0.7+8-LTS-245, mixed mode, sharing, tiered, compressed oops, compressed class ptrs, g1 gc, windows-amd64)
# No core dump will be written. Minidumps are not enabled by default on client versions of Windows
#

---------------  S U M M A R Y ------------

Command Line: -Dclassworlds.conf=C:\Users\2oleg\Downloads\apache-maven-3.9.11-bin\apache-maven-3.9.11\bin\m2.conf -Dmaven.home=C:\Users\2oleg\Downloads\apache-maven-3.9.11-bin\apache-maven-3.9.11 -Dlibrary.jansi.path=C:\Users\2oleg\Downloads\apache-maven-3.9.11-bin\apache-maven-3.9.11\lib\jansi-native -Dmaven.multiModuleProjectDirectory=C:\Users\2oleg\Downloads\Telegram Desktop\Kefir\Backend\TransactionSaga org.codehaus.plexus.classworlds.launcher.Launcher spring-boot:run -Dserver.port=8090 -DskipTests

Host: Intel(R) Core(TM) i7-4700HQ CPU @ 2.40GHz, 8 cores, 11G,  Windows 10 , 64 bit Build 19041 (10.0.19041.5915)
Time: Sat Dec 13 01:38:10 2025 RTZ 2 (s 10 , 64 bit Build 19041 (10.0.19041.5915) elapsed time: 3.200967 seconds (0d 0h 0m 3s)

---------------  T H R E A D  ---------------

Current thread (0x00000276fef18360):  JavaThread "cleanup"   daemon [_thread_in_vm, id=6184, stack(0x000000cc1dd00000,0x000000cc1de00000) (1024K)]

Stack: [0x000000cc1dd00000,0x000000cc1de00000]
Native frames: (J=compiled Java code, j=interpreted, Vv=VM code, C=native code)
V  [jvm.dll+0x6cae19]
V  [jvm.dll+0x855741]
V  [jvm.dll+0x857c6e]
V  [jvm.dll+0x858343]
V  [jvm.dll+0x27e0b6]
V  [jvm.dll+0x85135e]
V  [jvm.dll+0x66ea55]
V  [jvm.dll+0x66eaba]
V  [jvm.dll+0x6712d5]
V  [jvm.dll+0x6711a2]
V  [jvm.dll+0x66f42e]
V  [jvm.dll+0x269830]
V  [jvm.dll+0x215897]
V  [jvm.dll+0x20b1ee]
V  [jvm.dll+0x5ad9cc]
V  [jvm.dll+0x21c98a]
V  [jvm.dll+0x7ceeac]
V  [jvm.dll+0x7cfed4]
V  [jvm.dll+0x7d04a2]
V  [jvm.dll+0x7d0128]
V  [jvm.dll+0x26be8b]
V  [jvm.dll+0x26c0ba]
V  [jvm.dll+0x5d0a67]
V  [jvm.dll+0x5d3a56]
V  [jvm.dll+0x3d6f25]
V  [jvm.dll+0x3d659d]
C  0x00000276875497a0

The last pc belongs to invokestatic (printed below).
Java frames: (J=compiled Java code, j=interpreted, Vv=VM code)
j  sun.net.www.protocol.jar.JarURLConnection.<clinit>()V+0 java.base@21.0.7
v  ~StubRoutines::call_stub 0x000002768753100d
j  sun.net.www.protocol.jar.Handler.openConnection(Ljava/net/URL;)Ljava/net/URLConnection;+0 java.base@21.0.7
j  java.net.URL.openConnection()Ljava/net/URLConnection;+5 java.base@21.0.7
j  java.net.URL.openStream()Ljava/io/InputStream;+1 java.base@21.0.7
j  org.fusesource.jansi.internal.JansiLoader.getVersion()Ljava/lang/String;+25
j  org.fusesource.jansi.internal.JansiLoader$1.<init>()V+17
j  org.fusesource.jansi.internal.JansiLoader.cleanup()V+21
j  org.fusesource.jansi.internal.JansiLoader$$Lambda+0x000002769200c1f8.run()V+0
j  java.lang.Thread.runWith(Ljava/lang/Object;Ljava/lang/Runnable;)V+5 java.base@21.0.7
j  java.lang.Thread.run()V+19 java.base@21.0.7
v  ~StubRoutines::call_stub 0x000002768753100d
invokestatic  184 invokestatic  [0x0000027687549700, 0x00000276875499c8]  712 bytes
[MachCode]
  0x0000027687549700: 4883 ec08 | c5fa 1104 | 24eb 1f48 | 83ec 10c5 | fb11 0424 | eb14 4883 | ec10 4889 | 0424 48c7 
  0x0000027687549720: 4424 0800 | 0000 00eb | 0150 4c89 | 6dc0 410f | b755 0148 | 8b4d d0c1 | e202 8b5c | d138 c1eb 
  0x0000027687549740: 1081 e3ff | 0000 0081 | fbb8 0000 | 000f 84b4 | 0000 00bb | b800 0000 | e805 0000 | 00e9 9900 
  0x0000027687549760: 0000 488b | d348 8d44 | 2408 4c89 | 6dc0 498b | cfc5 f877 | 4989 afa8 | 0300 0049 | 8987 9803 
  0x0000027687549780: 0000 4883 | ec20 40f6 | c40f 0f84 | 1900 0000 | 4883 ec08 | 48b8 3065 | fb8e f97f | 0000 ffd0 
  0x00000276875497a0: 4883 c408 | e90c 0000 | 0048 b830 | 65fb 8ef9 | 7f00 00ff | d048 83c4 | 2049 c787 | 9803 0000 
  0x00000276875497c0: 0000 0000 | 49c7 87a8 | 0300 0000 | 0000 0049 | c787 a003 | 0000 0000 | 0000 c5f8 | 7749 837f 
  0x00000276875497e0: 0800 0f84 | 0500 0000 | e913 77fe | ff4c 8b6d | c04c 8b75 | c84e 8d74 | f500 c341 | 0fb7 5501 
  0x0000027687549800: 488b 4dd0 | c1e2 0248 | 8b5c d140 | 488b 5b08 | 488b 5b08 | 488b 5b18 | 80bb 2101 | 0000 040f 
  0x0000027687549820: 840d 0000 | 004c 3bbb | 2801 0000 | 0f85 21ff | ffff 488b | 5cd1 408b | 54d1 50c1 | ea1c 49ba 
  0x0000027687549840: e0da 828f | f97f 0000 | 498b 14d2 | 5248 8b45 | d848 85c0 | 0f84 1200 | 0000 4883 | 4008 0148 
  0x0000027687549860: 8358 0800 | 4883 c010 | 4889 45d8 | 488b 45d8 | 4885 c00f | 843d 0100 | 0080 78f0 | 0a0f 8533 
  0x0000027687549880: 0100 0048 | 83c0 084c | 8b68 f841 | 83ed 0041 | 83fd 020f | 8c12 0100 | 004c 8b6b | 0845 0fb7 
  0x00000276875498a0: 6d2e 4c2b | 2841 83ed | 014e 8b6c | ec08 4d85 | ed75 0ef6 | 4008 0175 | 58f0 4883 | 4808 01eb 
  0x00000276875498c0: 5045 8b6d | 0849 ba00 | 0000 9176 | 0200 004d | 03ea 4d8b | d54c 3368 | 0849 f7c5 | fcff ffff 
  0x00000276875498e0: 742f 41f6 | c502 7529 | 4883 7808 | 0074 1e48 | 8378 0801 | 7417 4d8b | ea4c 3368 | 0849 f7c5 
  0x0000027687549900: fcff ffff | 740b 4883 | 4808 02eb | 044c 8968 | 0848 83c0 | 104c 8b68 | e841 83ed | 0241 83fd 
  0x0000027687549920: 020f 8c84 | 0000 004c | 8b6b 0845 | 0fb7 6d2e | 4c2b 2841 | 83ed 014e | 8b6c ec08 | 4d85 ed75 
  0x0000027687549940: 0ef6 4008 | 0175 58f0 | 4883 4808 | 01eb 5045 | 8b6d 0849 | ba00 0000 | 9176 0200 | 004d 03ea 
  0x0000027687549960: 4d8b d54c | 3368 0849 | f7c5 fcff | ffff 742f | 41f6 c502 | 7529 4883 | 7808 0074 | 1e48 8378 
  0x0000027687549980: 0801 7417 | 4d8b ea4c | 3368 0849 | f7c5 fcff | ffff 740b | 4883 4808 | 02eb 044c | 8968 0848 
  0x00000276875499a0: 83c0 104c | 8b68 d841 | 83ed 0441 | c1e5 0349 | 03c5 4889 | 45d8 4c8d | 6c24 084c | 896d f0ff 
  0x00000276875499c0: 6350 660f | 1f44 0000 
[/MachCode]

---------------  P R O C E S S  ---------------

Threads class SMR info:
_java_thread_list=0x00000276ff02b790, length=12, elements={
0x00000276efdf32a0, 0x00000276fea49ac0, 0x00000276fea4a8c0, 0x00000276fea4d420,
0x00000276fea4de70, 0x00000276fea4e8c0, 0x00000276fea4f310, 0x00000276fea520a0,
0x00000276feabf0e0, 0x00000276feca92a0, 0x00000276fecabd20, 0x00000276fef18360
}

Java Threads: ( => current thread )
  0x00000276efdf32a0 JavaThread "main"                              [_thread_in_vm, id=16676, stack(0x000000cc1cb00000,0x000000cc1cc00000) (1024K)]
  0x00000276fea49ac0 JavaThread "Reference Handler"          daemon [_thread_blocked, id=24076, stack(0x000000cc1d300000,0x000000cc1d400000) (1024K)]
  0x00000276fea4a8c0 JavaThread "Finalizer"                  daemon [_thread_blocked, id=3480, stack(0x000000cc1d400000,0x000000cc1d500000) (1024K)]
  0x00000276fea4d420 JavaThread "Signal Dispatcher"          daemon [_thread_blocked, id=18040, stack(0x000000cc1d500000,0x000000cc1d600000) (1024K)]
  0x00000276fea4de70 JavaThread "Attach Listener"            daemon [_thread_blocked, id=7852, stack(0x000000cc1d600000,0x000000cc1d700000) (1024K)]
  0x00000276fea4e8c0 JavaThread "Service Thread"             daemon [_thread_blocked, id=21668, stack(0x000000cc1d700000,0x000000cc1d800000) (1024K)]
  0x00000276fea4f310 JavaThread "Monitor Deflation Thread"   daemon [_thread_blocked, id=14696, stack(0x000000cc1d800000,0x000000cc1d900000) (1024K)]
  0x00000276fea520a0 JavaThread "C2 CompilerThread0"         daemon [_thread_blocked, id=30748, stack(0x000000cc1d900000,0x000000cc1da00000) (1024K)]
  0x00000276feabf0e0 JavaThread "C1 CompilerThread0"         daemon [_thread_blocked, id=30620, stack(0x000000cc1da00000,0x000000cc1db00000) (1024K)]
  0x00000276feca92a0 JavaThread "Notification Thread"        daemon [_thread_blocked, id=30412, stack(0x000000cc1db00000,0x000000cc1dc00000) (1024K)]
  0x00000276fecabd20 JavaThread "Common-Cleaner"             daemon [_thread_blocked, id=18456, stack(0x000000cc1dc00000,0x000000cc1dd00000) (1024K)]
=>0x00000276fef18360 JavaThread "cleanup"                    daemon [_thread_in_vm, id=6184, stack(0x000000cc1dd00000,0x000000cc1de00000) (1024K)]
Total: 12

Other Threads:
  0x00000276fea2e390 VMThread "VM Thread"                           [id=26040, stack(0x000000cc1d200000,0x000000cc1d300000) (1024K)]
  0x00000276fea1c910 WatcherThread "VM Periodic Task Thread"        [id=29140, stack(0x000000cc1d100000,0x000000cc1d200000) (1024K)]
  0x00000276f1f7e750 WorkerThread "GC Thread#0"                     [id=30136, stack(0x000000cc1cc00000,0x000000cc1cd00000) (1024K)]
  0x00000276f1f8b680 ConcurrentGCThread "G1 Main Marker"            [id=7076, stack(0x000000cc1cd00000,0x000000cc1ce00000) (1024K)]
  0x00000276f1f8c180 WorkerThread "G1 Conc#0"                       [id=29436, stack(0x000000cc1ce00000,0x000000cc1cf00000) (1024K)]
  0x00000276f1ffd380 ConcurrentGCThread "G1 Refine#0"               [id=25496, stack(0x000000cc1cf00000,0x000000cc1d000000) (1024K)]
  0x00000276f1ffdef0 ConcurrentGCThread "G1 Service"                [id=4504, stack(0x000000cc1d000000,0x000000cc1d100000) (1024K)]
Total: 7

Threads with active compile tasks:
Total: 0

VM state: not at safepoint (normal execution)

VM Mutex/Monitor currently owned by a thread:  ([mutex/lock_event])
[0x00007ff98f81be50] Metaspace_lock - owner thread: 0x00000276fef18360

Heap address: 0x0000000748c00000, size: 2932 MB, Compressed Oops mode: Zero based, Oop shift amount: 3

CDS archive(s) mapped at: [0x0000027691000000-0x0000027691c90000-0x0000027691c90000), size 13172736, SharedBaseAddress: 0x0000027691000000, ArchiveRelocationMode: 1.
Compressed class space mapped at: 0x0000027692000000-0x00000276d2000000, reserved size: 1073741824
Narrow klass base: 0x0000027691000000, Narrow klass shift: 0, Narrow klass range: 0x100000000

GC Precious Log:
 CardTable entry size: 512
 Card Set container configuration: InlinePtr #cards 4 size 8 Array Of Cards #cards 16 size 48 Howl #buckets 8 coarsen threshold 3686 Howl Bitmap #cards 512 size 80 coarsen threshold 460 Card regions per heap region 1 cards per card region 4096
 CPUs: 8 total, 8 available
 Memory: 11723M
 Large Page Support: Disabled
 NUMA Support: Disabled
 Compressed Oops: Enabled (Zero based)
 Heap Region Size: 2M
 Heap Min Capacity: 8M
 Heap Initial Capacity: 184M
 Heap Max Capacity: 2932M
 Pre-touch: Disabled
 Parallel Workers: 8
 Concurrent Workers: 2
 Concurrent Refinement Workers: 8
 Periodic GC: Disabled

Heap:
 garbage-first heap   total 188416K, used 4096K [0x0000000748c00000, 0x0000000800000000)
  region size 2048K, 4 young (8192K), 0 survivors (0K)
 Metaspace       used 1407K, committed 1536K, reserved 1114112K
  class space    used 117K, committed 192K, reserved 1048576K

Heap Regions: E=young(eden), S=young(survivor), O=old, HS=humongous(starts), HC=humongous(continues), CS=collection set, F=free, TAMS=top-at-mark-start, PB=parsable bottom
|   0|0x0000000748c00000, 0x0000000748c00000, 0x0000000748e00000|  0%| F|  |TAMS 0x0000000748c00000| PB 0x0000000748c00000| Untracked 
|   1|0x0000000748e00000, 0x0000000748e00000, 0x0000000749000000|  0%| F|  |TAMS 0x0000000748e00000| PB 0x0000000748e00000| Untracked 
|   2|0x0000000749000000, 0x0000000749000000, 0x0000000749200000|  0%| F|  |TAMS 0x0000000749000000| PB 0x0000000749000000| Untracked 
|   3|0x0000000749200000, 0x0000000749200000, 0x0000000749400000|  0%| F|  |TAMS 0x0000000749200000| PB 0x0000000749200000| Untracked 
|   4|0x0000000749400000, 0x0000000749400000, 0x0000000749600000|  0%| F|  |TAMS 0x0000000749400000| PB 0x0000000749400000| Untracked 
|   5|0x0000000749600000, 0x0000000749600000, 0x0000000749800000|  0%| F|  |TAMS 0x0000000749600000| PB 0x0000000749600000| Untracked 
|   6|0x0000000749800000, 0x0000000749800000, 0x0000000749a00000|  0%| F|  |TAMS 0x0000000749800000| PB 0x0000000749800000| Untracked 
|   7|0x0000000749a00000, 0x0000000749a00000, 0x0000000749c00000|  0%| F|  |TAMS 0x0000000749a00000| PB 0x0000000749a00000| Untracked 
|   8|0x0000000749c00000, 0x0000000749c00000, 0x0000000749e00000|  0%| F|  |TAMS 0x0000000749c00000| PB 0x0000000749c00000| Untracked 
|   9|0x0000000749e00000, 0x0000000749e00000, 0x000000074a000000|  0%| F|  |TAMS 0x0000000749e00000| PB 0x0000000749e00000| Untracked 
|  10|0x000000074a000000, 0x000000074a000000, 0x000000074a200000|  0%| F|  |TAMS 0x000000074a000000| PB 0x000000074a000000| Untracked 
|  11|0x000000074a200000, 0x000000074a200000, 0x000000074a400000|  0%| F|  |TAMS 0x000000074a200000| PB 0x000000074a200000| Untracked 
|  12|0x000000074a400000, 0x000000074a400000, 0x000000074a600000|  0%| F|  |TAMS 0x000000074a400000| PB 0x000000074a400000| Untracked 
|  13|0x000000074a600000, 0x000000074a600000, 0x000000074a800000|  0%| F|  |TAMS 0x000000074a600000| PB 0x000000074a600000| Untracked 
|  14|0x000000074a800000, 0x000000074a800000, 0x000000074aa00000|  0%| F|  |TAMS 0x000000074a800000| PB 0x000000074a800000| Untracked 
|  15|0x000000074aa00000, 0x000000074aa00000, 0x000000074ac00000|  0%| F|  |TAMS 0x000000074aa00000| PB 0x000000074aa00000| Untracked 
|  16|0x000000074ac00000, 0x000000074ac00000, 0x000000074ae00000|  0%| F|  |TAMS 0x000000074ac00000| PB 0x000000074ac00000| Untracked 
|  17|0x000000074ae00000, 0x000000074ae00000, 0x000000074b000000|  0%| F|  |TAMS 0x000000074ae00000| PB 0x000000074ae00000| Untracked 
|  18|0x000000074b000000, 0x000000074b000000, 0x000000074b200000|  0%| F|  |TAMS 0x000000074b000000| PB 0x000000074b000000| Untracked 
|  19|0x000000074b200000, 0x000000074b200000, 0x000000074b400000|  0%| F|  |TAMS 0x000000074b200000| PB 0x000000074b200000| Untracked 
|  20|0x000000074b400000, 0x000000074b400000, 0x000000074b600000|  0%| F|  |TAMS 0x000000074b400000| PB 0x000000074b400000| Untracked 
|  21|0x000000074b600000, 0x000000074b600000, 0x000000074b800000|  0%| F|  |TAMS 0x000000074b600000| PB 0x000000074b600000| Untracked 
|  22|0x000000074b800000, 0x000000074b800000, 0x000000074ba00000|  0%| F|  |TAMS 0x000000074b800000| PB 0x000000074b800000| Untracked 
|  23|0x000000074ba00000, 0x000000074ba00000, 0x000000074bc00000|  0%| F|  |TAMS 0x000000074ba00000| PB 0x000000074ba00000| Untracked 
|  24|0x000000074bc00000, 0x000000074bc00000, 0x000000074be00000|  0%| F|  |TAMS 0x000000074bc00000| PB 0x000000074bc00000| Untracked 
|  25|0x000000074be00000, 0x000000074be00000, 0x000000074c000000|  0%| F|  |TAMS 0x000000074be00000| PB 0x000000074be00000| Untracked 
|  26|0x000000074c000000, 0x000000074c000000, 0x000000074c200000|  0%| F|  |TAMS 0x000000074c000000| PB 0x000000074c000000| Untracked 
|  27|0x000000074c200000, 0x000000074c200000, 0x000000074c400000|  0%| F|  |TAMS 0x000000074c200000| PB 0x000000074c200000| Untracked 
|  28|0x000000074c400000, 0x000000074c400000, 0x000000074c600000|  0%| F|  |TAMS 0x000000074c400000| PB 0x000000074c400000| Untracked 
|  29|0x000000074c600000, 0x000000074c600000, 0x000000074c800000|  0%| F|  |TAMS 0x000000074c600000| PB 0x000000074c600000| Untracked 
|  30|0x000000074c800000, 0x000000074c800000, 0x000000074ca00000|  0%| F|  |TAMS 0x000000074c800000| PB 0x000000074c800000| Untracked 
|  31|0x000000074ca00000, 0x000000074ca00000, 0x000000074cc00000|  0%| F|  |TAMS 0x000000074ca00000| PB 0x000000074ca00000| Untracked 
|  32|0x000000074cc00000, 0x000000074cc00000, 0x000000074ce00000|  0%| F|  |TAMS 0x000000074cc00000| PB 0x000000074cc00000| Untracked 
|  33|0x000000074ce00000, 0x000000074ce00000, 0x000000074d000000|  0%| F|  |TAMS 0x000000074ce00000| PB 0x000000074ce00000| Untracked 
|  34|0x000000074d000000, 0x000000074d000000, 0x000000074d200000|  0%| F|  |TAMS 0x000000074d000000| PB 0x000000074d000000| Untracked 
|  35|0x000000074d200000, 0x000000074d200000, 0x000000074d400000|  0%| F|  |TAMS 0x000000074d200000| PB 0x000000074d200000| Untracked 
|  36|0x000000074d400000, 0x000000074d400000, 0x000000074d600000|  0%| F|  |TAMS 0x000000074d400000| PB 0x000000074d400000| Untracked 
|  37|0x000000074d600000, 0x000000074d600000, 0x000000074d800000|  0%| F|  |TAMS 0x000000074d600000| PB 0x000000074d600000| Untracked 
|  38|0x000000074d800000, 0x000000074d800000, 0x000000074da00000|  0%| F|  |TAMS 0x000000074d800000| PB 0x000000074d800000| Untracked 
|  39|0x000000074da00000, 0x000000074da00000, 0x000000074dc00000|  0%| F|  |TAMS 0x000000074da00000| PB 0x000000074da00000| Untracked 
|  40|0x000000074dc00000, 0x000000074dc00000, 0x000000074de00000|  0%| F|  |TAMS 0x000000074dc00000| PB 0x000000074dc00000| Untracked 
|  41|0x000000074de00000, 0x000000074de00000, 0x000000074e000000|  0%| F|  |TAMS 0x000000074de00000| PB 0x000000074de00000| Untracked 
|  42|0x000000074e000000, 0x000000074e000000, 0x000000074e200000|  0%| F|  |TAMS 0x000000074e000000| PB 0x000000074e000000| Untracked 
|  43|0x000000074e200000, 0x000000074e200000, 0x000000074e400000|  0%| F|  |TAMS 0x000000074e200000| PB 0x000000074e200000| Untracked 
|  44|0x000000074e400000, 0x000000074e400000, 0x000000074e600000|  0%| F|  |TAMS 0x000000074e400000| PB 0x000000074e400000| Untracked 
|  45|0x000000074e600000, 0x000000074e600000, 0x000000074e800000|  0%| F|  |TAMS 0x000000074e600000| PB 0x000000074e600000| Untracked 
|  46|0x000000074e800000, 0x000000074e800000, 0x000000074ea00000|  0%| F|  |TAMS 0x000000074e800000| PB 0x000000074e800000| Untracked 
|  47|0x000000074ea00000, 0x000000074ea00000, 0x000000074ec00000|  0%| F|  |TAMS 0x000000074ea00000| PB 0x000000074ea00000| Untracked 
|  48|0x000000074ec00000, 0x000000074ec00000, 0x000000074ee00000|  0%| F|  |TAMS 0x000000074ec00000| PB 0x000000074ec00000| Untracked 
|  49|0x000000074ee00000, 0x000000074ee00000, 0x000000074f000000|  0%| F|  |TAMS 0x000000074ee00000| PB 0x000000074ee00000| Untracked 
|  50|0x000000074f000000, 0x000000074f000000, 0x000000074f200000|  0%| F|  |TAMS 0x000000074f000000| PB 0x000000074f000000| Untracked 
|  51|0x000000074f200000, 0x000000074f200000, 0x000000074f400000|  0%| F|  |TAMS 0x000000074f200000| PB 0x000000074f200000| Untracked 
|  52|0x000000074f400000, 0x000000074f400000, 0x000000074f600000|  0%| F|  |TAMS 0x000000074f400000| PB 0x000000074f400000| Untracked 
|  53|0x000000074f600000, 0x000000074f600000, 0x000000074f800000|  0%| F|  |TAMS 0x000000074f600000| PB 0x000000074f600000| Untracked 
|  54|0x000000074f800000, 0x000000074f800000, 0x000000074fa00000|  0%| F|  |TAMS 0x000000074f800000| PB 0x000000074f800000| Untracked 
|  55|0x000000074fa00000, 0x000000074fa00000, 0x000000074fc00000|  0%| F|  |TAMS 0x000000074fa00000| PB 0x000000074fa00000| Untracked 
|  56|0x000000074fc00000, 0x000000074fc00000, 0x000000074fe00000|  0%| F|  |TAMS 0x000000074fc00000| PB 0x000000074fc00000| Untracked 
|  57|0x000000074fe00000, 0x000000074fe00000, 0x0000000750000000|  0%| F|  |TAMS 0x000000074fe00000| PB 0x000000074fe00000| Untracked 
|  58|0x0000000750000000, 0x0000000750000000, 0x0000000750200000|  0%| F|  |TAMS 0x0000000750000000| PB 0x0000000750000000| Untracked 
|  59|0x0000000750200000, 0x0000000750200000, 0x0000000750400000|  0%| F|  |TAMS 0x0000000750200000| PB 0x0000000750200000| Untracked 
|  60|0x0000000750400000, 0x0000000750400000, 0x0000000750600000|  0%| F|  |TAMS 0x0000000750400000| PB 0x0000000750400000| Untracked 
|  61|0x0000000750600000, 0x0000000750600000, 0x0000000750800000|  0%| F|  |TAMS 0x0000000750600000| PB 0x0000000750600000| Untracked 
|  62|0x0000000750800000, 0x0000000750800000, 0x0000000750a00000|  0%| F|  |TAMS 0x0000000750800000| PB 0x0000000750800000| Untracked 
|  63|0x0000000750a00000, 0x0000000750a00000, 0x0000000750c00000|  0%| F|  |TAMS 0x0000000750a00000| PB 0x0000000750a00000| Untracked 
|  64|0x0000000750c00000, 0x0000000750c00000, 0x0000000750e00000|  0%| F|  |TAMS 0x0000000750c00000| PB 0x0000000750c00000| Untracked 
|  65|0x0000000750e00000, 0x0000000750e00000, 0x0000000751000000|  0%| F|  |TAMS 0x0000000750e00000| PB 0x0000000750e00000| Untracked 
|  66|0x0000000751000000, 0x0000000751000000, 0x0000000751200000|  0%| F|  |TAMS 0x0000000751000000| PB 0x0000000751000000| Untracked 
|  67|0x0000000751200000, 0x0000000751200000, 0x0000000751400000|  0%| F|  |TAMS 0x0000000751200000| PB 0x0000000751200000| Untracked 
|  68|0x0000000751400000, 0x0000000751400000, 0x0000000751600000|  0%| F|  |TAMS 0x0000000751400000| PB 0x0000000751400000| Untracked 
|  69|0x0000000751600000, 0x0000000751600000, 0x0000000751800000|  0%| F|  |TAMS 0x0000000751600000| PB 0x0000000751600000| Untracked 
|  70|0x0000000751800000, 0x0000000751800000, 0x0000000751a00000|  0%| F|  |TAMS 0x0000000751800000| PB 0x0000000751800000| Untracked 
|  71|0x0000000751a00000, 0x0000000751a00000, 0x0000000751c00000|  0%| F|  |TAMS 0x0000000751a00000| PB 0x0000000751a00000| Untracked 
|  72|0x0000000751c00000, 0x0000000751c00000, 0x0000000751e00000|  0%| F|  |TAMS 0x0000000751c00000| PB 0x0000000751c00000| Untracked 
|  73|0x0000000751e00000, 0x0000000751e00000, 0x0000000752000000|  0%| F|  |TAMS 0x0000000751e00000| PB 0x0000000751e00000| Untracked 
|  74|0x0000000752000000, 0x0000000752000000, 0x0000000752200000|  0%| F|  |TAMS 0x0000000752000000| PB 0x0000000752000000| Untracked 
|  75|0x0000000752200000, 0x0000000752200000, 0x0000000752400000|  0%| F|  |TAMS 0x0000000752200000| PB 0x0000000752200000| Untracked 
|  76|0x0000000752400000, 0x0000000752400000, 0x0000000752600000|  0%| F|  |TAMS 0x0000000752400000| PB 0x0000000752400000| Untracked 
|  77|0x0000000752600000, 0x0000000752600000, 0x0000000752800000|  0%| F|  |TAMS 0x0000000752600000| PB 0x0000000752600000| Untracked 
|  78|0x0000000752800000, 0x0000000752800000, 0x0000000752a00000|  0%| F|  |TAMS 0x0000000752800000| PB 0x0000000752800000| Untracked 
|  79|0x0000000752a00000, 0x0000000752a00000, 0x0000000752c00000|  0%| F|  |TAMS 0x0000000752a00000| PB 0x0000000752a00000| Untracked 
|  80|0x0000000752c00000, 0x0000000752c00000, 0x0000000752e00000|  0%| F|  |TAMS 0x0000000752c00000| PB 0x0000000752c00000| Untracked 
|  81|0x0000000752e00000, 0x0000000752e00000, 0x0000000753000000|  0%| F|  |TAMS 0x0000000752e00000| PB 0x0000000752e00000| Untracked 
|  82|0x0000000753000000, 0x0000000753000000, 0x0000000753200000|  0%| F|  |TAMS 0x0000000753000000| PB 0x0000000753000000| Untracked 
|  83|0x0000000753200000, 0x0000000753200000, 0x0000000753400000|  0%| F|  |TAMS 0x0000000753200000| PB 0x0000000753200000| Untracked 
|  84|0x0000000753400000, 0x0000000753400000, 0x0000000753600000|  0%| F|  |TAMS 0x0000000753400000| PB 0x0000000753400000| Untracked 
|  85|0x0000000753600000, 0x0000000753600000, 0x0000000753800000|  0%| F|  |TAMS 0x0000000753600000| PB 0x0000000753600000| Untracked 
|  86|0x0000000753800000, 0x0000000753800000, 0x0000000753a00000|  0%| F|  |TAMS 0x0000000753800000| PB 0x0000000753800000| Untracked 
|  87|0x0000000753a00000, 0x0000000753a00000, 0x0000000753c00000|  0%| F|  |TAMS 0x0000000753a00000| PB 0x0000000753a00000| Untracked 
|  88|0x0000000753c00000, 0x0000000753c74a48, 0x0000000753e00000| 22%| E|  |TAMS 0x0000000753c00000| PB 0x0000000753c00000| Complete 
|  89|0x0000000753e00000, 0x0000000754000000, 0x0000000754000000|100%| E|CS|TAMS 0x0000000753e00000| PB 0x0000000753e00000| Complete 
|  90|0x0000000754000000, 0x0000000754200000, 0x0000000754200000|100%| E|  |TAMS 0x0000000754000000| PB 0x0000000754000000| Complete 
|  91|0x0000000754200000, 0x0000000754400000, 0x0000000754400000|100%| E|CS|TAMS 0x0000000754200000| PB 0x0000000754200000| Complete 

Card table byte_map: [0x00000276facc0000,0x00000276fb280000] _byte_map_base: 0x00000276f727a000

Marking Bits: (CMBitMap*) 0x00000276f1f7f660
 Bits: [0x00000276fb280000, 0x00000276fe050000)

Polling page: 0x00000276efdb0000

Metaspace:

Usage:
  Non-class:      1.26 MB used.
      Class:    117.80 KB used.
       Both:      1.37 MB used.

Virtual space:
  Non-class space:       64.00 MB reserved,       1.31 MB (  2%) committed,  1 nodes.
      Class space:        1.00 GB reserved,     192.00 KB ( <1%) committed,  1 nodes.
             Both:        1.06 GB reserved,       1.50 MB ( <1%) committed. 

Chunk freelists:
   Non-Class:  11.59 MB
       Class:  15.69 MB
        Both:  27.28 MB

MaxMetaspaceSize: unlimited
CompressedClassSpaceSize: 1.00 GB
Initial GC threshold: 21.00 MB
Current GC threshold: 21.00 MB
CDS: on
 - commit_granule_bytes: 65536.
 - commit_granule_words: 8192.
 - virtual_space_node_default_size: 8388608.
 - enlarge_chunks_in_place: 1.
 - use_allocation_guard: 0.


Internal statistics:

num_allocs_failed_limit: 0.
num_arena_births: 26.
num_arena_deaths: 0.
num_vsnodes_births: 2.
num_vsnodes_deaths: 0.
num_space_committed: 24.
num_space_uncommitted: 0.
num_chunks_returned_to_freelist: 0.
num_chunks_taken_from_freelist: 51.
num_chunk_merges: 0.
num_chunk_splits: 33.
num_chunks_enlarged: 26.
num_inconsistent_stats: 0.

CodeHeap 'non-profiled nmethods': size=120000Kb used=147Kb max_used=147Kb free=119852Kb
 bounds [0x0000027687ad0000, 0x0000027687d40000, 0x000002768f000000]
CodeHeap 'profiled nmethods': size=120000Kb used=566Kb max_used=566Kb free=119433Kb
 bounds [0x0000027680000000, 0x0000027680270000, 0x0000027687530000]
CodeHeap 'non-nmethods': size=5760Kb used=1296Kb max_used=1310Kb free=4463Kb
 bounds [0x0000027687530000, 0x00000276877a0000, 0x0000027687ad0000]
 total_blobs=827 nmethods=415 adapters=317
 compilation: enabled
              stopped_count=0, restarted_count=0
 full_count=0

Compilation events (20 events):
Event: 3.151 Thread 0x00000276feabf0e0  407       3       java.util.Optional::orElse (16 bytes)
Event: 3.151 Thread 0x00000276feabf0e0 nmethod 407 0x0000027680089490 code [0x0000027680089640, 0x00000276800897c8]
Event: 3.151 Thread 0x00000276feabf0e0  408   !   3       java.nio.DirectByteBuffer::get (34 bytes)
Event: 3.152 Thread 0x00000276feabf0e0 nmethod 408 0x0000027680089890 code [0x0000027680089ae0, 0x000002768008a430]
Event: 3.152 Thread 0x00000276feabf0e0  409       3       java.nio.DirectByteBuffer::ix (10 bytes)
Event: 3.153 Thread 0x00000276feabf0e0 nmethod 409 0x000002768008a910 code [0x000002768008aaa0, 0x000002768008abb8]
Event: 3.153 Thread 0x00000276feabf0e0  410   !   3       jdk.internal.misc.ScopedMemoryAccess::getByte (16 bytes)
Event: 3.153 Thread 0x00000276fea520a0  413       4       jdk.internal.misc.Unsafe::putReferenceRelease (9 bytes)
Event: 3.153 Thread 0x00000276feabf0e0 nmethod 410 0x000002768008ac90 code [0x000002768008ae80, 0x000002768008b268]
Event: 3.153 Thread 0x00000276feabf0e0  411   !   3       jdk.internal.misc.ScopedMemoryAccess::getByteInternal (34 bytes)
Event: 3.153 Thread 0x00000276feabf0e0 nmethod 411 0x000002768008b490 code [0x000002768008b640, 0x000002768008b8a8]
Event: 3.153 Thread 0x00000276feabf0e0  412       1       java.nio.Buffer::limit (5 bytes)
Event: 3.153 Thread 0x00000276feabf0e0 nmethod 412 0x0000027687af4610 code [0x0000027687af47a0, 0x0000027687af4868]
Event: 3.154 Thread 0x00000276feabf0e0  414       3       java.util.Arrays::rangeCheck (74 bytes)
Event: 3.155 Thread 0x00000276fea520a0 nmethod 413 0x0000027687af4910 code [0x0000027687af4aa0, 0x0000027687af4c00]
Event: 3.155 Thread 0x00000276feabf0e0 nmethod 414 0x000002768008ba10 code [0x000002768008bcc0, 0x000002768008c5f8]
Event: 3.155 Thread 0x00000276feabf0e0  415       1       java.security.CodeSource::getLocation (5 bytes)
Event: 3.155 Thread 0x00000276feabf0e0 nmethod 415 0x0000027687af4c90 code [0x0000027687af4e20, 0x0000027687af4ef0]
Event: 3.156 Thread 0x00000276feabf0e0  416       3       sun.net.www.ParseUtil::firstEncodeIndex (86 bytes)
Event: 3.157 Thread 0x00000276feabf0e0 nmethod 416 0x000002768008ca10 code [0x000002768008cc60, 0x000002768008d628]

GC Heap History (0 events):
No events

Dll operation events (7 events):
Event: 0.539 Loaded shared library C:\Program Files\Java\jdk-21\bin\java.dll
Event: 0.856 Loaded shared library C:\Program Files\Java\jdk-21\bin\jsvml.dll
Event: 1.677 Loaded shared library C:\Program Files\Java\jdk-21\bin\net.dll
Event: 1.680 Loaded shared library C:\Program Files\Java\jdk-21\bin\nio.dll
Event: 1.686 Loaded shared library C:\Program Files\Java\jdk-21\bin\zip.dll
Event: 3.139 Loaded shared library C:\Users\2oleg\Downloads\apache-maven-3.9.11-bin\apache-maven-3.9.11\lib\jansi-native\Windows\x86_64\jansi.dll
Event: 3.149 Loaded shared library C:\Program Files\Java\jdk-21\bin\jimage.dll

Deoptimization events (20 events):
Event: 2.151 Thread 0x00000276efdf32a0 Uncommon trap: trap_request=0xffffff45 fr.pc=0x0000027687ad6378 relative=0x00000000000002b8
Event: 2.151 Thread 0x00000276efdf32a0 Uncommon trap: reason=unstable_if action=reinterpret pc=0x0000027687ad6378 method=java.lang.StringLatin1.hashCode([B)I @ 2 c2
Event: 2.151 Thread 0x00000276efdf32a0 DEOPT PACKING pc=0x0000027687ad6378 sp=0x000000cc1cbfd9f0
Event: 2.151 Thread 0x00000276efdf32a0 DEOPT UNPACKING pc=0x00000276875846a2 sp=0x000000cc1cbfd928 mode 2
Event: 2.171 Thread 0x00000276efdf32a0 DEOPT PACKING pc=0x0000027680019ed5 sp=0x000000cc1cbfe320
Event: 2.171 Thread 0x00000276efdf32a0 DEOPT UNPACKING pc=0x0000027687584e42 sp=0x000000cc1cbfd790 mode 0
Event: 2.171 Thread 0x00000276efdf32a0 DEOPT PACKING pc=0x0000027680019ed5 sp=0x000000cc1cbfe320
Event: 2.171 Thread 0x00000276efdf32a0 DEOPT UNPACKING pc=0x0000027687584e42 sp=0x000000cc1cbfd790 mode 0
Event: 2.171 Thread 0x00000276efdf32a0 DEOPT PACKING pc=0x0000027680019ed5 sp=0x000000cc1cbfe320
Event: 2.171 Thread 0x00000276efdf32a0 DEOPT UNPACKING pc=0x0000027687584e42 sp=0x000000cc1cbfd790 mode 0
Event: 2.172 Thread 0x00000276efdf32a0 DEOPT PACKING pc=0x0000027680019ed5 sp=0x000000cc1cbfe320
Event: 2.172 Thread 0x00000276efdf32a0 DEOPT UNPACKING pc=0x0000027687584e42 sp=0x000000cc1cbfd790 mode 0
Event: 2.172 Thread 0x00000276efdf32a0 DEOPT PACKING pc=0x0000027680019ed5 sp=0x000000cc1cbfe320
Event: 2.172 Thread 0x00000276efdf32a0 DEOPT UNPACKING pc=0x0000027687584e42 sp=0x000000cc1cbfd790 mode 0
Event: 2.172 Thread 0x00000276efdf32a0 DEOPT PACKING pc=0x0000027680019ed5 sp=0x000000cc1cbfe320
Event: 2.172 Thread 0x00000276efdf32a0 DEOPT UNPACKING pc=0x0000027687584e42 sp=0x000000cc1cbfd790 mode 0
Event: 2.640 Thread 0x00000276efdf32a0 Uncommon trap: trap_request=0xffffff45 fr.pc=0x0000027687adfc50 relative=0x0000000000000130
Event: 2.640 Thread 0x00000276efdf32a0 Uncommon trap: reason=unstable_if action=reinterpret pc=0x0000027687adfc50 method=java.lang.StringCoding.countPositives([BII)I @ 17 c2
Event: 2.640 Thread 0x00000276efdf32a0 DEOPT PACKING pc=0x0000027687adfc50 sp=0x000000cc1cbfa6e0
Event: 2.640 Thread 0x00000276efdf32a0 DEOPT UNPACKING pc=0x00000276875846a2 sp=0x000000cc1cbfa680 mode 2

Classes loaded (20 events):
Event: 3.017 Loading class java/util/AbstractSequentialList
Event: 3.017 Loading class java/util/AbstractSequentialList done
Event: 3.017 Loading class java/util/LinkedList done
Event: 3.139 Loading class jdk/internal/loader/NativeLibraries$Unloader
Event: 3.139 Loading class jdk/internal/loader/NativeLibraries$Unloader done
Event: 3.150 Loading class jdk/internal/jimage/ImageLocation
Event: 3.150 Loading class java/lang/Thread$ThreadNumbering
Event: 3.150 Loading class java/lang/Thread$ThreadNumbering done
Event: 3.150 Loading class jdk/internal/jimage/ImageLocation done
Event: 3.158 Loading class java/net/URLClassLoader$2
Event: 3.158 Loading class java/net/URLClassLoader$2 done
Event: 3.158 Loading class sun/nio/fs/WindowsLinkSupport
Event: 3.159 Loading class sun/nio/fs/WindowsLinkSupport done
Event: 3.160 Loading class sun/nio/fs/WindowsPath$1
Event: 3.160 Loading class sun/nio/fs/WindowsPath$1 done
Event: 3.162 Loading class sun/net/www/protocol/jar/JarURLConnection
Event: 3.162 Loading class java/net/JarURLConnection
Event: 3.163 Loading class java/net/JarURLConnection done
Event: 3.163 Loading class sun/net/www/protocol/jar/JarURLConnection done
Event: 3.163 Loading class sun/net/www/protocol/jar/JarFileFactory

Classes unloaded (0 events):
No events

Classes redefined (0 events):
No events

Internal exceptions (11 events):
Event: 2.148 Thread 0x00000276efdf32a0 Exception <a 'java/lang/NoSuchMethodError'{0x00000007540de918}: 'int java.lang.invoke.DirectMethodHandle$Holder.invokeSpecial(java.lang.Object, java.lang.Object, java.lang.Object)'> (0x00000007540de918) 
thrown [s\open\src\hotspot\share\interpreter\linkResolver.cpp, line 773]
Event: 2.845 Thread 0x00000276efdf32a0 Exception <a 'java/lang/NoSuchMethodError'{0x0000000753f39d40}: 'java.lang.Object java.lang.invoke.Invokers$Holder.invokeExact_MT(java.lang.Object, java.lang.Object, java.lang.Object, java.lang.Object, java.lang.Object)'> (0x0000000753f39d40) 
thrown [s\open\src\hotspot\share\interpreter\linkResolver.cpp, line 773]
Event: 2.866 Thread 0x00000276efdf32a0 Exception <a 'java/lang/NullPointerException'{0x0000000753f995f0}> (0x0000000753f995f0) 
thrown [s\open\src\hotspot\share\interpreter\linkResolver.cpp, line 1372]
Event: 3.141 Thread 0x00000276efdf32a0 Exception <a 'java/lang/NullPointerException'{0x0000000753fb8310}> (0x0000000753fb8310) 
thrown [s\open\src\hotspot\share\interpreter\linkResolver.cpp, line 1372]
Event: 3.141 Thread 0x00000276efdf32a0 Exception <a 'java/lang/NullPointerException'{0x0000000753fb85f0}> (0x0000000753fb85f0) 
thrown [s\open\src\hotspot\share\interpreter\linkResolver.cpp, line 1372]
Event: 3.141 Thread 0x00000276efdf32a0 Exception <a 'java/lang/NullPointerException'{0x0000000753fb88d0}> (0x0000000753fb88d0) 
thrown [s\open\src\hotspot\share\interpreter\linkResolver.cpp, line 1372]
Event: 3.146 Thread 0x00000276efdf32a0 Exception <a 'java/lang/NullPointerException'{0x0000000753fbe8e0}> (0x0000000753fbe8e0) 
thrown [s\open\src\hotspot\share\interpreter\linkResolver.cpp, line 1372]
Event: 3.150 Thread 0x00000276efdf32a0 Exception <a 'java/lang/NullPointerException'{0x0000000753fd2ca8}> (0x0000000753fd2ca8) 
thrown [s\open\src\hotspot\share\interpreter\linkResolver.cpp, line 1372]
Event: 3.150 Thread 0x00000276efdf32a0 Exception <a 'java/lang/NullPointerException'{0x0000000753fd2f88}> (0x0000000753fd2f88) 
thrown [s\open\src\hotspot\share\interpreter\linkResolver.cpp, line 1372]
Event: 3.150 Thread 0x00000276efdf32a0 Exception <a 'java/lang/NullPointerException'{0x0000000753fd3268}> (0x0000000753fd3268) 
thrown [s\open\src\hotspot\share\interpreter\linkResolver.cpp, line 1372]
Event: 3.150 Thread 0x00000276efdf32a0 Exception <a 'java/lang/NullPointerException'{0x0000000753fd3548}> (0x0000000753fd3548) 
thrown [s\open\src\hotspot\share\interpreter\linkResolver.cpp, line 1372]

ZGC Phase Switch (0 events):
No events

VM Operations (6 events):
Event: 1.688 Executing VM operation: HandshakeAllThreads (Deoptimize)
Event: 1.688 Executing VM operation: HandshakeAllThreads (Deoptimize) done
Event: 2.688 Executing VM operation: Cleanup
Event: 2.688 Executing VM operation: Cleanup done
Event: 2.864 Executing VM operation: HandshakeAllThreads (Deoptimize)
Event: 2.864 Executing VM operation: HandshakeAllThreads (Deoptimize) done

Events (12 events):
Event: 0.564 Thread 0x00000276efdf32a0 Thread added: 0x00000276efdf32a0
Event: 0.824 Thread 0x00000276fea49ac0 Thread added: 0x00000276fea49ac0
Event: 0.825 Thread 0x00000276fea4a8c0 Thread added: 0x00000276fea4a8c0
Event: 0.825 Thread 0x00000276fea4d420 Thread added: 0x00000276fea4d420
Event: 0.825 Thread 0x00000276fea4de70 Thread added: 0x00000276fea4de70
Event: 0.825 Thread 0x00000276fea4e8c0 Thread added: 0x00000276fea4e8c0
Event: 0.826 Thread 0x00000276fea4f310 Thread added: 0x00000276fea4f310
Event: 0.826 Thread 0x00000276fea520a0 Thread added: 0x00000276fea520a0
Event: 1.036 Thread 0x00000276feabf0e0 Thread added: 0x00000276feabf0e0
Event: 1.344 Thread 0x00000276feca92a0 Thread added: 0x00000276feca92a0
Event: 1.523 Thread 0x00000276fecabd20 Thread added: 0x00000276fecabd20
Event: 3.016 Thread 0x00000276fef18360 Thread added: 0x00000276fef18360


Dynamic libraries:
0x00007ff703c60000 - 0x00007ff703c70000 	C:\Program Files\Java\jdk-21\bin\java.exe
0x00007ff9f5930000 - 0x00007ff9f5b28000 	C:\WINDOWS\SYSTEM32\ntdll.dll
0x00007ff9f5400000 - 0x00007ff9f54c2000 	C:\WINDOWS\System32\KERNEL32.DLL
0x00007ff9f3130000 - 0x00007ff9f3426000 	C:\WINDOWS\System32\KERNELBASE.dll
0x00007ff9f3820000 - 0x00007ff9f3920000 	C:\WINDOWS\System32\ucrtbase.dll
0x00007ff9e2300000 - 0x00007ff9e2319000 	C:\Program Files\Java\jdk-21\bin\jli.dll
0x00007ff9f3da0000 - 0x00007ff9f3e51000 	C:\WINDOWS\System32\ADVAPI32.dll
0x00007ff9f5820000 - 0x00007ff9f58be000 	C:\WINDOWS\System32\msvcrt.dll
0x00007ff9f4800000 - 0x00007ff9f489f000 	C:\WINDOWS\System32\sechost.dll
0x00007ff9f3c10000 - 0x00007ff9f3d30000 	C:\WINDOWS\System32\RPCRT4.dll
0x00007ff9f3560000 - 0x00007ff9f3587000 	C:\WINDOWS\System32\bcrypt.dll
0x00007ff9f3f40000 - 0x00007ff9f40e1000 	C:\WINDOWS\System32\USER32.dll
0x00007ff9f3100000 - 0x00007ff9f3122000 	C:\WINDOWS\System32\win32u.dll
0x00007ff9f47c0000 - 0x00007ff9f47eb000 	C:\WINDOWS\System32\GDI32.dll
0x00007ff9f2f90000 - 0x00007ff9f30a9000 	C:\WINDOWS\System32\gdi32full.dll
0x00007ff9f3590000 - 0x00007ff9f362d000 	C:\WINDOWS\System32\msvcp_win.dll
0x00007ff9e31d0000 - 0x00007ff9e31eb000 	C:\Program Files\Java\jdk-21\bin\VCRUNTIME140.dll
0x00007ff9e4da0000 - 0x00007ff9e503b000 	C:\WINDOWS\WinSxS\amd64_microsoft.windows.common-controls_6595b64144ccf1df_6.0.19041.6456_none_60b8a6cb71f64256\COMCTL32.dll
0x00007ff9ecd10000 - 0x00007ff9ecd1a000 	C:\WINDOWS\SYSTEM32\VERSION.dll
0x00007ff9f3f10000 - 0x00007ff9f3f3f000 	C:\WINDOWS\System32\IMM32.DLL
0x00007ff9ed3a0000 - 0x00007ff9ed3ac000 	C:\Program Files\Java\jdk-21\bin\vcruntime140_1.dll
0x00007ff9c7130000 - 0x00007ff9c71be000 	C:\Program Files\Java\jdk-21\bin\msvcp140.dll
0x00007ff98ebe0000 - 0x00007ff98f8fa000 	C:\Program Files\Java\jdk-21\bin\server\jvm.dll
0x00007ff9f4210000 - 0x00007ff9f427b000 	C:\WINDOWS\System32\WS2_32.dll
0x00007ff9f2df0000 - 0x00007ff9f2e3b000 	C:\WINDOWS\SYSTEM32\POWRPROF.dll
0x00007ff9e0140000 - 0x00007ff9e0167000 	C:\WINDOWS\SYSTEM32\WINMM.dll
0x00007ff9f2dd0000 - 0x00007ff9f2de2000 	C:\WINDOWS\SYSTEM32\UMPDC.dll
0x00007ff9f0dc0000 - 0x00007ff9f0dd2000 	C:\WINDOWS\SYSTEM32\kernel.appcore.dll
0x00007ff9ed370000 - 0x00007ff9ed37a000 	C:\Program Files\Java\jdk-21\bin\jimage.dll
0x00007ff9df840000 - 0x00007ff9dfa41000 	C:\WINDOWS\SYSTEM32\DBGHELP.DLL
0x00007ff9dd350000 - 0x00007ff9dd384000 	C:\WINDOWS\SYSTEM32\dbgcore.DLL
0x00007ff9f3630000 - 0x00007ff9f36b2000 	C:\WINDOWS\System32\bcryptPrimitives.dll
0x00007ff9e0be0000 - 0x00007ff9e0bff000 	C:\Program Files\Java\jdk-21\bin\java.dll
0x00007ff9f4930000 - 0x00007ff9f50a0000 	C:\WINDOWS\System32\SHELL32.dll
0x00007ff9f0fc0000 - 0x00007ff9f1765000 	C:\WINDOWS\SYSTEM32\windows.storage.dll
0x00007ff9f50a0000 - 0x00007ff9f53f4000 	C:\WINDOWS\System32\combase.dll
0x00007ff9f28e0000 - 0x00007ff9f290b000 	C:\WINDOWS\SYSTEM32\Wldp.dll
0x00007ff9f46f0000 - 0x00007ff9f47bd000 	C:\WINDOWS\System32\OLEAUT32.dll
0x00007ff9f3920000 - 0x00007ff9f39cd000 	C:\WINDOWS\System32\SHCORE.dll
0x00007ff9f57c0000 - 0x00007ff9f581b000 	C:\WINDOWS\System32\shlwapi.dll
0x00007ff9f2ec0000 - 0x00007ff9f2ee4000 	C:\WINDOWS\SYSTEM32\profapi.dll
0x00007ff9ab440000 - 0x00007ff9ab517000 	C:\Program Files\Java\jdk-21\bin\jsvml.dll
0x00007ff9ebd20000 - 0x00007ff9ebd30000 	C:\Program Files\Java\jdk-21\bin\net.dll
0x00007ff9ec950000 - 0x00007ff9eca5a000 	C:\WINDOWS\SYSTEM32\WINHTTP.dll
0x00007ff9f25f0000 - 0x00007ff9f265a000 	C:\WINDOWS\system32\mswsock.dll
0x00007ff9dbf20000 - 0x00007ff9dbf36000 	C:\Program Files\Java\jdk-21\bin\nio.dll
0x00007ff9d8a60000 - 0x00007ff9d8a78000 	C:\Program Files\Java\jdk-21\bin\zip.dll
0x00007ff9d0da0000 - 0x00007ff9d0dc4000 	C:\Users\2oleg\Downloads\apache-maven-3.9.11-bin\apache-maven-3.9.11\lib\jansi-native\Windows\x86_64\jansi.dll

dbghelp: loaded successfully - version: 4.0.5 - missing functions: none
symbol engine: initialized successfully - sym options: 0x614 - pdb path: .;C:\Program Files\Java\jdk-21\bin;C:\WINDOWS\SYSTEM32;C:\WINDOWS\WinSxS\amd64_microsoft.windows.common-controls_6595b64144ccf1df_6.0.19041.6456_none_60b8a6cb71f64256;C:\Program Files\Java\jdk-21\bin\server;C:\Users\2oleg\Downloads\apache-maven-3.9.11-bin\apache-maven-3.9.11\lib\jansi-native\Windows\x86_64

VM Arguments:
jvm_args: -Dclassworlds.conf=C:\Users\2oleg\Downloads\apache-maven-3.9.11-bin\apache-maven-3.9.11\bin\m2.conf -Dmaven.home=C:\Users\2oleg\Downloads\apache-maven-3.9.11-bin\apache-maven-3.9.11 -Dlibrary.jansi.path=C:\Users\2oleg\Downloads\apache-maven-3.9.11-bin\apache-maven-3.9.11\lib\jansi-native -Dmaven.multiModuleProjectDirectory=C:\Users\2oleg\Downloads\Telegram Desktop\Kefir\Backend\TransactionSaga 
java_command: org.codehaus.plexus.classworlds.launcher.Launcher spring-boot:run -Dserver.port=8090 -DskipTests
java_class_path (initial): C:\Users\2oleg\Downloads\apache-maven-3.9.11-bin\apache-maven-3.9.11\boot\plexus-classworlds-2.9.0.jar
Launcher Type: SUN_STANDARD

[Global flags]
     intx CICompilerCount                          = 4                                         {product} {ergonomic}
     uint ConcGCThreads                            = 2                                         {product} {ergonomic}
     uint G1ConcRefinementThreads                  = 8                                         {product} {ergonomic}
   size_t G1HeapRegionSize                         = 2097152                                   {product} {ergonomic}
    uintx GCDrainStackTargetSize                   = 64                                        {product} {ergonomic}
   size_t InitialHeapSize                          = 192937984                                 {product} {ergonomic}
   size_t MarkStackSize                            = 4194304                                   {product} {ergonomic}
   size_t MaxHeapSize                              = 3074424832                                {product} {ergonomic}
   size_t MaxNewSize                               = 1843396608                                {product} {ergonomic}
   size_t MinHeapDeltaBytes                        = 2097152                                   {product} {ergonomic}
   size_t MinHeapSize                              = 8388608                                   {product} {ergonomic}
    uintx NonNMethodCodeHeapSize                   = 5839372                                {pd product} {ergonomic}
    uintx NonProfiledCodeHeapSize                  = 122909434                              {pd product} {ergonomic}
    uintx ProfiledCodeHeapSize                     = 122909434                              {pd product} {ergonomic}
    uintx ReservedCodeCacheSize                    = 251658240                              {pd product} {ergonomic}
     bool SegmentedCodeCache                       = true                                      {product} {ergonomic}
   size_t SoftMaxHeapSize                          = 3074424832                             {manageable} {ergonomic}
     bool UseCompressedOops                        = true                           {product lp64_product} {ergonomic}
     bool UseG1GC                                  = true                                      {product} {ergonomic}
     bool UseLargePagesIndividualAllocation        = false                                  {pd product} {ergonomic}

Logging:
Log output configuration:
 #0: stdout all=warning uptime,level,tags foldmultilines=false
 #1: stderr all=off uptime,level,tags foldmultilines=false

Environment Variables:
JAVA_HOME=C:\Program Files\Java\jdk-21
PATH=C:\Program Files\Common Files\Oracle\Java\javapath;C:\Program Files (x86)\Cuminas\Document Express DjVu Plug-in\;C:\Program Files (x86)\Razer Chroma SDK\bin;C:\Program Files\Razer Chroma SDK\bin;C:\WINDOWS\system32;C:\WINDOWS;C:\WINDOWS\System32\Wbem;C:\WINDOWS\System32\WindowsPowerShell\v1.0\;C:\WINDOWS\System32\OpenSSH\;C:\Program Files (x86)\NVIDIA Corporation\PhysX\Common;C:\WINDOWS\system32\config\systemprofile\AppData\Local\Microsoft\WindowsApps;C:\Program Files (x86)\Razer\ChromaBroadcast\bin;C:\Program Files\Razer\ChromaBroadcast\bin;C:\Users\2oleg\AppData\Local\Microsoft\WindowsApps;C:\Program Files\JetBrains\IntelliJ IDEA Community Edition 2024.3\bin;C:\Users\2oleg\AppData\Local\Programs\Microsoft VS Code\bin;C:\Program Files\Docker\Docker\resources\bin;C:\Users\2oleg\Downloads\curl-8.16.0_6-win64-mingw.zip\curl-8.16.0_6-win64-mingw\bin;C:\Users\2oleg\Downloads\curl-8.16.0_6-win64-mingw\curl-8.16.0_6-win64-mingw\bin;C:\Users\2oleg\Downloads\apache-maven-3.9.11-bin\apache-maven-3.9.11\bin;C:\ProgramData\chocolatey\bin;C:\Users\2oleg\AppData\Roaming\Cloud Foundry;C:\Program Files\Git\cmd;C:\Program Files\nodejs\;C:\Users\2oleg\AppData\Local\Muse Hub\lib;C:\Users\2oleg\AppData\Local\Microsoft\WindowsApps;C:\Program Files\JetBrains\IntelliJ IDEA Community Edition 2025.2.4\bin;C:\Users\2oleg\AppData\Local\Programs\Microsoft VS Code\bin;C:\Program Files\jq.exe;C:\Users\2oleg\AppData\Local\Microsoft\WinGet\Packages\jqlang.jq_Microsoft.Winget.Source_8wekyb3d8bbwe;C:\Program Files\Java\jdk-24;C:\Users\2oleg\Downloads\gradle-9.0.0-bin\gradle-9.0.0\bin;C:\Program Files\Docker\Docker\resources\bin;C:\Users\2oleg\AppData\Local\GitHubDesktop\bin;C:\Users\2oleg\AppData\Roaming\npm
USERNAME=2oleg
OS=Windows_NT
PROCESSOR_IDENTIFIER=Intel64 Family 6 Model 60 Stepping 3, GenuineIntel
TMP=C:\Users\2oleg\AppData\Local\Temp
TEMP=C:\Users\2oleg\AppData\Local\Temp




Periodic native trim disabled

---------------  S Y S T E M  ---------------

OS:
 Windows 10 , 64 bit Build 19041 (10.0.19041.5915)
OS uptime: 10 days 12:23 hours
Hyper-V role detected

CPU: total 8 (initial active 8) (4 cores per cpu, 2 threads per core) family 6 model 60 stepping 3 microcode 0x27, cx8, cmov, fxsr, ht, mmx, sse, sse2, sse3, ssse3, sse4.1, sse4.2, popcnt, lzcnt, tsc, tscinvbit, avx, avx2, aes, erms, clmul, bmi1, bmi2, fma, vzeroupper, clflush, hv, rdtscp, f16c
Processor Information for all 8 processors :
  Max Mhz: 2401, Current Mhz: 2401, Mhz Limit: 2401

Memory: 4k page, system-wide physical 11723M (2600M free)
TotalPageFile size 23723M (AvailPageFile size 408M)
current process WorkingSet (physical memory assigned to process): 44M, peak: 45M
current process commit charge ("private bytes"): 270M, peak: 270M

vm_info: Java HotSpot(TM) 64-Bit Server VM (21.0.7+8-LTS-245) for windows-amd64 JRE (21.0.7+8-LTS-245), built on 2025-02-21T05:11:27Z by "mach5one" with MS VC++ 17.6 (VS2022)

END.
