#
# There is insufficient memory for the Java Runtime Environment to continue.
# Native memory allocation (malloc) failed to allocate 282816 bytes for Chunk::new
# Possible reasons:
#   The system is out of physical RAM or swap space
#   The process is running with CompressedOops enabled, and the Java Heap may be blocking the growth of the native heap
# Possible solutions:
#   Reduce memory load on the system
#   Increase physical memory or swap space
#   Check if swap backing store is full
#   Decrease Java heap size (-Xmx/-Xms)
#   Decrease number of Java threads
#   Decrease Java thread stack sizes (-Xss)
#   Set larger code cache with -XX:ReservedCodeCacheSize=
#   JVM is running with Zero Based Compressed Oops mode in which the Java heap is
#     placed in the first 32GB address space. The Java Heap base address is the
#     maximum limit for the native heap growth. Please use -XX:HeapBaseMinAddress
#     to set the Java Heap base and to place the Java Heap above 32GB virtual address.
# This output file may be truncated or incomplete.
#
#  Out of Memory Error (arena.cpp:168), pid=28460, tid=6092
#
# JRE version: Java(TM) SE Runtime Environment (21.0.7+8) (build 21.0.7+8-LTS-245)
# Java VM: Java HotSpot(TM) 64-Bit Server VM (21.0.7+8-LTS-245, mixed mode, sharing, tiered, compressed oops, compressed class ptrs, g1 gc, windows-amd64)
# No core dump will be written. Minidumps are not enabled by default on client versions of Windows
#

---------------  S U M M A R Y ------------

Command Line: --enable-native-access=ALL-UNNAMED -Dclassworlds.conf=C:\Users\2oleg\Downloads\apache-maven-3.9.11-bin\apache-maven-3.9.11\bin\m2.conf -Dmaven.home=C:\Users\2oleg\Downloads\apache-maven-3.9.11-bin\apache-maven-3.9.11 -Dlibrary.jansi.path=C:\Users\2oleg\Downloads\apache-maven-3.9.11-bin\apache-maven-3.9.11\lib\jansi-native -Dmaven.multiModuleProjectDirectory=C:\Users\2oleg\Downloads\Telegram Desktop\Kefir\Backend\TransactionSaga org.codehaus.plexus.classworlds.launcher.Launcher spring-boot:run -Dserver.port=8090 -DskipTests

Host: Intel(R) Core(TM) i7-4700HQ CPU @ 2.40GHz, 8 cores, 11G,  Windows 10 , 64 bit Build 19041 (10.0.19041.5915)
Time: Sat Dec 13 01:37:13 2025 RTZ 2 (s 10 , 64 bit Build 19041 (10.0.19041.5915) elapsed time: 19.596432 seconds (0d 0h 0m 19s)

---------------  T H R E A D  ---------------

Current thread (0x000001f3fea560c0):  JavaThread "C2 CompilerThread0" daemon [_thread_in_native, id=6092, stack(0x0000003e9c600000,0x0000003e9c700000) (1024K)]


Current CompileTask:
C2:  19596 2063       4       jdk.internal.org.objectweb.asm.Frame::execute (2305 bytes)

Stack: [0x0000003e9c600000,0x0000003e9c700000]
Native frames: (J=compiled Java code, j=interpreted, Vv=VM code, C=native code)
V  [jvm.dll+0x6cae19]
V  [jvm.dll+0x855741]
V  [jvm.dll+0x857c6e]
V  [jvm.dll+0x858343]
V  [jvm.dll+0x27e0b6]
V  [jvm.dll+0xc4ecd]
V  [jvm.dll+0xc5403]
V  [jvm.dll+0x2f145d]
V  [jvm.dll+0x5f5a8a]
V  [jvm.dll+0x24fbc2]
V  [jvm.dll+0x24ff7f]
V  [jvm.dll+0x248a9c]
V  [jvm.dll+0x246004]
V  [jvm.dll+0x1c6efe]
V  [jvm.dll+0x255819]
V  [jvm.dll+0x253daa]
V  [jvm.dll+0x3eebb6]
V  [jvm.dll+0x7ffa1b]
V  [jvm.dll+0x6c94fd]
C  [ucrtbase.dll+0x21bb2]
C  [KERNEL32.DLL+0x17374]
C  [ntdll.dll+0x4cc91]


---------------  P R O C E S S  ---------------

Threads class SMR info:
_java_thread_list=0x000001f3df634a60, length=11, elements={
0x000001f3f81905c0, 0x000001f3fea4d570, 0x000001f3fea4dfd0, 0x000001f3fea4f030,
0x000001f3fea4fa80, 0x000001f3fea504d0, 0x000001f3fea50f20, 0x000001f3fea560c0,
0x000001f3feac1750, 0x000001f3995aae50, 0x000001f3995ae2a0
}

Java Threads: ( => current thread )
  0x000001f3f81905c0 JavaThread "main"                              [_thread_in_native, id=4264, stack(0x0000003e9b800000,0x0000003e9b900000) (1024K)]
  0x000001f3fea4d570 JavaThread "Reference Handler"          daemon [_thread_blocked, id=28924, stack(0x0000003e9c000000,0x0000003e9c100000) (1024K)]
  0x000001f3fea4dfd0 JavaThread "Finalizer"                  daemon [_thread_blocked, id=31648, stack(0x0000003e9c100000,0x0000003e9c200000) (1024K)]
  0x000001f3fea4f030 JavaThread "Signal Dispatcher"          daemon [_thread_blocked, id=16772, stack(0x0000003e9c200000,0x0000003e9c300000) (1024K)]
  0x000001f3fea4fa80 JavaThread "Attach Listener"            daemon [_thread_blocked, id=20896, stack(0x0000003e9c300000,0x0000003e9c400000) (1024K)]
  0x000001f3fea504d0 JavaThread "Service Thread"             daemon [_thread_blocked, id=22624, stack(0x0000003e9c400000,0x0000003e9c500000) (1024K)]
  0x000001f3fea50f20 JavaThread "Monitor Deflation Thread"   daemon [_thread_blocked, id=1136, stack(0x0000003e9c500000,0x0000003e9c600000) (1024K)]
=>0x000001f3fea560c0 JavaThread "C2 CompilerThread0"         daemon [_thread_in_native, id=6092, stack(0x0000003e9c600000,0x0000003e9c700000) (1024K)]
  0x000001f3feac1750 JavaThread "C1 CompilerThread0"         daemon [_thread_blocked, id=31440, stack(0x0000003e9c700000,0x0000003e9c800000) (1024K)]
  0x000001f3995aae50 JavaThread "Notification Thread"        daemon [_thread_blocked, id=25732, stack(0x0000003e9c800000,0x0000003e9c900000) (1024K)]
  0x000001f3995ae2a0 JavaThread "Common-Cleaner"             daemon [_thread_blocked, id=27636, stack(0x0000003e9c900000,0x0000003e9ca00000) (1024K)]
Total: 11

Other Threads:
  0x000001f3fea32c50 VMThread "VM Thread"                           [id=17188, stack(0x0000003e9bf00000,0x0000003e9c000000) (1024K)]
  0x000001f3fea1e590 WatcherThread "VM Periodic Task Thread"        [id=19608, stack(0x0000003e9be00000,0x0000003e9bf00000) (1024K)]
  0x000001f3fa35ff90 WorkerThread "GC Thread#0"                     [id=2668, stack(0x0000003e9b900000,0x0000003e9ba00000) (1024K)]
  0x000001f3df1a4930 WorkerThread "GC Thread#1"                     [id=28408, stack(0x0000003e9cc00000,0x0000003e9cd00000) (1024K)]
  0x000001f3df1a4cd0 WorkerThread "GC Thread#2"                     [id=28476, stack(0x0000003e9cd00000,0x0000003e9ce00000) (1024K)]
  0x000001f3df273ff0 WorkerThread "GC Thread#3"                     [id=7588, stack(0x0000003e9ce00000,0x0000003e9cf00000) (1024K)]
  0x000001f3df274fc0 WorkerThread "GC Thread#4"                     [id=29244, stack(0x0000003e9cf00000,0x0000003e9d000000) (1024K)]
  0x000001f3df2747a0 WorkerThread "GC Thread#5"                     [id=30752, stack(0x0000003e9d000000,0x0000003e9d100000) (1024K)]
  0x000001f3996326b0 WorkerThread "GC Thread#6"                     [id=29848, stack(0x0000003e9d100000,0x0000003e9d200000) (1024K)]
  0x000001f399632a50 WorkerThread "GC Thread#7"                     [id=29884, stack(0x0000003e9d200000,0x0000003e9d300000) (1024K)]
  0x000001f3fa36c5c0 ConcurrentGCThread "G1 Main Marker"            [id=13000, stack(0x0000003e9ba00000,0x0000003e9bb00000) (1024K)]
  0x000001f3fa36cfd0 WorkerThread "G1 Conc#0"                       [id=3788, stack(0x0000003e9bb00000,0x0000003e9bc00000) (1024K)]
  0x000001f3fa3de1a0 ConcurrentGCThread "G1 Refine#0"               [id=30540, stack(0x0000003e9bc00000,0x0000003e9bd00000) (1024K)]
  0x000001f3fa3deb20 ConcurrentGCThread "G1 Service"                [id=21612, stack(0x0000003e9bd00000,0x0000003e9be00000) (1024K)]
Total: 14

Threads with active compile tasks:
C2 CompilerThread0    19635 2063       4       jdk.internal.org.objectweb.asm.Frame::execute (2305 bytes)
Total: 1

VM state: not at safepoint (normal execution)

VM Mutex/Monitor currently owned by a thread: None

Heap address: 0x0000000748c00000, size: 2932 MB, Compressed Oops mode: Zero based, Oop shift amount: 3

CDS archive(s) mapped at: [0x000001f39a000000-0x000001f39ac90000-0x000001f39ac90000), size 13172736, SharedBaseAddress: 0x000001f39a000000, ArchiveRelocationMode: 1.
Compressed class space mapped at: 0x000001f39b000000-0x000001f3db000000, reserved size: 1073741824
Narrow klass base: 0x000001f39a000000, Narrow klass shift: 0, Narrow klass range: 0x100000000

GC Precious Log:
 CardTable entry size: 512
 Card Set container configuration: InlinePtr #cards 4 size 8 Array Of Cards #cards 16 size 48 Howl #buckets 8 coarsen threshold 3686 Howl Bitmap #cards 512 size 80 coarsen threshold 460 Card regions per heap region 1 cards per card region 4096
 CPUs: 8 total, 8 available
 Memory: 11723M
 Large Page Support: Disabled
 NUMA Support: Disabled
 Compressed Oops: Enabled (Zero based)
 Heap Region Size: 2M
 Heap Min Capacity: 8M
 Heap Initial Capacity: 184M
 Heap Max Capacity: 2932M
 Pre-touch: Disabled
 Parallel Workers: 8
 Concurrent Workers: 2
 Concurrent Refinement Workers: 8
 Periodic GC: Disabled

Heap:
 garbage-first heap   total 188416K, used 11722K [0x0000000748c00000, 0x0000000800000000)
  region size 2048K, 5 young (10240K), 1 survivors (2048K)
 Metaspace       used 11181K, committed 11392K, reserved 1114112K
  class space    used 1322K, committed 1408K, reserved 1048576K

Heap Regions: E=young(eden), S=young(survivor), O=old, HS=humongous(starts), HC=humongous(continues), CS=collection set, F=free, TAMS=top-at-mark-start, PB=parsable bottom
|   0|0x0000000748c00000, 0x0000000748e00000, 0x0000000748e00000|100%| O|  |TAMS 0x0000000748c00000| PB 0x0000000748c00000| Untracked 
|   1|0x0000000748e00000, 0x0000000748f87f60, 0x0000000749000000| 76%| O|  |TAMS 0x0000000748e00000| PB 0x0000000748e00000| Untracked 
|   2|0x0000000749000000, 0x0000000749000000, 0x0000000749200000|  0%| F|  |TAMS 0x0000000749000000| PB 0x0000000749000000| Untracked 
|   3|0x0000000749200000, 0x0000000749200000, 0x0000000749400000|  0%| F|  |TAMS 0x0000000749200000| PB 0x0000000749200000| Untracked 
|   4|0x0000000749400000, 0x0000000749400000, 0x0000000749600000|  0%| F|  |TAMS 0x0000000749400000| PB 0x0000000749400000| Untracked 
|   5|0x0000000749600000, 0x0000000749600000, 0x0000000749800000|  0%| F|  |TAMS 0x0000000749600000| PB 0x0000000749600000| Untracked 
|   6|0x0000000749800000, 0x0000000749800000, 0x0000000749a00000|  0%| F|  |TAMS 0x0000000749800000| PB 0x0000000749800000| Untracked 
|   7|0x0000000749a00000, 0x0000000749a00000, 0x0000000749c00000|  0%| F|  |TAMS 0x0000000749a00000| PB 0x0000000749a00000| Untracked 
|   8|0x0000000749c00000, 0x0000000749c00000, 0x0000000749e00000|  0%| F|  |TAMS 0x0000000749c00000| PB 0x0000000749c00000| Untracked 
|   9|0x0000000749e00000, 0x0000000749e00000, 0x000000074a000000|  0%| F|  |TAMS 0x0000000749e00000| PB 0x0000000749e00000| Untracked 
|  10|0x000000074a000000, 0x000000074a000000, 0x000000074a200000|  0%| F|  |TAMS 0x000000074a000000| PB 0x000000074a000000| Untracked 
|  11|0x000000074a200000, 0x000000074a200000, 0x000000074a400000|  0%| F|  |TAMS 0x000000074a200000| PB 0x000000074a200000| Untracked 
|  12|0x000000074a400000, 0x000000074a400000, 0x000000074a600000|  0%| F|  |TAMS 0x000000074a400000| PB 0x000000074a400000| Untracked 
|  13|0x000000074a600000, 0x000000074a600000, 0x000000074a800000|  0%| F|  |TAMS 0x000000074a600000| PB 0x000000074a600000| Untracked 
|  14|0x000000074a800000, 0x000000074a800000, 0x000000074aa00000|  0%| F|  |TAMS 0x000000074a800000| PB 0x000000074a800000| Untracked 
|  15|0x000000074aa00000, 0x000000074aa00000, 0x000000074ac00000|  0%| F|  |TAMS 0x000000074aa00000| PB 0x000000074aa00000| Untracked 
|  16|0x000000074ac00000, 0x000000074ac00000, 0x000000074ae00000|  0%| F|  |TAMS 0x000000074ac00000| PB 0x000000074ac00000| Untracked 
|  17|0x000000074ae00000, 0x000000074ae00000, 0x000000074b000000|  0%| F|  |TAMS 0x000000074ae00000| PB 0x000000074ae00000| Untracked 
|  18|0x000000074b000000, 0x000000074b000000, 0x000000074b200000|  0%| F|  |TAMS 0x000000074b000000| PB 0x000000074b000000| Untracked 
|  19|0x000000074b200000, 0x000000074b200000, 0x000000074b400000|  0%| F|  |TAMS 0x000000074b200000| PB 0x000000074b200000| Untracked 
|  20|0x000000074b400000, 0x000000074b400000, 0x000000074b600000|  0%| F|  |TAMS 0x000000074b400000| PB 0x000000074b400000| Untracked 
|  21|0x000000074b600000, 0x000000074b600000, 0x000000074b800000|  0%| F|  |TAMS 0x000000074b600000| PB 0x000000074b600000| Untracked 
|  22|0x000000074b800000, 0x000000074b800000, 0x000000074ba00000|  0%| F|  |TAMS 0x000000074b800000| PB 0x000000074b800000| Untracked 
|  23|0x000000074ba00000, 0x000000074ba00000, 0x000000074bc00000|  0%| F|  |TAMS 0x000000074ba00000| PB 0x000000074ba00000| Untracked 
|  24|0x000000074bc00000, 0x000000074bc00000, 0x000000074be00000|  0%| F|  |TAMS 0x000000074bc00000| PB 0x000000074bc00000| Untracked 
|  25|0x000000074be00000, 0x000000074be00000, 0x000000074c000000|  0%| F|  |TAMS 0x000000074be00000| PB 0x000000074be00000| Untracked 
|  26|0x000000074c000000, 0x000000074c000000, 0x000000074c200000|  0%| F|  |TAMS 0x000000074c000000| PB 0x000000074c000000| Untracked 
|  27|0x000000074c200000, 0x000000074c200000, 0x000000074c400000|  0%| F|  |TAMS 0x000000074c200000| PB 0x000000074c200000| Untracked 
|  28|0x000000074c400000, 0x000000074c400000, 0x000000074c600000|  0%| F|  |TAMS 0x000000074c400000| PB 0x000000074c400000| Untracked 
|  29|0x000000074c600000, 0x000000074c600000, 0x000000074c800000|  0%| F|  |TAMS 0x000000074c600000| PB 0x000000074c600000| Untracked 
|  30|0x000000074c800000, 0x000000074c800000, 0x000000074ca00000|  0%| F|  |TAMS 0x000000074c800000| PB 0x000000074c800000| Untracked 
|  31|0x000000074ca00000, 0x000000074ca00000, 0x000000074cc00000|  0%| F|  |TAMS 0x000000074ca00000| PB 0x000000074ca00000| Untracked 
|  32|0x000000074cc00000, 0x000000074cc00000, 0x000000074ce00000|  0%| F|  |TAMS 0x000000074cc00000| PB 0x000000074cc00000| Untracked 
|  33|0x000000074ce00000, 0x000000074ce00000, 0x000000074d000000|  0%| F|  |TAMS 0x000000074ce00000| PB 0x000000074ce00000| Untracked 
|  34|0x000000074d000000, 0x000000074d000000, 0x000000074d200000|  0%| F|  |TAMS 0x000000074d000000| PB 0x000000074d000000| Untracked 
|  35|0x000000074d200000, 0x000000074d200000, 0x000000074d400000|  0%| F|  |TAMS 0x000000074d200000| PB 0x000000074d200000| Untracked 
|  36|0x000000074d400000, 0x000000074d400000, 0x000000074d600000|  0%| F|  |TAMS 0x000000074d400000| PB 0x000000074d400000| Untracked 
|  37|0x000000074d600000, 0x000000074d600000, 0x000000074d800000|  0%| F|  |TAMS 0x000000074d600000| PB 0x000000074d600000| Untracked 
|  38|0x000000074d800000, 0x000000074d800000, 0x000000074da00000|  0%| F|  |TAMS 0x000000074d800000| PB 0x000000074d800000| Untracked 
|  39|0x000000074da00000, 0x000000074da00000, 0x000000074dc00000|  0%| F|  |TAMS 0x000000074da00000| PB 0x000000074da00000| Untracked 
|  40|0x000000074dc00000, 0x000000074dc00000, 0x000000074de00000|  0%| F|  |TAMS 0x000000074dc00000| PB 0x000000074dc00000| Untracked 
|  41|0x000000074de00000, 0x000000074de00000, 0x000000074e000000|  0%| F|  |TAMS 0x000000074de00000| PB 0x000000074de00000| Untracked 
|  42|0x000000074e000000, 0x000000074e000000, 0x000000074e200000|  0%| F|  |TAMS 0x000000074e000000| PB 0x000000074e000000| Untracked 
|  43|0x000000074e200000, 0x000000074e200000, 0x000000074e400000|  0%| F|  |TAMS 0x000000074e200000| PB 0x000000074e200000| Untracked 
|  44|0x000000074e400000, 0x000000074e400000, 0x000000074e600000|  0%| F|  |TAMS 0x000000074e400000| PB 0x000000074e400000| Untracked 
|  45|0x000000074e600000, 0x000000074e600000, 0x000000074e800000|  0%| F|  |TAMS 0x000000074e600000| PB 0x000000074e600000| Untracked 
|  46|0x000000074e800000, 0x000000074e800000, 0x000000074ea00000|  0%| F|  |TAMS 0x000000074e800000| PB 0x000000074e800000| Untracked 
|  47|0x000000074ea00000, 0x000000074ea00000, 0x000000074ec00000|  0%| F|  |TAMS 0x000000074ea00000| PB 0x000000074ea00000| Untracked 
|  48|0x000000074ec00000, 0x000000074ec00000, 0x000000074ee00000|  0%| F|  |TAMS 0x000000074ec00000| PB 0x000000074ec00000| Untracked 
|  49|0x000000074ee00000, 0x000000074ee00000, 0x000000074f000000|  0%| F|  |TAMS 0x000000074ee00000| PB 0x000000074ee00000| Untracked 
|  50|0x000000074f000000, 0x000000074f000000, 0x000000074f200000|  0%| F|  |TAMS 0x000000074f000000| PB 0x000000074f000000| Untracked 
|  51|0x000000074f200000, 0x000000074f200000, 0x000000074f400000|  0%| F|  |TAMS 0x000000074f200000| PB 0x000000074f200000| Untracked 
|  52|0x000000074f400000, 0x000000074f400000, 0x000000074f600000|  0%| F|  |TAMS 0x000000074f400000| PB 0x000000074f400000| Untracked 
|  53|0x000000074f600000, 0x000000074f600000, 0x000000074f800000|  0%| F|  |TAMS 0x000000074f600000| PB 0x000000074f600000| Untracked 
|  54|0x000000074f800000, 0x000000074f800000, 0x000000074fa00000|  0%| F|  |TAMS 0x000000074f800000| PB 0x000000074f800000| Untracked 
|  55|0x000000074fa00000, 0x000000074fa00000, 0x000000074fc00000|  0%| F|  |TAMS 0x000000074fa00000| PB 0x000000074fa00000| Untracked 
|  56|0x000000074fc00000, 0x000000074fc00000, 0x000000074fe00000|  0%| F|  |TAMS 0x000000074fc00000| PB 0x000000074fc00000| Untracked 
|  57|0x000000074fe00000, 0x000000074fe00000, 0x0000000750000000|  0%| F|  |TAMS 0x000000074fe00000| PB 0x000000074fe00000| Untracked 
|  58|0x0000000750000000, 0x0000000750000000, 0x0000000750200000|  0%| F|  |TAMS 0x0000000750000000| PB 0x0000000750000000| Untracked 
|  59|0x0000000750200000, 0x0000000750200000, 0x0000000750400000|  0%| F|  |TAMS 0x0000000750200000| PB 0x0000000750200000| Untracked 
|  60|0x0000000750400000, 0x0000000750400000, 0x0000000750600000|  0%| F|  |TAMS 0x0000000750400000| PB 0x0000000750400000| Untracked 
|  61|0x0000000750600000, 0x0000000750600000, 0x0000000750800000|  0%| F|  |TAMS 0x0000000750600000| PB 0x0000000750600000| Untracked 
|  62|0x0000000750800000, 0x0000000750800000, 0x0000000750a00000|  0%| F|  |TAMS 0x0000000750800000| PB 0x0000000750800000| Untracked 
|  63|0x0000000750a00000, 0x0000000750a00000, 0x0000000750c00000|  0%| F|  |TAMS 0x0000000750a00000| PB 0x0000000750a00000| Untracked 
|  64|0x0000000750c00000, 0x0000000750c00000, 0x0000000750e00000|  0%| F|  |TAMS 0x0000000750c00000| PB 0x0000000750c00000| Untracked 
|  65|0x0000000750e00000, 0x0000000750e00000, 0x0000000751000000|  0%| F|  |TAMS 0x0000000750e00000| PB 0x0000000750e00000| Untracked 
|  66|0x0000000751000000, 0x0000000751000000, 0x0000000751200000|  0%| F|  |TAMS 0x0000000751000000| PB 0x0000000751000000| Untracked 
|  67|0x0000000751200000, 0x0000000751200000, 0x0000000751400000|  0%| F|  |TAMS 0x0000000751200000| PB 0x0000000751200000| Untracked 
|  68|0x0000000751400000, 0x0000000751400000, 0x0000000751600000|  0%| F|  |TAMS 0x0000000751400000| PB 0x0000000751400000| Untracked 
|  69|0x0000000751600000, 0x0000000751600000, 0x0000000751800000|  0%| F|  |TAMS 0x0000000751600000| PB 0x0000000751600000| Untracked 
|  70|0x0000000751800000, 0x0000000751800000, 0x0000000751a00000|  0%| F|  |TAMS 0x0000000751800000| PB 0x0000000751800000| Untracked 
|  71|0x0000000751a00000, 0x0000000751a00000, 0x0000000751c00000|  0%| F|  |TAMS 0x0000000751a00000| PB 0x0000000751a00000| Untracked 
|  72|0x0000000751c00000, 0x0000000751c00000, 0x0000000751e00000|  0%| F|  |TAMS 0x0000000751c00000| PB 0x0000000751c00000| Untracked 
|  73|0x0000000751e00000, 0x0000000751feabc0, 0x0000000752000000| 95%| S|CS|TAMS 0x0000000751e00000| PB 0x0000000751e00000| Complete 
|  74|0x0000000752000000, 0x0000000752000000, 0x0000000752200000|  0%| F|  |TAMS 0x0000000752000000| PB 0x0000000752000000| Untracked 
|  75|0x0000000752200000, 0x0000000752200000, 0x0000000752400000|  0%| F|  |TAMS 0x0000000752200000| PB 0x0000000752200000| Untracked 
|  76|0x0000000752400000, 0x0000000752400000, 0x0000000752600000|  0%| F|  |TAMS 0x0000000752400000| PB 0x0000000752400000| Untracked 
|  77|0x0000000752600000, 0x0000000752600000, 0x0000000752800000|  0%| F|  |TAMS 0x0000000752600000| PB 0x0000000752600000| Untracked 
|  78|0x0000000752800000, 0x0000000752800000, 0x0000000752a00000|  0%| F|  |TAMS 0x0000000752800000| PB 0x0000000752800000| Untracked 
|  79|0x0000000752a00000, 0x0000000752a00000, 0x0000000752c00000|  0%| F|  |TAMS 0x0000000752a00000| PB 0x0000000752a00000| Untracked 
|  80|0x0000000752c00000, 0x0000000752c00000, 0x0000000752e00000|  0%| F|  |TAMS 0x0000000752c00000| PB 0x0000000752c00000| Untracked 
|  81|0x0000000752e00000, 0x0000000752e00000, 0x0000000753000000|  0%| F|  |TAMS 0x0000000752e00000| PB 0x0000000752e00000| Untracked 
|  82|0x0000000753000000, 0x0000000753000000, 0x0000000753200000|  0%| F|  |TAMS 0x0000000753000000| PB 0x0000000753000000| Untracked 
|  83|0x0000000753200000, 0x0000000753200000, 0x0000000753400000|  0%| F|  |TAMS 0x0000000753200000| PB 0x0000000753200000| Untracked 
|  84|0x0000000753400000, 0x0000000753400000, 0x0000000753600000|  0%| F|  |TAMS 0x0000000753400000| PB 0x0000000753400000| Untracked 
|  85|0x0000000753600000, 0x0000000753600000, 0x0000000753800000|  0%| F|  |TAMS 0x0000000753600000| PB 0x0000000753600000| Untracked 
|  86|0x0000000753800000, 0x0000000753800000, 0x0000000753a00000|  0%| F|  |TAMS 0x0000000753800000| PB 0x0000000753800000| Untracked 
|  87|0x0000000753a00000, 0x0000000753a00000, 0x0000000753c00000|  0%| F|  |TAMS 0x0000000753a00000| PB 0x0000000753a00000| Untracked 
|  88|0x0000000753c00000, 0x0000000753ca88c0, 0x0000000753e00000| 32%| E|  |TAMS 0x0000000753c00000| PB 0x0000000753c00000| Complete 
|  89|0x0000000753e00000, 0x0000000754000000, 0x0000000754000000|100%| E|CS|TAMS 0x0000000753e00000| PB 0x0000000753e00000| Complete 
|  90|0x0000000754000000, 0x0000000754200000, 0x0000000754200000|100%| E|CS|TAMS 0x0000000754000000| PB 0x0000000754000000| Complete 
|  91|0x0000000754200000, 0x0000000754400000, 0x0000000754400000|100%| E|CS|TAMS 0x0000000754200000| PB 0x0000000754200000| Complete 

Card table byte_map: [0x000001f3facd0000,0x000001f3fb290000] _byte_map_base: 0x000001f3f728a000

Marking Bits: (CMBitMap*) 0x000001f3fa3605a0
 Bits: [0x000001f3fb290000, 0x000001f3fe060000)

Polling page: 0x000001f3f9ae0000

Metaspace:

Usage:
  Non-class:      9.63 MB used.
      Class:      1.29 MB used.
       Both:     10.92 MB used.

Virtual space:
  Non-class space:       64.00 MB reserved,       9.75 MB ( 15%) committed,  1 nodes.
      Class space:        1.00 GB reserved,       1.38 MB ( <1%) committed,  1 nodes.
             Both:        1.06 GB reserved,      11.12 MB (  1%) committed. 

Chunk freelists:
   Non-Class:  4.98 MB
       Class:  14.64 MB
        Both:  19.62 MB

MaxMetaspaceSize: unlimited
CompressedClassSpaceSize: 1.00 GB
Initial GC threshold: 21.00 MB
Current GC threshold: 21.00 MB
CDS: on
 - commit_granule_bytes: 65536.
 - commit_granule_words: 8192.
 - virtual_space_node_default_size: 8388608.
 - enlarge_chunks_in_place: 1.
 - use_allocation_guard: 0.


Internal statistics:

num_allocs_failed_limit: 0.
num_arena_births: 108.
num_arena_deaths: 0.
num_vsnodes_births: 2.
num_vsnodes_deaths: 0.
num_space_committed: 178.
num_space_uncommitted: 0.
num_chunks_returned_to_freelist: 0.
num_chunks_taken_from_freelist: 462.
num_chunk_merges: 0.
num_chunk_splits: 333.
num_chunks_enlarged: 276.
num_inconsistent_stats: 0.

CodeHeap 'non-profiled nmethods': size=120000Kb used=909Kb max_used=909Kb free=119090Kb
 bounds [0x000001f38fea0000, 0x000001f390110000, 0x000001f3973d0000]
CodeHeap 'profiled nmethods': size=120000Kb used=4033Kb max_used=4033Kb free=115966Kb
 bounds [0x000001f3883d0000, 0x000001f3887d0000, 0x000001f38f900000]
CodeHeap 'non-nmethods': size=5760Kb used=1365Kb max_used=1382Kb free=4394Kb
 bounds [0x000001f38f900000, 0x000001f38fb70000, 0x000001f38fea0000]
 total_blobs=2524 nmethods=2058 adapters=370
 compilation: enabled
              stopped_count=0, restarted_count=0
 full_count=0

Compilation events (20 events):
Event: 19.574 Thread 0x000001f3fea560c0 nmethod 2029 0x000001f38ff82c10 code [0x000001f38ff82da0, 0x000001f38ff82f10]
Event: 19.581 Thread 0x000001f3fea560c0 2058       4       java.util.ArrayList::elementAt (4 bytes)
Event: 19.581 Thread 0x000001f3fea560c0 nmethod 2058 0x000001f38ff82f90 code [0x000001f38ff83120, 0x000001f38ff831d0]
Event: 19.582 Thread 0x000001f3feac1750 2059       3       com.google.common.collect.ImmutableList::copyOf (44 bytes)
Event: 19.582 Thread 0x000001f3feac1750 nmethod 2059 0x000001f3887bbd10 code [0x000001f3887bbf80, 0x000001f3887bc958]
Event: 19.587 Thread 0x000001f3feac1750 2060       1       jdk.internal.org.objectweb.asm.SymbolTable::getClassName (5 bytes)
Event: 19.587 Thread 0x000001f3feac1750 nmethod 2060 0x000001f38ff83290 code [0x000001f38ff83420, 0x000001f38ff834f0]
Event: 19.587 Thread 0x000001f3feac1750 2061       3       jdk.internal.org.objectweb.asm.Type::getDescriptor (93 bytes)
Event: 19.587 Thread 0x000001f3fea560c0 2063       4       jdk.internal.org.objectweb.asm.Frame::execute (2305 bytes)
Event: 19.588 Thread 0x000001f3feac1750 nmethod 2061 0x000001f3887bcc90 code [0x000001f3887bcf00, 0x000001f3887bd610]
Event: 19.588 Thread 0x000001f3feac1750 2062       3       jdk.internal.org.objectweb.asm.MethodWriter::visitCode (1 bytes)
Event: 19.588 Thread 0x000001f3feac1750 nmethod 2062 0x000001f3887bd910 code [0x000001f3887bdaa0, 0x000001f3887bdba8]
Event: 19.588 Thread 0x000001f3feac1750 2064   !   3       java.lang.invoke.MethodHandle::setVarargs (50 bytes)
Event: 19.589 Thread 0x000001f3feac1750 nmethod 2064 0x000001f3887bdc10 code [0x000001f3887bdee0, 0x000001f3887bead8]
Event: 19.589 Thread 0x000001f3feac1750 2067       3       java.lang.reflect.Proxy$ProxyBuilder::addElementTypes (33 bytes)
Event: 19.590 Thread 0x000001f3feac1750 nmethod 2067 0x000001f3887bef10 code [0x000001f3887bf120, 0x000001f3887bf7f0]
Event: 19.590 Thread 0x000001f3feac1750 2065       3       java.lang.invoke.MemberName::isVarargs (23 bytes)
Event: 19.590 Thread 0x000001f3feac1750 nmethod 2065 0x000001f3887bfb10 code [0x000001f3887bfce0, 0x000001f3887c0050]
Event: 19.591 Thread 0x000001f3feac1750 2068       3       java.util.ArrayList::isClear (21 bytes)
Event: 19.591 Thread 0x000001f3feac1750 nmethod 2068 0x000001f3887c0190 code [0x000001f3887c0340, 0x000001f3887c04c8]

GC Heap History (4 events):
Event: 8.812 GC heap before
{Heap before GC invocations=0 (full 0):
 garbage-first heap   total 188416K, used 22528K [0x0000000748c00000, 0x0000000800000000)
  region size 2048K, 11 young (22528K), 0 survivors (0K)
 Metaspace       used 5621K, committed 5824K, reserved 1114112K
  class space    used 646K, committed 768K, reserved 1048576K
}
Event: 9.385 GC heap after
{Heap after GC invocations=1 (full 0):
 garbage-first heap   total 188416K, used 3840K [0x0000000748c00000, 0x0000000800000000)
  region size 2048K, 2 young (4096K), 2 survivors (4096K)
 Metaspace       used 5621K, committed 5824K, reserved 1114112K
  class space    used 646K, committed 768K, reserved 1048576K
}
Event: 17.183 GC heap before
{Heap before GC invocations=1 (full 0):
 garbage-first heap   total 188416K, used 36608K [0x0000000748c00000, 0x0000000800000000)
  region size 2048K, 18 young (36864K), 2 survivors (4096K)
 Metaspace       used 9821K, committed 9984K, reserved 1114112K
  class space    used 1150K, committed 1216K, reserved 1048576K
}
Event: 17.191 GC heap after
{Heap after GC invocations=2 (full 0):
 garbage-first heap   total 188416K, used 5578K [0x0000000748c00000, 0x0000000800000000)
  region size 2048K, 1 young (2048K), 1 survivors (2048K)
 Metaspace       used 9821K, committed 9984K, reserved 1114112K
  class space    used 1150K, committed 1216K, reserved 1048576K
}

Dll operation events (8 events):
Event: 0.475 Loaded shared library C:\Program Files\Java\jdk-21\bin\java.dll
Event: 1.580 Loaded shared library C:\Program Files\Java\jdk-21\bin\jsvml.dll
Event: 2.308 Loaded shared library C:\Program Files\Java\jdk-21\bin\net.dll
Event: 2.311 Loaded shared library C:\Program Files\Java\jdk-21\bin\nio.dll
Event: 2.317 Loaded shared library C:\Program Files\Java\jdk-21\bin\zip.dll
Event: 3.948 Loaded shared library C:\Users\2oleg\Downloads\apache-maven-3.9.11-bin\apache-maven-3.9.11\lib\jansi-native\Windows\x86_64\jansi.dll
Event: 3.970 Loaded shared library C:\Program Files\Java\jdk-21\bin\verify.dll
Event: 4.239 Loaded shared library C:\Program Files\Java\jdk-21\bin\jimage.dll

Deoptimization events (20 events):
Event: 16.966 Thread 0x000001f3f81905c0 Uncommon trap: trap_request=0xffffffc6 fr.pc=0x000001f38ff44f18 relative=0x0000000000000318
Event: 16.966 Thread 0x000001f3f81905c0 Uncommon trap: reason=bimorphic_or_optimized_type_check action=maybe_recompile pc=0x000001f38ff44f18 method=java.util.HashMap.getNode(Ljava/lang/Object;)Ljava/util/HashMap$Node; @ 63 c2
Event: 16.966 Thread 0x000001f3f81905c0 DEOPT PACKING pc=0x000001f38ff44f18 sp=0x0000003e9b8fe5f0
Event: 16.966 Thread 0x000001f3f81905c0 DEOPT UNPACKING pc=0x000001f38f9546a2 sp=0x0000003e9b8fe568 mode 2
Event: 19.168 Thread 0x000001f3f81905c0 Uncommon trap: trap_request=0xffffff45 fr.pc=0x000001f38ff6a510 relative=0x00000000000002d0
Event: 19.168 Thread 0x000001f3f81905c0 Uncommon trap: reason=unstable_if action=reinterpret pc=0x000001f38ff6a510 method=java.util.concurrent.ConcurrentHashMap.get(Ljava/lang/Object;)Ljava/lang/Object; @ 76 c2
Event: 19.168 Thread 0x000001f3f81905c0 DEOPT PACKING pc=0x000001f38ff6a510 sp=0x0000003e9b8fb620
Event: 19.168 Thread 0x000001f3f81905c0 DEOPT UNPACKING pc=0x000001f38f9546a2 sp=0x0000003e9b8fb598 mode 2
Event: 19.201 Thread 0x000001f3f81905c0 Uncommon trap: trap_request=0xffffff45 fr.pc=0x000001f38ff3f70c relative=0x000000000000060c
Event: 19.201 Thread 0x000001f3f81905c0 Uncommon trap: reason=unstable_if action=reinterpret pc=0x000001f38ff3f70c method=java.lang.Integer.getChars(II[B)I @ 25 c2
Event: 19.201 Thread 0x000001f3f81905c0 DEOPT PACKING pc=0x000001f38ff3f70c sp=0x0000003e9b8fe010
Event: 19.201 Thread 0x000001f3f81905c0 DEOPT UNPACKING pc=0x000001f38f9546a2 sp=0x0000003e9b8fdf58 mode 2
Event: 19.417 Thread 0x000001f3f81905c0 Uncommon trap: trap_request=0xffffff45 fr.pc=0x000001f38ff456fc relative=0x000000000000023c
Event: 19.417 Thread 0x000001f3f81905c0 Uncommon trap: reason=unstable_if action=reinterpret pc=0x000001f38ff456fc method=java.lang.ClassLoader.checkName(Ljava/lang/String;)Z @ 1 c2
Event: 19.417 Thread 0x000001f3f81905c0 DEOPT PACKING pc=0x000001f38ff456fc sp=0x0000003e9b8fdd80
Event: 19.417 Thread 0x000001f3f81905c0 DEOPT UNPACKING pc=0x000001f38f9546a2 sp=0x0000003e9b8fdd18 mode 2
Event: 19.430 Thread 0x000001f3f81905c0 Uncommon trap: trap_request=0xffffff45 fr.pc=0x000001f38ff7a0e4 relative=0x0000000000000324
Event: 19.430 Thread 0x000001f3f81905c0 Uncommon trap: reason=unstable_if action=reinterpret pc=0x000001f38ff7a0e4 method=jdk.internal.org.objectweb.asm.SymbolTable.put(Ljdk/internal/org/objectweb/asm/SymbolTable$Entry;)Ljdk/internal/org/objectweb/asm/SymbolTable$Entry; @ 13 c2
Event: 19.431 Thread 0x000001f3f81905c0 DEOPT PACKING pc=0x000001f38ff7a0e4 sp=0x0000003e9b8fda40
Event: 19.431 Thread 0x000001f3f81905c0 DEOPT UNPACKING pc=0x000001f38f9546a2 sp=0x0000003e9b8fd9c0 mode 2

Classes loaded (20 events):
Event: 17.712 Loading class java/nio/channels/FileLock
Event: 17.712 Loading class java/nio/channels/FileLock done
Event: 18.160 Loading class java/nio/file/AccessDeniedException
Event: 18.160 Loading class java/nio/file/FileSystemException
Event: 18.160 Loading class java/nio/file/FileSystemException done
Event: 18.160 Loading class java/nio/file/AccessDeniedException done
Event: 19.002 Loading class java/lang/ExceptionInInitializerError
Event: 19.002 Loading class java/lang/ExceptionInInitializerError done
Event: 19.002 Loading class sun/misc/Unsafe
Event: 19.003 Loading class sun/misc/Unsafe done
Event: 19.003 Loading class java/lang/invoke/DirectMethodHandle$StaticAccessor
Event: 19.003 Loading class java/lang/invoke/DirectMethodHandle$StaticAccessor done
Event: 19.168 Loading class jdk/internal/vm/annotation/ForceInline
Event: 19.168 Loading class jdk/internal/vm/annotation/ForceInline done
Event: 19.212 Loading class sun/invoke/util/ValueConversions$1
Event: 19.212 Loading class sun/invoke/util/ValueConversions$1 done
Event: 19.214 Loading class java/lang/invoke/BoundMethodHandle$Species_LI
Event: 19.214 Loading class java/lang/invoke/BoundMethodHandle$Species_LI done
Event: 19.415 Loading class jdk/internal/org/objectweb/asm/ClassReader
Event: 19.416 Loading class jdk/internal/org/objectweb/asm/ClassReader done

Classes unloaded (0 events):
No events

Classes redefined (0 events):
No events

Internal exceptions (20 events):
Event: 4.124 Thread 0x000001f3f81905c0 Exception <a 'java/lang/NoSuchMethodError'{0x0000000753c51818}: 'void java.lang.invoke.DirectMethodHandle$Holder.invokeStaticInit(java.lang.Object, java.lang.Object)'> (0x0000000753c51818) 
thrown [s\open\src\hotspot\share\interpreter\linkResolver.cpp, line 773]
Event: 4.144 Thread 0x000001f3f81905c0 Exception <a 'java/lang/NoSuchMethodError'{0x0000000753c9dff8}: 'void java.lang.invoke.DirectMethodHandle$Holder.invokeStatic(java.lang.Object, java.lang.Object, java.lang.Object)'> (0x0000000753c9dff8) 
thrown [s\open\src\hotspot\share\interpreter\linkResolver.cpp, line 773]
Event: 4.822 Thread 0x000001f3f81905c0 Exception <a 'java/lang/NoSuchMethodError'{0x0000000753a95798}: 'java.lang.Object java.lang.invoke.DirectMethodHandle$Holder.invokeSpecialIFC(java.lang.Object, java.lang.Object, java.lang.Object, java.lang.Object)'> (0x0000000753a95798) 
thrown [s\open\src\hotspot\share\interpreter\linkResolver.cpp, line 773]
Event: 6.643 Thread 0x000001f3f81905c0 Exception <a 'java/lang/NoSuchMethodError'{0x0000000753487560}: 'void java.lang.invoke.DirectMethodHandle$Holder.invokeSpecial(java.lang.Object, java.lang.Object, java.lang.Object)'> (0x0000000753487560) 
thrown [s\open\src\hotspot\share\interpreter\linkResolver.cpp, line 773]
Event: 7.171 Thread 0x000001f3f81905c0 Exception <a 'java/lang/NoSuchMethodError'{0x00000007535e7158}: 'java.lang.Object java.lang.invoke.DirectMethodHandle$Holder.invokeInterface(java.lang.Object, java.lang.Object)'> (0x00000007535e7158) 
thrown [s\open\src\hotspot\share\interpreter\linkResolver.cpp, line 773]
Event: 7.200 Thread 0x000001f3f81905c0 Exception <a 'java/lang/NoSuchMethodError'{0x000000075328c6c0}: 'int java.lang.invoke.DirectMethodHandle$Holder.invokeStatic(java.lang.Object, java.lang.Object, java.lang.Object, java.lang.Object)'> (0x000000075328c6c0) 
thrown [s\open\src\hotspot\share\interpreter\linkResolver.cpp, line 773]
Event: 7.201 Thread 0x000001f3f81905c0 Exception <a 'java/lang/NoSuchMethodError'{0x000000075328fd50}: 'java.lang.Object java.lang.invoke.Invokers$Holder.invokeExact_MT(java.lang.Object, java.lang.Object, java.lang.Object, java.lang.Object, java.lang.Object, java.lang.Object)'> (0x000000075328fd50) 
thrown [s\open\src\hotspot\share\interpreter\linkResolver.cpp, line 773]
Event: 7.400 Thread 0x000001f3f81905c0 Exception <a 'java/lang/NoSuchMethodError'{0x000000075329e3f8}: 'int java.lang.invoke.DirectMethodHandle$Holder.invokeSpecialIFC(java.lang.Object, java.lang.Object, java.lang.Object, java.lang.Object, java.lang.Object)'> (0x000000075329e3f8) 
thrown [s\open\src\hotspot\share\interpreter\linkResolver.cpp, line 773]
Event: 7.752 Thread 0x000001f3f81905c0 Exception <a 'java/lang/NoSuchMethodError'{0x0000000753043498}: 'java.lang.Object java.lang.invoke.DirectMethodHandle$Holder.newInvokeSpecial(java.lang.Object, java.lang.Object, java.lang.Object, java.lang.Object, java.lang.Object)'> (0x0000000753043498) 
thrown [s\open\src\hotspot\share\interpreter\linkResolver.cpp, line 773]
Event: 8.131 Thread 0x000001f3f81905c0 Exception <a 'java/lang/NoSuchMethodError'{0x0000000753165678}: 'int java.lang.invoke.DirectMethodHandle$Holder.invokeStaticInit(java.lang.Object, java.lang.Object)'> (0x0000000753165678) 
thrown [s\open\src\hotspot\share\interpreter\linkResolver.cpp, line 773]
Event: 8.144 Thread 0x000001f3f81905c0 Exception <a 'java/lang/NoClassDefFoundError'{0x000000075319d768}: javax/enterprise/inject/Typed> (0x000000075319d768) 
thrown [s\open\src\hotspot\share\classfile\systemDictionary.cpp, line 301]
Event: 18.996 Thread 0x000001f3f81905c0 Exception <a 'java/lang/NoSuchMethodError'{0x0000000753e0f8a8}: 'void java.lang.invoke.DirectMethodHandle$Holder.invokeStaticInit(java.lang.Object, java.lang.Object, java.lang.Object)'> (0x0000000753e0f8a8) 
thrown [s\open\src\hotspot\share\interpreter\linkResolver.cpp, line 773]
Event: 19.165 Thread 0x000001f3f81905c0 Exception <a 'java/lang/ExceptionInInitializerError'{0x0000000753e3d6d0}> (0x0000000753e3d6d0) 
thrown [s\open\src\hotspot\share\oops\instanceKlass.cpp, line 1192]
Event: 19.213 Thread 0x000001f3f81905c0 Exception <a 'java/lang/NoSuchMethodError'{0x0000000753ea7cd0}: 'long java.lang.invoke.DirectMethodHandle$Holder.invokeStatic(java.lang.Object, java.lang.Object, int)'> (0x0000000753ea7cd0) 
thrown [s\open\src\hotspot\share\interpreter\linkResolver.cpp, line 773]
Event: 19.406 Thread 0x000001f3f81905c0 Exception <a 'java/lang/NoSuchMethodError'{0x0000000753ebaff0}: 'java.lang.Object java.lang.invoke.DirectMethodHandle$Holder.invokeStatic(java.lang.Object, java.lang.Object, java.lang.Object, java.lang.Object, int)'> (0x0000000753ebaff0) 
thrown [s\open\src\hotspot\share\interpreter\linkResolver.cpp, line 773]
Event: 19.408 Thread 0x000001f3f81905c0 Exception <a 'java/lang/NoSuchMethodError'{0x0000000753ec2f28}: 'java.lang.Object java.lang.invoke.DirectMethodHandle$Holder.invokeSpecial(java.lang.Object, java.lang.Object, java.lang.Object, java.lang.Object, long)'> (0x0000000753ec2f28) 
thrown [s\open\src\hotspot\share\interpreter\linkResolver.cpp, line 773]
Event: 19.410 Thread 0x000001f3f81905c0 Exception <a 'java/lang/NoSuchMethodError'{0x0000000753ecea48}: 'java.lang.Object java.lang.invoke.DirectMethodHandle$Holder.invokeSpecial(java.lang.Object, java.lang.Object, java.lang.Object, int, java.lang.Object)'> (0x0000000753ecea48) 
thrown [s\open\src\hotspot\share\interpreter\linkResolver.cpp, line 773]
Event: 19.411 Thread 0x000001f3f81905c0 Exception <a 'java/lang/NoSuchMethodError'{0x0000000753ed6b88}: 'int java.lang.invoke.DirectMethodHandle$Holder.invokeSpecial(java.lang.Object, java.lang.Object, java.lang.Object, int)'> (0x0000000753ed6b88) 
thrown [s\open\src\hotspot\share\interpreter\linkResolver.cpp, line 773]
Event: 19.417 Thread 0x000001f3f81905c0 Implicit null exception at 0x000001f38ff454dd to 0x000001f38ff456e8
Event: 19.420 Thread 0x000001f3f81905c0 Exception <a 'java/lang/NoSuchMethodError'{0x0000000753efb4f8}: 'java.lang.Object java.lang.invoke.Invokers$Holder.invokeExact_MT(java.lang.Object, int, java.lang.Object)'> (0x0000000753efb4f8) 
thrown [s\open\src\hotspot\share\interpreter\linkResolver.cpp, line 773]

ZGC Phase Switch (0 events):
No events

VM Operations (20 events):
Event: 8.559 Executing VM operation: G1CollectForAllocation (G1 Evacuation Pause)
Event: 9.386 Executing VM operation: G1CollectForAllocation (G1 Evacuation Pause) done
Event: 10.387 Executing VM operation: Cleanup
Event: 10.387 Executing VM operation: Cleanup done
Event: 12.388 Executing VM operation: Cleanup
Event: 12.449 Executing VM operation: Cleanup done
Event: 14.450 Executing VM operation: Cleanup
Event: 14.625 Executing VM operation: Cleanup done
Event: 14.911 Executing VM operation: HandshakeAllThreads (Deoptimize)
Event: 14.911 Executing VM operation: HandshakeAllThreads (Deoptimize) done
Event: 15.814 Executing VM operation: HandshakeAllThreads (Deoptimize)
Event: 15.814 Executing VM operation: HandshakeAllThreads (Deoptimize) done
Event: 15.814 Executing VM operation: Cleanup
Event: 15.814 Executing VM operation: Cleanup done
Event: 17.183 Executing VM operation: G1CollectForAllocation (G1 Evacuation Pause)
Event: 17.191 Executing VM operation: G1CollectForAllocation (G1 Evacuation Pause) done
Event: 19.192 Executing VM operation: Cleanup
Event: 19.192 Executing VM operation: Cleanup done
Event: 19.196 Executing VM operation: HandshakeAllThreads (Deoptimize)
Event: 19.196 Executing VM operation: HandshakeAllThreads (Deoptimize) done

Events (17 events):
Event: 0.656 Thread 0x000001f3f81905c0 Thread added: 0x000001f3f81905c0
Event: 1.343 Thread 0x000001f3fea4d570 Thread added: 0x000001f3fea4d570
Event: 1.344 Thread 0x000001f3fea4dfd0 Thread added: 0x000001f3fea4dfd0
Event: 1.345 Thread 0x000001f3fea4f030 Thread added: 0x000001f3fea4f030
Event: 1.346 Thread 0x000001f3fea4fa80 Thread added: 0x000001f3fea4fa80
Event: 1.349 Thread 0x000001f3fea504d0 Thread added: 0x000001f3fea504d0
Event: 1.349 Thread 0x000001f3fea50f20 Thread added: 0x000001f3fea50f20
Event: 1.349 Thread 0x000001f3fea560c0 Thread added: 0x000001f3fea560c0
Event: 1.620 Thread 0x000001f3feac1750 Thread added: 0x000001f3feac1750
Event: 1.947 Thread 0x000001f3995aae50 Thread added: 0x000001f3995aae50
Event: 2.084 Thread 0x000001f3995ae2a0 Thread added: 0x000001f3995ae2a0
Event: 3.702 Thread 0x000001f39980a1f0 Thread added: 0x000001f39980a1f0
Event: 4.291 Thread 0x000001f39980a1f0 Thread exited: 0x000001f39980a1f0
Event: 8.312 Thread 0x000001f3df583f70 Thread added: 0x000001f3df583f70
Event: 8.548 Thread 0x000001f3df1a4290 Thread added: 0x000001f3df1a4290
Event: 10.134 Thread 0x000001f3df1a4290 Thread exited: 0x000001f3df1a4290
Event: 10.135 Thread 0x000001f3df583f70 Thread exited: 0x000001f3df583f70


Dynamic libraries:
0x00007ff703c60000 - 0x00007ff703c70000 	C:\Program Files\Java\jdk-21\bin\java.exe
0x00007ff9f5930000 - 0x00007ff9f5b28000 	C:\WINDOWS\SYSTEM32\ntdll.dll
0x00007ff9f5400000 - 0x00007ff9f54c2000 	C:\WINDOWS\System32\KERNEL32.DLL
0x00007ff9f3130000 - 0x00007ff9f3426000 	C:\WINDOWS\System32\KERNELBASE.dll
0x00007ff9e2300000 - 0x00007ff9e2319000 	C:\Program Files\Java\jdk-21\bin\jli.dll
0x00007ff9f3da0000 - 0x00007ff9f3e51000 	C:\WINDOWS\System32\ADVAPI32.dll
0x00007ff9f5820000 - 0x00007ff9f58be000 	C:\WINDOWS\System32\msvcrt.dll
0x00007ff9f4800000 - 0x00007ff9f489f000 	C:\WINDOWS\System32\sechost.dll
0x00007ff9f3c10000 - 0x00007ff9f3d30000 	C:\WINDOWS\System32\RPCRT4.dll
0x00007ff9f3560000 - 0x00007ff9f3587000 	C:\WINDOWS\System32\bcrypt.dll
0x00007ff9e31d0000 - 0x00007ff9e31eb000 	C:\Program Files\Java\jdk-21\bin\VCRUNTIME140.dll
0x00007ff9f3f40000 - 0x00007ff9f40e1000 	C:\WINDOWS\System32\USER32.dll
0x00007ff9f3820000 - 0x00007ff9f3920000 	C:\WINDOWS\System32\ucrtbase.dll
0x00007ff9e4da0000 - 0x00007ff9e503b000 	C:\WINDOWS\WinSxS\amd64_microsoft.windows.common-controls_6595b64144ccf1df_6.0.19041.6456_none_60b8a6cb71f64256\COMCTL32.dll
0x00007ff9f47c0000 - 0x00007ff9f47eb000 	C:\WINDOWS\System32\GDI32.dll
0x00007ff9f2f90000 - 0x00007ff9f30a9000 	C:\WINDOWS\System32\gdi32full.dll
0x00007ff9f3590000 - 0x00007ff9f362d000 	C:\WINDOWS\System32\msvcp_win.dll
0x00007ff9f3100000 - 0x00007ff9f3122000 	C:\WINDOWS\System32\win32u.dll
0x00007ff9ecd10000 - 0x00007ff9ecd1a000 	C:\WINDOWS\SYSTEM32\VERSION.dll
0x00007ff9f3f10000 - 0x00007ff9f3f3f000 	C:\WINDOWS\System32\IMM32.DLL
0x00007ff9ed3a0000 - 0x00007ff9ed3ac000 	C:\Program Files\Java\jdk-21\bin\vcruntime140_1.dll
0x00007ff9c7130000 - 0x00007ff9c71be000 	C:\Program Files\Java\jdk-21\bin\msvcp140.dll
0x00007ff98ebe0000 - 0x00007ff98f8fa000 	C:\Program Files\Java\jdk-21\bin\server\jvm.dll
0x00007ff9f4210000 - 0x00007ff9f427b000 	C:\WINDOWS\System32\WS2_32.dll
0x00007ff9f2df0000 - 0x00007ff9f2e3b000 	C:\WINDOWS\SYSTEM32\POWRPROF.dll
0x00007ff9e0140000 - 0x00007ff9e0167000 	C:\WINDOWS\SYSTEM32\WINMM.dll
0x00007ff9f2dd0000 - 0x00007ff9f2de2000 	C:\WINDOWS\SYSTEM32\UMPDC.dll
0x00007ff9f0dc0000 - 0x00007ff9f0dd2000 	C:\WINDOWS\SYSTEM32\kernel.appcore.dll
0x00007ff9ed370000 - 0x00007ff9ed37a000 	C:\Program Files\Java\jdk-21\bin\jimage.dll
0x00007ff9df840000 - 0x00007ff9dfa41000 	C:\WINDOWS\SYSTEM32\DBGHELP.DLL
0x00007ff9dd350000 - 0x00007ff9dd384000 	C:\WINDOWS\SYSTEM32\dbgcore.DLL
0x00007ff9f3630000 - 0x00007ff9f36b2000 	C:\WINDOWS\System32\bcryptPrimitives.dll
0x00007ff9e0be0000 - 0x00007ff9e0bff000 	C:\Program Files\Java\jdk-21\bin\java.dll
0x00007ff9f4930000 - 0x00007ff9f50a0000 	C:\WINDOWS\System32\SHELL32.dll
0x00007ff9f0fc0000 - 0x00007ff9f1765000 	C:\WINDOWS\SYSTEM32\windows.storage.dll
0x00007ff9f50a0000 - 0x00007ff9f53f4000 	C:\WINDOWS\System32\combase.dll
0x00007ff9f28e0000 - 0x00007ff9f290b000 	C:\WINDOWS\SYSTEM32\Wldp.dll
0x00007ff9f46f0000 - 0x00007ff9f47bd000 	C:\WINDOWS\System32\OLEAUT32.dll
0x00007ff9f3920000 - 0x00007ff9f39cd000 	C:\WINDOWS\System32\SHCORE.dll
0x00007ff9f57c0000 - 0x00007ff9f581b000 	C:\WINDOWS\System32\shlwapi.dll
0x00007ff9f2ec0000 - 0x00007ff9f2ee4000 	C:\WINDOWS\SYSTEM32\profapi.dll
0x00007ff9ab440000 - 0x00007ff9ab517000 	C:\Program Files\Java\jdk-21\bin\jsvml.dll
0x00007ff9ebd20000 - 0x00007ff9ebd30000 	C:\Program Files\Java\jdk-21\bin\net.dll
0x00007ff9ec950000 - 0x00007ff9eca5a000 	C:\WINDOWS\SYSTEM32\WINHTTP.dll
0x00007ff9f25f0000 - 0x00007ff9f265a000 	C:\WINDOWS\system32\mswsock.dll
0x00007ff9dbf20000 - 0x00007ff9dbf36000 	C:\Program Files\Java\jdk-21\bin\nio.dll
0x00007ff9d8a60000 - 0x00007ff9d8a78000 	C:\Program Files\Java\jdk-21\bin\zip.dll
0x00007ff9d0da0000 - 0x00007ff9d0dc4000 	C:\Users\2oleg\Downloads\apache-maven-3.9.11-bin\apache-maven-3.9.11\lib\jansi-native\Windows\x86_64\jansi.dll
0x00007ff9e8580000 - 0x00007ff9e8590000 	C:\Program Files\Java\jdk-21\bin\verify.dll

dbghelp: loaded successfully - version: 4.0.5 - missing functions: none
symbol engine: initialized successfully - sym options: 0x614 - pdb path: .;C:\Program Files\Java\jdk-21\bin;C:\WINDOWS\SYSTEM32;C:\WINDOWS\WinSxS\amd64_microsoft.windows.common-controls_6595b64144ccf1df_6.0.19041.6456_none_60b8a6cb71f64256;C:\Program Files\Java\jdk-21\bin\server;C:\Users\2oleg\Downloads\apache-maven-3.9.11-bin\apache-maven-3.9.11\lib\jansi-native\Windows\x86_64

VM Arguments:
jvm_args: --enable-native-access=ALL-UNNAMED -Dclassworlds.conf=C:\Users\2oleg\Downloads\apache-maven-3.9.11-bin\apache-maven-3.9.11\bin\m2.conf -Dmaven.home=C:\Users\2oleg\Downloads\apache-maven-3.9.11-bin\apache-maven-3.9.11 -Dlibrary.jansi.path=C:\Users\2oleg\Downloads\apache-maven-3.9.11-bin\apache-maven-3.9.11\lib\jansi-native -Dmaven.multiModuleProjectDirectory=C:\Users\2oleg\Downloads\Telegram Desktop\Kefir\Backend\TransactionSaga 
java_command: org.codehaus.plexus.classworlds.launcher.Launcher spring-boot:run -Dserver.port=8090 -DskipTests
java_class_path (initial): C:\Users\2oleg\Downloads\apache-maven-3.9.11-bin\apache-maven-3.9.11\boot\plexus-classworlds-2.9.0.jar
Launcher Type: SUN_STANDARD

[Global flags]
     intx CICompilerCount                          = 4                                         {product} {ergonomic}
     uint ConcGCThreads                            = 2                                         {product} {ergonomic}
     uint G1ConcRefinementThreads                  = 8                                         {product} {ergonomic}
   size_t G1HeapRegionSize                         = 2097152                                   {product} {ergonomic}
    uintx GCDrainStackTargetSize                   = 64                                        {product} {ergonomic}
   size_t InitialHeapSize                          = 192937984                                 {product} {ergonomic}
   size_t MarkStackSize                            = 4194304                                   {product} {ergonomic}
   size_t MaxHeapSize                              = 3074424832                                {product} {ergonomic}
   size_t MaxNewSize                               = 1843396608                                {product} {ergonomic}
   size_t MinHeapDeltaBytes                        = 2097152                                   {product} {ergonomic}
   size_t MinHeapSize                              = 8388608                                   {product} {ergonomic}
    uintx NonNMethodCodeHeapSize                   = 5839372                                {pd product} {ergonomic}
    uintx NonProfiledCodeHeapSize                  = 122909434                              {pd product} {ergonomic}
    uintx ProfiledCodeHeapSize                     = 122909434                              {pd product} {ergonomic}
    uintx ReservedCodeCacheSize                    = 251658240                              {pd product} {ergonomic}
     bool SegmentedCodeCache                       = true                                      {product} {ergonomic}
   size_t SoftMaxHeapSize                          = 3074424832                             {manageable} {ergonomic}
     bool UseCompressedOops                        = true                           {product lp64_product} {ergonomic}
     bool UseG1GC                                  = true                                      {product} {ergonomic}
     bool UseLargePagesIndividualAllocation        = false                                  {pd product} {ergonomic}

Logging:
Log output configuration:
 #0: stdout all=warning uptime,level,tags foldmultilines=false
 #1: stderr all=off uptime,level,tags foldmultilines=false

Environment Variables:
JAVA_HOME=C:\Program Files\Java\jdk-21
PATH=C:\Program Files\Common Files\Oracle\Java\javapath;C:\Program Files (x86)\Cuminas\Document Express DjVu Plug-in\;C:\Program Files (x86)\Razer Chroma SDK\bin;C:\Program Files\Razer Chroma SDK\bin;C:\WINDOWS\system32;C:\WINDOWS;C:\WINDOWS\System32\Wbem;C:\WINDOWS\System32\WindowsPowerShell\v1.0\;C:\WINDOWS\System32\OpenSSH\;C:\Program Files (x86)\NVIDIA Corporation\PhysX\Common;C:\WINDOWS\system32\config\systemprofile\AppData\Local\Microsoft\WindowsApps;C:\Program Files (x86)\Razer\ChromaBroadcast\bin;C:\Program Files\Razer\ChromaBroadcast\bin;C:\Users\2oleg\AppData\Local\Microsoft\WindowsApps;C:\Program Files\JetBrains\IntelliJ IDEA Community Edition 2024.3\bin;C:\Users\2oleg\AppData\Local\Programs\Microsoft VS Code\bin;C:\Program Files\Docker\Docker\resources\bin;C:\Users\2oleg\Downloads\curl-8.16.0_6-win64-mingw.zip\curl-8.16.0_6-win64-mingw\bin;C:\Users\2oleg\Downloads\curl-8.16.0_6-win64-mingw\curl-8.16.0_6-win64-mingw\bin;C:\Users\2oleg\Downloads\apache-maven-3.9.11-bin\apache-maven-3.9.11\bin;C:\ProgramData\chocolatey\bin;C:\Users\2oleg\AppData\Roaming\Cloud Foundry;C:\Program Files\Git\cmd;C:\Program Files\nodejs\;C:\Users\2oleg\AppData\Local\Muse Hub\lib;C:\Users\2oleg\AppData\Local\Microsoft\WindowsApps;C:\Program Files\JetBrains\IntelliJ IDEA Community Edition 2025.2.4\bin;C:\Users\2oleg\AppData\Local\Programs\Microsoft VS Code\bin;C:\Program Files\jq.exe;C:\Users\2oleg\AppData\Local\Microsoft\WinGet\Packages\jqlang.jq_Microsoft.Winget.Source_8wekyb3d8bbwe;C:\Program Files\Java\jdk-24;C:\Users\2oleg\Downloads\gradle-9.0.0-bin\gradle-9.0.0\bin;C:\Program Files\Docker\Docker\resources\bin;C:\Users\2oleg\AppData\Local\GitHubDesktop\bin;C:\Users\2oleg\AppData\Roaming\npm
USERNAME=2oleg
OS=Windows_NT
PROCESSOR_IDENTIFIER=Intel64 Family 6 Model 60 Stepping 3, GenuineIntel
TMP=C:\Users\2oleg\AppData\Local\Temp
TEMP=C:\Users\2oleg\AppData\Local\Temp




Periodic native trim disabled

---------------  S Y S T E M  ---------------

OS:
 Windows 10 , 64 bit Build 19041 (10.0.19041.5915)
OS uptime: 10 days 12:22 hours
Hyper-V role detected

CPU: total 8 (initial active 8) (4 cores per cpu, 2 threads per core) family 6 model 60 stepping 3 microcode 0x27, cx8, cmov, fxsr, ht, mmx, sse, sse2, sse3, ssse3, sse4.1, sse4.2, popcnt, lzcnt, tsc, tscinvbit, avx, avx2, aes, erms, clmul, bmi1, bmi2, fma, vzeroupper, clflush, hv, rdtscp, f16c
Processor Information for all 8 processors :
  Max Mhz: 2401, Current Mhz: 2401, Mhz Limit: 2401

Memory: 4k page, system-wide physical 11723M (1865M free)
TotalPageFile size 23723M (AvailPageFile size 2M)
current process WorkingSet (physical memory assigned to process): 102M, peak: 102M
current process commit charge ("private bytes"): 288M, peak: 299M

vm_info: Java HotSpot(TM) 64-Bit Server VM (21.0.7+8-LTS-245) for windows-amd64 JRE (21.0.7+8-LTS-245), built on 2025-02-21T05:11:27Z by "mach5one" with MS VC++ 17.6 (VS2022)

END.
