#
# There is insufficient memory for the Java Runtime Environment to continue.
# Native memory allocation (mmap) failed to map 65536 bytes for Failed to commit metaspace.
# Possible reasons:
#   The system is out of physical RAM or swap space
#   The process is running with CompressedOops enabled, and the Java Heap may be blocking the growth of the native heap
# Possible solutions:
#   Reduce memory load on the system
#   Increase physical memory or swap space
#   Check if swap backing store is full
#   Decrease Java heap size (-Xmx/-Xms)
#   Decrease number of Java threads
#   Decrease Java thread stack sizes (-Xss)
#   Set larger code cache with -XX:ReservedCodeCacheSize=
#   JVM is running with Zero Based Compressed Oops mode in which the Java heap is
#     placed in the first 32GB address space. The Java Heap base address is the
#     maximum limit for the native heap growth. Please use -XX:HeapBaseMinAddress
#     to set the Java Heap base and to place the Java Heap above 32GB virtual address.
# This output file may be truncated or incomplete.
#
#  Out of Memory Error (virtualSpaceNode.cpp:112), pid=23536, tid=31220
#
# JRE version: Java(TM) SE Runtime Environment (21.0.7+8) (build 21.0.7+8-LTS-245)
# Java VM: Java HotSpot(TM) 64-Bit Server VM (21.0.7+8-LTS-245, mixed mode, sharing, tiered, compressed oops, compressed class ptrs, g1 gc, windows-amd64)
# No core dump will be written. Minidumps are not enabled by default on client versions of Windows
#

---------------  S U M M A R Y ------------

Command Line: -Dclassworlds.conf=C:\Users\2oleg\Downloads\apache-maven-3.9.11-bin\apache-maven-3.9.11\bin\m2.conf -Dmaven.home=C:\Users\2oleg\Downloads\apache-maven-3.9.11-bin\apache-maven-3.9.11 -Dlibrary.jansi.path=C:\Users\2oleg\Downloads\apache-maven-3.9.11-bin\apache-maven-3.9.11\lib\jansi-native -Dmaven.multiModuleProjectDirectory=C:\Users\2oleg\Downloads\Telegram Desktop\Kefir\Backend\TransactionSaga org.codehaus.plexus.classworlds.launcher.Launcher spring-boot:run -Dserver.port=8090 -DskipTests

Host: Intel(R) Core(TM) i7-4700HQ CPU @ 2.40GHz, 8 cores, 11G,  Windows 10 , 64 bit Build 19041 (10.0.19041.5915)
Time: Sat Dec 13 01:38:10 2025 RTZ 2 (s 10 , 64 bit Build 19041 (10.0.19041.5915) elapsed time: 2.306497 seconds (0d 0h 0m 2s)

---------------  T H R E A D  ---------------

Current thread (0x0000021641a12e40):  JavaThread "main"             [_thread_in_vm, id=31220, stack(0x0000004fe7f00000,0x0000004fe8000000) (1024K)]

Stack: [0x0000004fe7f00000,0x0000004fe8000000]
Native frames: (J=compiled Java code, j=interpreted, Vv=VM code, C=native code)
V  [jvm.dll+0x6cae19]
V  [jvm.dll+0x855741]
V  [jvm.dll+0x857c6e]
V  [jvm.dll+0x858343]
V  [jvm.dll+0x27e0b6]
V  [jvm.dll+0x85135e]
V  [jvm.dll+0x66ea55]
V  [jvm.dll+0x66eaba]
V  [jvm.dll+0x6712d5]
V  [jvm.dll+0x6711a2]
V  [jvm.dll+0x66f42e]
V  [jvm.dll+0x680569]
V  [jvm.dll+0x6799be]
V  [jvm.dll+0x3d3ad1]
C  0x000002165354bc1b

The last pc belongs to method entry point (kind = zerolocals) (printed below).
Java frames: (J=compiled Java code, j=interpreted, Vv=VM code)
j  java.lang.invoke.MethodHandleNatives$CallSiteContext.<init>()V+0 java.base@21.0.7
j  java.lang.invoke.MethodHandleNatives$CallSiteContext.make(Ljava/lang/invoke/CallSite;)Ljava/lang/invoke/MethodHandleNatives$CallSiteContext;+4 java.base@21.0.7
j  java.lang.invoke.CallSite.<init>(Ljava/lang/invoke/MethodHandle;)V+6 java.base@21.0.7
j  java.lang.invoke.ConstantCallSite.<init>(Ljava/lang/invoke/MethodHandle;)V+2 java.base@21.0.7
j  java.lang.invoke.InnerClassLambdaMetafactory.buildCallSite()Ljava/lang/invoke/CallSite;+122 java.base@21.0.7
j  java.lang.invoke.LambdaMetafactory.metafactory(Ljava/lang/invoke/MethodHandles$Lookup;Ljava/lang/String;Ljava/lang/invoke/MethodType;Ljava/lang/invoke/MethodType;Ljava/lang/invoke/MethodHandle;Ljava/lang/invoke/MethodType;)Ljava/lang/invoke/CallSite;+67 java.base@21.0.7
j  java.lang.invoke.DirectMethodHandle$Holder.invokeStatic(Ljava/lang/Object;Ljava/lang/Object;Ljava/lang/Object;Ljava/lang/Object;Ljava/lang/Object;Ljava/lang/Object;Ljava/lang/Object;)Ljava/lang/Object;+20 java.base@21.0.7
j  java.lang.invoke.Invokers$Holder.invokeExact_MT(Ljava/lang/Object;Ljava/lang/Object;Ljava/lang/Object;Ljava/lang/Object;Ljava/lang/Object;Ljava/lang/Object;Ljava/lang/Object;Ljava/lang/Object;)Ljava/lang/Object;+28 java.base@21.0.7
j  java.lang.invoke.BootstrapMethodInvoker.invoke(Ljava/lang/Class;Ljava/lang/invoke/MethodHandle;Ljava/lang/String;Ljava/lang/Object;Ljava/lang/Object;Ljava/lang/Class;)Ljava/lang/Object;+319 java.base@21.0.7
j  java.lang.invoke.CallSite.makeSite(Ljava/lang/invoke/MethodHandle;Ljava/lang/String;Ljava/lang/invoke/MethodType;Ljava/lang/Object;Ljava/lang/Class;)Ljava/lang/invoke/CallSite;+8 java.base@21.0.7
j  java.lang.invoke.MethodHandleNatives.linkCallSiteImpl(Ljava/lang/Class;Ljava/lang/invoke/MethodHandle;Ljava/lang/String;Ljava/lang/invoke/MethodType;Ljava/lang/Object;[Ljava/lang/Object;)Ljava/lang/invoke/MemberName;+6 java.base@21.0.7
j  java.lang.invoke.MethodHandleNatives.linkCallSite(Ljava/lang/Object;Ljava/lang/Object;Ljava/lang/Object;Ljava/lang/Object;Ljava/lang/Object;[Ljava/lang/Object;)Ljava/lang/invoke/MemberName;+45 java.base@21.0.7
v  ~StubRoutines::call_stub 0x000002165354100d
j  java.util.ResourceBundle.getLoader(Ljava/lang/Module;)Ljava/lang/ClassLoader;+6 java.base@21.0.7
j  java.util.ResourceBundle.getBundleImpl(Ljava/lang/String;Ljava/util/Locale;Ljava/lang/Class;Ljava/util/ResourceBundle$Control;)Ljava/util/ResourceBundle;+4 java.base@21.0.7
j  java.util.ResourceBundle.getBundle(Ljava/lang/String;)Ljava/util/ResourceBundle;+14 java.base@21.0.7
j  sun.launcher.LauncherHelper$ResourceBundleHolder.<clinit>()V+2 java.base@21.0.7
v  ~StubRoutines::call_stub 0x000002165354100d
j  sun.launcher.LauncherHelper.getLocalizedMessage(Ljava/lang/String;[Ljava/lang/Object;)Ljava/lang/String;+0 java.base@21.0.7
j  sun.launcher.LauncherHelper.abort(Ljava/lang/Throwable;Ljava/lang/String;[Ljava/lang/Object;)V+9 java.base@21.0.7
j  sun.launcher.LauncherHelper.loadMainClass(ILjava/lang/String;)Ljava/lang/Class;+272 java.base@21.0.7
j  sun.launcher.LauncherHelper.checkAndLoadMain(ZILjava/lang/String;)Ljava/lang/Class;+42 java.base@21.0.7
v  ~StubRoutines::call_stub 0x000002165354100d
method entry point (kind = zerolocals)  [0x000002165354ba40, 0x000002165354be08]  968 bytes
[MachCode]
  0x000002165354ba40: 488b 5308 | 0fb7 4a2e | 0fb7 522c | 2bd1 81fa | f501 0000 | 0f86 2500 | 0000 488b | c248 c1e0 
  0x000002165354ba60: 0348 83c0 | 5849 0387 | c804 0000 | 483b e00f | 870a 0000 | 0058 498b | e550 e901 | acff ff58 
  0x000002165354ba80: 4c8d 74cc | f885 d20f | 8e09 0000 | 0068 0000 | 0000 ffca | 7ff7 5055 | 488b ec41 | 5568 0000 
  0x000002165354baa0: 0000 4c8b | 6b08 4d8d | 6d38 5348 | 8b53 0848 | 8b52 0848 | 8b52 1848 | 8b52 7048 | 8b12 5248 
  0x000002165354bac0: 8b53 1048 | 85d2 0f84 | 0700 0000 | 4881 c208 | 0100 0052 | 488b 5308 | 488b 5208 | 488b 5210 
  0x000002165354bae0: 5249 8bc6 | 482b c548 | c1e8 0350 | 4155 6800 | 0000 0048 | 8924 2441 | c687 7104 | 0000 0148 
  0x000002165354bb00: 8b45 d848 | 85c0 0f84 | 9100 0000 | 8b48 fc85 | c90f 8886 | 0000 0048 | 03c1 488b | 4808 4883 
  0x000002165354bb20: e902 488b | 54c8 1048 | f7da 498b | 14d6 4885 | d275 10f6 | 44c8 1801 | 755d f048 | 834c c818 
  0x000002165354bb40: 01eb 548b | 5208 49ba | 0000 0000 | 1602 0000 | 4903 d24c | 8bd2 4833 | 54c8 1848 | f7c2 fcff 
  0x000002165354bb60: ffff 7433 | f6c2 0275 | 2e48 837c | c818 0074 | 2148 837c | c818 0174 | 1949 8bd2 | 4833 54c8 
  0x000002165354bb80: 1848 f7c2 | fcff ffff | 740d 4883 | 4cc8 1802 | eb05 4889 | 54c8 1848 | 83e9 0279 | 8548 8b43 
  0x000002165354bba0: 1048 85c0 | 7420 8b88 | cc00 0000 | 83c1 0289 | 88cc 0000 | 0023 88e0 | 0000 000f | 8496 0100 
  0x000002165354bbc0: 00e9 cf00 | 0000 488b | 4318 4885 | c00f 85b0 | 0000 00e8 | 0500 0000 | e999 0000 | 0048 8bd3 
  0x000002165354bbe0: 488d 4424 | 084c 896d | c049 8bcf | c5f8 7749 | 89af a803 | 0000 4989 | 8798 0300 | 0048 83ec 
  0x000002165354bc00: 2040 f6c4 | 0f0f 8419 | 0000 0048 | 83ec 0848 | b8b0 3afb | 8ef9 7f00 | 00ff d048 | 83c4 08e9 
  0x000002165354bc20: 0c00 0000 | 48b8 b03a | fb8e f97f | 0000 ffd0 | 4883 c420 | 49c7 8798 | 0300 0000 | 0000 0049 
  0x000002165354bc40: c787 a803 | 0000 0000 | 0000 49c7 | 87a0 0300 | 0000 0000 | 00c5 f877 | 4983 7f08 | 000f 8405 
  0x000002165354bc60: 0000 00e9 | 9852 ffff | 4c8b 6dc0 | 4c8b 75c8 | 4e8d 74f5 | 00c3 488b | 4318 4885 | c00f 8412 
  0x000002165354bc80: 0000 008b | 4808 83c1 | 0289 4808 | 2348 1c0f | 84c2 0000 | 0049 3ba7 | e004 0000 | 0f87 4800 
  0x000002165354bca0: 0000 8984 | 2400 f0ff | ff89 8424 | 00e0 ffff | 8984 2400 | d0ff ff89 | 8424 00c0 | ffff 8984 
  0x000002165354bcc0: 2400 b0ff | ff89 8424 | 00a0 ffff | 8984 2400 | 90ff ff89 | 8424 0080 | ffff 493b | a7d8 0400 
  0x000002165354bce0: 0076 0749 | 89a7 e004 | 0000 41c6 | 8771 0400 | 0000 49ba | 2058 808f | f97f 0000 | 4180 3a00 
  0x000002165354bd00: 0f84 3e00 | 0000 488b | 55e8 498b | cf48 83ec | 2040 f6c4 | 0f0f 8419 | 0000 0048 | 83ec 0848 
  0x000002165354bd20: b850 0d31 | 8ff9 7f00 | 00ff d048 | 83c4 08e9 | 0c00 0000 | 48b8 500d | 318f f97f | 0000 ffd0 
  0x000002165354bd40: 4883 c420 | 410f b65d | 0049 bad0 | 2383 8ff9 | 7f00 0041 | ff24 daba | 0000 0000 | e805 0000 
  0x000002165354bd60: 00e9 9600 | 0000 488d | 4424 084c | 896d c049 | 8bcf c5f8 | 7749 89af | a803 0000 | 4989 8798 
  0x000002165354bd80: 0300 0048 | 83ec 2040 | f6c4 0f0f | 8419 0000 | 0048 83ec | 0848 b870 | 45fb 8ef9 | 7f00 00ff 
  0x000002165354bda0: d048 83c4 | 08e9 0c00 | 0000 48b8 | 7045 fb8e | f97f 0000 | ffd0 4883 | c420 49c7 | 8798 0300 
  0x000002165354bdc0: 0000 0000 | 0049 c787 | a803 0000 | 0000 0000 | 49c7 87a0 | 0300 0000 | 0000 00c5 | f877 4983 
  0x000002165354bde0: 7f08 000f | 8405 0000 | 00e9 1251 | ffff 4c8b | 6dc0 4c8b | 75c8 4e8d | 74f5 00c3 | 488b 5de8 
  0x000002165354be00: e990 feff | ff66 6690 
[/MachCode]

---------------  P R O C E S S  ---------------

Threads class SMR info:
_java_thread_list=0x00000216618ffc10, length=11, elements={
0x0000021641a12e40, 0x00000216616c5d30, 0x00000216616c6980, 0x00000216616c98e0,
0x00000216616ca330, 0x00000216616cad80, 0x00000216616cb7d0, 0x00000216616d0570,
0x0000021661858030, 0x0000021661928890, 0x000002166192bf10
}

Java Threads: ( => current thread )
=>0x0000021641a12e40 JavaThread "main"                              [_thread_in_vm, id=31220, stack(0x0000004fe7f00000,0x0000004fe8000000) (1024K)]
  0x00000216616c5d30 JavaThread "Reference Handler"          daemon [_thread_blocked, id=28508, stack(0x0000004fe8700000,0x0000004fe8800000) (1024K)]
  0x00000216616c6980 JavaThread "Finalizer"                  daemon [_thread_blocked, id=31768, stack(0x0000004fe8800000,0x0000004fe8900000) (1024K)]
  0x00000216616c98e0 JavaThread "Signal Dispatcher"          daemon [_thread_blocked, id=31772, stack(0x0000004fe8900000,0x0000004fe8a00000) (1024K)]
  0x00000216616ca330 JavaThread "Attach Listener"            daemon [_thread_blocked, id=15992, stack(0x0000004fe8a00000,0x0000004fe8b00000) (1024K)]
  0x00000216616cad80 JavaThread "Service Thread"             daemon [_thread_blocked, id=25712, stack(0x0000004fe8b00000,0x0000004fe8c00000) (1024K)]
  0x00000216616cb7d0 JavaThread "Monitor Deflation Thread"   daemon [_thread_blocked, id=27776, stack(0x0000004fe8c00000,0x0000004fe8d00000) (1024K)]
  0x00000216616d0570 JavaThread "C2 CompilerThread0"         daemon [_thread_blocked, id=22812, stack(0x0000004fe8d00000,0x0000004fe8e00000) (1024K)]
  0x0000021661858030 JavaThread "C1 CompilerThread0"         daemon [_thread_blocked, id=13696, stack(0x0000004fe8e00000,0x0000004fe8f00000) (1024K)]
  0x0000021661928890 JavaThread "Notification Thread"        daemon [_thread_blocked, id=29400, stack(0x0000004fe8f00000,0x0000004fe9000000) (1024K)]
  0x000002166192bf10 JavaThread "Common-Cleaner"             daemon [_thread_blocked, id=29824, stack(0x0000004fe9000000,0x0000004fe9100000) (1024K)]
Total: 11

Other Threads:
  0x00000216616ac820 VMThread "VM Thread"                           [id=4496, stack(0x0000004fe8600000,0x0000004fe8700000) (1024K)] _threads_hazard_ptr=0x00000216618ffc10
  0x0000021661699f50 WatcherThread "VM Periodic Task Thread"        [id=26800, stack(0x0000004fe8500000,0x0000004fe8600000) (1024K)]
  0x0000021643bbe4c0 WorkerThread "GC Thread#0"                     [id=23524, stack(0x0000004fe8000000,0x0000004fe8100000) (1024K)]
  0x0000021643bcb3f0 ConcurrentGCThread "G1 Main Marker"            [id=1232, stack(0x0000004fe8100000,0x0000004fe8200000) (1024K)]
  0x0000021643bcbef0 WorkerThread "G1 Conc#0"                       [id=23284, stack(0x0000004fe8200000,0x0000004fe8300000) (1024K)]
  0x0000021643c3e0f0 ConcurrentGCThread "G1 Refine#0"               [id=2016, stack(0x0000004fe8300000,0x0000004fe8400000) (1024K)]
  0x000002166156a580 ConcurrentGCThread "G1 Service"                [id=12864, stack(0x0000004fe8400000,0x0000004fe8500000) (1024K)]
Total: 7

Threads with active compile tasks:
Total: 0

VM state: synchronizing (normal execution)

VM Mutex/Monitor currently owned by a thread:  ([mutex/lock_event])
[0x00007ff98f81be50] Metaspace_lock - owner thread: 0x0000021641a12e40
[0x00007ff98f81de50] Threads_lock - owner thread: 0x00000216616ac820

Heap address: 0x0000000748c00000, size: 2932 MB, Compressed Oops mode: Zero based, Oop shift amount: 3

CDS archive(s) mapped at: [0x0000021600000000-0x0000021600c90000-0x0000021600c90000), size 13172736, SharedBaseAddress: 0x0000021600000000, ArchiveRelocationMode: 1.
Compressed class space mapped at: 0x0000021601000000-0x0000021641000000, reserved size: 1073741824
Narrow klass base: 0x0000021600000000, Narrow klass shift: 0, Narrow klass range: 0x100000000

GC Precious Log:
 CardTable entry size: 512
 Card Set container configuration: InlinePtr #cards 4 size 8 Array Of Cards #cards 16 size 48 Howl #buckets 8 coarsen threshold 3686 Howl Bitmap #cards 512 size 80 coarsen threshold 460 Card regions per heap region 1 cards per card region 4096
 CPUs: 8 total, 8 available
 Memory: 11723M
 Large Page Support: Disabled
 NUMA Support: Disabled
 Compressed Oops: Enabled (Zero based)
 Heap Region Size: 2M
 Heap Min Capacity: 8M
 Heap Initial Capacity: 184M
 Heap Max Capacity: 2932M
 Pre-touch: Disabled
 Parallel Workers: 8
 Concurrent Workers: 2
 Concurrent Refinement Workers: 8
 Periodic GC: Disabled

Heap:
 garbage-first heap   total 188416K, used 2048K [0x0000000748c00000, 0x0000000800000000)
  region size 2048K, 2 young (4096K), 0 survivors (0K)
 Metaspace       used 203K, committed 256K, reserved 1114112K
  class space    used 11K, committed 64K, reserved 1048576K

Heap Regions: E=young(eden), S=young(survivor), O=old, HS=humongous(starts), HC=humongous(continues), CS=collection set, F=free, TAMS=top-at-mark-start, PB=parsable bottom
|   0|0x0000000748c00000, 0x0000000748c00000, 0x0000000748e00000|  0%| F|  |TAMS 0x0000000748c00000| PB 0x0000000748c00000| Untracked 
|   1|0x0000000748e00000, 0x0000000748e00000, 0x0000000749000000|  0%| F|  |TAMS 0x0000000748e00000| PB 0x0000000748e00000| Untracked 
|   2|0x0000000749000000, 0x0000000749000000, 0x0000000749200000|  0%| F|  |TAMS 0x0000000749000000| PB 0x0000000749000000| Untracked 
|   3|0x0000000749200000, 0x0000000749200000, 0x0000000749400000|  0%| F|  |TAMS 0x0000000749200000| PB 0x0000000749200000| Untracked 
|   4|0x0000000749400000, 0x0000000749400000, 0x0000000749600000|  0%| F|  |TAMS 0x0000000749400000| PB 0x0000000749400000| Untracked 
|   5|0x0000000749600000, 0x0000000749600000, 0x0000000749800000|  0%| F|  |TAMS 0x0000000749600000| PB 0x0000000749600000| Untracked 
|   6|0x0000000749800000, 0x0000000749800000, 0x0000000749a00000|  0%| F|  |TAMS 0x0000000749800000| PB 0x0000000749800000| Untracked 
|   7|0x0000000749a00000, 0x0000000749a00000, 0x0000000749c00000|  0%| F|  |TAMS 0x0000000749a00000| PB 0x0000000749a00000| Untracked 
|   8|0x0000000749c00000, 0x0000000749c00000, 0x0000000749e00000|  0%| F|  |TAMS 0x0000000749c00000| PB 0x0000000749c00000| Untracked 
|   9|0x0000000749e00000, 0x0000000749e00000, 0x000000074a000000|  0%| F|  |TAMS 0x0000000749e00000| PB 0x0000000749e00000| Untracked 
|  10|0x000000074a000000, 0x000000074a000000, 0x000000074a200000|  0%| F|  |TAMS 0x000000074a000000| PB 0x000000074a000000| Untracked 
|  11|0x000000074a200000, 0x000000074a200000, 0x000000074a400000|  0%| F|  |TAMS 0x000000074a200000| PB 0x000000074a200000| Untracked 
|  12|0x000000074a400000, 0x000000074a400000, 0x000000074a600000|  0%| F|  |TAMS 0x000000074a400000| PB 0x000000074a400000| Untracked 
|  13|0x000000074a600000, 0x000000074a600000, 0x000000074a800000|  0%| F|  |TAMS 0x000000074a600000| PB 0x000000074a600000| Untracked 
|  14|0x000000074a800000, 0x000000074a800000, 0x000000074aa00000|  0%| F|  |TAMS 0x000000074a800000| PB 0x000000074a800000| Untracked 
|  15|0x000000074aa00000, 0x000000074aa00000, 0x000000074ac00000|  0%| F|  |TAMS 0x000000074aa00000| PB 0x000000074aa00000| Untracked 
|  16|0x000000074ac00000, 0x000000074ac00000, 0x000000074ae00000|  0%| F|  |TAMS 0x000000074ac00000| PB 0x000000074ac00000| Untracked 
|  17|0x000000074ae00000, 0x000000074ae00000, 0x000000074b000000|  0%| F|  |TAMS 0x000000074ae00000| PB 0x000000074ae00000| Untracked 
|  18|0x000000074b000000, 0x000000074b000000, 0x000000074b200000|  0%| F|  |TAMS 0x000000074b000000| PB 0x000000074b000000| Untracked 
|  19|0x000000074b200000, 0x000000074b200000, 0x000000074b400000|  0%| F|  |TAMS 0x000000074b200000| PB 0x000000074b200000| Untracked 
|  20|0x000000074b400000, 0x000000074b400000, 0x000000074b600000|  0%| F|  |TAMS 0x000000074b400000| PB 0x000000074b400000| Untracked 
|  21|0x000000074b600000, 0x000000074b600000, 0x000000074b800000|  0%| F|  |TAMS 0x000000074b600000| PB 0x000000074b600000| Untracked 
|  22|0x000000074b800000, 0x000000074b800000, 0x000000074ba00000|  0%| F|  |TAMS 0x000000074b800000| PB 0x000000074b800000| Untracked 
|  23|0x000000074ba00000, 0x000000074ba00000, 0x000000074bc00000|  0%| F|  |TAMS 0x000000074ba00000| PB 0x000000074ba00000| Untracked 
|  24|0x000000074bc00000, 0x000000074bc00000, 0x000000074be00000|  0%| F|  |TAMS 0x000000074bc00000| PB 0x000000074bc00000| Untracked 
|  25|0x000000074be00000, 0x000000074be00000, 0x000000074c000000|  0%| F|  |TAMS 0x000000074be00000| PB 0x000000074be00000| Untracked 
|  26|0x000000074c000000, 0x000000074c000000, 0x000000074c200000|  0%| F|  |TAMS 0x000000074c000000| PB 0x000000074c000000| Untracked 
|  27|0x000000074c200000, 0x000000074c200000, 0x000000074c400000|  0%| F|  |TAMS 0x000000074c200000| PB 0x000000074c200000| Untracked 
|  28|0x000000074c400000, 0x000000074c400000, 0x000000074c600000|  0%| F|  |TAMS 0x000000074c400000| PB 0x000000074c400000| Untracked 
|  29|0x000000074c600000, 0x000000074c600000, 0x000000074c800000|  0%| F|  |TAMS 0x000000074c600000| PB 0x000000074c600000| Untracked 
|  30|0x000000074c800000, 0x000000074c800000, 0x000000074ca00000|  0%| F|  |TAMS 0x000000074c800000| PB 0x000000074c800000| Untracked 
|  31|0x000000074ca00000, 0x000000074ca00000, 0x000000074cc00000|  0%| F|  |TAMS 0x000000074ca00000| PB 0x000000074ca00000| Untracked 
|  32|0x000000074cc00000, 0x000000074cc00000, 0x000000074ce00000|  0%| F|  |TAMS 0x000000074cc00000| PB 0x000000074cc00000| Untracked 
|  33|0x000000074ce00000, 0x000000074ce00000, 0x000000074d000000|  0%| F|  |TAMS 0x000000074ce00000| PB 0x000000074ce00000| Untracked 
|  34|0x000000074d000000, 0x000000074d000000, 0x000000074d200000|  0%| F|  |TAMS 0x000000074d000000| PB 0x000000074d000000| Untracked 
|  35|0x000000074d200000, 0x000000074d200000, 0x000000074d400000|  0%| F|  |TAMS 0x000000074d200000| PB 0x000000074d200000| Untracked 
|  36|0x000000074d400000, 0x000000074d400000, 0x000000074d600000|  0%| F|  |TAMS 0x000000074d400000| PB 0x000000074d400000| Untracked 
|  37|0x000000074d600000, 0x000000074d600000, 0x000000074d800000|  0%| F|  |TAMS 0x000000074d600000| PB 0x000000074d600000| Untracked 
|  38|0x000000074d800000, 0x000000074d800000, 0x000000074da00000|  0%| F|  |TAMS 0x000000074d800000| PB 0x000000074d800000| Untracked 
|  39|0x000000074da00000, 0x000000074da00000, 0x000000074dc00000|  0%| F|  |TAMS 0x000000074da00000| PB 0x000000074da00000| Untracked 
|  40|0x000000074dc00000, 0x000000074dc00000, 0x000000074de00000|  0%| F|  |TAMS 0x000000074dc00000| PB 0x000000074dc00000| Untracked 
|  41|0x000000074de00000, 0x000000074de00000, 0x000000074e000000|  0%| F|  |TAMS 0x000000074de00000| PB 0x000000074de00000| Untracked 
|  42|0x000000074e000000, 0x000000074e000000, 0x000000074e200000|  0%| F|  |TAMS 0x000000074e000000| PB 0x000000074e000000| Untracked 
|  43|0x000000074e200000, 0x000000074e200000, 0x000000074e400000|  0%| F|  |TAMS 0x000000074e200000| PB 0x000000074e200000| Untracked 
|  44|0x000000074e400000, 0x000000074e400000, 0x000000074e600000|  0%| F|  |TAMS 0x000000074e400000| PB 0x000000074e400000| Untracked 
|  45|0x000000074e600000, 0x000000074e600000, 0x000000074e800000|  0%| F|  |TAMS 0x000000074e600000| PB 0x000000074e600000| Untracked 
|  46|0x000000074e800000, 0x000000074e800000, 0x000000074ea00000|  0%| F|  |TAMS 0x000000074e800000| PB 0x000000074e800000| Untracked 
|  47|0x000000074ea00000, 0x000000074ea00000, 0x000000074ec00000|  0%| F|  |TAMS 0x000000074ea00000| PB 0x000000074ea00000| Untracked 
|  48|0x000000074ec00000, 0x000000074ec00000, 0x000000074ee00000|  0%| F|  |TAMS 0x000000074ec00000| PB 0x000000074ec00000| Untracked 
|  49|0x000000074ee00000, 0x000000074ee00000, 0x000000074f000000|  0%| F|  |TAMS 0x000000074ee00000| PB 0x000000074ee00000| Untracked 
|  50|0x000000074f000000, 0x000000074f000000, 0x000000074f200000|  0%| F|  |TAMS 0x000000074f000000| PB 0x000000074f000000| Untracked 
|  51|0x000000074f200000, 0x000000074f200000, 0x000000074f400000|  0%| F|  |TAMS 0x000000074f200000| PB 0x000000074f200000| Untracked 
|  52|0x000000074f400000, 0x000000074f400000, 0x000000074f600000|  0%| F|  |TAMS 0x000000074f400000| PB 0x000000074f400000| Untracked 
|  53|0x000000074f600000, 0x000000074f600000, 0x000000074f800000|  0%| F|  |TAMS 0x000000074f600000| PB 0x000000074f600000| Untracked 
|  54|0x000000074f800000, 0x000000074f800000, 0x000000074fa00000|  0%| F|  |TAMS 0x000000074f800000| PB 0x000000074f800000| Untracked 
|  55|0x000000074fa00000, 0x000000074fa00000, 0x000000074fc00000|  0%| F|  |TAMS 0x000000074fa00000| PB 0x000000074fa00000| Untracked 
|  56|0x000000074fc00000, 0x000000074fc00000, 0x000000074fe00000|  0%| F|  |TAMS 0x000000074fc00000| PB 0x000000074fc00000| Untracked 
|  57|0x000000074fe00000, 0x000000074fe00000, 0x0000000750000000|  0%| F|  |TAMS 0x000000074fe00000| PB 0x000000074fe00000| Untracked 
|  58|0x0000000750000000, 0x0000000750000000, 0x0000000750200000|  0%| F|  |TAMS 0x0000000750000000| PB 0x0000000750000000| Untracked 
|  59|0x0000000750200000, 0x0000000750200000, 0x0000000750400000|  0%| F|  |TAMS 0x0000000750200000| PB 0x0000000750200000| Untracked 
|  60|0x0000000750400000, 0x0000000750400000, 0x0000000750600000|  0%| F|  |TAMS 0x0000000750400000| PB 0x0000000750400000| Untracked 
|  61|0x0000000750600000, 0x0000000750600000, 0x0000000750800000|  0%| F|  |TAMS 0x0000000750600000| PB 0x0000000750600000| Untracked 
|  62|0x0000000750800000, 0x0000000750800000, 0x0000000750a00000|  0%| F|  |TAMS 0x0000000750800000| PB 0x0000000750800000| Untracked 
|  63|0x0000000750a00000, 0x0000000750a00000, 0x0000000750c00000|  0%| F|  |TAMS 0x0000000750a00000| PB 0x0000000750a00000| Untracked 
|  64|0x0000000750c00000, 0x0000000750c00000, 0x0000000750e00000|  0%| F|  |TAMS 0x0000000750c00000| PB 0x0000000750c00000| Untracked 
|  65|0x0000000750e00000, 0x0000000750e00000, 0x0000000751000000|  0%| F|  |TAMS 0x0000000750e00000| PB 0x0000000750e00000| Untracked 
|  66|0x0000000751000000, 0x0000000751000000, 0x0000000751200000|  0%| F|  |TAMS 0x0000000751000000| PB 0x0000000751000000| Untracked 
|  67|0x0000000751200000, 0x0000000751200000, 0x0000000751400000|  0%| F|  |TAMS 0x0000000751200000| PB 0x0000000751200000| Untracked 
|  68|0x0000000751400000, 0x0000000751400000, 0x0000000751600000|  0%| F|  |TAMS 0x0000000751400000| PB 0x0000000751400000| Untracked 
|  69|0x0000000751600000, 0x0000000751600000, 0x0000000751800000|  0%| F|  |TAMS 0x0000000751600000| PB 0x0000000751600000| Untracked 
|  70|0x0000000751800000, 0x0000000751800000, 0x0000000751a00000|  0%| F|  |TAMS 0x0000000751800000| PB 0x0000000751800000| Untracked 
|  71|0x0000000751a00000, 0x0000000751a00000, 0x0000000751c00000|  0%| F|  |TAMS 0x0000000751a00000| PB 0x0000000751a00000| Untracked 
|  72|0x0000000751c00000, 0x0000000751c00000, 0x0000000751e00000|  0%| F|  |TAMS 0x0000000751c00000| PB 0x0000000751c00000| Untracked 
|  73|0x0000000751e00000, 0x0000000751e00000, 0x0000000752000000|  0%| F|  |TAMS 0x0000000751e00000| PB 0x0000000751e00000| Untracked 
|  74|0x0000000752000000, 0x0000000752000000, 0x0000000752200000|  0%| F|  |TAMS 0x0000000752000000| PB 0x0000000752000000| Untracked 
|  75|0x0000000752200000, 0x0000000752200000, 0x0000000752400000|  0%| F|  |TAMS 0x0000000752200000| PB 0x0000000752200000| Untracked 
|  76|0x0000000752400000, 0x0000000752400000, 0x0000000752600000|  0%| F|  |TAMS 0x0000000752400000| PB 0x0000000752400000| Untracked 
|  77|0x0000000752600000, 0x0000000752600000, 0x0000000752800000|  0%| F|  |TAMS 0x0000000752600000| PB 0x0000000752600000| Untracked 
|  78|0x0000000752800000, 0x0000000752800000, 0x0000000752a00000|  0%| F|  |TAMS 0x0000000752800000| PB 0x0000000752800000| Untracked 
|  79|0x0000000752a00000, 0x0000000752a00000, 0x0000000752c00000|  0%| F|  |TAMS 0x0000000752a00000| PB 0x0000000752a00000| Untracked 
|  80|0x0000000752c00000, 0x0000000752c00000, 0x0000000752e00000|  0%| F|  |TAMS 0x0000000752c00000| PB 0x0000000752c00000| Untracked 
|  81|0x0000000752e00000, 0x0000000752e00000, 0x0000000753000000|  0%| F|  |TAMS 0x0000000752e00000| PB 0x0000000752e00000| Untracked 
|  82|0x0000000753000000, 0x0000000753000000, 0x0000000753200000|  0%| F|  |TAMS 0x0000000753000000| PB 0x0000000753000000| Untracked 
|  83|0x0000000753200000, 0x0000000753200000, 0x0000000753400000|  0%| F|  |TAMS 0x0000000753200000| PB 0x0000000753200000| Untracked 
|  84|0x0000000753400000, 0x0000000753400000, 0x0000000753600000|  0%| F|  |TAMS 0x0000000753400000| PB 0x0000000753400000| Untracked 
|  85|0x0000000753600000, 0x0000000753600000, 0x0000000753800000|  0%| F|  |TAMS 0x0000000753600000| PB 0x0000000753600000| Untracked 
|  86|0x0000000753800000, 0x0000000753800000, 0x0000000753a00000|  0%| F|  |TAMS 0x0000000753800000| PB 0x0000000753800000| Untracked 
|  87|0x0000000753a00000, 0x0000000753a00000, 0x0000000753c00000|  0%| F|  |TAMS 0x0000000753a00000| PB 0x0000000753a00000| Untracked 
|  88|0x0000000753c00000, 0x0000000753c00000, 0x0000000753e00000|  0%| F|  |TAMS 0x0000000753c00000| PB 0x0000000753c00000| Untracked 
|  89|0x0000000753e00000, 0x0000000753e00000, 0x0000000754000000|  0%| F|  |TAMS 0x0000000753e00000| PB 0x0000000753e00000| Untracked 
|  90|0x0000000754000000, 0x00000007540e1948, 0x0000000754200000| 44%| E|  |TAMS 0x0000000754000000| PB 0x0000000754000000| Complete 
|  91|0x0000000754200000, 0x0000000754400000, 0x0000000754400000|100%| E|CS|TAMS 0x0000000754200000| PB 0x0000000754200000| Complete 

Card table byte_map: [0x000002165b900000,0x000002165bec0000] _byte_map_base: 0x0000021657eba000

Marking Bits: (CMBitMap*) 0x0000021643bbf3d0
 Bits: [0x000002165bec0000, 0x000002165ec90000)

Polling page: 0x0000021643340000

Metaspace:

Usage:
  Non-class:    192.00 KB used.
      Class:     11.60 KB used.
       Both:    203.60 KB used.

Virtual space:
  Non-class space:       64.00 MB reserved,     192.00 KB ( <1%) committed,  1 nodes.
      Class space:        1.00 GB reserved,      64.00 KB ( <1%) committed,  1 nodes.
             Both:        1.06 GB reserved,     256.00 KB ( <1%) committed. 

Chunk freelists:
   Non-Class:  12.00 MB
       Class:  15.75 MB
        Both:  27.75 MB

MaxMetaspaceSize: unlimited
CompressedClassSpaceSize: 1.00 GB
Initial GC threshold: 21.00 MB
Current GC threshold: 21.00 MB
CDS: on
 - commit_granule_bytes: 65536.
 - commit_granule_words: 8192.
 - virtual_space_node_default_size: 8388608.
 - enlarge_chunks_in_place: 1.
 - use_allocation_guard: 0.


Internal statistics:

num_allocs_failed_limit: 0.
num_arena_births: 2.
num_arena_deaths: 0.
num_vsnodes_births: 2.
num_vsnodes_deaths: 0.
num_space_committed: 4.
num_space_uncommitted: 0.
num_chunks_returned_to_freelist: 0.
num_chunks_taken_from_freelist: 3.
num_chunk_merges: 0.
num_chunk_splits: 2.
num_chunks_enlarged: 0.
num_inconsistent_stats: 0.

CodeHeap 'non-profiled nmethods': size=120000Kb used=26Kb max_used=26Kb free=119974Kb
 bounds [0x0000021653ae0000, 0x0000021653d50000, 0x000002165b010000]
CodeHeap 'profiled nmethods': size=120000Kb used=102Kb max_used=102Kb free=119897Kb
 bounds [0x000002164c010000, 0x000002164c280000, 0x0000021653540000]
CodeHeap 'non-nmethods': size=5760Kb used=1265Kb max_used=1265Kb free=4494Kb
 bounds [0x0000021653540000, 0x00000216537b0000, 0x0000021653ae0000]
 total_blobs=475 nmethods=90 adapters=290
 compilation: enabled
              stopped_count=0, restarted_count=0
 full_count=0

Compilation events (20 events):
Event: 1.667 Thread 0x0000021661858030   75       3       java.lang.StringBuilder::append (8 bytes)
Event: 1.667 Thread 0x0000021661858030 nmethod 75 0x000002164c027090 code [0x000002164c027240, 0x000002164c027390]
Event: 1.667 Thread 0x0000021661858030   74       3       java.lang.String::isEmpty (14 bytes)
Event: 1.667 Thread 0x0000021661858030 nmethod 74 0x000002164c027410 code [0x000002164c0275c0, 0x000002164c027730]
Event: 1.668 Thread 0x0000021661858030   76       3       java.lang.StringLatin1::indexOfChar (33 bytes)
Event: 1.669 Thread 0x0000021661858030 nmethod 76 0x000002164c027810 code [0x000002164c0279c0, 0x000002164c027be8]
Event: 1.669 Thread 0x0000021661858030   77       3       java.lang.Math::max (11 bytes)
Event: 1.669 Thread 0x0000021661858030 nmethod 77 0x000002164c027d10 code [0x000002164c027ea0, 0x000002164c027fe0]
Event: 1.864 Thread 0x0000021661858030   78       3       java.lang.String::indexOf (37 bytes)
Event: 1.865 Thread 0x0000021661858030 nmethod 78 0x000002164c028090 code [0x000002164c0282a0, 0x000002164c028738]
Event: 1.865 Thread 0x0000021661858030   79       3       java.lang.StringLatin1::indexOf (37 bytes)
Event: 1.865 Thread 0x0000021661858030 nmethod 79 0x000002164c028910 code [0x000002164c028b00, 0x000002164c029020]
Event: 2.048 Thread 0x0000021661858030   80       3       java.util.zip.ZipUtils::SH (21 bytes)
Event: 2.049 Thread 0x0000021661858030 nmethod 80 0x000002164c029210 code [0x000002164c0293c0, 0x000002164c029508]
Event: 2.055 Thread 0x0000021661858030   81       3       java.util.HashSet::add (20 bytes)
Event: 2.055 Thread 0x0000021661858030 nmethod 81 0x000002164c029610 code [0x000002164c0297c0, 0x000002164c029978]
Event: 2.060 Thread 0x0000021661858030   85       1       java.lang.module.ModuleDescriptor::isOpen (5 bytes)
Event: 2.061 Thread 0x0000021661858030 nmethod 85 0x0000021653ae5310 code [0x0000021653ae54a0, 0x0000021653ae5570]
Event: 2.065 Thread 0x0000021661858030   88       1       java.lang.Enum::ordinal (5 bytes)
Event: 2.065 Thread 0x0000021661858030 nmethod 88 0x0000021653ae5c10 code [0x0000021653ae5da0, 0x0000021653ae5e68]

GC Heap History (0 events):
No events

Dll operation events (5 events):
Event: 1.031 Loaded shared library C:\Program Files\Java\jdk-21\bin\java.dll
Event: 1.277 Loaded shared library C:\Program Files\Java\jdk-21\bin\jsvml.dll
Event: 2.043 Loaded shared library C:\Program Files\Java\jdk-21\bin\net.dll
Event: 2.046 Loaded shared library C:\Program Files\Java\jdk-21\bin\nio.dll
Event: 2.053 Loading shared library C:\Program Files\Java\jdk-21\bin\zip.dll failed, error code 1455

Deoptimization events (0 events):
No events

Classes loaded (16 events):
Event: 1.263 Loading class sun/nio/cs/MS1251
Event: 1.263 Loading class sun/nio/cs/MS1251 done
Event: 1.264 Loading class sun/nio/cs/MS1251$Holder
Event: 1.265 Loading class sun/nio/cs/MS1251$Holder done
Event: 2.054 Loading class java/lang/UnsatisfiedLinkError
Event: 2.054 Loading class java/lang/UnsatisfiedLinkError done
Event: 2.054 Loading class java/lang/ExceptionInInitializerError
Event: 2.054 Loading class java/lang/ExceptionInInitializerError done
Event: 2.054 Loading class java/lang/StackTraceElement$HashedModules
Event: 2.054 Loading class java/lang/StackTraceElement$HashedModules done
Event: 2.055 Loading class java/io/IOException
Event: 2.055 Loading class java/io/IOException done
Event: 2.055 Loading class java/lang/SecurityException
Event: 2.055 Loading class java/lang/SecurityException done
Event: 2.055 Loading class sun/launcher/LauncherHelper$ResourceBundleHolder
Event: 2.055 Loading class sun/launcher/LauncherHelper$ResourceBundleHolder done

Classes unloaded (0 events):
No events

Classes redefined (0 events):
No events

Internal exceptions (3 events):
Event: 2.054 Thread 0x0000021641a12e40 Exception <a 'java/lang/UnsatisfiedLinkError'{0x00000007543efe40}> (0x00000007543efe40) 
thrown [s\open\src\hotspot\share\prims\jvm.cpp, line 3424]
Event: 2.054 Thread 0x0000021641a12e40 Exception <a 'java/lang/UnsatisfiedLinkError'{0x00000007543efe40}> (0x00000007543efe40) 
thrown [s\open\src\hotspot\share\prims\jni.cpp, line 520]
Event: 2.055 Thread 0x0000021641a12e40 Exception <a 'java/lang/UnsatisfiedLinkError'{0x00000007543efe40}> (0x00000007543efe40) 
thrown [s\open\src\hotspot\share\oops\instanceKlass.cpp, line 1192]

ZGC Phase Switch (0 events):
No events

VM Operations (0 events):
No events

Events (11 events):
Event: 1.056 Thread 0x0000021641a12e40 Thread added: 0x0000021641a12e40
Event: 1.270 Thread 0x00000216616c5d30 Thread added: 0x00000216616c5d30
Event: 1.270 Thread 0x00000216616c6980 Thread added: 0x00000216616c6980
Event: 1.271 Thread 0x00000216616c98e0 Thread added: 0x00000216616c98e0
Event: 1.271 Thread 0x00000216616ca330 Thread added: 0x00000216616ca330
Event: 1.271 Thread 0x00000216616cad80 Thread added: 0x00000216616cad80
Event: 1.271 Thread 0x00000216616cb7d0 Thread added: 0x00000216616cb7d0
Event: 1.271 Thread 0x00000216616d0570 Thread added: 0x00000216616d0570
Event: 1.472 Thread 0x0000021661858030 Thread added: 0x0000021661858030
Event: 1.664 Thread 0x0000021661928890 Thread added: 0x0000021661928890
Event: 1.668 Thread 0x000002166192bf10 Thread added: 0x000002166192bf10


Dynamic libraries:
0x00007ff703c60000 - 0x00007ff703c70000 	C:\Program Files\Java\jdk-21\bin\java.exe
0x00007ff9f5930000 - 0x00007ff9f5b28000 	C:\WINDOWS\SYSTEM32\ntdll.dll
0x00007ff9f5400000 - 0x00007ff9f54c2000 	C:\WINDOWS\System32\KERNEL32.DLL
0x00007ff9f3130000 - 0x00007ff9f3426000 	C:\WINDOWS\System32\KERNELBASE.dll
0x00007ff9f3820000 - 0x00007ff9f3920000 	C:\WINDOWS\System32\ucrtbase.dll
0x00007ff9e2300000 - 0x00007ff9e2319000 	C:\Program Files\Java\jdk-21\bin\jli.dll
0x00007ff9f3da0000 - 0x00007ff9f3e51000 	C:\WINDOWS\System32\ADVAPI32.dll
0x00007ff9f5820000 - 0x00007ff9f58be000 	C:\WINDOWS\System32\msvcrt.dll
0x00007ff9f4800000 - 0x00007ff9f489f000 	C:\WINDOWS\System32\sechost.dll
0x00007ff9f3c10000 - 0x00007ff9f3d30000 	C:\WINDOWS\System32\RPCRT4.dll
0x00007ff9f3560000 - 0x00007ff9f3587000 	C:\WINDOWS\System32\bcrypt.dll
0x00007ff9f3f40000 - 0x00007ff9f40e1000 	C:\WINDOWS\System32\USER32.dll
0x00007ff9f3100000 - 0x00007ff9f3122000 	C:\WINDOWS\System32\win32u.dll
0x00007ff9f47c0000 - 0x00007ff9f47eb000 	C:\WINDOWS\System32\GDI32.dll
0x00007ff9f2f90000 - 0x00007ff9f30a9000 	C:\WINDOWS\System32\gdi32full.dll
0x00007ff9f3590000 - 0x00007ff9f362d000 	C:\WINDOWS\System32\msvcp_win.dll
0x00007ff9e31d0000 - 0x00007ff9e31eb000 	C:\Program Files\Java\jdk-21\bin\VCRUNTIME140.dll
0x00007ff9e4da0000 - 0x00007ff9e503b000 	C:\WINDOWS\WinSxS\amd64_microsoft.windows.common-controls_6595b64144ccf1df_6.0.19041.6456_none_60b8a6cb71f64256\COMCTL32.dll
0x00007ff9ecd10000 - 0x00007ff9ecd1a000 	C:\WINDOWS\SYSTEM32\VERSION.dll
0x00007ff9f3f10000 - 0x00007ff9f3f3f000 	C:\WINDOWS\System32\IMM32.DLL
0x00007ff9ed3a0000 - 0x00007ff9ed3ac000 	C:\Program Files\Java\jdk-21\bin\vcruntime140_1.dll
0x00007ff9c7130000 - 0x00007ff9c71be000 	C:\Program Files\Java\jdk-21\bin\msvcp140.dll
0x00007ff98ebe0000 - 0x00007ff98f8fa000 	C:\Program Files\Java\jdk-21\bin\server\jvm.dll
0x00007ff9f4210000 - 0x00007ff9f427b000 	C:\WINDOWS\System32\WS2_32.dll
0x00007ff9f2df0000 - 0x00007ff9f2e3b000 	C:\WINDOWS\SYSTEM32\POWRPROF.dll
0x00007ff9e0140000 - 0x00007ff9e0167000 	C:\WINDOWS\SYSTEM32\WINMM.dll
0x00007ff9f2dd0000 - 0x00007ff9f2de2000 	C:\WINDOWS\SYSTEM32\UMPDC.dll
0x00007ff9f0dc0000 - 0x00007ff9f0dd2000 	C:\WINDOWS\SYSTEM32\kernel.appcore.dll
0x00007ff9ed370000 - 0x00007ff9ed37a000 	C:\Program Files\Java\jdk-21\bin\jimage.dll
0x00007ff9df840000 - 0x00007ff9dfa41000 	C:\WINDOWS\SYSTEM32\DBGHELP.DLL
0x00007ff9dd350000 - 0x00007ff9dd384000 	C:\WINDOWS\SYSTEM32\dbgcore.DLL
0x00007ff9f3630000 - 0x00007ff9f36b2000 	C:\WINDOWS\System32\bcryptPrimitives.dll
0x00007ff9e0be0000 - 0x00007ff9e0bff000 	C:\Program Files\Java\jdk-21\bin\java.dll
0x00007ff9f4930000 - 0x00007ff9f50a0000 	C:\WINDOWS\System32\SHELL32.dll
0x00007ff9f0fc0000 - 0x00007ff9f1765000 	C:\WINDOWS\SYSTEM32\windows.storage.dll
0x00007ff9f50a0000 - 0x00007ff9f53f4000 	C:\WINDOWS\System32\combase.dll
0x00007ff9f28e0000 - 0x00007ff9f290b000 	C:\WINDOWS\SYSTEM32\Wldp.dll
0x00007ff9f46f0000 - 0x00007ff9f47bd000 	C:\WINDOWS\System32\OLEAUT32.dll
0x00007ff9f3920000 - 0x00007ff9f39cd000 	C:\WINDOWS\System32\SHCORE.dll
0x00007ff9f57c0000 - 0x00007ff9f581b000 	C:\WINDOWS\System32\shlwapi.dll
0x00007ff9f2ec0000 - 0x00007ff9f2ee4000 	C:\WINDOWS\SYSTEM32\profapi.dll
0x00007ff9ab440000 - 0x00007ff9ab517000 	C:\Program Files\Java\jdk-21\bin\jsvml.dll
0x00007ff9ebd20000 - 0x00007ff9ebd30000 	C:\Program Files\Java\jdk-21\bin\net.dll
0x00007ff9ec950000 - 0x00007ff9eca5a000 	C:\WINDOWS\SYSTEM32\WINHTTP.dll
0x00007ff9f25f0000 - 0x00007ff9f265a000 	C:\WINDOWS\system32\mswsock.dll
0x00007ff9dbf20000 - 0x00007ff9dbf36000 	C:\Program Files\Java\jdk-21\bin\nio.dll

dbghelp: loaded successfully - version: 4.0.5 - missing functions: none
symbol engine: initialized successfully - sym options: 0x614 - pdb path: .;C:\Program Files\Java\jdk-21\bin;C:\WINDOWS\SYSTEM32;C:\WINDOWS\WinSxS\amd64_microsoft.windows.common-controls_6595b64144ccf1df_6.0.19041.6456_none_60b8a6cb71f64256;C:\Program Files\Java\jdk-21\bin\server

VM Arguments:
jvm_args: -Dclassworlds.conf=C:\Users\2oleg\Downloads\apache-maven-3.9.11-bin\apache-maven-3.9.11\bin\m2.conf -Dmaven.home=C:\Users\2oleg\Downloads\apache-maven-3.9.11-bin\apache-maven-3.9.11 -Dlibrary.jansi.path=C:\Users\2oleg\Downloads\apache-maven-3.9.11-bin\apache-maven-3.9.11\lib\jansi-native -Dmaven.multiModuleProjectDirectory=C:\Users\2oleg\Downloads\Telegram Desktop\Kefir\Backend\TransactionSaga 
java_command: org.codehaus.plexus.classworlds.launcher.Launcher spring-boot:run -Dserver.port=8090 -DskipTests
java_class_path (initial): C:\Users\2oleg\Downloads\apache-maven-3.9.11-bin\apache-maven-3.9.11\boot\plexus-classworlds-2.9.0.jar
Launcher Type: SUN_STANDARD

[Global flags]
     intx CICompilerCount                          = 4                                         {product} {ergonomic}
     uint ConcGCThreads                            = 2                                         {product} {ergonomic}
     uint G1ConcRefinementThreads                  = 8                                         {product} {ergonomic}
   size_t G1HeapRegionSize                         = 2097152                                   {product} {ergonomic}
    uintx GCDrainStackTargetSize                   = 64                                        {product} {ergonomic}
   size_t InitialHeapSize                          = 192937984                                 {product} {ergonomic}
   size_t MarkStackSize                            = 4194304                                   {product} {ergonomic}
   size_t MaxHeapSize                              = 3074424832                                {product} {ergonomic}
   size_t MaxNewSize                               = 1843396608                                {product} {ergonomic}
   size_t MinHeapDeltaBytes                        = 2097152                                   {product} {ergonomic}
   size_t MinHeapSize                              = 8388608                                   {product} {ergonomic}
    uintx NonNMethodCodeHeapSize                   = 5839372                                {pd product} {ergonomic}
    uintx NonProfiledCodeHeapSize                  = 122909434                              {pd product} {ergonomic}
    uintx ProfiledCodeHeapSize                     = 122909434                              {pd product} {ergonomic}
    uintx ReservedCodeCacheSize                    = 251658240                              {pd product} {ergonomic}
     bool SegmentedCodeCache                       = true                                      {product} {ergonomic}
   size_t SoftMaxHeapSize                          = 3074424832                             {manageable} {ergonomic}
     bool UseCompressedOops                        = true                           {product lp64_product} {ergonomic}
     bool UseG1GC                                  = true                                      {product} {ergonomic}
     bool UseLargePagesIndividualAllocation        = false                                  {pd product} {ergonomic}

Logging:
Log output configuration:
 #0: stdout all=warning uptime,level,tags foldmultilines=false
 #1: stderr all=off uptime,level,tags foldmultilines=false

Environment Variables:
JAVA_HOME=C:\Program Files\Java\jdk-21
PATH=C:\Program Files\Common Files\Oracle\Java\javapath;C:\Program Files (x86)\Cuminas\Document Express DjVu Plug-in\;C:\Program Files (x86)\Razer Chroma SDK\bin;C:\Program Files\Razer Chroma SDK\bin;C:\WINDOWS\system32;C:\WINDOWS;C:\WINDOWS\System32\Wbem;C:\WINDOWS\System32\WindowsPowerShell\v1.0\;C:\WINDOWS\System32\OpenSSH\;C:\Program Files (x86)\NVIDIA Corporation\PhysX\Common;C:\WINDOWS\system32\config\systemprofile\AppData\Local\Microsoft\WindowsApps;C:\Program Files (x86)\Razer\ChromaBroadcast\bin;C:\Program Files\Razer\ChromaBroadcast\bin;C:\Users\2oleg\AppData\Local\Microsoft\WindowsApps;C:\Program Files\JetBrains\IntelliJ IDEA Community Edition 2024.3\bin;C:\Users\2oleg\AppData\Local\Programs\Microsoft VS Code\bin;C:\Program Files\Docker\Docker\resources\bin;C:\Users\2oleg\Downloads\curl-8.16.0_6-win64-mingw.zip\curl-8.16.0_6-win64-mingw\bin;C:\Users\2oleg\Downloads\curl-8.16.0_6-win64-mingw\curl-8.16.0_6-win64-mingw\bin;C:\Users\2oleg\Downloads\apache-maven-3.9.11-bin\apache-maven-3.9.11\bin;C:\ProgramData\chocolatey\bin;C:\Users\2oleg\AppData\Roaming\Cloud Foundry;C:\Program Files\Git\cmd;C:\Program Files\nodejs\;C:\Users\2oleg\AppData\Local\Muse Hub\lib;C:\Users\2oleg\AppData\Local\Microsoft\WindowsApps;C:\Program Files\JetBrains\IntelliJ IDEA Community Edition 2025.2.4\bin;C:\Users\2oleg\AppData\Local\Programs\Microsoft VS Code\bin;C:\Program Files\jq.exe;C:\Users\2oleg\AppData\Local\Microsoft\WinGet\Packages\jqlang.jq_Microsoft.Winget.Source_8wekyb3d8bbwe;C:\Program Files\Java\jdk-24;C:\Users\2oleg\Downloads\gradle-9.0.0-bin\gradle-9.0.0\bin;C:\Program Files\Docker\Docker\resources\bin;C:\Users\2oleg\AppData\Local\GitHubDesktop\bin;C:\Users\2oleg\AppData\Roaming\npm
USERNAME=2oleg
OS=Windows_NT
PROCESSOR_IDENTIFIER=Intel64 Family 6 Model 60 Stepping 3, GenuineIntel
TMP=C:\Users\2oleg\AppData\Local\Temp
TEMP=C:\Users\2oleg\AppData\Local\Temp




Periodic native trim disabled

---------------  S Y S T E M  ---------------

OS:
 Windows 10 , 64 bit Build 19041 (10.0.19041.5915)
OS uptime: 10 days 12:23 hours
Hyper-V role detected

CPU: total 8 (initial active 8) (4 cores per cpu, 2 threads per core) family 6 model 60 stepping 3 microcode 0x27, cx8, cmov, fxsr, ht, mmx, sse, sse2, sse3, ssse3, sse4.1, sse4.2, popcnt, lzcnt, tsc, tscinvbit, avx, avx2, aes, erms, clmul, bmi1, bmi2, fma, vzeroupper, clflush, hv, rdtscp, f16c
Processor Information for all 8 processors :
  Max Mhz: 2401, Current Mhz: 2401, Mhz Limit: 2401

Memory: 4k page, system-wide physical 11723M (2578M free)
TotalPageFile size 23723M (AvailPageFile size 383M)
current process WorkingSet (physical memory assigned to process): 35M, peak: 35M
current process commit charge ("private bytes"): 265M, peak: 265M

vm_info: Java HotSpot(TM) 64-Bit Server VM (21.0.7+8-LTS-245) for windows-amd64 JRE (21.0.7+8-LTS-245), built on 2025-02-21T05:11:27Z by "mach5one" with MS VC++ 17.6 (VS2022)

END.
