#
# There is insufficient memory for the Java Runtime Environment to continue.
# Native memory allocation (mmap) failed to map 65536 bytes for Failed to commit metaspace.
# Possible reasons:
#   The system is out of physical RAM or swap space
#   The process is running with CompressedOops enabled, and the Java Heap may be blocking the growth of the native heap
# Possible solutions:
#   Reduce memory load on the system
#   Increase physical memory or swap space
#   Check if swap backing store is full
#   Decrease Java heap size (-Xmx/-Xms)
#   Decrease number of Java threads
#   Decrease Java thread stack sizes (-Xss)
#   Set larger code cache with -XX:ReservedCodeCacheSize=
#   JVM is running with Zero Based Compressed Oops mode in which the Java heap is
#     placed in the first 32GB address space. The Java Heap base address is the
#     maximum limit for the native heap growth. Please use -XX:HeapBaseMinAddress
#     to set the Java Heap base and to place the Java Heap above 32GB virtual address.
# This output file may be truncated or incomplete.
#
#  Out of Memory Error (virtualSpaceNode.cpp:112), pid=3012, tid=28816
#
# JRE version: Java(TM) SE Runtime Environment (21.0.7+8) (build 21.0.7+8-LTS-245)
# Java VM: Java HotSpot(TM) 64-Bit Server VM (21.0.7+8-LTS-245, mixed mode, emulated-client, sharing, tiered, compressed oops, compressed class ptrs, g1 gc, windows-amd64)
# No core dump will be written. Minidumps are not enabled by default on client versions of Windows
#

---------------  S U M M A R Y ------------

Command Line: -XX:TieredStopAtLevel=1 com.example.TransactionSaga.TransactionSagaApplication

Host: Intel(R) Core(TM) i7-4700HQ CPU @ 2.40GHz, 8 cores, 11G,  Windows 10 , 64 bit Build 19041 (10.0.19041.5915)
Time: Sat Dec 13 01:32:58 2025 RTZ 2 (s 10 , 64 bit Build 19041 (10.0.19041.5915) elapsed time: 5.581577 seconds (0d 0h 0m 5s)

---------------  T H R E A D  ---------------

Current thread (0x0000023df3bde0f0):  JavaThread "main"             [_thread_in_vm, id=28816, stack(0x0000007366500000,0x0000007366600000) (1024K)]

Stack: [0x0000007366500000,0x0000007366600000]
Native frames: (J=compiled Java code, j=interpreted, Vv=VM code, C=native code)
V  [jvm.dll+0x6cae19]
V  [jvm.dll+0x855741]
V  [jvm.dll+0x857c6e]
V  [jvm.dll+0x858343]
V  [jvm.dll+0x27e0b6]
V  [jvm.dll+0x85135e]
V  [jvm.dll+0x66ea55]
V  [jvm.dll+0x1e410c]
V  [jvm.dll+0x1e3ede]
V  [jvm.dll+0x671383]
V  [jvm.dll+0x6711a2]
V  [jvm.dll+0x66f42e]
V  [jvm.dll+0x680569]
V  [jvm.dll+0x6799be]
V  [jvm.dll+0x3d3ad1]
C  0x0000023d8000b779

The last pc belongs to method entry point (kind = zerolocals) (printed below).
Java frames: (J=compiled Java code, j=interpreted, Vv=VM code)
j  org.springframework.boot.context.properties.source.ConfigurationPropertyName$Elements.getSize()I+0
j  org.springframework.boot.context.properties.source.ConfigurationPropertyName.<init>(Lorg/springframework/boot/context/properties/source/ConfigurationPropertyName$Elements;)V+22
j  org.springframework.boot.context.properties.source.ConfigurationPropertyName.<clinit>()V+7
v  ~StubRoutines::call_stub 0x0000023d8000100d
j  org.springframework.boot.context.logging.LoggingApplicationListener.<clinit>()V+3
v  ~StubRoutines::call_stub 0x0000023d8000100d
j  jdk.internal.misc.Unsafe.ensureClassInitialized0(Ljava/lang/Class;)V+0 java.base@21.0.7
j  jdk.internal.misc.Unsafe.ensureClassInitialized(Ljava/lang/Class;)V+14 java.base@21.0.7
j  jdk.internal.reflect.MethodHandleAccessorFactory.ensureClassInitialized(Ljava/lang/Class;)V+14 java.base@21.0.7
j  jdk.internal.reflect.MethodHandleAccessorFactory.newConstructorAccessor(Ljava/lang/reflect/Constructor;)Ljdk/internal/reflect/ConstructorAccessorImpl;+16 java.base@21.0.7
j  jdk.internal.reflect.ReflectionFactory.newConstructorAccessor(Ljava/lang/reflect/Constructor;)Ljdk/internal/reflect/ConstructorAccessor;+67 java.base@21.0.7
j  java.lang.reflect.Constructor.acquireConstructorAccessor()Ljdk/internal/reflect/ConstructorAccessor;+58 java.base@21.0.7
j  java.lang.reflect.Constructor.newInstanceWithCaller([Ljava/lang/Object;ZLjava/lang/Class;)Ljava/lang/Object;+33 java.base@21.0.7
j  java.lang.reflect.Constructor.newInstance([Ljava/lang/Object;)Ljava/lang/Object;+30 java.base@21.0.7
j  org.springframework.core.io.support.SpringFactoriesLoader$FactoryInstantiator.instantiate(Lorg/springframework/core/io/support/SpringFactoriesLoader$ArgumentResolver;)Ljava/lang/Object;+33
j  org.springframework.core.io.support.SpringFactoriesLoader.instantiateFactory(Ljava/lang/String;Ljava/lang/Class;Lorg/springframework/core/io/support/SpringFactoriesLoader$ArgumentResolver;Lorg/springframework/core/io/support/SpringFactoriesLoader$FailureHandler;)Ljava/lang/Object;+36
j  org.springframework.core.io.support.SpringFactoriesLoader.load(Ljava/lang/Class;Lorg/springframework/core/io/support/SpringFactoriesLoader$ArgumentResolver;Lorg/springframework/core/io/support/SpringFactoriesLoader$FailureHandler;)Ljava/util/List;+99
j  org.springframework.core.io.support.SpringFactoriesLoader.load(Ljava/lang/Class;Lorg/springframework/core/io/support/SpringFactoriesLoader$ArgumentResolver;)Ljava/util/List;+4
j  org.springframework.boot.SpringApplication.getSpringFactoriesInstances(Ljava/lang/Class;Lorg/springframework/core/io/support/SpringFactoriesLoader$ArgumentResolver;)Ljava/util/List;+9
j  org.springframework.boot.SpringApplication.getSpringFactoriesInstances(Ljava/lang/Class;)Ljava/util/List;+3
j  org.springframework.boot.SpringApplication.<init>(Lorg/springframework/core/io/ResourceLoader;[Ljava/lang/Class;)V+118
j  org.springframework.boot.SpringApplication.<init>([Ljava/lang/Class;)V+3
j  org.springframework.boot.SpringApplication.run([Ljava/lang/Class;[Ljava/lang/String;)Lorg/springframework/context/ConfigurableApplicationContext;+5
j  org.springframework.boot.SpringApplication.run(Ljava/lang/Class;[Ljava/lang/String;)Lorg/springframework/context/ConfigurableApplicationContext;+9
j  com.example.TransactionSaga.TransactionSagaApplication.main([Ljava/lang/String;)V+3
v  ~StubRoutines::call_stub 0x0000023d8000100d
method entry point (kind = zerolocals)  [0x0000023d8000b660, 0x0000023d8000b950]  752 bytes
[MachCode]
  0x0000023d8000b660: 488b 5308 | 0fb7 4a2e | 0fb7 522c | 2bd1 81fa | f501 0000 | 0f86 2500 | 0000 488b | c248 c1e0 
  0x0000023d8000b680: 0348 83c0 | 5849 0387 | c804 0000 | 483b e00f | 870a 0000 | 0058 498b | e550 e9e1 | afff ff58 
  0x0000023d8000b6a0: 4c8d 74cc | f885 d20f | 8e09 0000 | 0068 0000 | 0000 ffca | 7ff7 5055 | 488b ec41 | 5568 0000 
  0x0000023d8000b6c0: 0000 4c8b | 6b08 4d8d | 6d38 5348 | 8b53 0848 | 8b52 0848 | 8b52 1848 | 8b52 7048 | 8b12 5268 
  0x0000023d8000b6e0: 0000 0000 | 488b 5308 | 488b 5208 | 488b 5210 | 5249 8bc6 | 482b c548 | c1e8 0350 | 4155 6800 
  0x0000023d8000b700: 0000 0048 | 8924 2441 | c687 7104 | 0000 0148 | 8b43 1848 | 85c0 0f85 | b000 0000 | e805 0000 
  0x0000023d8000b720: 00e9 9900 | 0000 488b | d348 8d44 | 2408 4c89 | 6dc0 498b | cfc5 f877 | 4989 afa8 | 0300 0049 
  0x0000023d8000b740: 8987 9803 | 0000 4883 | ec20 40f6 | c40f 0f84 | 1900 0000 | 4883 ec08 | 48b8 b03a | fb8e f97f 
  0x0000023d8000b760: 0000 ffd0 | 4883 c408 | e90c 0000 | 0048 b8b0 | 3afb 8ef9 | 7f00 00ff | d048 83c4 | 2049 c787 
  0x0000023d8000b780: 9803 0000 | 0000 0000 | 49c7 87a8 | 0300 0000 | 0000 0049 | c787 a003 | 0000 0000 | 0000 c5f8 
  0x0000023d8000b7a0: 7749 837f | 0800 0f84 | 0500 0000 | e94f 57ff | ff4c 8b6d | c04c 8b75 | c84e 8d74 | f500 c348 
  0x0000023d8000b7c0: 8b43 1848 | 85c0 0f84 | 1200 0000 | 8b48 0883 | c102 8948 | 0823 481c | 0f84 c200 | 0000 493b 
  0x0000023d8000b7e0: a7e0 0400 | 000f 8748 | 0000 0089 | 8424 00f0 | ffff 8984 | 2400 e0ff | ff89 8424 | 00d0 ffff 
  0x0000023d8000b800: 8984 2400 | c0ff ff89 | 8424 00b0 | ffff 8984 | 2400 a0ff | ff89 8424 | 0090 ffff | 8984 2400 
  0x0000023d8000b820: 80ff ff49 | 3ba7 d804 | 0000 7607 | 4989 a7e0 | 0400 0041 | c687 7104 | 0000 0049 | ba20 5880 
  0x0000023d8000b840: 8ff9 7f00 | 0041 803a | 000f 843e | 0000 0048 | 8b55 e849 | 8bcf 4883 | ec20 40f6 | c40f 0f84 
  0x0000023d8000b860: 1900 0000 | 4883 ec08 | 48b8 500d | 318f f97f | 0000 ffd0 | 4883 c408 | e90c 0000 | 0048 b850 
  0x0000023d8000b880: 0d31 8ff9 | 7f00 00ff | d048 83c4 | 2041 0fb6 | 5d00 49ba | d023 838f | f97f 0000 | 41ff 24da 
  0x0000023d8000b8a0: ba00 0000 | 00e8 0500 | 0000 e996 | 0000 0048 | 8d44 2408 | 4c89 6dc0 | 498b cfc5 | f877 4989 
  0x0000023d8000b8c0: afa8 0300 | 0049 8987 | 9803 0000 | 4883 ec20 | 40f6 c40f | 0f84 1900 | 0000 4883 | ec08 48b8 
  0x0000023d8000b8e0: 7045 fb8e | f97f 0000 | ffd0 4883 | c408 e90c | 0000 0048 | b870 45fb | 8ef9 7f00 | 00ff d048 
  0x0000023d8000b900: 83c4 2049 | c787 9803 | 0000 0000 | 0000 49c7 | 87a8 0300 | 0000 0000 | 0049 c787 | a003 0000 
  0x0000023d8000b920: 0000 0000 | c5f8 7749 | 837f 0800 | 0f84 0500 | 0000 e9c9 | 55ff ff4c | 8b6d c04c | 8b75 c84e 
  0x0000023d8000b940: 8d74 f500 | c348 8b5d | e8e9 90fe | ffff 6690 
[/MachCode]

---------------  P R O C E S S  ---------------

Threads class SMR info:
_java_thread_list=0x0000023dcd6ed010, length=12, elements={
0x0000023df3bde0f0, 0x0000023dff826140, 0x0000023dff826e50, 0x0000023dff827b60,
0x0000023dff8295c0, 0x0000023dff82a010, 0x0000023dff82aa60, 0x0000023dff82b4b0,
0x0000023dcd0304f0, 0x0000023dff7f5c40, 0x0000023dcd14faf0, 0x0000023dcd150310
}

Java Threads: ( => current thread )
=>0x0000023df3bde0f0 JavaThread "main"                              [_thread_in_vm, id=28816, stack(0x0000007366500000,0x0000007366600000) (1024K)]
  0x0000023dff826140 JavaThread "Reference Handler"          daemon [_thread_blocked, id=28228, stack(0x0000007366d00000,0x0000007366e00000) (1024K)]
  0x0000023dff826e50 JavaThread "Finalizer"                  daemon [_thread_blocked, id=28720, stack(0x0000007366e00000,0x0000007366f00000) (1024K)]
  0x0000023dff827b60 JavaThread "Signal Dispatcher"          daemon [_thread_blocked, id=936, stack(0x0000007366f00000,0x0000007367000000) (1024K)]
  0x0000023dff8295c0 JavaThread "Attach Listener"            daemon [_thread_blocked, id=29496, stack(0x0000007367000000,0x0000007367100000) (1024K)]
  0x0000023dff82a010 JavaThread "Service Thread"             daemon [_thread_blocked, id=29528, stack(0x0000007367100000,0x0000007367200000) (1024K)]
  0x0000023dff82aa60 JavaThread "Monitor Deflation Thread"   daemon [_thread_blocked, id=29532, stack(0x0000007367200000,0x0000007367300000) (1024K)]
  0x0000023dff82b4b0 JavaThread "C1 CompilerThread0"         daemon [_thread_blocked, id=29536, stack(0x0000007367300000,0x0000007367400000) (1024K)]
  0x0000023dcd0304f0 JavaThread "C1 CompilerThread1"         daemon [_thread_blocked, id=7948, stack(0x0000007367400000,0x0000007367500000) (1024K)]
  0x0000023dff7f5c40 JavaThread "C1 CompilerThread2"         daemon [_thread_blocked, id=11312, stack(0x0000007367500000,0x0000007367600000) (1024K)]
  0x0000023dcd14faf0 JavaThread "Notification Thread"        daemon [_thread_blocked, id=18440, stack(0x0000007367700000,0x0000007367800000) (1024K)]
  0x0000023dcd150310 JavaThread "Common-Cleaner"             daemon [_thread_blocked, id=23780, stack(0x0000007367800000,0x0000007367900000) (1024K)]
Total: 12

Other Threads:
  0x0000023dff806340 VMThread "VM Thread"                           [id=13792, stack(0x0000007366c00000,0x0000007366d00000) (1024K)]
  0x0000023dff7f5190 WatcherThread "VM Periodic Task Thread"        [id=29196, stack(0x0000007366b00000,0x0000007366c00000) (1024K)]
  0x0000023df3ddb660 WorkerThread "GC Thread#0"                     [id=29168, stack(0x0000007366600000,0x0000007366700000) (1024K)]
  0x0000023dcd784200 WorkerThread "GC Thread#1"                     [id=15192, stack(0x0000007367900000,0x0000007367a00000) (1024K)]
  0x0000023dcd7849b0 WorkerThread "GC Thread#2"                     [id=26924, stack(0x0000007367a00000,0x0000007367b00000) (1024K)]
  0x0000023dcd6e5460 WorkerThread "GC Thread#3"                     [id=25556, stack(0x0000007367b00000,0x0000007367c00000) (1024K)]
  0x0000023df3de7d80 ConcurrentGCThread "G1 Main Marker"            [id=28932, stack(0x0000007366700000,0x0000007366800000) (1024K)]
  0x0000023df3de8880 WorkerThread "G1 Conc#0"                       [id=16732, stack(0x0000007366800000,0x0000007366900000) (1024K)]
  0x0000023df3e3deb0 ConcurrentGCThread "G1 Refine#0"               [id=29076, stack(0x0000007366900000,0x0000007366a00000) (1024K)]
  0x0000023dff6ca8a0 ConcurrentGCThread "G1 Service"                [id=9720, stack(0x0000007366a00000,0x0000007366b00000) (1024K)]
Total: 10

Threads with active compile tasks:
Total: 0

VM state: not at safepoint (normal execution)

VM Mutex/Monitor currently owned by a thread:  ([mutex/lock_event])
[0x00007ff98f81be50] Metaspace_lock - owner thread: 0x0000023df3bde0f0

Heap address: 0x0000000748c00000, size: 2932 MB, Compressed Oops mode: Zero based, Oop shift amount: 3

CDS archive(s) mapped at: [0x0000023d88000000-0x0000023d88c90000-0x0000023d88c90000), size 13172736, SharedBaseAddress: 0x0000023d88000000, ArchiveRelocationMode: 1.
Compressed class space mapped at: 0x0000023d89000000-0x0000023dc9000000, reserved size: 1073741824
Narrow klass base: 0x0000023d88000000, Narrow klass shift: 0, Narrow klass range: 0x100000000

GC Precious Log:
 CardTable entry size: 512
 Card Set container configuration: InlinePtr #cards 4 size 8 Array Of Cards #cards 16 size 48 Howl #buckets 8 coarsen threshold 3686 Howl Bitmap #cards 512 size 80 coarsen threshold 460 Card regions per heap region 1 cards per card region 4096
 CPUs: 8 total, 8 available
 Memory: 11723M
 Large Page Support: Disabled
 NUMA Support: Disabled
 Compressed Oops: Enabled (Zero based)
 Heap Region Size: 2M
 Heap Min Capacity: 8M
 Heap Initial Capacity: 184M
 Heap Max Capacity: 2932M
 Pre-touch: Disabled
 Parallel Workers: 8
 Concurrent Workers: 2
 Concurrent Refinement Workers: 8
 Periodic GC: Disabled

Heap:
 garbage-first heap   total 188416K, used 22203K [0x0000000748c00000, 0x0000000800000000)
  region size 2048K, 10 young (20480K), 2 survivors (4096K)
 Metaspace       used 4412K, committed 4608K, reserved 1114112K
  class space    used 519K, committed 640K, reserved 1048576K

Heap Regions: E=young(eden), S=young(survivor), O=old, HS=humongous(starts), HC=humongous(continues), CS=collection set, F=free, TAMS=top-at-mark-start, PB=parsable bottom
|   0|0x0000000748c00000, 0x0000000748e00000, 0x0000000748e00000|100%| O|  |TAMS 0x0000000748c00000| PB 0x0000000748c00000| Untracked 
|   1|0x0000000748e00000, 0x0000000749000000, 0x0000000749000000|100%| O|  |TAMS 0x0000000748e00000| PB 0x0000000748e00000| Untracked 
|   2|0x0000000749000000, 0x00000007491aef58, 0x0000000749200000| 84%| O|  |TAMS 0x0000000749000000| PB 0x0000000749000000| Untracked 
|   3|0x0000000749200000, 0x0000000749200000, 0x0000000749400000|  0%| F|  |TAMS 0x0000000749200000| PB 0x0000000749200000| Untracked 
|   4|0x0000000749400000, 0x0000000749400000, 0x0000000749600000|  0%| F|  |TAMS 0x0000000749400000| PB 0x0000000749400000| Untracked 
|   5|0x0000000749600000, 0x0000000749600000, 0x0000000749800000|  0%| F|  |TAMS 0x0000000749600000| PB 0x0000000749600000| Untracked 
|   6|0x0000000749800000, 0x0000000749800000, 0x0000000749a00000|  0%| F|  |TAMS 0x0000000749800000| PB 0x0000000749800000| Untracked 
|   7|0x0000000749a00000, 0x0000000749a00000, 0x0000000749c00000|  0%| F|  |TAMS 0x0000000749a00000| PB 0x0000000749a00000| Untracked 
|   8|0x0000000749c00000, 0x0000000749c00000, 0x0000000749e00000|  0%| F|  |TAMS 0x0000000749c00000| PB 0x0000000749c00000| Untracked 
|   9|0x0000000749e00000, 0x0000000749e00000, 0x000000074a000000|  0%| F|  |TAMS 0x0000000749e00000| PB 0x0000000749e00000| Untracked 
|  10|0x000000074a000000, 0x000000074a000000, 0x000000074a200000|  0%| F|  |TAMS 0x000000074a000000| PB 0x000000074a000000| Untracked 
|  11|0x000000074a200000, 0x000000074a200000, 0x000000074a400000|  0%| F|  |TAMS 0x000000074a200000| PB 0x000000074a200000| Untracked 
|  12|0x000000074a400000, 0x000000074a400000, 0x000000074a600000|  0%| F|  |TAMS 0x000000074a400000| PB 0x000000074a400000| Untracked 
|  13|0x000000074a600000, 0x000000074a600000, 0x000000074a800000|  0%| F|  |TAMS 0x000000074a600000| PB 0x000000074a600000| Untracked 
|  14|0x000000074a800000, 0x000000074a800000, 0x000000074aa00000|  0%| F|  |TAMS 0x000000074a800000| PB 0x000000074a800000| Untracked 
|  15|0x000000074aa00000, 0x000000074aa00000, 0x000000074ac00000|  0%| F|  |TAMS 0x000000074aa00000| PB 0x000000074aa00000| Untracked 
|  16|0x000000074ac00000, 0x000000074ac00000, 0x000000074ae00000|  0%| F|  |TAMS 0x000000074ac00000| PB 0x000000074ac00000| Untracked 
|  17|0x000000074ae00000, 0x000000074ae00000, 0x000000074b000000|  0%| F|  |TAMS 0x000000074ae00000| PB 0x000000074ae00000| Untracked 
|  18|0x000000074b000000, 0x000000074b000000, 0x000000074b200000|  0%| F|  |TAMS 0x000000074b000000| PB 0x000000074b000000| Untracked 
|  19|0x000000074b200000, 0x000000074b200000, 0x000000074b400000|  0%| F|  |TAMS 0x000000074b200000| PB 0x000000074b200000| Untracked 
|  20|0x000000074b400000, 0x000000074b400000, 0x000000074b600000|  0%| F|  |TAMS 0x000000074b400000| PB 0x000000074b400000| Untracked 
|  21|0x000000074b600000, 0x000000074b600000, 0x000000074b800000|  0%| F|  |TAMS 0x000000074b600000| PB 0x000000074b600000| Untracked 
|  22|0x000000074b800000, 0x000000074b800000, 0x000000074ba00000|  0%| F|  |TAMS 0x000000074b800000| PB 0x000000074b800000| Untracked 
|  23|0x000000074ba00000, 0x000000074ba00000, 0x000000074bc00000|  0%| F|  |TAMS 0x000000074ba00000| PB 0x000000074ba00000| Untracked 
|  24|0x000000074bc00000, 0x000000074bc00000, 0x000000074be00000|  0%| F|  |TAMS 0x000000074bc00000| PB 0x000000074bc00000| Untracked 
|  25|0x000000074be00000, 0x000000074be00000, 0x000000074c000000|  0%| F|  |TAMS 0x000000074be00000| PB 0x000000074be00000| Untracked 
|  26|0x000000074c000000, 0x000000074c000000, 0x000000074c200000|  0%| F|  |TAMS 0x000000074c000000| PB 0x000000074c000000| Untracked 
|  27|0x000000074c200000, 0x000000074c200000, 0x000000074c400000|  0%| F|  |TAMS 0x000000074c200000| PB 0x000000074c200000| Untracked 
|  28|0x000000074c400000, 0x000000074c400000, 0x000000074c600000|  0%| F|  |TAMS 0x000000074c400000| PB 0x000000074c400000| Untracked 
|  29|0x000000074c600000, 0x000000074c600000, 0x000000074c800000|  0%| F|  |TAMS 0x000000074c600000| PB 0x000000074c600000| Untracked 
|  30|0x000000074c800000, 0x000000074c800000, 0x000000074ca00000|  0%| F|  |TAMS 0x000000074c800000| PB 0x000000074c800000| Untracked 
|  31|0x000000074ca00000, 0x000000074ca00000, 0x000000074cc00000|  0%| F|  |TAMS 0x000000074ca00000| PB 0x000000074ca00000| Untracked 
|  32|0x000000074cc00000, 0x000000074cc00000, 0x000000074ce00000|  0%| F|  |TAMS 0x000000074cc00000| PB 0x000000074cc00000| Untracked 
|  33|0x000000074ce00000, 0x000000074ce00000, 0x000000074d000000|  0%| F|  |TAMS 0x000000074ce00000| PB 0x000000074ce00000| Untracked 
|  34|0x000000074d000000, 0x000000074d000000, 0x000000074d200000|  0%| F|  |TAMS 0x000000074d000000| PB 0x000000074d000000| Untracked 
|  35|0x000000074d200000, 0x000000074d200000, 0x000000074d400000|  0%| F|  |TAMS 0x000000074d200000| PB 0x000000074d200000| Untracked 
|  36|0x000000074d400000, 0x000000074d400000, 0x000000074d600000|  0%| F|  |TAMS 0x000000074d400000| PB 0x000000074d400000| Untracked 
|  37|0x000000074d600000, 0x000000074d600000, 0x000000074d800000|  0%| F|  |TAMS 0x000000074d600000| PB 0x000000074d600000| Untracked 
|  38|0x000000074d800000, 0x000000074d800000, 0x000000074da00000|  0%| F|  |TAMS 0x000000074d800000| PB 0x000000074d800000| Untracked 
|  39|0x000000074da00000, 0x000000074da00000, 0x000000074dc00000|  0%| F|  |TAMS 0x000000074da00000| PB 0x000000074da00000| Untracked 
|  40|0x000000074dc00000, 0x000000074dc00000, 0x000000074de00000|  0%| F|  |TAMS 0x000000074dc00000| PB 0x000000074dc00000| Untracked 
|  41|0x000000074de00000, 0x000000074de00000, 0x000000074e000000|  0%| F|  |TAMS 0x000000074de00000| PB 0x000000074de00000| Untracked 
|  42|0x000000074e000000, 0x000000074e000000, 0x000000074e200000|  0%| F|  |TAMS 0x000000074e000000| PB 0x000000074e000000| Untracked 
|  43|0x000000074e200000, 0x000000074e200000, 0x000000074e400000|  0%| F|  |TAMS 0x000000074e200000| PB 0x000000074e200000| Untracked 
|  44|0x000000074e400000, 0x000000074e400000, 0x000000074e600000|  0%| F|  |TAMS 0x000000074e400000| PB 0x000000074e400000| Untracked 
|  45|0x000000074e600000, 0x000000074e600000, 0x000000074e800000|  0%| F|  |TAMS 0x000000074e600000| PB 0x000000074e600000| Untracked 
|  46|0x000000074e800000, 0x000000074e800000, 0x000000074ea00000|  0%| F|  |TAMS 0x000000074e800000| PB 0x000000074e800000| Untracked 
|  47|0x000000074ea00000, 0x000000074ea00000, 0x000000074ec00000|  0%| F|  |TAMS 0x000000074ea00000| PB 0x000000074ea00000| Untracked 
|  48|0x000000074ec00000, 0x000000074ec00000, 0x000000074ee00000|  0%| F|  |TAMS 0x000000074ec00000| PB 0x000000074ec00000| Untracked 
|  49|0x000000074ee00000, 0x000000074ee00000, 0x000000074f000000|  0%| F|  |TAMS 0x000000074ee00000| PB 0x000000074ee00000| Untracked 
|  50|0x000000074f000000, 0x000000074f000000, 0x000000074f200000|  0%| F|  |TAMS 0x000000074f000000| PB 0x000000074f000000| Untracked 
|  51|0x000000074f200000, 0x000000074f200000, 0x000000074f400000|  0%| F|  |TAMS 0x000000074f200000| PB 0x000000074f200000| Untracked 
|  52|0x000000074f400000, 0x000000074f400000, 0x000000074f600000|  0%| F|  |TAMS 0x000000074f400000| PB 0x000000074f400000| Untracked 
|  53|0x000000074f600000, 0x000000074f600000, 0x000000074f800000|  0%| F|  |TAMS 0x000000074f600000| PB 0x000000074f600000| Untracked 
|  54|0x000000074f800000, 0x000000074f800000, 0x000000074fa00000|  0%| F|  |TAMS 0x000000074f800000| PB 0x000000074f800000| Untracked 
|  55|0x000000074fa00000, 0x000000074fa00000, 0x000000074fc00000|  0%| F|  |TAMS 0x000000074fa00000| PB 0x000000074fa00000| Untracked 
|  56|0x000000074fc00000, 0x000000074fc00000, 0x000000074fe00000|  0%| F|  |TAMS 0x000000074fc00000| PB 0x000000074fc00000| Untracked 
|  57|0x000000074fe00000, 0x000000074fe00000, 0x0000000750000000|  0%| F|  |TAMS 0x000000074fe00000| PB 0x000000074fe00000| Untracked 
|  58|0x0000000750000000, 0x0000000750000000, 0x0000000750200000|  0%| F|  |TAMS 0x0000000750000000| PB 0x0000000750000000| Untracked 
|  59|0x0000000750200000, 0x0000000750200000, 0x0000000750400000|  0%| F|  |TAMS 0x0000000750200000| PB 0x0000000750200000| Untracked 
|  60|0x0000000750400000, 0x0000000750400000, 0x0000000750600000|  0%| F|  |TAMS 0x0000000750400000| PB 0x0000000750400000| Untracked 
|  61|0x0000000750600000, 0x0000000750600000, 0x0000000750800000|  0%| F|  |TAMS 0x0000000750600000| PB 0x0000000750600000| Untracked 
|  62|0x0000000750800000, 0x0000000750800000, 0x0000000750a00000|  0%| F|  |TAMS 0x0000000750800000| PB 0x0000000750800000| Untracked 
|  63|0x0000000750a00000, 0x0000000750a00000, 0x0000000750c00000|  0%| F|  |TAMS 0x0000000750a00000| PB 0x0000000750a00000| Untracked 
|  64|0x0000000750c00000, 0x0000000750c00000, 0x0000000750e00000|  0%| F|  |TAMS 0x0000000750c00000| PB 0x0000000750c00000| Untracked 
|  65|0x0000000750e00000, 0x0000000750e00000, 0x0000000751000000|  0%| F|  |TAMS 0x0000000750e00000| PB 0x0000000750e00000| Untracked 
|  66|0x0000000751000000, 0x0000000751000000, 0x0000000751200000|  0%| F|  |TAMS 0x0000000751000000| PB 0x0000000751000000| Untracked 
|  67|0x0000000751200000, 0x0000000751200000, 0x0000000751400000|  0%| F|  |TAMS 0x0000000751200000| PB 0x0000000751200000| Untracked 
|  68|0x0000000751400000, 0x0000000751400000, 0x0000000751600000|  0%| F|  |TAMS 0x0000000751400000| PB 0x0000000751400000| Untracked 
|  69|0x0000000751600000, 0x0000000751600000, 0x0000000751800000|  0%| F|  |TAMS 0x0000000751600000| PB 0x0000000751600000| Untracked 
|  70|0x0000000751800000, 0x0000000751800000, 0x0000000751a00000|  0%| F|  |TAMS 0x0000000751800000| PB 0x0000000751800000| Untracked 
|  71|0x0000000751a00000, 0x0000000751a00000, 0x0000000751c00000|  0%| F|  |TAMS 0x0000000751a00000| PB 0x0000000751a00000| Untracked 
|  72|0x0000000751c00000, 0x0000000751c00000, 0x0000000751e00000|  0%| F|  |TAMS 0x0000000751c00000| PB 0x0000000751c00000| Untracked 
|  73|0x0000000751e00000, 0x0000000751e00000, 0x0000000752000000|  0%| F|  |TAMS 0x0000000751e00000| PB 0x0000000751e00000| Untracked 
|  74|0x0000000752000000, 0x0000000752000000, 0x0000000752200000|  0%| F|  |TAMS 0x0000000752000000| PB 0x0000000752000000| Untracked 
|  75|0x0000000752200000, 0x0000000752200000, 0x0000000752400000|  0%| F|  |TAMS 0x0000000752200000| PB 0x0000000752200000| Untracked 
|  76|0x0000000752400000, 0x0000000752400000, 0x0000000752600000|  0%| F|  |TAMS 0x0000000752400000| PB 0x0000000752400000| Untracked 
|  77|0x0000000752600000, 0x0000000752600000, 0x0000000752800000|  0%| F|  |TAMS 0x0000000752600000| PB 0x0000000752600000| Untracked 
|  78|0x0000000752800000, 0x0000000752800000, 0x0000000752a00000|  0%| F|  |TAMS 0x0000000752800000| PB 0x0000000752800000| Untracked 
|  79|0x0000000752a00000, 0x0000000752c00000, 0x0000000752c00000|100%| S|CS|TAMS 0x0000000752a00000| PB 0x0000000752a00000| Complete 
|  80|0x0000000752c00000, 0x0000000752e00000, 0x0000000752e00000|100%| S|CS|TAMS 0x0000000752c00000| PB 0x0000000752c00000| Complete 
|  81|0x0000000752e00000, 0x0000000752e00000, 0x0000000753000000|  0%| F|  |TAMS 0x0000000752e00000| PB 0x0000000752e00000| Untracked 
|  82|0x0000000753000000, 0x0000000753000000, 0x0000000753200000|  0%| F|  |TAMS 0x0000000753000000| PB 0x0000000753000000| Untracked 
|  83|0x0000000753200000, 0x0000000753200000, 0x0000000753400000|  0%| F|  |TAMS 0x0000000753200000| PB 0x0000000753200000| Untracked 
|  84|0x0000000753400000, 0x0000000753600000, 0x0000000753600000|100%| E|  |TAMS 0x0000000753400000| PB 0x0000000753400000| Complete 
|  85|0x0000000753600000, 0x0000000753800000, 0x0000000753800000|100%| E|CS|TAMS 0x0000000753600000| PB 0x0000000753600000| Complete 
|  86|0x0000000753800000, 0x0000000753a00000, 0x0000000753a00000|100%| E|CS|TAMS 0x0000000753800000| PB 0x0000000753800000| Complete 
|  87|0x0000000753a00000, 0x0000000753c00000, 0x0000000753c00000|100%| E|CS|TAMS 0x0000000753a00000| PB 0x0000000753a00000| Complete 
|  88|0x0000000753c00000, 0x0000000753e00000, 0x0000000753e00000|100%| E|CS|TAMS 0x0000000753c00000| PB 0x0000000753c00000| Complete 
|  89|0x0000000753e00000, 0x0000000754000000, 0x0000000754000000|100%| E|CS|TAMS 0x0000000753e00000| PB 0x0000000753e00000| Complete 
|  90|0x0000000754000000, 0x0000000754200000, 0x0000000754200000|100%| E|  |TAMS 0x0000000754000000| PB 0x0000000754000000| Complete 
|  91|0x0000000754200000, 0x0000000754400000, 0x0000000754400000|100%| E|CS|TAMS 0x0000000754200000| PB 0x0000000754200000| Complete 

Card table byte_map: [0x0000023dfe8c0000,0x0000023dfee80000] _byte_map_base: 0x0000023dfae7a000

Marking Bits: (CMBitMap*) 0x0000023df3ddbd60
 Bits: [0x0000023d83000000, 0x0000023d85dd0000)

Polling page: 0x0000023df3e40000

Metaspace:

Usage:
  Non-class:      3.80 MB used.
      Class:    519.09 KB used.
       Both:      4.31 MB used.

Virtual space:
  Non-class space:       64.00 MB reserved,       3.88 MB (  6%) committed,  1 nodes.
      Class space:        1.00 GB reserved,     640.00 KB ( <1%) committed,  1 nodes.
             Both:        1.06 GB reserved,       4.50 MB ( <1%) committed. 

Chunk freelists:
   Non-Class:  10.48 MB
       Class:  15.22 MB
        Both:  25.71 MB

MaxMetaspaceSize: unlimited
CompressedClassSpaceSize: 1.00 GB
Initial GC threshold: 21.00 MB
Current GC threshold: 21.00 MB
CDS: on
 - commit_granule_bytes: 65536.
 - commit_granule_words: 8192.
 - virtual_space_node_default_size: 8388608.
 - enlarge_chunks_in_place: 1.
 - use_allocation_guard: 0.


Internal statistics:

num_allocs_failed_limit: 0.
num_arena_births: 96.
num_arena_deaths: 0.
num_vsnodes_births: 2.
num_vsnodes_deaths: 0.
num_space_committed: 72.
num_space_uncommitted: 0.
num_chunks_returned_to_freelist: 0.
num_chunks_taken_from_freelist: 215.
num_chunk_merges: 0.
num_chunk_splits: 118.
num_chunks_enlarged: 54.
num_inconsistent_stats: 0.

CodeCache: size=49152Kb used=3878Kb max_used=4045Kb free=45273Kb
 bounds [0x0000023d80000000, 0x0000023d80400000, 0x0000023d83000000]
 total_blobs=1471 nmethods=1025 adapters=369
 compilation: enabled
              stopped_count=0, restarted_count=0
 full_count=0

Compilation events (20 events):
Event: 5.433 Thread 0x0000023dff7f5c40 1019       1       java.lang.invoke.MethodHandleNatives::refKindIsField (32 bytes)
Event: 5.433 Thread 0x0000023dff7f5c40 nmethod 1019 0x0000023d8025c210 code [0x0000023d8025c3a0, 0x0000023d8025c458]
Event: 5.433 Thread 0x0000023dff7f5c40 1020       1       java.lang.invoke.MethodType::toMethodDescriptorString (28 bytes)
Event: 5.434 Thread 0x0000023dff7f5c40 nmethod 1020 0x0000023d8025be90 code [0x0000023d8025c040, 0x0000023d8025c1a8]
Event: 5.434 Thread 0x0000023dff82b4b0 1021       1       java.lang.invoke.DirectMethodHandle::<init> (148 bytes)
Event: 5.435 Thread 0x0000023dff7f5c40 1022       1       jdk.internal.org.objectweb.asm.Attribute::computeAttributesSize (62 bytes)
Event: 5.435 Thread 0x0000023dcd0304f0 1023       1       jdk.internal.org.objectweb.asm.AnnotationWriter::computeAnnotationsSize (66 bytes)
Event: 5.435 Thread 0x0000023dff7f5c40 nmethod 1022 0x0000023d8025b990 code [0x0000023d8025bb60, 0x0000023d8025bd10]
Event: 5.435 Thread 0x0000023dcd0304f0 nmethod 1023 0x0000023d8025b490 code [0x0000023d8025b660, 0x0000023d8025b818]
Event: 5.435 Thread 0x0000023dff7f5c40 1024       1       jdk.internal.org.objectweb.asm.Attribute::putAttributes (78 bytes)
Event: 5.435 Thread 0x0000023dff82b4b0 nmethod 1021 0x0000023d8025ab10 code [0x0000023d8025ad20, 0x0000023d8025b250]
Event: 5.436 Thread 0x0000023dff7f5c40 nmethod 1024 0x0000023d8025a310 code [0x0000023d8025a540, 0x0000023d8025a838]
Event: 5.436 Thread 0x0000023dcd0304f0 1025       1       sun.reflect.generics.parser.SignatureParser::current (59 bytes)
Event: 5.436 Thread 0x0000023dff82b4b0 1026       1       java.util.concurrent.atomic.AtomicInteger::get (5 bytes)
Event: 5.437 Thread 0x0000023dff82b4b0 nmethod 1026 0x0000023d8025a010 code [0x0000023d8025a1a0, 0x0000023d8025a268]
Event: 5.437 Thread 0x0000023dcd0304f0 nmethod 1025 0x0000023d80259a90 code [0x0000023d80259c40, 0x0000023d80259e30]
Event: 5.441 Thread 0x0000023dcd0304f0 1027       1       java.lang.ref.Reference::<init> (7 bytes)
Event: 5.441 Thread 0x0000023dcd0304f0 nmethod 1027 0x0000023d80259710 code [0x0000023d802598a0, 0x0000023d80259a20]
Event: 5.446 Thread 0x0000023dcd0304f0 1028       1       java.lang.reflect.Constructor::getModifiers (5 bytes)
Event: 5.446 Thread 0x0000023dcd0304f0 nmethod 1028 0x0000023d80259410 code [0x0000023d802595a0, 0x0000023d80259668]

GC Heap History (2 events):
Event: 3.659 GC heap before
{Heap before GC invocations=0 (full 0):
 garbage-first heap   total 188416K, used 20480K [0x0000000748c00000, 0x0000000800000000)
  region size 2048K, 11 young (22528K), 0 survivors (0K)
 Metaspace       used 2035K, committed 2304K, reserved 1114112K
  class space    used 252K, committed 384K, reserved 1048576K
}
Event: 4.058 GC heap after
{Heap after GC invocations=1 (full 0):
 garbage-first heap   total 188416K, used 9915K [0x0000000748c00000, 0x0000000800000000)
  region size 2048K, 2 young (4096K), 2 survivors (4096K)
 Metaspace       used 2035K, committed 2304K, reserved 1114112K
  class space    used 252K, committed 384K, reserved 1048576K
}

Dll operation events (5 events):
Event: 0.103 Loaded shared library C:\Program Files\Java\jdk-21\bin\java.dll
Event: 1.148 Loaded shared library C:\Program Files\Java\jdk-21\bin\net.dll
Event: 1.151 Loaded shared library C:\Program Files\Java\jdk-21\bin\nio.dll
Event: 1.158 Loaded shared library C:\Program Files\Java\jdk-21\bin\zip.dll
Event: 1.925 Loaded shared library C:\Program Files\Java\jdk-21\bin\jimage.dll

Deoptimization events (0 events):
No events

Classes loaded (20 events):
Event: 5.348 Loading class java/lang/WeakPairMap$Pair$Weak$1
Event: 5.348 Loading class java/lang/WeakPairMap$Pair$Weak$1 done
Event: 5.351 Loading class java/lang/reflect/Proxy$ProxyBuilder$ProxyClassContext
Event: 5.351 Loading class java/lang/reflect/Proxy$ProxyBuilder$ProxyClassContext done
Event: 5.353 Loading class java/lang/reflect/ProxyGenerator
Event: 5.354 Loading class java/lang/reflect/ProxyGenerator done
Event: 5.354 Loading class java/lang/reflect/ProxyGenerator$ProxyMethod
Event: 5.354 Loading class java/lang/reflect/ProxyGenerator$ProxyMethod done
Event: 5.359 Loading class java/lang/reflect/ProxyGenerator$PrimitiveTypeInfo
Event: 5.359 Loading class java/lang/reflect/ProxyGenerator$PrimitiveTypeInfo done
Event: 5.364 Loading class jdk/internal/org/objectweb/asm/Edge
Event: 5.364 Loading class jdk/internal/org/objectweb/asm/Edge done
Event: 5.366 Loading class java/lang/reflect/Proxy$ProxyBuilder$1
Event: 5.366 Loading class java/lang/reflect/Proxy$ProxyBuilder$1 done
Event: 5.366 Loading class java/lang/annotation/Target
Event: 5.366 Loading class java/lang/annotation/Target done
Event: 5.372 Loading class java/util/NoSuchElementException
Event: 5.372 Loading class java/util/NoSuchElementException done
Event: 5.454 Loading class java/lang/ArrayIndexOutOfBoundsException
Event: 5.454 Loading class java/lang/ArrayIndexOutOfBoundsException done

Classes unloaded (0 events):
No events

Classes redefined (0 events):
No events

Internal exceptions (6 events):
Event: 2.377 Thread 0x0000023df3bde0f0 Exception <a 'java/lang/NoSuchMethodError'{0x0000000753546308}: 'java.lang.Object java.lang.invoke.DirectMethodHandle$Holder.invokeSpecial(java.lang.Object, java.lang.Object, java.lang.Object, long, java.lang.Object)'> (0x0000000753546308) 
thrown [s\open\src\hotspot\share\interpreter\linkResolver.cpp, line 773]
Event: 2.377 Thread 0x0000023df3bde0f0 Exception <a 'java/lang/NoSuchMethodError'{0x0000000753549c68}: 'java.lang.Object java.lang.invoke.Invokers$Holder.linkToTargetMethod(java.lang.Object, long, java.lang.Object, java.lang.Object)'> (0x0000000753549c68) 
thrown [s\open\src\hotspot\share\interpreter\linkResolver.cpp, line 773]
Event: 3.207 Thread 0x0000023df3bde0f0 Exception <a 'java/lang/NoSuchMethodError'{0x000000075338ea38}: 'void java.lang.invoke.DirectMethodHandle$Holder.invokeStatic(java.lang.Object, java.lang.Object, java.lang.Object, java.lang.Object)'> (0x000000075338ea38) 
thrown [s\open\src\hotspot\share\interpreter\linkResolver.cpp, line 773]
Event: 3.497 Thread 0x0000023df3bde0f0 Exception <a 'java/lang/NoSuchMethodError'{0x00000007530bf108}: 'int java.lang.invoke.DirectMethodHandle$Holder.invokeStaticInit(java.lang.Object, java.lang.Object)'> (0x00000007530bf108) 
thrown [s\open\src\hotspot\share\interpreter\linkResolver.cpp, line 773]
Event: 4.425 Thread 0x0000023df3bde0f0 Exception <a 'java/lang/NoSuchMethodError'{0x0000000753abaa98}: 'void java.lang.invoke.DirectMethodHandle$Holder.invokeVirtual(java.lang.Object, java.lang.Object)'> (0x0000000753abaa98) 
thrown [s\open\src\hotspot\share\interpreter\linkResolver.cpp, line 773]
Event: 5.431 Thread 0x0000023df3bde0f0 Exception <a 'java/lang/NoSuchMethodError'{0x00000007535258c8}: 'void java.lang.invoke.DirectMethodHandle$Holder.invokeInterface(java.lang.Object, java.lang.Object, java.lang.Object, java.lang.Object)'> (0x00000007535258c8) 
thrown [s\open\src\hotspot\share\interpreter\linkResolver.cpp, line 773]

ZGC Phase Switch (0 events):
No events

VM Operations (18 events):
Event: 1.165 Executing VM operation: HandshakeAllThreads (Deoptimize)
Event: 1.165 Executing VM operation: HandshakeAllThreads (Deoptimize) done
Event: 1.744 Executing VM operation: HandshakeAllThreads (Deoptimize)
Event: 1.744 Executing VM operation: HandshakeAllThreads (Deoptimize) done
Event: 1.744 Executing VM operation: Cleanup
Event: 1.744 Executing VM operation: Cleanup done
Event: 1.915 Executing VM operation: HandshakeAllThreads (Deoptimize)
Event: 1.915 Executing VM operation: HandshakeAllThreads (Deoptimize) done
Event: 1.932 Executing VM operation: HandshakeAllThreads (Deoptimize)
Event: 1.932 Executing VM operation: HandshakeAllThreads (Deoptimize) done
Event: 2.932 Executing VM operation: Cleanup
Event: 2.962 Executing VM operation: Cleanup done
Event: 3.659 Executing VM operation: G1CollectForAllocation (G1 Evacuation Pause)
Event: 4.058 Executing VM operation: G1CollectForAllocation (G1 Evacuation Pause) done
Event: 4.410 Executing VM operation: HandshakeAllThreads (Deoptimize)
Event: 4.410 Executing VM operation: HandshakeAllThreads (Deoptimize) done
Event: 5.409 Executing VM operation: Cleanup
Event: 5.409 Executing VM operation: Cleanup done

Events (14 events):
Event: 0.149 Thread 0x0000023df3bde0f0 Thread added: 0x0000023df3bde0f0
Event: 0.426 Thread 0x0000023dff826140 Thread added: 0x0000023dff826140
Event: 0.427 Thread 0x0000023dff826e50 Thread added: 0x0000023dff826e50
Event: 0.427 Thread 0x0000023dff827b60 Thread added: 0x0000023dff827b60
Event: 0.427 Thread 0x0000023dff8295c0 Thread added: 0x0000023dff8295c0
Event: 0.427 Thread 0x0000023dff82a010 Thread added: 0x0000023dff82a010
Event: 0.427 Thread 0x0000023dff82aa60 Thread added: 0x0000023dff82aa60
Event: 0.428 Thread 0x0000023dff82b4b0 Thread added: 0x0000023dff82b4b0
Event: 0.489 Thread 0x0000023dcd0304f0 Thread added: 0x0000023dcd0304f0
Event: 0.489 Thread 0x0000023dff7f5c40 Thread added: 0x0000023dff7f5c40
Event: 0.489 Thread 0x0000023dff7f62e0 Thread added: 0x0000023dff7f62e0
Event: 1.030 Thread 0x0000023dcd14faf0 Thread added: 0x0000023dcd14faf0
Event: 1.036 Thread 0x0000023dcd150310 Thread added: 0x0000023dcd150310
Event: 4.083 Thread 0x0000023dff7f62e0 Thread exited: 0x0000023dff7f62e0


Dynamic libraries:
0x00007ff703c60000 - 0x00007ff703c70000 	C:\Program Files\Java\jdk-21\bin\java.exe
0x00007ff9f5930000 - 0x00007ff9f5b28000 	C:\WINDOWS\SYSTEM32\ntdll.dll
0x00007ff9f5400000 - 0x00007ff9f54c2000 	C:\WINDOWS\System32\KERNEL32.DLL
0x00007ff9f3130000 - 0x00007ff9f3426000 	C:\WINDOWS\System32\KERNELBASE.dll
0x00007ff9f3820000 - 0x00007ff9f3920000 	C:\WINDOWS\System32\ucrtbase.dll
0x00007ff9e2300000 - 0x00007ff9e2319000 	C:\Program Files\Java\jdk-21\bin\jli.dll
0x00007ff9f3da0000 - 0x00007ff9f3e51000 	C:\WINDOWS\System32\ADVAPI32.dll
0x00007ff9f5820000 - 0x00007ff9f58be000 	C:\WINDOWS\System32\msvcrt.dll
0x00007ff9f4800000 - 0x00007ff9f489f000 	C:\WINDOWS\System32\sechost.dll
0x00007ff9e31d0000 - 0x00007ff9e31eb000 	C:\Program Files\Java\jdk-21\bin\VCRUNTIME140.dll
0x00007ff9f3c10000 - 0x00007ff9f3d30000 	C:\WINDOWS\System32\RPCRT4.dll
0x00007ff9f3560000 - 0x00007ff9f3587000 	C:\WINDOWS\System32\bcrypt.dll
0x00007ff9f3f40000 - 0x00007ff9f40e1000 	C:\WINDOWS\System32\USER32.dll
0x00007ff9f3100000 - 0x00007ff9f3122000 	C:\WINDOWS\System32\win32u.dll
0x00007ff9f47c0000 - 0x00007ff9f47eb000 	C:\WINDOWS\System32\GDI32.dll
0x00007ff9f2f90000 - 0x00007ff9f30a9000 	C:\WINDOWS\System32\gdi32full.dll
0x00007ff9f3590000 - 0x00007ff9f362d000 	C:\WINDOWS\System32\msvcp_win.dll
0x00007ff9ecd10000 - 0x00007ff9ecd1a000 	C:\WINDOWS\SYSTEM32\VERSION.dll
0x00007ff9e4da0000 - 0x00007ff9e503b000 	C:\WINDOWS\WinSxS\amd64_microsoft.windows.common-controls_6595b64144ccf1df_6.0.19041.6456_none_60b8a6cb71f64256\COMCTL32.dll
0x00007ff9f3f10000 - 0x00007ff9f3f3f000 	C:\WINDOWS\System32\IMM32.DLL
0x00007ff9ed3a0000 - 0x00007ff9ed3ac000 	C:\Program Files\Java\jdk-21\bin\vcruntime140_1.dll
0x00007ff9c7130000 - 0x00007ff9c71be000 	C:\Program Files\Java\jdk-21\bin\msvcp140.dll
0x00007ff98ebe0000 - 0x00007ff98f8fa000 	C:\Program Files\Java\jdk-21\bin\server\jvm.dll
0x00007ff9f4210000 - 0x00007ff9f427b000 	C:\WINDOWS\System32\WS2_32.dll
0x00007ff9f2df0000 - 0x00007ff9f2e3b000 	C:\WINDOWS\SYSTEM32\POWRPROF.dll
0x00007ff9e0140000 - 0x00007ff9e0167000 	C:\WINDOWS\SYSTEM32\WINMM.dll
0x00007ff9f2dd0000 - 0x00007ff9f2de2000 	C:\WINDOWS\SYSTEM32\UMPDC.dll
0x00007ff9f0dc0000 - 0x00007ff9f0dd2000 	C:\WINDOWS\SYSTEM32\kernel.appcore.dll
0x00007ff9ed370000 - 0x00007ff9ed37a000 	C:\Program Files\Java\jdk-21\bin\jimage.dll
0x00007ff9df840000 - 0x00007ff9dfa41000 	C:\WINDOWS\SYSTEM32\DBGHELP.DLL
0x00007ff9dd350000 - 0x00007ff9dd384000 	C:\WINDOWS\SYSTEM32\dbgcore.DLL
0x00007ff9f3630000 - 0x00007ff9f36b2000 	C:\WINDOWS\System32\bcryptPrimitives.dll
0x00007ff9e0be0000 - 0x00007ff9e0bff000 	C:\Program Files\Java\jdk-21\bin\java.dll
0x00007ff9f4930000 - 0x00007ff9f50a0000 	C:\WINDOWS\System32\SHELL32.dll
0x00007ff9f0fc0000 - 0x00007ff9f1765000 	C:\WINDOWS\SYSTEM32\windows.storage.dll
0x00007ff9f50a0000 - 0x00007ff9f53f4000 	C:\WINDOWS\System32\combase.dll
0x00007ff9f28e0000 - 0x00007ff9f290b000 	C:\WINDOWS\SYSTEM32\Wldp.dll
0x00007ff9f46f0000 - 0x00007ff9f47bd000 	C:\WINDOWS\System32\OLEAUT32.dll
0x00007ff9f3920000 - 0x00007ff9f39cd000 	C:\WINDOWS\System32\SHCORE.dll
0x00007ff9f57c0000 - 0x00007ff9f581b000 	C:\WINDOWS\System32\shlwapi.dll
0x00007ff9f2ec0000 - 0x00007ff9f2ee4000 	C:\WINDOWS\SYSTEM32\profapi.dll
0x00007ff9ebd20000 - 0x00007ff9ebd30000 	C:\Program Files\Java\jdk-21\bin\net.dll
0x00007ff9ec950000 - 0x00007ff9eca5a000 	C:\WINDOWS\SYSTEM32\WINHTTP.dll
0x00007ff9f25f0000 - 0x00007ff9f265a000 	C:\WINDOWS\system32\mswsock.dll
0x00007ff9dbf20000 - 0x00007ff9dbf36000 	C:\Program Files\Java\jdk-21\bin\nio.dll
0x00007ff9d8a60000 - 0x00007ff9d8a78000 	C:\Program Files\Java\jdk-21\bin\zip.dll

dbghelp: loaded successfully - version: 4.0.5 - missing functions: none
symbol engine: initialized successfully - sym options: 0x614 - pdb path: .;C:\Program Files\Java\jdk-21\bin;C:\WINDOWS\SYSTEM32;C:\WINDOWS\WinSxS\amd64_microsoft.windows.common-controls_6595b64144ccf1df_6.0.19041.6456_none_60b8a6cb71f64256;C:\Program Files\Java\jdk-21\bin\server

VM Arguments:
jvm_args: -XX:TieredStopAtLevel=1 
java_command: com.example.TransactionSaga.TransactionSagaApplication
java_class_path (initial): C:\Users\2oleg\Downloads\Telegram Desktop\Kefir\Backend\TransactionSaga\target\classes;C:\Users\2oleg\.m2\repository\ch\qos\logback\logback-classic\1.5.21\logback-classic-1.5.21.jar;C:\Users\2oleg\.m2\repository\ch\qos\logback\logback-core\1.5.21\logback-core-1.5.21.jar;C:\Users\2oleg\.m2\repository\org\apache\logging\log4j\log4j-to-slf4j\2.24.3\log4j-to-slf4j-2.24.3.jar;C:\Users\2oleg\.m2\repository\org\apache\logging\log4j\log4j-api\2.24.3\log4j-api-2.24.3.jar;C:\Users\2oleg\.m2\repository\org\slf4j\jul-to-slf4j\2.0.17\jul-to-slf4j-2.0.17.jar;C:\Users\2oleg\.m2\repository\jakarta\annotation\jakarta.annotation-api\2.1.1\jakarta.annotation-api-2.1.1.jar;C:\Users\2oleg\.m2\repository\org\yaml\snakeyaml\2.4\snakeyaml-2.4.jar;C:\Users\2oleg\.m2\repository\com\fasterxml\jackson\datatype\jackson-datatype-jdk8\2.19.4\jackson-datatype-jdk8-2.19.4.jar;C:\Users\2oleg\.m2\repository\com\fasterxml\jackson\module\jackson-module-parameter-names\2.19.4\jackson-module-parameter-names-2.19.4.jar;C:\Users\2oleg\.m2\repository\org\apache\tomcat\embed\tomcat-embed-core\10.1.49\tomcat-embed-core-10.1.49.jar;C:\Users\2oleg\.m2\repository\org\apache\tomcat\embed\tomcat-embed-websocket\10.1.49\tomcat-embed-websocket-10.1.49.jar;C:\Users\2oleg\.m2\repository\org\springframework\spring-web\6.2.14\spring-web-6.2.14.jar;C:\Users\2oleg\.m2\repository\org\springframework\spring-beans\6.2.14\spring-beans-6.2.14.jar;C:\Users\2oleg\.m2\repository\org\springframework\spring-webmvc\6.2.14\spring-webmvc-6.2.14.jar;C:\Users\2oleg\.m2\repository\org\springframework\spring-aop\6.2.14\spring-aop-6.2.14.jar;C:\Users\2oleg\.m2\repository\org\springframework\spring-context\6.2.14\spring-context-6.2.14.jar;C:\Users\2oleg\.m2\repository\org\springframework\spring-expression\6.2.14\spring-expression-6.2.14.jar;C:\Users\2oleg\.m2\repository\com\zaxxer\HikariCP\6.3.3\HikariCP-6.3.3.jar;C:\Users\2oleg\.m2\repository\org\springframework\spring-jdbc\6.2.14\spring-jdbc-6.2.14.jar;C:\Users\2oleg\.m2\repository\org\hibernate\orm\hibernate-core\6.6.36.Final\hibernate-core-6.6.36.Final.jar;C:\Users\2oleg\.m2\repository\jakarta\persistence\jakarta.persistence-api\3.1.0\jakarta.persistence-api-3.1.0.jar;C:\Users\2oleg\.m2\repository\jakarta\transaction\jakarta.transaction-api\2.0.1\jakarta.transaction-api-2.0.1.jar;C:\Users\2oleg\.m2\repository\org\jboss\logging\jboss-logging\3.6.1.Final\jboss-logging-3.6.1.Final.jar;C:\Users\2oleg\.m2\repository\org\hibernate\common\hibernate-commons-annotations\7.0.3.Final\hibernate-commons-annotations-7.0.3.Final.jar;C:\Users\2oleg\.m2\repository\io\smallrye\jandex\3.2.0\jandex-3.2.0.jar;C:\Users\2oleg\.m2\repository\com\fasterxml\classmate\1.7.1\classmate-1.7.1.jar;C:\Users\2oleg\.m2\repository\net\bytebuddy\byte-buddy\1.17.8\byte-buddy-1.17.8.jar;C:\Users\2oleg\.m2\repository\org\glassfish\jaxb\jaxb-runtime\4.0.6\jaxb-runtime-4.0.6.jar;C:\Users\2oleg\.m2\repository\org\glassfish\jaxb\jaxb-core\4.0.6\jaxb-core-4.0.6.jar;C:\Users\2oleg\.m2\repository\org\eclipse\angus\angus-activation\2.0.3\angus-activation-2.0.3.jar;C:\Users\2oleg\.m2\repository\org\glassfish\jaxb\txw2\4.0.6\txw2-4.0.6.jar;C:\Users\2oleg\.m2\repository\com\sun\istack\istack-commons-runtime\4.1.2\istack-commons-runtime-4.1.2.jar;C:\Users\2oleg\.m2\repository\jakarta\inject\jakarta.inject-api\2.0.1\jakarta.inject-api-2.0.1.jar;C:\Users\2oleg\.m2\repository\org\antlr\antlr4-runtime\4.13.0\antlr4-runtime-4.13.0.jar;C:\Users\2oleg\.m2\repository\org\springframework\data\spring-data-jpa\3.5.6\spring-data-jpa-3.5.6.jar;C:\Users\2oleg\.m2\repository\org\springframework\data\spring-data-commons\3.5.6\spring-data-commons-3.5.6.jar;C:\Users\2oleg\.m2\repository\org\springframework\spring-orm\6.2.14\spring-orm-6.2.14.jar;C:\Users\2oleg\.m2\repository\org\slf4j\slf4j-api\2.0.17\slf4j-api-2.0.17.jar;C:\Users\2oleg\.m2\repository\org\springframework\spring-aspects\6.2.14\spring-aspects-6.2.14.jar;C:\Users\2oleg\.m2\repository\org\aspectj\aspectjweaver\1.9.25\aspectjweaver-1.9.25.jar;C:\Users\2oleg\.m2\repository\org\springframework\boot\spring-boot-actuator-autoconfigure\3.5.8\spring-boot-actuator-autoconfigure-3.5.8.jar;C:\Users\2oleg\.m2\repository\org\springframework\boot\spring-boot-actuator\3.5.8\spring-boot-actuator-3.5.8.jar;C:\Users\2oleg\.m2\repository\io\micrometer\micrometer-observation\1.15.6\micrometer-observation-1.15.6.jar;C:\Users\2oleg\.m2\repository\io\micrometer\micrometer-commons\1.15.6\micrometer-commons-1.15.6.jar;C:\Users\2oleg\.m2\repository\io\micrometer\micrometer-jakarta9\1.15.6\micrometer-jakarta9-1.15.6.jar;C:\Users\2oleg\.m2\repository\io\micrometer\micrometer-core\1.15.6\micrometer-core-1.15.6.jar;C:\Users\2oleg\.m2\repository\org\hdrhistogram\HdrHistogram\2.2.2\HdrHistogram-2.2.2.jar;C:\Users\2oleg\.m2\repository\org\latencyutils\LatencyUtils\2.0.3\LatencyUtils-2.0.3.jar;C:\Users\2oleg\.m2\repository\org\springframework\spring-context-support\6.2.14\spring-context-support-6.2.14.jar;C:\Users\2oleg\.m2\repository\org\springframework\spring-tx\6.2.14\spring-tx-6.2.14.jar;C:\Users\2oleg\.m2\repository\org\quartz-scheduler\quartz\2.5.1\quartz-2.5.1.jar;C:\Users\2oleg\.m2\repository\org\apache\tomcat\embed\tomcat-embed-el\10.1.49\tomcat-embed-el-10.1.49.jar;C:\Users\2oleg\.m2\repository\org\hibernate\validator\hibernate-validator\8.0.3.Final\hibernate-validator-8.0.3.Final.jar;C:\Users\2oleg\.m2\repository\jakarta\validation\jakarta.validation-api\3.0.2\jakarta.validation-api-3.0.2.jar;C:\Users\2oleg\.m2\repository\org\springframework\spring-messaging\6.2.14\spring-messaging-6.2.14.jar;C:\Users\2oleg\.m2\repository\org\springframework\spring-websocket\6.2.14\spring-websocket-6.2.14.jar;C:\Users\2oleg\.m2\repository\org\springframework\cloud\spring-cloud-starter-openfeign\4.3.0\spring-cloud-starter-openfeign-4.3.0.jar;C:\Users\2oleg\.m2\repository\org\springframework\cloud\spring-cloud-starter\4.3.0\spring-cloud-starter-4.3.0.jar;C:\Users\2oleg\.m2\repository\org\springframework\cloud\spring-cloud-context\4.3.0\spring-cloud-context-4.3.0.jar;C:\Users\2oleg\.m2\repository\org\bouncycastle\bcprov-jdk18on\1.80\bcprov-jdk18on-1.80.jar;C:\Users\2oleg\.m2\repository\org\springframework\cloud\spring-cloud-openfeign-core\4.3.0\spring-cloud-openfeign-core-4.3.0.jar;C:\Users\2oleg\.m2\repository\io\github\openfeign\feign-form-spring\13.6\feign-form-spring-13.6.jar;C:\Users\2oleg\.m2\repository\org\apache\commons\commons-text\1.13.0\commons-text-1.13.0.jar;C:\Users\2oleg\.m2\repository\org\apache\commons\commons-lang3\3.17.0\commons-lang3-3.17.0.jar;C:\Users\2oleg\.m2\repository\io\github\openfeign\feign-form\13.6\feign-form-13.6.jar;C:\Users\2oleg\.m2\repository\commons-fileupload\commons-fileupload\1.5\commons-fileupload-1.5.jar;C:\Users\2oleg\.m2\repository\org\springframework\cloud\spring-cloud-commons\4.3.0\spring-cloud-commons-4.3.0.jar;C:\Users\2oleg\.m2\repository\org\springframework\security\spring-security-crypto\6.5.7\spring-security-crypto-6.5.7.jar;C:\Users\2oleg\.m2\repository\io\github\openfeign\feign-core\13.6\feign-core-13.6.jar;C:\Users\2oleg\.m2\repository\io\github\openfeign\feign-slf4j\13.6\feign-slf4j-13.6.jar;C:\Users\2oleg\.m2\repository\org\springframework\cloud\spring-cloud-starter-circuitbreaker-resilience4j\3.3.0\spring-cloud-starter-circuitbreaker-resilience4j-3.3.0.jar;C:\Users\2oleg\.m2\repository\org\springframework\cloud\spring-cloud-circuitbreaker-resilience4j\3.3.0\spring-cloud-circuitbreaker-resilience4j-3.3.0.jar;C:\Users\2oleg\.m2\repository\io\github\resilience4j\resilience4j-spring-boot3\2.2.0\resilience4j-spring-boot3-2.2.0.jar;C:\Users\2oleg\.m2\repository\io\github\resilience4j\resilience4j-spring6\2.2.0\resilience4j-spring6-2.2.0.jar;C:\Users\2oleg\.m2\repository\io\github\resilience4j\resilience4j-annotations\2.2.0\resilience4j-annotations-2.2.0.jar;C:\Users\2oleg\.m2\repository\io\github\resilience4j\resilience4j-consumer\2.2.0\resilience4j-consumer-2.2.0.jar;C:\Users\2oleg\.m2\repository\io\github\resilience4j\resilience4j-circularbuffer\2.2.0\resilience4j-circularbuffer-2.2.0.jar;C:\Users\2oleg\.m2\repository\io\github\resilience4j\resilience4j-framework-common\2.2.0\resilience4j-framework-common-2.2.0.jar;C:\Users\2oleg\.m2\repository\io\github\resilience4j\resilience4j-micrometer\2.2.0\resilience4j-micrometer-2.2.0.jar;C:\Users\2oleg\.m2\repository\io\github\resilience4j\resilience4j-retry\2.2.0\resilience4j-retry-2.2.0.jar;C:\Users\2oleg\.m2\repository\io\github\resilience4j\resilience4j-ratelimiter\2.2.0\resilience4j-ratelimiter-2.2.0.jar;C:\Users\2oleg\.m2\repository\io\github\resilience4j\resilience4j-circuitbreaker\2.2.0\resilience4j-circuitbreaker-2.2.0.jar;C:\Users\2oleg\.m2\repository\io\github\resilience4j\resilience4j-core\2.2.0\resilience4j-core-2.2.0.jar;C:\Users\2oleg\.m2\repository\io\github\resilience4j\resilience4j-timelimiter\2.2.0\resilience4j-timelimiter-2.2.0.jar;C:\Users\2oleg\.m2\repository\org\postgresql\postgresql\42.7.8\postgresql-42.7.8.jar;C:\Users\2oleg\.m2\repository\org\checkerframework\checker-qual\3.49.5\checker-qual-3.49.5.jar;C:\Users\2oleg\.m2\repository\com\vladmihalcea\hibernate-types-60\2.21.1\hibernate-types-60-2.21.1.jar;C:\Users\2oleg\.m2\repository\javax\xml\bind\jaxb-api\2.3.0\jaxb-api-2.3.0.jar;C:\Users\2oleg\.m2\repository\jakarta\xml\bind\jakarta.xml.bind-api\4.0.4\jakarta.xml.bind-api-4.0.4.jar;C:\Users\2oleg\.m2\repository\jakarta\activation\jakarta.activation-api\2.1.4\jakarta.activation-api-2.1.4.jar;C:\Users\2oleg\.m2\repository\com\github\ben-manes\caffeine\caffeine\3.1.8\caffeine-3.1.8.jar;C:\Users\2oleg\.m2\repository\com\google\errorprone\error_prone_annotations\2.21.1\error_prone_annotations-2.21.1.jar;C:\Users\2oleg\.m2\repository\com\fasterxml\jackson\core\jackson-databind\2.19.4\jackson-databind-2.19.4.jar;C:\Users\2oleg\.m2\repository\com\fasterxml\jackson\core\jackson-annotations\2.19.4\jackson-annotations-2.19.4.jar;C:\Users\2oleg\.m2\repository\com\fasterxml\jackson\core\jackson-core\2.19.4\jackson-core-2.19.4.jar;C:\Users\2oleg\.m2\repository\com\fasterxml\jackson\datatype\jackson-datatype-jsr310\2.19.4\jackson-datatype-jsr310-2.19.4.jar;C:\Users\2oleg\.m2\repository\io\jsonwebtoken\jjwt-api\0.11.5\jjwt-api-0.11.5.jar;C:\Users\2oleg\.m2\repository\io\jsonwebtoken\jjwt-impl\0.11.5\jjwt-impl-0.11.5.jar;C:\Users\2oleg\.m2\repository\io\jsonwebtoken\jjwt-jackson\0.11.5\jjwt-jackson-0.11.5.jar;C:\Users\2oleg\.m2\repository\org\springframework\boot\spring-boot-devtools\3.5.8\spring-boot-devtools-3.5.8.jar;C:\Users\2oleg\.m2\repository\org\springframework\boot\spring-boot\3.5.8\spring-boot-3.5.8.jar;C:\Users\2oleg\.m2\repository\org\springframework\boot\spring-boot-autoconfigure\3.5.8\spring-boot-autoconfigure-3.5.8.jar;C:\Users\2oleg\.m2\repository\org\springframework\spring-core\6.2.14\spring-core-6.2.14.jar;C:\Users\2oleg\.m2\repository\org\springframework\spring-jcl\6.2.14\spring-jcl-6.2.14.jar
Launcher Type: SUN_STANDARD

[Global flags]
     intx CICompilerCount                          = 4                                         {product} {ergonomic}
     uint ConcGCThreads                            = 2                                         {product} {ergonomic}
     uint G1ConcRefinementThreads                  = 8                                         {product} {ergonomic}
   size_t G1HeapRegionSize                         = 2097152                                   {product} {ergonomic}
    uintx GCDrainStackTargetSize                   = 64                                        {product} {ergonomic}
   size_t InitialHeapSize                          = 192937984                                 {product} {ergonomic}
   size_t MarkStackSize                            = 4194304                                   {product} {ergonomic}
   size_t MaxHeapSize                              = 3074424832                                {product} {ergonomic}
   size_t MaxNewSize                               = 1843396608                                {product} {ergonomic}
   size_t MinHeapDeltaBytes                        = 2097152                                   {product} {ergonomic}
   size_t MinHeapSize                              = 8388608                                   {product} {ergonomic}
    uintx NonNMethodCodeHeapSize                   = 4096                                   {pd product} {ergonomic}
    uintx NonProfiledCodeHeapSize                  = 0                                      {pd product} {ergonomic}
     bool ProfileInterpreter                       = false                                  {pd product} {command line}
    uintx ProfiledCodeHeapSize                     = 0                                      {pd product} {ergonomic}
   size_t SoftMaxHeapSize                          = 3074424832                             {manageable} {ergonomic}
     intx TieredStopAtLevel                        = 1                                         {product} {command line}
     bool UseCompressedOops                        = true                           {product lp64_product} {ergonomic}
     bool UseG1GC                                  = true                                      {product} {ergonomic}
     bool UseLargePagesIndividualAllocation        = false                                  {pd product} {ergonomic}

Logging:
Log output configuration:
 #0: stdout all=warning uptime,level,tags foldmultilines=false
 #1: stderr all=off uptime,level,tags foldmultilines=false

Environment Variables:
JAVA_HOME=C:\Program Files\Java\jdk-21
PATH=C:\Program Files\Common Files\Oracle\Java\javapath;C:\Program Files (x86)\Cuminas\Document Express DjVu Plug-in\;C:\Program Files (x86)\Razer Chroma SDK\bin;C:\Program Files\Razer Chroma SDK\bin;C:\WINDOWS\system32;C:\WINDOWS;C:\WINDOWS\System32\Wbem;C:\WINDOWS\System32\WindowsPowerShell\v1.0\;C:\WINDOWS\System32\OpenSSH\;C:\Program Files (x86)\NVIDIA Corporation\PhysX\Common;C:\WINDOWS\system32\config\systemprofile\AppData\Local\Microsoft\WindowsApps;C:\Program Files (x86)\Razer\ChromaBroadcast\bin;C:\Program Files\Razer\ChromaBroadcast\bin;C:\Users\2oleg\AppData\Local\Microsoft\WindowsApps;C:\Program Files\JetBrains\IntelliJ IDEA Community Edition 2024.3\bin;C:\Users\2oleg\AppData\Local\Programs\Microsoft VS Code\bin;C:\Program Files\Docker\Docker\resources\bin;C:\Users\2oleg\Downloads\curl-8.16.0_6-win64-mingw.zip\curl-8.16.0_6-win64-mingw\bin;C:\Users\2oleg\Downloads\curl-8.16.0_6-win64-mingw\curl-8.16.0_6-win64-mingw\bin;C:\Users\2oleg\Downloads\apache-maven-3.9.11-bin\apache-maven-3.9.11\bin;C:\ProgramData\chocolatey\bin;C:\Users\2oleg\AppData\Roaming\Cloud Foundry;C:\Program Files\Git\cmd;C:\Program Files\nodejs\;C:\Users\2oleg\AppData\Local\Muse Hub\lib;C:\Users\2oleg\AppData\Local\Microsoft\WindowsApps;C:\Program Files\JetBrains\IntelliJ IDEA Community Edition 2025.2.4\bin;C:\Users\2oleg\AppData\Local\Programs\Microsoft VS Code\bin;C:\Program Files\jq.exe;C:\Users\2oleg\AppData\Local\Microsoft\WinGet\Packages\jqlang.jq_Microsoft.Winget.Source_8wekyb3d8bbwe;C:\Program Files\Java\jdk-24;C:\Users\2oleg\Downloads\gradle-9.0.0-bin\gradle-9.0.0\bin;C:\Program Files\Docker\Docker\resources\bin;C:\Users\2oleg\AppData\Local\GitHubDesktop\bin;C:\Users\2oleg\AppData\Roaming\npm
USERNAME=2oleg
OS=Windows_NT
PROCESSOR_IDENTIFIER=Intel64 Family 6 Model 60 Stepping 3, GenuineIntel
TMP=C:\Users\2oleg\AppData\Local\Temp
TEMP=C:\Users\2oleg\AppData\Local\Temp




Periodic native trim disabled

---------------  S Y S T E M  ---------------

OS:
 Windows 10 , 64 bit Build 19041 (10.0.19041.5915)
OS uptime: 10 days 12:18 hours
Hyper-V role detected

CPU: total 8 (initial active 8) (4 cores per cpu, 2 threads per core) family 6 model 60 stepping 3 microcode 0x27, cx8, cmov, fxsr, ht, mmx, sse, sse2, sse3, ssse3, sse4.1, sse4.2, popcnt, lzcnt, tsc, tscinvbit, avx, avx2, aes, erms, clmul, bmi1, bmi2, fma, vzeroupper, clflush, hv, rdtscp, f16c
Processor Information for all 8 processors :
  Max Mhz: 2401, Current Mhz: 2401, Mhz Limit: 2401

Memory: 4k page, system-wide physical 11723M (1052M free)
TotalPageFile size 23723M (AvailPageFile size 748M)
current process WorkingSet (physical memory assigned to process): 78M, peak: 78M
current process commit charge ("private bytes"): 276M, peak: 276M

vm_info: Java HotSpot(TM) 64-Bit Server VM (21.0.7+8-LTS-245) for windows-amd64 JRE (21.0.7+8-LTS-245), built on 2025-02-21T05:11:27Z by "mach5one" with MS VC++ 17.6 (VS2022)

END.
