#
# There is insufficient memory for the Java Runtime Environment to continue.
# Native memory allocation (malloc) failed to allocate 32744 bytes for Chunk::new
# Possible reasons:
#   The system is out of physical RAM or swap space
#   The process is running with CompressedOops enabled, and the Java Heap may be blocking the growth of the native heap
# Possible solutions:
#   Reduce memory load on the system
#   Increase physical memory or swap space
#   Check if swap backing store is full
#   Decrease Java heap size (-Xmx/-Xms)
#   Decrease number of Java threads
#   Decrease Java thread stack sizes (-Xss)
#   Set larger code cache with -XX:ReservedCodeCacheSize=
#   JVM is running with Zero Based Compressed Oops mode in which the Java heap is
#     placed in the first 32GB address space. The Java Heap base address is the
#     maximum limit for the native heap growth. Please use -XX:HeapBaseMinAddress
#     to set the Java Heap base and to place the Java Heap above 32GB virtual address.
# This output file may be truncated or incomplete.
#
#  Out of Memory Error (arena.cpp:168), pid=27652, tid=19500
#
# JRE version: Java(TM) SE Runtime Environment (21.0.7+8) (build 21.0.7+8-LTS-245)
# Java VM: Java HotSpot(TM) 64-Bit Server VM (21.0.7+8-LTS-245, mixed mode, sharing, tiered, compressed oops, compressed class ptrs, g1 gc, windows-amd64)
# No core dump will be written. Minidumps are not enabled by default on client versions of Windows
#

---------------  S U M M A R Y ------------

Command Line: --enable-native-access=ALL-UNNAMED -Dclassworlds.conf=C:\Users\2oleg\Downloads\apache-maven-3.9.11-bin\apache-maven-3.9.11\bin\m2.conf -Dmaven.home=C:\Users\2oleg\Downloads\apache-maven-3.9.11-bin\apache-maven-3.9.11 -Dlibrary.jansi.path=C:\Users\2oleg\Downloads\apache-maven-3.9.11-bin\apache-maven-3.9.11\lib\jansi-native -Dmaven.multiModuleProjectDirectory=C:\Users\2oleg\Downloads\Telegram Desktop\Kefir\Backend\TransactionSaga org.codehaus.plexus.classworlds.launcher.Launcher spring-boot:run -Dserver.port=8090 -DskipTests

Host: Intel(R) Core(TM) i7-4700HQ CPU @ 2.40GHz, 8 cores, 11G,  Windows 10 , 64 bit Build 19041 (10.0.19041.5915)
Time: Sat Dec 13 01:37:53 2025 RTZ 2 (s 10 , 64 bit Build 19041 (10.0.19041.5915) elapsed time: 63.081564 seconds (0d 0h 1m 3s)

---------------  T H R E A D  ---------------

Current thread (0x00000234309d4170):  JavaThread "C2 CompilerThread0" daemon [_thread_in_native, id=19500, stack(0x00000036cb800000,0x00000036cb900000) (1024K)]


Current CompileTask:
C2:  63081 8071       4       java.util.stream.Sink$ChainedReference::cancellationRequested (10 bytes)

Stack: [0x00000036cb800000,0x00000036cb900000]
Native frames: (J=compiled Java code, j=interpreted, Vv=VM code, C=native code)
V  [jvm.dll+0x6cae19]
V  [jvm.dll+0x855741]
V  [jvm.dll+0x857c6e]


---------------  P R O C E S S  ---------------

Threads class SMR info:
_java_thread_list=0x0000023476e6c890, length=12, elements={
0x0000023410d3eed0, 0x00000234309c9ad0, 0x00000234309ca8d0, 0x00000234309cd4e0,
0x00000234309cdf30, 0x00000234309ce980, 0x00000234309cf3d0, 0x00000234309d4170,
0x00000234309d5110, 0x0000023430bbffe0, 0x0000023430bc6820, 0x00000234764d5d60
}

Java Threads: ( => current thread )
  0x0000023410d3eed0 JavaThread "main"                              [_thread_in_Java, id=28508, stack(0x00000036ca900000,0x00000036caa00000) (1024K)]
  0x00000234309c9ad0 JavaThread "Reference Handler"          daemon [_thread_blocked, id=764, stack(0x00000036cb200000,0x00000036cb300000) (1024K)]
  0x00000234309ca8d0 JavaThread "Finalizer"                  daemon [_thread_blocked, id=29180, stack(0x00000036cb300000,0x00000036cb400000) (1024K)]
  0x00000234309cd4e0 JavaThread "Signal Dispatcher"          daemon [_thread_blocked, id=28632, stack(0x00000036cb400000,0x00000036cb500000) (1024K)]
  0x00000234309cdf30 JavaThread "Attach Listener"            daemon [_thread_blocked, id=30316, stack(0x00000036cb500000,0x00000036cb600000) (1024K)]
  0x00000234309ce980 JavaThread "Service Thread"             daemon [_thread_blocked, id=7200, stack(0x00000036cb600000,0x00000036cb700000) (1024K)]
  0x00000234309cf3d0 JavaThread "Monitor Deflation Thread"   daemon [_thread_blocked, id=30216, stack(0x00000036cb700000,0x00000036cb800000) (1024K)]
=>0x00000234309d4170 JavaThread "C2 CompilerThread0"         daemon [_thread_in_native, id=19500, stack(0x00000036cb800000,0x00000036cb900000) (1024K)]
  0x00000234309d5110 JavaThread "C1 CompilerThread0"         daemon [_thread_in_vm, id=31740, stack(0x00000036cb900000,0x00000036cba00000) (1024K)]
  0x0000023430bbffe0 JavaThread "Notification Thread"        daemon [_thread_blocked, id=13224, stack(0x00000036cba00000,0x00000036cbb00000) (1024K)]
  0x0000023430bc6820 JavaThread "Common-Cleaner"             daemon [_thread_blocked, id=16512, stack(0x00000036cbb00000,0x00000036cbc00000) (1024K)]
  0x00000234764d5d60 JavaThread "Thread-1"                   daemon [_thread_blocked, id=29372, stack(0x00000036cbc00000,0x00000036cbd00000) (1024K)]
Total: 12

Other Threads:
  0x00000234309afc50 VMThread "VM Thread"                           [id=30360, stack(0x00000036cb100000,0x00000036cb200000) (1024K)]
  0x000002343099a510 WatcherThread "VM Periodic Task Thread"        [id=30356, stack(0x00000036cb000000,0x00000036cb100000) (1024K)]
  0x0000023412f0f7c0 WorkerThread "GC Thread#0"                     [id=31768, stack(0x00000036cab00000,0x00000036cac00000) (1024K)]
  0x00000234767b89b0 WorkerThread "GC Thread#1"                     [id=1720, stack(0x00000036cbe00000,0x00000036cbf00000) (1024K)]
  0x00000234767b62a0 WorkerThread "GC Thread#2"                     [id=12020, stack(0x00000036cbf00000,0x00000036cc000000) (1024K)]
  0x00000234767b6640 WorkerThread "GC Thread#3"                     [id=29128, stack(0x00000036cc000000,0x00000036cc100000) (1024K)]
  0x00000234767fe240 WorkerThread "GC Thread#4"                     [id=8764, stack(0x00000036cc100000,0x00000036cc200000) (1024K)]
  0x00000234767fe5e0 WorkerThread "GC Thread#5"                     [id=11124, stack(0x00000036cc200000,0x00000036cc300000) (1024K)]
  0x00000234767fe980 WorkerThread "GC Thread#6"                     [id=29668, stack(0x00000036cc300000,0x00000036cc400000) (1024K)]
  0x00000234767a4030 WorkerThread "GC Thread#7"                     [id=14716, stack(0x00000036cc400000,0x00000036cc500000) (1024K)]
  0x0000023412f1bee0 ConcurrentGCThread "G1 Main Marker"            [id=31772, stack(0x00000036cac00000,0x00000036cad00000) (1024K)]
  0x0000023412f1c9e0 WorkerThread "G1 Conc#0"                       [id=2556, stack(0x00000036cad00000,0x00000036cae00000) (1024K)]
  0x0000023476c63b60 WorkerThread "G1 Conc#1"                       [id=29784, stack(0x00000036cc600000,0x00000036cc700000) (1024K)]
  0x0000023412f8dbe0 ConcurrentGCThread "G1 Refine#0"               [id=30328, stack(0x00000036cae00000,0x00000036caf00000) (1024K)]
  0x0000023412f8e750 ConcurrentGCThread "G1 Service"                [id=30156, stack(0x00000036caf00000,0x00000036cb000000) (1024K)]
Total: 15

Threads with active compile tasks:
C2 CompilerThread0    63092 8071       4       java.util.stream.Sink$ChainedReference::cancellationRequested (10 bytes)
C1 CompilerThread0    63092 8072       3       com.sun.tools.javac.code.Type$BottomType::getTag (4 bytes)
Total: 2

VM state: not at safepoint (normal execution)

VM Mutex/Monitor currently owned by a thread: None

Heap address: 0x0000000748c00000, size: 2932 MB, Compressed Oops mode: Zero based, Oop shift amount: 3

CDS archive(s) mapped at: [0x0000023431000000-0x0000023431c90000-0x0000023431c90000), size 13172736, SharedBaseAddress: 0x0000023431000000, ArchiveRelocationMode: 1.
Compressed class space mapped at: 0x0000023432000000-0x0000023472000000, reserved size: 1073741824
Narrow klass base: 0x0000023431000000, Narrow klass shift: 0, Narrow klass range: 0x100000000

GC Precious Log:
 CardTable entry size: 512
 Card Set container configuration: InlinePtr #cards 4 size 8 Array Of Cards #cards 16 size 48 Howl #buckets 8 coarsen threshold 3686 Howl Bitmap #cards 512 size 80 coarsen threshold 460 Card regions per heap region 1 cards per card region 4096
 CPUs: 8 total, 8 available
 Memory: 11723M
 Large Page Support: Disabled
 NUMA Support: Disabled
 Compressed Oops: Enabled (Zero based)
 Heap Region Size: 2M
 Heap Min Capacity: 8M
 Heap Initial Capacity: 184M
 Heap Max Capacity: 2932M
 Pre-touch: Disabled
 Parallel Workers: 8
 Concurrent Workers: 2
 Concurrent Refinement Workers: 8
 Periodic GC: Disabled

Heap:
 garbage-first heap   total 147456K, used 57195K [0x0000000748c00000, 0x0000000800000000)
  region size 2048K, 11 young (22528K), 7 survivors (14336K)
 Metaspace       used 30458K, committed 30912K, reserved 1114112K
  class space    used 3352K, committed 3584K, reserved 1048576K

Heap Regions: E=young(eden), S=young(survivor), O=old, HS=humongous(starts), HC=humongous(continues), CS=collection set, F=free, TAMS=top-at-mark-start, PB=parsable bottom
|   0|0x0000000748c00000, 0x0000000748e00000, 0x0000000748e00000|100%| O|  |TAMS 0x0000000748c00000| PB 0x0000000748c00000| Untracked 
|   1|0x0000000748e00000, 0x0000000749000000, 0x0000000749000000|100%| O|  |TAMS 0x0000000748e00000| PB 0x0000000748e00000| Untracked 
|   2|0x0000000749000000, 0x0000000749200000, 0x0000000749200000|100%|HS|  |TAMS 0x0000000749000000| PB 0x0000000749000000| Complete 
|   3|0x0000000749200000, 0x0000000749400000, 0x0000000749400000|100%|HC|  |TAMS 0x0000000749200000| PB 0x0000000749200000| Complete 
|   4|0x0000000749400000, 0x0000000749600000, 0x0000000749600000|100%| O|  |TAMS 0x0000000749400000| PB 0x0000000749400000| Untracked 
|   5|0x0000000749600000, 0x000000074972c4e0, 0x0000000749800000| 58%| O|Cm|TAMS 0x0000000749600000| PB 0x0000000749600000| Complete 
|   6|0x0000000749800000, 0x0000000749800000, 0x0000000749a00000|  0%| F|  |TAMS 0x0000000749800000| PB 0x0000000749800000| Untracked 
|   7|0x0000000749a00000, 0x0000000749a00000, 0x0000000749c00000|  0%| F|  |TAMS 0x0000000749a00000| PB 0x0000000749a00000| Untracked 
|   8|0x0000000749c00000, 0x0000000749c00000, 0x0000000749e00000|  0%| F|  |TAMS 0x0000000749c00000| PB 0x0000000749c00000| Untracked 
|   9|0x0000000749e00000, 0x0000000749e00000, 0x000000074a000000|  0%| F|  |TAMS 0x0000000749e00000| PB 0x0000000749e00000| Untracked 
|  10|0x000000074a000000, 0x000000074a000000, 0x000000074a200000|  0%| F|  |TAMS 0x000000074a000000| PB 0x000000074a000000| Untracked 
|  11|0x000000074a200000, 0x000000074a200000, 0x000000074a400000|  0%| F|  |TAMS 0x000000074a200000| PB 0x000000074a200000| Untracked 
|  12|0x000000074a400000, 0x000000074a400000, 0x000000074a600000|  0%| F|  |TAMS 0x000000074a400000| PB 0x000000074a400000| Untracked 
|  13|0x000000074a600000, 0x000000074a600000, 0x000000074a800000|  0%| F|  |TAMS 0x000000074a600000| PB 0x000000074a600000| Untracked 
|  14|0x000000074a800000, 0x000000074a800000, 0x000000074aa00000|  0%| F|  |TAMS 0x000000074a800000| PB 0x000000074a800000| Untracked 
|  15|0x000000074aa00000, 0x000000074aa00000, 0x000000074ac00000|  0%| F|  |TAMS 0x000000074aa00000| PB 0x000000074aa00000| Untracked 
|  16|0x000000074ac00000, 0x000000074ac00000, 0x000000074ae00000|  0%| F|  |TAMS 0x000000074ac00000| PB 0x000000074ac00000| Untracked 
|  17|0x000000074ae00000, 0x000000074ae00000, 0x000000074b000000|  0%| F|  |TAMS 0x000000074ae00000| PB 0x000000074ae00000| Untracked 
|  18|0x000000074b000000, 0x000000074b200000, 0x000000074b200000|100%|HS|  |TAMS 0x000000074b000000| PB 0x000000074b000000| Complete 
|  19|0x000000074b200000, 0x000000074b400000, 0x000000074b400000|100%|HC|  |TAMS 0x000000074b200000| PB 0x000000074b200000| Complete 
|  20|0x000000074b400000, 0x000000074b600000, 0x000000074b600000|100%| O|  |TAMS 0x000000074b400000| PB 0x000000074b400000| Untracked 
|  21|0x000000074b600000, 0x000000074b800000, 0x000000074b800000|100%| O|  |TAMS 0x000000074b600000| PB 0x000000074b600000| Untracked 
|  22|0x000000074b800000, 0x000000074ba00000, 0x000000074ba00000|100%| O|  |TAMS 0x000000074b800000| PB 0x000000074b800000| Untracked 
|  23|0x000000074ba00000, 0x000000074bc00000, 0x000000074bc00000|100%| O|  |TAMS 0x000000074ba00000| PB 0x000000074ba00000| Untracked 
|  24|0x000000074bc00000, 0x000000074be00000, 0x000000074be00000|100%| O|  |TAMS 0x000000074bc00000| PB 0x000000074bc00000| Untracked 
|  25|0x000000074be00000, 0x000000074c000000, 0x000000074c000000|100%| O|  |TAMS 0x000000074be00000| PB 0x000000074be00000| Untracked 
|  26|0x000000074c000000, 0x000000074c000000, 0x000000074c200000|  0%| F|  |TAMS 0x000000074c000000| PB 0x000000074c000000| Untracked 
|  27|0x000000074c200000, 0x000000074c200000, 0x000000074c400000|  0%| F|  |TAMS 0x000000074c200000| PB 0x000000074c200000| Untracked 
|  28|0x000000074c400000, 0x000000074c400000, 0x000000074c600000|  0%| F|  |TAMS 0x000000074c400000| PB 0x000000074c400000| Untracked 
|  29|0x000000074c600000, 0x000000074c600000, 0x000000074c800000|  0%| F|  |TAMS 0x000000074c600000| PB 0x000000074c600000| Untracked 
|  30|0x000000074c800000, 0x000000074c800000, 0x000000074ca00000|  0%| F|  |TAMS 0x000000074c800000| PB 0x000000074c800000| Untracked 
|  31|0x000000074ca00000, 0x000000074ca00000, 0x000000074cc00000|  0%| F|  |TAMS 0x000000074ca00000| PB 0x000000074ca00000| Untracked 
|  32|0x000000074cc00000, 0x000000074cc00000, 0x000000074ce00000|  0%| F|  |TAMS 0x000000074cc00000| PB 0x000000074cc00000| Untracked 
|  33|0x000000074ce00000, 0x000000074ce00000, 0x000000074d000000|  0%| F|  |TAMS 0x000000074ce00000| PB 0x000000074ce00000| Untracked 
|  34|0x000000074d000000, 0x000000074d000000, 0x000000074d200000|  0%| F|  |TAMS 0x000000074d000000| PB 0x000000074d000000| Untracked 
|  35|0x000000074d200000, 0x000000074d200000, 0x000000074d400000|  0%| F|  |TAMS 0x000000074d200000| PB 0x000000074d200000| Untracked 
|  36|0x000000074d400000, 0x000000074d400000, 0x000000074d600000|  0%| F|  |TAMS 0x000000074d400000| PB 0x000000074d400000| Untracked 
|  37|0x000000074d600000, 0x000000074d600000, 0x000000074d800000|  0%| F|  |TAMS 0x000000074d600000| PB 0x000000074d600000| Untracked 
|  38|0x000000074d800000, 0x000000074d800000, 0x000000074da00000|  0%| F|  |TAMS 0x000000074d800000| PB 0x000000074d800000| Untracked 
|  39|0x000000074da00000, 0x000000074da00000, 0x000000074dc00000|  0%| F|  |TAMS 0x000000074da00000| PB 0x000000074da00000| Untracked 
|  40|0x000000074dc00000, 0x000000074dc00000, 0x000000074de00000|  0%| F|  |TAMS 0x000000074dc00000| PB 0x000000074dc00000| Untracked 
|  41|0x000000074de00000, 0x000000074de00000, 0x000000074e000000|  0%| F|  |TAMS 0x000000074de00000| PB 0x000000074de00000| Untracked 
|  42|0x000000074e000000, 0x000000074e000000, 0x000000074e200000|  0%| F|  |TAMS 0x000000074e000000| PB 0x000000074e000000| Untracked 
|  43|0x000000074e200000, 0x000000074e200000, 0x000000074e400000|  0%| F|  |TAMS 0x000000074e200000| PB 0x000000074e200000| Untracked 
|  44|0x000000074e400000, 0x000000074e400000, 0x000000074e600000|  0%| F|  |TAMS 0x000000074e400000| PB 0x000000074e400000| Untracked 
|  45|0x000000074e600000, 0x000000074e600000, 0x000000074e800000|  0%| F|  |TAMS 0x000000074e600000| PB 0x000000074e600000| Untracked 
|  46|0x000000074e800000, 0x000000074e800000, 0x000000074ea00000|  0%| F|  |TAMS 0x000000074e800000| PB 0x000000074e800000| Untracked 
|  47|0x000000074ea00000, 0x000000074ea00000, 0x000000074ec00000|  0%| F|  |TAMS 0x000000074ea00000| PB 0x000000074ea00000| Untracked 
|  48|0x000000074ec00000, 0x000000074ec00000, 0x000000074ee00000|  0%| F|  |TAMS 0x000000074ec00000| PB 0x000000074ec00000| Untracked 
|  49|0x000000074ee00000, 0x000000074ee00000, 0x000000074f000000|  0%| F|  |TAMS 0x000000074ee00000| PB 0x000000074ee00000| Untracked 
|  50|0x000000074f000000, 0x000000074f000000, 0x000000074f200000|  0%| F|  |TAMS 0x000000074f000000| PB 0x000000074f000000| Untracked 
|  51|0x000000074f200000, 0x000000074f200000, 0x000000074f400000|  0%| F|  |TAMS 0x000000074f200000| PB 0x000000074f200000| Untracked 
|  52|0x000000074f400000, 0x000000074f400000, 0x000000074f600000|  0%| F|  |TAMS 0x000000074f400000| PB 0x000000074f400000| Untracked 
|  53|0x000000074f600000, 0x000000074f600000, 0x000000074f800000|  0%| F|  |TAMS 0x000000074f600000| PB 0x000000074f600000| Untracked 
|  54|0x000000074f800000, 0x000000074f800000, 0x000000074fa00000|  0%| F|  |TAMS 0x000000074f800000| PB 0x000000074f800000| Untracked 
|  55|0x000000074fa00000, 0x000000074fa00000, 0x000000074fc00000|  0%| F|  |TAMS 0x000000074fa00000| PB 0x000000074fa00000| Untracked 
|  56|0x000000074fc00000, 0x000000074fe00000, 0x000000074fe00000|100%| S|CS|TAMS 0x000000074fc00000| PB 0x000000074fc00000| Complete 
|  57|0x000000074fe00000, 0x0000000750000000, 0x0000000750000000|100%| S|CS|TAMS 0x000000074fe00000| PB 0x000000074fe00000| Complete 
|  58|0x0000000750000000, 0x0000000750200000, 0x0000000750200000|100%| S|CS|TAMS 0x0000000750000000| PB 0x0000000750000000| Complete 
|  59|0x0000000750200000, 0x0000000750400000, 0x0000000750400000|100%| S|CS|TAMS 0x0000000750200000| PB 0x0000000750200000| Complete 
|  60|0x0000000750400000, 0x0000000750600000, 0x0000000750600000|100%| S|CS|TAMS 0x0000000750400000| PB 0x0000000750400000| Complete 
|  61|0x0000000750600000, 0x0000000750800000, 0x0000000750800000|100%| S|CS|TAMS 0x0000000750600000| PB 0x0000000750600000| Complete 
|  62|0x0000000750800000, 0x0000000750a00000, 0x0000000750a00000|100%| S|CS|TAMS 0x0000000750800000| PB 0x0000000750800000| Complete 
|  85|0x0000000753600000, 0x0000000753800000, 0x0000000753800000|100%| E|  |TAMS 0x0000000753600000| PB 0x0000000753600000| Complete 
|  86|0x0000000753800000, 0x0000000753a00000, 0x0000000753a00000|100%| E|CS|TAMS 0x0000000753800000| PB 0x0000000753800000| Complete 
|  87|0x0000000753a00000, 0x0000000753c00000, 0x0000000753c00000|100%| E|CS|TAMS 0x0000000753a00000| PB 0x0000000753a00000| Complete 
|  91|0x0000000754200000, 0x0000000754400000, 0x0000000754400000|100%| E|CS|TAMS 0x0000000754200000| PB 0x0000000754200000| Complete 
|1461|0x00000007ff600000, 0x00000007ff6ae800, 0x00000007ff800000| 34%| O|  |TAMS 0x00000007ff600000| PB 0x00000007ff600000| Untracked 
|1462|0x00000007ff800000, 0x00000007ffa00000, 0x00000007ffa00000|100%| O|  |TAMS 0x00000007ff800000| PB 0x00000007ff800000| Untracked 
|1463|0x00000007ffa00000, 0x00000007ffc00000, 0x00000007ffc00000|100%| O|  |TAMS 0x00000007ffa00000| PB 0x00000007ffa00000| Untracked 
|1464|0x00000007ffc00000, 0x00000007ffe00000, 0x00000007ffe00000|100%| O|  |TAMS 0x00000007ffc00000| PB 0x00000007ffc00000| Untracked 
|1465|0x00000007ffe00000, 0x0000000800000000, 0x0000000800000000|100%| O|  |TAMS 0x00000007ffe00000| PB 0x00000007ffe00000| Untracked 

Card table byte_map: [0x000002342ac50000,0x000002342b210000] _byte_map_base: 0x000002342720a000

Marking Bits: (CMBitMap*) 0x0000023412f0fec0
 Bits: [0x000002342b210000, 0x000002342dfe0000)

Polling page: 0x0000023410e30000

Metaspace:

Usage:
  Non-class:     26.47 MB used.
      Class:      3.27 MB used.
       Both:     29.75 MB used.

Virtual space:
  Non-class space:       64.00 MB reserved,      26.69 MB ( 42%) committed,  1 nodes.
      Class space:        1.00 GB reserved,       3.50 MB ( <1%) committed,  1 nodes.
             Both:        1.06 GB reserved,      30.19 MB (  3%) committed. 

Chunk freelists:
   Non-Class:  4.75 MB
       Class:  12.48 MB
        Both:  17.23 MB

MaxMetaspaceSize: unlimited
CompressedClassSpaceSize: 1.00 GB
Initial GC threshold: 21.00 MB
Current GC threshold: 36.69 MB
CDS: on
 - commit_granule_bytes: 65536.
 - commit_granule_words: 8192.
 - virtual_space_node_default_size: 8388608.
 - enlarge_chunks_in_place: 1.
 - use_allocation_guard: 0.


Internal statistics:

num_allocs_failed_limit: 12.
num_arena_births: 406.
num_arena_deaths: 0.
num_vsnodes_births: 2.
num_vsnodes_deaths: 0.
num_space_committed: 483.
num_space_uncommitted: 0.
num_chunks_returned_to_freelist: 12.
num_chunks_taken_from_freelist: 1507.
num_chunk_merges: 12.
num_chunk_splits: 1073.
num_chunks_enlarged: 811.
num_inconsistent_stats: 0.

CodeHeap 'non-profiled nmethods': size=120000Kb used=4607Kb max_used=4607Kb free=115393Kb
 bounds [0x0000023422e30000, 0x00000234232b0000, 0x000002342a360000]
CodeHeap 'profiled nmethods': size=120000Kb used=19484Kb max_used=19484Kb free=100515Kb
 bounds [0x000002341b360000, 0x000002341c670000, 0x0000023422890000]
CodeHeap 'non-nmethods': size=5760Kb used=1450Kb max_used=1485Kb free=4310Kb
 bounds [0x0000023422890000, 0x0000023422b00000, 0x0000023422e30000]
 total_blobs=8591 nmethods=8056 adapters=439
 compilation: enabled
              stopped_count=0, restarted_count=0
 full_count=0

Compilation events (20 events):
Event: 62.838 Thread 0x00000234309d5110 8063       3       java.nio.file.FileSystemException::<init> (16 bytes)
Event: 62.838 Thread 0x00000234309d5110 nmethod 8063 0x000002341c663610 code [0x000002341c6637e0, 0x000002341c663ac0]
Event: 62.841 Thread 0x00000234309d4170 nmethod 8044 0x00000234232ae590 code [0x00000234232ae760, 0x00000234232aebb0]
Event: 62.841 Thread 0x00000234309d4170 8060       4       java.lang.AbstractStringBuilder::append (45 bytes)
Event: 62.846 Thread 0x00000234309d5110 8064       1       com.sun.tools.javac.code.Type$ClassType::poolTag (3 bytes)
Event: 62.846 Thread 0x00000234309d5110 nmethod 8064 0x00000234232aef10 code [0x00000234232af0a0, 0x00000234232af168]
Event: 62.846 Thread 0x00000234309d4170 nmethod 8060 0x00000234232af210 code [0x00000234232af3e0, 0x00000234232af8f8]
Event: 62.847 Thread 0x00000234309d5110 8065       3       com.sun.tools.javac.jvm.Gen::genStats (31 bytes)
Event: 62.847 Thread 0x00000234309d5110 nmethod 8065 0x000002341c663c10 code [0x000002341c663de0, 0x000002341c664248]
Event: 62.847 Thread 0x00000234309d5110 8066       3       com.sun.tools.javac.jvm.PoolConstant$NameAndType::poolKey (24 bytes)
Event: 62.848 Thread 0x00000234309d5110 nmethod 8066 0x000002341c664390 code [0x000002341c664560, 0x000002341c664a40]
Event: 62.848 Thread 0x00000234309d5110 8067       3       com.sun.tools.javac.jvm.Gen::genFinalizer (37 bytes)
Event: 62.848 Thread 0x00000234309d5110 nmethod 8067 0x000002341c664b90 code [0x000002341c664d60, 0x000002341c6652b8]
Event: 62.848 Thread 0x00000234309d5110 8068       3       com.sun.tools.javac.jvm.Gen::endFinalizerGap (57 bytes)
Event: 62.849 Thread 0x00000234309d5110 nmethod 8068 0x000002341c665490 code [0x000002341c6656e0, 0x000002341c6660a0]
Event: 62.849 Thread 0x00000234309d5110 8069       3       com.sun.tools.javac.jvm.Code::truncate (32 bytes)
Event: 62.849 Thread 0x00000234309d5110 nmethod 8069 0x000002341c666410 code [0x000002341c6665c0, 0x000002341c666758]
Event: 63.078 Thread 0x00000234309d5110 8070       3       com.sun.tools.javac.comp.DeferredAttr$DeferredTypeMap::<init> (39 bytes)
Event: 63.078 Thread 0x00000234309d5110 nmethod 8070 0x000002341c666810 code [0x000002341c666a00, 0x000002341c666e50]
Event: 63.079 Thread 0x00000234309d4170 8071       4       java.util.stream.Sink$ChainedReference::cancellationRequested (10 bytes)

GC Heap History (12 events):
Event: 6.541 GC heap before
{Heap before GC invocations=0 (full 0):
 garbage-first heap   total 188416K, used 22528K [0x0000000748c00000, 0x0000000800000000)
  region size 2048K, 11 young (22528K), 0 survivors (0K)
 Metaspace       used 5635K, committed 5824K, reserved 1114112K
  class space    used 647K, committed 768K, reserved 1048576K
}
Event: 7.233 GC heap after
{Heap after GC invocations=1 (full 0):
 garbage-first heap   total 188416K, used 3840K [0x0000000748c00000, 0x0000000800000000)
  region size 2048K, 2 young (4096K), 2 survivors (4096K)
 Metaspace       used 5635K, committed 5824K, reserved 1114112K
  class space    used 647K, committed 768K, reserved 1048576K
}
Event: 13.778 GC heap before
{Heap before GC invocations=1 (full 0):
 garbage-first heap   total 188416K, used 34560K [0x0000000748c00000, 0x0000000800000000)
  region size 2048K, 17 young (34816K), 2 survivors (4096K)
 Metaspace       used 9601K, committed 9792K, reserved 1114112K
  class space    used 1122K, committed 1216K, reserved 1048576K
}
Event: 13.786 GC heap after
{Heap after GC invocations=2 (full 0):
 garbage-first heap   total 188416K, used 5290K [0x0000000748c00000, 0x0000000800000000)
  region size 2048K, 1 young (2048K), 1 survivors (2048K)
 Metaspace       used 9601K, committed 9792K, reserved 1114112K
  class space    used 1122K, committed 1216K, reserved 1048576K
}
Event: 24.814 GC heap before
{Heap before GC invocations=2 (full 0):
 garbage-first heap   total 188416K, used 115882K [0x0000000748c00000, 0x0000000800000000)
  region size 2048K, 55 young (112640K), 1 survivors (2048K)
 Metaspace       used 16511K, committed 16768K, reserved 1114112K
  class space    used 1849K, committed 1984K, reserved 1048576K
}
Event: 24.834 GC heap after
{Heap after GC invocations=3 (full 0):
 garbage-first heap   total 188416K, used 16292K [0x0000000748c00000, 0x0000000800000000)
  region size 2048K, 7 young (14336K), 7 survivors (14336K)
 Metaspace       used 16511K, committed 16768K, reserved 1114112K
  class space    used 1849K, committed 1984K, reserved 1048576K
}
Event: 34.626 GC heap before
{Heap before GC invocations=3 (full 0):
 garbage-first heap   total 188416K, used 149412K [0x0000000748c00000, 0x0000000800000000)
  region size 2048K, 55 young (112640K), 7 survivors (14336K)
 Metaspace       used 20667K, committed 20992K, reserved 1114112K
  class space    used 2288K, committed 2432K, reserved 1048576K
}
Event: 34.655 GC heap after
{Heap after GC invocations=4 (full 0):
 garbage-first heap   total 188416K, used 27057K [0x0000000748c00000, 0x0000000800000000)
  region size 2048K, 4 young (8192K), 4 survivors (8192K)
 Metaspace       used 20667K, committed 20992K, reserved 1114112K
  class space    used 2288K, committed 2432K, reserved 1048576K
}
Event: 35.196 GC heap before
{Heap before GC invocations=4 (full 0):
 garbage-first heap   total 188416K, used 37297K [0x0000000748c00000, 0x0000000800000000)
  region size 2048K, 8 young (16384K), 4 survivors (8192K)
 Metaspace       used 21204K, committed 21504K, reserved 1114112K
  class space    used 2357K, committed 2496K, reserved 1048576K
}
Event: 35.205 GC heap after
{Heap after GC invocations=5 (full 0):
 garbage-first heap   total 188416K, used 32327K [0x0000000748c00000, 0x0000000800000000)
  region size 2048K, 3 young (6144K), 3 survivors (6144K)
 Metaspace       used 21204K, committed 21504K, reserved 1114112K
  class space    used 2357K, committed 2496K, reserved 1048576K
}
Event: 57.505 GC heap before
{Heap before GC invocations=6 (full 0):
 garbage-first heap   total 122880K, used 120391K [0x0000000748c00000, 0x0000000800000000)
  region size 2048K, 46 young (94208K), 3 survivors (6144K)
 Metaspace       used 30017K, committed 30464K, reserved 1114112K
  class space    used 3325K, committed 3520K, reserved 1048576K
}
Event: 57.541 GC heap after
{Heap after GC invocations=7 (full 0):
 garbage-first heap   total 147456K, used 51051K [0x0000000748c00000, 0x0000000800000000)
  region size 2048K, 7 young (14336K), 7 survivors (14336K)
 Metaspace       used 30017K, committed 30464K, reserved 1114112K
  class space    used 3325K, committed 3520K, reserved 1048576K
}

Dll operation events (8 events):
Event: 0.237 Loaded shared library C:\Program Files\Java\jdk-21\bin\java.dll
Event: 1.937 Loaded shared library C:\Program Files\Java\jdk-21\bin\jsvml.dll
Event: 3.110 Loaded shared library C:\Program Files\Java\jdk-21\bin\net.dll
Event: 3.548 Loaded shared library C:\Program Files\Java\jdk-21\bin\nio.dll
Event: 3.556 Loaded shared library C:\Program Files\Java\jdk-21\bin\zip.dll
Event: 4.616 Loaded shared library C:\Users\2oleg\Downloads\apache-maven-3.9.11-bin\apache-maven-3.9.11\lib\jansi-native\Windows\x86_64\jansi.dll
Event: 4.622 Loaded shared library C:\Program Files\Java\jdk-21\bin\jimage.dll
Event: 4.635 Loaded shared library C:\Program Files\Java\jdk-21\bin\verify.dll

Deoptimization events (20 events):
Event: 62.742 Thread 0x0000023410d3eed0 Uncommon trap: trap_request=0xffffffde fr.pc=0x00000234232a4724 relative=0x0000000000000724
Event: 62.742 Thread 0x0000023410d3eed0 Uncommon trap: reason=class_check action=maybe_recompile pc=0x00000234232a4724 method=com.sun.tools.javac.code.Type$StructuralTypeMapping.visitClassType(Lcom/sun/tools/javac/code/Type$ClassType;Ljava/lang/Object;)Lcom/sun/tools/javac/code/Type; @ 11 c2
Event: 62.742 Thread 0x0000023410d3eed0 DEOPT PACKING pc=0x00000234232a4724 sp=0x00000036ca9fadf0
Event: 62.742 Thread 0x0000023410d3eed0 DEOPT UNPACKING pc=0x00000234228e46a2 sp=0x00000036ca9fada8 mode 2
Event: 62.748 Thread 0x0000023410d3eed0 Uncommon trap: trap_request=0xffffffde fr.pc=0x00000234232a4724 relative=0x0000000000000724
Event: 62.748 Thread 0x0000023410d3eed0 Uncommon trap: reason=class_check action=maybe_recompile pc=0x00000234232a4724 method=com.sun.tools.javac.code.Type$StructuralTypeMapping.visitClassType(Lcom/sun/tools/javac/code/Type$ClassType;Ljava/lang/Object;)Lcom/sun/tools/javac/code/Type; @ 11 c2
Event: 62.748 Thread 0x0000023410d3eed0 DEOPT PACKING pc=0x00000234232a4724 sp=0x00000036ca9fadf0
Event: 62.748 Thread 0x0000023410d3eed0 DEOPT UNPACKING pc=0x00000234228e46a2 sp=0x00000036ca9fada8 mode 2
Event: 62.748 Thread 0x0000023410d3eed0 Uncommon trap: trap_request=0xffffffde fr.pc=0x00000234232a4724 relative=0x0000000000000724
Event: 62.748 Thread 0x0000023410d3eed0 Uncommon trap: reason=class_check action=maybe_recompile pc=0x00000234232a4724 method=com.sun.tools.javac.code.Type$StructuralTypeMapping.visitClassType(Lcom/sun/tools/javac/code/Type$ClassType;Ljava/lang/Object;)Lcom/sun/tools/javac/code/Type; @ 11 c2
Event: 62.748 Thread 0x0000023410d3eed0 DEOPT PACKING pc=0x00000234232a4724 sp=0x00000036ca9fb110
Event: 62.748 Thread 0x0000023410d3eed0 DEOPT UNPACKING pc=0x00000234228e46a2 sp=0x00000036ca9fb0c8 mode 2
Event: 62.748 Thread 0x0000023410d3eed0 Uncommon trap: trap_request=0xffffffde fr.pc=0x00000234232a4724 relative=0x0000000000000724
Event: 62.748 Thread 0x0000023410d3eed0 Uncommon trap: reason=class_check action=maybe_recompile pc=0x00000234232a4724 method=com.sun.tools.javac.code.Type$StructuralTypeMapping.visitClassType(Lcom/sun/tools/javac/code/Type$ClassType;Ljava/lang/Object;)Lcom/sun/tools/javac/code/Type; @ 11 c2
Event: 62.748 Thread 0x0000023410d3eed0 DEOPT PACKING pc=0x00000234232a4724 sp=0x00000036ca9faf80
Event: 62.749 Thread 0x0000023410d3eed0 DEOPT UNPACKING pc=0x00000234228e46a2 sp=0x00000036ca9faf38 mode 2
Event: 62.835 Thread 0x0000023410d3eed0 Uncommon trap: trap_request=0xffffff45 fr.pc=0x000002342329ed18 relative=0x00000000000002b8
Event: 62.835 Thread 0x0000023410d3eed0 Uncommon trap: reason=unstable_if action=reinterpret pc=0x000002342329ed18 method=com.sun.tools.javac.tree.TreeInfo.getStartPos(Lcom/sun/tools/javac/tree/JCTree;)I @ 383 c2
Event: 62.835 Thread 0x0000023410d3eed0 DEOPT PACKING pc=0x000002342329ed18 sp=0x00000036ca9fbe80
Event: 62.835 Thread 0x0000023410d3eed0 DEOPT UNPACKING pc=0x00000234228e46a2 sp=0x00000036ca9fbe00 mode 2

Classes loaded (20 events):
Event: 56.741 Loading class java/lang/runtime/ObjectMethods
Event: 56.741 Loading class java/lang/runtime/ObjectMethods done
Event: 56.744 Loading class java/lang/invoke/MethodHandleImpl$Makers
Event: 56.744 Loading class java/lang/invoke/MethodHandleImpl$Makers done
Event: 56.744 Loading class java/lang/invoke/MethodHandleImpl$Makers$1
Event: 56.745 Loading class java/lang/invoke/MethodHandleImpl$Makers$1 done
Event: 56.745 Loading class java/lang/invoke/MethodHandleImpl$Makers$2
Event: 56.745 Loading class java/lang/invoke/MethodHandleImpl$Makers$2 done
Event: 56.745 Loading class java/lang/invoke/MethodHandleImpl$Makers$3
Event: 56.745 Loading class java/lang/invoke/MethodHandleImpl$Makers$3 done
Event: 56.751 Loading class java/lang/runtime/ObjectMethods$1
Event: 56.751 Loading class java/lang/runtime/ObjectMethods$1 done
Event: 56.756 Loading class java/lang/invoke/DirectMethodHandle$1
Event: 56.757 Loading class java/lang/invoke/DirectMethodHandle$1 done
Event: 59.894 Loading class java/util/stream/ReduceOps$2
Event: 59.894 Loading class java/util/stream/ReduceOps$2 done
Event: 59.894 Loading class java/util/stream/ReduceOps$2ReducingSink
Event: 59.894 Loading class java/util/stream/ReduceOps$2ReducingSink done
Event: 60.828 Loading class java/lang/invoke/MethodHandleImpl$CountingWrapper
Event: 60.844 Loading class java/lang/invoke/MethodHandleImpl$CountingWrapper done

Classes unloaded (0 events):
No events

Classes redefined (0 events):
No events

Internal exceptions (20 events):
Event: 57.399 Thread 0x0000023410d3eed0 Exception <a 'sun/nio/fs/WindowsException'{0x00000007499a5440}> (0x00000007499a5440) 
thrown [s\open\src\hotspot\share\prims\jni.cpp, line 520]
Event: 57.399 Thread 0x0000023410d3eed0 Exception <a 'sun/nio/fs/WindowsException'{0x00000007499c9278}> (0x00000007499c9278) 
thrown [s\open\src\hotspot\share\prims\jni.cpp, line 520]
Event: 57.568 Thread 0x0000023410d3eed0 Exception <a 'sun/nio/fs/WindowsException'{0x000000075425e480}> (0x000000075425e480) 
thrown [s\open\src\hotspot\share\prims\jni.cpp, line 520]
Event: 58.034 Thread 0x0000023410d3eed0 Implicit null exception at 0x00000234231794ba to 0x0000023423179f20
Event: 58.328 Thread 0x0000023410d3eed0 Exception <a 'sun/nio/fs/WindowsException'{0x00000007543c5590}> (0x00000007543c5590) 
thrown [s\open\src\hotspot\share\prims\jni.cpp, line 520]
Event: 60.824 Thread 0x0000023410d3eed0 Exception <a 'java/lang/NoSuchMethodError'{0x0000000753b47010}: 'java.lang.Object java.lang.invoke.DirectMethodHandle$Holder.invokeStatic(java.lang.Object, int, java.lang.Object, java.lang.Object)'> (0x0000000753b47010) 
thrown [s\open\src\hotspot\share\interpreter\linkResolver.cpp, line 773]
Event: 60.826 Thread 0x0000023410d3eed0 Exception <a 'java/lang/NoSuchMethodError'{0x0000000753b4b3c8}: 'java.lang.Object java.lang.invoke.DirectMethodHandle$Holder.invokeSpecial(java.lang.Object, java.lang.Object, int, java.lang.Object, java.lang.Object)'> (0x0000000753b4b3c8) 
thrown [s\open\src\hotspot\share\interpreter\linkResolver.cpp, line 773]
Event: 60.828 Thread 0x0000023410d3eed0 Exception <a 'java/lang/NoSuchMethodError'{0x0000000753b4f558}: 'java.lang.Object java.lang.invoke.DelegatingMethodHandle$Holder.delegate(java.lang.Object, int, java.lang.Object, java.lang.Object)'> (0x0000000753b4f558) 
thrown [s\open\src\hotspot\share\interpreter\linkResolver.cpp, line 773]
Event: 60.848 Thread 0x0000023410d3eed0 Exception <a 'java/lang/NoSuchMethodError'{0x0000000753b5ee70}: 'int java.lang.invoke.Invokers$Holder.linkToTargetMethod(java.lang.Object, java.lang.Object, java.lang.Object)'> (0x0000000753b5ee70) 
thrown [s\open\src\hotspot\share\interpreter\linkResolver.cpp, line 773]
Event: 60.862 Thread 0x0000023410d3eed0 Exception <a 'sun/nio/fs/WindowsException'{0x0000000753b9f3e8}> (0x0000000753b9f3e8) 
thrown [s\open\src\hotspot\share\prims\jni.cpp, line 520]
Event: 61.065 Thread 0x0000023410d3eed0 Exception <a 'sun/nio/fs/WindowsException'{0x0000000753bfed80}> (0x0000000753bfed80) 
thrown [s\open\src\hotspot\share\prims\jni.cpp, line 520]
Event: 61.313 Thread 0x0000023410d3eed0 Exception <a 'sun/nio/fs/WindowsException'{0x0000000753865de0}> (0x0000000753865de0) 
thrown [s\open\src\hotspot\share\prims\jni.cpp, line 520]
Event: 61.356 Thread 0x0000023410d3eed0 Exception <a 'sun/nio/fs/WindowsException'{0x0000000753900c30}> (0x0000000753900c30) 
thrown [s\open\src\hotspot\share\prims\jni.cpp, line 520]
Event: 62.057 Thread 0x0000023410d3eed0 Exception <a 'sun/nio/fs/WindowsException'{0x00000007539bf990}> (0x00000007539bf990) 
thrown [s\open\src\hotspot\share\prims\jni.cpp, line 520]
Event: 62.489 Thread 0x0000023410d3eed0 Exception <a 'sun/nio/fs/WindowsException'{0x00000007536202f8}> (0x00000007536202f8) 
thrown [s\open\src\hotspot\share\prims\jni.cpp, line 520]
Event: 62.525 Thread 0x0000023410d3eed0 Exception <a 'sun/nio/fs/WindowsException'{0x0000000753665be0}> (0x0000000753665be0) 
thrown [s\open\src\hotspot\share\prims\jni.cpp, line 520]
Event: 62.526 Thread 0x0000023410d3eed0 Exception <a 'sun/nio/fs/WindowsException'{0x00000007536681e0}> (0x00000007536681e0) 
thrown [s\open\src\hotspot\share\prims\jni.cpp, line 520]
Event: 62.527 Thread 0x0000023410d3eed0 Exception <a 'sun/nio/fs/WindowsException'{0x000000075366c378}> (0x000000075366c378) 
thrown [s\open\src\hotspot\share\prims\jni.cpp, line 520]
Event: 62.838 Thread 0x0000023410d3eed0 Exception <a 'sun/nio/fs/WindowsException'{0x00000007537c5278}> (0x00000007537c5278) 
thrown [s\open\src\hotspot\share\prims\jni.cpp, line 520]
Event: 62.848 Thread 0x0000023410d3eed0 Exception <a 'sun/nio/fs/WindowsException'{0x00000007537d26a0}> (0x00000007537d26a0) 
thrown [s\open\src\hotspot\share\prims\jni.cpp, line 520]

ZGC Phase Switch (0 events):
No events

VM Operations (20 events):
Event: 56.725 Executing VM operation: HandshakeAllThreads (Deoptimize)
Event: 56.725 Executing VM operation: HandshakeAllThreads (Deoptimize) done
Event: 56.725 Executing VM operation: Cleanup
Event: 56.725 Executing VM operation: Cleanup done
Event: 56.763 Executing VM operation: HandshakeAllThreads (Deoptimize)
Event: 56.763 Executing VM operation: HandshakeAllThreads (Deoptimize) done
Event: 57.505 Executing VM operation: G1CollectForAllocation (G1 Evacuation Pause)
Event: 57.541 Executing VM operation: G1CollectForAllocation (G1 Evacuation Pause) done
Event: 58.561 Executing VM operation: Cleanup
Event: 58.561 Executing VM operation: Cleanup done
Event: 59.402 Executing VM operation: HandshakeAllThreads (Deoptimize)
Event: 59.402 Executing VM operation: HandshakeAllThreads (Deoptimize) done
Event: 60.370 Executing VM operation: HandshakeAllThreads (HandshakeForDeflation)
Event: 60.806 Executing VM operation: HandshakeAllThreads (HandshakeForDeflation) done
Event: 60.806 Executing VM operation: Cleanup
Event: 60.807 Executing VM operation: Cleanup done
Event: 60.807 Executing VM operation: RendezvousGCThreads
Event: 60.807 Executing VM operation: RendezvousGCThreads done
Event: 61.807 Executing VM operation: Cleanup
Event: 61.985 Executing VM operation: Cleanup done

Events (20 events):
Event: 34.472 Thread 0x0000023476c64120 Thread added: 0x0000023476c64120
Event: 34.484 Thread 0x0000023477f5f010 Thread added: 0x0000023477f5f010
Event: 35.343 Thread 0x0000023477f5f010 Thread exited: 0x0000023477f5f010
Event: 36.209 Thread 0x0000023476c64120 Thread exited: 0x0000023476c64120
Event: 39.120 Thread 0x0000023476d5aa90 Thread added: 0x0000023476d5aa90
Event: 39.748 Thread 0x0000023476d5aa90 Thread exited: 0x0000023476d5aa90
Event: 39.799 Thread 0x0000023476d5aa90 Thread added: 0x0000023476d5aa90
Event: 40.469 Thread 0x0000023476d5aa90 Thread exited: 0x0000023476d5aa90
Event: 41.004 Thread 0x0000023477e49540 Thread added: 0x0000023477e49540
Event: 41.290 Thread 0x0000023477e49540 Thread exited: 0x0000023477e49540
Event: 49.324 Thread 0x00000234777bcae0 Thread added: 0x00000234777bcae0
Event: 49.515 Thread 0x00000234777bcae0 Thread exited: 0x00000234777bcae0
Event: 49.529 Thread 0x00000234777bcae0 Thread added: 0x00000234777bcae0
Event: 50.057 Thread 0x00000234777bcae0 Thread exited: 0x00000234777bcae0
Event: 50.161 Thread 0x0000023476e2b4c0 Thread added: 0x0000023476e2b4c0
Event: 50.164 Thread 0x000002347773e090 Thread added: 0x000002347773e090
Event: 50.531 Thread 0x000002347773e090 Thread exited: 0x000002347773e090
Event: 50.531 Thread 0x0000023476e2b4c0 Thread exited: 0x0000023476e2b4c0
Event: 54.263 Thread 0x0000023476ad8af0 Thread added: 0x0000023476ad8af0
Event: 54.416 Thread 0x0000023476ad8af0 Thread exited: 0x0000023476ad8af0


Dynamic libraries:
0x00007ff703c60000 - 0x00007ff703c70000 	C:\Program Files\Java\jdk-21\bin\java.exe
0x00007ff9f5930000 - 0x00007ff9f5b28000 	C:\WINDOWS\SYSTEM32\ntdll.dll
0x00007ff9f5400000 - 0x00007ff9f54c2000 	C:\WINDOWS\System32\KERNEL32.DLL
0x00007ff9f3130000 - 0x00007ff9f3426000 	C:\WINDOWS\System32\KERNELBASE.dll
0x00007ff9f3820000 - 0x00007ff9f3920000 	C:\WINDOWS\System32\ucrtbase.dll
0x00007ff9e2300000 - 0x00007ff9e2319000 	C:\Program Files\Java\jdk-21\bin\jli.dll
0x00007ff9f3da0000 - 0x00007ff9f3e51000 	C:\WINDOWS\System32\ADVAPI32.dll
0x00007ff9f5820000 - 0x00007ff9f58be000 	C:\WINDOWS\System32\msvcrt.dll
0x00007ff9f4800000 - 0x00007ff9f489f000 	C:\WINDOWS\System32\sechost.dll
0x00007ff9f3c10000 - 0x00007ff9f3d30000 	C:\WINDOWS\System32\RPCRT4.dll
0x00007ff9f3560000 - 0x00007ff9f3587000 	C:\WINDOWS\System32\bcrypt.dll
0x00007ff9f3f40000 - 0x00007ff9f40e1000 	C:\WINDOWS\System32\USER32.dll
0x00007ff9f3100000 - 0x00007ff9f3122000 	C:\WINDOWS\System32\win32u.dll
0x00007ff9f47c0000 - 0x00007ff9f47eb000 	C:\WINDOWS\System32\GDI32.dll
0x00007ff9f2f90000 - 0x00007ff9f30a9000 	C:\WINDOWS\System32\gdi32full.dll
0x00007ff9f3590000 - 0x00007ff9f362d000 	C:\WINDOWS\System32\msvcp_win.dll
0x00007ff9e31d0000 - 0x00007ff9e31eb000 	C:\Program Files\Java\jdk-21\bin\VCRUNTIME140.dll
0x00007ff9e4da0000 - 0x00007ff9e503b000 	C:\WINDOWS\WinSxS\amd64_microsoft.windows.common-controls_6595b64144ccf1df_6.0.19041.6456_none_60b8a6cb71f64256\COMCTL32.dll
0x00007ff9ecd10000 - 0x00007ff9ecd1a000 	C:\WINDOWS\SYSTEM32\VERSION.dll
0x00007ff9f3f10000 - 0x00007ff9f3f3f000 	C:\WINDOWS\System32\IMM32.DLL
0x00007ff9ed3a0000 - 0x00007ff9ed3ac000 	C:\Program Files\Java\jdk-21\bin\vcruntime140_1.dll
0x00007ff9c7130000 - 0x00007ff9c71be000 	C:\Program Files\Java\jdk-21\bin\msvcp140.dll
0x00007ff98ebe0000 - 0x00007ff98f8fa000 	C:\Program Files\Java\jdk-21\bin\server\jvm.dll
0x00007ff9f4210000 - 0x00007ff9f427b000 	C:\WINDOWS\System32\WS2_32.dll
0x00007ff9f2df0000 - 0x00007ff9f2e3b000 	C:\WINDOWS\SYSTEM32\POWRPROF.dll
0x00007ff9e0140000 - 0x00007ff9e0167000 	C:\WINDOWS\SYSTEM32\WINMM.dll
0x00007ff9f2dd0000 - 0x00007ff9f2de2000 	C:\WINDOWS\SYSTEM32\UMPDC.dll
0x00007ff9f0dc0000 - 0x00007ff9f0dd2000 	C:\WINDOWS\SYSTEM32\kernel.appcore.dll
0x00007ff9ed370000 - 0x00007ff9ed37a000 	C:\Program Files\Java\jdk-21\bin\jimage.dll
0x00007ff9df840000 - 0x00007ff9dfa41000 	C:\WINDOWS\SYSTEM32\DBGHELP.DLL
0x00007ff9dd350000 - 0x00007ff9dd384000 	C:\WINDOWS\SYSTEM32\dbgcore.DLL
0x00007ff9f3630000 - 0x00007ff9f36b2000 	C:\WINDOWS\System32\bcryptPrimitives.dll
0x00007ff9e0be0000 - 0x00007ff9e0bff000 	C:\Program Files\Java\jdk-21\bin\java.dll
0x00007ff9f4930000 - 0x00007ff9f50a0000 	C:\WINDOWS\System32\SHELL32.dll
0x00007ff9f0fc0000 - 0x00007ff9f1765000 	C:\WINDOWS\SYSTEM32\windows.storage.dll
0x00007ff9f50a0000 - 0x00007ff9f53f4000 	C:\WINDOWS\System32\combase.dll
0x00007ff9f28e0000 - 0x00007ff9f290b000 	C:\WINDOWS\SYSTEM32\Wldp.dll
0x00007ff9f46f0000 - 0x00007ff9f47bd000 	C:\WINDOWS\System32\OLEAUT32.dll
0x00007ff9f3920000 - 0x00007ff9f39cd000 	C:\WINDOWS\System32\SHCORE.dll
0x00007ff9f57c0000 - 0x00007ff9f581b000 	C:\WINDOWS\System32\shlwapi.dll
0x00007ff9f2ec0000 - 0x00007ff9f2ee4000 	C:\WINDOWS\SYSTEM32\profapi.dll
0x00007ff9ab440000 - 0x00007ff9ab517000 	C:\Program Files\Java\jdk-21\bin\jsvml.dll
0x00007ff9ebd20000 - 0x00007ff9ebd30000 	C:\Program Files\Java\jdk-21\bin\net.dll
0x00007ff9ec950000 - 0x00007ff9eca5a000 	C:\WINDOWS\SYSTEM32\WINHTTP.dll
0x00007ff9f25f0000 - 0x00007ff9f265a000 	C:\WINDOWS\system32\mswsock.dll
0x00007ff9dbf20000 - 0x00007ff9dbf36000 	C:\Program Files\Java\jdk-21\bin\nio.dll
0x00007ff9d8a60000 - 0x00007ff9d8a78000 	C:\Program Files\Java\jdk-21\bin\zip.dll
0x00007ff9d0da0000 - 0x00007ff9d0dc4000 	C:\Users\2oleg\Downloads\apache-maven-3.9.11-bin\apache-maven-3.9.11\lib\jansi-native\Windows\x86_64\jansi.dll
0x00007ff9e8580000 - 0x00007ff9e8590000 	C:\Program Files\Java\jdk-21\bin\verify.dll

dbghelp: loaded successfully - version: 4.0.5 - missing functions: none
symbol engine: initialized successfully - sym options: 0x614 - pdb path: (cannot be retrieved)

VM Arguments:
jvm_args: --enable-native-access=ALL-UNNAMED -Dclassworlds.conf=C:\Users\2oleg\Downloads\apache-maven-3.9.11-bin\apache-maven-3.9.11\bin\m2.conf -Dmaven.home=C:\Users\2oleg\Downloads\apache-maven-3.9.11-bin\apache-maven-3.9.11 -Dlibrary.jansi.path=C:\Users\2oleg\Downloads\apache-maven-3.9.11-bin\apache-maven-3.9.11\lib\jansi-native -Dmaven.multiModuleProjectDirectory=C:\Users\2oleg\Downloads\Telegram Desktop\Kefir\Backend\TransactionSaga 
java_command: org.codehaus.plexus.classworlds.launcher.Launcher spring-boot:run -Dserver.port=8090 -DskipTests
java_class_path (initial): C:\Users\2oleg\Downloads\apache-maven-3.9.11-bin\apache-maven-3.9.11\boot\plexus-classworlds-2.9.0.jar
Launcher Type: SUN_STANDARD

[Global flags]
     bool UseCompressedOops                        = true                           {product lp64_product} {ergonomic}
     bool UseLargePagesIndividualAllocation        = false                                  {pd product} {ergonomic}
     intx CICompilerCount                          = 4                                         {product} {ergonomic}
   size_t MinHeapDeltaBytes                        = 2097152                                   {product} {ergonomic}
     bool SegmentedCodeCache                       = true                                      {product} {ergonomic}
    uintx ReservedCodeCacheSize                    = 251658240                              {pd product} {ergonomic}
    uintx NonProfiledCodeHeapSize                  = 122909434                              {pd product} {ergonomic}
    uintx ProfiledCodeHeapSize                     = 122909434                              {pd product} {ergonomic}
    uintx NonNMethodCodeHeapSize                   = 5839372                                {pd product} {ergonomic}
   size_t G1HeapRegionSize                         = 2097152                                   {product} {ergonomic}
     uint G1ConcRefinementThreads                  = 8                                         {product} {ergonomic}
     bool UseG1GC                                  = true                                      {product} {ergonomic}
     uint ConcGCThreads                            = 2                                         {product} {ergonomic}
   size_t MarkStackSize                            = 4194304                                   {product} {ergonomic}
   size_t MinHeapSize                              = 8388608                                   {product} {ergonomic}
   size_t InitialHeapSize                          = 192937984                                 {product} {ergonomic}
   size_t MaxHeapSize                              = 3074424832                                {product} {ergonomic}
   size_t SoftMaxHeapSize                          = 3074424832                             {manageable} {ergonomic}
   size_t MaxNewSize                               = 1843396608                                {product} {ergonomic}
    uintx GCDrainStackTargetSize                   = 64                                        {product} {ergonomic}

Logging:
Log output configuration:
 #0: stdout all=warning uptime,level,tags foldmultilines=false
 #1: stderr all=off uptime,level,tags foldmultilines=false

Environment Variables:
JAVA_HOME=C:\Program Files\Java\jdk-21
PATH=C:\Program Files\Common Files\Oracle\Java\javapath;C:\Program Files (x86)\Cuminas\Document Express DjVu Plug-in\;C:\Program Files (x86)\Razer Chroma SDK\bin;C:\Program Files\Razer Chroma SDK\bin;C:\WINDOWS\system32;C:\WINDOWS;C:\WINDOWS\System32\Wbem;C:\WINDOWS\System32\WindowsPowerShell\v1.0\;C:\WINDOWS\System32\OpenSSH\;C:\Program Files (x86)\NVIDIA Corporation\PhysX\Common;C:\WINDOWS\system32\config\systemprofile\AppData\Local\Microsoft\WindowsApps;C:\Program Files (x86)\Razer\ChromaBroadcast\bin;C:\Program Files\Razer\ChromaBroadcast\bin;C:\Users\2oleg\AppData\Local\Microsoft\WindowsApps;C:\Program Files\JetBrains\IntelliJ IDEA Community Edition 2024.3\bin;C:\Users\2oleg\AppData\Local\Programs\Microsoft VS Code\bin;C:\Program Files\Docker\Docker\resources\bin;C:\Users\2oleg\Downloads\curl-8.16.0_6-win64-mingw.zip\curl-8.16.0_6-win64-mingw\bin;C:\Users\2oleg\Downloads\curl-8.16.0_6-win64-mingw\curl-8.16.0_6-win64-mingw\bin;C:\Users\2oleg\Downloads\apache-maven-3.9.11-bin\apache-maven-3.9.11\bin;C:\ProgramData\chocolatey\bin;C:\Users\2oleg\AppData\Roaming\Cloud Foundry;C:\Program Files\Git\cmd;C:\Program Files\nodejs\;C:\Users\2oleg\AppData\Local\Muse Hub\lib;C:\Users\2oleg\AppData\Local\Microsoft\WindowsApps;C:\Program Files\JetBrains\IntelliJ IDEA Community Edition 2025.2.4\bin;C:\Users\2oleg\AppData\Local\Programs\Microsoft VS Code\bin;C:\Program Files\jq.exe;C:\Users\2oleg\AppData\Local\Microsoft\WinGet\Packages\jqlang.jq_Microsoft.Winget.Source_8wekyb3d8bbwe;C:\Program Files\Java\jdk-24;C:\Users\2oleg\Downloads\gradle-9.0.0-bin\gradle-9.0.0\bin;C:\Program Files\Docker\Docker\resources\bin;C:\Users\2oleg\AppData\Local\GitHubDesktop\bin;C:\Users\2oleg\AppData\Roaming\npm
USERNAME=2oleg
OS=Windows_NT
PROCESSOR_IDENTIFIER=Intel64 Family 6 Model 60 Stepping 3, GenuineIntel
TMP=C:\Users\2oleg\AppData\Local\Temp
TEMP=C:\Users\2oleg\AppData\Local\Temp




Periodic native trim disabled

---------------  S Y S T E M  ---------------

OS:
 Windows 10 , 64 bit Build 19041 (10.0.19041.5915)
OS uptime: 10 days 12:23 hours
Hyper-V role detected

CPU: total 8 (initial active 8) (4 cores per cpu, 2 threads per core) family 6 model 60 stepping 3 microcode 0x27, cx8, cmov, fxsr, ht, mmx, sse, sse2, sse3, ssse3, sse4.1, sse4.2, popcnt, lzcnt, tsc, tscinvbit, avx, avx2, aes, erms, clmul, bmi1, bmi2, fma, vzeroupper, clflush, hv, rdtscp, f16c
Processor Information for all 8 processors :
  Max Mhz: 2401, Current Mhz: 2401, Mhz Limit: 2401

Memory: 4k page, system-wide physical 11723M (1633M free)
TotalPageFile size 23723M (AvailPageFile size 4M)
current process WorkingSet (physical memory assigned to process): 261M, peak: 272M
current process commit charge ("private bytes"): 298M, peak: 325M

vm_info: Java HotSpot(TM) 64-Bit Server VM (21.0.7+8-LTS-245) for windows-amd64 JRE (21.0.7+8-LTS-245), built on 2025-02-21T05:11:27Z by "mach5one" with MS VC++ 17.6 (VS2022)

END.
