#
# There is insufficient memory for the Java Runtime Environment to continue.
# Native memory allocation (mmap) failed to map 65536 bytes for Failed to commit metaspace.
# Possible reasons:
#   The system is out of physical RAM or swap space
#   The process is running with CompressedOops enabled, and the Java Heap may be blocking the growth of the native heap
# Possible solutions:
#   Reduce memory load on the system
#   Increase physical memory or swap space
#   Check if swap backing store is full
#   Decrease Java heap size (-Xmx/-Xms)
#   Decrease number of Java threads
#   Decrease Java thread stack sizes (-Xss)
#   Set larger code cache with -XX:ReservedCodeCacheSize=
#   JVM is running with Zero Based Compressed Oops mode in which the Java heap is
#     placed in the first 32GB address space. The Java Heap base address is the
#     maximum limit for the native heap growth. Please use -XX:HeapBaseMinAddress
#     to set the Java Heap base and to place the Java Heap above 32GB virtual address.
# This output file may be truncated or incomplete.
#
#  Out of Memory Error (virtualSpaceNode.cpp:112), pid=23688, tid=21824
#
# JRE version: Java(TM) SE Runtime Environment (21.0.7+8) (build 21.0.7+8-LTS-245)
# Java VM: Java HotSpot(TM) 64-Bit Server VM (21.0.7+8-LTS-245, mixed mode, sharing, tiered, compressed oops, compressed class ptrs, g1 gc, windows-amd64)
# No core dump will be written. Minidumps are not enabled by default on client versions of Windows
#

---------------  S U M M A R Y ------------

Command Line: --enable-native-access=ALL-UNNAMED -Dclassworlds.conf=C:\Users\2oleg\Downloads\apache-maven-3.9.11-bin\apache-maven-3.9.11\bin\m2.conf -Dmaven.home=C:\Users\2oleg\Downloads\apache-maven-3.9.11-bin\apache-maven-3.9.11 -Dlibrary.jansi.path=C:\Users\2oleg\Downloads\apache-maven-3.9.11-bin\apache-maven-3.9.11\lib\jansi-native -Dmaven.multiModuleProjectDirectory=C:\Users\2oleg\Downloads\Telegram Desktop\Kefir\Backend\TransactionSaga org.codehaus.plexus.classworlds.launcher.Launcher spring-boot:run -Dserver.port=8090 -DskipTests

Host: Intel(R) Core(TM) i7-4700HQ CPU @ 2.40GHz, 8 cores, 11G,  Windows 10 , 64 bit Build 19041 (10.0.19041.5915)
Time: Mon Dec 15 22:25:32 2025 RTZ 2 (s 10 , 64 bit Build 19041 (10.0.19041.5915) elapsed time: 3.397959 seconds (0d 0h 0m 3s)

---------------  T H R E A D  ---------------

Current thread (0x0000021bcda83320):  JavaThread "main"             [_thread_in_vm, id=21824, stack(0x000000d7e4f00000,0x000000d7e5000000) (1024K)]

Stack: [0x000000d7e4f00000,0x000000d7e5000000]
Native frames: (J=compiled Java code, j=interpreted, Vv=VM code, C=native code)
V  [jvm.dll+0x6cae19]
V  [jvm.dll+0x855741]
V  [jvm.dll+0x857c6e]
V  [jvm.dll+0x858343]
V  [jvm.dll+0x27e0b6]
V  [jvm.dll+0x85135e]
V  [jvm.dll+0x66ea55]
V  [jvm.dll+0x1e410c]
V  [jvm.dll+0x1e3ede]
V  [jvm.dll+0x671383]
V  [jvm.dll+0x6711a2]
V  [jvm.dll+0x66f42e]
V  [jvm.dll+0x6797e7]
V  [jvm.dll+0x214ea1]
V  [jvm.dll+0x21532a]
V  [jvm.dll+0x215d51]
V  [jvm.dll+0x20b1ee]
V  [jvm.dll+0x5ad9cc]
V  [jvm.dll+0x7cf846]
V  [jvm.dll+0x471336]
V  [jvm.dll+0x4771b8]
C  [java.dll+0x17ec]

Java frames: (J=compiled Java code, j=interpreted, Vv=VM code)
J 540  java.lang.ClassLoader.defineClass1(Ljava/lang/ClassLoader;Ljava/lang/String;[BIILjava/security/ProtectionDomain;Ljava/lang/String;)Ljava/lang/Class; java.base@21.0.7 (0 bytes) @ 0x0000021bdfb8de11 [0x0000021bdfb8dd40+0x00000000000000d1]
j  java.lang.ClassLoader.defineClass(Ljava/lang/String;[BIILjava/security/ProtectionDomain;)Ljava/lang/Class;+27 java.base@21.0.7
j  java.security.SecureClassLoader.defineClass(Ljava/lang/String;[BIILjava/security/CodeSource;)Ljava/lang/Class;+12 java.base@21.0.7
j  java.net.URLClassLoader.defineClass(Ljava/lang/String;Ljdk/internal/loader/Resource;)Ljava/lang/Class;+220 java.base@21.0.7
j  java.net.URLClassLoader$1.run()Ljava/lang/Class;+43 java.base@21.0.7
j  java.net.URLClassLoader$1.run()Ljava/lang/Object;+1 java.base@21.0.7
J 582 c1 java.security.AccessController.doPrivileged(Ljava/security/PrivilegedExceptionAction;Ljava/security/AccessControlContext;)Ljava/lang/Object; java.base@21.0.7 (26 bytes) @ 0x0000021bd817c494 [0x0000021bd817c2a0+0x00000000000001f4]
j  java.net.URLClassLoader.findClass(Ljava/lang/String;)Ljava/lang/Class;+13 java.base@21.0.7
J 835 c1 org.codehaus.plexus.classworlds.realm.ClassRealm.loadClassFromSelf(Ljava/lang/String;)Ljava/lang/Class; (40 bytes) @ 0x0000021bd821503c [0x0000021bd8214ca0+0x000000000000039c]
J 857 c1 org.codehaus.plexus.classworlds.strategy.SelfFirstStrategy.loadClass(Ljava/lang/String;)Ljava/lang/Class; (50 bytes) @ 0x0000021bd821f7ac [0x0000021bd821f3c0+0x00000000000003ec]
J 592 c1 org.codehaus.plexus.classworlds.realm.ClassRealm.loadClass(Ljava/lang/String;Z)Ljava/lang/Class; (33 bytes) @ 0x0000021bd817f6e4 [0x0000021bd817f560+0x0000000000000184]
J 591 c1 org.codehaus.plexus.classworlds.realm.ClassRealm.loadClass(Ljava/lang/String;)Ljava/lang/Class; (7 bytes) @ 0x0000021bd817f1c4 [0x0000021bd817f0c0+0x0000000000000104]
v  ~StubRoutines::call_stub 0x0000021bdf5c100d
J 540  java.lang.ClassLoader.defineClass1(Ljava/lang/ClassLoader;Ljava/lang/String;[BIILjava/security/ProtectionDomain;Ljava/lang/String;)Ljava/lang/Class; java.base@21.0.7 (0 bytes) @ 0x0000021bdfb8de11 [0x0000021bdfb8dd40+0x00000000000000d1]
j  java.lang.ClassLoader.defineClass(Ljava/lang/String;[BIILjava/security/ProtectionDomain;)Ljava/lang/Class;+27 java.base@21.0.7
j  java.security.SecureClassLoader.defineClass(Ljava/lang/String;[BIILjava/security/CodeSource;)Ljava/lang/Class;+12 java.base@21.0.7
j  java.net.URLClassLoader.defineClass(Ljava/lang/String;Ljdk/internal/loader/Resource;)Ljava/lang/Class;+220 java.base@21.0.7
j  java.net.URLClassLoader$1.run()Ljava/lang/Class;+43 java.base@21.0.7
j  java.net.URLClassLoader$1.run()Ljava/lang/Object;+1 java.base@21.0.7
J 582 c1 java.security.AccessController.doPrivileged(Ljava/security/PrivilegedExceptionAction;Ljava/security/AccessControlContext;)Ljava/lang/Object; java.base@21.0.7 (26 bytes) @ 0x0000021bd817c494 [0x0000021bd817c2a0+0x00000000000001f4]
j  java.net.URLClassLoader.findClass(Ljava/lang/String;)Ljava/lang/Class;+13 java.base@21.0.7
J 835 c1 org.codehaus.plexus.classworlds.realm.ClassRealm.loadClassFromSelf(Ljava/lang/String;)Ljava/lang/Class; (40 bytes) @ 0x0000021bd821503c [0x0000021bd8214ca0+0x000000000000039c]
J 857 c1 org.codehaus.plexus.classworlds.strategy.SelfFirstStrategy.loadClass(Ljava/lang/String;)Ljava/lang/Class; (50 bytes) @ 0x0000021bd821f7ac [0x0000021bd821f3c0+0x00000000000003ec]
J 592 c1 org.codehaus.plexus.classworlds.realm.ClassRealm.loadClass(Ljava/lang/String;Z)Ljava/lang/Class; (33 bytes) @ 0x0000021bd817f6e4 [0x0000021bd817f560+0x0000000000000184]
J 591 c1 org.codehaus.plexus.classworlds.realm.ClassRealm.loadClass(Ljava/lang/String;)Ljava/lang/Class; (7 bytes) @ 0x0000021bd817f1c4 [0x0000021bd817f0c0+0x0000000000000104]
v  ~StubRoutines::call_stub 0x0000021bdf5c100d
J 540  java.lang.ClassLoader.defineClass1(Ljava/lang/ClassLoader;Ljava/lang/String;[BIILjava/security/ProtectionDomain;Ljava/lang/String;)Ljava/lang/Class; java.base@21.0.7 (0 bytes) @ 0x0000021bdfb8de11 [0x0000021bdfb8dd40+0x00000000000000d1]
j  java.lang.ClassLoader.defineClass(Ljava/lang/String;[BIILjava/security/ProtectionDomain;)Ljava/lang/Class;+27 java.base@21.0.7
j  java.security.SecureClassLoader.defineClass(Ljava/lang/String;[BIILjava/security/CodeSource;)Ljava/lang/Class;+12 java.base@21.0.7
j  java.net.URLClassLoader.defineClass(Ljava/lang/String;Ljdk/internal/loader/Resource;)Ljava/lang/Class;+220 java.base@21.0.7
j  java.net.URLClassLoader$1.run()Ljava/lang/Class;+43 java.base@21.0.7
j  java.net.URLClassLoader$1.run()Ljava/lang/Object;+1 java.base@21.0.7
J 582 c1 java.security.AccessController.doPrivileged(Ljava/security/PrivilegedExceptionAction;Ljava/security/AccessControlContext;)Ljava/lang/Object; java.base@21.0.7 (26 bytes) @ 0x0000021bd817c494 [0x0000021bd817c2a0+0x00000000000001f4]
j  java.net.URLClassLoader.findClass(Ljava/lang/String;)Ljava/lang/Class;+13 java.base@21.0.7
J 835 c1 org.codehaus.plexus.classworlds.realm.ClassRealm.loadClassFromSelf(Ljava/lang/String;)Ljava/lang/Class; (40 bytes) @ 0x0000021bd821503c [0x0000021bd8214ca0+0x000000000000039c]
J 857 c1 org.codehaus.plexus.classworlds.strategy.SelfFirstStrategy.loadClass(Ljava/lang/String;)Ljava/lang/Class; (50 bytes) @ 0x0000021bd821f7ac [0x0000021bd821f3c0+0x00000000000003ec]
J 592 c1 org.codehaus.plexus.classworlds.realm.ClassRealm.loadClass(Ljava/lang/String;Z)Ljava/lang/Class; (33 bytes) @ 0x0000021bd817f6e4 [0x0000021bd817f560+0x0000000000000184]
J 591 c1 org.codehaus.plexus.classworlds.realm.ClassRealm.loadClass(Ljava/lang/String;)Ljava/lang/Class; (7 bytes) @ 0x0000021bd817f1c4 [0x0000021bd817f0c0+0x0000000000000104]
v  ~StubRoutines::call_stub 0x0000021bdf5c100d
j  com.google.inject.internal.InternalInjectorCreator.<init>()V+52
j  com.google.inject.Guice.createInjector(Lcom/google/inject/Stage;Ljava/lang/Iterable;)Lcom/google/inject/Injector;+4
j  com.google.inject.Guice.createInjector(Ljava/lang/Iterable;)Lcom/google/inject/Injector;+4
j  com.google.inject.Guice.createInjector([Lcom/google/inject/Module;)Lcom/google/inject/Injector;+4
j  org.codehaus.plexus.DefaultPlexusContainer.addPlexusInjector(Ljava/util/List;[Lcom/google/inject/Module;)Lcom/google/inject/Injector;+88
j  org.codehaus.plexus.DefaultPlexusContainer.<init>(Lorg/codehaus/plexus/ContainerConfiguration;[Lcom/google/inject/Module;)V+414
j  org.apache.maven.cli.MavenCli.container(Lorg/apache/maven/cli/CliRequest;)Lorg/codehaus/plexus/PlexusContainer;+279
j  org.apache.maven.cli.MavenCli.doMain(Lorg/apache/maven/cli/CliRequest;)I+34
j  org.apache.maven.cli.MavenCli.main([Ljava/lang/String;Lorg/codehaus/plexus/classworlds/ClassWorld;)I+24
j  java.lang.invoke.DirectMethodHandle$Holder.invokeStatic(Ljava/lang/Object;Ljava/lang/Object;Ljava/lang/Object;)I+11 java.base@21.0.7
j  java.lang.invoke.LambdaForm$MH+0x0000021b81009400.invoke(Ljava/lang/Object;Ljava/lang/Object;Ljava/lang/Object;Ljava/lang/Object;)Ljava/lang/Object;+54 java.base@21.0.7
j  java.lang.invoke.LambdaForm$MH+0x0000021b81009800.invokeExact_MT(Ljava/lang/Object;Ljava/lang/Object;Ljava/lang/Object;Ljava/lang/Object;Ljava/lang/Object;)Ljava/lang/Object;+22 java.base@21.0.7
j  jdk.internal.reflect.DirectMethodHandleAccessor.invokeImpl(Ljava/lang/Object;[Ljava/lang/Object;)Ljava/lang/Object;+72 java.base@21.0.7
j  jdk.internal.reflect.DirectMethodHandleAccessor.invoke(Ljava/lang/Object;[Ljava/lang/Object;)Ljava/lang/Object;+23 java.base@21.0.7
j  java.lang.reflect.Method.invoke(Ljava/lang/Object;[Ljava/lang/Object;)Ljava/lang/Object;+102 java.base@21.0.7
j  org.codehaus.plexus.classworlds.launcher.Launcher.launchEnhanced([Ljava/lang/String;)V+45
j  org.codehaus.plexus.classworlds.launcher.Launcher.launch([Ljava/lang/String;)V+2
j  org.codehaus.plexus.classworlds.launcher.Launcher.mainWithExitCode([Ljava/lang/String;)I+108
j  org.codehaus.plexus.classworlds.launcher.Launcher.main([Ljava/lang/String;)V+1
v  ~StubRoutines::call_stub 0x0000021bdf5c100d

Compiled method (n/a)    3672  540     n 0       java.lang.ClassLoader::defineClass1 (native)
 total in heap  [0x0000021bdfb8db90,0x0000021bdfb8e1f0] = 1632
 relocation     [0x0000021bdfb8dcf0,0x0000021bdfb8dd28] = 56
 main code      [0x0000021bdfb8dd40,0x0000021bdfb8e1ef] = 1199
 stub code      [0x0000021bdfb8e1ef,0x0000021bdfb8e1f0] = 1

[Constant Pool (empty)]

[MachCode]
[Entry Point]
  # {method} {0x0000021b80439a30} 'defineClass1' '(Ljava/lang/ClassLoader;Ljava/lang/String;[BIILjava/security/ProtectionDomain;Ljava/lang/String;)Ljava/lang/Class;' in 'java/lang/ClassLoader'
  # parm0:    rdx:rdx   = 'java/lang/ClassLoader'
  # parm1:    r8:r8     = 'java/lang/String'
  # parm2:    r9:r9     = '[B'
  # parm3:    rdi       = int
  # parm4:    rsi       = int
  # parm5:    rcx:rcx   = 'java/security/ProtectionDomain'
  # parm6:    [sp+0xa0]   = 'java/lang/String'  (sp of caller)
  0x0000021bdfb8dd40: 448b 5208 | 49bb 0000 | 0080 1b02 | 0000 4d03 | d349 3bc2 | 0f84 0600 

  0x0000021bdfb8dd58: ;   {runtime_call ic_miss_stub}
  0x0000021bdfb8dd58: 0000 e921 | 0aa8 ff90 
[Verified Entry Point]
  0x0000021bdfb8dd60: 8984 2400 | 80ff ff55 | 488b ec48 | 81ec 9000 | 0000 6690 | 4181 7f20 | 0100 0000 

  0x0000021bdfb8dd7c: ;   {runtime_call StubRoutines (final stubs)}
  0x0000021bdfb8dd7c: 7405 e8dd | 6fa6 ff48 | 837d 1000 | 488d 4510 | 480f 4445 | 1048 8944 | 2440 4889 | 4c24 7048 
  0x0000021bdfb8dd9c: 83f9 0048 | 8d44 2470 | 480f 4444 | 2470 4889 | 4424 3848 | 8974 2430 | 4889 7c24 | 284c 894c 
  0x0000021bdfb8ddbc: 2458 4983 | f900 488d | 4424 5848 | 0f44 4424 | 5848 8944 | 2420 4c89 | 4424 5049 | 83f8 004c 
  0x0000021bdfb8dddc: 8d4c 2450 | 4c0f 444c | 2450 4889 | 5424 4848 | 83fa 004c | 8d44 2448 | 4c0f 4444 

  0x0000021bdfb8ddf8: ;   {oop(a 'java/lang/Class'{0x0000000754201450} = 'java/lang/ClassLoader')}
  0x0000021bdfb8ddf8: 2448 49be | 5014 2054 | 0700 0000 | 4c89 7424 | 784c 8d74 | 2478 498b | d6c5 f877 

  0x0000021bdfb8de14: ;   {internal_word}
  0x0000021bdfb8de14: 49ba 11de | b8df 1b02 | 0000 4d89 | 97a0 0300 | 0049 89a7 | 9803 0000 

  0x0000021bdfb8de2c: ;   {external_word}
  0x0000021bdfb8de2c: 49ba 2058 | d3a2 f97f | 0000 4180 | 3a00 0f84 | 4e00 0000 | 5241 5041 

  0x0000021bdfb8de44: ;   {metadata({method} {0x0000021b80439a30} 'defineClass1' '(Ljava/lang/ClassLoader;Ljava/lang/String;[BIILjava/security/ProtectionDomain;Ljava/lang/String;)Ljava/lang/Class;' in 'java/lang/ClassLoader')}
  0x0000021bdfb8de44: 5148 ba28 | 9a43 801b | 0200 0049 | 8bcf 4883 | ec20 40f6 | c40f 0f84 | 1900 0000 | 4883 ec08 
  0x0000021bdfb8de64: ;   {runtime_call}
  0x0000021bdfb8de64: 48b8 500d | 84a2 f97f | 0000 ffd0 | 4883 c408 | e90c 0000 

  0x0000021bdfb8de78: ;   {runtime_call}
  0x0000021bdfb8de78: 0048 b850 | 0d84 a2f9 | 7f00 00ff | d048 83c4 | 2041 5941 | 585a 498d | 8fb8 0300 | 0041 c787 
  0x0000021bdfb8de98: 4404 0000 | 0400 0000 

  0x0000021bdfb8dea0: ;   {runtime_call}
  0x0000021bdfb8dea0: 48b8 ac16 | 28e2 f97f | 0000 ffd0 | c5f8 7741 | c787 4404 | 0000 0500 | 0000 f083 | 4424 c000 
  0x0000021bdfb8dec0: 493b af48 | 0400 000f | 870e 0000 | 0041 83bf | 4004 0000 | 000f 842b | 0000 00c5 | f877 4889 
  0x0000021bdfb8dee0: 45f8 498b | cf4c 8be4 | 4883 ec20 | 4883 e4f0 

  0x0000021bdfb8def0: ;   {runtime_call}
  0x0000021bdfb8def0: 48b8 30b9 | 4fa2 f97f | 0000 ffd0 | 498b e44d | 33e4 488b | 45f8 41c7 | 8744 0400 | 0008 0000 
  0x0000021bdfb8df10: 0041 83bf | c004 0000 | 020f 84a3 

  0x0000021bdfb8df1c: ;   {external_word}
  0x0000021bdfb8df1c: 0200 0049 | ba20 58d3 | a2f9 7f00 | 0041 803a | 000f 844c | 0000 0048 

  0x0000021bdfb8df34: ;   {metadata({method} {0x0000021b80439a30} 'defineClass1' '(Ljava/lang/ClassLoader;Ljava/lang/String;[BIILjava/security/ProtectionDomain;Ljava/lang/String;)Ljava/lang/Class;' in 'java/lang/ClassLoader')}
  0x0000021bdfb8df34: 8945 f848 | ba28 9a43 | 801b 0200 | 0049 8bcf | 4883 ec20 | 40f6 c40f | 0f84 1900 | 0000 4883 
  0x0000021bdfb8df54: ;   {runtime_call}
  0x0000021bdfb8df54: ec08 48b8 | 500d 84a2 | f97f 0000 | ffd0 4883 | c408 e90c 

  0x0000021bdfb8df68: ;   {runtime_call}
  0x0000021bdfb8df68: 0000 0048 | b850 0d84 | a2f9 7f00 | 00ff d048 | 83c4 2048 | 8b45 f849 | c787 9803 | 0000 0000 
  0x0000021bdfb8df88: 0000 49c7 | 87a0 0300 | 0000 0000 | 00c5 f877 | 4885 c00f | 84fe 0100 | 00a8 030f | 8508 0000 
  0x0000021bdfb8dfa8: 0048 8b00 | e9ee 0100 | 00a8 010f | 8509 0000 | 0048 8b40 | fee9 dd01 | 0000 488b | 40ff 4180 
  0x0000021bdfb8dfc8: 7f40 000f | 84ce 0100 | 0048 83f8 | 000f 84c4 | 0100 0049 | 8b4f 2848 | 83f9 000f | 8414 0000 
  0x0000021bdfb8dfe8: 0048 83e9 | 0849 894f | 2849 034f | 3848 8901 | e9a2 0100 | 0048 81ec | d000 0000 | 4889 0424 
  0x0000021bdfb8e008: 4889 4c24 | 0848 8954 | 2410 4889 | 7424 1848 | 897c 2420 | 4c89 4424 | 284c 894c | 2430 4c89 
  0x0000021bdfb8e028: 5424 384c | 895c 2440 | c5fb 1144 | 2450 c5fb | 114c 2458 | c5fb 1154 | 2460 c5fb | 115c 2468 
  0x0000021bdfb8e048: c5fb 1164 | 2470 c5fb | 116c 2478 | c5fb 11b4 | 2480 0000 | 00c5 fb11 | bc24 8800 | 0000 c57b 
  0x0000021bdfb8e068: ;   {no_reloc}
  0x0000021bdfb8e068: 1184 2490 | 0000 00c5 | 7b11 8c24 | 9800 0000 | c57b 1194 | 24a0 0000 | 00c5 7b11 | 9c24 a800 
  0x0000021bdfb8e088: 0000 c57b | 11a4 24b0 | 0000 00c5 | 7b11 ac24 | b800 0000 | c57b 11b4 | 24c0 0000 | 00c5 7b11 
  0x0000021bdfb8e0a8: bc24 c800 | 0000 498b | d748 8bc8 | 4883 ec20 | 40f6 c40f | 0f84 1900 | 0000 4883 

  0x0000021bdfb8e0c4: ;   {runtime_call}
  0x0000021bdfb8e0c4: ec08 48b8 | 90f6 42a2 | f97f 0000 | ffd0 4883 | c408 e90c 

  0x0000021bdfb8e0d8: ;   {runtime_call}
  0x0000021bdfb8e0d8: 0000 0048 | b890 f642 | a2f9 7f00 | 00ff d048 | 83c4 20c5 | 7b10 bc24 | c800 0000 | c57b 10b4 
  0x0000021bdfb8e0f8: 24c0 0000 | 00c5 7b10 | ac24 b800 | 0000 c57b | 10a4 24b0 | 0000 00c5 | 7b10 9c24 | a800 0000 
  0x0000021bdfb8e118: c57b 1094 | 24a0 0000 | 00c5 7b10 | 8c24 9800 | 0000 c57b | 1084 2490 | 0000 00c5 | fb10 bc24 
  0x0000021bdfb8e138: 8800 0000 | c5fb 10b4 | 2480 0000 | 00c5 fb10 | 6c24 78c5 | fb10 6424 | 70c5 fb10 | 5c24 68c5 
  0x0000021bdfb8e158: fb10 5424 | 60c5 fb10 | 4c24 58c5 | fb10 4424 | 504c 8b5c | 2440 4c8b | 5424 384c | 8b4c 2430 
  0x0000021bdfb8e178: 4c8b 4424 | 2848 8b7c | 2420 488b | 7424 1848 | 8b54 2410 | 488b 4c24 | 0848 8b04 | 2448 81c4 
  0x0000021bdfb8e198: d000 0000 | c5f8 7749 | 8b8f 2804 | 0000 c781 | 0001 0000 | 0000 0000 | c949 837f | 0800 0f85 
  0x0000021bdfb8e1b8: 0100 0000 

  0x0000021bdfb8e1bc: ;   {runtime_call StubRoutines (initial stubs)}
  0x0000021bdfb8e1bc: c3e9 3e2d | a3ff c5f8 | 7748 8945 | f84c 8be4 | 4883 ec20 | 4883 e4f0 

  0x0000021bdfb8e1d4: ;   {runtime_call}
  0x0000021bdfb8e1d4: 48b8 4045 | 84a2 f97f | 0000 ffd0 | 498b e44d | 33e4 488b | 45f8 e930 | fdff fff4 
[/MachCode]


Compiled method (c1)    3701  582   !   3       java.security.AccessController::doPrivileged (26 bytes)
 total in heap  [0x0000021bd817c090,0x0000021bd817ca00] = 2416
 relocation     [0x0000021bd817c1f0,0x0000021bd817c2a0] = 176
 main code      [0x0000021bd817c2a0,0x0000021bd817c710] = 1136
 stub code      [0x0000021bd817c710,0x0000021bd817c798] = 136
 metadata       [0x0000021bd817c798,0x0000021bd817c7b8] = 32
 scopes data    [0x0000021bd817c7b8,0x0000021bd817c888] = 208
 scopes pcs     [0x0000021bd817c888,0x0000021bd817c978] = 240
 dependencies   [0x0000021bd817c978,0x0000021bd817c980] = 8
 handler table  [0x0000021bd817c980,0x0000021bd817c9f0] = 112
 nul chk table  [0x0000021bd817c9f0,0x0000021bd817ca00] = 16

[Constant Pool (empty)]

[MachCode]
[Verified Entry Point]
  # {method} {0x0000021b804752a0} 'doPrivileged' '(Ljava/security/PrivilegedExceptionAction;Ljava/security/AccessControlContext;)Ljava/lang/Object;' in 'java/security/AccessController'
  # parm0:    rdx:rdx   = 'java/security/PrivilegedExceptionAction'
  # parm1:    r8:r8     = 'java/security/AccessControlContext'
  #           [sp+0x80]  (sp of caller)
  0x0000021bd817c2a0: 8984 2400 | 80ff ff55 | 4883 ec70 | 4181 7f20 | 0100 0000 

  0x0000021bd817c2b4: ;   {runtime_call StubRoutines (final stubs)}
  0x0000021bd817c2b4: 7405 e8a5 

  0x0000021bd817c2b8: ;   {metadata(method data for {method} {0x0000021b804752a0} 'doPrivileged' '(Ljava/security/PrivilegedExceptionAction;Ljava/security/AccessControlContext;)Ljava/lang/Object;' in 'java/security/AccessController')}
  0x0000021bd817c2b8: 8a47 0748 | be60 d70a | ee1b 0200 | 008b becc | 0000 0083 | c702 89be | cc00 0000 | 81e7 fe07 
  0x0000021bd817c2d8: 0000 85ff | 0f84 1c03 | 0000 4c89 | 4424 4048 | 8954 2448 

  0x0000021bd817c2ec: ;   {metadata(method data for {method} {0x0000021b804752a0} 'doPrivileged' '(Ljava/security/PrivilegedExceptionAction;Ljava/security/AccessControlContext;)Ljava/lang/Object;' in 'java/security/AccessController')}
  0x0000021bd817c2ec: 48be 60d7 | 0aee 1b02 | 0000 4883 | 8610 0100 

  0x0000021bd817c2fc: ;   {static_call}
  0x0000021bd817c2fc: 0001 90e8 

  0x0000021bd817c300: ; ImmutableOopMap {[64]=Oop [72]=Oop }
                      ;*invokestatic getCallerClass {reexecute=0 rethrow=0 return_oop=0}
                      ; - java.security.AccessController::doPrivileged@0 (line 711)
  0x0000021bd817c300: dcd5 9f07 

  0x0000021bd817c304: ;   {other}
  0x0000021bd817c304: 0f1f 8400 | 7402 0000 

  0x0000021bd817c30c: ;   {metadata(method data for {method} {0x0000021b804752a0} 'doPrivileged' '(Ljava/security/PrivilegedExceptionAction;Ljava/security/AccessControlContext;)Ljava/lang/Object;' in 'java/security/AccessController')}
  0x0000021bd817c30c: 48ba 60d7 | 0aee 1b02 | 0000 4883 | 8220 0100 | 0001 488b | 5424 404c | 8bc0 4889 | 4424 500f 
  0x0000021bd817c32c: ;   {static_call}
  0x0000021bd817c32c: 1f40 00e8 

  0x0000021bd817c330: ; ImmutableOopMap {[72]=Oop [80]=Oop }
                      ;*invokestatic checkContext {reexecute=0 rethrow=0 return_oop=0}
                      ; - java.security.AccessController::doPrivileged@6 (line 712)
  0x0000021bd817c330: 0c7a 0900 

  0x0000021bd817c334: ;   {other}
  0x0000021bd817c334: 0f1f 8400 | a402 0001 | 4889 4424 

  0x0000021bd817c340: ;   {metadata(method data for {method} {0x0000021b804752a0} 'doPrivileged' '(Ljava/security/PrivilegedExceptionAction;Ljava/security/AccessControlContext;)Ljava/lang/Object;' in 'java/security/AccessController')}
  0x0000021bd817c340: 5848 ba60 | d70a ee1b | 0200 0048 | 8382 3001 

  0x0000021bd817c350: ;   {metadata(method data for {method} {0x0000021b80475528} 'executePrivileged' '(Ljava/security/PrivilegedExceptionAction;Ljava/security/AccessControlContext;Ljava/lang/Class;)Ljava/lang/Object;' in 'java/security/AccessController')}
  0x0000021bd817c350: 0000 0148 | ba80 ad12 | ee1b 0200 | 008b b2cc | 0000 0083 | c602 89b2 | cc00 0000 | 81e6 feff 
  0x0000021bd817c370: 1f00 85f6 | 0f84 a502 | 0000 4885 

  0x0000021bd817c37c: ;   {metadata(method data for {method} {0x0000021b80475528} 'executePrivileged' '(Ljava/security/PrivilegedExceptionAction;Ljava/security/AccessControlContext;Ljava/lang/Class;)Ljava/lang/Object;' in 'java/security/AccessController')}
  0x0000021bd817c37c: c048 ba80 | ad12 ee1b | 0200 0048 | be10 0100 | 0000 0000 | 0074 0a48 | be20 0100 | 0000 0000 
  0x0000021bd817c39c: 0048 8b3c | 3248 8d7f | 0148 893c | 320f 8425 

  0x0000021bd817c3ac: ;   {metadata(method data for {method} {0x0000021b80475528} 'executePrivileged' '(Ljava/security/PrivilegedExceptionAction;Ljava/security/AccessControlContext;Ljava/lang/Class;)Ljava/lang/Object;' in 'java/security/AccessController')}
  0x0000021bd817c3ac: 0000 0048 | ba80 ad12 | ee1b 0200 | 0048 8382 | 3001 0000 | 0148 8bd0 

  0x0000021bd817c3c4: ;   {static_call}
  0x0000021bd817c3c4: 6666 90e8 

  0x0000021bd817c3c8: ; ImmutableOopMap {[72]=Oop [80]=Oop [88]=Oop }
                      ;*invokestatic ensureMaterializedForStackWalk {reexecute=0 rethrow=0 return_oop=0}
                      ; - java.security.AccessController::executePrivileged@5 (line 805)
                      ; - java.security.AccessController::doPrivileged@13 (line 714)
  0x0000021bd817c3c8: 9470 a007 

  0x0000021bd817c3cc: ;   {other}
  0x0000021bd817c3cc: 0f1f 8400 | 3c03 0002 

  0x0000021bd817c3d4: ;   {metadata(method data for {method} {0x0000021b80475528} 'executePrivileged' '(Ljava/security/PrivilegedExceptionAction;Ljava/security/AccessControlContext;Ljava/lang/Class;)Ljava/lang/Object;' in 'java/security/AccessController')}
  0x0000021bd817c3d4: 48ba 80ad | 12ee 1b02 | 0000 ff82 | 4001 0000 | 488b 5424 | 4848 3b02 

  0x0000021bd817c3ec: ;   {metadata(method data for {method} {0x0000021b80475528} 'executePrivileged' '(Ljava/security/PrivilegedExceptionAction;Ljava/security/AccessControlContext;Ljava/lang/Class;)Ljava/lang/Object;' in 'java/security/AccessController')}
  0x0000021bd817c3ec: 488b f248 | bf80 ad12 | ee1b 0200 | 008b 7608 | 49ba 0000 | 0080 1b02 | 0000 4903 | f248 3bb7 
  0x0000021bd817c40c: b001 0000 | 750d 4883 | 87b8 0100 | 0001 e960 | 0000 0048 | 3bb7 c001 | 0000 750d | 4883 87c8 
  0x0000021bd817c42c: 0100 0001 | e94a 0000 | 0048 83bf | b001 0000 | 0075 1748 | 89b7 b001 | 0000 48c7 | 87b8 0100 
  0x0000021bd817c44c: 0001 0000 | 00e9 2900 | 0000 4883 | bfc0 0100 | 0000 7517 | 4889 b7c0 | 0100 0048 | c787 c801 
  0x0000021bd817c46c: 0000 0100 | 0000 e908 | 0000 0048 | 8387 a001 | 0000 0166 | 0f1f 4400 | 0048 b8e0 | 3313 f21b 
  0x0000021bd817c48c: ;   {virtual_call}
  0x0000021bd817c48c: 0200 00e8 

  0x0000021bd817c490: ; ImmutableOopMap {[80]=Oop [88]=Oop }
                      ;*invokeinterface run {reexecute=0 rethrow=0 return_oop=0}
                      ; - java.security.AccessController::executePrivileged@29 (line 809)
                      ; - java.security.AccessController::doPrivileged@13 (line 714)
  0x0000021bd817c490: 9d6f 4907 

  0x0000021bd817c494: ;   {other}
  0x0000021bd817c494: 0f1f 8400 | 0404 0003 

  0x0000021bd817c49c: ;   {metadata(method data for {method} {0x0000021b80475528} 'executePrivileged' '(Ljava/security/PrivilegedExceptionAction;Ljava/security/AccessControlContext;Ljava/lang/Class;)Ljava/lang/Object;' in 'java/security/AccessController')}
  0x0000021bd817c49c: 48ba 80ad | 12ee 1b02 | 0000 ff82 | d801 0000 | 488b 5424 

  0x0000021bd817c4b0: ;   {metadata(method data for {method} {0x0000021b80475528} 'executePrivileged' '(Ljava/security/PrivilegedExceptionAction;Ljava/security/AccessControlContext;Ljava/lang/Class;)Ljava/lang/Object;' in 'java/security/AccessController')}
  0x0000021bd817c4b0: 5049 b880 | ad12 ee1b | 0200 0049 | 8380 3802 

  0x0000021bd817c4c0: ;   {metadata(method data for {method} {0x0000021b8003cfd8} 'reachabilityFence' '(Ljava/lang/Object;)V' in 'java/lang/ref/Reference')}
  0x0000021bd817c4c0: 0000 0149 | b840 7108 | ee1b 0200 | 0041 8bb0 | cc00 0000 | 83c6 0241 | 89b0 cc00 | 0000 81e6 
  0x0000021bd817c4e0: feff 1f00 | 85f6 0f84 | 5901 0000 

  0x0000021bd817c4ec: ;   {metadata(method data for {method} {0x0000021b80475528} 'executePrivileged' '(Ljava/security/PrivilegedExceptionAction;Ljava/security/AccessControlContext;Ljava/lang/Class;)Ljava/lang/Object;' in 'java/security/AccessController')}
  0x0000021bd817c4ec: 48ba 80ad | 12ee 1b02 | 0000 4883 | 8248 0200 

  0x0000021bd817c4fc: ;   {metadata(method data for {method} {0x0000021b8003cfd8} 'reachabilityFence' '(Ljava/lang/Object;)V' in 'java/lang/ref/Reference')}
  0x0000021bd817c4fc: 0001 48ba | 4071 08ee | 1b02 0000 | 448b 82cc | 0000 0041 | 83c0 0244 | 8982 cc00 | 0000 4181 
  0x0000021bd817c51c: e0fe ff1f | 0045 85c0 | 0f84 3c01 | 0000 4883 

  0x0000021bd817c52c: ;   {poll_return}
  0x0000021bd817c52c: c470 5d49 | 3ba7 4804 | 0000 0f87 | 4b01 0000 | c349 8b87 | f804 0000 | 4d33 d24d | 8997 f804 
  0x0000021bd817c54c: 0000 4d33 | d24d 8997 | 0005 0000 

  0x0000021bd817c558: ;   {metadata(method data for {method} {0x0000021b804752a0} 'doPrivileged' '(Ljava/security/PrivilegedExceptionAction;Ljava/security/AccessControlContext;)Ljava/lang/Object;' in 'java/security/AccessController')}
  0x0000021bd817c558: 4c8b c048 | ba60 d70a | ee1b 0200 | 0048 8382 | 4001 0000 

  0x0000021bd817c56c: ;   {metadata(method data for {method} {0x0000021b80474e60} 'wrapException' '(Ljava/lang/Exception;)Ljava/security/PrivilegedActionException;' in 'java/security/AccessController')}
  0x0000021bd817c56c: 0148 ba28 | b012 ee1b | 0200 008b | 82cc 0000 | 0083 c002 | 8982 cc00 | 0000 25fe | ff1f 0085 
  0x0000021bd817c58c: c00f 840a | 0100 000f | 1f44 0000 

  0x0000021bd817c598: ;   {no_reloc}
  0x0000021bd817c598: e930 0100 | 0000 0000 | 0000 e930 | 0100 0048 

  0x0000021bd817c5a8: ;   {metadata(method data for {method} {0x0000021b80474e60} 'wrapException' '(Ljava/lang/Exception;)Ljava/security/PrivilegedActionException;' in 'java/security/AccessController')}
  0x0000021bd817c5a8: 8bd0 48be | 28b0 12ee | 1b02 0000 | 4883 8610 | 0100 0001 | 488b d048 | 8944 2460 

  0x0000021bd817c5c4: ;   {optimized virtual_call}
  0x0000021bd817c5c4: 6666 90e8 

  0x0000021bd817c5c8: ; ImmutableOopMap {[96]=Oop }
                      ;*invokespecial <init> {reexecute=0 rethrow=0 return_oop=0}
                      ; - java.security.AccessController::wrapException@5 (line 830)
                      ; - java.security.AccessController::doPrivileged@22 (line 718)
  0x0000021bd817c5c8: b424 4907 

  0x0000021bd817c5cc: ;   {other}
  0x0000021bd817c5cc: 0f1f 8400 | 3c05 0004 | 488b 4424 | 60e9 2301 | 0000 498b | 87f8 0400 | 004d 33d2 | 4d89 97f8 
  0x0000021bd817c5ec: 0400 004d | 33d2 4d89 | 9700 0500 | 00e9 0301 

  0x0000021bd817c5fc: ;   {metadata({method} {0x0000021b804752a0} 'doPrivileged' '(Ljava/security/PrivilegedExceptionAction;Ljava/security/AccessControlContext;)Ljava/lang/Object;' in 'java/security/AccessController')}
  0x0000021bd817c5fc: 0000 49ba | 9852 4780 | 1b02 0000 | 4c89 5424 | 0848 c704 | 24ff ffff 

  0x0000021bd817c614: ;   {runtime_call counter_overflow Runtime1 stub}
  0x0000021bd817c614: ffe8 6638 

  0x0000021bd817c618: ; ImmutableOopMap {rdx=Oop r8=Oop }
                      ;*synchronization entry
                      ; - java.security.AccessController::doPrivileged@-1 (line 711)
  0x0000021bd817c618: 5607 e9c3 

  0x0000021bd817c61c: ;   {metadata({method} {0x0000021b80475528} 'executePrivileged' '(Ljava/security/PrivilegedExceptionAction;Ljava/security/AccessControlContext;Ljava/lang/Class;)Ljava/lang/Object;' in 'java/security/AccessController')}
  0x0000021bd817c61c: fcff ff49 | ba20 5547 | 801b 0200 | 004c 8954 | 2408 48c7 | 0424 ffff 

  0x0000021bd817c634: ;   {runtime_call counter_overflow Runtime1 stub}
  0x0000021bd817c634: ffff e845 

  0x0000021bd817c638: ; ImmutableOopMap {rax=Oop [72]=Oop [80]=Oop [88]=Oop }
                      ;*synchronization entry
                      ; - java.security.AccessController::executePrivileged@-1 (line 804)
                      ; - java.security.AccessController::doPrivileged@13 (line 714)
  0x0000021bd817c638: 3856 07e9 | 3afd ffff 

  0x0000021bd817c640: ;   {runtime_call throw_null_pointer_exception Runtime1 stub}
  0x0000021bd817c640: e83b e755 

  0x0000021bd817c644: ; ImmutableOopMap {rdx=Oop [80]=Oop [88]=Oop }
                      ;*invokeinterface run {reexecute=0 rethrow=0 return_oop=0}
                      ; - java.security.AccessController::executePrivileged@29 (line 809)
                      ; - java.security.AccessController::doPrivileged@13 (line 714)
                      ;   {metadata({method} {0x0000021b8003cfd8} 'reachabilityFence' '(Ljava/lang/Object;)V' in 'java/lang/ref/Reference')}
  0x0000021bd817c644: 0749 bad0 | cf03 801b | 0200 004c | 8954 2408 | 48c7 0424 | ffff ffff 

  0x0000021bd817c65c: ;   {runtime_call counter_overflow Runtime1 stub}
  0x0000021bd817c65c: e81f 3856 

  0x0000021bd817c660: ; ImmutableOopMap {rax=Oop rdx=Oop }
                      ;*synchronization entry
                      ; - java.lang.ref.Reference::reachabilityFence@-1 (line 628)
                      ; - java.security.AccessController::executePrivileged@56 (line 814)
                      ; - java.security.AccessController::doPrivileged@13 (line 714)
  0x0000021bd817c660: 07e9 86fe 

  0x0000021bd817c664: ;   {metadata({method} {0x0000021b8003cfd8} 'reachabilityFence' '(Ljava/lang/Object;)V' in 'java/lang/ref/Reference')}
  0x0000021bd817c664: ffff 49ba | d0cf 0380 | 1b02 0000 | 4c89 5424 | 0848 c704 | 24ff ffff 

  0x0000021bd817c67c: ;   {runtime_call counter_overflow Runtime1 stub}
  0x0000021bd817c67c: ffe8 fe37 

  0x0000021bd817c680: ; ImmutableOopMap {rax=Oop }
                      ;*synchronization entry
                      ; - java.lang.ref.Reference::reachabilityFence@-1 (line 628)
                      ; - java.security.AccessController::executePrivileged@60 (line 815)
                      ; - java.security.AccessController::doPrivileged@13 (line 714)
  0x0000021bd817c680: 5607 e9a3 

  0x0000021bd817c684: ;   {internal_word}
  0x0000021bd817c684: feff ff49 | ba2f c517 | d81b 0200 | 004d 8997 | 6004 0000 

  0x0000021bd817c698: ;   {runtime_call SafepointBlob}
  0x0000021bd817c698: e963 9049 

  0x0000021bd817c69c: ;   {metadata({method} {0x0000021b80474e60} 'wrapException' '(Ljava/lang/Exception;)Ljava/security/PrivilegedActionException;' in 'java/security/AccessController')}
  0x0000021bd817c69c: 0749 ba58 | 4e47 801b | 0200 004c | 8954 2408 | 48c7 0424 | ffff ffff 

  0x0000021bd817c6b4: ;   {runtime_call counter_overflow Runtime1 stub}
  0x0000021bd817c6b4: e8c7 3756 

  0x0000021bd817c6b8: ; ImmutableOopMap {r8=Oop }
                      ;*synchronization entry
                      ; - java.security.AccessController::wrapException@-1 (line 830)
                      ; - java.security.AccessController::doPrivileged@22 (line 718)
  0x0000021bd817c6b8: 07e9 d5fe 

  0x0000021bd817c6bc: ;   {metadata(nullptr)}
  0x0000021bd817c6bc: ffff 48ba | 0000 0000 | 0000 0000 | b800 0f05 

  0x0000021bd817c6cc: ;   {runtime_call load_klass_patching Runtime1 stub}
  0x0000021bd817c6cc: 0ae8 2e27 

  0x0000021bd817c6d0: ; ImmutableOopMap {r8=Oop }
                      ;*new {reexecute=1 rethrow=0 return_oop=0}
                      ; - (reexecute) java.security.AccessController::wrapException@0 (line 830)
                      ; - java.security.AccessController::doPrivileged@22 (line 718)
  0x0000021bd817c6d0: 5607 e9c1 | feff ff48 

  0x0000021bd817c6d8: ;   {runtime_call new_instance Runtime1 stub}
  0x0000021bd817c6d8: 8bd2 e8a1 

  0x0000021bd817c6dc: ; ImmutableOopMap {r8=Oop }
                      ;*new {reexecute=0 rethrow=0 return_oop=0}
                      ; - java.security.AccessController::wrapException@0 (line 830)
                      ; - java.security.AccessController::doPrivileged@22 (line 718)
  0x0000021bd817c6dc: ec55 07e9 | c3fe ffff | 498b 87f8 | 0400 0049 | c787 f804 | 0000 0000 | 0000 49c7 | 8700 0500 
  0x0000021bd817c6fc: 0000 0000 | 0048 83c4 

  0x0000021bd817c704: ;   {runtime_call unwind_exception Runtime1 stub}
  0x0000021bd817c704: 705d e975 | d755 07f4 | f4f4 f4f4 
[Stub Code]
  0x0000021bd817c710: ;   {no_reloc}
  0x0000021bd817c710: 0f1f 4400 

  0x0000021bd817c714: ;   {static_stub}
  0x0000021bd817c714: 0048 bb00 | 0000 0000 

  0x0000021bd817c71c: ;   {runtime_call}
  0x0000021bd817c71c: 0000 00e9 | fbff ffff 

  0x0000021bd817c724: ;   {static_stub}
  0x0000021bd817c724: 9048 bb00 | 0000 0000 

  0x0000021bd817c72c: ;   {runtime_call}
  0x0000021bd817c72c: 0000 00e9 | fbff ffff 

  0x0000021bd817c734: ;   {static_stub}
  0x0000021bd817c734: 48bb 0000 | 0000 0000 

  0x0000021bd817c73c: ;   {runtime_call}
  0x0000021bd817c73c: 0000 e9fb 

  0x0000021bd817c740: ;   {static_stub}
  0x0000021bd817c740: ffff ff48 | bb08 4f47 | 801b 0200 

  0x0000021bd817c74c: ;   {runtime_call I2C/C2I adapters}
  0x0000021bd817c74c: 00e9 957a 

  0x0000021bd817c750: ;   {static_stub}
  0x0000021bd817c750: 4907 48bb | 0000 0000 | 0000 0000 

  0x0000021bd817c75c: ;   {runtime_call}
  0x0000021bd817c75c: e9fb ffff 

  0x0000021bd817c760: ;   {runtime_call handle_exception_from_callee Runtime1 stub}
  0x0000021bd817c760: ffe8 1a04 

  0x0000021bd817c764: ;   {external_word}
  0x0000021bd817c764: 5607 48b9 | b048 aba2 | f97f 0000 | 4883 e4f0 

  0x0000021bd817c774: ;   {runtime_call}
  0x0000021bd817c774: 48b8 202f | 73a2 f97f | 0000 ffd0 

  0x0000021bd817c780: ;   {section_word}
  0x0000021bd817c780: f449 ba81 | c717 d81b | 0200 0041 

  0x0000021bd817c78c: ;   {runtime_call DeoptimizationBlob}
  0x0000021bd817c78c: 52e9 0e82 | 4907 f4f4 | f4f4 f4f4 
[/MachCode]


Compiled method (c1)    3731  835   !   3       org.codehaus.plexus.classworlds.realm.ClassRealm::loadClassFromSelf (40 bytes)
 total in heap  [0x0000021bd8214a90,0x0000021bd8215518] = 2696
 relocation     [0x0000021bd8214bf0,0x0000021bd8214c90] = 160
 main code      [0x0000021bd8214ca0,0x0000021bd8215258] = 1464
 stub code      [0x0000021bd8215258,0x0000021bd82152d0] = 120
 oops           [0x0000021bd82152d0,0x0000021bd82152d8] = 8
 metadata       [0x0000021bd82152d8,0x0000021bd8215308] = 48
 scopes data    [0x0000021bd8215308,0x0000021bd82153c8] = 192
 scopes pcs     [0x0000021bd82153c8,0x0000021bd8215488] = 192
 dependencies   [0x0000021bd8215488,0x0000021bd8215498] = 16
 handler table  [0x0000021bd8215498,0x0000021bd8215508] = 112
 nul chk table  [0x0000021bd8215508,0x0000021bd8215518] = 16

[Constant Pool (empty)]

[MachCode]
[Entry Point]
  # {method} {0x0000021bee405060} 'loadClassFromSelf' '(Ljava/lang/String;)Ljava/lang/Class;' in 'org/codehaus/plexus/classworlds/realm/ClassRealm'
  # this:     rdx:rdx   = 'org/codehaus/plexus/classworlds/realm/ClassRealm'
  # parm0:    r8:r8     = 'java/lang/String'
  #           [sp+0x70]  (sp of caller)
  0x0000021bd8214ca0: 448b 5208 | 49bb 0000 | 0080 1b02 | 0000 4d03 | d34c 3bd0 

  0x0000021bd8214cb4: ;   {runtime_call ic_miss_stub}
  0x0000021bd8214cb4: 0f85 c69a | 3f07 660f | 1f44 0000 
[Verified Entry Point]
  0x0000021bd8214cc0: 8984 2400 | 80ff ff55 | 4883 ec60 | 4181 7f20 | 0100 0000 

  0x0000021bd8214cd4: ;   {runtime_call StubRoutines (final stubs)}
  0x0000021bd8214cd4: 7405 e885 

  0x0000021bd8214cd8: ;   {metadata(method data for {method} {0x0000021bee405060} 'loadClassFromSelf' '(Ljava/lang/String;)Ljava/lang/Class;' in 'org/codehaus/plexus/classworlds/realm/ClassRealm')}
  0x0000021bd8214cd8: 003e 0748 | be00 6041 | ee1b 0200 | 008b becc | 0000 0083 | c702 89be | cc00 0000 | 81e7 fe07 
  0x0000021bd8214cf8: 0000 85ff | 0f84 2e04 | 0000 488b 

  0x0000021bd8214d04: ;   {metadata(method data for {method} {0x0000021bee405060} 'loadClassFromSelf' '(Ljava/lang/String;)Ljava/lang/Class;' in 'org/codehaus/plexus/classworlds/realm/ClassRealm')}
  0x0000021bd8214d04: f248 bf00 | 6041 ee1b | 0200 0048 | 8387 1001 

  0x0000021bd8214d14: ;   {metadata(method data for {method} {0x0000021bee405150} 'getClassRealmLoadingLock' '(Ljava/lang/String;)Ljava/lang/Object;' in 'org/codehaus/plexus/classworlds/realm/ClassRealm')}
  0x0000021bd8214d14: 0000 0148 | bef8 6141 | ee1b 0200 | 008b becc | 0000 0083 | c702 89be | cc00 0000 | 81e7 feff 
  0x0000021bd8214d34: 1f00 85ff | 0f84 1304 

  0x0000021bd8214d3c: ;   {metadata(method data for {method} {0x0000021bee405150} 'getClassRealmLoadingLock' '(Ljava/lang/String;)Ljava/lang/Object;' in 'org/codehaus/plexus/classworlds/realm/ClassRealm')}
  0x0000021bd8214d3c: 0000 48be | f861 41ee | 1b02 0000 | ff86 2001 | 0000 488b 

  0x0000021bd8214d50: ;   {metadata(method data for {method} {0x0000021bee405150} 'getClassRealmLoadingLock' '(Ljava/lang/String;)Ljava/lang/Object;' in 'org/codehaus/plexus/classworlds/realm/ClassRealm')}
  0x0000021bd8214d50: f248 bff8 | 6141 ee1b | 0200 008b | 7608 49ba | 0000 0080 | 1b02 0000 | 4903 f248 | 3bb7 4001 
  0x0000021bd8214d70: 0000 750d | 4883 8748 | 0100 0001 | e960 0000 | 0048 3bb7 | 5001 0000 | 750d 4883 | 8758 0100 
  0x0000021bd8214d90: 0001 e94a | 0000 0048 | 83bf 4001 | 0000 0075 | 1748 89b7 | 4001 0000 | 48c7 8748 | 0100 0001 
  0x0000021bd8214db0: 0000 00e9 | 2900 0000 | 4883 bf50 | 0100 0000 | 7517 4889 | b750 0100 | 0048 c787 | 5801 0000 
  0x0000021bd8214dd0: 0100 0000 | e908 0000 | 0048 8387 | 3001 0000 | 0149 8bf0 | 4c8b c648 | 8bfa 488b | d748 8974 
  0x0000021bd8214df0: 2438 4889 

  0x0000021bd8214df4: ;   {optimized virtual_call}
  0x0000021bd8214df4: 7c24 30e8 

  0x0000021bd8214df8: ; ImmutableOopMap {[48]=Oop [56]=Oop }
                      ;*invokevirtual getClassLoadingLock {reexecute=0 rethrow=0 return_oop=0}
                      ; - org.codehaus.plexus.classworlds.realm.ClassRealm::getClassRealmLoadingLock@8 (line 363)
                      ; - org.codehaus.plexus.classworlds.realm.ClassRealm::loadClassFromSelf@2 (line 346)
  0x0000021bd8214df8: 8400 f3ff 

  0x0000021bd8214dfc: ;   {other}
  0x0000021bd8214dfc: 0f1f 8400 | 6c03 0000 | 4889 4424 | 4048 8d54 | 2448 488b | f048 8972 | 0848 8b06 | 4883 c801 
  0x0000021bd8214e1c: 4889 02f0 | 480f b116 | 0f84 1200 | 0000 482b | c448 2507 | f0ff ff48 | 8902 0f85 | 3b03 0000 
  0x0000021bd8214e3c: 49ff 8748 | 0500 0048 | 8b54 2430 

  0x0000021bd8214e48: ;   {metadata(method data for {method} {0x0000021bee405060} 'loadClassFromSelf' '(Ljava/lang/String;)Ljava/lang/Class;' in 'org/codehaus/plexus/classworlds/realm/ClassRealm')}
  0x0000021bd8214e48: 48be 0060 | 41ee 1b02 | 0000 4883 | 8620 0100 

  0x0000021bd8214e58: ;   {metadata(method data for {method} {0x0000021b80439eb8} 'findLoadedClass' '(Ljava/lang/String;)Ljava/lang/Class;' in 'java/lang/ClassLoader')}
  0x0000021bd8214e58: 0001 48ba | 90f7 0bee | 1b02 0000 | 8bb2 cc00 | 0000 83c6 | 0289 b2cc | 0000 0081 | e6fe ff1f 
  0x0000021bd8214e78: 0085 f60f | 8409 0300 

  0x0000021bd8214e80: ;   {metadata(method data for {method} {0x0000021b80439eb8} 'findLoadedClass' '(Ljava/lang/String;)Ljava/lang/Class;' in 'java/lang/ClassLoader')}
  0x0000021bd8214e80: 0048 ba90 | f70b ee1b | 0200 0048 | 8382 1001 | 0000 0148 | 8b54 2438 | 0f1f 8000 

  0x0000021bd8214e9c: ;   {static_call}
  0x0000021bd8214e9c: 0000 00e8 

  0x0000021bd8214ea0: ; ImmutableOopMap {[48]=Oop [56]=Oop [64]=Oop [80]=Oop }
                      ;*invokestatic checkName {reexecute=0 rethrow=0 return_oop=0}
                      ; - java.lang.ClassLoader::findLoadedClass@1 (line 1298)
                      ; - org.codehaus.plexus.classworlds.realm.ClassRealm::loadClassFromSelf@10 (line 348)
  0x0000021bd8214ea0: 9c8e edff 

  0x0000021bd8214ea4: ;   {other}
  0x0000021bd8214ea4: 0f1f 8400 | 1404 0001 

  0x0000021bd8214eac: ;   {metadata(method data for {method} {0x0000021b80439eb8} 'findLoadedClass' '(Ljava/lang/String;)Ljava/lang/Class;' in 'java/lang/ClassLoader')}
  0x0000021bd8214eac: 85c0 49b8 | 90f7 0bee | 1b02 0000 | 48ba 2001 | 0000 0000 | 0000 750a | 48ba 3001 | 0000 0000 
  0x0000021bd8214ecc: 0000 498b | 3410 488d | 7601 4989 | 3410 0f85 | 0f00 0000 

  0x0000021bd8214ee0: ;   {oop(nullptr)}
  0x0000021bd8214ee0: 48be 0000 | 0000 0000 | 0000 e938 | 0000 0048 | 8b54 2430 

  0x0000021bd8214ef4: ;   {metadata(method data for {method} {0x0000021b80439eb8} 'findLoadedClass' '(Ljava/lang/String;)Ljava/lang/Class;' in 'java/lang/ClassLoader')}
  0x0000021bd8214ef4: 49b8 90f7 | 0bee 1b02 | 0000 4983 | 8040 0100 | 0001 4c8b | 4424 3848 | 8b54 2430 | 0f1f 8000 
  0x0000021bd8214f14: ;   {optimized virtual_call}
  0x0000021bd8214f14: 0000 00e8 

  0x0000021bd8214f18: ; ImmutableOopMap {[48]=Oop [56]=Oop [64]=Oop [80]=Oop }
                      ;*invokevirtual findLoadedClass0 {reexecute=0 rethrow=0 return_oop=0}
                      ; - java.lang.ClassLoader::findLoadedClass@11 (line 1300)
                      ; - org.codehaus.plexus.classworlds.realm.ClassRealm::loadClassFromSelf@10 (line 348)
  0x0000021bd8214f18: 4443 9607 

  0x0000021bd8214f1c: ;   {other}
  0x0000021bd8214f1c: 0f1f 8400 | 8c04 0002 | 488b f048 

  0x0000021bd8214f28: ;   {metadata(method data for {method} {0x0000021bee405060} 'loadClassFromSelf' '(Ljava/lang/String;)Ljava/lang/Class;' in 'org/codehaus/plexus/classworlds/realm/ClassRealm')}
  0x0000021bd8214f28: 85f6 49b8 | 0060 41ee | 1b02 0000 | 48ba 5801 | 0000 0000 | 0000 750a | 48ba 6801 | 0000 0000 
  0x0000021bd8214f48: 0000 498b | 3c10 488d | 7f01 4989 | 3c10 0f85 | eb00 0000 | 4c8b 4424 | 3848 8b54 | 2430 488b 
  0x0000021bd8214f68: ;   {metadata(method data for {method} {0x0000021bee405060} 'loadClassFromSelf' '(Ljava/lang/String;)Ljava/lang/Class;' in 'org/codehaus/plexus/classworlds/realm/ClassRealm')}
  0x0000021bd8214f68: f248 bf00 | 6041 ee1b | 0200 008b | 7608 49ba | 0000 0080 | 1b02 0000 | 4903 f248 | 3bb7 8801 
  0x0000021bd8214f88: 0000 750d | 4883 8790 | 0100 0001 | e960 0000 | 0048 3bb7 | 9801 0000 | 750d 4883 | 87a0 0100 
  0x0000021bd8214fa8: 0001 e94a | 0000 0048 | 83bf 8801 | 0000 0075 | 1748 89b7 | 8801 0000 | 48c7 8790 | 0100 0001 
  0x0000021bd8214fc8: 0000 00e9 | 2900 0000 | 4883 bf98 | 0100 0000 | 7517 4889 | b798 0100 | 0048 c787 | a001 0000 
  0x0000021bd8214fe8: 0100 0000 | e908 0000 | 0048 8387 | 7801 0000 

  0x0000021bd8214ff8: ;   {metadata(method data for {method} {0x0000021bee404600} 'findClassInternal' '(Ljava/lang/String;)Ljava/lang/Class;' in 'org/codehaus/plexus/classworlds/realm/ClassRealm')}
  0x0000021bd8214ff8: 0148 bea8 | 6341 ee1b | 0200 008b | becc 0000 | 0083 c702 | 89be cc00 | 0000 81e7 | feff 1f00 
  0x0000021bd8215018: 85ff 0f84 | 8b01 0000 

  0x0000021bd8215020: ;   {metadata(method data for {method} {0x0000021bee404600} 'findClassInternal' '(Ljava/lang/String;)Ljava/lang/Class;' in 'org/codehaus/plexus/classworlds/realm/ClassRealm')}
  0x0000021bd8215020: 488b f248 | bfa8 6341 | ee1b 0200 | 0048 8387 | 1001 0000 

  0x0000021bd8215034: ;   {optimized virtual_call}
  0x0000021bd8215034: 0166 90e8 

  0x0000021bd8215038: ; ImmutableOopMap {[64]=Oop [80]=Oop }
                      ;*invokespecial findClass {reexecute=0 rethrow=0 return_oop=0}
                      ; - org.codehaus.plexus.classworlds.realm.ClassRealm::findClassInternal@2 (line 256)
                      ; - org.codehaus.plexus.classworlds.realm.ClassRealm::loadClassFromSelf@20 (line 351)
  0x0000021bd8215038: 3102 0000 

  0x0000021bd821503c: ;   {other}
  0x0000021bd821503c: 0f1f 8400 | ac05 0003 | 488b f048 | 8d44 2448 | 488b 3848 | 85ff 0f84 | 0f00 0000 | 488b 5808 
  0x0000021bd821505c: f048 0fb1 | 3b0f 8565 | 0100 0049 | ff8f 4805 | 0000 488b | c648 83c4 

  0x0000021bd8215074: ;   {poll_return}
  0x0000021bd8215074: 605d 493b | a748 0400 | 000f 875c | 0100 00c3 | 498b 87f8 | 0400 004d | 33d2 4d89 | 97f8 0400 
  0x0000021bd8215094: 004d 33d2 | 4d89 9700 | 0500 0048 | 8d44 2448 | 488b 3048 | 85f6 0f84 | 0f00 0000 | 488b 7808 
  0x0000021bd82150b4: f048 0fb1 | 370f 8536 | 0100 0049 | ff8f 4805 

  0x0000021bd82150c4: ;   {oop(nullptr)}
  0x0000021bd82150c4: 0000 48b8 | 0000 0000 | 0000 0000 | 4883 c460 

  0x0000021bd82150d4: ;   {poll_return}
  0x0000021bd82150d4: 5d49 3ba7 | 4804 0000 | 0f87 2601 | 0000 c349 | 8b87 f804 | 0000 4d33 | d24d 8997 | f804 0000 
  0x0000021bd82150f4: 4d33 d24d | 8997 0005 | 0000 488b | f048 8d44 | 2448 488b | 3848 85ff | 0f84 0f00 | 0000 488b 
  0x0000021bd8215114: 5808 f048 | 0fb1 3b0f | 85fd 0000 | 0049 ff8f | 4805 0000 | 488b c6e9 | 1e01 0000 

  0x0000021bd8215130: ;   {metadata({method} {0x0000021bee405060} 'loadClassFromSelf' '(Ljava/lang/String;)Ljava/lang/Class;' in 'org/codehaus/plexus/classworlds/realm/ClassRealm')}
  0x0000021bd8215130: 49ba 5850 | 40ee 1b02 | 0000 4c89 | 5424 0848 | c704 24ff 

  0x0000021bd8215144: ;   {runtime_call counter_overflow Runtime1 stub}
  0x0000021bd8215144: ffff ffe8 

  0x0000021bd8215148: ; ImmutableOopMap {rdx=Oop r8=Oop }
                      ;*synchronization entry
                      ; - org.codehaus.plexus.classworlds.realm.ClassRealm::loadClassFromSelf@-1 (line 346)
  0x0000021bd8215148: 34ad 4c07 | e9b1 fbff 

  0x0000021bd8215150: ;   {metadata({method} {0x0000021bee405150} 'getClassRealmLoadingLock' '(Ljava/lang/String;)Ljava/lang/Object;' in 'org/codehaus/plexus/classworlds/realm/ClassRealm')}
  0x0000021bd8215150: ff49 ba48 | 5140 ee1b | 0200 004c | 8954 2408 | 48c7 0424 | ffff ffff 

  0x0000021bd8215168: ;   {runtime_call counter_overflow Runtime1 stub}
  0x0000021bd8215168: e813 ad4c 

  0x0000021bd821516c: ; ImmutableOopMap {rdx=Oop r8=Oop }
                      ;*synchronization entry
                      ; - org.codehaus.plexus.classworlds.realm.ClassRealm::getClassRealmLoadingLock@-1 (line 362)
                      ; - org.codehaus.plexus.classworlds.realm.ClassRealm::loadClassFromSelf@2 (line 346)
  0x0000021bd821516c: 07e9 ccfb 

  0x0000021bd8215170: ;   {runtime_call throw_null_pointer_exception Runtime1 stub}
  0x0000021bd8215170: ffff e809 

  0x0000021bd8215174: ; ImmutableOopMap {rsi=Oop [48]=Oop [56]=Oop [64]=Oop }
                      ;*monitorenter {reexecute=0 rethrow=0 return_oop=0}
                      ; - org.codehaus.plexus.classworlds.realm.ClassRealm::loadClassFromSelf@7 (line 346)
  0x0000021bd8215174: 5c4c 0748 | 8974 2408 | 4889 1424 

  0x0000021bd8215180: ;   {runtime_call monitorenter_nofpu Runtime1 stub}
  0x0000021bd8215180: e8fb 8b4c 

  0x0000021bd8215184: ; ImmutableOopMap {rsi=Oop [48]=Oop [56]=Oop [64]=Oop [80]=Oop }
                      ;*monitorenter {reexecute=0 rethrow=0 return_oop=0}
                      ; - org.codehaus.plexus.classworlds.realm.ClassRealm::loadClassFromSelf@7 (line 346)
  0x0000021bd8215184: 07e9 b9fc 

  0x0000021bd8215188: ;   {metadata({method} {0x0000021b80439eb8} 'findLoadedClass' '(Ljava/lang/String;)Ljava/lang/Class;' in 'java/lang/ClassLoader')}
  0x0000021bd8215188: ffff 49ba | b09e 4380 | 1b02 0000 | 4c89 5424 | 0848 c704 | 24ff ffff 

  0x0000021bd82151a0: ;   {runtime_call counter_overflow Runtime1 stub}
  0x0000021bd82151a0: ffe8 daac 

  0x0000021bd82151a4: ; ImmutableOopMap {[48]=Oop [56]=Oop [64]=Oop [80]=Oop }
                      ;*synchronization entry
                      ; - java.lang.ClassLoader::findLoadedClass@-1 (line 1298)
                      ; - org.codehaus.plexus.classworlds.realm.ClassRealm::loadClassFromSelf@10 (line 348)
  0x0000021bd82151a4: 4c07 e9d6 

  0x0000021bd82151a8: ;   {metadata({method} {0x0000021bee404600} 'findClassInternal' '(Ljava/lang/String;)Ljava/lang/Class;' in 'org/codehaus/plexus/classworlds/realm/ClassRealm')}
  0x0000021bd82151a8: fcff ff49 | baf8 4540 | ee1b 0200 | 004c 8954 | 2408 48c7 | 0424 ffff 

  0x0000021bd82151c0: ;   {runtime_call counter_overflow Runtime1 stub}
  0x0000021bd82151c0: ffff e8b9 

  0x0000021bd82151c4: ; ImmutableOopMap {r8=Oop rdx=Oop [64]=Oop [80]=Oop }
                      ;*synchronization entry
                      ; - org.codehaus.plexus.classworlds.realm.ClassRealm::findClassInternal@-1 (line 256)
                      ; - org.codehaus.plexus.classworlds.realm.ClassRealm::loadClassFromSelf@20 (line 351)
  0x0000021bd82151c4: ac4c 07e9 | 54fe ffff | 488d 4424 | 4848 8904 

  0x0000021bd82151d4: ;   {runtime_call monitorexit_nofpu Runtime1 stub}
  0x0000021bd82151d4: 24e8 a691 | 4c07 e98f 

  0x0000021bd82151dc: ;   {internal_word}
  0x0000021bd82151dc: feff ff49 | ba76 5021 | d81b 0200 | 004d 8997 | 6004 0000 

  0x0000021bd82151f0: ;   {runtime_call SafepointBlob}
  0x0000021bd82151f0: e90b 0540 | 0748 8d44 | 2448 4889 

  0x0000021bd82151fc: ;   {runtime_call monitorexit_nofpu Runtime1 stub}
  0x0000021bd82151fc: 0424 e87d | 914c 07e9 | befe ffff 

  0x0000021bd8215208: ;   {internal_word}
  0x0000021bd8215208: 49ba d550 | 21d8 1b02 | 0000 4d89 | 9760 0400 

  0x0000021bd8215218: ;   {runtime_call SafepointBlob}
  0x0000021bd8215218: 00e9 e204 | 4007 488d | 4424 4848 

  0x0000021bd8215224: ;   {runtime_call monitorexit_nofpu Runtime1 stub}
  0x0000021bd8215224: 8904 24e8 | 5491 4c07 | e9f7 feff | ff49 8b87 | f804 0000 | 49c7 87f8 | 0400 0000 | 0000 0049 
  0x0000021bd8215244: c787 0005 | 0000 0000 | 0000 4883 

  0x0000021bd8215250: ;   {runtime_call unwind_exception Runtime1 stub}
  0x0000021bd8215250: c460 5de9 | 284c 4c07 
[Stub Code]
  0x0000021bd8215258: ;   {no_reloc}
  0x0000021bd8215258: 0f1f 4400 

  0x0000021bd821525c: ;   {static_stub}
  0x0000021bd821525c: 0048 bb00 | 0000 0000 

  0x0000021bd8215264: ;   {runtime_call}
  0x0000021bd8215264: 0000 00e9 | fbff ffff 

  0x0000021bd821526c: ;   {static_stub}
  0x0000021bd821526c: 9048 bb70 | e904 801b 

  0x0000021bd8215274: ;   {runtime_call I2C/C2I adapters}
  0x0000021bd8215274: 0200 00e9 | 6bef 3f07 

  0x0000021bd821527c: ;   {static_stub}
  0x0000021bd821527c: 48bb 0000 | 0000 0000 

  0x0000021bd8215284: ;   {runtime_call}
  0x0000021bd8215284: 0000 e9fb 

  0x0000021bd8215288: ;   {static_stub}
  0x0000021bd8215288: ffff ff48 | bb00 0000 | 0000 0000 

  0x0000021bd8215294: ;   {runtime_call}
  0x0000021bd8215294: 00e9 fbff 

  0x0000021bd8215298: ;   {runtime_call handle_exception_from_callee Runtime1 stub}
  0x0000021bd8215298: ffff e8e1 

  0x0000021bd821529c: ;   {external_word}
  0x0000021bd821529c: 784c 0748 | b9b0 48ab | a2f9 7f00 | 0048 83e4 

  0x0000021bd82152ac: ;   {runtime_call}
  0x0000021bd82152ac: f048 b820 | 2f73 a2f9 | 7f00 00ff 

  0x0000021bd82152b8: ;   {section_word}
  0x0000021bd82152b8: d0f4 49ba | ba52 21d8 | 1b02 0000 

  0x0000021bd82152c4: ;   {runtime_call DeoptimizationBlob}
  0x0000021bd82152c4: 4152 e9d5 | f63f 07f4 | f4f4 f4f4 
[/MachCode]


---------------  P R O C E S S  ---------------

Threads class SMR info:
_java_thread_list=0x0000021bf2003780, length=11, elements={
0x0000021bcda83320, 0x0000021bed6f9a80, 0x0000021bed6fa880, 0x0000021bed6fd2e0,
0x0000021bed6fdee0, 0x0000021bed6fe930, 0x0000021bed6ff380, 0x0000021bed704120,
0x0000021bed7715d0, 0x0000021bed956490, 0x0000021bed95ec00
}

Java Threads: ( => current thread )
=>0x0000021bcda83320 JavaThread "main"                              [_thread_in_vm, id=21824, stack(0x000000d7e4f00000,0x000000d7e5000000) (1024K)]
  0x0000021bed6f9a80 JavaThread "Reference Handler"          daemon [_thread_blocked, id=32248, stack(0x000000d7e5700000,0x000000d7e5800000) (1024K)]
  0x0000021bed6fa880 JavaThread "Finalizer"                  daemon [_thread_blocked, id=16772, stack(0x000000d7e5800000,0x000000d7e5900000) (1024K)]
  0x0000021bed6fd2e0 JavaThread "Signal Dispatcher"          daemon [_thread_blocked, id=29912, stack(0x000000d7e5900000,0x000000d7e5a00000) (1024K)]
  0x0000021bed6fdee0 JavaThread "Attach Listener"            daemon [_thread_blocked, id=15432, stack(0x000000d7e5a00000,0x000000d7e5b00000) (1024K)]
  0x0000021bed6fe930 JavaThread "Service Thread"             daemon [_thread_blocked, id=15352, stack(0x000000d7e5b00000,0x000000d7e5c00000) (1024K)]
  0x0000021bed6ff380 JavaThread "Monitor Deflation Thread"   daemon [_thread_blocked, id=18572, stack(0x000000d7e5c00000,0x000000d7e5d00000) (1024K)]
  0x0000021bed704120 JavaThread "C2 CompilerThread0"         daemon [_thread_blocked, id=15384, stack(0x000000d7e5d00000,0x000000d7e5e00000) (1024K)]
  0x0000021bed7715d0 JavaThread "C1 CompilerThread0"         daemon [_thread_blocked, id=26732, stack(0x000000d7e5e00000,0x000000d7e5f00000) (1024K)]
  0x0000021bed956490 JavaThread "Notification Thread"        daemon [_thread_blocked, id=8548, stack(0x000000d7e5f00000,0x000000d7e6000000) (1024K)]
  0x0000021bed95ec00 JavaThread "Common-Cleaner"             daemon [_thread_blocked, id=27752, stack(0x000000d7e6000000,0x000000d7e6100000) (1024K)]
Total: 11

Other Threads:
  0x0000021bed6dfbf0 VMThread "VM Thread"                           [id=24084, stack(0x000000d7e5600000,0x000000d7e5700000) (1024K)]
  0x0000021bed6ce9e0 WatcherThread "VM Periodic Task Thread"        [id=26096, stack(0x000000d7e5500000,0x000000d7e5600000) (1024K)]
  0x0000021bcfc3ee00 WorkerThread "GC Thread#0"                     [id=14628, stack(0x000000d7e5000000,0x000000d7e5100000) (1024K)]
  0x0000021bcfc4b520 ConcurrentGCThread "G1 Main Marker"            [id=32356, stack(0x000000d7e5100000,0x000000d7e5200000) (1024K)]
  0x0000021bcfc4c020 WorkerThread "G1 Conc#0"                       [id=30104, stack(0x000000d7e5200000,0x000000d7e5300000) (1024K)]
  0x0000021bcfcbdc20 ConcurrentGCThread "G1 Refine#0"               [id=14648, stack(0x000000d7e5300000,0x000000d7e5400000) (1024K)]
  0x0000021bcfcbe940 ConcurrentGCThread "G1 Service"                [id=27024, stack(0x000000d7e5400000,0x000000d7e5500000) (1024K)]
Total: 7

Threads with active compile tasks:
Total: 0

VM state: not at safepoint (normal execution)

VM Mutex/Monitor currently owned by a thread:  ([mutex/lock_event])
[0x00007ff9a2d4be50] Metaspace_lock - owner thread: 0x0000021bcda83320

Heap address: 0x0000000748c00000, size: 2932 MB, Compressed Oops mode: Zero based, Oop shift amount: 3

CDS archive(s) mapped at: [0x0000021b80000000-0x0000021b80c90000-0x0000021b80c90000), size 13172736, SharedBaseAddress: 0x0000021b80000000, ArchiveRelocationMode: 1.
Compressed class space mapped at: 0x0000021b81000000-0x0000021bc1000000, reserved size: 1073741824
Narrow klass base: 0x0000021b80000000, Narrow klass shift: 0, Narrow klass range: 0x100000000

GC Precious Log:
 CardTable entry size: 512
 Card Set container configuration: InlinePtr #cards 4 size 8 Array Of Cards #cards 16 size 48 Howl #buckets 8 coarsen threshold 3686 Howl Bitmap #cards 512 size 80 coarsen threshold 460 Card regions per heap region 1 cards per card region 4096
 CPUs: 8 total, 8 available
 Memory: 11723M
 Large Page Support: Disabled
 NUMA Support: Disabled
 Compressed Oops: Enabled (Zero based)
 Heap Region Size: 2M
 Heap Min Capacity: 8M
 Heap Initial Capacity: 184M
 Heap Max Capacity: 2932M
 Pre-touch: Disabled
 Parallel Workers: 8
 Concurrent Workers: 2
 Concurrent Refinement Workers: 8
 Periodic GC: Disabled

Heap:
 garbage-first heap   total 188416K, used 14336K [0x0000000748c00000, 0x0000000800000000)
  region size 2048K, 8 young (16384K), 0 survivors (0K)
 Metaspace       used 3644K, committed 3776K, reserved 1114112K
  class space    used 365K, committed 448K, reserved 1048576K

Heap Regions: E=young(eden), S=young(survivor), O=old, HS=humongous(starts), HC=humongous(continues), CS=collection set, F=free, TAMS=top-at-mark-start, PB=parsable bottom
|   0|0x0000000748c00000, 0x0000000748c00000, 0x0000000748e00000|  0%| F|  |TAMS 0x0000000748c00000| PB 0x0000000748c00000| Untracked 
|   1|0x0000000748e00000, 0x0000000748e00000, 0x0000000749000000|  0%| F|  |TAMS 0x0000000748e00000| PB 0x0000000748e00000| Untracked 
|   2|0x0000000749000000, 0x0000000749000000, 0x0000000749200000|  0%| F|  |TAMS 0x0000000749000000| PB 0x0000000749000000| Untracked 
|   3|0x0000000749200000, 0x0000000749200000, 0x0000000749400000|  0%| F|  |TAMS 0x0000000749200000| PB 0x0000000749200000| Untracked 
|   4|0x0000000749400000, 0x0000000749400000, 0x0000000749600000|  0%| F|  |TAMS 0x0000000749400000| PB 0x0000000749400000| Untracked 
|   5|0x0000000749600000, 0x0000000749600000, 0x0000000749800000|  0%| F|  |TAMS 0x0000000749600000| PB 0x0000000749600000| Untracked 
|   6|0x0000000749800000, 0x0000000749800000, 0x0000000749a00000|  0%| F|  |TAMS 0x0000000749800000| PB 0x0000000749800000| Untracked 
|   7|0x0000000749a00000, 0x0000000749a00000, 0x0000000749c00000|  0%| F|  |TAMS 0x0000000749a00000| PB 0x0000000749a00000| Untracked 
|   8|0x0000000749c00000, 0x0000000749c00000, 0x0000000749e00000|  0%| F|  |TAMS 0x0000000749c00000| PB 0x0000000749c00000| Untracked 
|   9|0x0000000749e00000, 0x0000000749e00000, 0x000000074a000000|  0%| F|  |TAMS 0x0000000749e00000| PB 0x0000000749e00000| Untracked 
|  10|0x000000074a000000, 0x000000074a000000, 0x000000074a200000|  0%| F|  |TAMS 0x000000074a000000| PB 0x000000074a000000| Untracked 
|  11|0x000000074a200000, 0x000000074a200000, 0x000000074a400000|  0%| F|  |TAMS 0x000000074a200000| PB 0x000000074a200000| Untracked 
|  12|0x000000074a400000, 0x000000074a400000, 0x000000074a600000|  0%| F|  |TAMS 0x000000074a400000| PB 0x000000074a400000| Untracked 
|  13|0x000000074a600000, 0x000000074a600000, 0x000000074a800000|  0%| F|  |TAMS 0x000000074a600000| PB 0x000000074a600000| Untracked 
|  14|0x000000074a800000, 0x000000074a800000, 0x000000074aa00000|  0%| F|  |TAMS 0x000000074a800000| PB 0x000000074a800000| Untracked 
|  15|0x000000074aa00000, 0x000000074aa00000, 0x000000074ac00000|  0%| F|  |TAMS 0x000000074aa00000| PB 0x000000074aa00000| Untracked 
|  16|0x000000074ac00000, 0x000000074ac00000, 0x000000074ae00000|  0%| F|  |TAMS 0x000000074ac00000| PB 0x000000074ac00000| Untracked 
|  17|0x000000074ae00000, 0x000000074ae00000, 0x000000074b000000|  0%| F|  |TAMS 0x000000074ae00000| PB 0x000000074ae00000| Untracked 
|  18|0x000000074b000000, 0x000000074b000000, 0x000000074b200000|  0%| F|  |TAMS 0x000000074b000000| PB 0x000000074b000000| Untracked 
|  19|0x000000074b200000, 0x000000074b200000, 0x000000074b400000|  0%| F|  |TAMS 0x000000074b200000| PB 0x000000074b200000| Untracked 
|  20|0x000000074b400000, 0x000000074b400000, 0x000000074b600000|  0%| F|  |TAMS 0x000000074b400000| PB 0x000000074b400000| Untracked 
|  21|0x000000074b600000, 0x000000074b600000, 0x000000074b800000|  0%| F|  |TAMS 0x000000074b600000| PB 0x000000074b600000| Untracked 
|  22|0x000000074b800000, 0x000000074b800000, 0x000000074ba00000|  0%| F|  |TAMS 0x000000074b800000| PB 0x000000074b800000| Untracked 
|  23|0x000000074ba00000, 0x000000074ba00000, 0x000000074bc00000|  0%| F|  |TAMS 0x000000074ba00000| PB 0x000000074ba00000| Untracked 
|  24|0x000000074bc00000, 0x000000074bc00000, 0x000000074be00000|  0%| F|  |TAMS 0x000000074bc00000| PB 0x000000074bc00000| Untracked 
|  25|0x000000074be00000, 0x000000074be00000, 0x000000074c000000|  0%| F|  |TAMS 0x000000074be00000| PB 0x000000074be00000| Untracked 
|  26|0x000000074c000000, 0x000000074c000000, 0x000000074c200000|  0%| F|  |TAMS 0x000000074c000000| PB 0x000000074c000000| Untracked 
|  27|0x000000074c200000, 0x000000074c200000, 0x000000074c400000|  0%| F|  |TAMS 0x000000074c200000| PB 0x000000074c200000| Untracked 
|  28|0x000000074c400000, 0x000000074c400000, 0x000000074c600000|  0%| F|  |TAMS 0x000000074c400000| PB 0x000000074c400000| Untracked 
|  29|0x000000074c600000, 0x000000074c600000, 0x000000074c800000|  0%| F|  |TAMS 0x000000074c600000| PB 0x000000074c600000| Untracked 
|  30|0x000000074c800000, 0x000000074c800000, 0x000000074ca00000|  0%| F|  |TAMS 0x000000074c800000| PB 0x000000074c800000| Untracked 
|  31|0x000000074ca00000, 0x000000074ca00000, 0x000000074cc00000|  0%| F|  |TAMS 0x000000074ca00000| PB 0x000000074ca00000| Untracked 
|  32|0x000000074cc00000, 0x000000074cc00000, 0x000000074ce00000|  0%| F|  |TAMS 0x000000074cc00000| PB 0x000000074cc00000| Untracked 
|  33|0x000000074ce00000, 0x000000074ce00000, 0x000000074d000000|  0%| F|  |TAMS 0x000000074ce00000| PB 0x000000074ce00000| Untracked 
|  34|0x000000074d000000, 0x000000074d000000, 0x000000074d200000|  0%| F|  |TAMS 0x000000074d000000| PB 0x000000074d000000| Untracked 
|  35|0x000000074d200000, 0x000000074d200000, 0x000000074d400000|  0%| F|  |TAMS 0x000000074d200000| PB 0x000000074d200000| Untracked 
|  36|0x000000074d400000, 0x000000074d400000, 0x000000074d600000|  0%| F|  |TAMS 0x000000074d400000| PB 0x000000074d400000| Untracked 
|  37|0x000000074d600000, 0x000000074d600000, 0x000000074d800000|  0%| F|  |TAMS 0x000000074d600000| PB 0x000000074d600000| Untracked 
|  38|0x000000074d800000, 0x000000074d800000, 0x000000074da00000|  0%| F|  |TAMS 0x000000074d800000| PB 0x000000074d800000| Untracked 
|  39|0x000000074da00000, 0x000000074da00000, 0x000000074dc00000|  0%| F|  |TAMS 0x000000074da00000| PB 0x000000074da00000| Untracked 
|  40|0x000000074dc00000, 0x000000074dc00000, 0x000000074de00000|  0%| F|  |TAMS 0x000000074dc00000| PB 0x000000074dc00000| Untracked 
|  41|0x000000074de00000, 0x000000074de00000, 0x000000074e000000|  0%| F|  |TAMS 0x000000074de00000| PB 0x000000074de00000| Untracked 
|  42|0x000000074e000000, 0x000000074e000000, 0x000000074e200000|  0%| F|  |TAMS 0x000000074e000000| PB 0x000000074e000000| Untracked 
|  43|0x000000074e200000, 0x000000074e200000, 0x000000074e400000|  0%| F|  |TAMS 0x000000074e200000| PB 0x000000074e200000| Untracked 
|  44|0x000000074e400000, 0x000000074e400000, 0x000000074e600000|  0%| F|  |TAMS 0x000000074e400000| PB 0x000000074e400000| Untracked 
|  45|0x000000074e600000, 0x000000074e600000, 0x000000074e800000|  0%| F|  |TAMS 0x000000074e600000| PB 0x000000074e600000| Untracked 
|  46|0x000000074e800000, 0x000000074e800000, 0x000000074ea00000|  0%| F|  |TAMS 0x000000074e800000| PB 0x000000074e800000| Untracked 
|  47|0x000000074ea00000, 0x000000074ea00000, 0x000000074ec00000|  0%| F|  |TAMS 0x000000074ea00000| PB 0x000000074ea00000| Untracked 
|  48|0x000000074ec00000, 0x000000074ec00000, 0x000000074ee00000|  0%| F|  |TAMS 0x000000074ec00000| PB 0x000000074ec00000| Untracked 
|  49|0x000000074ee00000, 0x000000074ee00000, 0x000000074f000000|  0%| F|  |TAMS 0x000000074ee00000| PB 0x000000074ee00000| Untracked 
|  50|0x000000074f000000, 0x000000074f000000, 0x000000074f200000|  0%| F|  |TAMS 0x000000074f000000| PB 0x000000074f000000| Untracked 
|  51|0x000000074f200000, 0x000000074f200000, 0x000000074f400000|  0%| F|  |TAMS 0x000000074f200000| PB 0x000000074f200000| Untracked 
|  52|0x000000074f400000, 0x000000074f400000, 0x000000074f600000|  0%| F|  |TAMS 0x000000074f400000| PB 0x000000074f400000| Untracked 
|  53|0x000000074f600000, 0x000000074f600000, 0x000000074f800000|  0%| F|  |TAMS 0x000000074f600000| PB 0x000000074f600000| Untracked 
|  54|0x000000074f800000, 0x000000074f800000, 0x000000074fa00000|  0%| F|  |TAMS 0x000000074f800000| PB 0x000000074f800000| Untracked 
|  55|0x000000074fa00000, 0x000000074fa00000, 0x000000074fc00000|  0%| F|  |TAMS 0x000000074fa00000| PB 0x000000074fa00000| Untracked 
|  56|0x000000074fc00000, 0x000000074fc00000, 0x000000074fe00000|  0%| F|  |TAMS 0x000000074fc00000| PB 0x000000074fc00000| Untracked 
|  57|0x000000074fe00000, 0x000000074fe00000, 0x0000000750000000|  0%| F|  |TAMS 0x000000074fe00000| PB 0x000000074fe00000| Untracked 
|  58|0x0000000750000000, 0x0000000750000000, 0x0000000750200000|  0%| F|  |TAMS 0x0000000750000000| PB 0x0000000750000000| Untracked 
|  59|0x0000000750200000, 0x0000000750200000, 0x0000000750400000|  0%| F|  |TAMS 0x0000000750200000| PB 0x0000000750200000| Untracked 
|  60|0x0000000750400000, 0x0000000750400000, 0x0000000750600000|  0%| F|  |TAMS 0x0000000750400000| PB 0x0000000750400000| Untracked 
|  61|0x0000000750600000, 0x0000000750600000, 0x0000000750800000|  0%| F|  |TAMS 0x0000000750600000| PB 0x0000000750600000| Untracked 
|  62|0x0000000750800000, 0x0000000750800000, 0x0000000750a00000|  0%| F|  |TAMS 0x0000000750800000| PB 0x0000000750800000| Untracked 
|  63|0x0000000750a00000, 0x0000000750a00000, 0x0000000750c00000|  0%| F|  |TAMS 0x0000000750a00000| PB 0x0000000750a00000| Untracked 
|  64|0x0000000750c00000, 0x0000000750c00000, 0x0000000750e00000|  0%| F|  |TAMS 0x0000000750c00000| PB 0x0000000750c00000| Untracked 
|  65|0x0000000750e00000, 0x0000000750e00000, 0x0000000751000000|  0%| F|  |TAMS 0x0000000750e00000| PB 0x0000000750e00000| Untracked 
|  66|0x0000000751000000, 0x0000000751000000, 0x0000000751200000|  0%| F|  |TAMS 0x0000000751000000| PB 0x0000000751000000| Untracked 
|  67|0x0000000751200000, 0x0000000751200000, 0x0000000751400000|  0%| F|  |TAMS 0x0000000751200000| PB 0x0000000751200000| Untracked 
|  68|0x0000000751400000, 0x0000000751400000, 0x0000000751600000|  0%| F|  |TAMS 0x0000000751400000| PB 0x0000000751400000| Untracked 
|  69|0x0000000751600000, 0x0000000751600000, 0x0000000751800000|  0%| F|  |TAMS 0x0000000751600000| PB 0x0000000751600000| Untracked 
|  70|0x0000000751800000, 0x0000000751800000, 0x0000000751a00000|  0%| F|  |TAMS 0x0000000751800000| PB 0x0000000751800000| Untracked 
|  71|0x0000000751a00000, 0x0000000751a00000, 0x0000000751c00000|  0%| F|  |TAMS 0x0000000751a00000| PB 0x0000000751a00000| Untracked 
|  72|0x0000000751c00000, 0x0000000751c00000, 0x0000000751e00000|  0%| F|  |TAMS 0x0000000751c00000| PB 0x0000000751c00000| Untracked 
|  73|0x0000000751e00000, 0x0000000751e00000, 0x0000000752000000|  0%| F|  |TAMS 0x0000000751e00000| PB 0x0000000751e00000| Untracked 
|  74|0x0000000752000000, 0x0000000752000000, 0x0000000752200000|  0%| F|  |TAMS 0x0000000752000000| PB 0x0000000752000000| Untracked 
|  75|0x0000000752200000, 0x0000000752200000, 0x0000000752400000|  0%| F|  |TAMS 0x0000000752200000| PB 0x0000000752200000| Untracked 
|  76|0x0000000752400000, 0x0000000752400000, 0x0000000752600000|  0%| F|  |TAMS 0x0000000752400000| PB 0x0000000752400000| Untracked 
|  77|0x0000000752600000, 0x0000000752600000, 0x0000000752800000|  0%| F|  |TAMS 0x0000000752600000| PB 0x0000000752600000| Untracked 
|  78|0x0000000752800000, 0x0000000752800000, 0x0000000752a00000|  0%| F|  |TAMS 0x0000000752800000| PB 0x0000000752800000| Untracked 
|  79|0x0000000752a00000, 0x0000000752a00000, 0x0000000752c00000|  0%| F|  |TAMS 0x0000000752a00000| PB 0x0000000752a00000| Untracked 
|  80|0x0000000752c00000, 0x0000000752c00000, 0x0000000752e00000|  0%| F|  |TAMS 0x0000000752c00000| PB 0x0000000752c00000| Untracked 
|  81|0x0000000752e00000, 0x0000000752e00000, 0x0000000753000000|  0%| F|  |TAMS 0x0000000752e00000| PB 0x0000000752e00000| Untracked 
|  82|0x0000000753000000, 0x0000000753000000, 0x0000000753200000|  0%| F|  |TAMS 0x0000000753000000| PB 0x0000000753000000| Untracked 
|  83|0x0000000753200000, 0x0000000753200000, 0x0000000753400000|  0%| F|  |TAMS 0x0000000753200000| PB 0x0000000753200000| Untracked 
|  84|0x0000000753400000, 0x0000000753470a50, 0x0000000753600000| 22%| E|  |TAMS 0x0000000753400000| PB 0x0000000753400000| Complete 
|  85|0x0000000753600000, 0x0000000753800000, 0x0000000753800000|100%| E|CS|TAMS 0x0000000753600000| PB 0x0000000753600000| Complete 
|  86|0x0000000753800000, 0x0000000753a00000, 0x0000000753a00000|100%| E|CS|TAMS 0x0000000753800000| PB 0x0000000753800000| Complete 
|  87|0x0000000753a00000, 0x0000000753c00000, 0x0000000753c00000|100%| E|CS|TAMS 0x0000000753a00000| PB 0x0000000753a00000| Complete 
|  88|0x0000000753c00000, 0x0000000753e00000, 0x0000000753e00000|100%| E|CS|TAMS 0x0000000753c00000| PB 0x0000000753c00000| Complete 
|  89|0x0000000753e00000, 0x0000000754000000, 0x0000000754000000|100%| E|CS|TAMS 0x0000000753e00000| PB 0x0000000753e00000| Complete 
|  90|0x0000000754000000, 0x0000000754200000, 0x0000000754200000|100%| E|CS|TAMS 0x0000000754000000| PB 0x0000000754000000| Complete 
|  91|0x0000000754200000, 0x0000000754400000, 0x0000000754400000|100%| E|CS|TAMS 0x0000000754200000| PB 0x0000000754200000| Complete 

Card table byte_map: [0x0000021be7980000,0x0000021be7f40000] _byte_map_base: 0x0000021be3f3a000

Marking Bits: (CMBitMap*) 0x0000021bcfc3f500
 Bits: [0x0000021be7f40000, 0x0000021bead10000)

Polling page: 0x0000021bcf3c0000

Metaspace:

Usage:
  Non-class:      3.20 MB used.
      Class:    365.41 KB used.
       Both:      3.56 MB used.

Virtual space:
  Non-class space:       64.00 MB reserved,       3.25 MB (  5%) committed,  1 nodes.
      Class space:        1.00 GB reserved,     448.00 KB ( <1%) committed,  1 nodes.
             Both:        1.06 GB reserved,       3.69 MB ( <1%) committed. 

Chunk freelists:
   Non-Class:  10.30 MB
       Class:  15.50 MB
        Both:  25.80 MB

MaxMetaspaceSize: unlimited
CompressedClassSpaceSize: 1.00 GB
Initial GC threshold: 21.00 MB
Current GC threshold: 21.00 MB
CDS: on
 - commit_granule_bytes: 65536.
 - commit_granule_words: 8192.
 - virtual_space_node_default_size: 8388608.
 - enlarge_chunks_in_place: 1.
 - use_allocation_guard: 0.


Internal statistics:

num_allocs_failed_limit: 0.
num_arena_births: 40.
num_arena_deaths: 0.
num_vsnodes_births: 2.
num_vsnodes_deaths: 0.
num_space_committed: 59.
num_space_uncommitted: 0.
num_chunks_returned_to_freelist: 0.
num_chunks_taken_from_freelist: 134.
num_chunk_merges: 0.
num_chunk_splits: 87.
num_chunks_enlarged: 71.
num_inconsistent_stats: 0.

CodeHeap 'non-profiled nmethods': size=120000Kb used=292Kb max_used=292Kb free=119707Kb
 bounds [0x0000021bdfb60000, 0x0000021bdfdd0000, 0x0000021be7090000]
CodeHeap 'profiled nmethods': size=120000Kb used=1689Kb max_used=1689Kb free=118310Kb
 bounds [0x0000021bd8090000, 0x0000021bd8300000, 0x0000021bdf5c0000]
CodeHeap 'non-nmethods': size=5760Kb used=1344Kb max_used=1357Kb free=4416Kb
 bounds [0x0000021bdf5c0000, 0x0000021bdf830000, 0x0000021bdfb60000]
 total_blobs=1335 nmethods=884 adapters=356
 compilation: enabled
              stopped_count=0, restarted_count=0
 full_count=0

Compilation events (20 events):
Event: 3.275 Thread 0x0000021bed7715d0  873       3       java.util.zip.InflaterInputStream::close (34 bytes)
Event: 3.275 Thread 0x0000021bed7715d0 nmethod 873 0x0000021bd8229010 code [0x0000021bd82291e0, 0x0000021bd8229498]
Event: 3.275 Thread 0x0000021bed7715d0  874       3       java.util.zip.ZipFile$InflaterCleanupAction::run (12 bytes)
Event: 3.275 Thread 0x0000021bed7715d0 nmethod 874 0x0000021bd8229590 code [0x0000021bd8229740, 0x0000021bd82298a8]
Event: 3.277 Thread 0x0000021bed7715d0  877       3       java.lang.ClassLoader::definePackage (85 bytes)
Event: 3.278 Thread 0x0000021bed7715d0 nmethod 877 0x0000021bd8229990 code [0x0000021bd8229c60, 0x0000021bd822ab38]
Event: 3.278 Thread 0x0000021bed7715d0  878       3       java.lang.Package::isSealed (26 bytes)
Event: 3.279 Thread 0x0000021bed7715d0 nmethod 878 0x0000021bd822b010 code [0x0000021bd822b1c0, 0x0000021bd822b4c8]
Event: 3.279 Thread 0x0000021bed7715d0  879       3       java.lang.ClassLoader::compareCerts (197 bytes)
Event: 3.279 Thread 0x0000021bed7715d0 nmethod 879 0x0000021bd822b610 code [0x0000021bd822b840, 0x0000021bd822c0d0]
Event: 3.282 Thread 0x0000021bed7715d0  880       3       java.io.File::exists (34 bytes)
Event: 3.282 Thread 0x0000021bed7715d0 nmethod 880 0x0000021bd822c390 code [0x0000021bd822c580, 0x0000021bd822c990]
Event: 3.287 Thread 0x0000021bed7715d0  881       3       java.io.WinNTFileSystem::resolve (326 bytes)
Event: 3.291 Thread 0x0000021bed7715d0 nmethod 881 0x0000021bd822cb10 code [0x0000021bd822d040, 0x0000021bd822ff28]
Event: 3.291 Thread 0x0000021bed7715d0  882   !   3       jdk.internal.loader.BuiltinClassLoader::findClassOnClassPathOrNull (64 bytes)
Event: 3.293 Thread 0x0000021bed7715d0 nmethod 882 0x0000021bd8231010 code [0x0000021bd82313a0, 0x0000021bd8232768]
Event: 3.293 Thread 0x0000021bed7715d0  883       3       java.net.URLClassLoader::isSealed (72 bytes)
Event: 3.295 Thread 0x0000021bed7715d0 nmethod 883 0x0000021bd8232f10 code [0x0000021bd8233380, 0x0000021bd82350c0]
Event: 3.296 Thread 0x0000021bed7715d0  884       3       java.util.zip.ZipEntry::<init> (84 bytes)
Event: 3.296 Thread 0x0000021bed7715d0 nmethod 884 0x0000021bd8235c10 code [0x0000021bd8235e00, 0x0000021bd8236398]

GC Heap History (0 events):
No events

Dll operation events (8 events):
Event: 0.173 Loaded shared library C:\Program Files\Java\jdk-21\bin\java.dll
Event: 0.620 Loaded shared library C:\Program Files\Java\jdk-21\bin\jsvml.dll
Event: 0.799 Loaded shared library C:\Program Files\Java\jdk-21\bin\net.dll
Event: 0.803 Loaded shared library C:\Program Files\Java\jdk-21\bin\nio.dll
Event: 0.808 Loaded shared library C:\Program Files\Java\jdk-21\bin\zip.dll
Event: 1.672 Loaded shared library C:\Program Files\Java\jdk-21\bin\jimage.dll
Event: 1.767 Loaded shared library C:\Users\2oleg\Downloads\apache-maven-3.9.11-bin\apache-maven-3.9.11\lib\jansi-native\Windows\x86_64\jansi.dll
Event: 1.800 Loaded shared library C:\Program Files\Java\jdk-21\bin\verify.dll

Deoptimization events (20 events):
Event: 2.500 Thread 0x0000021bcda83320 DEOPT PACKING pc=0x0000021bd80f0af7 sp=0x000000d7e4ffbc80
Event: 2.500 Thread 0x0000021bcda83320 DEOPT UNPACKING pc=0x0000021bdf614e42 sp=0x000000d7e4ffb0d0 mode 0
Event: 2.767 Thread 0x0000021bcda83320 Uncommon trap: trap_request=0xffffff45 fr.pc=0x0000021bdfb9db3c relative=0x000000000000077c
Event: 2.768 Thread 0x0000021bcda83320 Uncommon trap: reason=unstable_if action=reinterpret pc=0x0000021bdfb9db3c method=java.util.regex.Matcher.search(I)Z @ 30 c2
Event: 2.768 Thread 0x0000021bcda83320 DEOPT PACKING pc=0x0000021bdfb9db3c sp=0x000000d7e4ffd8d0
Event: 2.768 Thread 0x0000021bcda83320 DEOPT UNPACKING pc=0x0000021bdf6146a2 sp=0x000000d7e4ffd8b0 mode 2
Event: 2.832 Thread 0x0000021bcda83320 Uncommon trap: trap_request=0xffffff45 fr.pc=0x0000021bdfb73f50 relative=0x00000000000004f0
Event: 2.832 Thread 0x0000021bcda83320 Uncommon trap: reason=unstable_if action=reinterpret pc=0x0000021bdfb73f50 method=java.lang.StringLatin1.canEncode(I)Z @ 4 c2
Event: 2.832 Thread 0x0000021bcda83320 DEOPT PACKING pc=0x0000021bdfb73f50 sp=0x000000d7e4ffdf00
Event: 2.833 Thread 0x0000021bcda83320 DEOPT UNPACKING pc=0x0000021bdf6146a2 sp=0x000000d7e4ffde38 mode 2
Event: 2.833 Thread 0x0000021bcda83320 Uncommon trap: trap_request=0xffffff45 fr.pc=0x0000021bdfb74ab4 relative=0x00000000000004d4
Event: 2.833 Thread 0x0000021bcda83320 Uncommon trap: reason=unstable_if action=reinterpret pc=0x0000021bdfb74ab4 method=java.lang.AbstractStringBuilder.isLatin1()Z @ 10 c2
Event: 2.833 Thread 0x0000021bcda83320 DEOPT PACKING pc=0x0000021bdfb74ab4 sp=0x000000d7e4ffdf20
Event: 2.833 Thread 0x0000021bcda83320 DEOPT UNPACKING pc=0x0000021bdf6146a2 sp=0x000000d7e4ffdeb0 mode 2
Event: 2.844 Thread 0x0000021bcda83320 Uncommon trap: trap_request=0xffffff45 fr.pc=0x0000021bdfb6e4e8 relative=0x0000000000000048
Event: 2.844 Thread 0x0000021bcda83320 Uncommon trap: reason=unstable_if action=reinterpret pc=0x0000021bdfb6e4e8 method=java.lang.StringLatin1.canEncode(I)Z @ 4 c2
Event: 2.844 Thread 0x0000021bcda83320 DEOPT PACKING pc=0x0000021bdfb6e4e8 sp=0x000000d7e4ffdeb0
Event: 2.844 Thread 0x0000021bcda83320 DEOPT UNPACKING pc=0x0000021bdf6146a2 sp=0x000000d7e4ffde40 mode 2
Event: 3.044 Thread 0x0000021bcda83320 DEOPT PACKING pc=0x0000021bd80bd5c9 sp=0x000000d7e4ffa090
Event: 3.044 Thread 0x0000021bcda83320 DEOPT UNPACKING pc=0x0000021bdf614e42 sp=0x000000d7e4ff9508 mode 0

Classes loaded (20 events):
Event: 2.533 Loading class java/text/ParseException
Event: 2.533 Loading class java/text/ParseException done
Event: 2.642 Loading class sun/util/calendar/ZoneInfoFile$Checksum
Event: 2.643 Loading class sun/util/calendar/ZoneInfoFile$Checksum done
Event: 2.648 Loading class jdk/internal/module/ModulePatcher$PatchedModuleReader
Event: 2.648 Loading class jdk/internal/module/ModulePatcher$PatchedModuleReader done
Event: 2.649 Loading class sun/net/www/protocol/jrt/Handler
Event: 2.649 Loading class sun/net/www/protocol/jrt/Handler done
Event: 2.771 Loading class sun/text/resources/cldr/FormatData_en
Event: 2.772 Loading class sun/text/resources/cldr/FormatData_en done
Event: 2.773 Loading class sun/text/resources/cldr/FormatData_en_US
Event: 2.773 Loading class sun/text/resources/cldr/FormatData_en_US done
Event: 3.045 Loading class java/io/FilterReader
Event: 3.045 Loading class java/io/FilterReader done
Event: 3.169 Loading class java/io/InvalidObjectException
Event: 3.169 Loading class java/io/ObjectStreamException
Event: 3.169 Loading class java/io/ObjectStreamException done
Event: 3.169 Loading class java/io/InvalidObjectException done
Event: 3.273 Loading class java/util/NoSuchElementException
Event: 3.273 Loading class java/util/NoSuchElementException done

Classes unloaded (0 events):
No events

Classes redefined (0 events):
No events

Internal exceptions (15 events):
Event: 0.964 Thread 0x0000021bcda83320 Exception <a 'java/lang/NoSuchMethodError'{0x00000007540de8b0}: 'int java.lang.invoke.DirectMethodHandle$Holder.invokeSpecial(java.lang.Object, java.lang.Object, java.lang.Object)'> (0x00000007540de8b0) 
thrown [s\open\src\hotspot\share\interpreter\linkResolver.cpp, line 773]
Event: 1.455 Thread 0x0000021bcda83320 Exception <a 'java/lang/NoSuchMethodError'{0x0000000753f37d70}: 'java.lang.Object java.lang.invoke.Invokers$Holder.invokeExact_MT(java.lang.Object, java.lang.Object, java.lang.Object, java.lang.Object, java.lang.Object)'> (0x0000000753f37d70) 
thrown [s\open\src\hotspot\share\interpreter\linkResolver.cpp, line 773]
Event: 1.657 Thread 0x0000021bcda83320 Exception <a 'java/lang/NullPointerException'{0x0000000753f97510}> (0x0000000753f97510) 
thrown [s\open\src\hotspot\share\interpreter\linkResolver.cpp, line 1372]
Event: 1.775 Thread 0x0000021bcda83320 Exception <a 'java/lang/NullPointerException'{0x0000000753fb6250}> (0x0000000753fb6250) 
thrown [s\open\src\hotspot\share\interpreter\linkResolver.cpp, line 1372]
Event: 1.775 Thread 0x0000021bcda83320 Exception <a 'java/lang/NullPointerException'{0x0000000753fb6530}> (0x0000000753fb6530) 
thrown [s\open\src\hotspot\share\interpreter\linkResolver.cpp, line 1372]
Event: 1.775 Thread 0x0000021bcda83320 Exception <a 'java/lang/NullPointerException'{0x0000000753fb6810}> (0x0000000753fb6810) 
thrown [s\open\src\hotspot\share\interpreter\linkResolver.cpp, line 1372]
Event: 1.777 Thread 0x0000021bcda83320 Exception <a 'java/lang/NullPointerException'{0x0000000753fbc820}> (0x0000000753fbc820) 
thrown [s\open\src\hotspot\share\interpreter\linkResolver.cpp, line 1372]
Event: 1.787 Thread 0x0000021bcda83320 Exception <a 'java/lang/NullPointerException'{0x0000000753fd0d90}> (0x0000000753fd0d90) 
thrown [s\open\src\hotspot\share\interpreter\linkResolver.cpp, line 1372]
Event: 1.787 Thread 0x0000021bcda83320 Exception <a 'java/lang/NullPointerException'{0x0000000753fd1070}> (0x0000000753fd1070) 
thrown [s\open\src\hotspot\share\interpreter\linkResolver.cpp, line 1372]
Event: 1.787 Thread 0x0000021bcda83320 Exception <a 'java/lang/NullPointerException'{0x0000000753fd1350}> (0x0000000753fd1350) 
thrown [s\open\src\hotspot\share\interpreter\linkResolver.cpp, line 1372]
Event: 1.787 Thread 0x0000021bcda83320 Exception <a 'java/lang/NullPointerException'{0x0000000753fd1630}> (0x0000000753fd1630) 
thrown [s\open\src\hotspot\share\interpreter\linkResolver.cpp, line 1372]
Event: 1.940 Thread 0x0000021bcda83320 Exception <a 'java/lang/NoSuchMethodError'{0x0000000753cec328}: 'void java.lang.invoke.DirectMethodHandle$Holder.invokeStatic(java.lang.Object, java.lang.Object)'> (0x0000000753cec328) 
thrown [s\open\src\hotspot\share\interpreter\linkResolver.cpp, line 773]
Event: 1.941 Thread 0x0000021bcda83320 Exception <a 'java/lang/NoSuchMethodError'{0x0000000753cef708}: 'void java.lang.invoke.DirectMethodHandle$Holder.invokeStaticInit(java.lang.Object, java.lang.Object)'> (0x0000000753cef708) 
thrown [s\open\src\hotspot\share\interpreter\linkResolver.cpp, line 773]
Event: 1.962 Thread 0x0000021bcda83320 Exception <a 'java/lang/NoSuchMethodError'{0x0000000753d3b1c0}: 'void java.lang.invoke.DirectMethodHandle$Holder.invokeStatic(java.lang.Object, java.lang.Object, java.lang.Object)'> (0x0000000753d3b1c0) 
thrown [s\open\src\hotspot\share\interpreter\linkResolver.cpp, line 773]
Event: 2.368 Thread 0x0000021bcda83320 Exception <a 'java/lang/NoSuchMethodError'{0x0000000753abecd0}: 'java.lang.Object java.lang.invoke.DirectMethodHandle$Holder.invokeSpecialIFC(java.lang.Object, java.lang.Object, java.lang.Object, java.lang.Object)'> (0x0000000753abecd0) 
thrown [s\open\src\hotspot\share\interpreter\linkResolver.cpp, line 773]

ZGC Phase Switch (0 events):
No events

VM Operations (10 events):
Event: 0.810 Executing VM operation: HandshakeAllThreads (Deoptimize)
Event: 0.810 Executing VM operation: HandshakeAllThreads (Deoptimize) done
Event: 1.654 Executing VM operation: HandshakeAllThreads (Deoptimize)
Event: 1.654 Executing VM operation: HandshakeAllThreads (Deoptimize) done
Event: 1.654 Executing VM operation: Cleanup
Event: 1.654 Executing VM operation: Cleanup done
Event: 1.678 Executing VM operation: HandshakeAllThreads (Deoptimize)
Event: 1.678 Executing VM operation: HandshakeAllThreads (Deoptimize) done
Event: 2.678 Executing VM operation: Cleanup
Event: 2.736 Executing VM operation: Cleanup done

Events (13 events):
Event: 0.259 Thread 0x0000021bcda83320 Thread added: 0x0000021bcda83320
Event: 0.611 Thread 0x0000021bed6f9a80 Thread added: 0x0000021bed6f9a80
Event: 0.611 Thread 0x0000021bed6fa880 Thread added: 0x0000021bed6fa880
Event: 0.612 Thread 0x0000021bed6fd2e0 Thread added: 0x0000021bed6fd2e0
Event: 0.612 Thread 0x0000021bed6fdee0 Thread added: 0x0000021bed6fdee0
Event: 0.612 Thread 0x0000021bed6fe930 Thread added: 0x0000021bed6fe930
Event: 0.612 Thread 0x0000021bed6ff380 Thread added: 0x0000021bed6ff380
Event: 0.612 Thread 0x0000021bed704120 Thread added: 0x0000021bed704120
Event: 0.662 Thread 0x0000021bed7715d0 Thread added: 0x0000021bed7715d0
Event: 0.781 Thread 0x0000021bed956490 Thread added: 0x0000021bed956490
Event: 0.788 Thread 0x0000021bed95ec00 Thread added: 0x0000021bed95ec00
Event: 1.663 Thread 0x0000021bed9bc250 Thread added: 0x0000021bed9bc250
Event: 1.684 Thread 0x0000021bed9bc250 Thread exited: 0x0000021bed9bc250


Dynamic libraries:
0x00007ff6a5e00000 - 0x00007ff6a5e10000 	C:\Program Files\Java\jdk-21\bin\java.exe
0x00007ff9f5930000 - 0x00007ff9f5b28000 	C:\WINDOWS\SYSTEM32\ntdll.dll
0x00007ff9f5400000 - 0x00007ff9f54c2000 	C:\WINDOWS\System32\KERNEL32.DLL
0x00007ff9f3130000 - 0x00007ff9f3426000 	C:\WINDOWS\System32\KERNELBASE.dll
0x00007ff9f3820000 - 0x00007ff9f3920000 	C:\WINDOWS\System32\ucrtbase.dll
0x00007ff9e2e70000 - 0x00007ff9e2e89000 	C:\Program Files\Java\jdk-21\bin\jli.dll
0x00007ff9f3da0000 - 0x00007ff9f3e51000 	C:\WINDOWS\System32\ADVAPI32.dll
0x00007ff9f5820000 - 0x00007ff9f58be000 	C:\WINDOWS\System32\msvcrt.dll
0x00007ff9f4800000 - 0x00007ff9f489f000 	C:\WINDOWS\System32\sechost.dll
0x00007ff9f3c10000 - 0x00007ff9f3d30000 	C:\WINDOWS\System32\RPCRT4.dll
0x00007ff9f3560000 - 0x00007ff9f3587000 	C:\WINDOWS\System32\bcrypt.dll
0x00007ff9f3f40000 - 0x00007ff9f40e1000 	C:\WINDOWS\System32\USER32.dll
0x00007ff9f3100000 - 0x00007ff9f3122000 	C:\WINDOWS\System32\win32u.dll
0x00007ff9f47c0000 - 0x00007ff9f47eb000 	C:\WINDOWS\System32\GDI32.dll
0x00007ff9f2f90000 - 0x00007ff9f30a9000 	C:\WINDOWS\System32\gdi32full.dll
0x00007ff9f3590000 - 0x00007ff9f362d000 	C:\WINDOWS\System32\msvcp_win.dll
0x00007ff9e2dc0000 - 0x00007ff9e2ddb000 	C:\Program Files\Java\jdk-21\bin\VCRUNTIME140.dll
0x00007ff9e4da0000 - 0x00007ff9e503b000 	C:\WINDOWS\WinSxS\amd64_microsoft.windows.common-controls_6595b64144ccf1df_6.0.19041.6456_none_60b8a6cb71f64256\COMCTL32.dll
0x00007ff9ecd10000 - 0x00007ff9ecd1a000 	C:\WINDOWS\SYSTEM32\VERSION.dll
0x00007ff9f3f10000 - 0x00007ff9f3f3f000 	C:\WINDOWS\System32\IMM32.DLL
0x00007ff9e25a0000 - 0x00007ff9e25ac000 	C:\Program Files\Java\jdk-21\bin\vcruntime140_1.dll
0x00007ff9d12b0000 - 0x00007ff9d133e000 	C:\Program Files\Java\jdk-21\bin\msvcp140.dll
0x00007ff9a2110000 - 0x00007ff9a2e2a000 	C:\Program Files\Java\jdk-21\bin\server\jvm.dll
0x00007ff9f4210000 - 0x00007ff9f427b000 	C:\WINDOWS\System32\WS2_32.dll
0x00007ff9f2df0000 - 0x00007ff9f2e3b000 	C:\WINDOWS\SYSTEM32\POWRPROF.dll
0x00007ff9e0140000 - 0x00007ff9e0167000 	C:\WINDOWS\SYSTEM32\WINMM.dll
0x00007ff9f2dd0000 - 0x00007ff9f2de2000 	C:\WINDOWS\SYSTEM32\UMPDC.dll
0x00007ff9f0dc0000 - 0x00007ff9f0dd2000 	C:\WINDOWS\SYSTEM32\kernel.appcore.dll
0x00007ff9e2590000 - 0x00007ff9e259a000 	C:\Program Files\Java\jdk-21\bin\jimage.dll
0x00007ff9df840000 - 0x00007ff9dfa41000 	C:\WINDOWS\SYSTEM32\DBGHELP.DLL
0x00007ff9dd350000 - 0x00007ff9dd384000 	C:\WINDOWS\SYSTEM32\dbgcore.DLL
0x00007ff9f3630000 - 0x00007ff9f36b2000 	C:\WINDOWS\System32\bcryptPrimitives.dll
0x00007ff9e2280000 - 0x00007ff9e229f000 	C:\Program Files\Java\jdk-21\bin\java.dll
0x00007ff9f4930000 - 0x00007ff9f50a0000 	C:\WINDOWS\System32\SHELL32.dll
0x00007ff9f0fc0000 - 0x00007ff9f1765000 	C:\WINDOWS\SYSTEM32\windows.storage.dll
0x00007ff9f50a0000 - 0x00007ff9f53f4000 	C:\WINDOWS\System32\combase.dll
0x00007ff9f28e0000 - 0x00007ff9f290b000 	C:\WINDOWS\SYSTEM32\Wldp.dll
0x00007ff9f46f0000 - 0x00007ff9f47bd000 	C:\WINDOWS\System32\OLEAUT32.dll
0x00007ff9f3920000 - 0x00007ff9f39cd000 	C:\WINDOWS\System32\SHCORE.dll
0x00007ff9f57c0000 - 0x00007ff9f581b000 	C:\WINDOWS\System32\shlwapi.dll
0x00007ff9f2ec0000 - 0x00007ff9f2ee4000 	C:\WINDOWS\SYSTEM32\profapi.dll
0x00007ff9c1e40000 - 0x00007ff9c1f17000 	C:\Program Files\Java\jdk-21\bin\jsvml.dll
0x00007ff9e2270000 - 0x00007ff9e2280000 	C:\Program Files\Java\jdk-21\bin\net.dll
0x00007ff9ec950000 - 0x00007ff9eca5a000 	C:\WINDOWS\SYSTEM32\WINHTTP.dll
0x00007ff9f25f0000 - 0x00007ff9f265a000 	C:\WINDOWS\system32\mswsock.dll
0x00007ff9e0dd0000 - 0x00007ff9e0de6000 	C:\Program Files\Java\jdk-21\bin\nio.dll
0x00007ff9e09b0000 - 0x00007ff9e09c8000 	C:\Program Files\Java\jdk-21\bin\zip.dll
0x00007ff9df250000 - 0x00007ff9df274000 	C:\Users\2oleg\Downloads\apache-maven-3.9.11-bin\apache-maven-3.9.11\lib\jansi-native\Windows\x86_64\jansi.dll
0x00007ff9e1970000 - 0x00007ff9e1980000 	C:\Program Files\Java\jdk-21\bin\verify.dll

dbghelp: loaded successfully - version: 4.0.5 - missing functions: none
symbol engine: initialized successfully - sym options: 0x614 - pdb path: .;C:\Program Files\Java\jdk-21\bin;C:\WINDOWS\SYSTEM32;C:\WINDOWS\WinSxS\amd64_microsoft.windows.common-controls_6595b64144ccf1df_6.0.19041.6456_none_60b8a6cb71f64256;C:\Program Files\Java\jdk-21\bin\server;C:\Users\2oleg\Downloads\apache-maven-3.9.11-bin\apache-maven-3.9.11\lib\jansi-native\Windows\x86_64

VM Arguments:
jvm_args: --enable-native-access=ALL-UNNAMED -Dclassworlds.conf=C:\Users\2oleg\Downloads\apache-maven-3.9.11-bin\apache-maven-3.9.11\bin\m2.conf -Dmaven.home=C:\Users\2oleg\Downloads\apache-maven-3.9.11-bin\apache-maven-3.9.11 -Dlibrary.jansi.path=C:\Users\2oleg\Downloads\apache-maven-3.9.11-bin\apache-maven-3.9.11\lib\jansi-native -Dmaven.multiModuleProjectDirectory=C:\Users\2oleg\Downloads\Telegram Desktop\Kefir\Backend\TransactionSaga 
java_command: org.codehaus.plexus.classworlds.launcher.Launcher spring-boot:run -Dserver.port=8090 -DskipTests
java_class_path (initial): C:\Users\2oleg\Downloads\apache-maven-3.9.11-bin\apache-maven-3.9.11\boot\plexus-classworlds-2.9.0.jar
Launcher Type: SUN_STANDARD

[Global flags]
     intx CICompilerCount                          = 4                                         {product} {ergonomic}
     uint ConcGCThreads                            = 2                                         {product} {ergonomic}
     uint G1ConcRefinementThreads                  = 8                                         {product} {ergonomic}
   size_t G1HeapRegionSize                         = 2097152                                   {product} {ergonomic}
    uintx GCDrainStackTargetSize                   = 64                                        {product} {ergonomic}
   size_t InitialHeapSize                          = 192937984                                 {product} {ergonomic}
   size_t MarkStackSize                            = 4194304                                   {product} {ergonomic}
   size_t MaxHeapSize                              = 3074424832                                {product} {ergonomic}
   size_t MaxNewSize                               = 1843396608                                {product} {ergonomic}
   size_t MinHeapDeltaBytes                        = 2097152                                   {product} {ergonomic}
   size_t MinHeapSize                              = 8388608                                   {product} {ergonomic}
    uintx NonNMethodCodeHeapSize                   = 5839372                                {pd product} {ergonomic}
    uintx NonProfiledCodeHeapSize                  = 122909434                              {pd product} {ergonomic}
    uintx ProfiledCodeHeapSize                     = 122909434                              {pd product} {ergonomic}
    uintx ReservedCodeCacheSize                    = 251658240                              {pd product} {ergonomic}
     bool SegmentedCodeCache                       = true                                      {product} {ergonomic}
   size_t SoftMaxHeapSize                          = 3074424832                             {manageable} {ergonomic}
     bool UseCompressedOops                        = true                           {product lp64_product} {ergonomic}
     bool UseG1GC                                  = true                                      {product} {ergonomic}
     bool UseLargePagesIndividualAllocation        = false                                  {pd product} {ergonomic}

Logging:
Log output configuration:
 #0: stdout all=warning uptime,level,tags foldmultilines=false
 #1: stderr all=off uptime,level,tags foldmultilines=false

Environment Variables:
JAVA_HOME=C:\Program Files\Java\jdk-21
PATH=C:\Program Files\Common Files\Oracle\Java\javapath;C:\Program Files (x86)\Cuminas\Document Express DjVu Plug-in\;C:\Program Files (x86)\Razer Chroma SDK\bin;C:\Program Files\Razer Chroma SDK\bin;C:\WINDOWS\system32;C:\WINDOWS;C:\WINDOWS\System32\Wbem;C:\WINDOWS\System32\WindowsPowerShell\v1.0\;C:\WINDOWS\System32\OpenSSH\;C:\Program Files (x86)\NVIDIA Corporation\PhysX\Common;C:\WINDOWS\system32\config\systemprofile\AppData\Local\Microsoft\WindowsApps;C:\Program Files (x86)\Razer\ChromaBroadcast\bin;C:\Program Files\Razer\ChromaBroadcast\bin;C:\Users\2oleg\AppData\Local\Microsoft\WindowsApps;C:\Program Files\JetBrains\IntelliJ IDEA Community Edition 2024.3\bin;C:\Users\2oleg\AppData\Local\Programs\Microsoft VS Code\bin;C:\Program Files\Docker\Docker\resources\bin;C:\Users\2oleg\Downloads\curl-8.16.0_6-win64-mingw.zip\curl-8.16.0_6-win64-mingw\bin;C:\Users\2oleg\Downloads\curl-8.16.0_6-win64-mingw\curl-8.16.0_6-win64-mingw\bin;C:\Users\2oleg\Downloads\apache-maven-3.9.11-bin\apache-maven-3.9.11\bin;C:\ProgramData\chocolatey\bin;C:\Users\2oleg\AppData\Roaming\Cloud Foundry;C:\Program Files\Git\cmd;C:\Program Files\nodejs\;C:\Users\2oleg\AppData\Local\Muse Hub\lib;C:\Users\2oleg\AppData\Local\Microsoft\WindowsApps;C:\Program Files\JetBrains\IntelliJ IDEA Community Edition 2025.2.4\bin;C:\Users\2oleg\AppData\Local\Programs\Microsoft VS Code\bin;C:\Program Files\jq.exe;C:\Users\2oleg\AppData\Local\Microsoft\WinGet\Packages\jqlang.jq_Microsoft.Winget.Source_8wekyb3d8bbwe;C:\Program Files\Java\jdk-24;C:\Users\2oleg\Downloads\gradle-9.0.0-bin\gradle-9.0.0\bin;C:\Program Files\Docker\Docker\resources\bin;C:\Users\2oleg\AppData\Local\GitHubDesktop\bin;C:\Users\2oleg\AppData\Roaming\npm
USERNAME=2oleg
OS=Windows_NT
PROCESSOR_IDENTIFIER=Intel64 Family 6 Model 60 Stepping 3, GenuineIntel
TMP=C:\Users\2oleg\AppData\Local\Temp
TEMP=C:\Users\2oleg\AppData\Local\Temp




Periodic native trim disabled

---------------  S Y S T E M  ---------------

OS:
 Windows 10 , 64 bit Build 19041 (10.0.19041.5915)
OS uptime: 13 days 9:11 hours
Hyper-V role detected

CPU: total 8 (initial active 8) (4 cores per cpu, 2 threads per core) family 6 model 60 stepping 3 microcode 0x27, cx8, cmov, fxsr, ht, mmx, sse, sse2, sse3, ssse3, sse4.1, sse4.2, popcnt, lzcnt, tsc, tscinvbit, avx, avx2, aes, erms, clmul, bmi1, bmi2, fma, vzeroupper, clflush, hv, rdtscp, f16c
Processor Information for all 8 processors :
  Max Mhz: 2401, Current Mhz: 2401, Mhz Limit: 2401

Memory: 4k page, system-wide physical 11723M (900M free)
TotalPageFile size 23723M (AvailPageFile size 778M)
current process WorkingSet (physical memory assigned to process): 62M, peak: 62M
current process commit charge ("private bytes"): 279M, peak: 279M

vm_info: Java HotSpot(TM) 64-Bit Server VM (21.0.7+8-LTS-245) for windows-amd64 JRE (21.0.7+8-LTS-245), built on 2025-02-21T05:11:27Z by "mach5one" with MS VC++ 17.6 (VS2022)

END.
