#
# There is insufficient memory for the Java Runtime Environment to continue.
# Native memory allocation (malloc) failed to allocate 65552 bytes for Chunk::new
# Possible reasons:
#   The system is out of physical RAM or swap space
#   The process is running with CompressedOops enabled, and the Java Heap may be blocking the growth of the native heap
# Possible solutions:
#   Reduce memory load on the system
#   Increase physical memory or swap space
#   Check if swap backing store is full
#   Decrease Java heap size (-Xmx/-Xms)
#   Decrease number of Java threads
#   Decrease Java thread stack sizes (-Xss)
#   Set larger code cache with -XX:ReservedCodeCacheSize=
#   JVM is running with Zero Based Compressed Oops mode in which the Java heap is
#     placed in the first 32GB address space. The Java Heap base address is the
#     maximum limit for the native heap growth. Please use -XX:HeapBaseMinAddress
#     to set the Java Heap base and to place the Java Heap above 32GB virtual address.
# This output file may be truncated or incomplete.
#
#  Out of Memory Error (arena.cpp:168), pid=20296, tid=26892
#
# JRE version: Java(TM) SE Runtime Environment (21.0.7+8) (build 21.0.7+8-LTS-245)
# Java VM: Java HotSpot(TM) 64-Bit Server VM (21.0.7+8-LTS-245, mixed mode, sharing, tiered, compressed oops, compressed class ptrs, g1 gc, windows-amd64)
# No core dump will be written. Minidumps are not enabled by default on client versions of Windows
#

---------------  S U M M A R Y ------------

Command Line: --enable-native-access=ALL-UNNAMED -Dclassworlds.conf=C:\Users\2oleg\Downloads\apache-maven-3.9.11-bin\apache-maven-3.9.11\bin\m2.conf -Dmaven.home=C:\Users\2oleg\Downloads\apache-maven-3.9.11-bin\apache-maven-3.9.11 -Dlibrary.jansi.path=C:\Users\2oleg\Downloads\apache-maven-3.9.11-bin\apache-maven-3.9.11\lib\jansi-native -Dmaven.multiModuleProjectDirectory=C:\Users\2oleg\Downloads\Telegram Desktop\Kefir\Backend\TransactionSaga org.codehaus.plexus.classworlds.launcher.Launcher spring-boot:run -Dserver.port=8090 -DskipTests

Host: Intel(R) Core(TM) i7-4700HQ CPU @ 2.40GHz, 8 cores, 11G,  Windows 10 , 64 bit Build 19041 (10.0.19041.5915)
Time: Sat Dec 13 01:32:09 2025 RTZ 2 (s 10 , 64 bit Build 19041 (10.0.19041.5915) elapsed time: 34.832259 seconds (0d 0h 0m 34s)

---------------  T H R E A D  ---------------

Current thread (0x0000017fe6364400):  JavaThread "C2 CompilerThread1" daemon [_thread_in_native, id=26892, stack(0x0000003f5fb00000,0x0000003f5fc00000) (1024K)]


Current CompileTask:
C2:  34832 8296       4       com.sun.tools.javac.code.Symbol$MethodSymbol::implementation (57 bytes)

Stack: [0x0000003f5fb00000,0x0000003f5fc00000]
Native frames: (J=compiled Java code, j=interpreted, Vv=VM code, C=native code)
V  [jvm.dll+0x6cae19]
V  [jvm.dll+0x855741]
V  [jvm.dll+0x857c6e]
V  [jvm.dll+0x858343]
V  [jvm.dll+0x27e0b6]
V  [jvm.dll+0xc4ecd]
V  [jvm.dll+0xc5403]
V  [jvm.dll+0x6f1c65]
V  [jvm.dll+0x6f2093]
V  [jvm.dll+0x6f4110]
V  [jvm.dll+0x6df2ca]
V  [jvm.dll+0x6def4b]
V  [jvm.dll+0x6e1731]
V  [jvm.dll+0x6e5051]
V  [jvm.dll+0x6dd2a5]
V  [jvm.dll+0x6dc76e]
V  [jvm.dll+0x6da98c]
V  [jvm.dll+0x1c9fbc]
V  [jvm.dll+0x1cab3c]
V  [jvm.dll+0x2f066f]
V  [jvm.dll+0x6e5078]
V  [jvm.dll+0x6dd2a5]
V  [jvm.dll+0x6dc76e]
V  [jvm.dll+0x6da98c]
V  [jvm.dll+0x1c9fbc]
V  [jvm.dll+0x1cab3c]
V  [jvm.dll+0x2f066f]
V  [jvm.dll+0x6e5078]
V  [jvm.dll+0x6dd2a5]
V  [jvm.dll+0x6dc76e]
V  [jvm.dll+0x6da98c]
V  [jvm.dll+0x1c9fbc]
V  [jvm.dll+0x1cab3c]
V  [jvm.dll+0x2f066f]
V  [jvm.dll+0x6e5078]
V  [jvm.dll+0x6dd2a5]
V  [jvm.dll+0x6dc76e]
V  [jvm.dll+0x6da98c]
V  [jvm.dll+0x1c9fbc]
V  [jvm.dll+0x1cab3c]
V  [jvm.dll+0x2f066f]
V  [jvm.dll+0x6e5078]
V  [jvm.dll+0x6dd2a5]
V  [jvm.dll+0x6dc76e]
V  [jvm.dll+0x6da98c]
V  [jvm.dll+0x1c9fbc]
V  [jvm.dll+0x245c7e]
V  [jvm.dll+0x1c6efe]
V  [jvm.dll+0x255819]
V  [jvm.dll+0x253daa]
V  [jvm.dll+0x3eebb6]
V  [jvm.dll+0x7ffa1b]
V  [jvm.dll+0x6c94fd]
C  [ucrtbase.dll+0x21bb2]
C  [KERNEL32.DLL+0x17374]
C  [ntdll.dll+0x4cc91]


---------------  P R O C E S S  ---------------

Threads class SMR info:
_java_thread_list=0x0000017fe6eb9910, length=13, elements={
0x0000017fff2eeed0, 0x0000017f9ef7ba40, 0x0000017f9ef7c840, 0x0000017f9ef7f450,
0x0000017f9ef7fea0, 0x0000017f9ef808f0, 0x0000017f9ef81340, 0x0000017f9ef864e0,
0x0000017f9ef87480, 0x0000017f9f1ee3a0, 0x0000017f9f1f0ff0, 0x0000017f9f17ab90,
0x0000017fe6364400
}

Java Threads: ( => current thread )
  0x0000017fff2eeed0 JavaThread "main"                              [_thread_in_native, id=16252, stack(0x0000003f5e700000,0x0000003f5e800000) (1024K)]
  0x0000017f9ef7ba40 JavaThread "Reference Handler"          daemon [_thread_blocked, id=27172, stack(0x0000003f5f000000,0x0000003f5f100000) (1024K)]
  0x0000017f9ef7c840 JavaThread "Finalizer"                  daemon [_thread_blocked, id=2892, stack(0x0000003f5f100000,0x0000003f5f200000) (1024K)]
  0x0000017f9ef7f450 JavaThread "Signal Dispatcher"          daemon [_thread_blocked, id=23292, stack(0x0000003f5f200000,0x0000003f5f300000) (1024K)]
  0x0000017f9ef7fea0 JavaThread "Attach Listener"            daemon [_thread_blocked, id=15076, stack(0x0000003f5f300000,0x0000003f5f400000) (1024K)]
  0x0000017f9ef808f0 JavaThread "Service Thread"             daemon [_thread_blocked, id=28124, stack(0x0000003f5f400000,0x0000003f5f500000) (1024K)]
  0x0000017f9ef81340 JavaThread "Monitor Deflation Thread"   daemon [_thread_blocked, id=3664, stack(0x0000003f5f500000,0x0000003f5f600000) (1024K)]
  0x0000017f9ef864e0 JavaThread "C2 CompilerThread0"         daemon [_thread_in_native, id=9552, stack(0x0000003f5f600000,0x0000003f5f700000) (1024K)]
  0x0000017f9ef87480 JavaThread "C1 CompilerThread0"         daemon [_thread_blocked, id=4048, stack(0x0000003f5f700000,0x0000003f5f800000) (1024K)]
  0x0000017f9f1ee3a0 JavaThread "Notification Thread"        daemon [_thread_blocked, id=18172, stack(0x0000003f5f800000,0x0000003f5f900000) (1024K)]
  0x0000017f9f1f0ff0 JavaThread "Common-Cleaner"             daemon [_thread_blocked, id=21392, stack(0x0000003f5f900000,0x0000003f5fa00000) (1024K)]
  0x0000017f9f17ab90 JavaThread "Thread-1"                   daemon [_thread_blocked, id=21616, stack(0x0000003f5fa00000,0x0000003f5fb00000) (1024K)]
=>0x0000017fe6364400 JavaThread "C2 CompilerThread1"         daemon [_thread_in_native, id=26892, stack(0x0000003f5fb00000,0x0000003f5fc00000) (1024K)]
Total: 13

Other Threads:
  0x0000017f9ef60dd0 VMThread "VM Thread"                           [id=28296, stack(0x0000003f5ef00000,0x0000003f5f000000) (1024K)]
  0x0000017f9ef4fe90 WatcherThread "VM Periodic Task Thread"        [id=27768, stack(0x0000003f5ee00000,0x0000003f5ef00000) (1024K)]
  0x0000017fff52f7c0 WorkerThread "GC Thread#0"                     [id=4444, stack(0x0000003f5e900000,0x0000003f5ea00000) (1024K)]
  0x0000017f9fd2e9f0 WorkerThread "GC Thread#1"                     [id=28040, stack(0x0000003f5fc00000,0x0000003f5fd00000) (1024K)]
  0x0000017f9fb08c20 WorkerThread "GC Thread#2"                     [id=18280, stack(0x0000003f5fd00000,0x0000003f5fe00000) (1024K)]
  0x0000017f9fb08fc0 WorkerThread "GC Thread#3"                     [id=18588, stack(0x0000003f5fe00000,0x0000003f5ff00000) (1024K)]
  0x0000017fe528c390 WorkerThread "GC Thread#4"                     [id=25084, stack(0x0000003f5ff00000,0x0000003f60000000) (1024K)]
  0x0000017fe528e740 WorkerThread "GC Thread#5"                     [id=24836, stack(0x0000003f60000000,0x0000003f60100000) (1024K)]
  0x0000017fe528eae0 WorkerThread "GC Thread#6"                     [id=27132, stack(0x0000003f60100000,0x0000003f60200000) (1024K)]
  0x0000017fe528ee80 WorkerThread "GC Thread#7"                     [id=6320, stack(0x0000003f60200000,0x0000003f60300000) (1024K)]
  0x0000017fff53c090 ConcurrentGCThread "G1 Main Marker"            [id=3764, stack(0x0000003f5ea00000,0x0000003f5eb00000) (1024K)]
  0x0000017fff53cb90 WorkerThread "G1 Conc#0"                       [id=28276, stack(0x0000003f5eb00000,0x0000003f5ec00000) (1024K)]
  0x0000017fe5bef3e0 WorkerThread "G1 Conc#1"                       [id=20176, stack(0x0000003f60300000,0x0000003f60400000) (1024K)]
  0x0000017fff5add90 ConcurrentGCThread "G1 Refine#0"               [id=26480, stack(0x0000003f5ec00000,0x0000003f5ed00000) (1024K)]
  0x0000017fff5ae900 ConcurrentGCThread "G1 Service"                [id=22004, stack(0x0000003f5ed00000,0x0000003f5ee00000) (1024K)]
Total: 15

Threads with active compile tasks:
C2 CompilerThread0    35221 8292       4       com.sun.tools.javac.code.Symbol$MethodSymbol::implementation (11 bytes)
C2 CompilerThread1    35221 8296       4       com.sun.tools.javac.code.Symbol$MethodSymbol::implementation (57 bytes)
Total: 2

VM state: not at safepoint (normal execution)

VM Mutex/Monitor currently owned by a thread: None

Heap address: 0x0000000748c00000, size: 2932 MB, Compressed Oops mode: Zero based, Oop shift amount: 3

CDS archive(s) mapped at: [0x0000017fa0000000-0x0000017fa0c90000-0x0000017fa0c90000), size 13172736, SharedBaseAddress: 0x0000017fa0000000, ArchiveRelocationMode: 1.
Compressed class space mapped at: 0x0000017fa1000000-0x0000017fe1000000, reserved size: 1073741824
Narrow klass base: 0x0000017fa0000000, Narrow klass shift: 0, Narrow klass range: 0x100000000

GC Precious Log:
 CardTable entry size: 512
 Card Set container configuration: InlinePtr #cards 4 size 8 Array Of Cards #cards 16 size 48 Howl #buckets 8 coarsen threshold 3686 Howl Bitmap #cards 512 size 80 coarsen threshold 460 Card regions per heap region 1 cards per card region 4096
 CPUs: 8 total, 8 available
 Memory: 11723M
 Large Page Support: Disabled
 NUMA Support: Disabled
 Compressed Oops: Enabled (Zero based)
 Heap Region Size: 2M
 Heap Min Capacity: 8M
 Heap Initial Capacity: 184M
 Heap Max Capacity: 2932M
 Pre-touch: Disabled
 Parallel Workers: 8
 Concurrent Workers: 2
 Concurrent Refinement Workers: 8
 Periodic GC: Disabled

Heap:
 garbage-first heap   total 137216K, used 65742K [0x0000000748c00000, 0x0000000800000000)
  region size 2048K, 17 young (34816K), 6 survivors (12288K)
 Metaspace       used 30694K, committed 31168K, reserved 1114112K
  class space    used 3373K, committed 3584K, reserved 1048576K

Heap Regions: E=young(eden), S=young(survivor), O=old, HS=humongous(starts), HC=humongous(continues), CS=collection set, F=free, TAMS=top-at-mark-start, PB=parsable bottom
|   0|0x0000000748c00000, 0x0000000748e00000, 0x0000000748e00000|100%| O|  |TAMS 0x0000000748c00000| PB 0x0000000748c00000| Untracked 
|   1|0x0000000748e00000, 0x0000000749000000, 0x0000000749000000|100%| O|  |TAMS 0x0000000748e00000| PB 0x0000000748e00000| Untracked 
|   2|0x0000000749000000, 0x0000000749000000, 0x0000000749200000|  0%| F|  |TAMS 0x0000000749000000| PB 0x0000000749000000| Untracked 
|   3|0x0000000749200000, 0x0000000749200000, 0x0000000749400000|  0%| F|  |TAMS 0x0000000749200000| PB 0x0000000749200000| Untracked 
|   4|0x0000000749400000, 0x0000000749400000, 0x0000000749600000|  0%| F|  |TAMS 0x0000000749400000| PB 0x0000000749400000| Untracked 
|   5|0x0000000749600000, 0x0000000749600000, 0x0000000749800000|  0%| F|  |TAMS 0x0000000749600000| PB 0x0000000749600000| Untracked 
|   6|0x0000000749800000, 0x0000000749800000, 0x0000000749a00000|  0%| F|  |TAMS 0x0000000749800000| PB 0x0000000749800000| Untracked 
|   7|0x0000000749a00000, 0x0000000749a00000, 0x0000000749c00000|  0%| F|  |TAMS 0x0000000749a00000| PB 0x0000000749a00000| Untracked 
|   8|0x0000000749c00000, 0x0000000749c00000, 0x0000000749e00000|  0%| F|  |TAMS 0x0000000749c00000| PB 0x0000000749c00000| Untracked 
|   9|0x0000000749e00000, 0x0000000749e00000, 0x000000074a000000|  0%| F|  |TAMS 0x0000000749e00000| PB 0x0000000749e00000| Untracked 
|  10|0x000000074a000000, 0x000000074a000000, 0x000000074a200000|  0%| F|  |TAMS 0x000000074a000000| PB 0x000000074a000000| Untracked 
|  11|0x000000074a200000, 0x000000074a200000, 0x000000074a400000|  0%| F|  |TAMS 0x000000074a200000| PB 0x000000074a200000| Untracked 
|  12|0x000000074a400000, 0x000000074a400000, 0x000000074a600000|  0%| F|  |TAMS 0x000000074a400000| PB 0x000000074a400000| Untracked 
|  13|0x000000074a600000, 0x000000074a600000, 0x000000074a800000|  0%| F|  |TAMS 0x000000074a600000| PB 0x000000074a600000| Untracked 
|  14|0x000000074a800000, 0x000000074a800000, 0x000000074aa00000|  0%| F|  |TAMS 0x000000074a800000| PB 0x000000074a800000| Untracked 
|  15|0x000000074aa00000, 0x000000074aa00000, 0x000000074ac00000|  0%| F|  |TAMS 0x000000074aa00000| PB 0x000000074aa00000| Untracked 
|  16|0x000000074ac00000, 0x000000074ac00000, 0x000000074ae00000|  0%| F|  |TAMS 0x000000074ac00000| PB 0x000000074ac00000| Untracked 
|  17|0x000000074ae00000, 0x000000074ae00000, 0x000000074b000000|  0%| F|  |TAMS 0x000000074ae00000| PB 0x000000074ae00000| Untracked 
|  18|0x000000074b000000, 0x000000074b000000, 0x000000074b200000|  0%| F|  |TAMS 0x000000074b000000| PB 0x000000074b000000| Untracked 
|  19|0x000000074b200000, 0x000000074b200000, 0x000000074b400000|  0%| F|  |TAMS 0x000000074b200000| PB 0x000000074b200000| Untracked 
|  20|0x000000074b400000, 0x000000074b600000, 0x000000074b600000|100%|HS|  |TAMS 0x000000074b400000| PB 0x000000074b400000| Complete 
|  21|0x000000074b600000, 0x000000074b800000, 0x000000074b800000|100%|HC|  |TAMS 0x000000074b600000| PB 0x000000074b600000| Complete 
|  22|0x000000074b800000, 0x000000074ba00000, 0x000000074ba00000|100%| O|  |TAMS 0x000000074b800000| PB 0x000000074b800000| Untracked 
|  23|0x000000074ba00000, 0x000000074bc00000, 0x000000074bc00000|100%| O|  |TAMS 0x000000074ba00000| PB 0x000000074ba00000| Untracked 
|  24|0x000000074bc00000, 0x000000074be00000, 0x000000074be00000|100%| O|  |TAMS 0x000000074bc00000| PB 0x000000074bc00000| Untracked 
|  25|0x000000074be00000, 0x000000074c000000, 0x000000074c000000|100%| O|  |TAMS 0x000000074be00000| PB 0x000000074be00000| Untracked 
|  26|0x000000074c000000, 0x000000074c200000, 0x000000074c200000|100%| O|  |TAMS 0x000000074c000000| PB 0x000000074c000000| Untracked 
|  27|0x000000074c200000, 0x000000074c233840, 0x000000074c400000| 10%| O|Cm|TAMS 0x000000074c200000| PB 0x000000074c200000| Complete 
|  28|0x000000074c400000, 0x000000074c400000, 0x000000074c600000|  0%| F|  |TAMS 0x000000074c400000| PB 0x000000074c400000| Untracked 
|  29|0x000000074c600000, 0x000000074c600000, 0x000000074c800000|  0%| F|  |TAMS 0x000000074c600000| PB 0x000000074c600000| Untracked 
|  30|0x000000074c800000, 0x000000074c800000, 0x000000074ca00000|  0%| F|  |TAMS 0x000000074c800000| PB 0x000000074c800000| Untracked 
|  31|0x000000074ca00000, 0x000000074ca00000, 0x000000074cc00000|  0%| F|  |TAMS 0x000000074ca00000| PB 0x000000074ca00000| Untracked 
|  32|0x000000074cc00000, 0x000000074cc00000, 0x000000074ce00000|  0%| F|  |TAMS 0x000000074cc00000| PB 0x000000074cc00000| Untracked 
|  33|0x000000074ce00000, 0x000000074ce00000, 0x000000074d000000|  0%| F|  |TAMS 0x000000074ce00000| PB 0x000000074ce00000| Untracked 
|  34|0x000000074d000000, 0x000000074d000000, 0x000000074d200000|  0%| F|  |TAMS 0x000000074d000000| PB 0x000000074d000000| Untracked 
|  35|0x000000074d200000, 0x000000074d200000, 0x000000074d400000|  0%| F|  |TAMS 0x000000074d200000| PB 0x000000074d200000| Untracked 
|  36|0x000000074d400000, 0x000000074d400000, 0x000000074d600000|  0%| F|  |TAMS 0x000000074d400000| PB 0x000000074d400000| Untracked 
|  37|0x000000074d600000, 0x000000074d600000, 0x000000074d800000|  0%| F|  |TAMS 0x000000074d600000| PB 0x000000074d600000| Untracked 
|  38|0x000000074d800000, 0x000000074d800000, 0x000000074da00000|  0%| F|  |TAMS 0x000000074d800000| PB 0x000000074d800000| Untracked 
|  39|0x000000074da00000, 0x000000074da00000, 0x000000074dc00000|  0%| F|  |TAMS 0x000000074da00000| PB 0x000000074da00000| Untracked 
|  40|0x000000074dc00000, 0x000000074dc00000, 0x000000074de00000|  0%| F|  |TAMS 0x000000074dc00000| PB 0x000000074dc00000| Untracked 
|  41|0x000000074de00000, 0x000000074de00000, 0x000000074e000000|  0%| F|  |TAMS 0x000000074de00000| PB 0x000000074de00000| Untracked 
|  42|0x000000074e000000, 0x000000074e000000, 0x000000074e200000|  0%| F|  |TAMS 0x000000074e000000| PB 0x000000074e000000| Untracked 
|  43|0x000000074e200000, 0x000000074e400000, 0x000000074e400000|100%| E|  |TAMS 0x000000074e200000| PB 0x000000074e200000| Complete 
|  44|0x000000074e400000, 0x000000074e600000, 0x000000074e600000|100%| E|CS|TAMS 0x000000074e400000| PB 0x000000074e400000| Complete 
|  45|0x000000074e600000, 0x000000074e800000, 0x000000074e800000|100%| E|CS|TAMS 0x000000074e600000| PB 0x000000074e600000| Complete 
|  46|0x000000074e800000, 0x000000074ea00000, 0x000000074ea00000|100%| E|CS|TAMS 0x000000074e800000| PB 0x000000074e800000| Complete 
|  47|0x000000074ea00000, 0x000000074ec00000, 0x000000074ec00000|100%| E|CS|TAMS 0x000000074ea00000| PB 0x000000074ea00000| Complete 
|  48|0x000000074ec00000, 0x000000074ee00000, 0x000000074ee00000|100%| S|CS|TAMS 0x000000074ec00000| PB 0x000000074ec00000| Complete 
|  49|0x000000074ee00000, 0x000000074f000000, 0x000000074f000000|100%| S|CS|TAMS 0x000000074ee00000| PB 0x000000074ee00000| Complete 
|  50|0x000000074f000000, 0x000000074f200000, 0x000000074f200000|100%| S|CS|TAMS 0x000000074f000000| PB 0x000000074f000000| Complete 
|  51|0x000000074f200000, 0x000000074f400000, 0x000000074f400000|100%| S|CS|TAMS 0x000000074f200000| PB 0x000000074f200000| Complete 
|  52|0x000000074f400000, 0x000000074f600000, 0x000000074f600000|100%| S|CS|TAMS 0x000000074f400000| PB 0x000000074f400000| Complete 
|  53|0x000000074f600000, 0x000000074f800000, 0x000000074f800000|100%| S|CS|TAMS 0x000000074f600000| PB 0x000000074f600000| Complete 
|  85|0x0000000753600000, 0x0000000753800000, 0x0000000753800000|100%| E|CS|TAMS 0x0000000753600000| PB 0x0000000753600000| Complete 
|  86|0x0000000753800000, 0x0000000753a00000, 0x0000000753a00000|100%| E|CS|TAMS 0x0000000753800000| PB 0x0000000753800000| Complete 
|  87|0x0000000753a00000, 0x0000000753c00000, 0x0000000753c00000|100%| E|CS|TAMS 0x0000000753a00000| PB 0x0000000753a00000| Complete 
|  88|0x0000000753c00000, 0x0000000753e00000, 0x0000000753e00000|100%| E|CS|TAMS 0x0000000753c00000| PB 0x0000000753c00000| Complete 
|  89|0x0000000753e00000, 0x0000000754000000, 0x0000000754000000|100%| E|CS|TAMS 0x0000000753e00000| PB 0x0000000753e00000| Complete 
|  91|0x0000000754200000, 0x0000000754400000, 0x0000000754400000|100%| E|CS|TAMS 0x0000000754200000| PB 0x0000000754200000| Complete 
|1459|0x00000007ff200000, 0x00000007ff400000, 0x00000007ff400000|100%| O|  |TAMS 0x00000007ff200000| PB 0x00000007ff200000| Untracked 
|1460|0x00000007ff400000, 0x00000007ff600000, 0x00000007ff600000|100%| O|  |TAMS 0x00000007ff400000| PB 0x00000007ff400000| Untracked 
|1461|0x00000007ff600000, 0x00000007ff800000, 0x00000007ff800000|100%| O|  |TAMS 0x00000007ff600000| PB 0x00000007ff600000| Untracked 
|1462|0x00000007ff800000, 0x00000007ffa00000, 0x00000007ffa00000|100%| O|  |TAMS 0x00000007ff800000| PB 0x00000007ff800000| Untracked 
|1463|0x00000007ffa00000, 0x00000007ffc00000, 0x00000007ffc00000|100%| O|  |TAMS 0x00000007ffa00000| PB 0x00000007ffa00000| Untracked 
|1464|0x00000007ffc00000, 0x00000007ffe00000, 0x00000007ffe00000|100%| O|  |TAMS 0x00000007ffc00000| PB 0x00000007ffc00000| Untracked 
|1465|0x00000007ffe00000, 0x0000000800000000, 0x0000000800000000|100%| O|  |TAMS 0x00000007ffe00000| PB 0x00000007ffe00000| Untracked 

Card table byte_map: [0x0000017f991f0000,0x0000017f997b0000] _byte_map_base: 0x0000017f957aa000

Marking Bits: (CMBitMap*) 0x0000017fff52fec0
 Bits: [0x0000017f997b0000, 0x0000017f9c580000)

Polling page: 0x0000017fff5b0000

Metaspace:

Usage:
  Non-class:     26.68 MB used.
      Class:      3.29 MB used.
       Both:     29.98 MB used.

Virtual space:
  Non-class space:       64.00 MB reserved,      26.94 MB ( 42%) committed,  1 nodes.
      Class space:        1.00 GB reserved,       3.50 MB ( <1%) committed,  1 nodes.
             Both:        1.06 GB reserved,      30.44 MB (  3%) committed. 

Chunk freelists:
   Non-Class:  4.55 MB
       Class:  12.45 MB
        Both:  17.00 MB

MaxMetaspaceSize: unlimited
CompressedClassSpaceSize: 1.00 GB
Initial GC threshold: 21.00 MB
Current GC threshold: 36.06 MB
CDS: on
 - commit_granule_bytes: 65536.
 - commit_granule_words: 8192.
 - virtual_space_node_default_size: 8388608.
 - enlarge_chunks_in_place: 1.
 - use_allocation_guard: 0.


Internal statistics:

num_allocs_failed_limit: 6.
num_arena_births: 414.
num_arena_deaths: 0.
num_vsnodes_births: 2.
num_vsnodes_deaths: 0.
num_space_committed: 487.
num_space_uncommitted: 0.
num_chunks_returned_to_freelist: 6.
num_chunks_taken_from_freelist: 1544.
num_chunk_merges: 6.
num_chunk_splits: 1079.
num_chunks_enlarged: 819.
num_inconsistent_stats: 0.

CodeHeap 'non-profiled nmethods': size=120000Kb used=4862Kb max_used=4862Kb free=115137Kb
 bounds [0x0000017f912b0000, 0x0000017f91770000, 0x0000017f987e0000]
CodeHeap 'profiled nmethods': size=120000Kb used=20560Kb max_used=20560Kb free=99439Kb
 bounds [0x0000017f897e0000, 0x0000017f8ac00000, 0x0000017f90d10000]
CodeHeap 'non-nmethods': size=5760Kb used=1452Kb max_used=1503Kb free=4308Kb
 bounds [0x0000017f90d10000, 0x0000017f90f80000, 0x0000017f912b0000]
 total_blobs=8891 nmethods=8355 adapters=440
 compilation: enabled
              stopped_count=0, restarted_count=0
 full_count=0

Compilation events (20 events):
Event: 34.739 Thread 0x0000017f9ef87480 8343   !   3       com.sun.tools.javac.comp.LambdaToMethod::visitSelect (104 bytes)
Event: 34.740 Thread 0x0000017f9ef87480 nmethod 8343 0x0000017f8abd5010 code [0x0000017f8abd5280, 0x0000017f8abd5f20]
Event: 34.740 Thread 0x0000017f9ef87480 8344       3       com.sun.tools.javac.tree.TreeTranslator::visitVarDef (66 bytes)
Event: 34.740 Thread 0x0000017f9ef87480 nmethod 8344 0x0000017f8abd6410 code [0x0000017f8abd6640, 0x0000017f8abd7068]
Event: 34.740 Thread 0x0000017f9ef87480 8345       3       com.sun.tools.javac.comp.Lower::visitApply (586 bytes)
Event: 34.745 Thread 0x0000017f9ef87480 nmethod 8345 0x0000017f8abd7210 code [0x0000017f8abd79c0, 0x0000017f8abdcc60]
Event: 34.745 Thread 0x0000017f9ef87480 8350       3       com.sun.tools.javac.jvm.Gen::genArgs (52 bytes)
Event: 34.746 Thread 0x0000017f9ef87480 nmethod 8350 0x0000017f8abde490 code [0x0000017f8abde6c0, 0x0000017f8abdef80]
Event: 34.746 Thread 0x0000017f9ef87480 8349       3       com.sun.tools.javac.jvm.Code::mergeChains (113 bytes)
Event: 34.746 Thread 0x0000017f9ef87480 nmethod 8349 0x0000017f8abdf210 code [0x0000017f8abdf460, 0x0000017f8abdfd90]
Event: 34.746 Thread 0x0000017f9ef87480 8353       3       com.sun.tools.javac.jvm.Gen::visitApply (137 bytes)
Event: 34.747 Thread 0x0000017f9ef87480 nmethod 8353 0x0000017f8abe0090 code [0x0000017f8abe03a0, 0x0000017f8abe13f8]
Event: 34.747 Thread 0x0000017f9ef87480 8354       2       com.sun.tools.javac.tree.TreeMaker::at (20 bytes)
Event: 34.747 Thread 0x0000017f9ef87480 nmethod 8354 0x0000017f8abe1910 code [0x0000017f8abe1ac0, 0x0000017f8abe1c18]
Event: 34.747 Thread 0x0000017f9ef87480 8351       3       com.sun.tools.javac.jvm.Code::put1 (9 bytes)
Event: 34.747 Thread 0x0000017f9ef87480 nmethod 8351 0x0000017f8abe1d10 code [0x0000017f8abe1ec0, 0x0000017f8abe2000]
Event: 34.747 Thread 0x0000017f9ef87480 8346       3       com.sun.tools.javac.code.Type$JCPrimitiveType::constType (13 bytes)
Event: 34.748 Thread 0x0000017f9ef87480 nmethod 8346 0x0000017f8abe2110 code [0x0000017f8abe2380, 0x0000017f8abe3288]
Event: 34.748 Thread 0x0000017f9ef87480 8347       3       com.sun.tools.javac.code.Type$JCPrimitiveType::cloneWithMetadata (6 bytes)
Event: 34.748 Thread 0x0000017f9ef87480 nmethod 8347 0x0000017f8abe3690 code [0x0000017f8abe3840, 0x0000017f8abe3a00]

GC Heap History (12 events):
Event: 1.573 GC heap before
{Heap before GC invocations=0 (full 0):
 garbage-first heap   total 188416K, used 22528K [0x0000000748c00000, 0x0000000800000000)
  region size 2048K, 11 young (22528K), 0 survivors (0K)
 Metaspace       used 5607K, committed 5824K, reserved 1114112K
  class space    used 645K, committed 768K, reserved 1048576K
}
Event: 1.580 GC heap after
{Heap after GC invocations=1 (full 0):
 garbage-first heap   total 188416K, used 3917K [0x0000000748c00000, 0x0000000800000000)
  region size 2048K, 2 young (4096K), 2 survivors (4096K)
 Metaspace       used 5607K, committed 5824K, reserved 1114112K
  class space    used 645K, committed 768K, reserved 1048576K
}
Event: 3.537 GC heap before
{Heap before GC invocations=1 (full 0):
 garbage-first heap   total 188416K, used 36685K [0x0000000748c00000, 0x0000000800000000)
  region size 2048K, 18 young (36864K), 2 survivors (4096K)
 Metaspace       used 9701K, committed 9920K, reserved 1114112K
  class space    used 1138K, committed 1216K, reserved 1048576K
}
Event: 3.544 GC heap after
{Heap after GC invocations=2 (full 0):
 garbage-first heap   total 188416K, used 5444K [0x0000000748c00000, 0x0000000800000000)
  region size 2048K, 1 young (2048K), 1 survivors (2048K)
 Metaspace       used 9701K, committed 9920K, reserved 1114112K
  class space    used 1138K, committed 1216K, reserved 1048576K
}
Event: 16.435 GC heap before
{Heap before GC invocations=2 (full 0):
 garbage-first heap   total 188416K, used 116036K [0x0000000748c00000, 0x0000000800000000)
  region size 2048K, 55 young (112640K), 1 survivors (2048K)
 Metaspace       used 16543K, committed 16832K, reserved 1114112K
  class space    used 1852K, committed 1984K, reserved 1048576K
}
Event: 16.459 GC heap after
{Heap after GC invocations=3 (full 0):
 garbage-first heap   total 188416K, used 15838K [0x0000000748c00000, 0x0000000800000000)
  region size 2048K, 6 young (12288K), 6 survivors (12288K)
 Metaspace       used 16543K, committed 16832K, reserved 1114112K
  class space    used 1852K, committed 1984K, reserved 1048576K
}
Event: 23.522 GC heap before
{Heap before GC invocations=3 (full 0):
 garbage-first heap   total 188416K, used 157150K [0x0000000748c00000, 0x0000000800000000)
  region size 2048K, 55 young (112640K), 6 survivors (12288K)
 Metaspace       used 20720K, committed 20992K, reserved 1114112K
  class space    used 2301K, committed 2432K, reserved 1048576K
}
Event: 23.545 GC heap after
{Heap after GC invocations=4 (full 0):
 garbage-first heap   total 188416K, used 30264K [0x0000000748c00000, 0x0000000800000000)
  region size 2048K, 4 young (8192K), 4 survivors (8192K)
 Metaspace       used 20720K, committed 20992K, reserved 1114112K
  class space    used 2301K, committed 2432K, reserved 1048576K
}
Event: 23.631 GC heap before
{Heap before GC invocations=4 (full 0):
 garbage-first heap   total 188416K, used 32312K [0x0000000748c00000, 0x0000000800000000)
  region size 2048K, 6 young (12288K), 4 survivors (8192K)
 Metaspace       used 21212K, committed 21504K, reserved 1114112K
  class space    used 2364K, committed 2496K, reserved 1048576K
}
Event: 23.639 GC heap after
{Heap after GC invocations=5 (full 0):
 garbage-first heap   total 188416K, used 27187K [0x0000000748c00000, 0x0000000800000000)
  region size 2048K, 5 young (10240K), 5 survivors (10240K)
 Metaspace       used 21212K, committed 21504K, reserved 1114112K
  class space    used 2364K, committed 2496K, reserved 1048576K
}
Event: 30.955 GC heap before
{Heap before GC invocations=6 (full 0):
 garbage-first heap   total 110592K, used 107059K [0x0000000748c00000, 0x0000000800000000)
  region size 2048K, 44 young (90112K), 5 survivors (10240K)
 Metaspace       used 28533K, committed 28928K, reserved 1114112K
  class space    used 3132K, committed 3328K, reserved 1048576K
}
Event: 30.993 GC heap after
{Heap after GC invocations=7 (full 0):
 garbage-first heap   total 137216K, used 45262K [0x0000000748c00000, 0x0000000800000000)
  region size 2048K, 6 young (12288K), 6 survivors (12288K)
 Metaspace       used 28533K, committed 28928K, reserved 1114112K
  class space    used 3132K, committed 3328K, reserved 1048576K
}

Dll operation events (8 events):
Event: 0.048 Loaded shared library C:\Program Files\Java\jdk-21\bin\java.dll
Event: 0.119 Loaded shared library C:\Program Files\Java\jdk-21\bin\jsvml.dll
Event: 0.172 Loaded shared library C:\Program Files\Java\jdk-21\bin\net.dll
Event: 0.198 Loaded shared library C:\Program Files\Java\jdk-21\bin\nio.dll
Event: 0.206 Loaded shared library C:\Program Files\Java\jdk-21\bin\zip.dll
Event: 0.679 Loaded shared library C:\Users\2oleg\Downloads\apache-maven-3.9.11-bin\apache-maven-3.9.11\lib\jansi-native\Windows\x86_64\jansi.dll
Event: 0.723 Loaded shared library C:\Program Files\Java\jdk-21\bin\verify.dll
Event: 0.792 Loaded shared library C:\Program Files\Java\jdk-21\bin\jimage.dll

Deoptimization events (20 events):
Event: 34.695 Thread 0x0000017fff2eeed0 Uncommon trap: trap_request=0xffffffde fr.pc=0x0000017f917141dc relative=0x0000000000000b3c
Event: 34.695 Thread 0x0000017fff2eeed0 Uncommon trap: reason=class_check action=maybe_recompile pc=0x0000017f917141dc method=java.util.HashMap.removeNode(ILjava/lang/Object;Ljava/lang/Object;ZZ)Ljava/util/HashMap$Node; @ 143 c2
Event: 34.695 Thread 0x0000017fff2eeed0 DEOPT PACKING pc=0x0000017f917141dc sp=0x0000003f5e7fb1a0
Event: 34.695 Thread 0x0000017fff2eeed0 DEOPT UNPACKING pc=0x0000017f90d646a2 sp=0x0000003f5e7fb138 mode 2
Event: 34.700 Thread 0x0000017fff2eeed0 Uncommon trap: trap_request=0xffffff45 fr.pc=0x0000017f91754ac8 relative=0x0000000000000368
Event: 34.700 Thread 0x0000017fff2eeed0 Uncommon trap: reason=unstable_if action=reinterpret pc=0x0000017f91754ac8 method=com.sun.tools.javac.code.Types$Subst.<init>(Lcom/sun/tools/javac/code/Types;Lcom/sun/tools/javac/util/List;Lcom/sun/tools/javac/util/List;)V @ 25 c2
Event: 34.700 Thread 0x0000017fff2eeed0 DEOPT PACKING pc=0x0000017f91754ac8 sp=0x0000003f5e7fb600
Event: 34.700 Thread 0x0000017fff2eeed0 DEOPT UNPACKING pc=0x0000017f90d646a2 sp=0x0000003f5e7fb520 mode 2
Event: 34.702 Thread 0x0000017fff2eeed0 Uncommon trap: trap_request=0xffffffde fr.pc=0x0000017f91766288 relative=0x0000000000000228
Event: 34.702 Thread 0x0000017fff2eeed0 Uncommon trap: reason=class_check action=maybe_recompile pc=0x0000017f91766288 method=com.sun.tools.javac.code.Type.containsAny(Lcom/sun/tools/javac/util/List;)Z @ 20 c2
Event: 34.702 Thread 0x0000017fff2eeed0 DEOPT PACKING pc=0x0000017f91766288 sp=0x0000003f5e7fb840
Event: 34.702 Thread 0x0000017fff2eeed0 DEOPT UNPACKING pc=0x0000017f90d646a2 sp=0x0000003f5e7fb7c0 mode 2
Event: 34.702 Thread 0x0000017fff2eeed0 Uncommon trap: trap_request=0xffffffde fr.pc=0x0000017f91766288 relative=0x0000000000000228
Event: 34.702 Thread 0x0000017fff2eeed0 Uncommon trap: reason=class_check action=maybe_recompile pc=0x0000017f91766288 method=com.sun.tools.javac.code.Type.containsAny(Lcom/sun/tools/javac/util/List;)Z @ 20 c2
Event: 34.702 Thread 0x0000017fff2eeed0 DEOPT PACKING pc=0x0000017f91766288 sp=0x0000003f5e7fb840
Event: 34.702 Thread 0x0000017fff2eeed0 DEOPT UNPACKING pc=0x0000017f90d646a2 sp=0x0000003f5e7fb7c0 mode 2
Event: 34.703 Thread 0x0000017fff2eeed0 Uncommon trap: trap_request=0xffffff45 fr.pc=0x0000017f9174c098 relative=0x00000000000003d8
Event: 34.703 Thread 0x0000017fff2eeed0 Uncommon trap: reason=unstable_if action=reinterpret pc=0x0000017f9174c098 method=com.sun.tools.javac.code.Types$Subst.<init>(Lcom/sun/tools/javac/code/Types;Lcom/sun/tools/javac/util/List;Lcom/sun/tools/javac/util/List;)V @ 43 c2
Event: 34.703 Thread 0x0000017fff2eeed0 DEOPT PACKING pc=0x0000017f9174c098 sp=0x0000003f5e7fb560
Event: 34.703 Thread 0x0000017fff2eeed0 DEOPT UNPACKING pc=0x0000017f90d646a2 sp=0x0000003f5e7fb518 mode 2

Classes loaded (20 events):
Event: 31.736 Loading class java/lang/runtime/ObjectMethods
Event: 31.771 Loading class java/lang/runtime/ObjectMethods done
Event: 31.774 Loading class java/lang/invoke/MethodHandleImpl$Makers
Event: 31.806 Loading class java/lang/invoke/MethodHandleImpl$Makers done
Event: 31.806 Loading class java/lang/invoke/MethodHandleImpl$Makers$1
Event: 31.829 Loading class java/lang/invoke/MethodHandleImpl$Makers$1 done
Event: 31.829 Loading class java/lang/invoke/MethodHandleImpl$Makers$2
Event: 31.829 Loading class java/lang/invoke/MethodHandleImpl$Makers$2 done
Event: 31.829 Loading class java/lang/invoke/MethodHandleImpl$Makers$3
Event: 31.829 Loading class java/lang/invoke/MethodHandleImpl$Makers$3 done
Event: 31.882 Loading class java/lang/runtime/ObjectMethods$1
Event: 31.882 Loading class java/lang/runtime/ObjectMethods$1 done
Event: 31.890 Loading class java/lang/invoke/DirectMethodHandle$1
Event: 31.909 Loading class java/lang/invoke/DirectMethodHandle$1 done
Event: 32.998 Loading class java/util/stream/ReduceOps$2
Event: 32.998 Loading class java/util/stream/ReduceOps$2 done
Event: 32.998 Loading class java/util/stream/ReduceOps$2ReducingSink
Event: 33.000 Loading class java/util/stream/ReduceOps$2ReducingSink done
Event: 33.128 Loading class java/lang/invoke/MethodHandleImpl$CountingWrapper
Event: 33.147 Loading class java/lang/invoke/MethodHandleImpl$CountingWrapper done

Classes unloaded (0 events):
No events

Classes redefined (0 events):
No events

Internal exceptions (20 events):
Event: 33.734 Thread 0x0000017fff2eeed0 Exception <a 'sun/nio/fs/WindowsException'{0x000000074e9561d8}> (0x000000074e9561d8) 
thrown [s\open\src\hotspot\share\prims\jni.cpp, line 520]
Event: 33.823 Thread 0x0000017fff2eeed0 Exception <a 'sun/nio/fs/WindowsException'{0x000000074e963590}> (0x000000074e963590) 
thrown [s\open\src\hotspot\share\prims\jni.cpp, line 520]
Event: 33.917 Thread 0x0000017fff2eeed0 Exception <a 'sun/nio/fs/WindowsException'{0x000000074e9d5c28}> (0x000000074e9d5c28) 
thrown [s\open\src\hotspot\share\prims\jni.cpp, line 520]
Event: 33.935 Thread 0x0000017fff2eeed0 Exception <a 'sun/nio/fs/WindowsException'{0x000000074e9e2eb8}> (0x000000074e9e2eb8) 
thrown [s\open\src\hotspot\share\prims\jni.cpp, line 520]
Event: 33.961 Thread 0x0000017fff2eeed0 Exception <a 'sun/nio/fs/WindowsException'{0x000000074e9fc808}> (0x000000074e9fc808) 
thrown [s\open\src\hotspot\share\prims\jni.cpp, line 520]
Event: 34.006 Thread 0x0000017fff2eeed0 Exception <a 'sun/nio/fs/WindowsException'{0x000000074e617918}> (0x000000074e617918) 
thrown [s\open\src\hotspot\share\prims\jni.cpp, line 520]
Event: 34.094 Thread 0x0000017fff2eeed0 Exception <a 'sun/nio/fs/WindowsException'{0x000000074e637770}> (0x000000074e637770) 
thrown [s\open\src\hotspot\share\prims\jni.cpp, line 520]
Event: 34.125 Thread 0x0000017fff2eeed0 Exception <a 'sun/nio/fs/WindowsException'{0x000000074e651a70}> (0x000000074e651a70) 
thrown [s\open\src\hotspot\share\prims\jni.cpp, line 520]
Event: 34.162 Thread 0x0000017fff2eeed0 Exception <a 'sun/nio/fs/WindowsException'{0x000000074e67d3f8}> (0x000000074e67d3f8) 
thrown [s\open\src\hotspot\share\prims\jni.cpp, line 520]
Event: 34.175 Thread 0x0000017fff2eeed0 Exception <a 'sun/nio/fs/WindowsException'{0x000000074e68d0f0}> (0x000000074e68d0f0) 
thrown [s\open\src\hotspot\share\prims\jni.cpp, line 520]
Event: 34.211 Thread 0x0000017fff2eeed0 Exception <a 'sun/nio/fs/WindowsException'{0x000000074e69cdc8}> (0x000000074e69cdc8) 
thrown [s\open\src\hotspot\share\prims\jni.cpp, line 520]
Event: 34.229 Thread 0x0000017fff2eeed0 Exception <a 'sun/nio/fs/WindowsException'{0x000000074e6cafc0}> (0x000000074e6cafc0) 
thrown [s\open\src\hotspot\share\prims\jni.cpp, line 520]
Event: 34.268 Thread 0x0000017fff2eeed0 Exception <a 'sun/nio/fs/WindowsException'{0x000000074e702f00}> (0x000000074e702f00) 
thrown [s\open\src\hotspot\share\prims\jni.cpp, line 520]
Event: 34.311 Thread 0x0000017fff2eeed0 Exception <a 'sun/nio/fs/WindowsException'{0x000000074e73cd78}> (0x000000074e73cd78) 
thrown [s\open\src\hotspot\share\prims\jni.cpp, line 520]
Event: 34.330 Thread 0x0000017fff2eeed0 Exception <a 'sun/nio/fs/WindowsException'{0x000000074e789db8}> (0x000000074e789db8) 
thrown [s\open\src\hotspot\share\prims\jni.cpp, line 520]
Event: 34.445 Thread 0x0000017fff2eeed0 Exception <a 'sun/nio/fs/WindowsException'{0x000000074e7dbf20}> (0x000000074e7dbf20) 
thrown [s\open\src\hotspot\share\prims\jni.cpp, line 520]
Event: 34.508 Thread 0x0000017fff2eeed0 Exception <a 'sun/nio/fs/WindowsException'{0x000000074e7f1ae0}> (0x000000074e7f1ae0) 
thrown [s\open\src\hotspot\share\prims\jni.cpp, line 520]
Event: 34.718 Thread 0x0000017fff2eeed0 Exception <a 'java/lang/NoSuchMethodError'{0x000000074e5a23f0}: 'java.lang.Object java.lang.invoke.DirectMethodHandle$Holder.newInvokeSpecial(java.lang.Object, java.lang.Object, java.lang.Object, java.lang.Object, java.lang.Object, java.lang.Object, java.lang.Object, int)'> (0x000000074e5a23f0) 
thrown [s\open\src\hotspot\share\interpreter\linkResolver.cpp, line 773]
Event: 34.718 Thread 0x0000017fff2eeed0 Exception <a 'java/lang/NoSuchMethodError'{0x000000074e5a7218}: 'java.lang.Object java.lang.invoke.DirectMethodHandle$Holder.invokeSpecial(java.lang.Object, java.lang.Object, java.lang.Object, java.lang.Object, java.lang.Object, java.lang.Object, java.lang.Object, java.lang.Object, int)'> (0x000000074e5a7218) 
thrown [s\open\src\hotspot\share\interpreter\linkResolver.cpp, line 773]
Event: 34.748 Thread 0x0000017fff2eeed0 Exception <a 'sun/nio/fs/WindowsException'{0x000000074e2c5b00}> (0x000000074e2c5b00) 
thrown [s\open\src\hotspot\share\prims\jni.cpp, line 520]

ZGC Phase Switch (0 events):
No events

VM Operations (20 events):
Event: 31.598 Executing VM operation: HandshakeAllThreads (Deoptimize)
Event: 31.598 Executing VM operation: HandshakeAllThreads (Deoptimize) done
Event: 31.612 Executing VM operation: ICBufferFull
Event: 31.613 Executing VM operation: ICBufferFull done
Event: 31.707 Executing VM operation: HandshakeAllThreads (Deoptimize)
Event: 31.707 Executing VM operation: HandshakeAllThreads (Deoptimize) done
Event: 31.916 Executing VM operation: HandshakeAllThreads (Deoptimize)
Event: 31.916 Executing VM operation: HandshakeAllThreads (Deoptimize) done
Event: 32.847 Executing VM operation: ICBufferFull
Event: 32.847 Executing VM operation: ICBufferFull done
Event: 32.922 Executing VM operation: HandshakeAllThreads (Deoptimize)
Event: 32.933 Executing VM operation: HandshakeAllThreads (Deoptimize) done
Event: 33.233 Executing VM operation: ICBufferFull
Event: 33.234 Executing VM operation: ICBufferFull done
Event: 33.619 Executing VM operation: ICBufferFull
Event: 33.620 Executing VM operation: ICBufferFull done
Event: 34.261 Executing VM operation: ICBufferFull
Event: 34.261 Executing VM operation: ICBufferFull done
Event: 34.703 Executing VM operation: ICBufferFull
Event: 34.703 Executing VM operation: ICBufferFull done

Events (20 events):
Event: 25.252 Thread 0x0000017f9f9fdf50 Thread exited: 0x0000017f9f9fdf50
Event: 26.049 Thread 0x0000017f9f9fad20 Thread added: 0x0000017f9f9fad20
Event: 26.287 Thread 0x0000017f9f9fad20 Thread exited: 0x0000017f9f9fad20
Event: 27.818 Thread 0x0000017fe6395d40 Thread added: 0x0000017fe6395d40
Event: 28.169 Thread 0x0000017fe6395d40 Thread exited: 0x0000017fe6395d40
Event: 28.174 Thread 0x0000017fe6395d40 Thread added: 0x0000017fe6395d40
Event: 28.174 Thread 0x0000017fe5c78f70 Thread added: 0x0000017fe5c78f70
Event: 28.731 Thread 0x0000017fe5c78f70 Thread exited: 0x0000017fe5c78f70
Event: 28.732 Thread 0x0000017fe6395d40 Thread exited: 0x0000017fe6395d40
Event: 29.286 Thread 0x0000017fe5af5ec0 Thread added: 0x0000017fe5af5ec0
Event: 29.740 Thread 0x0000017fe5af5ec0 Thread exited: 0x0000017fe5af5ec0
Event: 30.017 Thread 0x0000017fe6681840 Thread added: 0x0000017fe6681840
Event: 30.697 Thread 0x0000017fe6681840 Thread exited: 0x0000017fe6681840
Event: 30.737 Thread 0x0000017fe6681840 Thread added: 0x0000017fe6681840
Event: 30.861 Thread 0x0000017fe6363660 Thread added: 0x0000017fe6363660
Event: 31.493 Thread 0x0000017fe6363660 Thread exited: 0x0000017fe6363660
Event: 32.253 Thread 0x0000017fe6681840 Thread exited: 0x0000017fe6681840
Event: 32.900 Thread 0x0000017fe6363660 Thread added: 0x0000017fe6363660
Event: 33.901 Thread 0x0000017fe6363660 Thread exited: 0x0000017fe6363660
Event: 34.726 Thread 0x0000017fe6364400 Thread added: 0x0000017fe6364400


Dynamic libraries:
0x00007ff703c60000 - 0x00007ff703c70000 	C:\Program Files\Java\jdk-21\bin\java.exe
0x00007ff9f5930000 - 0x00007ff9f5b28000 	C:\WINDOWS\SYSTEM32\ntdll.dll
0x00007ff9f5400000 - 0x00007ff9f54c2000 	C:\WINDOWS\System32\KERNEL32.DLL
0x00007ff9f3130000 - 0x00007ff9f3426000 	C:\WINDOWS\System32\KERNELBASE.dll
0x00007ff9f3820000 - 0x00007ff9f3920000 	C:\WINDOWS\System32\ucrtbase.dll
0x00007ff9e2300000 - 0x00007ff9e2319000 	C:\Program Files\Java\jdk-21\bin\jli.dll
0x00007ff9f3da0000 - 0x00007ff9f3e51000 	C:\WINDOWS\System32\ADVAPI32.dll
0x00007ff9f5820000 - 0x00007ff9f58be000 	C:\WINDOWS\System32\msvcrt.dll
0x00007ff9f4800000 - 0x00007ff9f489f000 	C:\WINDOWS\System32\sechost.dll
0x00007ff9f3c10000 - 0x00007ff9f3d30000 	C:\WINDOWS\System32\RPCRT4.dll
0x00007ff9f3560000 - 0x00007ff9f3587000 	C:\WINDOWS\System32\bcrypt.dll
0x00007ff9f3f40000 - 0x00007ff9f40e1000 	C:\WINDOWS\System32\USER32.dll
0x00007ff9f3100000 - 0x00007ff9f3122000 	C:\WINDOWS\System32\win32u.dll
0x00007ff9f47c0000 - 0x00007ff9f47eb000 	C:\WINDOWS\System32\GDI32.dll
0x00007ff9f2f90000 - 0x00007ff9f30a9000 	C:\WINDOWS\System32\gdi32full.dll
0x00007ff9f3590000 - 0x00007ff9f362d000 	C:\WINDOWS\System32\msvcp_win.dll
0x00007ff9e31d0000 - 0x00007ff9e31eb000 	C:\Program Files\Java\jdk-21\bin\VCRUNTIME140.dll
0x00007ff9e4da0000 - 0x00007ff9e503b000 	C:\WINDOWS\WinSxS\amd64_microsoft.windows.common-controls_6595b64144ccf1df_6.0.19041.6456_none_60b8a6cb71f64256\COMCTL32.dll
0x00007ff9ecd10000 - 0x00007ff9ecd1a000 	C:\WINDOWS\SYSTEM32\VERSION.dll
0x00007ff9f3f10000 - 0x00007ff9f3f3f000 	C:\WINDOWS\System32\IMM32.DLL
0x00007ff9ed3a0000 - 0x00007ff9ed3ac000 	C:\Program Files\Java\jdk-21\bin\vcruntime140_1.dll
0x00007ff9c7130000 - 0x00007ff9c71be000 	C:\Program Files\Java\jdk-21\bin\msvcp140.dll
0x00007ff98ebe0000 - 0x00007ff98f8fa000 	C:\Program Files\Java\jdk-21\bin\server\jvm.dll
0x00007ff9f4210000 - 0x00007ff9f427b000 	C:\WINDOWS\System32\WS2_32.dll
0x00007ff9f2df0000 - 0x00007ff9f2e3b000 	C:\WINDOWS\SYSTEM32\POWRPROF.dll
0x00007ff9e0140000 - 0x00007ff9e0167000 	C:\WINDOWS\SYSTEM32\WINMM.dll
0x00007ff9f2dd0000 - 0x00007ff9f2de2000 	C:\WINDOWS\SYSTEM32\UMPDC.dll
0x00007ff9f0dc0000 - 0x00007ff9f0dd2000 	C:\WINDOWS\SYSTEM32\kernel.appcore.dll
0x00007ff9ed370000 - 0x00007ff9ed37a000 	C:\Program Files\Java\jdk-21\bin\jimage.dll
0x00007ff9df840000 - 0x00007ff9dfa41000 	C:\WINDOWS\SYSTEM32\DBGHELP.DLL
0x00007ff9dd350000 - 0x00007ff9dd384000 	C:\WINDOWS\SYSTEM32\dbgcore.DLL
0x00007ff9f3630000 - 0x00007ff9f36b2000 	C:\WINDOWS\System32\bcryptPrimitives.dll
0x00007ff9e0be0000 - 0x00007ff9e0bff000 	C:\Program Files\Java\jdk-21\bin\java.dll
0x00007ff9f4930000 - 0x00007ff9f50a0000 	C:\WINDOWS\System32\SHELL32.dll
0x00007ff9f0fc0000 - 0x00007ff9f1765000 	C:\WINDOWS\SYSTEM32\windows.storage.dll
0x00007ff9f50a0000 - 0x00007ff9f53f4000 	C:\WINDOWS\System32\combase.dll
0x00007ff9f28e0000 - 0x00007ff9f290b000 	C:\WINDOWS\SYSTEM32\Wldp.dll
0x00007ff9f46f0000 - 0x00007ff9f47bd000 	C:\WINDOWS\System32\OLEAUT32.dll
0x00007ff9f3920000 - 0x00007ff9f39cd000 	C:\WINDOWS\System32\SHCORE.dll
0x00007ff9f57c0000 - 0x00007ff9f581b000 	C:\WINDOWS\System32\shlwapi.dll
0x00007ff9f2ec0000 - 0x00007ff9f2ee4000 	C:\WINDOWS\SYSTEM32\profapi.dll
0x00007ff9ab440000 - 0x00007ff9ab517000 	C:\Program Files\Java\jdk-21\bin\jsvml.dll
0x00007ff9ebd20000 - 0x00007ff9ebd30000 	C:\Program Files\Java\jdk-21\bin\net.dll
0x00007ff9ec950000 - 0x00007ff9eca5a000 	C:\WINDOWS\SYSTEM32\WINHTTP.dll
0x00007ff9f25f0000 - 0x00007ff9f265a000 	C:\WINDOWS\system32\mswsock.dll
0x00007ff9dbf20000 - 0x00007ff9dbf36000 	C:\Program Files\Java\jdk-21\bin\nio.dll
0x00007ff9d8a60000 - 0x00007ff9d8a78000 	C:\Program Files\Java\jdk-21\bin\zip.dll
0x00007ff9d0da0000 - 0x00007ff9d0dc4000 	C:\Users\2oleg\Downloads\apache-maven-3.9.11-bin\apache-maven-3.9.11\lib\jansi-native\Windows\x86_64\jansi.dll
0x00007ff9e8580000 - 0x00007ff9e8590000 	C:\Program Files\Java\jdk-21\bin\verify.dll

dbghelp: loaded successfully - version: 4.0.5 - missing functions: none
symbol engine: initialized successfully - sym options: 0x614 - pdb path: .;C:\Program Files\Java\jdk-21\bin;C:\WINDOWS\SYSTEM32;C:\WINDOWS\WinSxS\amd64_microsoft.windows.common-controls_6595b64144ccf1df_6.0.19041.6456_none_60b8a6cb71f64256;C:\Program Files\Java\jdk-21\bin\server;C:\Users\2oleg\Downloads\apache-maven-3.9.11-bin\apache-maven-3.9.11\lib\jansi-native\Windows\x86_64

VM Arguments:
jvm_args: --enable-native-access=ALL-UNNAMED -Dclassworlds.conf=C:\Users\2oleg\Downloads\apache-maven-3.9.11-bin\apache-maven-3.9.11\bin\m2.conf -Dmaven.home=C:\Users\2oleg\Downloads\apache-maven-3.9.11-bin\apache-maven-3.9.11 -Dlibrary.jansi.path=C:\Users\2oleg\Downloads\apache-maven-3.9.11-bin\apache-maven-3.9.11\lib\jansi-native -Dmaven.multiModuleProjectDirectory=C:\Users\2oleg\Downloads\Telegram Desktop\Kefir\Backend\TransactionSaga 
java_command: org.codehaus.plexus.classworlds.launcher.Launcher spring-boot:run -Dserver.port=8090 -DskipTests
java_class_path (initial): C:\Users\2oleg\Downloads\apache-maven-3.9.11-bin\apache-maven-3.9.11\boot\plexus-classworlds-2.9.0.jar
Launcher Type: SUN_STANDARD

[Global flags]
     intx CICompilerCount                          = 4                                         {product} {ergonomic}
     uint ConcGCThreads                            = 2                                         {product} {ergonomic}
     uint G1ConcRefinementThreads                  = 8                                         {product} {ergonomic}
   size_t G1HeapRegionSize                         = 2097152                                   {product} {ergonomic}
    uintx GCDrainStackTargetSize                   = 64                                        {product} {ergonomic}
   size_t InitialHeapSize                          = 192937984                                 {product} {ergonomic}
   size_t MarkStackSize                            = 4194304                                   {product} {ergonomic}
   size_t MaxHeapSize                              = 3074424832                                {product} {ergonomic}
   size_t MaxNewSize                               = 1843396608                                {product} {ergonomic}
   size_t MinHeapDeltaBytes                        = 2097152                                   {product} {ergonomic}
   size_t MinHeapSize                              = 8388608                                   {product} {ergonomic}
    uintx NonNMethodCodeHeapSize                   = 5839372                                {pd product} {ergonomic}
    uintx NonProfiledCodeHeapSize                  = 122909434                              {pd product} {ergonomic}
    uintx ProfiledCodeHeapSize                     = 122909434                              {pd product} {ergonomic}
    uintx ReservedCodeCacheSize                    = 251658240                              {pd product} {ergonomic}
     bool SegmentedCodeCache                       = true                                      {product} {ergonomic}
   size_t SoftMaxHeapSize                          = 3074424832                             {manageable} {ergonomic}
     bool UseCompressedOops                        = true                           {product lp64_product} {ergonomic}
     bool UseG1GC                                  = true                                      {product} {ergonomic}
     bool UseLargePagesIndividualAllocation        = false                                  {pd product} {ergonomic}

Logging:
Log output configuration:
 #0: stdout all=warning uptime,level,tags foldmultilines=false
 #1: stderr all=off uptime,level,tags foldmultilines=false

Environment Variables:
JAVA_HOME=C:\Program Files\Java\jdk-21
PATH=C:\Program Files\Common Files\Oracle\Java\javapath;C:\Program Files (x86)\Cuminas\Document Express DjVu Plug-in\;C:\Program Files (x86)\Razer Chroma SDK\bin;C:\Program Files\Razer Chroma SDK\bin;C:\WINDOWS\system32;C:\WINDOWS;C:\WINDOWS\System32\Wbem;C:\WINDOWS\System32\WindowsPowerShell\v1.0\;C:\WINDOWS\System32\OpenSSH\;C:\Program Files (x86)\NVIDIA Corporation\PhysX\Common;C:\WINDOWS\system32\config\systemprofile\AppData\Local\Microsoft\WindowsApps;C:\Program Files (x86)\Razer\ChromaBroadcast\bin;C:\Program Files\Razer\ChromaBroadcast\bin;C:\Users\2oleg\AppData\Local\Microsoft\WindowsApps;C:\Program Files\JetBrains\IntelliJ IDEA Community Edition 2024.3\bin;C:\Users\2oleg\AppData\Local\Programs\Microsoft VS Code\bin;C:\Program Files\Docker\Docker\resources\bin;C:\Users\2oleg\Downloads\curl-8.16.0_6-win64-mingw.zip\curl-8.16.0_6-win64-mingw\bin;C:\Users\2oleg\Downloads\curl-8.16.0_6-win64-mingw\curl-8.16.0_6-win64-mingw\bin;C:\Users\2oleg\Downloads\apache-maven-3.9.11-bin\apache-maven-3.9.11\bin;C:\ProgramData\chocolatey\bin;C:\Users\2oleg\AppData\Roaming\Cloud Foundry;C:\Program Files\Git\cmd;C:\Program Files\nodejs\;C:\Users\2oleg\AppData\Local\Muse Hub\lib;C:\Users\2oleg\AppData\Local\Microsoft\WindowsApps;C:\Program Files\JetBrains\IntelliJ IDEA Community Edition 2025.2.4\bin;C:\Users\2oleg\AppData\Local\Programs\Microsoft VS Code\bin;C:\Program Files\jq.exe;C:\Users\2oleg\AppData\Local\Microsoft\WinGet\Packages\jqlang.jq_Microsoft.Winget.Source_8wekyb3d8bbwe;C:\Program Files\Java\jdk-24;C:\Users\2oleg\Downloads\gradle-9.0.0-bin\gradle-9.0.0\bin;C:\Program Files\Docker\Docker\resources\bin;C:\Users\2oleg\AppData\Local\GitHubDesktop\bin;C:\Users\2oleg\AppData\Roaming\npm
USERNAME=2oleg
OS=Windows_NT
PROCESSOR_IDENTIFIER=Intel64 Family 6 Model 60 Stepping 3, GenuineIntel
TMP=C:\Users\2oleg\AppData\Local\Temp
TEMP=C:\Users\2oleg\AppData\Local\Temp




Periodic native trim disabled

---------------  S Y S T E M  ---------------

OS:
 Windows 10 , 64 bit Build 19041 (10.0.19041.5915)
OS uptime: 10 days 12:17 hours
Hyper-V role detected

CPU: total 8 (initial active 8) (4 cores per cpu, 2 threads per core) family 6 model 60 stepping 3 microcode 0x27, cx8, cmov, fxsr, ht, mmx, sse, sse2, sse3, ssse3, sse4.1, sse4.2, popcnt, lzcnt, tsc, tscinvbit, avx, avx2, aes, erms, clmul, bmi1, bmi2, fma, vzeroupper, clflush, hv, rdtscp, f16c
Processor Information for all 8 processors :
  Max Mhz: 2401, Current Mhz: 2401, Mhz Limit: 2401

Memory: 4k page, system-wide physical 11723M (577M free)
TotalPageFile size 23723M (AvailPageFile size 37M)
current process WorkingSet (physical memory assigned to process): 281M, peak: 281M
current process commit charge ("private bytes"): 319M, peak: 332M

vm_info: Java HotSpot(TM) 64-Bit Server VM (21.0.7+8-LTS-245) for windows-amd64 JRE (21.0.7+8-LTS-245), built on 2025-02-21T05:11:27Z by "mach5one" with MS VC++ 17.6 (VS2022)

END.
