#
# There is insufficient memory for the Java Runtime Environment to continue.
# Native memory allocation (malloc) failed to allocate 131088 bytes for Chunk::new
# Possible reasons:
#   The system is out of physical RAM or swap space
#   The process is running with CompressedOops enabled, and the Java Heap may be blocking the growth of the native heap
# Possible solutions:
#   Reduce memory load on the system
#   Increase physical memory or swap space
#   Check if swap backing store is full
#   Decrease Java heap size (-Xmx/-Xms)
#   Decrease number of Java threads
#   Decrease Java thread stack sizes (-Xss)
#   Set larger code cache with -XX:ReservedCodeCacheSize=
#   JVM is running with Zero Based Compressed Oops mode in which the Java heap is
#     placed in the first 32GB address space. The Java Heap base address is the
#     maximum limit for the native heap growth. Please use -XX:HeapBaseMinAddress
#     to set the Java Heap base and to place the Java Heap above 32GB virtual address.
# This output file may be truncated or incomplete.
#
#  Out of Memory Error (arena.cpp:168), pid=26352, tid=8068
#
# JRE version: Java(TM) SE Runtime Environment (21.0.7+8) (build 21.0.7+8-LTS-245)
# Java VM: Java HotSpot(TM) 64-Bit Server VM (21.0.7+8-LTS-245, mixed mode, sharing, tiered, compressed oops, compressed class ptrs, g1 gc, windows-amd64)
# No core dump will be written. Minidumps are not enabled by default on client versions of Windows
#

---------------  S U M M A R Y ------------

Command Line: -Dclassworlds.conf=C:\Users\2oleg\Downloads\apache-maven-3.9.11-bin\apache-maven-3.9.11\bin\m2.conf -Dmaven.home=C:\Users\2oleg\Downloads\apache-maven-3.9.11-bin\apache-maven-3.9.11 -Dlibrary.jansi.path=C:\Users\2oleg\Downloads\apache-maven-3.9.11-bin\apache-maven-3.9.11\lib\jansi-native -Dmaven.multiModuleProjectDirectory=C:\Users\2oleg\Downloads\Telegram Desktop\Kefir\Backend\TransactionSaga org.codehaus.plexus.classworlds.launcher.Launcher spring-boot:run -Dserver.port=8090 -DskipTests

Host: Intel(R) Core(TM) i7-4700HQ CPU @ 2.40GHz, 8 cores, 11G,  Windows 10 , 64 bit Build 19041 (10.0.19041.5915)
Time: Sat Dec 13 02:21:09 2025 RTZ 2 (s 10 , 64 bit Build 19041 (10.0.19041.5915) elapsed time: 28.117811 seconds (0d 0h 0m 28s)

---------------  T H R E A D  ---------------

Current thread (0x000001aae2bc48c0):  JavaThread "C2 CompilerThread0" daemon [_thread_in_native, id=8068, stack(0x0000009378400000,0x0000009378500000) (1024K)]


Current CompileTask:
C2:  28118 4524       4       org.codehaus.plexus.util.xml.Xpp3DomBuilder::build (413 bytes)

Stack: [0x0000009378400000,0x0000009378500000]
Native frames: (J=compiled Java code, j=interpreted, Vv=VM code, C=native code)
V  [jvm.dll+0x6cae19]
V  [jvm.dll+0x855741]
V  [jvm.dll+0x857c6e]
V  [jvm.dll+0x858343]
V  [jvm.dll+0x27e0b6]
V  [jvm.dll+0xc4ecd]
V  [jvm.dll+0xc5403]
V  [jvm.dll+0xbc79d]
V  [jvm.dll+0x5f5caf]
V  [jvm.dll+0x24fbc2]
V  [jvm.dll+0x24ff7f]
V  [jvm.dll+0x248a9c]
V  [jvm.dll+0x246004]
V  [jvm.dll+0x1c6efe]
V  [jvm.dll+0x255819]
V  [jvm.dll+0x253daa]
V  [jvm.dll+0x3eebb6]
V  [jvm.dll+0x7ffa1b]
V  [jvm.dll+0x6c94fd]
C  [ucrtbase.dll+0x21bb2]
C  [KERNEL32.DLL+0x17374]
C  [ntdll.dll+0x4cc91]


---------------  P R O C E S S  ---------------

Threads class SMR info:
_java_thread_list=0x000001aae7f21360, length=12, elements={
0x000001aac2fb3300, 0x000001aae2bba480, 0x000001aae2bbb0d0, 0x000001aae2bbdc30,
0x000001aae2bbe680, 0x000001aae2bbf0d0, 0x000001aae2bbfb20, 0x000001aae2bc48c0,
0x000001aae2bc7f00, 0x000001aae70b7ab0, 0x000001aae70ba2e0, 0x000001aae7f14ea0
}

Java Threads: ( => current thread )
  0x000001aac2fb3300 JavaThread "main"                              [_thread_in_Java, id=27208, stack(0x0000009377600000,0x0000009377700000) (1024K)]
  0x000001aae2bba480 JavaThread "Reference Handler"          daemon [_thread_blocked, id=30932, stack(0x0000009377e00000,0x0000009377f00000) (1024K)]
  0x000001aae2bbb0d0 JavaThread "Finalizer"                  daemon [_thread_blocked, id=2552, stack(0x0000009377f00000,0x0000009378000000) (1024K)]
  0x000001aae2bbdc30 JavaThread "Signal Dispatcher"          daemon [_thread_blocked, id=20072, stack(0x0000009378000000,0x0000009378100000) (1024K)]
  0x000001aae2bbe680 JavaThread "Attach Listener"            daemon [_thread_blocked, id=13220, stack(0x0000009378100000,0x0000009378200000) (1024K)]
  0x000001aae2bbf0d0 JavaThread "Service Thread"             daemon [_thread_blocked, id=5080, stack(0x0000009378200000,0x0000009378300000) (1024K)]
  0x000001aae2bbfb20 JavaThread "Monitor Deflation Thread"   daemon [_thread_blocked, id=32176, stack(0x0000009378300000,0x0000009378400000) (1024K)]
=>0x000001aae2bc48c0 JavaThread "C2 CompilerThread0"         daemon [_thread_in_native, id=8068, stack(0x0000009378400000,0x0000009378500000) (1024K)]
  0x000001aae2bc7f00 JavaThread "C1 CompilerThread0"         daemon [_thread_blocked, id=27812, stack(0x0000009378500000,0x0000009378600000) (1024K)]
  0x000001aae70b7ab0 JavaThread "Notification Thread"        daemon [_thread_blocked, id=12448, stack(0x0000009378600000,0x0000009378700000) (1024K)]
  0x000001aae70ba2e0 JavaThread "Common-Cleaner"             daemon [_thread_blocked, id=28008, stack(0x0000009378700000,0x0000009378800000) (1024K)]
  0x000001aae7f14ea0 JavaThread "Thread-1"                   daemon [_thread_blocked, id=19140, stack(0x0000009378f00000,0x0000009379000000) (1024K)]
Total: 12

Other Threads:
  0x000001aae2b9f870 VMThread "VM Thread"                           [id=20532, stack(0x0000009377d00000,0x0000009377e00000) (1024K)]
  0x000001aae2b8cfa0 WatcherThread "VM Periodic Task Thread"        [id=30912, stack(0x0000009377c00000,0x0000009377d00000) (1024K)]
  0x000001aac310e700 WorkerThread "GC Thread#0"                     [id=24836, stack(0x0000009377700000,0x0000009377800000) (1024K)]
  0x000001aae7c35c90 WorkerThread "GC Thread#1"                     [id=20408, stack(0x0000009378800000,0x0000009378900000) (1024K)]
  0x000001aae7c36030 WorkerThread "GC Thread#2"                     [id=29528, stack(0x0000009378900000,0x0000009378a00000) (1024K)]
  0x000001aae7c363d0 WorkerThread "GC Thread#3"                     [id=12352, stack(0x0000009378a00000,0x0000009378b00000) (1024K)]
  0x000001aae72348c0 WorkerThread "GC Thread#4"                     [id=14148, stack(0x0000009378b00000,0x0000009378c00000) (1024K)]
  0x000001aae79644a0 WorkerThread "GC Thread#5"                     [id=18872, stack(0x0000009378c00000,0x0000009378d00000) (1024K)]
  0x000001aae7964840 WorkerThread "GC Thread#6"                     [id=21768, stack(0x0000009378d00000,0x0000009378e00000) (1024K)]
  0x000001aae7964be0 WorkerThread "GC Thread#7"                     [id=11976, stack(0x0000009378e00000,0x0000009378f00000) (1024K)]
  0x000001aac311b630 ConcurrentGCThread "G1 Main Marker"            [id=4572, stack(0x0000009377800000,0x0000009377900000) (1024K)]
  0x000001aac311c130 WorkerThread "G1 Conc#0"                       [id=28508, stack(0x0000009377900000,0x0000009377a00000) (1024K)]
  0x000001aac318d3d0 ConcurrentGCThread "G1 Refine#0"               [id=26248, stack(0x0000009377a00000,0x0000009377b00000) (1024K)]
  0x000001aac318e0f0 ConcurrentGCThread "G1 Service"                [id=28228, stack(0x0000009377b00000,0x0000009377c00000) (1024K)]
Total: 14

Threads with active compile tasks:
C2 CompilerThread0    28193 4524       4       org.codehaus.plexus.util.xml.Xpp3DomBuilder::build (413 bytes)
Total: 1

VM state: not at safepoint (normal execution)

VM Mutex/Monitor currently owned by a thread: None

Heap address: 0x0000000748c00000, size: 2932 MB, Compressed Oops mode: Zero based, Oop shift amount: 3

CDS archive(s) mapped at: [0x000001aa80000000-0x000001aa80c90000-0x000001aa80c90000), size 13172736, SharedBaseAddress: 0x000001aa80000000, ArchiveRelocationMode: 1.
Compressed class space mapped at: 0x000001aa81000000-0x000001aac1000000, reserved size: 1073741824
Narrow klass base: 0x000001aa80000000, Narrow klass shift: 0, Narrow klass range: 0x100000000

GC Precious Log:
 CardTable entry size: 512
 Card Set container configuration: InlinePtr #cards 4 size 8 Array Of Cards #cards 16 size 48 Howl #buckets 8 coarsen threshold 3686 Howl Bitmap #cards 512 size 80 coarsen threshold 460 Card regions per heap region 1 cards per card region 4096
 CPUs: 8 total, 8 available
 Memory: 11723M
 Large Page Support: Disabled
 NUMA Support: Disabled
 Compressed Oops: Enabled (Zero based)
 Heap Region Size: 2M
 Heap Min Capacity: 8M
 Heap Initial Capacity: 184M
 Heap Max Capacity: 2932M
 Pre-touch: Disabled
 Parallel Workers: 8
 Concurrent Workers: 2
 Concurrent Refinement Workers: 8
 Periodic GC: Disabled

Heap:
 garbage-first heap   total 188416K, used 28143K [0x0000000748c00000, 0x0000000800000000)
  region size 2048K, 13 young (26624K), 6 survivors (12288K)
 Metaspace       used 16500K, committed 16768K, reserved 1114112K
  class space    used 1853K, committed 1984K, reserved 1048576K

Heap Regions: E=young(eden), S=young(survivor), O=old, HS=humongous(starts), HC=humongous(continues), CS=collection set, F=free, TAMS=top-at-mark-start, PB=parsable bottom
|   0|0x0000000748c00000, 0x0000000748e00000, 0x0000000748e00000|100%| O|  |TAMS 0x0000000748c00000| PB 0x0000000748c00000| Untracked 
|   1|0x0000000748e00000, 0x0000000748f7be08, 0x0000000749000000| 74%| O|  |TAMS 0x0000000748e00000| PB 0x0000000748e00000| Untracked 
|   2|0x0000000749000000, 0x0000000749000000, 0x0000000749200000|  0%| F|  |TAMS 0x0000000749000000| PB 0x0000000749000000| Untracked 
|   3|0x0000000749200000, 0x0000000749200000, 0x0000000749400000|  0%| F|  |TAMS 0x0000000749200000| PB 0x0000000749200000| Untracked 
|   4|0x0000000749400000, 0x0000000749400000, 0x0000000749600000|  0%| F|  |TAMS 0x0000000749400000| PB 0x0000000749400000| Untracked 
|   5|0x0000000749600000, 0x0000000749600000, 0x0000000749800000|  0%| F|  |TAMS 0x0000000749600000| PB 0x0000000749600000| Untracked 
|   6|0x0000000749800000, 0x0000000749800000, 0x0000000749a00000|  0%| F|  |TAMS 0x0000000749800000| PB 0x0000000749800000| Untracked 
|   7|0x0000000749a00000, 0x0000000749a00000, 0x0000000749c00000|  0%| F|  |TAMS 0x0000000749a00000| PB 0x0000000749a00000| Untracked 
|   8|0x0000000749c00000, 0x0000000749c00000, 0x0000000749e00000|  0%| F|  |TAMS 0x0000000749c00000| PB 0x0000000749c00000| Untracked 
|   9|0x0000000749e00000, 0x0000000749e00000, 0x000000074a000000|  0%| F|  |TAMS 0x0000000749e00000| PB 0x0000000749e00000| Untracked 
|  10|0x000000074a000000, 0x000000074a000000, 0x000000074a200000|  0%| F|  |TAMS 0x000000074a000000| PB 0x000000074a000000| Untracked 
|  11|0x000000074a200000, 0x000000074a200000, 0x000000074a400000|  0%| F|  |TAMS 0x000000074a200000| PB 0x000000074a200000| Untracked 
|  12|0x000000074a400000, 0x000000074a400000, 0x000000074a600000|  0%| F|  |TAMS 0x000000074a400000| PB 0x000000074a400000| Untracked 
|  13|0x000000074a600000, 0x000000074a600000, 0x000000074a800000|  0%| F|  |TAMS 0x000000074a600000| PB 0x000000074a600000| Untracked 
|  14|0x000000074a800000, 0x000000074a800000, 0x000000074aa00000|  0%| F|  |TAMS 0x000000074a800000| PB 0x000000074a800000| Untracked 
|  15|0x000000074aa00000, 0x000000074aa00000, 0x000000074ac00000|  0%| F|  |TAMS 0x000000074aa00000| PB 0x000000074aa00000| Untracked 
|  16|0x000000074ac00000, 0x000000074ac00000, 0x000000074ae00000|  0%| F|  |TAMS 0x000000074ac00000| PB 0x000000074ac00000| Untracked 
|  17|0x000000074ae00000, 0x000000074ae00000, 0x000000074b000000|  0%| F|  |TAMS 0x000000074ae00000| PB 0x000000074ae00000| Untracked 
|  18|0x000000074b000000, 0x000000074b000000, 0x000000074b200000|  0%| F|  |TAMS 0x000000074b000000| PB 0x000000074b000000| Untracked 
|  19|0x000000074b200000, 0x000000074b200000, 0x000000074b400000|  0%| F|  |TAMS 0x000000074b200000| PB 0x000000074b200000| Untracked 
|  20|0x000000074b400000, 0x000000074b400000, 0x000000074b600000|  0%| F|  |TAMS 0x000000074b400000| PB 0x000000074b400000| Untracked 
|  21|0x000000074b600000, 0x000000074b600000, 0x000000074b800000|  0%| F|  |TAMS 0x000000074b600000| PB 0x000000074b600000| Untracked 
|  22|0x000000074b800000, 0x000000074b800000, 0x000000074ba00000|  0%| F|  |TAMS 0x000000074b800000| PB 0x000000074b800000| Untracked 
|  23|0x000000074ba00000, 0x000000074ba00000, 0x000000074bc00000|  0%| F|  |TAMS 0x000000074ba00000| PB 0x000000074ba00000| Untracked 
|  24|0x000000074bc00000, 0x000000074bc00000, 0x000000074be00000|  0%| F|  |TAMS 0x000000074bc00000| PB 0x000000074bc00000| Untracked 
|  25|0x000000074be00000, 0x000000074be00000, 0x000000074c000000|  0%| F|  |TAMS 0x000000074be00000| PB 0x000000074be00000| Untracked 
|  26|0x000000074c000000, 0x000000074c000000, 0x000000074c200000|  0%| F|  |TAMS 0x000000074c000000| PB 0x000000074c000000| Untracked 
|  27|0x000000074c200000, 0x000000074c200000, 0x000000074c400000|  0%| F|  |TAMS 0x000000074c200000| PB 0x000000074c200000| Untracked 
|  28|0x000000074c400000, 0x000000074c400000, 0x000000074c600000|  0%| F|  |TAMS 0x000000074c400000| PB 0x000000074c400000| Untracked 
|  29|0x000000074c600000, 0x000000074c600000, 0x000000074c800000|  0%| F|  |TAMS 0x000000074c600000| PB 0x000000074c600000| Untracked 
|  30|0x000000074c800000, 0x000000074c800000, 0x000000074ca00000|  0%| F|  |TAMS 0x000000074c800000| PB 0x000000074c800000| Untracked 
|  31|0x000000074ca00000, 0x000000074cc00000, 0x000000074cc00000|100%| S|CS|TAMS 0x000000074ca00000| PB 0x000000074ca00000| Complete 
|  32|0x000000074cc00000, 0x000000074ce00000, 0x000000074ce00000|100%| S|CS|TAMS 0x000000074cc00000| PB 0x000000074cc00000| Complete 
|  33|0x000000074ce00000, 0x000000074d000000, 0x000000074d000000|100%| S|CS|TAMS 0x000000074ce00000| PB 0x000000074ce00000| Complete 
|  34|0x000000074d000000, 0x000000074d200000, 0x000000074d200000|100%| S|CS|TAMS 0x000000074d000000| PB 0x000000074d000000| Complete 
|  35|0x000000074d200000, 0x000000074d400000, 0x000000074d400000|100%| S|CS|TAMS 0x000000074d200000| PB 0x000000074d200000| Complete 
|  36|0x000000074d400000, 0x000000074d600000, 0x000000074d600000|100%| S|CS|TAMS 0x000000074d400000| PB 0x000000074d400000| Complete 
|  37|0x000000074d600000, 0x000000074d600000, 0x000000074d800000|  0%| F|  |TAMS 0x000000074d600000| PB 0x000000074d600000| Untracked 
|  38|0x000000074d800000, 0x000000074d800000, 0x000000074da00000|  0%| F|  |TAMS 0x000000074d800000| PB 0x000000074d800000| Untracked 
|  39|0x000000074da00000, 0x000000074da00000, 0x000000074dc00000|  0%| F|  |TAMS 0x000000074da00000| PB 0x000000074da00000| Untracked 
|  40|0x000000074dc00000, 0x000000074dc00000, 0x000000074de00000|  0%| F|  |TAMS 0x000000074dc00000| PB 0x000000074dc00000| Untracked 
|  41|0x000000074de00000, 0x000000074de00000, 0x000000074e000000|  0%| F|  |TAMS 0x000000074de00000| PB 0x000000074de00000| Untracked 
|  42|0x000000074e000000, 0x000000074e000000, 0x000000074e200000|  0%| F|  |TAMS 0x000000074e000000| PB 0x000000074e000000| Untracked 
|  43|0x000000074e200000, 0x000000074e200000, 0x000000074e400000|  0%| F|  |TAMS 0x000000074e200000| PB 0x000000074e200000| Untracked 
|  44|0x000000074e400000, 0x000000074e400000, 0x000000074e600000|  0%| F|  |TAMS 0x000000074e400000| PB 0x000000074e400000| Untracked 
|  45|0x000000074e600000, 0x000000074e600000, 0x000000074e800000|  0%| F|  |TAMS 0x000000074e600000| PB 0x000000074e600000| Untracked 
|  46|0x000000074e800000, 0x000000074e800000, 0x000000074ea00000|  0%| F|  |TAMS 0x000000074e800000| PB 0x000000074e800000| Untracked 
|  47|0x000000074ea00000, 0x000000074ea00000, 0x000000074ec00000|  0%| F|  |TAMS 0x000000074ea00000| PB 0x000000074ea00000| Untracked 
|  48|0x000000074ec00000, 0x000000074ec00000, 0x000000074ee00000|  0%| F|  |TAMS 0x000000074ec00000| PB 0x000000074ec00000| Untracked 
|  49|0x000000074ee00000, 0x000000074ee00000, 0x000000074f000000|  0%| F|  |TAMS 0x000000074ee00000| PB 0x000000074ee00000| Untracked 
|  50|0x000000074f000000, 0x000000074f000000, 0x000000074f200000|  0%| F|  |TAMS 0x000000074f000000| PB 0x000000074f000000| Untracked 
|  51|0x000000074f200000, 0x000000074f200000, 0x000000074f400000|  0%| F|  |TAMS 0x000000074f200000| PB 0x000000074f200000| Untracked 
|  52|0x000000074f400000, 0x000000074f400000, 0x000000074f600000|  0%| F|  |TAMS 0x000000074f400000| PB 0x000000074f400000| Untracked 
|  53|0x000000074f600000, 0x000000074f600000, 0x000000074f800000|  0%| F|  |TAMS 0x000000074f600000| PB 0x000000074f600000| Untracked 
|  54|0x000000074f800000, 0x000000074f800000, 0x000000074fa00000|  0%| F|  |TAMS 0x000000074f800000| PB 0x000000074f800000| Untracked 
|  55|0x000000074fa00000, 0x000000074fa00000, 0x000000074fc00000|  0%| F|  |TAMS 0x000000074fa00000| PB 0x000000074fa00000| Untracked 
|  56|0x000000074fc00000, 0x000000074fc00000, 0x000000074fe00000|  0%| F|  |TAMS 0x000000074fc00000| PB 0x000000074fc00000| Untracked 
|  57|0x000000074fe00000, 0x000000074fe00000, 0x0000000750000000|  0%| F|  |TAMS 0x000000074fe00000| PB 0x000000074fe00000| Untracked 
|  58|0x0000000750000000, 0x0000000750000000, 0x0000000750200000|  0%| F|  |TAMS 0x0000000750000000| PB 0x0000000750000000| Untracked 
|  59|0x0000000750200000, 0x0000000750200000, 0x0000000750400000|  0%| F|  |TAMS 0x0000000750200000| PB 0x0000000750200000| Untracked 
|  60|0x0000000750400000, 0x0000000750400000, 0x0000000750600000|  0%| F|  |TAMS 0x0000000750400000| PB 0x0000000750400000| Untracked 
|  61|0x0000000750600000, 0x0000000750600000, 0x0000000750800000|  0%| F|  |TAMS 0x0000000750600000| PB 0x0000000750600000| Untracked 
|  62|0x0000000750800000, 0x0000000750800000, 0x0000000750a00000|  0%| F|  |TAMS 0x0000000750800000| PB 0x0000000750800000| Untracked 
|  63|0x0000000750a00000, 0x0000000750a00000, 0x0000000750c00000|  0%| F|  |TAMS 0x0000000750a00000| PB 0x0000000750a00000| Untracked 
|  64|0x0000000750c00000, 0x0000000750c00000, 0x0000000750e00000|  0%| F|  |TAMS 0x0000000750c00000| PB 0x0000000750c00000| Untracked 
|  65|0x0000000750e00000, 0x0000000750e00000, 0x0000000751000000|  0%| F|  |TAMS 0x0000000750e00000| PB 0x0000000750e00000| Untracked 
|  66|0x0000000751000000, 0x0000000751000000, 0x0000000751200000|  0%| F|  |TAMS 0x0000000751000000| PB 0x0000000751000000| Untracked 
|  67|0x0000000751200000, 0x0000000751200000, 0x0000000751400000|  0%| F|  |TAMS 0x0000000751200000| PB 0x0000000751200000| Untracked 
|  68|0x0000000751400000, 0x0000000751400000, 0x0000000751600000|  0%| F|  |TAMS 0x0000000751400000| PB 0x0000000751400000| Untracked 
|  69|0x0000000751600000, 0x0000000751600000, 0x0000000751800000|  0%| F|  |TAMS 0x0000000751600000| PB 0x0000000751600000| Untracked 
|  70|0x0000000751800000, 0x0000000751800000, 0x0000000751a00000|  0%| F|  |TAMS 0x0000000751800000| PB 0x0000000751800000| Untracked 
|  71|0x0000000751a00000, 0x0000000751a00000, 0x0000000751c00000|  0%| F|  |TAMS 0x0000000751a00000| PB 0x0000000751a00000| Untracked 
|  72|0x0000000751c00000, 0x0000000751c00000, 0x0000000751e00000|  0%| F|  |TAMS 0x0000000751c00000| PB 0x0000000751c00000| Untracked 
|  73|0x0000000751e00000, 0x0000000751e00000, 0x0000000752000000|  0%| F|  |TAMS 0x0000000751e00000| PB 0x0000000751e00000| Untracked 
|  74|0x0000000752000000, 0x0000000752000000, 0x0000000752200000|  0%| F|  |TAMS 0x0000000752000000| PB 0x0000000752000000| Untracked 
|  75|0x0000000752200000, 0x0000000752200000, 0x0000000752400000|  0%| F|  |TAMS 0x0000000752200000| PB 0x0000000752200000| Untracked 
|  76|0x0000000752400000, 0x0000000752400000, 0x0000000752600000|  0%| F|  |TAMS 0x0000000752400000| PB 0x0000000752400000| Untracked 
|  77|0x0000000752600000, 0x0000000752600000, 0x0000000752800000|  0%| F|  |TAMS 0x0000000752600000| PB 0x0000000752600000| Untracked 
|  78|0x0000000752800000, 0x0000000752800000, 0x0000000752a00000|  0%| F|  |TAMS 0x0000000752800000| PB 0x0000000752800000| Untracked 
|  79|0x0000000752a00000, 0x0000000752a00000, 0x0000000752c00000|  0%| F|  |TAMS 0x0000000752a00000| PB 0x0000000752a00000| Untracked 
|  80|0x0000000752c00000, 0x0000000752c00000, 0x0000000752e00000|  0%| F|  |TAMS 0x0000000752c00000| PB 0x0000000752c00000| Untracked 
|  81|0x0000000752e00000, 0x0000000752e00000, 0x0000000753000000|  0%| F|  |TAMS 0x0000000752e00000| PB 0x0000000752e00000| Untracked 
|  82|0x0000000753000000, 0x0000000753000000, 0x0000000753200000|  0%| F|  |TAMS 0x0000000753000000| PB 0x0000000753000000| Untracked 
|  83|0x0000000753200000, 0x0000000753200000, 0x0000000753400000|  0%| F|  |TAMS 0x0000000753200000| PB 0x0000000753200000| Untracked 
|  84|0x0000000753400000, 0x0000000753400000, 0x0000000753600000|  0%| F|  |TAMS 0x0000000753400000| PB 0x0000000753400000| Untracked 
|  85|0x0000000753600000, 0x0000000753700000, 0x0000000753800000| 50%| E|  |TAMS 0x0000000753600000| PB 0x0000000753600000| Complete 
|  86|0x0000000753800000, 0x0000000753a00000, 0x0000000753a00000|100%| E|CS|TAMS 0x0000000753800000| PB 0x0000000753800000| Complete 
|  87|0x0000000753a00000, 0x0000000753c00000, 0x0000000753c00000|100%| E|CS|TAMS 0x0000000753a00000| PB 0x0000000753a00000| Complete 
|  88|0x0000000753c00000, 0x0000000753e00000, 0x0000000753e00000|100%| E|CS|TAMS 0x0000000753c00000| PB 0x0000000753c00000| Complete 
|  89|0x0000000753e00000, 0x0000000754000000, 0x0000000754000000|100%| E|CS|TAMS 0x0000000753e00000| PB 0x0000000753e00000| Complete 
|  90|0x0000000754000000, 0x0000000754200000, 0x0000000754200000|100%| E|CS|TAMS 0x0000000754000000| PB 0x0000000754000000| Complete 
|  91|0x0000000754200000, 0x0000000754400000, 0x0000000754400000|100%| E|CS|TAMS 0x0000000754200000| PB 0x0000000754200000| Complete 

Card table byte_map: [0x000001aadcdd0000,0x000001aadd390000] _byte_map_base: 0x000001aad938a000

Marking Bits: (CMBitMap*) 0x000001aac310f610
 Bits: [0x000001aadd390000, 0x000001aae0160000)

Polling page: 0x000001aac3190000

Metaspace:

Usage:
  Non-class:     14.30 MB used.
      Class:      1.81 MB used.
       Both:     16.11 MB used.

Virtual space:
  Non-class space:       64.00 MB reserved,      14.44 MB ( 23%) committed,  1 nodes.
      Class space:        1.00 GB reserved,       1.94 MB ( <1%) committed,  1 nodes.
             Both:        1.06 GB reserved,      16.38 MB (  2%) committed. 

Chunk freelists:
   Non-Class:  1.39 MB
       Class:  13.92 MB
        Both:  15.31 MB

MaxMetaspaceSize: unlimited
CompressedClassSpaceSize: 1.00 GB
Initial GC threshold: 21.00 MB
Current GC threshold: 21.00 MB
CDS: on
 - commit_granule_bytes: 65536.
 - commit_granule_words: 8192.
 - virtual_space_node_default_size: 8388608.
 - enlarge_chunks_in_place: 1.
 - use_allocation_guard: 0.


Internal statistics:

num_allocs_failed_limit: 0.
num_arena_births: 170.
num_arena_deaths: 0.
num_vsnodes_births: 2.
num_vsnodes_deaths: 0.
num_space_committed: 262.
num_space_uncommitted: 0.
num_chunks_returned_to_freelist: 0.
num_chunks_taken_from_freelist: 707.
num_chunk_merges: 0.
num_chunk_splits: 505.
num_chunks_enlarged: 415.
num_inconsistent_stats: 0.

CodeHeap 'non-profiled nmethods': size=120000Kb used=2287Kb max_used=2287Kb free=117713Kb
 bounds [0x000001aad4850000, 0x000001aad4ac0000, 0x000001aadbd80000]
CodeHeap 'profiled nmethods': size=120000Kb used=9749Kb max_used=9749Kb free=110250Kb
 bounds [0x000001aaccd80000, 0x000001aacd710000, 0x000001aad42b0000]
CodeHeap 'non-nmethods': size=5760Kb used=1394Kb max_used=1465Kb free=4365Kb
 bounds [0x000001aad42b0000, 0x000001aad4520000, 0x000001aad4850000]
 total_blobs=5040 nmethods=4551 adapters=393
 compilation: enabled
              stopped_count=0, restarted_count=0
 full_count=0

Compilation events (20 events):
Event: 27.897 Thread 0x000001aae2bc7f00 4544       3       java.io.File::getAbsoluteFile (38 bytes)
Event: 27.897 Thread 0x000001aae2bc7f00 nmethod 4544 0x000001aacd700790 code [0x000001aacd700980, 0x000001aacd700df8]
Event: 27.898 Thread 0x000001aae2bc7f00 4545       1       java.util.Formatter$FormatSpecifier::index (5 bytes)
Event: 27.898 Thread 0x000001aae2bc7f00 nmethod 4545 0x000001aad4a8b610 code [0x000001aad4a8b7a0, 0x000001aad4a8b868]
Event: 27.898 Thread 0x000001aae2bc7f00 4546       3       java.util.Formatter$Flags::contains (13 bytes)
Event: 27.898 Thread 0x000001aae2bc7f00 nmethod 4546 0x000001aacd700f90 code [0x000001aacd701120, 0x000001aacd701268]
Event: 27.948 Thread 0x000001aae2bc7f00 4547       1       org.apache.maven.model.Repository::setSnapshots (6 bytes)
Event: 27.948 Thread 0x000001aae2bc7f00 nmethod 4547 0x000001aad4a8b910 code [0x000001aad4a8baa0, 0x000001aad4a8bbb8]
Event: 27.953 Thread 0x000001aae2bc7f00 4548       3       java.util.Arrays$ArrayList::toArray (15 bytes)
Event: 27.953 Thread 0x000001aae2bc7f00 nmethod 4548 0x000001aacd701310 code [0x000001aacd7014c0, 0x000001aacd701610]
Event: 27.975 Thread 0x000001aae2bc7f00 4549       3       org.apache.maven.model.merge.MavenModelMerger::getReportPluginKey (5 bytes)
Event: 27.976 Thread 0x000001aae2bc7f00 nmethod 4549 0x000001aacd701710 code [0x000001aacd701940, 0x000001aacd701fe0]
Event: 27.976 Thread 0x000001aae2bc7f00 4550       3       org.apache.maven.model.ReportPlugin::getKey (12 bytes)
Event: 27.976 Thread 0x000001aae2bc7f00 nmethod 4550 0x000001aacd702290 code [0x000001aacd7024c0, 0x000001aacd702ab8]
Event: 27.981 Thread 0x000001aae2bc7f00 4551       3       org.eclipse.aether.graph.Dependency$Exclusions$1::hasNext (21 bytes)
Event: 27.981 Thread 0x000001aae2bc7f00 nmethod 4551 0x000001aacd702d10 code [0x000001aacd702ec0, 0x000001aacd703058]
Event: 27.981 Thread 0x000001aae2bc7f00 4552       3       org.eclipse.aether.graph.Dependency$Exclusions::size (6 bytes)
Event: 27.981 Thread 0x000001aae2bc7f00 nmethod 4552 0x000001aacd703190 code [0x000001aacd703320, 0x000001aacd703438]
Event: 28.034 Thread 0x000001aae2bc7f00 4553       3       org.apache.maven.model.merge.ModelMerger::mergePluginManagement (10 bytes)
Event: 28.034 Thread 0x000001aae2bc7f00 nmethod 4553 0x000001aacd703510 code [0x000001aacd7036c0, 0x000001aacd703880]

GC Heap History (6 events):
Event: 13.793 GC heap before
{Heap before GC invocations=0 (full 0):
 garbage-first heap   total 188416K, used 22528K [0x0000000748c00000, 0x0000000800000000)
  region size 2048K, 11 young (22528K), 0 survivors (0K)
 Metaspace       used 5612K, committed 5824K, reserved 1114112K
  class space    used 645K, committed 768K, reserved 1048576K
}
Event: 14.237 GC heap after
{Heap after GC invocations=1 (full 0):
 garbage-first heap   total 188416K, used 3840K [0x0000000748c00000, 0x0000000800000000)
  region size 2048K, 2 young (4096K), 2 survivors (4096K)
 Metaspace       used 5612K, committed 5824K, reserved 1114112K
  class space    used 645K, committed 768K, reserved 1048576K
}
Event: 17.989 GC heap before
{Heap before GC invocations=1 (full 0):
 garbage-first heap   total 188416K, used 34560K [0x0000000748c00000, 0x0000000800000000)
  region size 2048K, 17 young (34816K), 2 survivors (4096K)
 Metaspace       used 9473K, committed 9664K, reserved 1114112K
  class space    used 1107K, committed 1216K, reserved 1048576K
}
Event: 17.996 GC heap after
{Heap after GC invocations=2 (full 0):
 garbage-first heap   total 188416K, used 5208K [0x0000000748c00000, 0x0000000800000000)
  region size 2048K, 1 young (2048K), 1 survivors (2048K)
 Metaspace       used 9473K, committed 9664K, reserved 1114112K
  class space    used 1107K, committed 1216K, reserved 1048576K
}
Event: 27.548 GC heap before
{Heap before GC invocations=2 (full 0):
 garbage-first heap   total 188416K, used 115800K [0x0000000748c00000, 0x0000000800000000)
  region size 2048K, 55 young (112640K), 1 survivors (2048K)
 Metaspace       used 16465K, committed 16768K, reserved 1114112K
  class space    used 1852K, committed 1984K, reserved 1048576K
}
Event: 27.573 GC heap after
{Heap after GC invocations=3 (full 0):
 garbage-first heap   total 188416K, used 15855K [0x0000000748c00000, 0x0000000800000000)
  region size 2048K, 6 young (12288K), 6 survivors (12288K)
 Metaspace       used 16465K, committed 16768K, reserved 1114112K
  class space    used 1852K, committed 1984K, reserved 1048576K
}

Dll operation events (8 events):
Event: 0.078 Loaded shared library C:\Program Files\Java\jdk-21\bin\java.dll
Event: 0.372 Loaded shared library C:\Program Files\Java\jdk-21\bin\jsvml.dll
Event: 0.550 Loaded shared library C:\Program Files\Java\jdk-21\bin\net.dll
Event: 0.554 Loaded shared library C:\Program Files\Java\jdk-21\bin\nio.dll
Event: 0.561 Loaded shared library C:\Program Files\Java\jdk-21\bin\zip.dll
Event: 0.986 Loaded shared library C:\Users\2oleg\Downloads\apache-maven-3.9.11-bin\apache-maven-3.9.11\lib\jansi-native\Windows\x86_64\jansi.dll
Event: 1.013 Loaded shared library C:\Program Files\Java\jdk-21\bin\verify.dll
Event: 1.103 Loaded shared library C:\Program Files\Java\jdk-21\bin\jimage.dll

Deoptimization events (20 events):
Event: 27.761 Thread 0x000001aac2fb3300 Uncommon trap: trap_request=0xffffffd6 fr.pc=0x000001aad4a8af68 relative=0x00000000000004a8
Event: 27.761 Thread 0x000001aac2fb3300 Uncommon trap: reason=array_check action=maybe_recompile pc=0x000001aad4a8af68 method=java.util.HashMap.keysToArray([Ljava/lang/Object;)[Ljava/lang/Object; @ 62 c2
Event: 27.761 Thread 0x000001aac2fb3300 DEOPT PACKING pc=0x000001aad4a8af68 sp=0x00000093776fb740
Event: 27.761 Thread 0x000001aac2fb3300 DEOPT UNPACKING pc=0x000001aad43046a2 sp=0x00000093776fb6d8 mode 2
Event: 27.761 Thread 0x000001aac2fb3300 Uncommon trap: trap_request=0xffffffd6 fr.pc=0x000001aad4a8af68 relative=0x00000000000004a8
Event: 27.761 Thread 0x000001aac2fb3300 Uncommon trap: reason=array_check action=maybe_recompile pc=0x000001aad4a8af68 method=java.util.HashMap.keysToArray([Ljava/lang/Object;)[Ljava/lang/Object; @ 62 c2
Event: 27.761 Thread 0x000001aac2fb3300 DEOPT PACKING pc=0x000001aad4a8af68 sp=0x00000093776fb910
Event: 27.761 Thread 0x000001aac2fb3300 DEOPT UNPACKING pc=0x000001aad43046a2 sp=0x00000093776fb8a8 mode 2
Event: 27.761 Thread 0x000001aac2fb3300 Uncommon trap: trap_request=0xffffffd6 fr.pc=0x000001aad4a8af68 relative=0x00000000000004a8
Event: 27.761 Thread 0x000001aac2fb3300 Uncommon trap: reason=array_check action=maybe_recompile pc=0x000001aad4a8af68 method=java.util.HashMap.keysToArray([Ljava/lang/Object;)[Ljava/lang/Object; @ 62 c2
Event: 27.761 Thread 0x000001aac2fb3300 DEOPT PACKING pc=0x000001aad4a8af68 sp=0x00000093776fb910
Event: 27.761 Thread 0x000001aac2fb3300 DEOPT UNPACKING pc=0x000001aad43046a2 sp=0x00000093776fb8a8 mode 2
Event: 27.761 Thread 0x000001aac2fb3300 Uncommon trap: trap_request=0xffffffd6 fr.pc=0x000001aad4a8af68 relative=0x00000000000004a8
Event: 27.761 Thread 0x000001aac2fb3300 Uncommon trap: reason=array_check action=maybe_recompile pc=0x000001aad4a8af68 method=java.util.HashMap.keysToArray([Ljava/lang/Object;)[Ljava/lang/Object; @ 62 c2
Event: 27.761 Thread 0x000001aac2fb3300 DEOPT PACKING pc=0x000001aad4a8af68 sp=0x00000093776fb910
Event: 27.761 Thread 0x000001aac2fb3300 DEOPT UNPACKING pc=0x000001aad43046a2 sp=0x00000093776fb8a8 mode 2
Event: 27.860 Thread 0x000001aac2fb3300 Uncommon trap: trap_request=0xffffff76 fr.pc=0x000001aad48ce6d0 relative=0x00000000000002f0
Event: 27.860 Thread 0x000001aac2fb3300 Uncommon trap: reason=predicate action=maybe_recompile pc=0x000001aad48ce6d0 method=java.nio.charset.CharsetDecoder.decode(Ljava/nio/ByteBuffer;Ljava/nio/CharBuffer;Z)Ljava/nio/charset/CoderResult; @ 54 c2
Event: 27.860 Thread 0x000001aac2fb3300 DEOPT PACKING pc=0x000001aad48ce6d0 sp=0x00000093776fb8f0
Event: 27.860 Thread 0x000001aac2fb3300 DEOPT UNPACKING pc=0x000001aad43046a2 sp=0x00000093776fb880 mode 2

Classes loaded (20 events):
Event: 21.947 Loading class sun/nio/fs/WindowsException
Event: 21.947 Loading class sun/nio/fs/WindowsException done
Event: 21.947 Loading class sun/nio/fs/WindowsDirectoryStream
Event: 21.947 Loading class java/nio/file/DirectoryStream
Event: 21.948 Loading class java/nio/file/DirectoryStream done
Event: 21.948 Loading class sun/nio/fs/WindowsDirectoryStream done
Event: 21.948 Loading class java/nio/file/NoSuchFileException
Event: 21.948 Loading class java/nio/file/NoSuchFileException done
Event: 22.658 Loading class java/util/stream/MatchOps$MatchKind
Event: 22.658 Loading class java/util/stream/MatchOps$MatchKind done
Event: 22.658 Loading class java/util/stream/MatchOps
Event: 22.658 Loading class java/util/stream/MatchOps done
Event: 22.658 Loading class java/util/stream/MatchOps$MatchOp
Event: 22.658 Loading class java/util/stream/MatchOps$MatchOp done
Event: 22.659 Loading class java/util/stream/MatchOps$BooleanTerminalSink
Event: 22.659 Loading class java/util/stream/MatchOps$BooleanTerminalSink done
Event: 22.659 Loading class java/util/stream/MatchOps$1MatchSink
Event: 22.659 Loading class java/util/stream/MatchOps$1MatchSink done
Event: 27.859 Loading class sun/nio/cs/ISO_8859_1$Decoder
Event: 27.859 Loading class sun/nio/cs/ISO_8859_1$Decoder done

Classes unloaded (0 events):
No events

Classes redefined (0 events):
No events

Internal exceptions (20 events):
Event: 20.780 Thread 0x000001aac2fb3300 Exception <a 'java/lang/NoSuchMethodError'{0x0000000752dab680}: 'void java.lang.invoke.DirectMethodHandle$Holder.invokeSpecial(java.lang.Object, java.lang.Object, java.lang.Object, java.lang.Object, java.lang.Object, java.lang.Object)'> (0x0000000752dab680) 
thrown [s\open\src\hotspot\share\interpreter\linkResolver.cpp, line 773]
Event: 20.813 Thread 0x000001aac2fb3300 Exception <a 'java/lang/NoSuchMethodError'{0x0000000752a9b910}: 'java.lang.Object java.lang.invoke.DirectMethodHandle$Holder.invokeVirtual(java.lang.Object, java.lang.Object, java.lang.Object)'> (0x0000000752a9b910) 
thrown [s\open\src\hotspot\share\interpreter\linkResolver.cpp, line 773]
Event: 20.938 Thread 0x000001aac2fb3300 Exception <a 'java/lang/NoSuchMethodError'{0x0000000752876470}: 'void java.lang.invoke.DirectMethodHandle$Holder.invokeVirtual(java.lang.Object, java.lang.Object, int)'> (0x0000000752876470) 
thrown [s\open\src\hotspot\share\interpreter\linkResolver.cpp, line 773]
Event: 20.939 Thread 0x000001aac2fb3300 Exception <a 'java/lang/NoSuchMethodError'{0x000000075287a220}: 'void java.lang.invoke.DirectMethodHandle$Holder.invokeSpecial(java.lang.Object, java.lang.Object, java.lang.Object, int)'> (0x000000075287a220) 
thrown [s\open\src\hotspot\share\interpreter\linkResolver.cpp, line 773]
Event: 20.939 Thread 0x000001aac2fb3300 Exception <a 'java/lang/NoSuchMethodError'{0x000000075287d8f0}: 'void java.lang.invoke.DelegatingMethodHandle$Holder.reinvoke_L(java.lang.Object, java.lang.Object, int)'> (0x000000075287d8f0) 
thrown [s\open\src\hotspot\share\interpreter\linkResolver.cpp, line 773]
Event: 21.947 Thread 0x000001aac2fb3300 Exception <a 'sun/nio/fs/WindowsException'{0x00000007518cd6e8}> (0x00000007518cd6e8) 
thrown [s\open\src\hotspot\share\prims\jni.cpp, line 520]
Event: 21.948 Thread 0x000001aac2fb3300 Exception <a 'sun/nio/fs/WindowsException'{0x00000007518cdb68}> (0x00000007518cdb68) 
thrown [s\open\src\hotspot\share\prims\jni.cpp, line 520]
Event: 22.974 Thread 0x000001aac2fb3300 Exception <a 'sun/nio/fs/WindowsException'{0x0000000750a5fa98}> (0x0000000750a5fa98) 
thrown [s\open\src\hotspot\share\prims\jni.cpp, line 520]
Event: 22.974 Thread 0x000001aac2fb3300 Exception <a 'sun/nio/fs/WindowsException'{0x0000000750a5fdf8}> (0x0000000750a5fdf8) 
thrown [s\open\src\hotspot\share\prims\jni.cpp, line 520]
Event: 22.979 Thread 0x000001aac2fb3300 Exception <a 'sun/nio/fs/WindowsException'{0x0000000750a86a88}> (0x0000000750a86a88) 
thrown [s\open\src\hotspot\share\prims\jni.cpp, line 520]
Event: 22.979 Thread 0x000001aac2fb3300 Exception <a 'sun/nio/fs/WindowsException'{0x0000000750a86db0}> (0x0000000750a86db0) 
thrown [s\open\src\hotspot\share\prims\jni.cpp, line 520]
Event: 22.987 Thread 0x000001aac2fb3300 Exception <a 'sun/nio/fs/WindowsException'{0x0000000750aefc38}> (0x0000000750aefc38) 
thrown [s\open\src\hotspot\share\prims\jni.cpp, line 520]
Event: 22.987 Thread 0x000001aac2fb3300 Exception <a 'sun/nio/fs/WindowsException'{0x0000000750aeff18}> (0x0000000750aeff18) 
thrown [s\open\src\hotspot\share\prims\jni.cpp, line 520]
Event: 23.074 Thread 0x000001aac2fb3300 Implicit null exception at 0x000001aad498a03b to 0x000001aad498b348
Event: 23.076 Thread 0x000001aac2fb3300 Implicit null exception at 0x000001aad491641b to 0x000001aad4916614
Event: 23.076 Thread 0x000001aac2fb3300 Implicit null exception at 0x000001aad497148d to 0x000001aad4971d00
Event: 25.447 Thread 0x000001aac2fb3300 Exception <a 'sun/nio/fs/WindowsException'{0x000000074eda6128}> (0x000000074eda6128) 
thrown [s\open\src\hotspot\share\prims\jni.cpp, line 520]
Event: 25.447 Thread 0x000001aac2fb3300 Exception <a 'sun/nio/fs/WindowsException'{0x000000074eda6440}> (0x000000074eda6440) 
thrown [s\open\src\hotspot\share\prims\jni.cpp, line 520]
Event: 27.874 Thread 0x000001aac2fb3300 Exception <a 'sun/nio/fs/WindowsException'{0x0000000753ccc558}> (0x0000000753ccc558) 
thrown [s\open\src\hotspot\share\prims\jni.cpp, line 520]
Event: 27.875 Thread 0x000001aac2fb3300 Exception <a 'sun/nio/fs/WindowsException'{0x0000000753ccc858}> (0x0000000753ccc858) 
thrown [s\open\src\hotspot\share\prims\jni.cpp, line 520]

ZGC Phase Switch (0 events):
No events

VM Operations (20 events):
Event: 20.333 Executing VM operation: HandshakeAllThreads (Deoptimize)
Event: 20.333 Executing VM operation: HandshakeAllThreads (Deoptimize) done
Event: 20.333 Executing VM operation: Cleanup
Event: 20.333 Executing VM operation: Cleanup done
Event: 20.429 Executing VM operation: HandshakeAllThreads (Deoptimize)
Event: 20.429 Executing VM operation: HandshakeAllThreads (Deoptimize) done
Event: 20.587 Executing VM operation: HandshakeAllThreads (Deoptimize)
Event: 20.602 Executing VM operation: HandshakeAllThreads (Deoptimize) done
Event: 21.070 Executing VM operation: ICBufferFull
Event: 21.070 Executing VM operation: ICBufferFull done
Event: 22.750 Executing VM operation: ICBufferFull
Event: 22.750 Executing VM operation: ICBufferFull done
Event: 23.916 Executing VM operation: ICBufferFull
Event: 23.916 Executing VM operation: ICBufferFull done
Event: 25.916 Executing VM operation: Cleanup
Event: 25.916 Executing VM operation: Cleanup done
Event: 26.917 Executing VM operation: Cleanup
Event: 26.976 Executing VM operation: Cleanup done
Event: 27.548 Executing VM operation: G1CollectForAllocation (G1 Evacuation Pause)
Event: 27.573 Executing VM operation: G1CollectForAllocation (G1 Evacuation Pause) done

Events (20 events):
Event: 7.905 Thread 0x000001aae74d6bc0 Thread exited: 0x000001aae74d6bc0
Event: 9.867 Thread 0x000001aae7789220 Thread added: 0x000001aae7789220
Event: 13.775 Thread 0x000001aae7789220 Thread exited: 0x000001aae7789220
Event: 14.255 Thread 0x000001aae71c4800 Thread added: 0x000001aae71c4800
Event: 15.662 Thread 0x000001aae71c4800 Thread exited: 0x000001aae71c4800
Event: 20.504 Thread 0x000001aae7f14ea0 Thread added: 0x000001aae7f14ea0
Event: 20.680 Thread 0x000001aae8142520 Thread added: 0x000001aae8142520
Event: 21.347 Thread 0x000001aae8142520 Thread exited: 0x000001aae8142520
Event: 22.403 Thread 0x000001aae7fbcf70 Thread added: 0x000001aae7fbcf70
Event: 22.681 Thread 0x000001aae7fbcf70 Thread exited: 0x000001aae7fbcf70
Event: 22.755 Thread 0x000001aae7fc3db0 Thread added: 0x000001aae7fc3db0
Event: 22.976 Thread 0x000001aae7fc3db0 Thread exited: 0x000001aae7fc3db0
Event: 23.001 Thread 0x000001aae7fc3db0 Thread added: 0x000001aae7fc3db0
Event: 23.307 Thread 0x000001aae7fc3db0 Thread exited: 0x000001aae7fc3db0
Event: 23.781 Thread 0x000001aae8435540 Thread added: 0x000001aae8435540
Event: 24.332 Thread 0x000001aae8435540 Thread exited: 0x000001aae8435540
Event: 24.913 Thread 0x000001aae8435540 Thread added: 0x000001aae8435540
Event: 25.813 Thread 0x000001aae8435540 Thread exited: 0x000001aae8435540
Event: 27.404 Thread 0x000001aae7e40710 Thread added: 0x000001aae7e40710
Event: 27.749 Thread 0x000001aae7e40710 Thread exited: 0x000001aae7e40710


Dynamic libraries:
0x00007ff703c60000 - 0x00007ff703c70000 	C:\Program Files\Java\jdk-21\bin\java.exe
0x00007ff9f5930000 - 0x00007ff9f5b28000 	C:\WINDOWS\SYSTEM32\ntdll.dll
0x00007ff9f5400000 - 0x00007ff9f54c2000 	C:\WINDOWS\System32\KERNEL32.DLL
0x00007ff9f3130000 - 0x00007ff9f3426000 	C:\WINDOWS\System32\KERNELBASE.dll
0x00007ff9f3820000 - 0x00007ff9f3920000 	C:\WINDOWS\System32\ucrtbase.dll
0x00007ff9e1750000 - 0x00007ff9e1769000 	C:\Program Files\Java\jdk-21\bin\jli.dll
0x00007ff9f3da0000 - 0x00007ff9f3e51000 	C:\WINDOWS\System32\ADVAPI32.dll
0x00007ff9f5820000 - 0x00007ff9f58be000 	C:\WINDOWS\System32\msvcrt.dll
0x00007ff9f4800000 - 0x00007ff9f489f000 	C:\WINDOWS\System32\sechost.dll
0x00007ff9f3c10000 - 0x00007ff9f3d30000 	C:\WINDOWS\System32\RPCRT4.dll
0x00007ff9f3560000 - 0x00007ff9f3587000 	C:\WINDOWS\System32\bcrypt.dll
0x00007ff9f3f40000 - 0x00007ff9f40e1000 	C:\WINDOWS\System32\USER32.dll
0x00007ff9f3100000 - 0x00007ff9f3122000 	C:\WINDOWS\System32\win32u.dll
0x00007ff9f47c0000 - 0x00007ff9f47eb000 	C:\WINDOWS\System32\GDI32.dll
0x00007ff9f2f90000 - 0x00007ff9f30a9000 	C:\WINDOWS\System32\gdi32full.dll
0x00007ff9f3590000 - 0x00007ff9f362d000 	C:\WINDOWS\System32\msvcp_win.dll
0x00007ff9e1770000 - 0x00007ff9e178b000 	C:\Program Files\Java\jdk-21\bin\VCRUNTIME140.dll
0x00007ff9ecd10000 - 0x00007ff9ecd1a000 	C:\WINDOWS\SYSTEM32\VERSION.dll
0x00007ff9e4da0000 - 0x00007ff9e503b000 	C:\WINDOWS\WinSxS\amd64_microsoft.windows.common-controls_6595b64144ccf1df_6.0.19041.6456_none_60b8a6cb71f64256\COMCTL32.dll
0x00007ff9f3f10000 - 0x00007ff9f3f3f000 	C:\WINDOWS\System32\IMM32.DLL
0x00007ff9e1740000 - 0x00007ff9e174c000 	C:\Program Files\Java\jdk-21\bin\vcruntime140_1.dll
0x00007ff9dc7f0000 - 0x00007ff9dc87e000 	C:\Program Files\Java\jdk-21\bin\msvcp140.dll
0x00007ff995530000 - 0x00007ff99624a000 	C:\Program Files\Java\jdk-21\bin\server\jvm.dll
0x00007ff9f4210000 - 0x00007ff9f427b000 	C:\WINDOWS\System32\WS2_32.dll
0x00007ff9f2df0000 - 0x00007ff9f2e3b000 	C:\WINDOWS\SYSTEM32\POWRPROF.dll
0x00007ff9e0140000 - 0x00007ff9e0167000 	C:\WINDOWS\SYSTEM32\WINMM.dll
0x00007ff9f2dd0000 - 0x00007ff9f2de2000 	C:\WINDOWS\SYSTEM32\UMPDC.dll
0x00007ff9f0dc0000 - 0x00007ff9f0dd2000 	C:\WINDOWS\SYSTEM32\kernel.appcore.dll
0x00007ff9de8a0000 - 0x00007ff9de8aa000 	C:\Program Files\Java\jdk-21\bin\jimage.dll
0x00007ff9df840000 - 0x00007ff9dfa41000 	C:\WINDOWS\SYSTEM32\DBGHELP.DLL
0x00007ff9dd350000 - 0x00007ff9dd384000 	C:\WINDOWS\SYSTEM32\dbgcore.DLL
0x00007ff9f3630000 - 0x00007ff9f36b2000 	C:\WINDOWS\System32\bcryptPrimitives.dll
0x00007ff9dc7d0000 - 0x00007ff9dc7ef000 	C:\Program Files\Java\jdk-21\bin\java.dll
0x00007ff9f4930000 - 0x00007ff9f50a0000 	C:\WINDOWS\System32\SHELL32.dll
0x00007ff9f0fc0000 - 0x00007ff9f1765000 	C:\WINDOWS\SYSTEM32\windows.storage.dll
0x00007ff9f50a0000 - 0x00007ff9f53f4000 	C:\WINDOWS\System32\combase.dll
0x00007ff9f28e0000 - 0x00007ff9f290b000 	C:\WINDOWS\SYSTEM32\Wldp.dll
0x00007ff9f46f0000 - 0x00007ff9f47bd000 	C:\WINDOWS\System32\OLEAUT32.dll
0x00007ff9f3920000 - 0x00007ff9f39cd000 	C:\WINDOWS\System32\SHCORE.dll
0x00007ff9f57c0000 - 0x00007ff9f581b000 	C:\WINDOWS\System32\shlwapi.dll
0x00007ff9f2ec0000 - 0x00007ff9f2ee4000 	C:\WINDOWS\SYSTEM32\profapi.dll
0x00007ff9c31c0000 - 0x00007ff9c3297000 	C:\Program Files\Java\jdk-21\bin\jsvml.dll
0x00007ff9ddc60000 - 0x00007ff9ddc70000 	C:\Program Files\Java\jdk-21\bin\net.dll
0x00007ff9ec950000 - 0x00007ff9eca5a000 	C:\WINDOWS\SYSTEM32\WINHTTP.dll
0x00007ff9f25f0000 - 0x00007ff9f265a000 	C:\WINDOWS\system32\mswsock.dll
0x00007ff9dbf20000 - 0x00007ff9dbf36000 	C:\Program Files\Java\jdk-21\bin\nio.dll
0x00007ff9d8a60000 - 0x00007ff9d8a78000 	C:\Program Files\Java\jdk-21\bin\zip.dll
0x00007ff9d0bd0000 - 0x00007ff9d0bf4000 	C:\Users\2oleg\Downloads\apache-maven-3.9.11-bin\apache-maven-3.9.11\lib\jansi-native\Windows\x86_64\jansi.dll
0x00007ff9dd390000 - 0x00007ff9dd3a0000 	C:\Program Files\Java\jdk-21\bin\verify.dll

dbghelp: loaded successfully - version: 4.0.5 - missing functions: none
symbol engine: initialized successfully - sym options: 0x614 - pdb path: .;C:\Program Files\Java\jdk-21\bin;C:\WINDOWS\SYSTEM32;C:\WINDOWS\WinSxS\amd64_microsoft.windows.common-controls_6595b64144ccf1df_6.0.19041.6456_none_60b8a6cb71f64256;C:\Program Files\Java\jdk-21\bin\server;C:\Users\2oleg\Downloads\apache-maven-3.9.11-bin\apache-maven-3.9.11\lib\jansi-native\Windows\x86_64

VM Arguments:
jvm_args: -Dclassworlds.conf=C:\Users\2oleg\Downloads\apache-maven-3.9.11-bin\apache-maven-3.9.11\bin\m2.conf -Dmaven.home=C:\Users\2oleg\Downloads\apache-maven-3.9.11-bin\apache-maven-3.9.11 -Dlibrary.jansi.path=C:\Users\2oleg\Downloads\apache-maven-3.9.11-bin\apache-maven-3.9.11\lib\jansi-native -Dmaven.multiModuleProjectDirectory=C:\Users\2oleg\Downloads\Telegram Desktop\Kefir\Backend\TransactionSaga 
java_command: org.codehaus.plexus.classworlds.launcher.Launcher spring-boot:run -Dserver.port=8090 -DskipTests
java_class_path (initial): C:\Users\2oleg\Downloads\apache-maven-3.9.11-bin\apache-maven-3.9.11\boot\plexus-classworlds-2.9.0.jar
Launcher Type: SUN_STANDARD

[Global flags]
     intx CICompilerCount                          = 4                                         {product} {ergonomic}
     uint ConcGCThreads                            = 2                                         {product} {ergonomic}
     uint G1ConcRefinementThreads                  = 8                                         {product} {ergonomic}
   size_t G1HeapRegionSize                         = 2097152                                   {product} {ergonomic}
    uintx GCDrainStackTargetSize                   = 64                                        {product} {ergonomic}
   size_t InitialHeapSize                          = 192937984                                 {product} {ergonomic}
   size_t MarkStackSize                            = 4194304                                   {product} {ergonomic}
   size_t MaxHeapSize                              = 3074424832                                {product} {ergonomic}
   size_t MaxNewSize                               = 1843396608                                {product} {ergonomic}
   size_t MinHeapDeltaBytes                        = 2097152                                   {product} {ergonomic}
   size_t MinHeapSize                              = 8388608                                   {product} {ergonomic}
    uintx NonNMethodCodeHeapSize                   = 5839372                                {pd product} {ergonomic}
    uintx NonProfiledCodeHeapSize                  = 122909434                              {pd product} {ergonomic}
    uintx ProfiledCodeHeapSize                     = 122909434                              {pd product} {ergonomic}
    uintx ReservedCodeCacheSize                    = 251658240                              {pd product} {ergonomic}
     bool SegmentedCodeCache                       = true                                      {product} {ergonomic}
   size_t SoftMaxHeapSize                          = 3074424832                             {manageable} {ergonomic}
     bool UseCompressedOops                        = true                           {product lp64_product} {ergonomic}
     bool UseG1GC                                  = true                                      {product} {ergonomic}
     bool UseLargePagesIndividualAllocation        = false                                  {pd product} {ergonomic}

Logging:
Log output configuration:
 #0: stdout all=warning uptime,level,tags foldmultilines=false
 #1: stderr all=off uptime,level,tags foldmultilines=false

Environment Variables:
JAVA_HOME=C:\Program Files\Java\jdk-21
PATH=C:\Program Files\Common Files\Oracle\Java\javapath;C:\Program Files (x86)\Cuminas\Document Express DjVu Plug-in\;C:\Program Files (x86)\Razer Chroma SDK\bin;C:\Program Files\Razer Chroma SDK\bin;C:\WINDOWS\system32;C:\WINDOWS;C:\WINDOWS\System32\Wbem;C:\WINDOWS\System32\WindowsPowerShell\v1.0\;C:\WINDOWS\System32\OpenSSH\;C:\Program Files (x86)\NVIDIA Corporation\PhysX\Common;C:\WINDOWS\system32\config\systemprofile\AppData\Local\Microsoft\WindowsApps;C:\Program Files (x86)\Razer\ChromaBroadcast\bin;C:\Program Files\Razer\ChromaBroadcast\bin;C:\Users\2oleg\AppData\Local\Microsoft\WindowsApps;C:\Program Files\JetBrains\IntelliJ IDEA Community Edition 2024.3\bin;C:\Users\2oleg\AppData\Local\Programs\Microsoft VS Code\bin;C:\Program Files\Docker\Docker\resources\bin;C:\Users\2oleg\Downloads\curl-8.16.0_6-win64-mingw.zip\curl-8.16.0_6-win64-mingw\bin;C:\Users\2oleg\Downloads\curl-8.16.0_6-win64-mingw\curl-8.16.0_6-win64-mingw\bin;C:\Users\2oleg\Downloads\apache-maven-3.9.11-bin\apache-maven-3.9.11\bin;C:\ProgramData\chocolatey\bin;C:\Users\2oleg\AppData\Roaming\Cloud Foundry;C:\Program Files\Git\cmd;C:\Program Files\nodejs\;C:\Users\2oleg\AppData\Local\Muse Hub\lib;C:\Users\2oleg\AppData\Local\Microsoft\WindowsApps;C:\Program Files\JetBrains\IntelliJ IDEA Community Edition 2025.2.4\bin;C:\Users\2oleg\AppData\Local\Programs\Microsoft VS Code\bin;C:\Program Files\jq.exe;C:\Users\2oleg\AppData\Local\Microsoft\WinGet\Packages\jqlang.jq_Microsoft.Winget.Source_8wekyb3d8bbwe;C:\Program Files\Java\jdk-24;C:\Users\2oleg\Downloads\gradle-9.0.0-bin\gradle-9.0.0\bin;C:\Program Files\Docker\Docker\resources\bin;C:\Users\2oleg\AppData\Local\GitHubDesktop\bin;C:\Users\2oleg\AppData\Roaming\npm
USERNAME=2oleg
OS=Windows_NT
PROCESSOR_IDENTIFIER=Intel64 Family 6 Model 60 Stepping 3, GenuineIntel
TMP=C:\Users\2oleg\AppData\Local\Temp
TEMP=C:\Users\2oleg\AppData\Local\Temp




Periodic native trim disabled

---------------  S Y S T E M  ---------------

OS:
 Windows 10 , 64 bit Build 19041 (10.0.19041.5915)
OS uptime: 10 days 13:06 hours
Hyper-V role detected

CPU: total 8 (initial active 8) (4 cores per cpu, 2 threads per core) family 6 model 60 stepping 3 microcode 0x27, cx8, cmov, fxsr, ht, mmx, sse, sse2, sse3, ssse3, sse4.1, sse4.2, popcnt, lzcnt, tsc, tscinvbit, avx, avx2, aes, erms, clmul, bmi1, bmi2, fma, vzeroupper, clflush, hv, rdtscp, f16c
Processor Information for all 8 processors :
  Max Mhz: 2401, Current Mhz: 2401, Mhz Limit: 2401

Memory: 4k page, system-wide physical 11723M (718M free)
TotalPageFile size 23723M (AvailPageFile size 4M)
current process WorkingSet (physical memory assigned to process): 209M, peak: 209M
current process commit charge ("private bytes"): 309M, peak: 327M

vm_info: Java HotSpot(TM) 64-Bit Server VM (21.0.7+8-LTS-245) for windows-amd64 JRE (21.0.7+8-LTS-245), built on 2025-02-21T05:11:27Z by "mach5one" with MS VC++ 17.6 (VS2022)

END.
