#
# There is insufficient memory for the Java Runtime Environment to continue.
# Native memory allocation (mmap) failed to map 20971520 bytes for G1 virtual space
# Possible reasons:
#   The system is out of physical RAM or swap space
#   The process is running with CompressedOops enabled, and the Java Heap may be blocking the growth of the native heap
# Possible solutions:
#   Reduce memory load on the system
#   Increase physical memory or swap space
#   Check if swap backing store is full
#   Decrease Java heap size (-Xmx/-Xms)
#   Decrease number of Java threads
#   Decrease Java thread stack sizes (-Xss)
#   Set larger code cache with -XX:ReservedCodeCacheSize=
#   JVM is running with Zero Based Compressed Oops mode in which the Java heap is
#     placed in the first 32GB address space. The Java Heap base address is the
#     maximum limit for the native heap growth. Please use -XX:HeapBaseMinAddress
#     to set the Java Heap base and to place the Java Heap above 32GB virtual address.
# This output file may be truncated or incomplete.
#
#  Out of Memory Error (os_windows.cpp:3603), pid=6868, tid=6512
#
# JRE version: Java(TM) SE Runtime Environment (21.0.7+8) (build 21.0.7+8-LTS-245)
# Java VM: Java HotSpot(TM) 64-Bit Server VM (21.0.7+8-LTS-245, mixed mode, emulated-client, sharing, tiered, compressed oops, compressed class ptrs, g1 gc, windows-amd64)
# No core dump will be written. Minidumps are not enabled by default on client versions of Windows
#

---------------  S U M M A R Y ------------

Command Line: -XX:TieredStopAtLevel=1 com.example.TransactionSaga.TransactionSagaApplication

Host: Intel(R) Core(TM) i7-4700HQ CPU @ 2.40GHz, 8 cores, 11G,  Windows 10 , 64 bit Build 19041 (10.0.19041.5915)
Time: Mon Dec 15 22:35:00 2025 RTZ 2 (s 10 , 64 bit Build 19041 (10.0.19041.5915) elapsed time: 53.766625 seconds (0d 0h 0m 53s)

---------------  T H R E A D  ---------------

Current thread (0x000001f519c28b40):  VMThread "VM Thread"          [id=6512, stack(0x00000047cfa00000,0x00000047cfb00000) (1024K)]

Stack: [0x00000047cfa00000,0x00000047cfb00000]
Native frames: (J=compiled Java code, j=interpreted, Vv=VM code, C=native code)
V  [jvm.dll+0x6cae19]
V  [jvm.dll+0x855741]
V  [jvm.dll+0x857c6e]
V  [jvm.dll+0x858343]
V  [jvm.dll+0x27e0b6]
V  [jvm.dll+0x6c7595]
V  [jvm.dll+0x6bc0fa]
V  [jvm.dll+0x353eaa]
V  [jvm.dll+0x35bb26]
V  [jvm.dll+0x3ae52e]
V  [jvm.dll+0x3ae7d8]
V  [jvm.dll+0x3281bc]
V  [jvm.dll+0x32aa16]
V  [jvm.dll+0x3349c8]
V  [jvm.dll+0x36ad55]
V  [jvm.dll+0x85e110]
V  [jvm.dll+0x85f494]
V  [jvm.dll+0x85f9d0]
V  [jvm.dll+0x85fc73]
V  [jvm.dll+0x7ffa1b]
V  [jvm.dll+0x6c94fd]
C  [ucrtbase.dll+0x21bb2]
C  [KERNEL32.DLL+0x17374]
C  [ntdll.dll+0x4cc91]

VM_Operation (0x00000047cf5ff7d0): G1PauseRemark, mode: safepoint, requested by thread 0x000001f5083374c0


---------------  P R O C E S S  ---------------

Threads class SMR info:
_java_thread_list=0x000001f561f68300, length=17, elements={
0x000001f506231780, 0x000001f519c48ab0, 0x000001f519c4ba80, 0x000001f519c4c940,
0x000001f519c4e3a0, 0x000001f519c4edf0, 0x000001f519c4f840, 0x000001f519c50290,
0x000001f55f0d46e0, 0x000001f55f0da180, 0x000001f55fb25580, 0x000001f519c971d0,
0x000001f56135d960, 0x000001f5612905f0, 0x000001f55f7a0e40, 0x000001f56157ba40,
0x000001f56157c0d0
}

Java Threads: ( => current thread )
  0x000001f506231780 JavaThread "main"                              [_thread_blocked, id=31696, stack(0x00000047cf200000,0x00000047cf300000) (1024K)]
  0x000001f519c48ab0 JavaThread "Reference Handler"          daemon [_thread_blocked, id=4664, stack(0x00000047cfb00000,0x00000047cfc00000) (1024K)]
  0x000001f519c4ba80 JavaThread "Finalizer"                  daemon [_thread_blocked, id=27868, stack(0x00000047cfc00000,0x00000047cfd00000) (1024K)]
  0x000001f519c4c940 JavaThread "Signal Dispatcher"          daemon [_thread_blocked, id=14964, stack(0x00000047cfd00000,0x00000047cfe00000) (1024K)]
  0x000001f519c4e3a0 JavaThread "Attach Listener"            daemon [_thread_blocked, id=21616, stack(0x00000047cfe00000,0x00000047cff00000) (1024K)]
  0x000001f519c4edf0 JavaThread "Service Thread"             daemon [_thread_blocked, id=10268, stack(0x00000047cff00000,0x00000047d0000000) (1024K)]
  0x000001f519c4f840 JavaThread "Monitor Deflation Thread"   daemon [_thread_blocked, id=27272, stack(0x00000047d0000000,0x00000047d0100000) (1024K)]
  0x000001f519c50290 JavaThread "C1 CompilerThread0"         daemon [_thread_blocked, id=16804, stack(0x00000047d0100000,0x00000047d0200000) (1024K)]
  0x000001f55f0d46e0 JavaThread "Notification Thread"        daemon [_thread_blocked, id=4752, stack(0x00000047d0500000,0x00000047d0600000) (1024K)]
  0x000001f55f0da180 JavaThread "Common-Cleaner"             daemon [_thread_blocked, id=21132, stack(0x00000047d0600000,0x00000047d0700000) (1024K)]
  0x000001f55fb25580 JavaThread "Thread-0"                          [_thread_blocked, id=27100, stack(0x00000047d0c00000,0x00000047d0d00000) (1024K)]
  0x000001f519c971d0 JavaThread "restartedMain"                     [_thread_blocked, id=4224, stack(0x00000047d0d00000,0x00000047d0e00000) (1024K)]
  0x000001f56135d960 JavaThread "Catalina-utility-1"                [_thread_blocked, id=12788, stack(0x00000047d0300000,0x00000047d0400000) (1024K)]
  0x000001f5612905f0 JavaThread "Catalina-utility-2"                [_thread_blocked, id=15256, stack(0x00000047d0f00000,0x00000047d1000000) (1024K)]
  0x000001f55f7a0e40 JavaThread "container-0"                       [_thread_blocked, id=10276, stack(0x00000047d1000000,0x00000047d1100000) (1024K)]
  0x000001f56157ba40 JavaThread "PostgreSQL-JDBC-Cleaner"    daemon [_thread_blocked, id=14008, stack(0x00000047d1200000,0x00000047d1300000) (1024K)]
  0x000001f56157c0d0 JavaThread "HikariPool-1:housekeeper"   daemon [_thread_blocked, id=1172, stack(0x00000047d1300000,0x00000047d1400000) (1024K)]
Total: 17

Other Threads:
=>0x000001f519c28b40 VMThread "VM Thread"                           [id=6512, stack(0x00000047cfa00000,0x00000047cfb00000) (1024K)]
  0x000001f519c1adf0 WatcherThread "VM Periodic Task Thread"        [id=18712, stack(0x00000047cf900000,0x00000047cfa00000) (1024K)]
  0x000001f508329e80 WorkerThread "GC Thread#0"                     [id=16000, stack(0x00000047cf400000,0x00000047cf500000) (1024K)]
  0x000001f55f6b1440 WorkerThread "GC Thread#1"                     [id=20140, stack(0x00000047d0700000,0x00000047d0800000) (1024K)]
  0x000001f55f6b17e0 WorkerThread "GC Thread#2"                     [id=23952, stack(0x00000047d0800000,0x00000047d0900000) (1024K)]
  0x000001f55f6b1f90 WorkerThread "GC Thread#3"                     [id=8732, stack(0x00000047d0900000,0x00000047d0a00000) (1024K)]
  0x000001f55facf7d0 WorkerThread "GC Thread#4"                     [id=12944, stack(0x00000047d0a00000,0x00000047d0b00000) (1024K)]
  0x000001f55facfb70 WorkerThread "GC Thread#5"                     [id=10320, stack(0x00000047d0b00000,0x00000047d0c00000) (1024K)]
  0x000001f519c6ce20 WorkerThread "GC Thread#6"                     [id=27048, stack(0x00000047d0400000,0x00000047d0500000) (1024K)]
  0x000001f55fa6e880 WorkerThread "GC Thread#7"                     [id=13196, stack(0x00000047d0e00000,0x00000047d0f00000) (1024K)]
  0x000001f5083374c0 ConcurrentGCThread "G1 Main Marker"            [id=9512, stack(0x00000047cf500000,0x00000047cf600000) (1024K)]
  0x000001f508338080 WorkerThread "G1 Conc#0"                       [id=27904, stack(0x00000047cf600000,0x00000047cf700000) (1024K)]
  0x000001f55fec3cd0 WorkerThread "G1 Conc#1"                       [id=27880, stack(0x00000047d1100000,0x00000047d1200000) (1024K)]
  0x000001f50838e880 ConcurrentGCThread "G1 Refine#0"               [id=2416, stack(0x00000047cf700000,0x00000047cf800000) (1024K)]
  0x000001f519aee750 ConcurrentGCThread "G1 Service"                [id=16248, stack(0x00000047cf800000,0x00000047cf900000) (1024K)]
Total: 15

Threads with active compile tasks:
Total: 0

VM state: at safepoint (normal execution)

VM Mutex/Monitor currently owned by a thread:  ([mutex/lock_event])
[0x00007ff9a2d4de50] Threads_lock - owner thread: 0x000001f519c28b40
[0x00007ff9a2d4df50] Heap_lock - owner thread: 0x000001f5083374c0

Heap address: 0x0000000748c00000, size: 2932 MB, Compressed Oops mode: Zero based, Oop shift amount: 3

CDS archive(s) mapped at: [0x000001f51a000000-0x000001f51ac90000-0x000001f51ac90000), size 13172736, SharedBaseAddress: 0x000001f51a000000, ArchiveRelocationMode: 1.
Compressed class space mapped at: 0x000001f51b000000-0x000001f55b000000, reserved size: 1073741824
Narrow klass base: 0x000001f51a000000, Narrow klass shift: 0, Narrow klass range: 0x100000000

GC Precious Log:
 CardTable entry size: 512
 Card Set container configuration: InlinePtr #cards 4 size 8 Array Of Cards #cards 16 size 48 Howl #buckets 8 coarsen threshold 3686 Howl Bitmap #cards 512 size 80 coarsen threshold 460 Card regions per heap region 1 cards per card region 4096
 CPUs: 8 total, 8 available
 Memory: 11723M
 Large Page Support: Disabled
 NUMA Support: Disabled
 Compressed Oops: Enabled (Zero based)
 Heap Region Size: 2M
 Heap Min Capacity: 8M
 Heap Initial Capacity: 184M
 Heap Max Capacity: 2932M
 Pre-touch: Disabled
 Parallel Workers: 8
 Concurrent Workers: 2
 Concurrent Refinement Workers: 8
 Periodic GC: Disabled

Heap:
 garbage-first heap   total 92160K, used 63744K [0x0000000748c00000, 0x0000000800000000)
  region size 2048K, 8 young (16384K), 3 survivors (6144K)
 Metaspace       used 71388K, committed 72192K, reserved 1114112K
  class space    used 10479K, committed 10816K, reserved 1048576K

Heap Regions: E=young(eden), S=young(survivor), O=old, HS=humongous(starts), HC=humongous(continues), CS=collection set, F=free, TAMS=top-at-mark-start, PB=parsable bottom
|   0|0x0000000748c00000, 0x0000000748e00000, 0x0000000748e00000|100%| O|  |TAMS 0x0000000748e00000| PB 0x0000000748e00000| Untracked 
|   1|0x0000000748e00000, 0x0000000749000000, 0x0000000749000000|100%| O|  |TAMS 0x0000000749000000| PB 0x0000000749000000| Untracked 
|   2|0x0000000749000000, 0x0000000749200000, 0x0000000749200000|100%| O|  |TAMS 0x0000000749200000| PB 0x0000000749200000| Untracked 
|   3|0x0000000749200000, 0x0000000749400000, 0x0000000749400000|100%| O|  |TAMS 0x0000000749400000| PB 0x0000000749400000| Untracked 
|   4|0x0000000749400000, 0x0000000749600000, 0x0000000749600000|100%| O|  |TAMS 0x0000000749400000| PB 0x0000000749400000| Untracked 
|   5|0x0000000749600000, 0x0000000749800000, 0x0000000749800000|100%| O|  |TAMS 0x0000000749800000| PB 0x0000000749800000| Untracked 
|   6|0x0000000749800000, 0x0000000749a00000, 0x0000000749a00000|100%| O|  |TAMS 0x0000000749a00000| PB 0x0000000749a00000| Untracked 
|   7|0x0000000749a00000, 0x0000000749c00000, 0x0000000749c00000|100%| O|  |TAMS 0x0000000749c00000| PB 0x0000000749c00000| Untracked 
|   8|0x0000000749c00000, 0x0000000749e00000, 0x0000000749e00000|100%| O|  |TAMS 0x0000000749e00000| PB 0x0000000749e00000| Untracked 
|   9|0x0000000749e00000, 0x000000074a000000, 0x000000074a000000|100%| O|  |TAMS 0x000000074a000000| PB 0x000000074a000000| Updating 
|  10|0x000000074a000000, 0x000000074a200000, 0x000000074a200000|100%| O|  |TAMS 0x000000074a200000| PB 0x000000074a200000| Updating 
|  11|0x000000074a200000, 0x000000074a400000, 0x000000074a400000|100%| S|CS|TAMS 0x000000074a200000| PB 0x000000074a200000| Complete 
|  12|0x000000074a400000, 0x000000074a600000, 0x000000074a600000|100%| O|  |TAMS 0x000000074a600000| PB 0x000000074a600000| Untracked 
|  13|0x000000074a600000, 0x000000074a800000, 0x000000074a800000|100%| O|  |TAMS 0x000000074a800000| PB 0x000000074a800000| Updating 
|  14|0x000000074a800000, 0x000000074aa00000, 0x000000074aa00000|100%| O|  |TAMS 0x000000074aa00000| PB 0x000000074aa00000| Untracked 
|  15|0x000000074aa00000, 0x000000074ac00000, 0x000000074ac00000|100%| O|  |TAMS 0x000000074ac00000| PB 0x000000074ac00000| Updating 
|  16|0x000000074ac00000, 0x000000074ae00000, 0x000000074ae00000|100%| O|  |TAMS 0x000000074ae00000| PB 0x000000074ae00000| Untracked 
|  17|0x000000074ae00000, 0x000000074b000000, 0x000000074b000000|100%| O|  |TAMS 0x000000074b000000| PB 0x000000074b000000| Untracked 
|  18|0x000000074b000000, 0x000000074b200000, 0x000000074b200000|100%| O|  |TAMS 0x000000074b200000| PB 0x000000074b200000| Updating 
|  19|0x000000074b200000, 0x000000074b400000, 0x000000074b400000|100%| O|  |TAMS 0x000000074b400000| PB 0x000000074b400000| Updating 
|  20|0x000000074b400000, 0x000000074b600000, 0x000000074b600000|100%| O|  |TAMS 0x000000074b600000| PB 0x000000074b600000| Updating 
|  21|0x000000074b600000, 0x000000074b800000, 0x000000074b800000|100%| O|  |TAMS 0x000000074b800000| PB 0x000000074b800000| Updating 
|  22|0x000000074b800000, 0x000000074ba00000, 0x000000074ba00000|100%| O|  |TAMS 0x000000074ba00000| PB 0x000000074ba00000| Updating 
|  23|0x000000074ba00000, 0x000000074bc00000, 0x000000074bc00000|100%| O|  |TAMS 0x000000074bc00000| PB 0x000000074bc00000| Updating 
|  24|0x000000074bc00000, 0x000000074be00000, 0x000000074be00000|100%| O|  |TAMS 0x000000074bde2aa8| PB 0x000000074bde2aa8| Updating 
|  25|0x000000074be00000, 0x000000074c000000, 0x000000074c000000|100%| S|CS|TAMS 0x000000074be00000| PB 0x000000074be00000| Complete 
|  26|0x000000074c000000, 0x000000074c200000, 0x000000074c200000|100%| S|CS|TAMS 0x000000074c000000| PB 0x000000074c000000| Complete 
|  27|0x000000074c200000, 0x000000074c200000, 0x000000074c400000|  0%| F|  |TAMS 0x000000074c200000| PB 0x000000074c200000| Untracked 
|  28|0x000000074c400000, 0x000000074c400000, 0x000000074c600000|  0%| F|  |TAMS 0x000000074c400000| PB 0x000000074c400000| Untracked 
|  29|0x000000074c600000, 0x000000074c600000, 0x000000074c800000|  0%| F|  |TAMS 0x000000074c600000| PB 0x000000074c600000| Untracked 
|  30|0x000000074c800000, 0x000000074c800000, 0x000000074ca00000|  0%| F|  |TAMS 0x000000074c800000| PB 0x000000074c800000| Untracked 
|  31|0x000000074ca00000, 0x000000074ca00000, 0x000000074cc00000|  0%| F|  |TAMS 0x000000074ca00000| PB 0x000000074ca00000| Untracked 
|  32|0x000000074cc00000, 0x000000074cc00000, 0x000000074ce00000|  0%| F|  |TAMS 0x000000074cc00000| PB 0x000000074cc00000| Untracked 
|  33|0x000000074ce00000, 0x000000074ce00000, 0x000000074d000000|  0%| F|  |TAMS 0x000000074ce00000| PB 0x000000074ce00000| Untracked 
|  34|0x000000074d000000, 0x000000074d000000, 0x000000074d200000|  0%| F|  |TAMS 0x000000074d000000| PB 0x000000074d000000| Untracked 
|  35|0x000000074d200000, 0x000000074d200000, 0x000000074d400000|  0%| F|  |TAMS 0x000000074d200000| PB 0x000000074d200000| Untracked 
|  36|0x000000074d400000, 0x000000074d400000, 0x000000074d600000|  0%| F|  |TAMS 0x000000074d400000| PB 0x000000074d400000| Untracked 
|  37|0x000000074d600000, 0x000000074d600000, 0x000000074d800000|  0%| F|  |TAMS 0x000000074d600000| PB 0x000000074d600000| Untracked 
|  58|0x0000000750000000, 0x0000000750000000, 0x0000000750200000|  0%| F|  |TAMS 0x0000000750000000| PB 0x0000000750000000| Untracked 
|  59|0x0000000750200000, 0x000000075028efa8, 0x0000000750400000| 27%| E|  |TAMS 0x0000000750200000| PB 0x0000000750200000| Complete 
|  60|0x0000000750400000, 0x0000000750600000, 0x0000000750600000|100%| E|CS|TAMS 0x0000000750400000| PB 0x0000000750400000| Complete 
|  61|0x0000000750600000, 0x0000000750800000, 0x0000000750800000|100%| E|CS|TAMS 0x0000000750600000| PB 0x0000000750600000| Complete 
|  90|0x0000000754000000, 0x0000000754200000, 0x0000000754200000|100%| E|CS|TAMS 0x0000000754000000| PB 0x0000000754000000| Complete 
|  91|0x0000000754200000, 0x0000000754400000, 0x0000000754400000|100%| E|CS|TAMS 0x0000000754200000| PB 0x0000000754200000| Complete 
|1465|0x00000007ffe00000, 0x00000007ffe400b0, 0x0000000800000000| 12%| O|  |TAMS 0x00000007ffe00000| PB 0x00000007ffe00000| Updating 

Card table byte_map: [0x000001f513e40000,0x000001f514400000] _byte_map_base: 0x000001f5103fa000

Marking Bits: (CMBitMap*) 0x000001f50832b4a0
 Bits: [0x000001f514400000, 0x000001f5171d0000)

Polling page: 0x000001f507a90000

Metaspace:

Usage:
  Non-class:     59.48 MB used.
      Class:     10.23 MB used.
       Both:     69.72 MB used.

Virtual space:
  Non-class space:       64.00 MB reserved,      59.94 MB ( 94%) committed,  1 nodes.
      Class space:        1.00 GB reserved,      10.56 MB (  1%) committed,  1 nodes.
             Both:        1.06 GB reserved,      70.50 MB (  6%) committed. 

Chunk freelists:
   Non-Class:  3.45 MB
       Class:  5.50 MB
        Both:  8.95 MB

MaxMetaspaceSize: unlimited
CompressedClassSpaceSize: 1.00 GB
Initial GC threshold: 21.00 MB
Current GC threshold: 116.69 MB
CDS: on
 - commit_granule_bytes: 65536.
 - commit_granule_words: 8192.
 - virtual_space_node_default_size: 8388608.
 - enlarge_chunks_in_place: 1.
 - use_allocation_guard: 0.


Internal statistics:

num_allocs_failed_limit: 12.
num_arena_births: 978.
num_arena_deaths: 48.
num_vsnodes_births: 2.
num_vsnodes_deaths: 0.
num_space_committed: 1128.
num_space_uncommitted: 0.
num_chunks_returned_to_freelist: 75.
num_chunks_taken_from_freelist: 3660.
num_chunk_merges: 18.
num_chunk_splits: 2654.
num_chunks_enlarged: 2077.
num_inconsistent_stats: 0.

CodeCache: size=49152Kb used=12560Kb max_used=13130Kb free=36592Kb
 bounds [0x000001f510760000, 0x000001f511450000, 0x000001f513760000]
 total_blobs=7825 nmethods=7153 adapters=595
 compilation: enabled
              stopped_count=0, restarted_count=0
 full_count=0

Compilation events (20 events):
Event: 53.462 Thread 0x000001f519c50290 7272       1       java.lang.invoke.VarHandleReferences$FieldInstanceReadWrite::setRelease (35 bytes)
Event: 53.462 Thread 0x000001f519c50290 nmethod 7272 0x000001f5113d1290 code [0x000001f5113d1480, 0x000001f5113d18d0]
Event: 53.463 Thread 0x000001f519c50290 7273   !   1       jdk.proxy2.$Proxy159::annotationType (29 bytes)
Event: 53.463 Thread 0x000001f519c50290 nmethod 7273 0x000001f5113d0d10 code [0x000001f5113d0ee0, 0x000001f5113d1110]
Event: 53.465 Thread 0x000001f519c50290 7274       1       org.hibernate.query.sqm.tree.domain.SqmBasicValuedSimplePath::getNodeType (5 bytes)
Event: 53.465 Thread 0x000001f519c50290 nmethod 7274 0x000001f5113d0810 code [0x000001f5113d09c0, 0x000001f5113d0be0]
Event: 53.471 Thread 0x000001f519c50290 7275       1       java.util.regex.Matcher::checkGroup (41 bytes)
Event: 53.471 Thread 0x000001f519c50290 nmethod 7275 0x000001f5113d0110 code [0x000001f5113d0300, 0x000001f5113d0618]
Event: 53.471 Thread 0x000001f519c50290 7276       1       java.util.regex.Matcher::groupCount (10 bytes)
Event: 53.471 Thread 0x000001f519c50290 nmethod 7276 0x000001f5113cfe10 code [0x000001f5113cffa0, 0x000001f5113d0078]
Event: 53.481 Thread 0x000001f519c50290 7277       1       org.antlr.v4.runtime.RuleContext::getText (54 bytes)
Event: 53.481 Thread 0x000001f519c50290 nmethod 7277 0x000001f5113cdf10 code [0x000001f5113ce120, 0x000001f5113ce470]
Event: 53.682 Thread 0x000001f519c50290 7278   !   1       org.springframework.data.jpa.repository.query.HqlParser::nakedIdentifier (1128 bytes)
Event: 53.683 Thread 0x000001f519c50290 nmethod 7278 0x000001f5113cc690 code [0x000001f5113cc9a0, 0x000001f5113cd580]
Event: 53.683 Thread 0x000001f519c50290 7279       1       org.springframework.data.jpa.repository.query.HqlParser$NakedIdentifierContext::<init> (7 bytes)
Event: 53.683 Thread 0x000001f519c50290 nmethod 7279 0x000001f5113cc310 code [0x000001f5113cc4a0, 0x000001f5113cc5c8]
Event: 53.684 Thread 0x000001f519c50290 7280       1       org.springframework.data.jpa.repository.query.HqlParser$IdentifierContext::accept (26 bytes)
Event: 53.684 Thread 0x000001f519c50290 nmethod 7280 0x000001f5113cbe10 code [0x000001f5113cbfe0, 0x000001f5113cc220]
Event: 53.684 Thread 0x000001f519c50290 7281       1       org.springframework.data.jpa.repository.query.HqlBaseVisitor::visitNakedIdentifier (6 bytes)
Event: 53.684 Thread 0x000001f519c50290 nmethod 7281 0x000001f5113cba90 code [0x000001f5113cbc40, 0x000001f5113cbd28]

GC Heap History (20 events):
Event: 42.248 GC heap before
{Heap before GC invocations=14 (full 0):
 garbage-first heap   total 90112K, used 69154K [0x0000000748c00000, 0x0000000800000000)
  region size 2048K, 18 young (36864K), 3 survivors (6144K)
 Metaspace       used 60711K, committed 61376K, reserved 1114112K
  class space    used 8664K, committed 8960K, reserved 1048576K
}
Event: 42.256 GC heap after
{Heap after GC invocations=15 (full 0):
 garbage-first heap   total 90112K, used 41328K [0x0000000748c00000, 0x0000000800000000)
  region size 2048K, 2 young (4096K), 2 survivors (4096K)
 Metaspace       used 60711K, committed 61376K, reserved 1114112K
  class space    used 8664K, committed 8960K, reserved 1048576K
}
Event: 45.633 GC heap before
{Heap before GC invocations=16 (full 0):
 garbage-first heap   total 90112K, used 78192K [0x0000000748c00000, 0x0000000800000000)
  region size 2048K, 20 young (40960K), 2 survivors (4096K)
 Metaspace       used 63766K, committed 64448K, reserved 1114112K
  class space    used 9160K, committed 9472K, reserved 1048576K
}
Event: 45.640 GC heap after
{Heap after GC invocations=17 (full 0):
 garbage-first heap   total 90112K, used 43679K [0x0000000748c00000, 0x0000000800000000)
  region size 2048K, 3 young (6144K), 3 survivors (6144K)
 Metaspace       used 63766K, committed 64448K, reserved 1114112K
  class space    used 9160K, committed 9472K, reserved 1048576K
}
Event: 48.033 GC heap before
{Heap before GC invocations=17 (full 0):
 garbage-first heap   total 90112K, used 74399K [0x0000000748c00000, 0x0000000800000000)
  region size 2048K, 19 young (38912K), 3 survivors (6144K)
 Metaspace       used 68899K, committed 69568K, reserved 1114112K
  class space    used 10006K, committed 10304K, reserved 1048576K
}
Event: 48.044 GC heap after
{Heap after GC invocations=18 (full 0):
 garbage-first heap   total 90112K, used 45821K [0x0000000748c00000, 0x0000000800000000)
  region size 2048K, 3 young (6144K), 3 survivors (6144K)
 Metaspace       used 68899K, committed 69568K, reserved 1114112K
  class space    used 10006K, committed 10304K, reserved 1048576K
}
Event: 49.345 GC heap before
{Heap before GC invocations=18 (full 0):
 garbage-first heap   total 90112K, used 76541K [0x0000000748c00000, 0x0000000800000000)
  region size 2048K, 18 young (36864K), 3 survivors (6144K)
 Metaspace       used 71014K, committed 71680K, reserved 1114112K
  class space    used 10401K, committed 10688K, reserved 1048576K
}
Event: 49.351 GC heap after
{Heap after GC invocations=19 (full 0):
 garbage-first heap   total 90112K, used 47375K [0x0000000748c00000, 0x0000000800000000)
  region size 2048K, 2 young (4096K), 2 survivors (4096K)
 Metaspace       used 71014K, committed 71680K, reserved 1114112K
  class space    used 10401K, committed 10688K, reserved 1048576K
}
Event: 49.832 GC heap before
{Heap before GC invocations=20 (full 0):
 garbage-first heap   total 90112K, used 78095K [0x0000000748c00000, 0x0000000800000000)
  region size 2048K, 17 young (34816K), 2 survivors (4096K)
 Metaspace       used 71020K, committed 71744K, reserved 1114112K
  class space    used 10409K, committed 10752K, reserved 1048576K
}
Event: 49.835 GC heap after
{Heap after GC invocations=21 (full 0):
 garbage-first heap   total 90112K, used 47599K [0x0000000748c00000, 0x0000000800000000)
  region size 2048K, 1 young (2048K), 1 survivors (2048K)
 Metaspace       used 71020K, committed 71744K, reserved 1114112K
  class space    used 10409K, committed 10752K, reserved 1048576K
}
Event: 50.110 GC heap before
{Heap before GC invocations=21 (full 0):
 garbage-first heap   total 90112K, used 80367K [0x0000000748c00000, 0x0000000800000000)
  region size 2048K, 17 young (34816K), 1 survivors (2048K)
 Metaspace       used 71087K, committed 71808K, reserved 1114112K
  class space    used 10429K, committed 10752K, reserved 1048576K
}
Event: 50.121 GC heap after
{Heap after GC invocations=22 (full 0):
 garbage-first heap   total 90112K, used 49358K [0x0000000748c00000, 0x0000000800000000)
  region size 2048K, 3 young (6144K), 3 survivors (6144K)
 Metaspace       used 71087K, committed 71808K, reserved 1114112K
  class space    used 10429K, committed 10752K, reserved 1048576K
}
Event: 50.275 GC heap before
{Heap before GC invocations=22 (full 0):
 garbage-first heap   total 90112K, used 75982K [0x0000000748c00000, 0x0000000800000000)
  region size 2048K, 16 young (32768K), 3 survivors (6144K)
 Metaspace       used 71118K, committed 71808K, reserved 1114112K
  class space    used 10437K, committed 10752K, reserved 1048576K
}
Event: 50.280 GC heap after
{Heap after GC invocations=23 (full 0):
 garbage-first heap   total 90112K, used 50144K [0x0000000748c00000, 0x0000000800000000)
  region size 2048K, 2 young (4096K), 2 survivors (4096K)
 Metaspace       used 71118K, committed 71808K, reserved 1114112K
  class space    used 10437K, committed 10752K, reserved 1048576K
}
Event: 51.309 GC heap before
{Heap before GC invocations=24 (full 0):
 garbage-first heap   total 90112K, used 78816K [0x0000000748c00000, 0x0000000800000000)
  region size 2048K, 16 young (32768K), 2 survivors (4096K)
 Metaspace       used 71154K, committed 71808K, reserved 1114112K
  class space    used 10439K, committed 10752K, reserved 1048576K
}
Event: 51.311 GC heap after
{Heap after GC invocations=25 (full 0):
 garbage-first heap   total 90112K, used 48061K [0x0000000748c00000, 0x0000000800000000)
  region size 2048K, 1 young (2048K), 1 survivors (2048K)
 Metaspace       used 71154K, committed 71808K, reserved 1114112K
  class space    used 10439K, committed 10752K, reserved 1048576K
}
Event: 52.174 GC heap before
{Heap before GC invocations=25 (full 0):
 garbage-first heap   total 90112K, used 78781K [0x0000000748c00000, 0x0000000800000000)
  region size 2048K, 16 young (32768K), 1 survivors (2048K)
 Metaspace       used 71177K, committed 71872K, reserved 1114112K
  class space    used 10447K, committed 10752K, reserved 1048576K
}
Event: 52.180 GC heap after
{Heap after GC invocations=26 (full 0):
 garbage-first heap   total 90112K, used 48240K [0x0000000748c00000, 0x0000000800000000)
  region size 2048K, 1 young (2048K), 1 survivors (2048K)
 Metaspace       used 71177K, committed 71872K, reserved 1114112K
  class space    used 10447K, committed 10752K, reserved 1048576K
}
Event: 53.664 GC heap before
{Heap before GC invocations=26 (full 0):
 garbage-first heap   total 90112K, used 81008K [0x0000000748c00000, 0x0000000800000000)
  region size 2048K, 17 young (34816K), 1 survivors (2048K)
 Metaspace       used 71404K, committed 72192K, reserved 1114112K
  class space    used 10484K, committed 10816K, reserved 1048576K
}
Event: 53.671 GC heap after
{Heap after GC invocations=27 (full 0):
 garbage-first heap   total 92160K, used 55552K [0x0000000748c00000, 0x0000000800000000)
  region size 2048K, 3 young (6144K), 3 survivors (6144K)
 Metaspace       used 71404K, committed 72192K, reserved 1114112K
  class space    used 10484K, committed 10816K, reserved 1048576K
}

Dll operation events (9 events):
Event: 0.853 Loaded shared library C:\Program Files\Java\jdk-21\bin\java.dll
Event: 2.297 Loaded shared library C:\Program Files\Java\jdk-21\bin\net.dll
Event: 2.301 Loaded shared library C:\Program Files\Java\jdk-21\bin\nio.dll
Event: 2.341 Loaded shared library C:\Program Files\Java\jdk-21\bin\zip.dll
Event: 3.033 Loaded shared library C:\Program Files\Java\jdk-21\bin\jimage.dll
Event: 6.524 Loaded shared library C:\Program Files\Java\jdk-21\bin\management.dll
Event: 6.554 Loaded shared library C:\Program Files\Java\jdk-21\bin\management_ext.dll
Event: 14.584 Loaded shared library C:\Program Files\Java\jdk-21\bin\sunmscapi.dll
Event: 35.088 Loaded shared library C:\Program Files\Java\jdk-21\bin\extnet.dll

Deoptimization events (4 events):
Event: 27.739 Thread 0x000001f519c971d0 DEOPT PACKING pc=0x000001f510c8808c sp=0x00000047d0dfdcd0
Event: 27.739 Thread 0x000001f519c971d0 DEOPT UNPACKING pc=0x000001f5107b4e42 sp=0x00000047d0dfd278 mode 0
Event: 41.372 Thread 0x000001f519c971d0 DEOPT PACKING pc=0x000001f511298e5c sp=0x00000047d0dfd0c0
Event: 41.372 Thread 0x000001f519c971d0 DEOPT UNPACKING pc=0x000001f5107b4e42 sp=0x00000047d0dfc558 mode 0

Classes loaded (20 events):
Event: 53.109 Loading class jdk/internal/reflect/ByteVectorImpl
Event: 53.109 Loading class jdk/internal/reflect/ByteVector
Event: 53.109 Loading class jdk/internal/reflect/ByteVector done
Event: 53.109 Loading class jdk/internal/reflect/ByteVectorImpl done
Event: 53.109 Loading class jdk/internal/reflect/ClassFileAssembler
Event: 53.112 Loading class jdk/internal/reflect/ClassFileAssembler done
Event: 53.112 Loading class jdk/internal/reflect/UTF8
Event: 53.113 Loading class jdk/internal/reflect/UTF8 done
Event: 53.114 Loading class jdk/internal/reflect/Label
Event: 53.116 Loading class jdk/internal/reflect/Label done
Event: 53.116 Loading class jdk/internal/reflect/Label$PatchInfo
Event: 53.116 Loading class jdk/internal/reflect/Label$PatchInfo done
Event: 53.116 Loading class jdk/internal/reflect/MethodAccessorGenerator$1
Event: 53.116 Loading class jdk/internal/reflect/MethodAccessorGenerator$1 done
Event: 53.116 Loading class jdk/internal/reflect/ClassDefiner
Event: 53.116 Loading class jdk/internal/reflect/ClassDefiner done
Event: 53.116 Loading class jdk/internal/reflect/ClassDefiner$1
Event: 53.117 Loading class jdk/internal/reflect/ClassDefiner$1 done
Event: 53.117 Loading class jdk/internal/reflect/SerializationConstructorAccessorImpl
Event: 53.117 Loading class jdk/internal/reflect/SerializationConstructorAccessorImpl done

Classes unloaded (20 events):
Event: 49.418 Thread 0x000001f519c28b40 Unloading class 0x000001f51b135000 'java/lang/invoke/LambdaForm$DMH+0x000001f51b135000'
Event: 49.418 Thread 0x000001f519c28b40 Unloading class 0x000001f51b108000 'java/lang/invoke/LambdaForm$DMH+0x000001f51b108000'
Event: 49.418 Thread 0x000001f519c28b40 Unloading class 0x000001f51b019400 'java/lang/invoke/LambdaForm$MH+0x000001f51b019400'
Event: 49.418 Thread 0x000001f519c28b40 Unloading class 0x000001f51b018800 'java/lang/invoke/LambdaForm$MH+0x000001f51b018800'
Event: 49.418 Thread 0x000001f519c28b40 Unloading class 0x000001f51b018400 'java/lang/invoke/LambdaForm$MH+0x000001f51b018400'
Event: 49.418 Thread 0x000001f519c28b40 Unloading class 0x000001f51b017800 'java/lang/invoke/LambdaForm$MH+0x000001f51b017800'
Event: 49.418 Thread 0x000001f519c28b40 Unloading class 0x000001f51b017400 'java/lang/invoke/LambdaForm$MH+0x000001f51b017400'
Event: 49.418 Thread 0x000001f519c28b40 Unloading class 0x000001f51b016800 'java/lang/invoke/LambdaForm$MH+0x000001f51b016800'
Event: 49.418 Thread 0x000001f519c28b40 Unloading class 0x000001f51b015800 'java/lang/invoke/LambdaForm$MH+0x000001f51b015800'
Event: 49.418 Thread 0x000001f519c28b40 Unloading class 0x000001f51b014c00 'java/lang/invoke/LambdaForm$MH+0x000001f51b014c00'
Event: 49.418 Thread 0x000001f519c28b40 Unloading class 0x000001f51b014400 'java/lang/invoke/LambdaForm$MH+0x000001f51b014400'
Event: 53.752 Thread 0x000001f519c28b40 Unloading class 0x000001f51b2ec400 'java/lang/invoke/LambdaForm$DMH+0x000001f51b2ec400'
Event: 53.752 Thread 0x000001f519c28b40 Unloading class 0x000001f51b18a000 'java/lang/invoke/LambdaForm$MH+0x000001f51b18a000'
Event: 53.752 Thread 0x000001f519c28b40 Unloading class 0x000001f51b189400 'java/lang/invoke/LambdaForm$MH+0x000001f51b189400'
Event: 53.752 Thread 0x000001f519c28b40 Unloading class 0x000001f51b189000 'java/lang/invoke/LambdaForm$MH+0x000001f51b189000'
Event: 53.752 Thread 0x000001f519c28b40 Unloading class 0x000001f51b188c00 'java/lang/invoke/LambdaForm$MH+0x000001f51b188c00'
Event: 53.753 Thread 0x000001f519c28b40 Unloading class 0x000001f51b188400 'java/lang/invoke/LambdaForm$MH+0x000001f51b188400'
Event: 53.753 Thread 0x000001f519c28b40 Unloading class 0x000001f51b185400 'java/lang/invoke/LambdaForm$MH+0x000001f51b185400'
Event: 53.753 Thread 0x000001f519c28b40 Unloading class 0x000001f51b0e1800 'java/lang/invoke/LambdaForm$MH+0x000001f51b0e1800'
Event: 53.753 Thread 0x000001f519c28b40 Unloading class 0x000001f51b017c00 'java/lang/invoke/LambdaForm$MH+0x000001f51b017c00'

Classes redefined (0 events):
No events

Internal exceptions (20 events):
Event: 41.968 Thread 0x000001f519c971d0 Exception <a 'java/lang/IncompatibleClassChangeError'{0x000000074cbd8900}: Found class java.lang.Object, but interface was expected> (0x000000074cbd8900) 
thrown [s\open\src\hotspot\share\interpreter\linkResolver.cpp, line 840]
Event: 42.069 Thread 0x000001f519c971d0 Exception <a 'java/lang/NoSuchMethodError'{0x000000074c968580}: 'java.lang.Object java.lang.invoke.DirectMethodHandle$Holder.newInvokeSpecial(java.lang.Object, java.lang.Object, java.lang.Object, java.lang.Object, java.lang.Object, int, java.lang.Object)'> (0x000000074c968580) 
thrown [s\open\src\hotspot\share\interpreter\linkResolver.cpp, line 773]
Event: 42.083 Thread 0x000001f519c971d0 Exception <a 'java/lang/NoSuchMethodError'{0x000000074c9a7050}: 'java.lang.Object java.lang.invoke.Invokers$Holder.linkToTargetMethod(java.lang.Object, java.lang.Object, java.lang.Object, java.lang.Object, java.lang.Object, java.lang.Object, java.lang.Object, java.lang.Object, java.lang.Object, java.lang.Object, java.lang.Object, java.lang.Object)'> (0x000000074c9a7050) 
thrown [s\open\src\hotspot\share\interpreter\linkResolver.cpp, line 773]
Event: 42.366 Thread 0x000001f519c971d0 Exception <a 'java/lang/IncompatibleClassChangeError'{0x00000007542c9468}: Found class java.lang.Object, but interface was expected> (0x00000007542c9468) 
thrown [s\open\src\hotspot\share\interpreter\linkResolver.cpp, line 840]
Event: 42.422 Thread 0x000001f519c971d0 Exception <a 'java/lang/NoSuchMethodError'{0x0000000754348cb0}: 'java.lang.Object java.lang.invoke.DirectMethodHandle$Holder.newInvokeSpecial(java.lang.Object, java.lang.Object, java.lang.Object, java.lang.Object, java.lang.Object, java.lang.Object, java.lang.Object, int)'> (0x0000000754348cb0) 
thrown [s\open\src\hotspot\share\interpreter\linkResolver.cpp, line 773]
Event: 42.422 Thread 0x000001f519c971d0 Exception <a 'java/lang/NoSuchMethodError'{0x000000075434d220}: 'java.lang.Object java.lang.invoke.DirectMethodHandle$Holder.invokeSpecial(java.lang.Object, java.lang.Object, java.lang.Object, java.lang.Object, java.lang.Object, java.lang.Object, java.lang.Object, java.lang.Object, int)'> (0x000000075434d220) 
thrown [s\open\src\hotspot\share\interpreter\linkResolver.cpp, line 773]
Event: 42.423 Thread 0x000001f519c971d0 Exception <a 'java/lang/NoSuchMethodError'{0x0000000754351248}: 'java.lang.Object java.lang.invoke.Invokers$Holder.linkToTargetMethod(java.lang.Object, java.lang.Object, java.lang.Object, java.lang.Object, java.lang.Object, java.lang.Object, int, java.lang.Object)'> (0x0000000754351248) 
thrown [s\open\src\hotspot\share\interpreter\linkResolver.cpp, line 773]
Event: 42.770 Thread 0x000001f519c971d0 Exception <a 'java/io/IOException'{0x00000007541c8e40}> (0x00000007541c8e40) 
thrown [s\open\src\hotspot\share\prims\jni.cpp, line 520]
Event: 42.770 Thread 0x000001f519c971d0 Exception <a 'java/io/IOException'{0x00000007541c96c8}> (0x00000007541c96c8) 
thrown [s\open\src\hotspot\share\prims\jni.cpp, line 520]
Event: 42.985 Thread 0x000001f519c971d0 Exception <a 'java/io/IOException'{0x000000075045d550}> (0x000000075045d550) 
thrown [s\open\src\hotspot\share\prims\jni.cpp, line 520]
Event: 42.985 Thread 0x000001f519c971d0 Exception <a 'java/io/IOException'{0x000000075045db28}> (0x000000075045db28) 
thrown [s\open\src\hotspot\share\prims\jni.cpp, line 520]
Event: 43.069 Thread 0x000001f519c971d0 Exception <a 'java/lang/NoSuchMethodError'{0x000000075032ce10}: 'void java.lang.invoke.Invokers$Holder.invokeExact_MT(java.lang.Object, java.lang.Object, java.lang.Object, java.lang.Object)'> (0x000000075032ce10) 
thrown [s\open\src\hotspot\share\interpreter\linkResolver.cpp, line 773]
Event: 44.224 Thread 0x000001f519c971d0 Exception <a 'java/lang/IncompatibleClassChangeError'{0x000000074ca8e5f8}: Found class java.lang.Object, but interface was expected> (0x000000074ca8e5f8) 
thrown [s\open\src\hotspot\share\interpreter\linkResolver.cpp, line 840]
Event: 44.749 Thread 0x000001f519c971d0 Exception <a 'java/lang/IncompatibleClassChangeError'{0x000000074c6d8ce0}: Found class java.lang.Object, but interface was expected> (0x000000074c6d8ce0) 
thrown [s\open\src\hotspot\share\interpreter\linkResolver.cpp, line 840]
Event: 45.468 Thread 0x000001f519c971d0 Exception <a 'java/lang/IncompatibleClassChangeError'{0x000000074bc5efd0}: Found class java.lang.Object, but interface was expected> (0x000000074bc5efd0) 
thrown [s\open\src\hotspot\share\interpreter\linkResolver.cpp, line 840]
Event: 46.069 Thread 0x000001f519c971d0 Exception <a 'java/lang/IncompatibleClassChangeError'{0x000000075061e840}: Found class java.lang.Object, but interface was expected> (0x000000075061e840) 
thrown [s\open\src\hotspot\share\interpreter\linkResolver.cpp, line 840]
Event: 46.073 Thread 0x000001f519c971d0 Exception <a 'java/lang/IncompatibleClassChangeError'{0x0000000750624008}: Found class java.lang.Object, but interface was expected> (0x0000000750624008) 
thrown [s\open\src\hotspot\share\interpreter\linkResolver.cpp, line 840]
Event: 46.793 Thread 0x000001f519c971d0 Exception <a 'java/io/IOException'{0x0000000750513b30}> (0x0000000750513b30) 
thrown [s\open\src\hotspot\share\prims\jni.cpp, line 520]
Event: 46.793 Thread 0x000001f519c971d0 Exception <a 'java/io/IOException'{0x00000007505143b8}> (0x00000007505143b8) 
thrown [s\open\src\hotspot\share\prims\jni.cpp, line 520]
Event: 53.062 Thread 0x000001f519c971d0 Exception <a 'java/lang/NoSuchMethodError'{0x000000075028a300}: 'int java.lang.invoke.DirectMethodHandle$Holder.invokeStaticInit(java.lang.Object, int, java.lang.Object, java.lang.Object, java.lang.Object, java.lang.Object)'> (0x000000075028a300) 
thrown [s\open\src\hotspot\share\interpreter\linkResolver.cpp, line 773]

ZGC Phase Switch (0 events):
No events

VM Operations (20 events):
Event: 50.127 Executing VM operation: G1CollectForAllocation (G1 Evacuation Pause) done
Event: 50.275 Executing VM operation: G1CollectForAllocation (G1 Evacuation Pause)
Event: 50.280 Executing VM operation: G1CollectForAllocation (G1 Evacuation Pause) done
Event: 50.352 Executing VM operation: G1PauseRemark
Event: 50.386 Executing VM operation: G1PauseRemark done
Event: 50.419 Executing VM operation: G1PauseCleanup
Event: 50.419 Executing VM operation: G1PauseCleanup done
Event: 51.309 Executing VM operation: G1CollectForAllocation (G1 Evacuation Pause)
Event: 51.311 Executing VM operation: G1CollectForAllocation (G1 Evacuation Pause) done
Event: 52.174 Executing VM operation: G1CollectForAllocation (G1 Evacuation Pause)
Event: 52.186 Executing VM operation: G1CollectForAllocation (G1 Evacuation Pause) done
Event: 53.050 Executing VM operation: HandshakeAllThreads (Deoptimize)
Event: 53.050 Executing VM operation: HandshakeAllThreads (Deoptimize) done
Event: 53.071 Executing VM operation: HandshakeAllThreads (Deoptimize)
Event: 53.071 Executing VM operation: HandshakeAllThreads (Deoptimize) done
Event: 53.076 Executing VM operation: HandshakeAllThreads (Deoptimize)
Event: 53.076 Executing VM operation: HandshakeAllThreads (Deoptimize) done
Event: 53.664 Executing VM operation: G1CollectForAllocation (G1 Evacuation Pause)
Event: 53.671 Executing VM operation: G1CollectForAllocation (G1 Evacuation Pause) done
Event: 53.752 Executing VM operation: G1PauseRemark

Events (20 events):
Event: 49.428 Thread 0x000001f519c28b40 flushing nmethod 0x000001f5108e0c10
Event: 49.428 Thread 0x000001f519c28b40 flushing nmethod 0x000001f510a0e810
Event: 49.428 Thread 0x000001f519c28b40 flushing nmethod 0x000001f510f0d190
Event: 49.428 Thread 0x000001f519c28b40 flushing nmethod 0x000001f51110ff10
Event: 49.428 Thread 0x000001f519c28b40 flushing nmethod 0x000001f510c32e90
Event: 49.428 Thread 0x000001f519c28b40 flushing nmethod 0x000001f510c34e10
Event: 49.428 Thread 0x000001f519c28b40 flushing nmethod 0x000001f510d00d10
Event: 49.428 Thread 0x000001f519c28b40 flushing nmethod 0x000001f5110fd310
Event: 49.428 Thread 0x000001f519c28b40 flushing nmethod 0x000001f511298a90
Event: 50.385 Thread 0x000001f519c28b40 flushing nmethod 0x000001f5111e1710
Event: 50.385 Thread 0x000001f519c28b40 flushing nmethod 0x000001f5111e2810
Event: 50.385 Thread 0x000001f519c28b40 flushing nmethod 0x000001f510ed6390
Event: 50.385 Thread 0x000001f519c28b40 flushing nmethod 0x000001f5111f4b90
Event: 50.385 Thread 0x000001f519c28b40 flushing nmethod 0x000001f510c0c710
Event: 50.385 Thread 0x000001f519c28b40 flushing nmethod 0x000001f5111d5e90
Event: 50.385 Thread 0x000001f519c28b40 flushing nmethod 0x000001f511165690
Event: 50.385 Thread 0x000001f519c28b40 flushing nmethod 0x000001f5111d1190
Event: 50.385 Thread 0x000001f519c28b40 flushing nmethod 0x000001f511200990
Event: 50.922 Thread 0x000001f562474970 Thread exited: 0x000001f562474970
Event: 53.760 Thread 0x000001f519c28b40 flushing nmethod 0x000001f51105b790


Dynamic libraries:
0x00007ff6a5e00000 - 0x00007ff6a5e10000 	C:\Program Files\Java\jdk-21\bin\java.exe
0x00007ff9f5930000 - 0x00007ff9f5b28000 	C:\WINDOWS\SYSTEM32\ntdll.dll
0x00007ff9f5400000 - 0x00007ff9f54c2000 	C:\WINDOWS\System32\KERNEL32.DLL
0x00007ff9f3130000 - 0x00007ff9f3426000 	C:\WINDOWS\System32\KERNELBASE.dll
0x00007ff9f3820000 - 0x00007ff9f3920000 	C:\WINDOWS\System32\ucrtbase.dll
0x00007ff9e2e70000 - 0x00007ff9e2e89000 	C:\Program Files\Java\jdk-21\bin\jli.dll
0x00007ff9f3da0000 - 0x00007ff9f3e51000 	C:\WINDOWS\System32\ADVAPI32.dll
0x00007ff9f5820000 - 0x00007ff9f58be000 	C:\WINDOWS\System32\msvcrt.dll
0x00007ff9f4800000 - 0x00007ff9f489f000 	C:\WINDOWS\System32\sechost.dll
0x00007ff9f3c10000 - 0x00007ff9f3d30000 	C:\WINDOWS\System32\RPCRT4.dll
0x00007ff9f3560000 - 0x00007ff9f3587000 	C:\WINDOWS\System32\bcrypt.dll
0x00007ff9f3f40000 - 0x00007ff9f40e1000 	C:\WINDOWS\System32\USER32.dll
0x00007ff9f3100000 - 0x00007ff9f3122000 	C:\WINDOWS\System32\win32u.dll
0x00007ff9f47c0000 - 0x00007ff9f47eb000 	C:\WINDOWS\System32\GDI32.dll
0x00007ff9f2f90000 - 0x00007ff9f30a9000 	C:\WINDOWS\System32\gdi32full.dll
0x00007ff9f3590000 - 0x00007ff9f362d000 	C:\WINDOWS\System32\msvcp_win.dll
0x00007ff9e2dc0000 - 0x00007ff9e2ddb000 	C:\Program Files\Java\jdk-21\bin\VCRUNTIME140.dll
0x00007ff9e4da0000 - 0x00007ff9e503b000 	C:\WINDOWS\WinSxS\amd64_microsoft.windows.common-controls_6595b64144ccf1df_6.0.19041.6456_none_60b8a6cb71f64256\COMCTL32.dll
0x00007ff9ecd10000 - 0x00007ff9ecd1a000 	C:\WINDOWS\SYSTEM32\VERSION.dll
0x00007ff9f3f10000 - 0x00007ff9f3f3f000 	C:\WINDOWS\System32\IMM32.DLL
0x00007ff9e25a0000 - 0x00007ff9e25ac000 	C:\Program Files\Java\jdk-21\bin\vcruntime140_1.dll
0x00007ff9d12b0000 - 0x00007ff9d133e000 	C:\Program Files\Java\jdk-21\bin\msvcp140.dll
0x00007ff9a2110000 - 0x00007ff9a2e2a000 	C:\Program Files\Java\jdk-21\bin\server\jvm.dll
0x00007ff9f4210000 - 0x00007ff9f427b000 	C:\WINDOWS\System32\WS2_32.dll
0x00007ff9f2df0000 - 0x00007ff9f2e3b000 	C:\WINDOWS\SYSTEM32\POWRPROF.dll
0x00007ff9e0140000 - 0x00007ff9e0167000 	C:\WINDOWS\SYSTEM32\WINMM.dll
0x00007ff9f2dd0000 - 0x00007ff9f2de2000 	C:\WINDOWS\SYSTEM32\UMPDC.dll
0x00007ff9f0dc0000 - 0x00007ff9f0dd2000 	C:\WINDOWS\SYSTEM32\kernel.appcore.dll
0x00007ff9e2590000 - 0x00007ff9e259a000 	C:\Program Files\Java\jdk-21\bin\jimage.dll
0x00007ff9df840000 - 0x00007ff9dfa41000 	C:\WINDOWS\SYSTEM32\DBGHELP.DLL
0x00007ff9dd350000 - 0x00007ff9dd384000 	C:\WINDOWS\SYSTEM32\dbgcore.DLL
0x00007ff9f3630000 - 0x00007ff9f36b2000 	C:\WINDOWS\System32\bcryptPrimitives.dll
0x00007ff9e2280000 - 0x00007ff9e229f000 	C:\Program Files\Java\jdk-21\bin\java.dll
0x00007ff9f4930000 - 0x00007ff9f50a0000 	C:\WINDOWS\System32\SHELL32.dll
0x00007ff9f0fc0000 - 0x00007ff9f1765000 	C:\WINDOWS\SYSTEM32\windows.storage.dll
0x00007ff9f50a0000 - 0x00007ff9f53f4000 	C:\WINDOWS\System32\combase.dll
0x00007ff9f28e0000 - 0x00007ff9f290b000 	C:\WINDOWS\SYSTEM32\Wldp.dll
0x00007ff9f46f0000 - 0x00007ff9f47bd000 	C:\WINDOWS\System32\OLEAUT32.dll
0x00007ff9f3920000 - 0x00007ff9f39cd000 	C:\WINDOWS\System32\SHCORE.dll
0x00007ff9f57c0000 - 0x00007ff9f581b000 	C:\WINDOWS\System32\shlwapi.dll
0x00007ff9f2ec0000 - 0x00007ff9f2ee4000 	C:\WINDOWS\SYSTEM32\profapi.dll
0x00007ff9e2270000 - 0x00007ff9e2280000 	C:\Program Files\Java\jdk-21\bin\net.dll
0x00007ff9ec950000 - 0x00007ff9eca5a000 	C:\WINDOWS\SYSTEM32\WINHTTP.dll
0x00007ff9f25f0000 - 0x00007ff9f265a000 	C:\WINDOWS\system32\mswsock.dll
0x00007ff9e0dd0000 - 0x00007ff9e0de6000 	C:\Program Files\Java\jdk-21\bin\nio.dll
0x00007ff9e09b0000 - 0x00007ff9e09c8000 	C:\Program Files\Java\jdk-21\bin\zip.dll
0x00007ff9e0880000 - 0x00007ff9e088a000 	C:\Program Files\Java\jdk-21\bin\management.dll
0x00007ff9e0870000 - 0x00007ff9e087b000 	C:\Program Files\Java\jdk-21\bin\management_ext.dll
0x00007ff9f47f0000 - 0x00007ff9f47f8000 	C:\WINDOWS\System32\PSAPI.DLL
0x00007ff9f22f0000 - 0x00007ff9f232b000 	C:\WINDOWS\SYSTEM32\IPHLPAPI.DLL
0x00007ff9f3e60000 - 0x00007ff9f3e68000 	C:\WINDOWS\System32\NSI.dll
0x00007ff9f2330000 - 0x00007ff9f23fa000 	C:\WINDOWS\SYSTEM32\DNSAPI.dll
0x00007ff9e9e60000 - 0x00007ff9e9e6a000 	C:\Windows\System32\rasadhlp.dll
0x00007ff9eb040000 - 0x00007ff9eb0c0000 	C:\WINDOWS\System32\fwpuclnt.dll
0x00007ff9e0eb0000 - 0x00007ff9e0ebe000 	C:\Program Files\Java\jdk-21\bin\sunmscapi.dll
0x00007ff9f36c0000 - 0x00007ff9f381d000 	C:\WINDOWS\System32\CRYPT32.dll
0x00007ff9f2950000 - 0x00007ff9f2977000 	C:\WINDOWS\SYSTEM32\ncrypt.dll
0x00007ff9f2910000 - 0x00007ff9f294b000 	C:\WINDOWS\SYSTEM32\NTASN1.dll
0x00007ff9f27b0000 - 0x00007ff9f27c8000 	C:\WINDOWS\SYSTEM32\CRYPTSP.dll
0x00007ff9f1f20000 - 0x00007ff9f1f58000 	C:\WINDOWS\system32\rsaenh.dll
0x00007ff9f2e40000 - 0x00007ff9f2e6e000 	C:\WINDOWS\SYSTEM32\USERENV.dll
0x00007ff9f27d0000 - 0x00007ff9f27dc000 	C:\WINDOWS\SYSTEM32\CRYPTBASE.dll
0x00007ff9e0750000 - 0x00007ff9e0759000 	C:\Program Files\Java\jdk-21\bin\extnet.dll

dbghelp: loaded successfully - version: 4.0.5 - missing functions: none
symbol engine: initialized successfully - sym options: 0x614 - pdb path: .;C:\Program Files\Java\jdk-21\bin;C:\WINDOWS\SYSTEM32;C:\WINDOWS\WinSxS\amd64_microsoft.windows.common-controls_6595b64144ccf1df_6.0.19041.6456_none_60b8a6cb71f64256;C:\Program Files\Java\jdk-21\bin\server

VM Arguments:
jvm_args: -XX:TieredStopAtLevel=1 
java_command: com.example.TransactionSaga.TransactionSagaApplication
java_class_path (initial): C:\Users\2oleg\Downloads\Telegram Desktop\Kefir\Backend\TransactionSaga\target\classes;C:\Users\2oleg\.m2\repository\ch\qos\logback\logback-classic\1.5.21\logback-classic-1.5.21.jar;C:\Users\2oleg\.m2\repository\ch\qos\logback\logback-core\1.5.21\logback-core-1.5.21.jar;C:\Users\2oleg\.m2\repository\org\apache\logging\log4j\log4j-to-slf4j\2.24.3\log4j-to-slf4j-2.24.3.jar;C:\Users\2oleg\.m2\repository\org\apache\logging\log4j\log4j-api\2.24.3\log4j-api-2.24.3.jar;C:\Users\2oleg\.m2\repository\org\slf4j\jul-to-slf4j\2.0.17\jul-to-slf4j-2.0.17.jar;C:\Users\2oleg\.m2\repository\jakarta\annotation\jakarta.annotation-api\2.1.1\jakarta.annotation-api-2.1.1.jar;C:\Users\2oleg\.m2\repository\org\yaml\snakeyaml\2.4\snakeyaml-2.4.jar;C:\Users\2oleg\.m2\repository\com\fasterxml\jackson\datatype\jackson-datatype-jdk8\2.19.4\jackson-datatype-jdk8-2.19.4.jar;C:\Users\2oleg\.m2\repository\com\fasterxml\jackson\module\jackson-module-parameter-names\2.19.4\jackson-module-parameter-names-2.19.4.jar;C:\Users\2oleg\.m2\repository\org\apache\tomcat\embed\tomcat-embed-core\10.1.49\tomcat-embed-core-10.1.49.jar;C:\Users\2oleg\.m2\repository\org\apache\tomcat\embed\tomcat-embed-websocket\10.1.49\tomcat-embed-websocket-10.1.49.jar;C:\Users\2oleg\.m2\repository\org\springframework\spring-web\6.2.14\spring-web-6.2.14.jar;C:\Users\2oleg\.m2\repository\org\springframework\spring-beans\6.2.14\spring-beans-6.2.14.jar;C:\Users\2oleg\.m2\repository\org\springframework\spring-webmvc\6.2.14\spring-webmvc-6.2.14.jar;C:\Users\2oleg\.m2\repository\org\springframework\spring-aop\6.2.14\spring-aop-6.2.14.jar;C:\Users\2oleg\.m2\repository\org\springframework\spring-context\6.2.14\spring-context-6.2.14.jar;C:\Users\2oleg\.m2\repository\org\springframework\spring-expression\6.2.14\spring-expression-6.2.14.jar;C:\Users\2oleg\.m2\repository\com\zaxxer\HikariCP\6.3.3\HikariCP-6.3.3.jar;C:\Users\2oleg\.m2\repository\org\springframework\spring-jdbc\6.2.14\spring-jdbc-6.2.14.jar;C:\Users\2oleg\.m2\repository\org\hibernate\orm\hibernate-core\6.6.36.Final\hibernate-core-6.6.36.Final.jar;C:\Users\2oleg\.m2\repository\jakarta\persistence\jakarta.persistence-api\3.1.0\jakarta.persistence-api-3.1.0.jar;C:\Users\2oleg\.m2\repository\jakarta\transaction\jakarta.transaction-api\2.0.1\jakarta.transaction-api-2.0.1.jar;C:\Users\2oleg\.m2\repository\org\jboss\logging\jboss-logging\3.6.1.Final\jboss-logging-3.6.1.Final.jar;C:\Users\2oleg\.m2\repository\org\hibernate\common\hibernate-commons-annotations\7.0.3.Final\hibernate-commons-annotations-7.0.3.Final.jar;C:\Users\2oleg\.m2\repository\io\smallrye\jandex\3.2.0\jandex-3.2.0.jar;C:\Users\2oleg\.m2\repository\com\fasterxml\classmate\1.7.1\classmate-1.7.1.jar;C:\Users\2oleg\.m2\repository\net\bytebuddy\byte-buddy\1.17.8\byte-buddy-1.17.8.jar;C:\Users\2oleg\.m2\repository\org\glassfish\jaxb\jaxb-runtime\4.0.6\jaxb-runtime-4.0.6.jar;C:\Users\2oleg\.m2\repository\org\glassfish\jaxb\jaxb-core\4.0.6\jaxb-core-4.0.6.jar;C:\Users\2oleg\.m2\repository\org\eclipse\angus\angus-activation\2.0.3\angus-activation-2.0.3.jar;C:\Users\2oleg\.m2\repository\org\glassfish\jaxb\txw2\4.0.6\txw2-4.0.6.jar;C:\Users\2oleg\.m2\repository\com\sun\istack\istack-commons-runtime\4.1.2\istack-commons-runtime-4.1.2.jar;C:\Users\2oleg\.m2\repository\jakarta\inject\jakarta.inject-api\2.0.1\jakarta.inject-api-2.0.1.jar;C:\Users\2oleg\.m2\repository\org\antlr\antlr4-runtime\4.13.0\antlr4-runtime-4.13.0.jar;C:\Users\2oleg\.m2\repository\org\springframework\data\spring-data-jpa\3.5.6\spring-data-jpa-3.5.6.jar;C:\Users\2oleg\.m2\repository\org\springframework\data\spring-data-commons\3.5.6\spring-data-commons-3.5.6.jar;C:\Users\2oleg\.m2\repository\org\springframework\spring-orm\6.2.14\spring-orm-6.2.14.jar;C:\Users\2oleg\.m2\repository\org\slf4j\slf4j-api\2.0.17\slf4j-api-2.0.17.jar;C:\Users\2oleg\.m2\repository\org\springframework\spring-aspects\6.2.14\spring-aspects-6.2.14.jar;C:\Users\2oleg\.m2\repository\org\aspectj\aspectjweaver\1.9.25\aspectjweaver-1.9.25.jar;C:\Users\2oleg\.m2\repository\org\springframework\boot\spring-boot-actuator-autoconfigure\3.5.8\spring-boot-actuator-autoconfigure-3.5.8.jar;C:\Users\2oleg\.m2\repository\org\springframework\boot\spring-boot-actuator\3.5.8\spring-boot-actuator-3.5.8.jar;C:\Users\2oleg\.m2\repository\io\micrometer\micrometer-observation\1.15.6\micrometer-observation-1.15.6.jar;C:\Users\2oleg\.m2\repository\io\micrometer\micrometer-commons\1.15.6\micrometer-commons-1.15.6.jar;C:\Users\2oleg\.m2\repository\io\micrometer\micrometer-jakarta9\1.15.6\micrometer-jakarta9-1.15.6.jar;C:\Users\2oleg\.m2\repository\io\micrometer\micrometer-core\1.15.6\micrometer-core-1.15.6.jar;C:\Users\2oleg\.m2\repository\org\hdrhistogram\HdrHistogram\2.2.2\HdrHistogram-2.2.2.jar;C:\Users\2oleg\.m2\repository\org\latencyutils\LatencyUtils\2.0.3\LatencyUtils-2.0.3.jar;C:\Users\2oleg\.m2\repository\org\springframework\spring-context-support\6.2.14\spring-context-support-6.2.14.jar;C:\Users\2oleg\.m2\repository\org\springframework\spring-tx\6.2.14\spring-tx-6.2.14.jar;C:\Users\2oleg\.m2\repository\org\quartz-scheduler\quartz\2.5.1\quartz-2.5.1.jar;C:\Users\2oleg\.m2\repository\org\apache\tomcat\embed\tomcat-embed-el\10.1.49\tomcat-embed-el-10.1.49.jar;C:\Users\2oleg\.m2\repository\org\hibernate\validator\hibernate-validator\8.0.3.Final\hibernate-validator-8.0.3.Final.jar;C:\Users\2oleg\.m2\repository\jakarta\validation\jakarta.validation-api\3.0.2\jakarta.validation-api-3.0.2.jar;C:\Users\2oleg\.m2\repository\org\springframework\spring-messaging\6.2.14\spring-messaging-6.2.14.jar;C:\Users\2oleg\.m2\repository\org\springframework\spring-websocket\6.2.14\spring-websocket-6.2.14.jar;C:\Users\2oleg\.m2\repository\org\springframework\cloud\spring-cloud-starter-openfeign\4.3.0\spring-cloud-starter-openfeign-4.3.0.jar;C:\Users\2oleg\.m2\repository\org\springframework\cloud\spring-cloud-starter\4.3.0\spring-cloud-starter-4.3.0.jar;C:\Users\2oleg\.m2\repository\org\springframework\cloud\spring-cloud-context\4.3.0\spring-cloud-context-4.3.0.jar;C:\Users\2oleg\.m2\repository\org\bouncycastle\bcprov-jdk18on\1.80\bcprov-jdk18on-1.80.jar;C:\Users\2oleg\.m2\repository\org\springframework\cloud\spring-cloud-openfeign-core\4.3.0\spring-cloud-openfeign-core-4.3.0.jar;C:\Users\2oleg\.m2\repository\io\github\openfeign\feign-form-spring\13.6\feign-form-spring-13.6.jar;C:\Users\2oleg\.m2\repository\org\apache\commons\commons-text\1.13.0\commons-text-1.13.0.jar;C:\Users\2oleg\.m2\repository\org\apache\commons\commons-lang3\3.17.0\commons-lang3-3.17.0.jar;C:\Users\2oleg\.m2\repository\io\github\openfeign\feign-form\13.6\feign-form-13.6.jar;C:\Users\2oleg\.m2\repository\commons-fileupload\commons-fileupload\1.5\commons-fileupload-1.5.jar;C:\Users\2oleg\.m2\repository\org\springframework\cloud\spring-cloud-commons\4.3.0\spring-cloud-commons-4.3.0.jar;C:\Users\2oleg\.m2\repository\org\springframework\security\spring-security-crypto\6.5.7\spring-security-crypto-6.5.7.jar;C:\Users\2oleg\.m2\repository\io\github\openfeign\feign-core\13.6\feign-core-13.6.jar;C:\Users\2oleg\.m2\repository\io\github\openfeign\feign-slf4j\13.6\feign-slf4j-13.6.jar;C:\Users\2oleg\.m2\repository\org\springframework\cloud\spring-cloud-starter-circuitbreaker-resilience4j\3.3.0\spring-cloud-starter-circuitbreaker-resilience4j-3.3.0.jar;C:\Users\2oleg\.m2\repository\org\springframework\cloud\spring-cloud-circuitbreaker-resilience4j\3.3.0\spring-cloud-circuitbreaker-resilience4j-3.3.0.jar;C:\Users\2oleg\.m2\repository\io\github\resilience4j\resilience4j-spring-boot3\2.2.0\resilience4j-spring-boot3-2.2.0.jar;C:\Users\2oleg\.m2\repository\io\github\resilience4j\resilience4j-spring6\2.2.0\resilience4j-spring6-2.2.0.jar;C:\Users\2oleg\.m2\repository\io\github\resilience4j\resilience4j-annotations\2.2.0\resilience4j-annotations-2.2.0.jar;C:\Users\2oleg\.m2\repository\io\github\resilience4j\resilience4j-consumer\2.2.0\resilience4j-consumer-2.2.0.jar;C:\Users\2oleg\.m2\repository\io\github\resilience4j\resilience4j-circularbuffer\2.2.0\resilience4j-circularbuffer-2.2.0.jar;C:\Users\2oleg\.m2\repository\io\github\resilience4j\resilience4j-framework-common\2.2.0\resilience4j-framework-common-2.2.0.jar;C:\Users\2oleg\.m2\repository\io\github\resilience4j\resilience4j-micrometer\2.2.0\resilience4j-micrometer-2.2.0.jar;C:\Users\2oleg\.m2\repository\io\github\resilience4j\resilience4j-retry\2.2.0\resilience4j-retry-2.2.0.jar;C:\Users\2oleg\.m2\repository\io\github\resilience4j\resilience4j-ratelimiter\2.2.0\resilience4j-ratelimiter-2.2.0.jar;C:\Users\2oleg\.m2\repository\io\github\resilience4j\resilience4j-circuitbreaker\2.2.0\resilience4j-circuitbreaker-2.2.0.jar;C:\Users\2oleg\.m2\repository\io\github\resilience4j\resilience4j-core\2.2.0\resilience4j-core-2.2.0.jar;C:\Users\2oleg\.m2\repository\io\github\resilience4j\resilience4j-timelimiter\2.2.0\resilience4j-timelimiter-2.2.0.jar;C:\Users\2oleg\.m2\repository\org\postgresql\postgresql\42.7.8\postgresql-42.7.8.jar;C:\Users\2oleg\.m2\repository\org\checkerframework\checker-qual\3.49.5\checker-qual-3.49.5.jar;C:\Users\2oleg\.m2\repository\com\vladmihalcea\hibernate-types-60\2.21.1\hibernate-types-60-2.21.1.jar;C:\Users\2oleg\.m2\repository\javax\xml\bind\jaxb-api\2.3.0\jaxb-api-2.3.0.jar;C:\Users\2oleg\.m2\repository\jakarta\xml\bind\jakarta.xml.bind-api\4.0.4\jakarta.xml.bind-api-4.0.4.jar;C:\Users\2oleg\.m2\repository\jakarta\activation\jakarta.activation-api\2.1.4\jakarta.activation-api-2.1.4.jar;C:\Users\2oleg\.m2\repository\com\github\ben-manes\caffeine\caffeine\3.1.8\caffeine-3.1.8.jar;C:\Users\2oleg\.m2\repository\com\google\errorprone\error_prone_annotations\2.21.1\error_prone_annotations-2.21.1.jar;C:\Users\2oleg\.m2\repository\com\fasterxml\jackson\core\jackson-databind\2.19.4\jackson-databind-2.19.4.jar;C:\Users\2oleg\.m2\repository\com\fasterxml\jackson\core\jackson-annotations\2.19.4\jackson-annotations-2.19.4.jar;C:\Users\2oleg\.m2\repository\com\fasterxml\jackson\core\jackson-core\2.19.4\jackson-core-2.19.4.jar;C:\Users\2oleg\.m2\repository\com\fasterxml\jackson\datatype\jackson-datatype-jsr310\2.19.4\jackson-datatype-jsr310-2.19.4.jar;C:\Users\2oleg\.m2\repository\io\jsonwebtoken\jjwt-api\0.11.5\jjwt-api-0.11.5.jar;C:\Users\2oleg\.m2\repository\io\jsonwebtoken\jjwt-impl\0.11.5\jjwt-impl-0.11.5.jar;C:\Users\2oleg\.m2\repository\io\jsonwebtoken\jjwt-jackson\0.11.5\jjwt-jackson-0.11.5.jar;C:\Users\2oleg\.m2\repository\org\springframework\boot\spring-boot-devtools\3.5.8\spring-boot-devtools-3.5.8.jar;C:\Users\2oleg\.m2\repository\org\springframework\boot\spring-boot\3.5.8\spring-boot-3.5.8.jar;C:\Users\2oleg\.m2\repository\org\springframework\boot\spring-boot-autoconfigure\3.5.8\spring-boot-autoconfigure-3.5.8.jar;C:\Users\2oleg\.m2\repository\org\springframework\spring-core\6.2.14\spring-core-6.2.14.jar;C:\Users\2oleg\.m2\repository\org\springframework\spring-jcl\6.2.14\spring-jcl-6.2.14.jar
Launcher Type: SUN_STANDARD

[Global flags]
     intx CICompilerCount                          = 4                                         {product} {ergonomic}
     uint ConcGCThreads                            = 2                                         {product} {ergonomic}
     uint G1ConcRefinementThreads                  = 8                                         {product} {ergonomic}
   size_t G1HeapRegionSize                         = 2097152                                   {product} {ergonomic}
    uintx GCDrainStackTargetSize                   = 64                                        {product} {ergonomic}
   size_t InitialHeapSize                          = 192937984                                 {product} {ergonomic}
   size_t MarkStackSize                            = 4194304                                   {product} {ergonomic}
   size_t MaxHeapSize                              = 3074424832                                {product} {ergonomic}
   size_t MaxNewSize                               = 1843396608                                {product} {ergonomic}
   size_t MinHeapDeltaBytes                        = 2097152                                   {product} {ergonomic}
   size_t MinHeapSize                              = 8388608                                   {product} {ergonomic}
    uintx NonNMethodCodeHeapSize                   = 4096                                   {pd product} {ergonomic}
    uintx NonProfiledCodeHeapSize                  = 0                                      {pd product} {ergonomic}
     bool ProfileInterpreter                       = false                                  {pd product} {command line}
    uintx ProfiledCodeHeapSize                     = 0                                      {pd product} {ergonomic}
   size_t SoftMaxHeapSize                          = 3074424832                             {manageable} {ergonomic}
     intx TieredStopAtLevel                        = 1                                         {product} {command line}
     bool UseCompressedOops                        = true                           {product lp64_product} {ergonomic}
     bool UseG1GC                                  = true                                      {product} {ergonomic}
     bool UseLargePagesIndividualAllocation        = false                                  {pd product} {ergonomic}

Logging:
Log output configuration:
 #0: stdout all=warning uptime,level,tags foldmultilines=false
 #1: stderr all=off uptime,level,tags foldmultilines=false

Environment Variables:
JAVA_HOME=C:\Program Files\Java\jdk-21
PATH=C:\Program Files\Common Files\Oracle\Java\javapath;C:\Program Files (x86)\Cuminas\Document Express DjVu Plug-in\;C:\Program Files (x86)\Razer Chroma SDK\bin;C:\Program Files\Razer Chroma SDK\bin;C:\WINDOWS\system32;C:\WINDOWS;C:\WINDOWS\System32\Wbem;C:\WINDOWS\System32\WindowsPowerShell\v1.0\;C:\WINDOWS\System32\OpenSSH\;C:\Program Files (x86)\NVIDIA Corporation\PhysX\Common;C:\WINDOWS\system32\config\systemprofile\AppData\Local\Microsoft\WindowsApps;C:\Program Files (x86)\Razer\ChromaBroadcast\bin;C:\Program Files\Razer\ChromaBroadcast\bin;C:\Users\2oleg\AppData\Local\Microsoft\WindowsApps;C:\Program Files\JetBrains\IntelliJ IDEA Community Edition 2024.3\bin;C:\Users\2oleg\AppData\Local\Programs\Microsoft VS Code\bin;C:\Program Files\Docker\Docker\resources\bin;C:\Users\2oleg\Downloads\curl-8.16.0_6-win64-mingw.zip\curl-8.16.0_6-win64-mingw\bin;C:\Users\2oleg\Downloads\curl-8.16.0_6-win64-mingw\curl-8.16.0_6-win64-mingw\bin;C:\Users\2oleg\Downloads\apache-maven-3.9.11-bin\apache-maven-3.9.11\bin;C:\ProgramData\chocolatey\bin;C:\Users\2oleg\AppData\Roaming\Cloud Foundry;C:\Program Files\Git\cmd;C:\Program Files\nodejs\;C:\Users\2oleg\AppData\Local\Muse Hub\lib;C:\Users\2oleg\AppData\Local\Microsoft\WindowsApps;C:\Program Files\JetBrains\IntelliJ IDEA Community Edition 2025.2.4\bin;C:\Users\2oleg\AppData\Local\Programs\Microsoft VS Code\bin;C:\Program Files\jq.exe;C:\Users\2oleg\AppData\Local\Microsoft\WinGet\Packages\jqlang.jq_Microsoft.Winget.Source_8wekyb3d8bbwe;C:\Program Files\Java\jdk-24;C:\Users\2oleg\Downloads\gradle-9.0.0-bin\gradle-9.0.0\bin;C:\Program Files\Docker\Docker\resources\bin;C:\Users\2oleg\AppData\Local\GitHubDesktop\bin;C:\Users\2oleg\AppData\Roaming\npm
USERNAME=2oleg
OS=Windows_NT
PROCESSOR_IDENTIFIER=Intel64 Family 6 Model 60 Stepping 3, GenuineIntel
TMP=C:\Users\2oleg\AppData\Local\Temp
TEMP=C:\Users\2oleg\AppData\Local\Temp




Periodic native trim disabled

---------------  S Y S T E M  ---------------

OS:
 Windows 10 , 64 bit Build 19041 (10.0.19041.5915)
OS uptime: 13 days 9:20 hours
Hyper-V role detected

CPU: total 8 (initial active 8) (4 cores per cpu, 2 threads per core) family 6 model 60 stepping 3 microcode 0x27, cx8, cmov, fxsr, ht, mmx, sse, sse2, sse3, ssse3, sse4.1, sse4.2, popcnt, lzcnt, tsc, tscinvbit, avx, avx2, aes, erms, clmul, bmi1, bmi2, fma, vzeroupper, clflush, hv, rdtscp, f16c
Processor Information for all 8 processors :
  Max Mhz: 2401, Current Mhz: 2401, Mhz Limit: 2401

Memory: 4k page, system-wide physical 11723M (285M free)
TotalPageFile size 23723M (AvailPageFile size 9M)
current process WorkingSet (physical memory assigned to process): 252M, peak: 252M
current process commit charge ("private bytes"): 296M, peak: 316M

vm_info: Java HotSpot(TM) 64-Bit Server VM (21.0.7+8-LTS-245) for windows-amd64 JRE (21.0.7+8-LTS-245), built on 2025-02-21T05:11:27Z by "mach5one" with MS VC++ 17.6 (VS2022)

END.
