#
# There is insufficient memory for the Java Runtime Environment to continue.
# Native memory allocation (malloc) failed to allocate 412336 bytes for Chunk::new
# Possible reasons:
#   The system is out of physical RAM or swap space
#   The process is running with CompressedOops enabled, and the Java Heap may be blocking the growth of the native heap
# Possible solutions:
#   Reduce memory load on the system
#   Increase physical memory or swap space
#   Check if swap backing store is full
#   Decrease Java heap size (-Xmx/-Xms)
#   Decrease number of Java threads
#   Decrease Java thread stack sizes (-Xss)
#   Set larger code cache with -XX:ReservedCodeCacheSize=
#   JVM is running with Zero Based Compressed Oops mode in which the Java heap is
#     placed in the first 32GB address space. The Java Heap base address is the
#     maximum limit for the native heap growth. Please use -XX:HeapBaseMinAddress
#     to set the Java Heap base and to place the Java Heap above 32GB virtual address.
# This output file may be truncated or incomplete.
#
#  Out of Memory Error (arena.cpp:168), pid=31508, tid=29700
#
# JRE version: Java(TM) SE Runtime Environment (21.0.7+8) (build 21.0.7+8-LTS-245)
# Java VM: Java HotSpot(TM) 64-Bit Server VM (21.0.7+8-LTS-245, mixed mode, sharing, tiered, compressed oops, compressed class ptrs, g1 gc, windows-amd64)
# No core dump will be written. Minidumps are not enabled by default on client versions of Windows
#

---------------  S U M M A R Y ------------

Command Line: --enable-native-access=ALL-UNNAMED -Dclassworlds.conf=C:\Users\2oleg\Downloads\apache-maven-3.9.11-bin\apache-maven-3.9.11\bin\m2.conf -Dmaven.home=C:\Users\2oleg\Downloads\apache-maven-3.9.11-bin\apache-maven-3.9.11 -Dlibrary.jansi.path=C:\Users\2oleg\Downloads\apache-maven-3.9.11-bin\apache-maven-3.9.11\lib\jansi-native -Dmaven.multiModuleProjectDirectory=C:\Users\2oleg\Downloads\Telegram Desktop\Kefir\Backend\TransactionSaga org.codehaus.plexus.classworlds.launcher.Launcher spring-boot:run -Dserver.port=8090 -DskipTests

Host: Intel(R) Core(TM) i7-4700HQ CPU @ 2.40GHz, 8 cores, 11G,  Windows 10 , 64 bit Build 19041 (10.0.19041.5915)
Time: Sat Dec 13 01:39:45 2025 RTZ 2 (s 10 , 64 bit Build 19041 (10.0.19041.5915) elapsed time: 46.464438 seconds (0d 0h 0m 46s)

---------------  T H R E A D  ---------------

Current thread (0x0000021649e66230):  JavaThread "C2 CompilerThread0" daemon [_thread_in_native, id=29700, stack(0x0000006781800000,0x0000006781900000) (1024K)]


Current CompileTask:
C2:  46464 3849       4       java.io.WinNTFileSystem::normalize (224 bytes)

Stack: [0x0000006781800000,0x0000006781900000]
Native frames: (J=compiled Java code, j=interpreted, Vv=VM code, C=native code)
V  [jvm.dll+0x6cae19]
V  [jvm.dll+0x855741]
V  [jvm.dll+0x857c6e]
V  [jvm.dll+0x858343]
V  [jvm.dll+0x27e0b6]
V  [jvm.dll+0xc4ecd]
V  [jvm.dll+0xc5403]
V  [jvm.dll+0x3b5752]
V  [jvm.dll+0x381e25]
V  [jvm.dll+0x38129a]
V  [jvm.dll+0x246b30]
V  [jvm.dll+0x24610f]
V  [jvm.dll+0x1c6efe]
V  [jvm.dll+0x255819]
V  [jvm.dll+0x253daa]
V  [jvm.dll+0x3eebb6]
V  [jvm.dll+0x7ffa1b]
V  [jvm.dll+0x6c94fd]
C  [ucrtbase.dll+0x21bb2]
C  [KERNEL32.DLL+0x17374]
C  [ntdll.dll+0x4cc91]


---------------  P R O C E S S  ---------------

Threads class SMR info:
_java_thread_list=0x000002168f885600, length=12, elements={
0x000002162a290550, 0x0000021649e5afd0, 0x0000021649e5bc20, 0x0000021649e5f190,
0x0000021649e5fbe0, 0x0000021649e60a40, 0x0000021649e61490, 0x0000021649e66230,
0x0000021649e69880, 0x000002168f0100d0, 0x000002168f012740, 0x0000021690497960
}

Java Threads: ( => current thread )
  0x000002162a290550 JavaThread "main"                              [_thread_in_native, id=12300, stack(0x0000006780a00000,0x0000006780b00000) (1024K)]
  0x0000021649e5afd0 JavaThread "Reference Handler"          daemon [_thread_blocked, id=27076, stack(0x0000006781200000,0x0000006781300000) (1024K)]
  0x0000021649e5bc20 JavaThread "Finalizer"                  daemon [_thread_blocked, id=30884, stack(0x0000006781300000,0x0000006781400000) (1024K)]
  0x0000021649e5f190 JavaThread "Signal Dispatcher"          daemon [_thread_blocked, id=26092, stack(0x0000006781400000,0x0000006781500000) (1024K)]
  0x0000021649e5fbe0 JavaThread "Attach Listener"            daemon [_thread_blocked, id=10316, stack(0x0000006781500000,0x0000006781600000) (1024K)]
  0x0000021649e60a40 JavaThread "Service Thread"             daemon [_thread_blocked, id=6024, stack(0x0000006781600000,0x0000006781700000) (1024K)]
  0x0000021649e61490 JavaThread "Monitor Deflation Thread"   daemon [_thread_blocked, id=15024, stack(0x0000006781700000,0x0000006781800000) (1024K)]
=>0x0000021649e66230 JavaThread "C2 CompilerThread0"         daemon [_thread_in_native, id=29700, stack(0x0000006781800000,0x0000006781900000) (1024K)]
  0x0000021649e69880 JavaThread "C1 CompilerThread0"         daemon [_thread_blocked, id=29672, stack(0x0000006781900000,0x0000006781a00000) (1024K)]
  0x000002168f0100d0 JavaThread "Notification Thread"        daemon [_thread_blocked, id=22124, stack(0x0000006781a00000,0x0000006781b00000) (1024K)]
  0x000002168f012740 JavaThread "Common-Cleaner"             daemon [_thread_blocked, id=31124, stack(0x0000006781b00000,0x0000006781c00000) (1024K)]
  0x0000021690497960 JavaThread "Thread-1"                   daemon [_thread_blocked, id=30584, stack(0x0000006781c00000,0x0000006781d00000) (1024K)]
Total: 12

Other Threads:
  0x0000021649e3d650 VMThread "VM Thread"                           [id=25892, stack(0x0000006781100000,0x0000006781200000) (1024K)]
  0x0000021649e2bff0 WatcherThread "VM Periodic Task Thread"        [id=31584, stack(0x0000006781000000,0x0000006781100000) (1024K)]
  0x000002162c3a0bb0 WorkerThread "GC Thread#0"                     [id=29708, stack(0x0000006780b00000,0x0000006780c00000) (1024K)]
  0x000002168fa02010 WorkerThread "GC Thread#1"                     [id=30448, stack(0x0000006781e00000,0x0000006781f00000) (1024K)]
  0x000002168fa023b0 WorkerThread "GC Thread#2"                     [id=20916, stack(0x0000006781f00000,0x0000006782000000) (1024K)]
  0x000002168fc0f8f0 WorkerThread "GC Thread#3"                     [id=30016, stack(0x0000006782000000,0x0000006782100000) (1024K)]
  0x000002168fd7b370 WorkerThread "GC Thread#4"                     [id=32520, stack(0x0000006782100000,0x0000006782200000) (1024K)]
  0x000002168fce34f0 WorkerThread "GC Thread#5"                     [id=25868, stack(0x0000006782200000,0x0000006782300000) (1024K)]
  0x000002168faa1de0 WorkerThread "GC Thread#6"                     [id=13692, stack(0x0000006782300000,0x0000006782400000) (1024K)]
  0x000002168faa2180 WorkerThread "GC Thread#7"                     [id=7448, stack(0x0000006782400000,0x0000006782500000) (1024K)]
  0x000002162c3adae0 ConcurrentGCThread "G1 Main Marker"            [id=22652, stack(0x0000006780c00000,0x0000006780d00000) (1024K)]
  0x000002162c3ae5e0 WorkerThread "G1 Conc#0"                       [id=12892, stack(0x0000006780d00000,0x0000006780e00000) (1024K)]
  0x000002162c41e730 ConcurrentGCThread "G1 Refine#0"               [id=20056, stack(0x0000006780e00000,0x0000006780f00000) (1024K)]
  0x0000021649d023f0 ConcurrentGCThread "G1 Service"                [id=27100, stack(0x0000006780f00000,0x0000006781000000) (1024K)]
Total: 14

Threads with active compile tasks:
C2 CompilerThread0    46522 3849       4       java.io.WinNTFileSystem::normalize (224 bytes)
Total: 1

VM state: not at safepoint (normal execution)

VM Mutex/Monitor currently owned by a thread: None

Heap address: 0x0000000748c00000, size: 2932 MB, Compressed Oops mode: Zero based, Oop shift amount: 3

CDS archive(s) mapped at: [0x000002164a000000-0x000002164ac90000-0x000002164ac90000), size 13172736, SharedBaseAddress: 0x000002164a000000, ArchiveRelocationMode: 1.
Compressed class space mapped at: 0x000002164b000000-0x000002168b000000, reserved size: 1073741824
Narrow klass base: 0x000002164a000000, Narrow klass shift: 0, Narrow klass range: 0x100000000

GC Precious Log:
 CardTable entry size: 512
 Card Set container configuration: InlinePtr #cards 4 size 8 Array Of Cards #cards 16 size 48 Howl #buckets 8 coarsen threshold 3686 Howl Bitmap #cards 512 size 80 coarsen threshold 460 Card regions per heap region 1 cards per card region 4096
 CPUs: 8 total, 8 available
 Memory: 11723M
 Large Page Support: Disabled
 NUMA Support: Disabled
 Compressed Oops: Enabled (Zero based)
 Heap Region Size: 2M
 Heap Min Capacity: 8M
 Heap Initial Capacity: 184M
 Heap Max Capacity: 2932M
 Pre-touch: Disabled
 Parallel Workers: 8
 Concurrent Workers: 2
 Concurrent Refinement Workers: 8
 Periodic GC: Disabled

Heap:
 garbage-first heap   total 188416K, used 70928K [0x0000000748c00000, 0x0000000800000000)
  region size 2048K, 34 young (69632K), 1 survivors (2048K)
 Metaspace       used 15970K, committed 16192K, reserved 1114112K
  class space    used 1842K, committed 1920K, reserved 1048576K

Heap Regions: E=young(eden), S=young(survivor), O=old, HS=humongous(starts), HC=humongous(continues), CS=collection set, F=free, TAMS=top-at-mark-start, PB=parsable bottom
|   0|0x0000000748c00000, 0x0000000748e00000, 0x0000000748e00000|100%| O|  |TAMS 0x0000000748c00000| PB 0x0000000748c00000| Untracked 
|   1|0x0000000748e00000, 0x0000000748f89610, 0x0000000749000000| 76%| O|  |TAMS 0x0000000748e00000| PB 0x0000000748e00000| Untracked 
|   2|0x0000000749000000, 0x0000000749000000, 0x0000000749200000|  0%| F|  |TAMS 0x0000000749000000| PB 0x0000000749000000| Untracked 
|   3|0x0000000749200000, 0x0000000749200000, 0x0000000749400000|  0%| F|  |TAMS 0x0000000749200000| PB 0x0000000749200000| Untracked 
|   4|0x0000000749400000, 0x0000000749400000, 0x0000000749600000|  0%| F|  |TAMS 0x0000000749400000| PB 0x0000000749400000| Untracked 
|   5|0x0000000749600000, 0x0000000749600000, 0x0000000749800000|  0%| F|  |TAMS 0x0000000749600000| PB 0x0000000749600000| Untracked 
|   6|0x0000000749800000, 0x0000000749800000, 0x0000000749a00000|  0%| F|  |TAMS 0x0000000749800000| PB 0x0000000749800000| Untracked 
|   7|0x0000000749a00000, 0x0000000749a00000, 0x0000000749c00000|  0%| F|  |TAMS 0x0000000749a00000| PB 0x0000000749a00000| Untracked 
|   8|0x0000000749c00000, 0x0000000749c00000, 0x0000000749e00000|  0%| F|  |TAMS 0x0000000749c00000| PB 0x0000000749c00000| Untracked 
|   9|0x0000000749e00000, 0x0000000749e00000, 0x000000074a000000|  0%| F|  |TAMS 0x0000000749e00000| PB 0x0000000749e00000| Untracked 
|  10|0x000000074a000000, 0x000000074a000000, 0x000000074a200000|  0%| F|  |TAMS 0x000000074a000000| PB 0x000000074a000000| Untracked 
|  11|0x000000074a200000, 0x000000074a200000, 0x000000074a400000|  0%| F|  |TAMS 0x000000074a200000| PB 0x000000074a200000| Untracked 
|  12|0x000000074a400000, 0x000000074a400000, 0x000000074a600000|  0%| F|  |TAMS 0x000000074a400000| PB 0x000000074a400000| Untracked 
|  13|0x000000074a600000, 0x000000074a600000, 0x000000074a800000|  0%| F|  |TAMS 0x000000074a600000| PB 0x000000074a600000| Untracked 
|  14|0x000000074a800000, 0x000000074a800000, 0x000000074aa00000|  0%| F|  |TAMS 0x000000074a800000| PB 0x000000074a800000| Untracked 
|  15|0x000000074aa00000, 0x000000074aa00000, 0x000000074ac00000|  0%| F|  |TAMS 0x000000074aa00000| PB 0x000000074aa00000| Untracked 
|  16|0x000000074ac00000, 0x000000074ac00000, 0x000000074ae00000|  0%| F|  |TAMS 0x000000074ac00000| PB 0x000000074ac00000| Untracked 
|  17|0x000000074ae00000, 0x000000074ae00000, 0x000000074b000000|  0%| F|  |TAMS 0x000000074ae00000| PB 0x000000074ae00000| Untracked 
|  18|0x000000074b000000, 0x000000074b000000, 0x000000074b200000|  0%| F|  |TAMS 0x000000074b000000| PB 0x000000074b000000| Untracked 
|  19|0x000000074b200000, 0x000000074b200000, 0x000000074b400000|  0%| F|  |TAMS 0x000000074b200000| PB 0x000000074b200000| Untracked 
|  20|0x000000074b400000, 0x000000074b400000, 0x000000074b600000|  0%| F|  |TAMS 0x000000074b400000| PB 0x000000074b400000| Untracked 
|  21|0x000000074b600000, 0x000000074b600000, 0x000000074b800000|  0%| F|  |TAMS 0x000000074b600000| PB 0x000000074b600000| Untracked 
|  22|0x000000074b800000, 0x000000074b800000, 0x000000074ba00000|  0%| F|  |TAMS 0x000000074b800000| PB 0x000000074b800000| Untracked 
|  23|0x000000074ba00000, 0x000000074ba00000, 0x000000074bc00000|  0%| F|  |TAMS 0x000000074ba00000| PB 0x000000074ba00000| Untracked 
|  24|0x000000074bc00000, 0x000000074bc00000, 0x000000074be00000|  0%| F|  |TAMS 0x000000074bc00000| PB 0x000000074bc00000| Untracked 
|  25|0x000000074be00000, 0x000000074be00000, 0x000000074c000000|  0%| F|  |TAMS 0x000000074be00000| PB 0x000000074be00000| Untracked 
|  26|0x000000074c000000, 0x000000074c000000, 0x000000074c200000|  0%| F|  |TAMS 0x000000074c000000| PB 0x000000074c000000| Untracked 
|  27|0x000000074c200000, 0x000000074c200000, 0x000000074c400000|  0%| F|  |TAMS 0x000000074c200000| PB 0x000000074c200000| Untracked 
|  28|0x000000074c400000, 0x000000074c400000, 0x000000074c600000|  0%| F|  |TAMS 0x000000074c400000| PB 0x000000074c400000| Untracked 
|  29|0x000000074c600000, 0x000000074c600000, 0x000000074c800000|  0%| F|  |TAMS 0x000000074c600000| PB 0x000000074c600000| Untracked 
|  30|0x000000074c800000, 0x000000074c800000, 0x000000074ca00000|  0%| F|  |TAMS 0x000000074c800000| PB 0x000000074c800000| Untracked 
|  31|0x000000074ca00000, 0x000000074ca00000, 0x000000074cc00000|  0%| F|  |TAMS 0x000000074ca00000| PB 0x000000074ca00000| Untracked 
|  32|0x000000074cc00000, 0x000000074cc00000, 0x000000074ce00000|  0%| F|  |TAMS 0x000000074cc00000| PB 0x000000074cc00000| Untracked 
|  33|0x000000074ce00000, 0x000000074ce00000, 0x000000074d000000|  0%| F|  |TAMS 0x000000074ce00000| PB 0x000000074ce00000| Untracked 
|  34|0x000000074d000000, 0x000000074d000000, 0x000000074d200000|  0%| F|  |TAMS 0x000000074d000000| PB 0x000000074d000000| Untracked 
|  35|0x000000074d200000, 0x000000074d200000, 0x000000074d400000|  0%| F|  |TAMS 0x000000074d200000| PB 0x000000074d200000| Untracked 
|  36|0x000000074d400000, 0x000000074d400000, 0x000000074d600000|  0%| F|  |TAMS 0x000000074d400000| PB 0x000000074d400000| Untracked 
|  37|0x000000074d600000, 0x000000074d600000, 0x000000074d800000|  0%| F|  |TAMS 0x000000074d600000| PB 0x000000074d600000| Untracked 
|  38|0x000000074d800000, 0x000000074d800000, 0x000000074da00000|  0%| F|  |TAMS 0x000000074d800000| PB 0x000000074d800000| Untracked 
|  39|0x000000074da00000, 0x000000074da00000, 0x000000074dc00000|  0%| F|  |TAMS 0x000000074da00000| PB 0x000000074da00000| Untracked 
|  40|0x000000074dc00000, 0x000000074dc00000, 0x000000074de00000|  0%| F|  |TAMS 0x000000074dc00000| PB 0x000000074dc00000| Untracked 
|  41|0x000000074de00000, 0x000000074de00000, 0x000000074e000000|  0%| F|  |TAMS 0x000000074de00000| PB 0x000000074de00000| Untracked 
|  42|0x000000074e000000, 0x000000074e000000, 0x000000074e200000|  0%| F|  |TAMS 0x000000074e000000| PB 0x000000074e000000| Untracked 
|  43|0x000000074e200000, 0x000000074e200000, 0x000000074e400000|  0%| F|  |TAMS 0x000000074e200000| PB 0x000000074e200000| Untracked 
|  44|0x000000074e400000, 0x000000074e400000, 0x000000074e600000|  0%| F|  |TAMS 0x000000074e400000| PB 0x000000074e400000| Untracked 
|  45|0x000000074e600000, 0x000000074e600000, 0x000000074e800000|  0%| F|  |TAMS 0x000000074e600000| PB 0x000000074e600000| Untracked 
|  46|0x000000074e800000, 0x000000074e800000, 0x000000074ea00000|  0%| F|  |TAMS 0x000000074e800000| PB 0x000000074e800000| Untracked 
|  47|0x000000074ea00000, 0x000000074ea00000, 0x000000074ec00000|  0%| F|  |TAMS 0x000000074ea00000| PB 0x000000074ea00000| Untracked 
|  48|0x000000074ec00000, 0x000000074ec00000, 0x000000074ee00000|  0%| F|  |TAMS 0x000000074ec00000| PB 0x000000074ec00000| Untracked 
|  49|0x000000074ee00000, 0x000000074ee00000, 0x000000074f000000|  0%| F|  |TAMS 0x000000074ee00000| PB 0x000000074ee00000| Untracked 
|  50|0x000000074f000000, 0x000000074f000000, 0x000000074f200000|  0%| F|  |TAMS 0x000000074f000000| PB 0x000000074f000000| Untracked 
|  51|0x000000074f200000, 0x000000074f200000, 0x000000074f400000|  0%| F|  |TAMS 0x000000074f200000| PB 0x000000074f200000| Untracked 
|  52|0x000000074f400000, 0x000000074f400000, 0x000000074f600000|  0%| F|  |TAMS 0x000000074f400000| PB 0x000000074f400000| Untracked 
|  53|0x000000074f600000, 0x000000074f600000, 0x000000074f800000|  0%| F|  |TAMS 0x000000074f600000| PB 0x000000074f600000| Untracked 
|  54|0x000000074f800000, 0x000000074f800000, 0x000000074fa00000|  0%| F|  |TAMS 0x000000074f800000| PB 0x000000074f800000| Untracked 
|  55|0x000000074fa00000, 0x000000074fa00000, 0x000000074fc00000|  0%| F|  |TAMS 0x000000074fa00000| PB 0x000000074fa00000| Untracked 
|  56|0x000000074fc00000, 0x000000074fc00000, 0x000000074fe00000|  0%| F|  |TAMS 0x000000074fc00000| PB 0x000000074fc00000| Untracked 
|  57|0x000000074fe00000, 0x000000074fe00000, 0x0000000750000000|  0%| F|  |TAMS 0x000000074fe00000| PB 0x000000074fe00000| Untracked 
|  58|0x0000000750000000, 0x000000075009e3b8, 0x0000000750200000| 30%| E|  |TAMS 0x0000000750000000| PB 0x0000000750000000| Complete 
|  59|0x0000000750200000, 0x0000000750400000, 0x0000000750400000|100%| E|CS|TAMS 0x0000000750200000| PB 0x0000000750200000| Complete 
|  60|0x0000000750400000, 0x0000000750600000, 0x0000000750600000|100%| E|CS|TAMS 0x0000000750400000| PB 0x0000000750400000| Complete 
|  61|0x0000000750600000, 0x0000000750800000, 0x0000000750800000|100%| E|CS|TAMS 0x0000000750600000| PB 0x0000000750600000| Complete 
|  62|0x0000000750800000, 0x0000000750a00000, 0x0000000750a00000|100%| E|CS|TAMS 0x0000000750800000| PB 0x0000000750800000| Complete 
|  63|0x0000000750a00000, 0x0000000750c00000, 0x0000000750c00000|100%| E|CS|TAMS 0x0000000750a00000| PB 0x0000000750a00000| Complete 
|  64|0x0000000750c00000, 0x0000000750e00000, 0x0000000750e00000|100%| E|CS|TAMS 0x0000000750c00000| PB 0x0000000750c00000| Complete 
|  65|0x0000000750e00000, 0x0000000751000000, 0x0000000751000000|100%| E|CS|TAMS 0x0000000750e00000| PB 0x0000000750e00000| Complete 
|  66|0x0000000751000000, 0x0000000751200000, 0x0000000751200000|100%| E|CS|TAMS 0x0000000751000000| PB 0x0000000751000000| Complete 
|  67|0x0000000751200000, 0x0000000751400000, 0x0000000751400000|100%| E|CS|TAMS 0x0000000751200000| PB 0x0000000751200000| Complete 
|  68|0x0000000751400000, 0x0000000751600000, 0x0000000751600000|100%| E|CS|TAMS 0x0000000751400000| PB 0x0000000751400000| Complete 
|  69|0x0000000751600000, 0x0000000751800000, 0x0000000751800000|100%| E|CS|TAMS 0x0000000751600000| PB 0x0000000751600000| Complete 
|  70|0x0000000751800000, 0x0000000751a00000, 0x0000000751a00000|100%| E|CS|TAMS 0x0000000751800000| PB 0x0000000751800000| Complete 
|  71|0x0000000751a00000, 0x0000000751c00000, 0x0000000751c00000|100%| E|CS|TAMS 0x0000000751a00000| PB 0x0000000751a00000| Complete 
|  72|0x0000000751c00000, 0x0000000751e00000, 0x0000000751e00000|100%| E|CS|TAMS 0x0000000751c00000| PB 0x0000000751c00000| Complete 
|  73|0x0000000751e00000, 0x0000000752000000, 0x0000000752000000|100%| E|CS|TAMS 0x0000000751e00000| PB 0x0000000751e00000| Complete 
|  74|0x0000000752000000, 0x00000007521baa48, 0x0000000752200000| 86%| S|CS|TAMS 0x0000000752000000| PB 0x0000000752000000| Complete 
|  75|0x0000000752200000, 0x0000000752400000, 0x0000000752400000|100%| E|CS|TAMS 0x0000000752200000| PB 0x0000000752200000| Complete 
|  76|0x0000000752400000, 0x0000000752600000, 0x0000000752600000|100%| E|CS|TAMS 0x0000000752400000| PB 0x0000000752400000| Complete 
|  77|0x0000000752600000, 0x0000000752800000, 0x0000000752800000|100%| E|CS|TAMS 0x0000000752600000| PB 0x0000000752600000| Complete 
|  78|0x0000000752800000, 0x0000000752a00000, 0x0000000752a00000|100%| E|CS|TAMS 0x0000000752800000| PB 0x0000000752800000| Complete 
|  79|0x0000000752a00000, 0x0000000752c00000, 0x0000000752c00000|100%| E|CS|TAMS 0x0000000752a00000| PB 0x0000000752a00000| Complete 
|  80|0x0000000752c00000, 0x0000000752e00000, 0x0000000752e00000|100%| E|CS|TAMS 0x0000000752c00000| PB 0x0000000752c00000| Complete 
|  81|0x0000000752e00000, 0x0000000753000000, 0x0000000753000000|100%| E|CS|TAMS 0x0000000752e00000| PB 0x0000000752e00000| Complete 
|  82|0x0000000753000000, 0x0000000753200000, 0x0000000753200000|100%| E|CS|TAMS 0x0000000753000000| PB 0x0000000753000000| Complete 
|  83|0x0000000753200000, 0x0000000753400000, 0x0000000753400000|100%| E|CS|TAMS 0x0000000753200000| PB 0x0000000753200000| Complete 
|  84|0x0000000753400000, 0x0000000753600000, 0x0000000753600000|100%| E|CS|TAMS 0x0000000753400000| PB 0x0000000753400000| Complete 
|  85|0x0000000753600000, 0x0000000753800000, 0x0000000753800000|100%| E|CS|TAMS 0x0000000753600000| PB 0x0000000753600000| Complete 
|  86|0x0000000753800000, 0x0000000753a00000, 0x0000000753a00000|100%| E|CS|TAMS 0x0000000753800000| PB 0x0000000753800000| Complete 
|  87|0x0000000753a00000, 0x0000000753c00000, 0x0000000753c00000|100%| E|CS|TAMS 0x0000000753a00000| PB 0x0000000753a00000| Complete 
|  88|0x0000000753c00000, 0x0000000753e00000, 0x0000000753e00000|100%| E|CS|TAMS 0x0000000753c00000| PB 0x0000000753c00000| Complete 
|  89|0x0000000753e00000, 0x0000000754000000, 0x0000000754000000|100%| E|CS|TAMS 0x0000000753e00000| PB 0x0000000753e00000| Complete 
|  90|0x0000000754000000, 0x0000000754200000, 0x0000000754200000|100%| E|CS|TAMS 0x0000000754000000| PB 0x0000000754000000| Complete 
|  91|0x0000000754200000, 0x0000000754400000, 0x0000000754400000|100%| E|CS|TAMS 0x0000000754200000| PB 0x0000000754200000| Complete 

Card table byte_map: [0x00000216440e0000,0x00000216446a0000] _byte_map_base: 0x000002164069a000

Marking Bits: (CMBitMap*) 0x000002162c3a1ac0
 Bits: [0x00000216446a0000, 0x0000021647470000)

Polling page: 0x000002162bb20000

Metaspace:

Usage:
  Non-class:     13.80 MB used.
      Class:      1.80 MB used.
       Both:     15.60 MB used.

Virtual space:
  Non-class space:       64.00 MB reserved,      13.94 MB ( 22%) committed,  1 nodes.
      Class space:        1.00 GB reserved,       1.88 MB ( <1%) committed,  1 nodes.
             Both:        1.06 GB reserved,      15.81 MB (  1%) committed. 

Chunk freelists:
   Non-Class:  1.78 MB
       Class:  13.94 MB
        Both:  15.72 MB

MaxMetaspaceSize: unlimited
CompressedClassSpaceSize: 1.00 GB
Initial GC threshold: 21.00 MB
Current GC threshold: 21.00 MB
CDS: on
 - commit_granule_bytes: 65536.
 - commit_granule_words: 8192.
 - virtual_space_node_default_size: 8388608.
 - enlarge_chunks_in_place: 1.
 - use_allocation_guard: 0.


Internal statistics:

num_allocs_failed_limit: 0.
num_arena_births: 162.
num_arena_deaths: 0.
num_vsnodes_births: 2.
num_vsnodes_deaths: 0.
num_space_committed: 253.
num_space_uncommitted: 0.
num_chunks_returned_to_freelist: 0.
num_chunks_taken_from_freelist: 674.
num_chunk_merges: 0.
num_chunk_splits: 483.
num_chunks_enlarged: 402.
num_inconsistent_stats: 0.

CodeHeap 'non-profiled nmethods': size=120000Kb used=1750Kb max_used=1750Kb free=118249Kb
 bounds [0x000002163c2c0000, 0x000002163c530000, 0x00000216437f0000]
CodeHeap 'profiled nmethods': size=120000Kb used=8020Kb max_used=8020Kb free=111979Kb
 bounds [0x00000216347f0000, 0x0000021634fd0000, 0x000002163bd20000]
CodeHeap 'non-nmethods': size=5760Kb used=1395Kb max_used=1423Kb free=4364Kb
 bounds [0x000002163bd20000, 0x000002163bf90000, 0x000002163c2c0000]
 total_blobs=4345 nmethods=3856 adapters=393
 compilation: enabled
              stopped_count=0, restarted_count=0
 full_count=0

Compilation events (20 events):
Event: 46.436 Thread 0x0000021649e69880 3851       3       org.codehaus.plexus.interpolation.SimpleRecursionInterceptor::<init> (16 bytes)
Event: 46.436 Thread 0x0000021649e69880 nmethod 3851 0x0000021634fbc690 code [0x0000021634fbc860, 0x0000021634fbcc10]
Event: 46.436 Thread 0x0000021649e69880 3852       3       java.util.regex.Pattern$CharProperty::match (71 bytes)
Event: 46.437 Thread 0x0000021649e69880 nmethod 3852 0x0000021634fbcd90 code [0x0000021634fbcf80, 0x0000021634fbd490]
Event: 46.438 Thread 0x0000021649e69880 3853       3       org.apache.maven.model.Model::getLicenses (23 bytes)
Event: 46.439 Thread 0x0000021649e69880 nmethod 3853 0x0000021634fbd610 code [0x0000021634fbd7e0, 0x0000021634fbdbe8]
Event: 46.439 Thread 0x0000021649e69880 3854       1       org.apache.maven.model.Model::setMailingLists (6 bytes)
Event: 46.439 Thread 0x0000021649e69880 nmethod 3854 0x000002163c475290 code [0x000002163c475420, 0x000002163c475540]
Event: 46.440 Thread 0x0000021649e69880 3855       3       org.apache.maven.model.inheritance.DefaultInheritanceAssembler$InheritanceModelMerger::putAll (74 bytes)
Event: 46.440 Thread 0x0000021649e69880 nmethod 3855 0x0000021634fbdd10 code [0x0000021634fbdf80, 0x0000021634fbe9a0]
Event: 46.441 Thread 0x0000021649e69880 3856       1       org.apache.maven.model.Exclusion::getGroupId (5 bytes)
Event: 46.441 Thread 0x0000021649e69880 nmethod 3856 0x000002163c475590 code [0x000002163c475720, 0x000002163c4757f0]
Event: 46.441 Thread 0x0000021649e69880 3857       1       org.apache.maven.model.Exclusion::getArtifactId (5 bytes)
Event: 46.441 Thread 0x0000021649e69880 nmethod 3857 0x000002163c475890 code [0x000002163c475a20, 0x000002163c475af0]
Event: 46.445 Thread 0x0000021649e69880 3858       3       java.io.Reader::<init> (15 bytes)
Event: 46.445 Thread 0x0000021649e69880 nmethod 3858 0x0000021634fbec90 code [0x0000021634fbee40, 0x0000021634fbf040]
Event: 46.445 Thread 0x0000021649e69880 3859       3       org.apache.maven.model.io.xpp3.MavenXpp3Reader::parseDeveloper (517 bytes)
Event: 46.450 Thread 0x0000021649e69880 nmethod 3859 0x0000021634fbf110 code [0x0000021634fbf8a0, 0x0000021634fc3828]
Event: 46.451 Thread 0x0000021649e69880 3860       3       java.util.HashSet::remove (20 bytes)
Event: 46.451 Thread 0x0000021649e69880 nmethod 3860 0x0000021634fc4e10 code [0x0000021634fc4fc0, 0x0000021634fc5200]

GC Heap History (4 events):
Event: 11.922 GC heap before
{Heap before GC invocations=0 (full 0):
 garbage-first heap   total 188416K, used 22528K [0x0000000748c00000, 0x0000000800000000)
  region size 2048K, 11 young (22528K), 0 survivors (0K)
 Metaspace       used 5603K, committed 5824K, reserved 1114112K
  class space    used 645K, committed 768K, reserved 1048576K
}
Event: 12.779 GC heap after
{Heap after GC invocations=1 (full 0):
 garbage-first heap   total 188416K, used 3840K [0x0000000748c00000, 0x0000000800000000)
  region size 2048K, 2 young (4096K), 2 survivors (4096K)
 Metaspace       used 5603K, committed 5824K, reserved 1114112K
  class space    used 645K, committed 768K, reserved 1048576K
}
Event: 21.812 GC heap before
{Heap before GC invocations=1 (full 0):
 garbage-first heap   total 188416K, used 34560K [0x0000000748c00000, 0x0000000800000000)
  region size 2048K, 17 young (34816K), 2 survivors (4096K)
 Metaspace       used 9585K, committed 9728K, reserved 1114112K
  class space    used 1125K, committed 1216K, reserved 1048576K
}
Event: 21.825 GC heap after
{Heap after GC invocations=2 (full 0):
 garbage-first heap   total 188416K, used 5392K [0x0000000748c00000, 0x0000000800000000)
  region size 2048K, 1 young (2048K), 1 survivors (2048K)
 Metaspace       used 9585K, committed 9728K, reserved 1114112K
  class space    used 1125K, committed 1216K, reserved 1048576K
}

Dll operation events (8 events):
Event: 0.278 Loaded shared library C:\Program Files\Java\jdk-21\bin\java.dll
Event: 2.639 Loaded shared library C:\Program Files\Java\jdk-21\bin\jsvml.dll
Event: 2.862 Loaded shared library C:\Program Files\Java\jdk-21\bin\net.dll
Event: 3.286 Loaded shared library C:\Program Files\Java\jdk-21\bin\nio.dll
Event: 3.292 Loaded shared library C:\Program Files\Java\jdk-21\bin\zip.dll
Event: 5.371 Loaded shared library C:\Users\2oleg\Downloads\apache-maven-3.9.11-bin\apache-maven-3.9.11\lib\jansi-native\Windows\x86_64\jansi.dll
Event: 5.528 Loaded shared library C:\Program Files\Java\jdk-21\bin\jimage.dll
Event: 5.553 Loaded shared library C:\Program Files\Java\jdk-21\bin\verify.dll

Deoptimization events (20 events):
Event: 45.459 Thread 0x000002162a290550 DEOPT PACKING pc=0x000002163c389f6c sp=0x0000006780afd840
Event: 45.459 Thread 0x000002162a290550 DEOPT UNPACKING pc=0x000002163bd746a2 sp=0x0000006780afd7c0 mode 2
Event: 45.795 Thread 0x000002162a290550 Uncommon trap: trap_request=0xffffff45 fr.pc=0x000002163c43e564 relative=0x00000000000006c4
Event: 45.795 Thread 0x000002162a290550 Uncommon trap: reason=unstable_if action=reinterpret pc=0x000002163c43e564 method=org.codehaus.plexus.util.xml.pull.MXParser.isValidCodePoint(I)Z @ 15 c2
Event: 45.795 Thread 0x000002162a290550 DEOPT PACKING pc=0x000002163c43e564 sp=0x0000006780afc340
Event: 45.795 Thread 0x000002162a290550 DEOPT UNPACKING pc=0x000002163bd746a2 sp=0x0000006780afc288 mode 2
Event: 45.795 Thread 0x000002162a290550 Uncommon trap: trap_request=0xffffff45 fr.pc=0x000002163c41fa7c relative=0x000000000000005c
Event: 45.795 Thread 0x000002162a290550 Uncommon trap: reason=unstable_if action=reinterpret pc=0x000002163c41fa7c method=org.codehaus.plexus.util.xml.pull.MXParser.isValidCodePoint(I)Z @ 15 c2
Event: 45.795 Thread 0x000002162a290550 DEOPT PACKING pc=0x000002163c41fa7c sp=0x0000006780afc2f0
Event: 45.795 Thread 0x000002162a290550 DEOPT UNPACKING pc=0x000002163bd746a2 sp=0x0000006780afc288 mode 2
Event: 45.796 Thread 0x000002162a290550 Uncommon trap: trap_request=0xffffff45 fr.pc=0x000002163c42add4 relative=0x0000000000000494
Event: 45.796 Thread 0x000002162a290550 Uncommon trap: reason=unstable_if action=reinterpret pc=0x000002163c42add4 method=org.codehaus.plexus.util.xml.pull.MXParser.isValidCodePoint(I)Z @ 15 c2
Event: 45.796 Thread 0x000002162a290550 DEOPT PACKING pc=0x000002163c42add4 sp=0x0000006780afc2a0
Event: 45.796 Thread 0x000002162a290550 DEOPT UNPACKING pc=0x000002163bd746a2 sp=0x0000006780afc1e8 mode 2
Event: 45.796 Thread 0x000002162a290550 Uncommon trap: trap_request=0xffffff45 fr.pc=0x000002163c41a1c8 relative=0x0000000000001608
Event: 45.796 Thread 0x000002162a290550 Uncommon trap: reason=unstable_if action=reinterpret pc=0x000002163c41a1c8 method=org.codehaus.plexus.util.xml.pull.MXParser.nextImpl()I @ 280 c2
Event: 45.796 Thread 0x000002162a290550 DEOPT PACKING pc=0x000002163c41a1c8 sp=0x0000006780afc120
Event: 45.796 Thread 0x000002162a290550 DEOPT UNPACKING pc=0x000002163bd746a2 sp=0x0000006780afc0c8 mode 2
Event: 46.431 Thread 0x000002162a290550 DEOPT PACKING pc=0x0000021634858ad1 sp=0x0000006780afc0b0
Event: 46.431 Thread 0x000002162a290550 DEOPT UNPACKING pc=0x000002163bd74e42 sp=0x0000006780afb5b0 mode 0

Classes loaded (20 events):
Event: 35.966 Loading class java/util/stream/Streams$RangeIntSpliterator
Event: 35.966 Loading class java/util/stream/Streams$RangeIntSpliterator done
Event: 41.524 Loading class sun/nio/fs/WindowsException
Event: 41.524 Loading class sun/nio/fs/WindowsException done
Event: 41.524 Loading class sun/nio/fs/WindowsDirectoryStream
Event: 41.524 Loading class java/nio/file/DirectoryStream
Event: 41.524 Loading class java/nio/file/DirectoryStream done
Event: 41.524 Loading class sun/nio/fs/WindowsDirectoryStream done
Event: 41.525 Loading class java/nio/file/NoSuchFileException
Event: 41.525 Loading class java/nio/file/NoSuchFileException done
Event: 43.673 Loading class java/util/stream/MatchOps$MatchKind
Event: 43.673 Loading class java/util/stream/MatchOps$MatchKind done
Event: 43.673 Loading class java/util/stream/MatchOps
Event: 43.673 Loading class java/util/stream/MatchOps done
Event: 43.673 Loading class java/util/stream/MatchOps$MatchOp
Event: 43.673 Loading class java/util/stream/MatchOps$MatchOp done
Event: 43.674 Loading class java/util/stream/MatchOps$BooleanTerminalSink
Event: 43.674 Loading class java/util/stream/MatchOps$BooleanTerminalSink done
Event: 43.898 Loading class java/util/stream/MatchOps$1MatchSink
Event: 43.898 Loading class java/util/stream/MatchOps$1MatchSink done

Classes unloaded (0 events):
No events

Classes redefined (0 events):
No events

Internal exceptions (20 events):
Event: 44.521 Thread 0x000002162a290550 Exception <a 'java/io/IOException'{0x0000000750a0d708}> (0x0000000750a0d708) 
thrown [s\open\src\hotspot\share\prims\jni.cpp, line 520]
Event: 44.521 Thread 0x000002162a290550 Exception <a 'java/io/IOException'{0x0000000750a0dce0}> (0x0000000750a0dce0) 
thrown [s\open\src\hotspot\share\prims\jni.cpp, line 520]
Event: 44.521 Thread 0x000002162a290550 Exception <a 'java/io/IOException'{0x0000000750a0e008}> (0x0000000750a0e008) 
thrown [s\open\src\hotspot\share\prims\jni.cpp, line 520]
Event: 44.786 Thread 0x000002162a290550 Exception <a 'sun/nio/fs/WindowsException'{0x0000000750a5f438}> (0x0000000750a5f438) 
thrown [s\open\src\hotspot\share\prims\jni.cpp, line 520]
Event: 44.786 Thread 0x000002162a290550 Exception <a 'sun/nio/fs/WindowsException'{0x0000000750a5f798}> (0x0000000750a5f798) 
thrown [s\open\src\hotspot\share\prims\jni.cpp, line 520]
Event: 44.789 Thread 0x000002162a290550 Exception <a 'sun/nio/fs/WindowsException'{0x0000000750a86428}> (0x0000000750a86428) 
thrown [s\open\src\hotspot\share\prims\jni.cpp, line 520]
Event: 44.789 Thread 0x000002162a290550 Exception <a 'sun/nio/fs/WindowsException'{0x0000000750a86750}> (0x0000000750a86750) 
thrown [s\open\src\hotspot\share\prims\jni.cpp, line 520]
Event: 44.793 Thread 0x000002162a290550 Exception <a 'sun/nio/fs/WindowsException'{0x0000000750aef5c0}> (0x0000000750aef5c0) 
thrown [s\open\src\hotspot\share\prims\jni.cpp, line 520]
Event: 44.794 Thread 0x000002162a290550 Exception <a 'sun/nio/fs/WindowsException'{0x0000000750aef8a0}> (0x0000000750aef8a0) 
thrown [s\open\src\hotspot\share\prims\jni.cpp, line 520]
Event: 45.080 Thread 0x000002162a290550 Implicit null exception at 0x000002163c407899 to 0x000002163c408c9c
Event: 45.080 Thread 0x000002162a290550 Implicit null exception at 0x000002163c3a0a9b to 0x000002163c3a0c94
Event: 45.080 Thread 0x000002162a290550 Implicit null exception at 0x000002163c3e400d to 0x000002163c3e48a8
Event: 45.082 Thread 0x000002162a290550 Exception <a 'java/io/IOException'{0x0000000750817620}> (0x0000000750817620) 
thrown [s\open\src\hotspot\share\prims\jni.cpp, line 520]
Event: 45.082 Thread 0x000002162a290550 Exception <a 'java/io/IOException'{0x0000000750817c30}> (0x0000000750817c30) 
thrown [s\open\src\hotspot\share\prims\jni.cpp, line 520]
Event: 45.082 Thread 0x000002162a290550 Exception <a 'java/io/IOException'{0x0000000750818208}> (0x0000000750818208) 
thrown [s\open\src\hotspot\share\prims\jni.cpp, line 520]
Event: 45.082 Thread 0x000002162a290550 Exception <a 'java/io/IOException'{0x00000007508187e0}> (0x00000007508187e0) 
thrown [s\open\src\hotspot\share\prims\jni.cpp, line 520]
Event: 45.083 Thread 0x000002162a290550 Exception <a 'java/io/IOException'{0x0000000750819d70}> (0x0000000750819d70) 
thrown [s\open\src\hotspot\share\prims\jni.cpp, line 520]
Event: 45.083 Thread 0x000002162a290550 Exception <a 'java/io/IOException'{0x000000075081a380}> (0x000000075081a380) 
thrown [s\open\src\hotspot\share\prims\jni.cpp, line 520]
Event: 45.083 Thread 0x000002162a290550 Exception <a 'java/io/IOException'{0x000000075081a958}> (0x000000075081a958) 
thrown [s\open\src\hotspot\share\prims\jni.cpp, line 520]
Event: 45.083 Thread 0x000002162a290550 Exception <a 'java/io/IOException'{0x000000075081af30}> (0x000000075081af30) 
thrown [s\open\src\hotspot\share\prims\jni.cpp, line 520]

ZGC Phase Switch (0 events):
No events

VM Operations (20 events):
Event: 35.716 Executing VM operation: Cleanup
Event: 35.965 Executing VM operation: Cleanup done
Event: 36.969 Executing VM operation: Cleanup
Event: 36.969 Executing VM operation: Cleanup done
Event: 37.970 Executing VM operation: Cleanup
Event: 37.970 Executing VM operation: Cleanup done
Event: 38.971 Executing VM operation: Cleanup
Event: 38.971 Executing VM operation: Cleanup done
Event: 39.971 Executing VM operation: Cleanup
Event: 39.971 Executing VM operation: Cleanup done
Event: 40.972 Executing VM operation: Cleanup
Event: 40.972 Executing VM operation: Cleanup done
Event: 42.004 Executing VM operation: Cleanup
Event: 42.244 Executing VM operation: Cleanup done
Event: 43.286 Executing VM operation: Cleanup
Event: 43.380 Executing VM operation: Cleanup done
Event: 45.435 Executing VM operation: Cleanup
Event: 45.435 Executing VM operation: Cleanup done
Event: 46.437 Executing VM operation: Cleanup
Event: 46.437 Executing VM operation: Cleanup done

Events (20 events):
Event: 1.190 Thread 0x0000021649e61490 Thread added: 0x0000021649e61490
Event: 1.190 Thread 0x0000021649e66230 Thread added: 0x0000021649e66230
Event: 1.303 Thread 0x0000021649e69880 Thread added: 0x0000021649e69880
Event: 1.620 Thread 0x000002168f0100d0 Thread added: 0x000002168f0100d0
Event: 1.625 Thread 0x000002168f012740 Thread added: 0x000002168f012740
Event: 5.091 Thread 0x000002168f49e5c0 Thread added: 0x000002168f49e5c0
Event: 5.561 Thread 0x000002168f49e5c0 Thread exited: 0x000002168f49e5c0
Event: 7.226 Thread 0x000002168f27a1c0 Thread added: 0x000002168f27a1c0
Event: 7.734 Thread 0x000002168f27a1c0 Thread exited: 0x000002168f27a1c0
Event: 11.634 Thread 0x000002168f5ae470 Thread added: 0x000002168f5ae470
Event: 11.664 Thread 0x000002168fd673d0 Thread added: 0x000002168fd673d0
Event: 13.185 Thread 0x000002168fd673d0 Thread exited: 0x000002168fd673d0
Event: 13.397 Thread 0x000002168f5ae470 Thread exited: 0x000002168f5ae470
Event: 32.502 Thread 0x0000021690497960 Thread added: 0x0000021690497960
Event: 34.395 Thread 0x000002168fa48e10 Thread added: 0x000002168fa48e10
Event: 35.115 Thread 0x000002168fa48e10 Thread exited: 0x000002168fa48e10
Event: 35.988 Thread 0x000002168fdf2a30 Thread added: 0x000002168fdf2a30
Event: 36.827 Thread 0x000002168fdf2a30 Thread exited: 0x000002168fdf2a30
Event: 41.937 Thread 0x00000216906739a0 Thread added: 0x00000216906739a0
Event: 42.538 Thread 0x00000216906739a0 Thread exited: 0x00000216906739a0


Dynamic libraries:
0x00007ff703c60000 - 0x00007ff703c70000 	C:\Program Files\Java\jdk-21\bin\java.exe
0x00007ff9f5930000 - 0x00007ff9f5b28000 	C:\WINDOWS\SYSTEM32\ntdll.dll
0x00007ff9f5400000 - 0x00007ff9f54c2000 	C:\WINDOWS\System32\KERNEL32.DLL
0x00007ff9f3130000 - 0x00007ff9f3426000 	C:\WINDOWS\System32\KERNELBASE.dll
0x00007ff9f3820000 - 0x00007ff9f3920000 	C:\WINDOWS\System32\ucrtbase.dll
0x00007ff9e2300000 - 0x00007ff9e2319000 	C:\Program Files\Java\jdk-21\bin\jli.dll
0x00007ff9f3da0000 - 0x00007ff9f3e51000 	C:\WINDOWS\System32\ADVAPI32.dll
0x00007ff9f5820000 - 0x00007ff9f58be000 	C:\WINDOWS\System32\msvcrt.dll
0x00007ff9f4800000 - 0x00007ff9f489f000 	C:\WINDOWS\System32\sechost.dll
0x00007ff9f3c10000 - 0x00007ff9f3d30000 	C:\WINDOWS\System32\RPCRT4.dll
0x00007ff9e31d0000 - 0x00007ff9e31eb000 	C:\Program Files\Java\jdk-21\bin\VCRUNTIME140.dll
0x00007ff9f3560000 - 0x00007ff9f3587000 	C:\WINDOWS\System32\bcrypt.dll
0x00007ff9e4da0000 - 0x00007ff9e503b000 	C:\WINDOWS\WinSxS\amd64_microsoft.windows.common-controls_6595b64144ccf1df_6.0.19041.6456_none_60b8a6cb71f64256\COMCTL32.dll
0x00007ff9f47c0000 - 0x00007ff9f47eb000 	C:\WINDOWS\System32\GDI32.dll
0x00007ff9f3100000 - 0x00007ff9f3122000 	C:\WINDOWS\System32\win32u.dll
0x00007ff9f2f90000 - 0x00007ff9f30a9000 	C:\WINDOWS\System32\gdi32full.dll
0x00007ff9f3590000 - 0x00007ff9f362d000 	C:\WINDOWS\System32\msvcp_win.dll
0x00007ff9f3f40000 - 0x00007ff9f40e1000 	C:\WINDOWS\System32\USER32.dll
0x00007ff9ecd10000 - 0x00007ff9ecd1a000 	C:\WINDOWS\SYSTEM32\VERSION.dll
0x00007ff9f3f10000 - 0x00007ff9f3f3f000 	C:\WINDOWS\System32\IMM32.DLL
0x00007ff9ed3a0000 - 0x00007ff9ed3ac000 	C:\Program Files\Java\jdk-21\bin\vcruntime140_1.dll
0x00007ff9c7130000 - 0x00007ff9c71be000 	C:\Program Files\Java\jdk-21\bin\msvcp140.dll
0x00007ff98ebe0000 - 0x00007ff98f8fa000 	C:\Program Files\Java\jdk-21\bin\server\jvm.dll
0x00007ff9f4210000 - 0x00007ff9f427b000 	C:\WINDOWS\System32\WS2_32.dll
0x00007ff9f2df0000 - 0x00007ff9f2e3b000 	C:\WINDOWS\SYSTEM32\POWRPROF.dll
0x00007ff9e0140000 - 0x00007ff9e0167000 	C:\WINDOWS\SYSTEM32\WINMM.dll
0x00007ff9f2dd0000 - 0x00007ff9f2de2000 	C:\WINDOWS\SYSTEM32\UMPDC.dll
0x00007ff9f0dc0000 - 0x00007ff9f0dd2000 	C:\WINDOWS\SYSTEM32\kernel.appcore.dll
0x00007ff9ed370000 - 0x00007ff9ed37a000 	C:\Program Files\Java\jdk-21\bin\jimage.dll
0x00007ff9df840000 - 0x00007ff9dfa41000 	C:\WINDOWS\SYSTEM32\DBGHELP.DLL
0x00007ff9dd350000 - 0x00007ff9dd384000 	C:\WINDOWS\SYSTEM32\dbgcore.DLL
0x00007ff9f3630000 - 0x00007ff9f36b2000 	C:\WINDOWS\System32\bcryptPrimitives.dll
0x00007ff9e0be0000 - 0x00007ff9e0bff000 	C:\Program Files\Java\jdk-21\bin\java.dll
0x00007ff9f4930000 - 0x00007ff9f50a0000 	C:\WINDOWS\System32\SHELL32.dll
0x00007ff9f0fc0000 - 0x00007ff9f1765000 	C:\WINDOWS\SYSTEM32\windows.storage.dll
0x00007ff9f50a0000 - 0x00007ff9f53f4000 	C:\WINDOWS\System32\combase.dll
0x00007ff9f28e0000 - 0x00007ff9f290b000 	C:\WINDOWS\SYSTEM32\Wldp.dll
0x00007ff9f46f0000 - 0x00007ff9f47bd000 	C:\WINDOWS\System32\OLEAUT32.dll
0x00007ff9f3920000 - 0x00007ff9f39cd000 	C:\WINDOWS\System32\SHCORE.dll
0x00007ff9f57c0000 - 0x00007ff9f581b000 	C:\WINDOWS\System32\shlwapi.dll
0x00007ff9f2ec0000 - 0x00007ff9f2ee4000 	C:\WINDOWS\SYSTEM32\profapi.dll
0x00007ff9ab440000 - 0x00007ff9ab517000 	C:\Program Files\Java\jdk-21\bin\jsvml.dll
0x00007ff9ebd20000 - 0x00007ff9ebd30000 	C:\Program Files\Java\jdk-21\bin\net.dll
0x00007ff9ec950000 - 0x00007ff9eca5a000 	C:\WINDOWS\SYSTEM32\WINHTTP.dll
0x00007ff9f25f0000 - 0x00007ff9f265a000 	C:\WINDOWS\system32\mswsock.dll
0x00007ff9dbf20000 - 0x00007ff9dbf36000 	C:\Program Files\Java\jdk-21\bin\nio.dll
0x00007ff9d8a60000 - 0x00007ff9d8a78000 	C:\Program Files\Java\jdk-21\bin\zip.dll
0x00007ff9d0da0000 - 0x00007ff9d0dc4000 	C:\Users\2oleg\Downloads\apache-maven-3.9.11-bin\apache-maven-3.9.11\lib\jansi-native\Windows\x86_64\jansi.dll
0x00007ff9e8580000 - 0x00007ff9e8590000 	C:\Program Files\Java\jdk-21\bin\verify.dll

dbghelp: loaded successfully - version: 4.0.5 - missing functions: none
symbol engine: initialized successfully - sym options: 0x614 - pdb path: .;C:\Program Files\Java\jdk-21\bin;C:\WINDOWS\SYSTEM32;C:\WINDOWS\WinSxS\amd64_microsoft.windows.common-controls_6595b64144ccf1df_6.0.19041.6456_none_60b8a6cb71f64256;C:\Program Files\Java\jdk-21\bin\server;C:\Users\2oleg\Downloads\apache-maven-3.9.11-bin\apache-maven-3.9.11\lib\jansi-native\Windows\x86_64

VM Arguments:
jvm_args: --enable-native-access=ALL-UNNAMED -Dclassworlds.conf=C:\Users\2oleg\Downloads\apache-maven-3.9.11-bin\apache-maven-3.9.11\bin\m2.conf -Dmaven.home=C:\Users\2oleg\Downloads\apache-maven-3.9.11-bin\apache-maven-3.9.11 -Dlibrary.jansi.path=C:\Users\2oleg\Downloads\apache-maven-3.9.11-bin\apache-maven-3.9.11\lib\jansi-native -Dmaven.multiModuleProjectDirectory=C:\Users\2oleg\Downloads\Telegram Desktop\Kefir\Backend\TransactionSaga 
java_command: org.codehaus.plexus.classworlds.launcher.Launcher spring-boot:run -Dserver.port=8090 -DskipTests
java_class_path (initial): C:\Users\2oleg\Downloads\apache-maven-3.9.11-bin\apache-maven-3.9.11\boot\plexus-classworlds-2.9.0.jar
Launcher Type: SUN_STANDARD

[Global flags]
     intx CICompilerCount                          = 4                                         {product} {ergonomic}
     uint ConcGCThreads                            = 2                                         {product} {ergonomic}
     uint G1ConcRefinementThreads                  = 8                                         {product} {ergonomic}
   size_t G1HeapRegionSize                         = 2097152                                   {product} {ergonomic}
    uintx GCDrainStackTargetSize                   = 64                                        {product} {ergonomic}
   size_t InitialHeapSize                          = 192937984                                 {product} {ergonomic}
   size_t MarkStackSize                            = 4194304                                   {product} {ergonomic}
   size_t MaxHeapSize                              = 3074424832                                {product} {ergonomic}
   size_t MaxNewSize                               = 1843396608                                {product} {ergonomic}
   size_t MinHeapDeltaBytes                        = 2097152                                   {product} {ergonomic}
   size_t MinHeapSize                              = 8388608                                   {product} {ergonomic}
    uintx NonNMethodCodeHeapSize                   = 5839372                                {pd product} {ergonomic}
    uintx NonProfiledCodeHeapSize                  = 122909434                              {pd product} {ergonomic}
    uintx ProfiledCodeHeapSize                     = 122909434                              {pd product} {ergonomic}
    uintx ReservedCodeCacheSize                    = 251658240                              {pd product} {ergonomic}
     bool SegmentedCodeCache                       = true                                      {product} {ergonomic}
   size_t SoftMaxHeapSize                          = 3074424832                             {manageable} {ergonomic}
     bool UseCompressedOops                        = true                           {product lp64_product} {ergonomic}
     bool UseG1GC                                  = true                                      {product} {ergonomic}
     bool UseLargePagesIndividualAllocation        = false                                  {pd product} {ergonomic}

Logging:
Log output configuration:
 #0: stdout all=warning uptime,level,tags foldmultilines=false
 #1: stderr all=off uptime,level,tags foldmultilines=false

Environment Variables:
JAVA_HOME=C:\Program Files\Java\jdk-21
PATH=C:\Program Files\Common Files\Oracle\Java\javapath;C:\Program Files (x86)\Cuminas\Document Express DjVu Plug-in\;C:\Program Files (x86)\Razer Chroma SDK\bin;C:\Program Files\Razer Chroma SDK\bin;C:\WINDOWS\system32;C:\WINDOWS;C:\WINDOWS\System32\Wbem;C:\WINDOWS\System32\WindowsPowerShell\v1.0\;C:\WINDOWS\System32\OpenSSH\;C:\Program Files (x86)\NVIDIA Corporation\PhysX\Common;C:\WINDOWS\system32\config\systemprofile\AppData\Local\Microsoft\WindowsApps;C:\Program Files (x86)\Razer\ChromaBroadcast\bin;C:\Program Files\Razer\ChromaBroadcast\bin;C:\Users\2oleg\AppData\Local\Microsoft\WindowsApps;C:\Program Files\JetBrains\IntelliJ IDEA Community Edition 2024.3\bin;C:\Users\2oleg\AppData\Local\Programs\Microsoft VS Code\bin;C:\Program Files\Docker\Docker\resources\bin;C:\Users\2oleg\Downloads\curl-8.16.0_6-win64-mingw.zip\curl-8.16.0_6-win64-mingw\bin;C:\Users\2oleg\Downloads\curl-8.16.0_6-win64-mingw\curl-8.16.0_6-win64-mingw\bin;C:\Users\2oleg\Downloads\apache-maven-3.9.11-bin\apache-maven-3.9.11\bin;C:\ProgramData\chocolatey\bin;C:\Users\2oleg\AppData\Roaming\Cloud Foundry;C:\Program Files\Git\cmd;C:\Program Files\nodejs\;C:\Users\2oleg\AppData\Local\Muse Hub\lib;C:\Users\2oleg\AppData\Local\Microsoft\WindowsApps;C:\Program Files\JetBrains\IntelliJ IDEA Community Edition 2025.2.4\bin;C:\Users\2oleg\AppData\Local\Programs\Microsoft VS Code\bin;C:\Program Files\jq.exe;C:\Users\2oleg\AppData\Local\Microsoft\WinGet\Packages\jqlang.jq_Microsoft.Winget.Source_8wekyb3d8bbwe;C:\Program Files\Java\jdk-24;C:\Users\2oleg\Downloads\gradle-9.0.0-bin\gradle-9.0.0\bin;C:\Program Files\Docker\Docker\resources\bin;C:\Users\2oleg\AppData\Local\GitHubDesktop\bin;C:\Users\2oleg\AppData\Roaming\npm
USERNAME=2oleg
OS=Windows_NT
PROCESSOR_IDENTIFIER=Intel64 Family 6 Model 60 Stepping 3, GenuineIntel
TMP=C:\Users\2oleg\AppData\Local\Temp
TEMP=C:\Users\2oleg\AppData\Local\Temp




Periodic native trim disabled

---------------  S Y S T E M  ---------------

OS:
 Windows 10 , 64 bit Build 19041 (10.0.19041.5915)
OS uptime: 10 days 12:25 hours
Hyper-V role detected

CPU: total 8 (initial active 8) (4 cores per cpu, 2 threads per core) family 6 model 60 stepping 3 microcode 0x27, cx8, cmov, fxsr, ht, mmx, sse, sse2, sse3, ssse3, sse4.1, sse4.2, popcnt, lzcnt, tsc, tscinvbit, avx, avx2, aes, erms, clmul, bmi1, bmi2, fma, vzeroupper, clflush, hv, rdtscp, f16c
Processor Information for all 8 processors :
  Max Mhz: 2401, Current Mhz: 2401, Mhz Limit: 2401

Memory: 4k page, system-wide physical 11723M (1480M free)
TotalPageFile size 23723M (AvailPageFile size 5M)
current process WorkingSet (physical memory assigned to process): 147M, peak: 147M
current process commit charge ("private bytes"): 303M, peak: 305M

vm_info: Java HotSpot(TM) 64-Bit Server VM (21.0.7+8-LTS-245) for windows-amd64 JRE (21.0.7+8-LTS-245), built on 2025-02-21T05:11:27Z by "mach5one" with MS VC++ 17.6 (VS2022)

END.
