#
# There is insufficient memory for the Java Runtime Environment to continue.
# Native memory allocation (malloc) failed to allocate 1176048 bytes for Chunk::new
# Possible reasons:
#   The system is out of physical RAM or swap space
#   The process is running with CompressedOops enabled, and the Java Heap may be blocking the growth of the native heap
# Possible solutions:
#   Reduce memory load on the system
#   Increase physical memory or swap space
#   Check if swap backing store is full
#   Decrease Java heap size (-Xmx/-Xms)
#   Decrease number of Java threads
#   Decrease Java thread stack sizes (-Xss)
#   Set larger code cache with -XX:ReservedCodeCacheSize=
#   JVM is running with Zero Based Compressed Oops mode in which the Java heap is
#     placed in the first 32GB address space. The Java Heap base address is the
#     maximum limit for the native heap growth. Please use -XX:HeapBaseMinAddress
#     to set the Java Heap base and to place the Java Heap above 32GB virtual address.
# This output file may be truncated or incomplete.
#
#  Out of Memory Error (arena.cpp:168), pid=30696, tid=18836
#
# JRE version: Java(TM) SE Runtime Environment (21.0.7+8) (build 21.0.7+8-LTS-245)
# Java VM: Java HotSpot(TM) 64-Bit Server VM (21.0.7+8-LTS-245, mixed mode, sharing, tiered, compressed oops, compressed class ptrs, g1 gc, windows-amd64)
# No core dump will be written. Minidumps are not enabled by default on client versions of Windows
#

---------------  S U M M A R Y ------------

Command Line: --enable-native-access=ALL-UNNAMED -Dclassworlds.conf=C:\Users\2oleg\Downloads\apache-maven-3.9.11-bin\apache-maven-3.9.11\bin\m2.conf -Dmaven.home=C:\Users\2oleg\Downloads\apache-maven-3.9.11-bin\apache-maven-3.9.11 -Dlibrary.jansi.path=C:\Users\2oleg\Downloads\apache-maven-3.9.11-bin\apache-maven-3.9.11\lib\jansi-native -Dmaven.multiModuleProjectDirectory=C:\Users\2oleg\Downloads\Telegram Desktop\Kefir\Backend\TransactionSaga org.codehaus.plexus.classworlds.launcher.Launcher spring-boot:run -Dserver.port=8090 -DskipTests

Host: Intel(R) Core(TM) i7-4700HQ CPU @ 2.40GHz, 8 cores, 11G,  Windows 10 , 64 bit Build 19041 (10.0.19041.5915)
Time: Mon Dec 15 23:12:37 2025 RTZ 2 (s 10 , 64 bit Build 19041 (10.0.19041.5915) elapsed time: 29.362790 seconds (0d 0h 0m 29s)

---------------  T H R E A D  ---------------

Current thread (0x000001c09b18f6a0):  JavaThread "C2 CompilerThread2" daemon [_thread_in_native, id=18836, stack(0x000000a0dc200000,0x000000a0dc300000) (1024K)]


Current CompileTask:
C2:  29362 7116       4       com.sun.tools.javac.comp.Resolve::findInheritedMemberType (186 bytes)

Stack: [0x000000a0dc200000,0x000000a0dc300000]
Native frames: (J=compiled Java code, j=interpreted, Vv=VM code, C=native code)
V  [jvm.dll+0x6cae19]
V  [jvm.dll+0x855741]
V  [jvm.dll+0x857c6e]
V  [jvm.dll+0x858343]
V  [jvm.dll+0x27e0b6]
V  [jvm.dll+0xc4ecd]
V  [jvm.dll+0xc5403]
V  [jvm.dll+0x3b578c]
V  [jvm.dll+0x381e25]
V  [jvm.dll+0x38129a]
V  [jvm.dll+0x246b30]
V  [jvm.dll+0x24610f]
V  [jvm.dll+0x1c6efe]
V  [jvm.dll+0x255819]
V  [jvm.dll+0x253daa]
V  [jvm.dll+0x3eebb6]
V  [jvm.dll+0x7ffa1b]
V  [jvm.dll+0x6c94fd]
C  [ucrtbase.dll+0x21bb2]
C  [KERNEL32.DLL+0x17374]
C  [ntdll.dll+0x4cc91]


---------------  P R O C E S S  ---------------

Threads class SMR info:
_java_thread_list=0x000001c09c96c760, length=14, elements={
0x000001c0354cef60, 0x000001c0550ca250, 0x000001c0550cb050, 0x000001c0550cdab0,
0x000001c0550ce500, 0x000001c0550cef50, 0x000001c0550cf9a0, 0x000001c0550d4cf0,
0x000001c0550d6790, 0x000001c055328c80, 0x000001c05532bac0, 0x000001c055c35880,
0x000001c09b18e900, 0x000001c09b18f6a0
}

Java Threads: ( => current thread )
  0x000001c0354cef60 JavaThread "main"                              [_thread_in_vm, id=12544, stack(0x000000a0da500000,0x000000a0da600000) (1024K)]
  0x000001c0550ca250 JavaThread "Reference Handler"          daemon [_thread_blocked, id=4352, stack(0x000000a0dae00000,0x000000a0daf00000) (1024K)]
  0x000001c0550cb050 JavaThread "Finalizer"                  daemon [_thread_blocked, id=13216, stack(0x000000a0daf00000,0x000000a0db000000) (1024K)]
  0x000001c0550cdab0 JavaThread "Signal Dispatcher"          daemon [_thread_blocked, id=30620, stack(0x000000a0db000000,0x000000a0db100000) (1024K)]
  0x000001c0550ce500 JavaThread "Attach Listener"            daemon [_thread_blocked, id=25924, stack(0x000000a0db100000,0x000000a0db200000) (1024K)]
  0x000001c0550cef50 JavaThread "Service Thread"             daemon [_thread_blocked, id=13112, stack(0x000000a0db200000,0x000000a0db300000) (1024K)]
  0x000001c0550cf9a0 JavaThread "Monitor Deflation Thread"   daemon [_thread_blocked, id=6656, stack(0x000000a0db300000,0x000000a0db400000) (1024K)]
  0x000001c0550d4cf0 JavaThread "C2 CompilerThread0"         daemon [_thread_blocked, id=32548, stack(0x000000a0db400000,0x000000a0db500000) (1024K)]
  0x000001c0550d6790 JavaThread "C1 CompilerThread0"         daemon [_thread_in_native, id=26084, stack(0x000000a0db500000,0x000000a0db600000) (1024K)]
  0x000001c055328c80 JavaThread "Notification Thread"        daemon [_thread_blocked, id=13088, stack(0x000000a0db600000,0x000000a0db700000) (1024K)]
  0x000001c05532bac0 JavaThread "Common-Cleaner"             daemon [_thread_blocked, id=19716, stack(0x000000a0db700000,0x000000a0db800000) (1024K)]
  0x000001c055c35880 JavaThread "Thread-1"                   daemon [_thread_blocked, id=13376, stack(0x000000a0db800000,0x000000a0db900000) (1024K)]
  0x000001c09b18e900 JavaThread "C2 CompilerThread1"         daemon [_thread_blocked, id=24100, stack(0x000000a0dc000000,0x000000a0dc100000) (1024K)]
=>0x000001c09b18f6a0 JavaThread "C2 CompilerThread2"         daemon [_thread_in_native, id=18836, stack(0x000000a0dc200000,0x000000a0dc300000) (1024K)]
Total: 14

Other Threads:
  0x000001c0550af5b0 VMThread "VM Thread"                           [id=28276, stack(0x000000a0dad00000,0x000000a0dae00000) (1024K)]
  0x000001c05509eb40 WatcherThread "VM Periodic Task Thread"        [id=18192, stack(0x000000a0dac00000,0x000000a0dad00000) (1024K)]
  0x000001c0375ff7f0 WorkerThread "GC Thread#0"                     [id=14696, stack(0x000000a0da700000,0x000000a0da800000) (1024K)]
  0x000001c09b23d370 WorkerThread "GC Thread#1"                     [id=23132, stack(0x000000a0db900000,0x000000a0dba00000) (1024K)]
  0x000001c0558ba020 WorkerThread "GC Thread#2"                     [id=25072, stack(0x000000a0dba00000,0x000000a0dbb00000) (1024K)]
  0x000001c0558ba7d0 WorkerThread "GC Thread#3"                     [id=21652, stack(0x000000a0dbb00000,0x000000a0dbc00000) (1024K)]
  0x000001c09b15a440 WorkerThread "GC Thread#4"                     [id=27660, stack(0x000000a0dbc00000,0x000000a0dbd00000) (1024K)]
  0x000001c09b15b060 WorkerThread "GC Thread#5"                     [id=8052, stack(0x000000a0dbd00000,0x000000a0dbe00000) (1024K)]
  0x000001c09b15b400 WorkerThread "GC Thread#6"                     [id=14856, stack(0x000000a0dbe00000,0x000000a0dbf00000) (1024K)]
  0x000001c09b15b7a0 WorkerThread "GC Thread#7"                     [id=22084, stack(0x000000a0dbf00000,0x000000a0dc000000) (1024K)]
  0x000001c03760bf10 ConcurrentGCThread "G1 Main Marker"            [id=3660, stack(0x000000a0da800000,0x000000a0da900000) (1024K)]
  0x000001c03760cbc0 WorkerThread "G1 Conc#0"                       [id=30464, stack(0x000000a0da900000,0x000000a0daa00000) (1024K)]
  0x000001c09c476e90 WorkerThread "G1 Conc#1"                       [id=29588, stack(0x000000a0dc100000,0x000000a0dc200000) (1024K)]
  0x000001c03767dc20 ConcurrentGCThread "G1 Refine#0"               [id=4484, stack(0x000000a0daa00000,0x000000a0dab00000) (1024K)]
  0x000001c03767e790 ConcurrentGCThread "G1 Service"                [id=25628, stack(0x000000a0dab00000,0x000000a0dac00000) (1024K)]
Total: 15

Threads with active compile tasks:
C1 CompilerThread0    29401 7329   !   3       com.sun.tools.javac.comp.TypeEnter::complete (225 bytes)
C2 CompilerThread2    29401 7116       4       com.sun.tools.javac.comp.Resolve::findInheritedMemberType (186 bytes)
Total: 2

VM state: not at safepoint (normal execution)

VM Mutex/Monitor currently owned by a thread: None

Heap address: 0x0000000748c00000, size: 2932 MB, Compressed Oops mode: Zero based, Oop shift amount: 3

CDS archive(s) mapped at: [0x000001c056000000-0x000001c056c90000-0x000001c056c90000), size 13172736, SharedBaseAddress: 0x000001c056000000, ArchiveRelocationMode: 1.
Compressed class space mapped at: 0x000001c057000000-0x000001c097000000, reserved size: 1073741824
Narrow klass base: 0x000001c056000000, Narrow klass shift: 0, Narrow klass range: 0x100000000

GC Precious Log:
 CardTable entry size: 512
 Card Set container configuration: InlinePtr #cards 4 size 8 Array Of Cards #cards 16 size 48 Howl #buckets 8 coarsen threshold 3686 Howl Bitmap #cards 512 size 80 coarsen threshold 460 Card regions per heap region 1 cards per card region 4096
 CPUs: 8 total, 8 available
 Memory: 11723M
 Large Page Support: Disabled
 NUMA Support: Disabled
 Compressed Oops: Enabled (Zero based)
 Heap Region Size: 2M
 Heap Min Capacity: 8M
 Heap Initial Capacity: 184M
 Heap Max Capacity: 2932M
 Pre-touch: Disabled
 Parallel Workers: 8
 Concurrent Workers: 2
 Concurrent Refinement Workers: 8
 Periodic GC: Disabled

Heap:
 garbage-first heap   total 122880K, used 109091K [0x0000000748c00000, 0x0000000800000000)
  region size 2048K, 44 young (90112K), 5 survivors (10240K)
 Metaspace       used 28654K, committed 29056K, reserved 1114112K
  class space    used 3131K, committed 3328K, reserved 1048576K

Heap Regions: E=young(eden), S=young(survivor), O=old, HS=humongous(starts), HC=humongous(continues), CS=collection set, F=free, TAMS=top-at-mark-start, PB=parsable bottom
|   0|0x0000000748c00000, 0x0000000748e00000, 0x0000000748e00000|100%| O|  |TAMS 0x0000000748c00000| PB 0x0000000748c00000| Untracked 
|   1|0x0000000748e00000, 0x0000000749000000, 0x0000000749000000|100%| O|  |TAMS 0x0000000748e00000| PB 0x0000000748e00000| Untracked 
|   2|0x0000000749000000, 0x0000000749200000, 0x0000000749200000|100%|HS|  |TAMS 0x0000000749000000| PB 0x0000000749000000| Complete 
|   3|0x0000000749200000, 0x0000000749400000, 0x0000000749400000|100%|HC|  |TAMS 0x0000000749200000| PB 0x0000000749200000| Complete 
|   4|0x0000000749400000, 0x0000000749400000, 0x0000000749600000|  0%| F|  |TAMS 0x0000000749400000| PB 0x0000000749400000| Untracked 
|   5|0x0000000749600000, 0x0000000749600000, 0x0000000749800000|  0%| F|  |TAMS 0x0000000749600000| PB 0x0000000749600000| Untracked 
|   6|0x0000000749800000, 0x0000000749800000, 0x0000000749a00000|  0%| F|  |TAMS 0x0000000749800000| PB 0x0000000749800000| Untracked 
|   7|0x0000000749a00000, 0x0000000749a00000, 0x0000000749c00000|  0%| F|  |TAMS 0x0000000749a00000| PB 0x0000000749a00000| Untracked 
|   8|0x0000000749c00000, 0x0000000749e00000, 0x0000000749e00000|100%| E|  |TAMS 0x0000000749c00000| PB 0x0000000749c00000| Complete 
|   9|0x0000000749e00000, 0x000000074a000000, 0x000000074a000000|100%| E|CS|TAMS 0x0000000749e00000| PB 0x0000000749e00000| Complete 
|  10|0x000000074a000000, 0x000000074a200000, 0x000000074a200000|100%| E|CS|TAMS 0x000000074a000000| PB 0x000000074a000000| Complete 
|  11|0x000000074a200000, 0x000000074a400000, 0x000000074a400000|100%| E|CS|TAMS 0x000000074a200000| PB 0x000000074a200000| Complete 
|  12|0x000000074a400000, 0x000000074a600000, 0x000000074a600000|100%| E|CS|TAMS 0x000000074a400000| PB 0x000000074a400000| Complete 
|  13|0x000000074a600000, 0x000000074a800000, 0x000000074a800000|100%| E|CS|TAMS 0x000000074a600000| PB 0x000000074a600000| Complete 
|  14|0x000000074a800000, 0x000000074aa00000, 0x000000074aa00000|100%| E|CS|TAMS 0x000000074a800000| PB 0x000000074a800000| Complete 
|  15|0x000000074aa00000, 0x000000074ac00000, 0x000000074ac00000|100%| E|CS|TAMS 0x000000074aa00000| PB 0x000000074aa00000| Complete 
|  16|0x000000074ac00000, 0x000000074ae00000, 0x000000074ae00000|100%| E|CS|TAMS 0x000000074ac00000| PB 0x000000074ac00000| Complete 
|  17|0x000000074ae00000, 0x000000074b000000, 0x000000074b000000|100%| E|CS|TAMS 0x000000074ae00000| PB 0x000000074ae00000| Complete 
|  18|0x000000074b000000, 0x000000074b200000, 0x000000074b200000|100%|HS|  |TAMS 0x000000074b000000| PB 0x000000074b000000| Complete 
|  19|0x000000074b200000, 0x000000074b400000, 0x000000074b400000|100%|HC|  |TAMS 0x000000074b200000| PB 0x000000074b200000| Complete 
|  20|0x000000074b400000, 0x000000074b600000, 0x000000074b600000|100%| O|  |TAMS 0x000000074b400000| PB 0x000000074b400000| Untracked 
|  21|0x000000074b600000, 0x000000074b800000, 0x000000074b800000|100%| O|  |TAMS 0x000000074b600000| PB 0x000000074b600000| Untracked 
|  22|0x000000074b800000, 0x000000074ba00000, 0x000000074ba00000|100%| O|  |TAMS 0x000000074b800000| PB 0x000000074b800000| Untracked 
|  23|0x000000074ba00000, 0x000000074bc00000, 0x000000074bc00000|100%| O|  |TAMS 0x000000074ba00000| PB 0x000000074ba00000| Untracked 
|  24|0x000000074bc00000, 0x000000074be00000, 0x000000074be00000|100%| O|  |TAMS 0x000000074bc00000| PB 0x000000074bc00000| Untracked 
|  25|0x000000074be00000, 0x000000074be35280, 0x000000074c000000| 10%| O|Cm|TAMS 0x000000074be00000| PB 0x000000074be00000| Complete 
|  26|0x000000074c000000, 0x000000074c200000, 0x000000074c200000|100%| E|CS|TAMS 0x000000074c000000| PB 0x000000074c000000| Complete 
|  27|0x000000074c200000, 0x000000074c400000, 0x000000074c400000|100%| E|CS|TAMS 0x000000074c200000| PB 0x000000074c200000| Complete 
|  28|0x000000074c400000, 0x000000074c600000, 0x000000074c600000|100%| E|CS|TAMS 0x000000074c400000| PB 0x000000074c400000| Complete 
|  29|0x000000074c600000, 0x000000074c800000, 0x000000074c800000|100%| E|CS|TAMS 0x000000074c600000| PB 0x000000074c600000| Complete 
|  30|0x000000074c800000, 0x000000074ca00000, 0x000000074ca00000|100%| E|CS|TAMS 0x000000074c800000| PB 0x000000074c800000| Complete 
|  31|0x000000074ca00000, 0x000000074cc00000, 0x000000074cc00000|100%| E|CS|TAMS 0x000000074ca00000| PB 0x000000074ca00000| Complete 
|  32|0x000000074cc00000, 0x000000074ce00000, 0x000000074ce00000|100%| E|CS|TAMS 0x000000074cc00000| PB 0x000000074cc00000| Complete 
|  33|0x000000074ce00000, 0x000000074d000000, 0x000000074d000000|100%| E|CS|TAMS 0x000000074ce00000| PB 0x000000074ce00000| Complete 
|  34|0x000000074d000000, 0x000000074d200000, 0x000000074d200000|100%| E|CS|TAMS 0x000000074d000000| PB 0x000000074d000000| Complete 
|  35|0x000000074d200000, 0x000000074d400000, 0x000000074d400000|100%| E|CS|TAMS 0x000000074d200000| PB 0x000000074d200000| Complete 
|  36|0x000000074d400000, 0x000000074d600000, 0x000000074d600000|100%| E|CS|TAMS 0x000000074d400000| PB 0x000000074d400000| Complete 
|  37|0x000000074d600000, 0x000000074d800000, 0x000000074d800000|100%| E|CS|TAMS 0x000000074d600000| PB 0x000000074d600000| Complete 
|  38|0x000000074d800000, 0x000000074da00000, 0x000000074da00000|100%| E|CS|TAMS 0x000000074d800000| PB 0x000000074d800000| Complete 
|  39|0x000000074da00000, 0x000000074dc00000, 0x000000074dc00000|100%| E|CS|TAMS 0x000000074da00000| PB 0x000000074da00000| Complete 
|  40|0x000000074dc00000, 0x000000074de00000, 0x000000074de00000|100%| E|CS|TAMS 0x000000074dc00000| PB 0x000000074dc00000| Complete 
|  41|0x000000074de00000, 0x000000074e000000, 0x000000074e000000|100%| E|CS|TAMS 0x000000074de00000| PB 0x000000074de00000| Complete 
|  42|0x000000074e000000, 0x000000074e200000, 0x000000074e200000|100%| E|CS|TAMS 0x000000074e000000| PB 0x000000074e000000| Complete 
|  43|0x000000074e200000, 0x000000074e400000, 0x000000074e400000|100%| E|CS|TAMS 0x000000074e200000| PB 0x000000074e200000| Complete 
|  44|0x000000074e400000, 0x000000074e600000, 0x000000074e600000|100%| E|CS|TAMS 0x000000074e400000| PB 0x000000074e400000| Complete 
|  45|0x000000074e600000, 0x000000074e800000, 0x000000074e800000|100%| E|CS|TAMS 0x000000074e600000| PB 0x000000074e600000| Complete 
|  46|0x000000074e800000, 0x000000074ea00000, 0x000000074ea00000|100%| E|CS|TAMS 0x000000074e800000| PB 0x000000074e800000| Complete 
|  47|0x000000074ea00000, 0x000000074ec00000, 0x000000074ec00000|100%| E|CS|TAMS 0x000000074ea00000| PB 0x000000074ea00000| Complete 
|  48|0x000000074ec00000, 0x000000074ee00000, 0x000000074ee00000|100%| E|CS|TAMS 0x000000074ec00000| PB 0x000000074ec00000| Complete 
|  49|0x000000074ee00000, 0x000000074f000000, 0x000000074f000000|100%| E|CS|TAMS 0x000000074ee00000| PB 0x000000074ee00000| Complete 
|  50|0x000000074f000000, 0x000000074f200000, 0x000000074f200000|100%| E|CS|TAMS 0x000000074f000000| PB 0x000000074f000000| Complete 
|  51|0x000000074f200000, 0x000000074f400000, 0x000000074f400000|100%| E|CS|TAMS 0x000000074f200000| PB 0x000000074f200000| Complete 
|  52|0x000000074f400000, 0x000000074f600000, 0x000000074f600000|100%| E|CS|TAMS 0x000000074f400000| PB 0x000000074f400000| Complete 
|  53|0x000000074f600000, 0x000000074f800000, 0x000000074f800000|100%| E|CS|TAMS 0x000000074f600000| PB 0x000000074f600000| Complete 
|  82|0x0000000753000000, 0x0000000753053cb8, 0x0000000753200000| 16%| S|CS|TAMS 0x0000000753000000| PB 0x0000000753000000| Complete 
|  83|0x0000000753200000, 0x0000000753400000, 0x0000000753400000|100%| S|CS|TAMS 0x0000000753200000| PB 0x0000000753200000| Complete 
|  84|0x0000000753400000, 0x0000000753600000, 0x0000000753600000|100%| S|CS|TAMS 0x0000000753400000| PB 0x0000000753400000| Complete 
|  85|0x0000000753600000, 0x0000000753800000, 0x0000000753800000|100%| S|CS|TAMS 0x0000000753600000| PB 0x0000000753600000| Complete 
|  86|0x0000000753800000, 0x0000000753a00000, 0x0000000753a00000|100%| S|CS|TAMS 0x0000000753800000| PB 0x0000000753800000| Complete 
|  91|0x0000000754200000, 0x0000000754400000, 0x0000000754400000|100%| E|CS|TAMS 0x0000000754200000| PB 0x0000000754200000| Complete 

Card table byte_map: [0x000001c04f340000,0x000001c04f900000] _byte_map_base: 0x000001c04b8fa000

Marking Bits: (CMBitMap*) 0x000001c0375ffef0
 Bits: [0x000001c04f900000, 0x000001c0526d0000)

Polling page: 0x000001c035460000

Metaspace:

Usage:
  Non-class:     24.93 MB used.
      Class:      3.06 MB used.
       Both:     27.99 MB used.

Virtual space:
  Non-class space:       64.00 MB reserved,      25.12 MB ( 39%) committed,  1 nodes.
      Class space:        1.00 GB reserved,       3.25 MB ( <1%) committed,  1 nodes.
             Both:        1.06 GB reserved,      28.38 MB (  3%) committed. 

Chunk freelists:
   Non-Class:  6.25 MB
       Class:  12.73 MB
        Both:  18.98 MB

MaxMetaspaceSize: unlimited
CompressedClassSpaceSize: 1.00 GB
Initial GC threshold: 21.00 MB
Current GC threshold: 35.75 MB
CDS: on
 - commit_granule_bytes: 65536.
 - commit_granule_words: 8192.
 - virtual_space_node_default_size: 8388608.
 - enlarge_chunks_in_place: 1.
 - use_allocation_guard: 0.


Internal statistics:

num_allocs_failed_limit: 6.
num_arena_births: 302.
num_arena_deaths: 0.
num_vsnodes_births: 2.
num_vsnodes_deaths: 0.
num_space_committed: 454.
num_space_uncommitted: 0.
num_chunks_returned_to_freelist: 6.
num_chunks_taken_from_freelist: 1306.
num_chunk_merges: 6.
num_chunk_splits: 938.
num_chunks_enlarged: 739.
num_inconsistent_stats: 0.

CodeHeap 'non-profiled nmethods': size=120000Kb used=4202Kb max_used=4202Kb free=115797Kb
 bounds [0x000001c047520000, 0x000001c047940000, 0x000001c04ea50000]
CodeHeap 'profiled nmethods': size=120000Kb used=17262Kb max_used=17262Kb free=102737Kb
 bounds [0x000001c03fa50000, 0x000001c040b30000, 0x000001c046f80000]
CodeHeap 'non-nmethods': size=5760Kb used=1448Kb max_used=1501Kb free=4311Kb
 bounds [0x000001c046f80000, 0x000001c0471f0000, 0x000001c047520000]
 total_blobs=7859 nmethods=7326 adapters=437
 compilation: enabled
              stopped_count=0, restarted_count=0
 full_count=0

Compilation events (20 events):
Event: 29.315 Thread 0x000001c0550d6790 nmethod 7309 0x000001c040b1d290 code [0x000001c040b1d4e0, 0x000001c040b1e220]
Event: 29.315 Thread 0x000001c09b18e900 nmethod 7310 0x000001c047932790 code [0x000001c047932920, 0x000001c0479329d8]
Event: 29.315 Thread 0x000001c09b18e900 7311       4       java.util.HashMap$ValueIterator::next (8 bytes)
Event: 29.346 Thread 0x000001c0550d6790 7312       3       com.sun.tools.javac.comp.Enter$1::visitSelect (36 bytes)
Event: 29.346 Thread 0x000001c09b18e900 nmethod 7311 0x000001c047932a90 code [0x000001c047932c40, 0x000001c0479330a0]
Event: 29.346 Thread 0x000001c0550d6790 nmethod 7312 0x000001c040b1e510 code [0x000001c040b1e6e0, 0x000001c040b1eb88]
Event: 29.347 Thread 0x000001c0550d6790 7313       3       com.sun.tools.javac.util.Pair::of (10 bytes)
Event: 29.347 Thread 0x000001c0550d6790 nmethod 7313 0x000001c040b1ed10 code [0x000001c040b1eec0, 0x000001c040b1f190]
Event: 29.347 Thread 0x000001c0550d6790 7314       3       com.sun.tools.javac.tree.JCTree$JCPackageDecl::accept (6 bytes)
Event: 29.347 Thread 0x000001c0550d6790 nmethod 7314 0x000001c040b1f290 code [0x000001c040b1f440, 0x000001c040b1f620]
Event: 29.348 Thread 0x000001c0550d6790 7315       3       com.sun.tools.javac.util.Pair::hashCode (64 bytes)
Event: 29.348 Thread 0x000001c0550d6790 nmethod 7315 0x000001c040b1f710 code [0x000001c040b1f920, 0x000001c040b1fea0]
Event: 29.350 Thread 0x000001c0550d6790 7316       3       com.sun.tools.javac.comp.Check::checkClassType (43 bytes)
Event: 29.351 Thread 0x000001c0550d6790 nmethod 7316 0x000001c040b20010 code [0x000001c040b20280, 0x000001c040b20c78]
Event: 29.351 Thread 0x000001c09b18e900 7317       4       com.sun.tools.javac.comp.Resolve::findGlobalType (111 bytes)
Event: 29.352 Thread 0x000001c0550d4cf0 7318       4       com.sun.tools.javac.comp.Resolve::checkRestrictedType (124 bytes)
Event: 29.355 Thread 0x000001c0550d4cf0 nmethod 7318 0x000001c047933210 code [0x000001c0479333c0, 0x000001c047933570]
Event: 29.355 Thread 0x000001c0550d4cf0 7319       4       com.sun.tools.javac.comp.Check::checkDeprecated (65 bytes)
Event: 29.356 Thread 0x000001c0550d4cf0 nmethod 7319 0x000001c047933710 code [0x000001c0479338a0, 0x000001c0479339f8]
Event: 29.357 Thread 0x000001c0550d4cf0 7320       4       com.sun.tools.javac.comp.Resolve::checkNonExistentType (38 bytes)

GC Heap History (10 events):
Event: 2.740 GC heap before
{Heap before GC invocations=0 (full 0):
 garbage-first heap   total 188416K, used 22528K [0x0000000748c00000, 0x0000000800000000)
  region size 2048K, 11 young (22528K), 0 survivors (0K)
 Metaspace       used 5624K, committed 5824K, reserved 1114112K
  class space    used 646K, committed 768K, reserved 1048576K
}
Event: 3.285 GC heap after
{Heap after GC invocations=1 (full 0):
 garbage-first heap   total 188416K, used 3781K [0x0000000748c00000, 0x0000000800000000)
  region size 2048K, 2 young (4096K), 2 survivors (4096K)
 Metaspace       used 5624K, committed 5824K, reserved 1114112K
  class space    used 646K, committed 768K, reserved 1048576K
}
Event: 6.676 GC heap before
{Heap before GC invocations=1 (full 0):
 garbage-first heap   total 188416K, used 34501K [0x0000000748c00000, 0x0000000800000000)
  region size 2048K, 17 young (34816K), 2 survivors (4096K)
 Metaspace       used 9492K, committed 9728K, reserved 1114112K
  class space    used 1110K, committed 1216K, reserved 1048576K
}
Event: 6.683 GC heap after
{Heap after GC invocations=2 (full 0):
 garbage-first heap   total 188416K, used 5460K [0x0000000748c00000, 0x0000000800000000)
  region size 2048K, 1 young (2048K), 1 survivors (2048K)
 Metaspace       used 9492K, committed 9728K, reserved 1114112K
  class space    used 1110K, committed 1216K, reserved 1048576K
}
Event: 15.522 GC heap before
{Heap before GC invocations=2 (full 0):
 garbage-first heap   total 188416K, used 116052K [0x0000000748c00000, 0x0000000800000000)
  region size 2048K, 55 young (112640K), 1 survivors (2048K)
 Metaspace       used 16515K, committed 16768K, reserved 1114112K
  class space    used 1849K, committed 1984K, reserved 1048576K
}
Event: 15.543 GC heap after
{Heap after GC invocations=3 (full 0):
 garbage-first heap   total 188416K, used 16250K [0x0000000748c00000, 0x0000000800000000)
  region size 2048K, 7 young (14336K), 7 survivors (14336K)
 Metaspace       used 16515K, committed 16768K, reserved 1114112K
  class space    used 1849K, committed 1984K, reserved 1048576K
}
Event: 25.149 GC heap before
{Heap before GC invocations=3 (full 0):
 garbage-first heap   total 188416K, used 149370K [0x0000000748c00000, 0x0000000800000000)
  region size 2048K, 55 young (112640K), 7 survivors (14336K)
 Metaspace       used 20670K, committed 20992K, reserved 1114112K
  class space    used 2289K, committed 2432K, reserved 1048576K
}
Event: 25.173 GC heap after
{Heap after GC invocations=4 (full 0):
 garbage-first heap   total 188416K, used 24788K [0x0000000748c00000, 0x0000000800000000)
  region size 2048K, 3 young (6144K), 3 survivors (6144K)
 Metaspace       used 20670K, committed 20992K, reserved 1114112K
  class space    used 2289K, committed 2432K, reserved 1048576K
}
Event: 25.420 GC heap before
{Heap before GC invocations=4 (full 0):
 garbage-first heap   total 188416K, used 37076K [0x0000000748c00000, 0x0000000800000000)
  region size 2048K, 8 young (16384K), 3 survivors (6144K)
 Metaspace       used 21191K, committed 21504K, reserved 1114112K
  class space    used 2348K, committed 2432K, reserved 1048576K
}
Event: 25.429 GC heap after
{Heap after GC invocations=5 (full 0):
 garbage-first heap   total 188416K, used 31267K [0x0000000748c00000, 0x0000000800000000)
  region size 2048K, 5 young (10240K), 5 survivors (10240K)
 Metaspace       used 21191K, committed 21504K, reserved 1114112K
  class space    used 2348K, committed 2432K, reserved 1048576K
}

Dll operation events (8 events):
Event: 0.050 Loaded shared library C:\Program Files\Java\jdk-21\bin\java.dll
Event: 0.199 Loaded shared library C:\Program Files\Java\jdk-21\bin\jsvml.dll
Event: 0.276 Loaded shared library C:\Program Files\Java\jdk-21\bin\net.dll
Event: 0.280 Loaded shared library C:\Program Files\Java\jdk-21\bin\nio.dll
Event: 0.289 Loaded shared library C:\Program Files\Java\jdk-21\bin\zip.dll
Event: 0.732 Loaded shared library C:\Users\2oleg\Downloads\apache-maven-3.9.11-bin\apache-maven-3.9.11\lib\jansi-native\Windows\x86_64\jansi.dll
Event: 0.743 Loaded shared library C:\Program Files\Java\jdk-21\bin\jimage.dll
Event: 0.751 Loaded shared library C:\Program Files\Java\jdk-21\bin\verify.dll

Deoptimization events (20 events):
Event: 29.306 Thread 0x000001c0354cef60 Uncommon trap: trap_request=0xffffffde fr.pc=0x000001c0477d51c0 relative=0x0000000000000280
Event: 29.306 Thread 0x000001c0354cef60 Uncommon trap: reason=class_check action=maybe_recompile pc=0x000001c0477d51c0 method=java.util.Comparator.lambda$comparing$77a9974f$1(Ljava/util/function/Function;Ljava/lang/Object;Ljava/lang/Object;)I @ 7 c2
Event: 29.306 Thread 0x000001c0354cef60 DEOPT PACKING pc=0x000001c0477d51c0 sp=0x000000a0da5fcd90
Event: 29.306 Thread 0x000001c0354cef60 DEOPT UNPACKING pc=0x000001c046fd46a2 sp=0x000000a0da5fcca8 mode 2
Event: 29.309 Thread 0x000001c0354cef60 Uncommon trap: trap_request=0xffffffde fr.pc=0x000001c0477b1828 relative=0x0000000000000088
Event: 29.309 Thread 0x000001c0354cef60 Uncommon trap: reason=class_check action=maybe_recompile pc=0x000001c0477b1828 method=java.lang.Integer.equals(Ljava/lang/Object;)Z @ 1 c2
Event: 29.309 Thread 0x000001c0354cef60 DEOPT PACKING pc=0x000001c0477b1828 sp=0x000000a0da5fd250
Event: 29.309 Thread 0x000001c0354cef60 DEOPT UNPACKING pc=0x000001c046fd46a2 sp=0x000000a0da5fd1f0 mode 2
Event: 29.309 Thread 0x000001c0354cef60 Uncommon trap: trap_request=0xffffffde fr.pc=0x000001c0477b1828 relative=0x0000000000000088
Event: 29.309 Thread 0x000001c0354cef60 Uncommon trap: reason=class_check action=maybe_recompile pc=0x000001c0477b1828 method=java.lang.Integer.equals(Ljava/lang/Object;)Z @ 1 c2
Event: 29.309 Thread 0x000001c0354cef60 DEOPT PACKING pc=0x000001c0477b1828 sp=0x000000a0da5fd250
Event: 29.309 Thread 0x000001c0354cef60 DEOPT UNPACKING pc=0x000001c046fd46a2 sp=0x000000a0da5fd1f0 mode 2
Event: 29.309 Thread 0x000001c0354cef60 Uncommon trap: trap_request=0xffffffde fr.pc=0x000001c0477b1828 relative=0x0000000000000088
Event: 29.309 Thread 0x000001c0354cef60 Uncommon trap: reason=class_check action=maybe_recompile pc=0x000001c0477b1828 method=java.lang.Integer.equals(Ljava/lang/Object;)Z @ 1 c2
Event: 29.309 Thread 0x000001c0354cef60 DEOPT PACKING pc=0x000001c0477b1828 sp=0x000000a0da5fd250
Event: 29.309 Thread 0x000001c0354cef60 DEOPT UNPACKING pc=0x000001c046fd46a2 sp=0x000000a0da5fd1f0 mode 2
Event: 29.309 Thread 0x000001c0354cef60 Uncommon trap: trap_request=0xffffffde fr.pc=0x000001c0477b1828 relative=0x0000000000000088
Event: 29.309 Thread 0x000001c0354cef60 Uncommon trap: reason=class_check action=maybe_recompile pc=0x000001c0477b1828 method=java.lang.Integer.equals(Ljava/lang/Object;)Z @ 1 c2
Event: 29.309 Thread 0x000001c0354cef60 DEOPT PACKING pc=0x000001c0477b1828 sp=0x000000a0da5fd250
Event: 29.309 Thread 0x000001c0354cef60 DEOPT UNPACKING pc=0x000001c046fd46a2 sp=0x000000a0da5fd1f0 mode 2

Classes loaded (20 events):
Event: 28.281 Loading class java/util/stream/ReduceOps$1ReducingSink
Event: 28.281 Loading class java/util/stream/ReduceOps$1ReducingSink done
Event: 28.560 Loading class java/util/EnumMap$EntrySet
Event: 28.560 Loading class java/util/EnumMap$EntrySet done
Event: 28.560 Loading class java/util/EnumMap$EntryIterator
Event: 28.560 Loading class java/util/EnumMap$EnumMapIterator
Event: 28.560 Loading class java/util/EnumMap$EnumMapIterator done
Event: 28.560 Loading class java/util/EnumMap$EntryIterator done
Event: 28.560 Loading class java/util/EnumMap$EntryIterator$Entry
Event: 28.561 Loading class java/util/EnumMap$EntryIterator$Entry done
Event: 28.680 Loading class java/text/BreakIterator
Event: 28.680 Loading class java/text/BreakIterator done
Event: 28.754 Loading class java/lang/Byte$ByteCache
Event: 28.754 Loading class java/lang/Byte$ByteCache done
Event: 28.754 Loading class java/lang/Short$ShortCache
Event: 28.754 Loading class java/lang/Short$ShortCache done
Event: 29.283 Loading class java/io/FilterWriter
Event: 29.283 Loading class java/io/FilterWriter done
Event: 29.303 Loading class java/util/Comparators$NullComparator
Event: 29.303 Loading class java/util/Comparators$NullComparator done

Classes unloaded (0 events):
No events

Classes redefined (0 events):
No events

Internal exceptions (20 events):
Event: 28.814 Thread 0x000001c0354cef60 Exception <a 'sun/nio/fs/WindowsException'{0x000000074a5c2460}> (0x000000074a5c2460) 
thrown [s\open\src\hotspot\share\prims\jni.cpp, line 520]
Event: 28.814 Thread 0x000001c0354cef60 Exception <a 'sun/nio/fs/WindowsException'{0x000000074a5d3e08}> (0x000000074a5d3e08) 
thrown [s\open\src\hotspot\share\prims\jni.cpp, line 520]
Event: 28.815 Thread 0x000001c0354cef60 Exception <a 'sun/nio/fs/WindowsException'{0x000000074a5d88d8}> (0x000000074a5d88d8) 
thrown [s\open\src\hotspot\share\prims\jni.cpp, line 520]
Event: 28.816 Thread 0x000001c0354cef60 Exception <a 'sun/nio/fs/WindowsException'{0x000000074a5de4d8}> (0x000000074a5de4d8) 
thrown [s\open\src\hotspot\share\prims\jni.cpp, line 520]
Event: 28.816 Thread 0x000001c0354cef60 Exception <a 'sun/nio/fs/WindowsException'{0x000000074a5edc38}> (0x000000074a5edc38) 
thrown [s\open\src\hotspot\share\prims\jni.cpp, line 520]
Event: 28.819 Thread 0x000001c0354cef60 Exception <a 'sun/nio/fs/WindowsException'{0x000000074a201a28}> (0x000000074a201a28) 
thrown [s\open\src\hotspot\share\prims\jni.cpp, line 520]
Event: 28.820 Thread 0x000001c0354cef60 Exception <a 'sun/nio/fs/WindowsException'{0x000000074a2054d8}> (0x000000074a2054d8) 
thrown [s\open\src\hotspot\share\prims\jni.cpp, line 520]
Event: 28.820 Thread 0x000001c0354cef60 Exception <a 'sun/nio/fs/WindowsException'{0x000000074a20e088}> (0x000000074a20e088) 
thrown [s\open\src\hotspot\share\prims\jni.cpp, line 520]
Event: 28.820 Thread 0x000001c0354cef60 Exception <a 'sun/nio/fs/WindowsException'{0x000000074a20fef8}> (0x000000074a20fef8) 
thrown [s\open\src\hotspot\share\prims\jni.cpp, line 520]
Event: 28.821 Thread 0x000001c0354cef60 Exception <a 'sun/nio/fs/WindowsException'{0x000000074a213010}> (0x000000074a213010) 
thrown [s\open\src\hotspot\share\prims\jni.cpp, line 520]
Event: 28.821 Thread 0x000001c0354cef60 Exception <a 'sun/nio/fs/WindowsException'{0x000000074a21aae0}> (0x000000074a21aae0) 
thrown [s\open\src\hotspot\share\prims\jni.cpp, line 520]
Event: 28.849 Thread 0x000001c0354cef60 Exception <a 'sun/nio/fs/WindowsException'{0x000000074a2b5c60}> (0x000000074a2b5c60) 
thrown [s\open\src\hotspot\share\prims\jni.cpp, line 520]
Event: 28.849 Thread 0x000001c0354cef60 Exception <a 'sun/nio/fs/WindowsException'{0x000000074a2b6760}> (0x000000074a2b6760) 
thrown [s\open\src\hotspot\share\prims\jni.cpp, line 520]
Event: 29.275 Thread 0x000001c0354cef60 Exception <a 'sun/nio/fs/WindowsException'{0x0000000749c02578}> (0x0000000749c02578) 
thrown [s\open\src\hotspot\share\prims\jni.cpp, line 520]
Event: 29.275 Thread 0x000001c0354cef60 Exception <a 'sun/nio/fs/WindowsException'{0x0000000749c02e58}> (0x0000000749c02e58) 
thrown [s\open\src\hotspot\share\prims\jni.cpp, line 520]
Event: 29.276 Thread 0x000001c0354cef60 Exception <a 'sun/nio/fs/WindowsException'{0x0000000749c03700}> (0x0000000749c03700) 
thrown [s\open\src\hotspot\share\prims\jni.cpp, line 520]
Event: 29.276 Thread 0x000001c0354cef60 Exception <a 'sun/nio/fs/WindowsException'{0x0000000749c05330}> (0x0000000749c05330) 
thrown [s\open\src\hotspot\share\prims\jni.cpp, line 520]
Event: 29.278 Thread 0x000001c0354cef60 Exception <a 'java/io/FileNotFoundException'{0x0000000749c06638}> (0x0000000749c06638) 
thrown [s\open\src\hotspot\share\prims\jni.cpp, line 520]
Event: 29.318 Thread 0x000001c0354cef60 Exception <a 'sun/nio/fs/WindowsException'{0x0000000749c60f38}> (0x0000000749c60f38) 
thrown [s\open\src\hotspot\share\prims\jni.cpp, line 520]
Event: 29.318 Thread 0x000001c0354cef60 Exception <a 'sun/nio/fs/WindowsException'{0x0000000749c61a38}> (0x0000000749c61a38) 
thrown [s\open\src\hotspot\share\prims\jni.cpp, line 520]

ZGC Phase Switch (0 events):
No events

VM Operations (20 events):
Event: 26.233 Executing VM operation: HandshakeAllThreads (Deoptimize)
Event: 26.241 Executing VM operation: HandshakeAllThreads (Deoptimize) done
Event: 27.241 Executing VM operation: Cleanup
Event: 27.241 Executing VM operation: Cleanup done
Event: 27.519 Executing VM operation: HandshakeAllThreads (Deoptimize)
Event: 27.519 Executing VM operation: HandshakeAllThreads (Deoptimize) done
Event: 27.649 Executing VM operation: HandshakeAllThreads (Deoptimize)
Event: 27.649 Executing VM operation: HandshakeAllThreads (Deoptimize) done
Event: 27.855 Executing VM operation: ICBufferFull
Event: 27.856 Executing VM operation: ICBufferFull done
Event: 28.125 Executing VM operation: ICBufferFull
Event: 28.125 Executing VM operation: ICBufferFull done
Event: 28.281 Executing VM operation: HandshakeAllThreads (Deoptimize)
Event: 28.281 Executing VM operation: HandshakeAllThreads (Deoptimize) done
Event: 28.355 Executing VM operation: ICBufferFull
Event: 28.355 Executing VM operation: ICBufferFull done
Event: 29.074 Executing VM operation: ICBufferFull
Event: 29.074 Executing VM operation: ICBufferFull done
Event: 29.348 Executing VM operation: ICBufferFull
Event: 29.348 Executing VM operation: ICBufferFull done

Events (20 events):
Event: 20.448 Thread 0x000001c09b64da50 Thread exited: 0x000001c09b64da50
Event: 20.449 Thread 0x000001c09b64b840 Thread exited: 0x000001c09b64b840
Event: 21.359 Thread 0x000001c09b64ccb0 Thread added: 0x000001c09b64ccb0
Event: 21.568 Thread 0x000001c09b64ccb0 Thread exited: 0x000001c09b64ccb0
Event: 21.577 Thread 0x000001c09b64e7f0 Thread added: 0x000001c09b64e7f0
Event: 21.579 Thread 0x000001c09b64ccb0 Thread added: 0x000001c09b64ccb0
Event: 22.188 Thread 0x000001c09b64ccb0 Thread exited: 0x000001c09b64ccb0
Event: 22.343 Thread 0x000001c09b64e7f0 Thread exited: 0x000001c09b64e7f0
Event: 22.544 Thread 0x000001c09b64ccb0 Thread added: 0x000001c09b64ccb0
Event: 23.033 Thread 0x000001c09b64ccb0 Thread exited: 0x000001c09b64ccb0
Event: 25.118 Thread 0x000001c09b64b170 Thread added: 0x000001c09b64b170
Event: 25.824 Thread 0x000001c09b64b170 Thread exited: 0x000001c09b64b170
Event: 25.967 Thread 0x000001c09b18cdc0 Thread added: 0x000001c09b18cdc0
Event: 26.211 Thread 0x000001c09b18e900 Thread added: 0x000001c09b18e900
Event: 27.335 Thread 0x000001c09b18e900 Thread exited: 0x000001c09b18e900
Event: 27.378 Thread 0x000001c09b18cdc0 Thread exited: 0x000001c09b18cdc0
Event: 27.811 Thread 0x000001c09b18d490 Thread added: 0x000001c09b18d490
Event: 28.526 Thread 0x000001c09b18d490 Thread exited: 0x000001c09b18d490
Event: 28.842 Thread 0x000001c09b18e900 Thread added: 0x000001c09b18e900
Event: 28.846 Thread 0x000001c09b18f6a0 Thread added: 0x000001c09b18f6a0


Dynamic libraries:
0x00007ff6a5e00000 - 0x00007ff6a5e10000 	C:\Program Files\Java\jdk-21\bin\java.exe
0x00007ff9f5930000 - 0x00007ff9f5b28000 	C:\WINDOWS\SYSTEM32\ntdll.dll
0x00007ff9f5400000 - 0x00007ff9f54c2000 	C:\WINDOWS\System32\KERNEL32.DLL
0x00007ff9f3130000 - 0x00007ff9f3426000 	C:\WINDOWS\System32\KERNELBASE.dll
0x00007ff9f3820000 - 0x00007ff9f3920000 	C:\WINDOWS\System32\ucrtbase.dll
0x00007ff9e2e70000 - 0x00007ff9e2e89000 	C:\Program Files\Java\jdk-21\bin\jli.dll
0x00007ff9f3da0000 - 0x00007ff9f3e51000 	C:\WINDOWS\System32\ADVAPI32.dll
0x00007ff9f5820000 - 0x00007ff9f58be000 	C:\WINDOWS\System32\msvcrt.dll
0x00007ff9f4800000 - 0x00007ff9f489f000 	C:\WINDOWS\System32\sechost.dll
0x00007ff9f3c10000 - 0x00007ff9f3d30000 	C:\WINDOWS\System32\RPCRT4.dll
0x00007ff9f3560000 - 0x00007ff9f3587000 	C:\WINDOWS\System32\bcrypt.dll
0x00007ff9f3f40000 - 0x00007ff9f40e1000 	C:\WINDOWS\System32\USER32.dll
0x00007ff9f3100000 - 0x00007ff9f3122000 	C:\WINDOWS\System32\win32u.dll
0x00007ff9f47c0000 - 0x00007ff9f47eb000 	C:\WINDOWS\System32\GDI32.dll
0x00007ff9f2f90000 - 0x00007ff9f30a9000 	C:\WINDOWS\System32\gdi32full.dll
0x00007ff9f3590000 - 0x00007ff9f362d000 	C:\WINDOWS\System32\msvcp_win.dll
0x00007ff9e2dc0000 - 0x00007ff9e2ddb000 	C:\Program Files\Java\jdk-21\bin\VCRUNTIME140.dll
0x00007ff9e4da0000 - 0x00007ff9e503b000 	C:\WINDOWS\WinSxS\amd64_microsoft.windows.common-controls_6595b64144ccf1df_6.0.19041.6456_none_60b8a6cb71f64256\COMCTL32.dll
0x00007ff9ecd10000 - 0x00007ff9ecd1a000 	C:\WINDOWS\SYSTEM32\VERSION.dll
0x00007ff9f3f10000 - 0x00007ff9f3f3f000 	C:\WINDOWS\System32\IMM32.DLL
0x00007ff9e25a0000 - 0x00007ff9e25ac000 	C:\Program Files\Java\jdk-21\bin\vcruntime140_1.dll
0x00007ff9d12b0000 - 0x00007ff9d133e000 	C:\Program Files\Java\jdk-21\bin\msvcp140.dll
0x00007ff9a2110000 - 0x00007ff9a2e2a000 	C:\Program Files\Java\jdk-21\bin\server\jvm.dll
0x00007ff9f4210000 - 0x00007ff9f427b000 	C:\WINDOWS\System32\WS2_32.dll
0x00007ff9f2df0000 - 0x00007ff9f2e3b000 	C:\WINDOWS\SYSTEM32\POWRPROF.dll
0x00007ff9e0140000 - 0x00007ff9e0167000 	C:\WINDOWS\SYSTEM32\WINMM.dll
0x00007ff9f2dd0000 - 0x00007ff9f2de2000 	C:\WINDOWS\SYSTEM32\UMPDC.dll
0x00007ff9f0dc0000 - 0x00007ff9f0dd2000 	C:\WINDOWS\SYSTEM32\kernel.appcore.dll
0x00007ff9e2590000 - 0x00007ff9e259a000 	C:\Program Files\Java\jdk-21\bin\jimage.dll
0x00007ff9df840000 - 0x00007ff9dfa41000 	C:\WINDOWS\SYSTEM32\DBGHELP.DLL
0x00007ff9dd350000 - 0x00007ff9dd384000 	C:\WINDOWS\SYSTEM32\dbgcore.DLL
0x00007ff9f3630000 - 0x00007ff9f36b2000 	C:\WINDOWS\System32\bcryptPrimitives.dll
0x00007ff9e2280000 - 0x00007ff9e229f000 	C:\Program Files\Java\jdk-21\bin\java.dll
0x00007ff9f4930000 - 0x00007ff9f50a0000 	C:\WINDOWS\System32\SHELL32.dll
0x00007ff9f0fc0000 - 0x00007ff9f1765000 	C:\WINDOWS\SYSTEM32\windows.storage.dll
0x00007ff9f50a0000 - 0x00007ff9f53f4000 	C:\WINDOWS\System32\combase.dll
0x00007ff9f28e0000 - 0x00007ff9f290b000 	C:\WINDOWS\SYSTEM32\Wldp.dll
0x00007ff9f46f0000 - 0x00007ff9f47bd000 	C:\WINDOWS\System32\OLEAUT32.dll
0x00007ff9f3920000 - 0x00007ff9f39cd000 	C:\WINDOWS\System32\SHCORE.dll
0x00007ff9f57c0000 - 0x00007ff9f581b000 	C:\WINDOWS\System32\shlwapi.dll
0x00007ff9f2ec0000 - 0x00007ff9f2ee4000 	C:\WINDOWS\SYSTEM32\profapi.dll
0x00007ff9c1e40000 - 0x00007ff9c1f17000 	C:\Program Files\Java\jdk-21\bin\jsvml.dll
0x00007ff9e2270000 - 0x00007ff9e2280000 	C:\Program Files\Java\jdk-21\bin\net.dll
0x00007ff9ec950000 - 0x00007ff9eca5a000 	C:\WINDOWS\SYSTEM32\WINHTTP.dll
0x00007ff9f25f0000 - 0x00007ff9f265a000 	C:\WINDOWS\system32\mswsock.dll
0x00007ff9e0dd0000 - 0x00007ff9e0de6000 	C:\Program Files\Java\jdk-21\bin\nio.dll
0x00007ff9e09b0000 - 0x00007ff9e09c8000 	C:\Program Files\Java\jdk-21\bin\zip.dll
0x00007ff9df250000 - 0x00007ff9df274000 	C:\Users\2oleg\Downloads\apache-maven-3.9.11-bin\apache-maven-3.9.11\lib\jansi-native\Windows\x86_64\jansi.dll
0x00007ff9e1970000 - 0x00007ff9e1980000 	C:\Program Files\Java\jdk-21\bin\verify.dll

dbghelp: loaded successfully - version: 4.0.5 - missing functions: none
symbol engine: initialized successfully - sym options: 0x614 - pdb path: .;C:\Program Files\Java\jdk-21\bin;C:\WINDOWS\SYSTEM32;C:\WINDOWS\WinSxS\amd64_microsoft.windows.common-controls_6595b64144ccf1df_6.0.19041.6456_none_60b8a6cb71f64256;C:\Program Files\Java\jdk-21\bin\server;C:\Users\2oleg\Downloads\apache-maven-3.9.11-bin\apache-maven-3.9.11\lib\jansi-native\Windows\x86_64

VM Arguments:
jvm_args: --enable-native-access=ALL-UNNAMED -Dclassworlds.conf=C:\Users\2oleg\Downloads\apache-maven-3.9.11-bin\apache-maven-3.9.11\bin\m2.conf -Dmaven.home=C:\Users\2oleg\Downloads\apache-maven-3.9.11-bin\apache-maven-3.9.11 -Dlibrary.jansi.path=C:\Users\2oleg\Downloads\apache-maven-3.9.11-bin\apache-maven-3.9.11\lib\jansi-native -Dmaven.multiModuleProjectDirectory=C:\Users\2oleg\Downloads\Telegram Desktop\Kefir\Backend\TransactionSaga 
java_command: org.codehaus.plexus.classworlds.launcher.Launcher spring-boot:run -Dserver.port=8090 -DskipTests
java_class_path (initial): C:\Users\2oleg\Downloads\apache-maven-3.9.11-bin\apache-maven-3.9.11\boot\plexus-classworlds-2.9.0.jar
Launcher Type: SUN_STANDARD

[Global flags]
     intx CICompilerCount                          = 4                                         {product} {ergonomic}
     uint ConcGCThreads                            = 2                                         {product} {ergonomic}
     uint G1ConcRefinementThreads                  = 8                                         {product} {ergonomic}
   size_t G1HeapRegionSize                         = 2097152                                   {product} {ergonomic}
    uintx GCDrainStackTargetSize                   = 64                                        {product} {ergonomic}
   size_t InitialHeapSize                          = 192937984                                 {product} {ergonomic}
   size_t MarkStackSize                            = 4194304                                   {product} {ergonomic}
   size_t MaxHeapSize                              = 3074424832                                {product} {ergonomic}
   size_t MaxNewSize                               = 1843396608                                {product} {ergonomic}
   size_t MinHeapDeltaBytes                        = 2097152                                   {product} {ergonomic}
   size_t MinHeapSize                              = 8388608                                   {product} {ergonomic}
    uintx NonNMethodCodeHeapSize                   = 5839372                                {pd product} {ergonomic}
    uintx NonProfiledCodeHeapSize                  = 122909434                              {pd product} {ergonomic}
    uintx ProfiledCodeHeapSize                     = 122909434                              {pd product} {ergonomic}
    uintx ReservedCodeCacheSize                    = 251658240                              {pd product} {ergonomic}
     bool SegmentedCodeCache                       = true                                      {product} {ergonomic}
   size_t SoftMaxHeapSize                          = 3074424832                             {manageable} {ergonomic}
     bool UseCompressedOops                        = true                           {product lp64_product} {ergonomic}
     bool UseG1GC                                  = true                                      {product} {ergonomic}
     bool UseLargePagesIndividualAllocation        = false                                  {pd product} {ergonomic}

Logging:
Log output configuration:
 #0: stdout all=warning uptime,level,tags foldmultilines=false
 #1: stderr all=off uptime,level,tags foldmultilines=false

Environment Variables:
JAVA_HOME=C:\Program Files\Java\jdk-21
PATH=C:\Program Files\Common Files\Oracle\Java\javapath;C:\Program Files (x86)\Cuminas\Document Express DjVu Plug-in\;C:\Program Files (x86)\Razer Chroma SDK\bin;C:\Program Files\Razer Chroma SDK\bin;C:\WINDOWS\system32;C:\WINDOWS;C:\WINDOWS\System32\Wbem;C:\WINDOWS\System32\WindowsPowerShell\v1.0\;C:\WINDOWS\System32\OpenSSH\;C:\Program Files (x86)\NVIDIA Corporation\PhysX\Common;C:\WINDOWS\system32\config\systemprofile\AppData\Local\Microsoft\WindowsApps;C:\Program Files (x86)\Razer\ChromaBroadcast\bin;C:\Program Files\Razer\ChromaBroadcast\bin;C:\Users\2oleg\AppData\Local\Microsoft\WindowsApps;C:\Program Files\JetBrains\IntelliJ IDEA Community Edition 2024.3\bin;C:\Users\2oleg\AppData\Local\Programs\Microsoft VS Code\bin;C:\Program Files\Docker\Docker\resources\bin;C:\Users\2oleg\Downloads\curl-8.16.0_6-win64-mingw.zip\curl-8.16.0_6-win64-mingw\bin;C:\Users\2oleg\Downloads\curl-8.16.0_6-win64-mingw\curl-8.16.0_6-win64-mingw\bin;C:\Users\2oleg\Downloads\apache-maven-3.9.11-bin\apache-maven-3.9.11\bin;C:\ProgramData\chocolatey\bin;C:\Users\2oleg\AppData\Roaming\Cloud Foundry;C:\Program Files\Git\cmd;C:\Program Files\nodejs\;C:\Users\2oleg\AppData\Local\Muse Hub\lib;C:\Users\2oleg\AppData\Local\Microsoft\WindowsApps;C:\Program Files\JetBrains\IntelliJ IDEA Community Edition 2025.2.4\bin;C:\Users\2oleg\AppData\Local\Programs\Microsoft VS Code\bin;C:\Program Files\jq.exe;C:\Users\2oleg\AppData\Local\Microsoft\WinGet\Packages\jqlang.jq_Microsoft.Winget.Source_8wekyb3d8bbwe;C:\Program Files\Java\jdk-24;C:\Users\2oleg\Downloads\gradle-9.0.0-bin\gradle-9.0.0\bin;C:\Program Files\Docker\Docker\resources\bin;C:\Users\2oleg\AppData\Local\GitHubDesktop\bin;C:\Users\2oleg\AppData\Roaming\npm
USERNAME=2oleg
OS=Windows_NT
PROCESSOR_IDENTIFIER=Intel64 Family 6 Model 60 Stepping 3, GenuineIntel
TMP=C:\Users\2oleg\AppData\Local\Temp
TEMP=C:\Users\2oleg\AppData\Local\Temp




Periodic native trim disabled

---------------  S Y S T E M  ---------------

OS:
 Windows 10 , 64 bit Build 19041 (10.0.19041.5915)
OS uptime: 13 days 9:58 hours
Hyper-V role detected

CPU: total 8 (initial active 8) (4 cores per cpu, 2 threads per core) family 6 model 60 stepping 3 microcode 0x27, cx8, cmov, fxsr, ht, mmx, sse, sse2, sse3, ssse3, sse4.1, sse4.2, popcnt, lzcnt, tsc, tscinvbit, avx, avx2, aes, erms, clmul, bmi1, bmi2, fma, vzeroupper, clflush, hv, rdtscp, f16c
Processor Information for all 8 processors :
  Max Mhz: 2401, Current Mhz: 2401, Mhz Limit: 2401

Memory: 4k page, system-wide physical 11723M (674M free)
TotalPageFile size 23723M (AvailPageFile size 6M)
current process WorkingSet (physical memory assigned to process): 264M, peak: 267M
current process commit charge ("private bytes"): 301M, peak: 330M

vm_info: Java HotSpot(TM) 64-Bit Server VM (21.0.7+8-LTS-245) for windows-amd64 JRE (21.0.7+8-LTS-245), built on 2025-02-21T05:11:27Z by "mach5one" with MS VC++ 17.6 (VS2022)

END.
