#
# There is insufficient memory for the Java Runtime Environment to continue.
# Native memory allocation (mmap) failed to map 65536 bytes for Failed to commit metaspace.
# Possible reasons:
#   The system is out of physical RAM or swap space
#   The process is running with CompressedOops enabled, and the Java Heap may be blocking the growth of the native heap
# Possible solutions:
#   Reduce memory load on the system
#   Increase physical memory or swap space
#   Check if swap backing store is full
#   Decrease Java heap size (-Xmx/-Xms)
#   Decrease number of Java threads
#   Decrease Java thread stack sizes (-Xss)
#   Set larger code cache with -XX:ReservedCodeCacheSize=
#   JVM is running with Zero Based Compressed Oops mode in which the Java heap is
#     placed in the first 32GB address space. The Java Heap base address is the
#     maximum limit for the native heap growth. Please use -XX:HeapBaseMinAddress
#     to set the Java Heap base and to place the Java Heap above 32GB virtual address.
# This output file may be truncated or incomplete.
#
#  Out of Memory Error (virtualSpaceNode.cpp:112), pid=31756, tid=13048
#
# JRE version: Java(TM) SE Runtime Environment (21.0.7+8) (build 21.0.7+8-LTS-245)
# Java VM: Java HotSpot(TM) 64-Bit Server VM (21.0.7+8-LTS-245, mixed mode, sharing, tiered, compressed oops, compressed class ptrs, g1 gc, windows-amd64)
# No core dump will be written. Minidumps are not enabled by default on client versions of Windows
#

---------------  S U M M A R Y ------------

Command Line: -Dclassworlds.conf=C:\Users\2oleg\Downloads\apache-maven-3.9.11-bin\apache-maven-3.9.11\bin\m2.conf -Dmaven.home=C:\Users\2oleg\Downloads\apache-maven-3.9.11-bin\apache-maven-3.9.11 -Dlibrary.jansi.path=C:\Users\2oleg\Downloads\apache-maven-3.9.11-bin\apache-maven-3.9.11\lib\jansi-native -Dmaven.multiModuleProjectDirectory=C:\Users\2oleg\Downloads\Telegram Desktop\Kefir\Backend\TransactionSaga org.codehaus.plexus.classworlds.launcher.Launcher spring-boot:run -Dserver.port=8090 -DskipTests

Host: Intel(R) Core(TM) i7-4700HQ CPU @ 2.40GHz, 8 cores, 11G,  Windows 10 , 64 bit Build 19041 (10.0.19041.5915)
Time: Sat Dec 13 01:36:53 2025 RTZ 2 (s 10 , 64 bit Build 19041 (10.0.19041.5915) elapsed time: 32.669383 seconds (0d 0h 0m 32s)

---------------  T H R E A D  ---------------

Current thread (0x000001e6c70ef120):  JavaThread "main"             [_thread_in_vm, id=13048, stack(0x00000049d6200000,0x00000049d6300000) (1024K)]

Stack: [0x00000049d6200000,0x00000049d6300000]
Native frames: (J=compiled Java code, j=interpreted, Vv=VM code, C=native code)
V  [jvm.dll+0x6cae19]
V  [jvm.dll+0x855741]
V  [jvm.dll+0x857c6e]
V  [jvm.dll+0x858343]
V  [jvm.dll+0x27e0b6]
V  [jvm.dll+0x85135e]
V  [jvm.dll+0x66ea55]
V  [jvm.dll+0x1e410c]
V  [jvm.dll+0x1e3ede]
V  [jvm.dll+0x671383]
V  [jvm.dll+0x6711a2]
V  [jvm.dll+0x66f42e]
V  [jvm.dll+0x2698b7]
V  [jvm.dll+0x210bd8]
V  [jvm.dll+0x2158c0]
V  [jvm.dll+0x20b1ee]
V  [jvm.dll+0x5ad9cc]
V  [jvm.dll+0x7cf846]
V  [jvm.dll+0x471336]
V  [jvm.dll+0x4771b8]
C  [java.dll+0x17ec]

Java frames: (J=compiled Java code, j=interpreted, Vv=VM code)
J 544  java.lang.ClassLoader.defineClass1(Ljava/lang/ClassLoader;Ljava/lang/String;[BIILjava/security/ProtectionDomain;Ljava/lang/String;)Ljava/lang/Class; java.base@21.0.7 (0 bytes) @ 0x000001e6d926d611 [0x000001e6d926d540+0x00000000000000d1]
J 972 c1 java.lang.ClassLoader.defineClass(Ljava/lang/String;[BIILjava/security/ProtectionDomain;)Ljava/lang/Class; java.base@21.0.7 (43 bytes) @ 0x000001e6d1947e0c [0x000001e6d1947aa0+0x000000000000036c]
J 921 c1 java.security.SecureClassLoader.defineClass(Ljava/lang/String;[BIILjava/security/CodeSource;)Ljava/lang/Class; java.base@21.0.7 (16 bytes) @ 0x000001e6d1933f9c [0x000001e6d1933ec0+0x00000000000000dc]
J 839 c1 java.net.URLClassLoader.defineClass(Ljava/lang/String;Ljdk/internal/loader/Resource;)Ljava/lang/Class; java.base@21.0.7 (224 bytes) @ 0x000001e6d18fd384 [0x000001e6d18fc040+0x0000000000001344]
J 971 c1 java.net.URLClassLoader$1.run()Ljava/lang/Class; java.base@21.0.7 (81 bytes) @ 0x000001e6d194665c [0x000001e6d19459e0+0x0000000000000c7c]
J 918 c1 java.net.URLClassLoader$1.run()Ljava/lang/Object; java.base@21.0.7 (5 bytes) @ 0x000001e6d1931854 [0x000001e6d19317c0+0x0000000000000094]
J 583 c1 java.security.AccessController.doPrivileged(Ljava/security/PrivilegedExceptionAction;Ljava/security/AccessControlContext;)Ljava/lang/Object; java.base@21.0.7 (26 bytes) @ 0x000001e6d185de94 [0x000001e6d185dca0+0x00000000000001f4]
J 970 c1 java.net.URLClassLoader.findClass(Ljava/lang/String;)Ljava/lang/Class; java.base@21.0.7 (47 bytes) @ 0x000001e6d1944f54 [0x000001e6d1944da0+0x00000000000001b4]
J 923 c1 org.codehaus.plexus.classworlds.realm.ClassRealm.loadClassFromSelf(Ljava/lang/String;)Ljava/lang/Class; (40 bytes) @ 0x000001e6d1934abc [0x000001e6d1934720+0x000000000000039c]
J 860 c1 org.codehaus.plexus.classworlds.strategy.SelfFirstStrategy.loadClass(Ljava/lang/String;)Ljava/lang/Class; (50 bytes) @ 0x000001e6d19074ac [0x000001e6d19070c0+0x00000000000003ec]
J 586 c1 org.codehaus.plexus.classworlds.realm.ClassRealm.loadClass(Ljava/lang/String;Z)Ljava/lang/Class; (33 bytes) @ 0x000001e6d185ebe4 [0x000001e6d185ea60+0x0000000000000184]
J 585 c1 org.codehaus.plexus.classworlds.realm.ClassRealm.loadClass(Ljava/lang/String;)Ljava/lang/Class; (7 bytes) @ 0x000001e6d185e6c4 [0x000001e6d185e5c0+0x0000000000000104]
v  ~StubRoutines::call_stub 0x000001e6d8ca100d
j  org.apache.maven.cli.MavenCli.getConsoleTransferListener(Z)Lorg/eclipse/aether/transfer/TransferListener;+0
j  org.apache.maven.cli.MavenCli.populateRequest(Lorg/apache/maven/cli/CliRequest;Lorg/apache/maven/execution/MavenExecutionRequest;)Lorg/apache/maven/execution/MavenExecutionRequest;+546
j  org.apache.maven.cli.MavenCli.populateRequest(Lorg/apache/maven/cli/CliRequest;)Lorg/apache/maven/execution/MavenExecutionRequest;+6
j  org.apache.maven.cli.MavenCli.doMain(Lorg/apache/maven/cli/CliRequest;)I+55
j  org.apache.maven.cli.MavenCli.main([Ljava/lang/String;Lorg/codehaus/plexus/classworlds/ClassWorld;)I+24
j  java.lang.invoke.DirectMethodHandle$Holder.invokeStatic(Ljava/lang/Object;Ljava/lang/Object;Ljava/lang/Object;)I+11 java.base@21.0.7
j  java.lang.invoke.LambdaForm$MH+0x000001e681009400.invoke(Ljava/lang/Object;Ljava/lang/Object;Ljava/lang/Object;Ljava/lang/Object;)Ljava/lang/Object;+54 java.base@21.0.7
j  java.lang.invoke.LambdaForm$MH+0x000001e681009800.invokeExact_MT(Ljava/lang/Object;Ljava/lang/Object;Ljava/lang/Object;Ljava/lang/Object;Ljava/lang/Object;)Ljava/lang/Object;+22 java.base@21.0.7
j  jdk.internal.reflect.DirectMethodHandleAccessor.invokeImpl(Ljava/lang/Object;[Ljava/lang/Object;)Ljava/lang/Object;+72 java.base@21.0.7
j  jdk.internal.reflect.DirectMethodHandleAccessor.invoke(Ljava/lang/Object;[Ljava/lang/Object;)Ljava/lang/Object;+23 java.base@21.0.7
j  java.lang.reflect.Method.invoke(Ljava/lang/Object;[Ljava/lang/Object;)Ljava/lang/Object;+102 java.base@21.0.7
j  org.codehaus.plexus.classworlds.launcher.Launcher.launchEnhanced([Ljava/lang/String;)V+45
j  org.codehaus.plexus.classworlds.launcher.Launcher.launch([Ljava/lang/String;)V+2
j  org.codehaus.plexus.classworlds.launcher.Launcher.mainWithExitCode([Ljava/lang/String;)I+108
j  org.codehaus.plexus.classworlds.launcher.Launcher.main([Ljava/lang/String;)V+1
v  ~StubRoutines::call_stub 0x000001e6d8ca100d

Compiled method (n/a)   32896  544     n 0       java.lang.ClassLoader::defineClass1 (native)
 total in heap  [0x000001e6d926d390,0x000001e6d926d9f0] = 1632
 relocation     [0x000001e6d926d4f0,0x000001e6d926d528] = 56
 main code      [0x000001e6d926d540,0x000001e6d926d9ef] = 1199
 stub code      [0x000001e6d926d9ef,0x000001e6d926d9f0] = 1

[Constant Pool (empty)]

[MachCode]
[Entry Point]
  # {method} {0x000001e680439a30} 'defineClass1' '(Ljava/lang/ClassLoader;Ljava/lang/String;[BIILjava/security/ProtectionDomain;Ljava/lang/String;)Ljava/lang/Class;' in 'java/lang/ClassLoader'
  # parm0:    rdx:rdx   = 'java/lang/ClassLoader'
  # parm1:    r8:r8     = 'java/lang/String'
  # parm2:    r9:r9     = '[B'
  # parm3:    rdi       = int
  # parm4:    rsi       = int
  # parm5:    rcx:rcx   = 'java/security/ProtectionDomain'
  # parm6:    [sp+0xa0]   = 'java/lang/String'  (sp of caller)
  0x000001e6d926d540: 448b 5208 | 49bb 0000 | 0080 e601 | 0000 4d03 | d349 3bc2 | 0f84 0600 

  0x000001e6d926d558: ;   {runtime_call ic_miss_stub}
  0x000001e6d926d558: 0000 e921 | 12a8 ff90 
[Verified Entry Point]
  0x000001e6d926d560: 8984 2400 | 80ff ff55 | 488b ec48 | 81ec 9000 | 0000 6690 | 4181 7f20 | 0100 0000 

  0x000001e6d926d57c: ;   {runtime_call StubRoutines (final stubs)}
  0x000001e6d926d57c: 7405 e8dd | 77a6 ff48 | 837d 1000 | 488d 4510 | 480f 4445 | 1048 8944 | 2440 4889 | 4c24 7048 
  0x000001e6d926d59c: 83f9 0048 | 8d44 2470 | 480f 4444 | 2470 4889 | 4424 3848 | 8974 2430 | 4889 7c24 | 284c 894c 
  0x000001e6d926d5bc: 2458 4983 | f900 488d | 4424 5848 | 0f44 4424 | 5848 8944 | 2420 4c89 | 4424 5049 | 83f8 004c 
  0x000001e6d926d5dc: 8d4c 2450 | 4c0f 444c | 2450 4889 | 5424 4848 | 83fa 004c | 8d44 2448 | 4c0f 4444 

  0x000001e6d926d5f8: ;   {oop(a 'java/lang/Class'{0x0000000748c641e0} = 'java/lang/ClassLoader')}
  0x000001e6d926d5f8: 2448 49be | e041 c648 | 0700 0000 | 4c89 7424 | 784c 8d74 | 2478 498b | d6c5 f877 

  0x000001e6d926d614: ;   {internal_word}
  0x000001e6d926d614: 49ba 11d6 | 26d9 e601 | 0000 4d89 | 97a0 0300 | 0049 89a7 | 9803 0000 

  0x000001e6d926d62c: ;   {external_word}
  0x000001e6d926d62c: 49ba 2058 | 808f f97f | 0000 4180 | 3a00 0f84 | 4e00 0000 | 5241 5041 

  0x000001e6d926d644: ;   {metadata({method} {0x000001e680439a30} 'defineClass1' '(Ljava/lang/ClassLoader;Ljava/lang/String;[BIILjava/security/ProtectionDomain;Ljava/lang/String;)Ljava/lang/Class;' in 'java/lang/ClassLoader')}
  0x000001e6d926d644: 5148 ba28 | 9a43 80e6 | 0100 0049 | 8bcf 4883 | ec20 40f6 | c40f 0f84 | 1900 0000 | 4883 ec08 
  0x000001e6d926d664: ;   {runtime_call}
  0x000001e6d926d664: 48b8 500d | 318f f97f | 0000 ffd0 | 4883 c408 | e90c 0000 

  0x000001e6d926d678: ;   {runtime_call}
  0x000001e6d926d678: 0048 b850 | 0d31 8ff9 | 7f00 00ff | d048 83c4 | 2041 5941 | 585a 498d | 8fb8 0300 | 0041 c787 
  0x000001e6d926d698: 4404 0000 | 0400 0000 

  0x000001e6d926d6a0: ;   {runtime_call}
  0x000001e6d926d6a0: 48b8 ac16 | bee0 f97f | 0000 ffd0 | c5f8 7741 | c787 4404 | 0000 0500 | 0000 f083 | 4424 c000 
  0x000001e6d926d6c0: 493b af48 | 0400 000f | 870e 0000 | 0041 83bf | 4004 0000 | 000f 842b | 0000 00c5 | f877 4889 
  0x000001e6d926d6e0: 45f8 498b | cf4c 8be4 | 4883 ec20 | 4883 e4f0 

  0x000001e6d926d6f0: ;   {runtime_call}
  0x000001e6d926d6f0: 48b8 30b9 | fc8e f97f | 0000 ffd0 | 498b e44d | 33e4 488b | 45f8 41c7 | 8744 0400 | 0008 0000 
  0x000001e6d926d710: 0041 83bf | c004 0000 | 020f 84a3 

  0x000001e6d926d71c: ;   {external_word}
  0x000001e6d926d71c: 0200 0049 | ba20 5880 | 8ff9 7f00 | 0041 803a | 000f 844c | 0000 0048 

  0x000001e6d926d734: ;   {metadata({method} {0x000001e680439a30} 'defineClass1' '(Ljava/lang/ClassLoader;Ljava/lang/String;[BIILjava/security/ProtectionDomain;Ljava/lang/String;)Ljava/lang/Class;' in 'java/lang/ClassLoader')}
  0x000001e6d926d734: 8945 f848 | ba28 9a43 | 80e6 0100 | 0049 8bcf | 4883 ec20 | 40f6 c40f | 0f84 1900 | 0000 4883 
  0x000001e6d926d754: ;   {runtime_call}
  0x000001e6d926d754: ec08 48b8 | 500d 318f | f97f 0000 | ffd0 4883 | c408 e90c 

  0x000001e6d926d768: ;   {runtime_call}
  0x000001e6d926d768: 0000 0048 | b850 0d31 | 8ff9 7f00 | 00ff d048 | 83c4 2048 | 8b45 f849 | c787 9803 | 0000 0000 
  0x000001e6d926d788: 0000 49c7 | 87a0 0300 | 0000 0000 | 00c5 f877 | 4885 c00f | 84fe 0100 | 00a8 030f | 8508 0000 
  0x000001e6d926d7a8: 0048 8b00 | e9ee 0100 | 00a8 010f | 8509 0000 | 0048 8b40 | fee9 dd01 | 0000 488b | 40ff 4180 
  0x000001e6d926d7c8: 7f40 000f | 84ce 0100 | 0048 83f8 | 000f 84c4 | 0100 0049 | 8b4f 2848 | 83f9 000f | 8414 0000 
  0x000001e6d926d7e8: 0048 83e9 | 0849 894f | 2849 034f | 3848 8901 | e9a2 0100 | 0048 81ec | d000 0000 | 4889 0424 
  0x000001e6d926d808: 4889 4c24 | 0848 8954 | 2410 4889 | 7424 1848 | 897c 2420 | 4c89 4424 | 284c 894c | 2430 4c89 
  0x000001e6d926d828: 5424 384c | 895c 2440 | c5fb 1144 | 2450 c5fb | 114c 2458 | c5fb 1154 | 2460 c5fb | 115c 2468 
  0x000001e6d926d848: c5fb 1164 | 2470 c5fb | 116c 2478 | c5fb 11b4 | 2480 0000 | 00c5 fb11 | bc24 8800 | 0000 c57b 
  0x000001e6d926d868: ;   {no_reloc}
  0x000001e6d926d868: 1184 2490 | 0000 00c5 | 7b11 8c24 | 9800 0000 | c57b 1194 | 24a0 0000 | 00c5 7b11 | 9c24 a800 
  0x000001e6d926d888: 0000 c57b | 11a4 24b0 | 0000 00c5 | 7b11 ac24 | b800 0000 | c57b 11b4 | 24c0 0000 | 00c5 7b11 
  0x000001e6d926d8a8: bc24 c800 | 0000 498b | d748 8bc8 | 4883 ec20 | 40f6 c40f | 0f84 1900 | 0000 4883 

  0x000001e6d926d8c4: ;   {runtime_call}
  0x000001e6d926d8c4: ec08 48b8 | 90f6 ef8e | f97f 0000 | ffd0 4883 | c408 e90c 

  0x000001e6d926d8d8: ;   {runtime_call}
  0x000001e6d926d8d8: 0000 0048 | b890 f6ef | 8ef9 7f00 | 00ff d048 | 83c4 20c5 | 7b10 bc24 | c800 0000 | c57b 10b4 
  0x000001e6d926d8f8: 24c0 0000 | 00c5 7b10 | ac24 b800 | 0000 c57b | 10a4 24b0 | 0000 00c5 | 7b10 9c24 | a800 0000 
  0x000001e6d926d918: c57b 1094 | 24a0 0000 | 00c5 7b10 | 8c24 9800 | 0000 c57b | 1084 2490 | 0000 00c5 | fb10 bc24 
  0x000001e6d926d938: 8800 0000 | c5fb 10b4 | 2480 0000 | 00c5 fb10 | 6c24 78c5 | fb10 6424 | 70c5 fb10 | 5c24 68c5 
  0x000001e6d926d958: fb10 5424 | 60c5 fb10 | 4c24 58c5 | fb10 4424 | 504c 8b5c | 2440 4c8b | 5424 384c | 8b4c 2430 
  0x000001e6d926d978: 4c8b 4424 | 2848 8b7c | 2420 488b | 7424 1848 | 8b54 2410 | 488b 4c24 | 0848 8b04 | 2448 81c4 
  0x000001e6d926d998: d000 0000 | c5f8 7749 | 8b8f 2804 | 0000 c781 | 0001 0000 | 0000 0000 | c949 837f | 0800 0f85 
  0x000001e6d926d9b8: 0100 0000 

  0x000001e6d926d9bc: ;   {runtime_call StubRoutines (initial stubs)}
  0x000001e6d926d9bc: c3e9 3e35 | a3ff c5f8 | 7748 8945 | f84c 8be4 | 4883 ec20 | 4883 e4f0 

  0x000001e6d926d9d4: ;   {runtime_call}
  0x000001e6d926d9d4: 48b8 4045 | 318f f97f | 0000 ffd0 | 498b e44d | 33e4 488b | 45f8 e930 | fdff fff4 
[/MachCode]


Compiled method (c1)   32917  972       3       java.lang.ClassLoader::defineClass (43 bytes)
 total in heap  [0x000001e6d1947890,0x000001e6d19481f8] = 2408
 relocation     [0x000001e6d19479f0,0x000001e6d1947a90] = 160
 main code      [0x000001e6d1947aa0,0x000001e6d1947f50] = 1200
 stub code      [0x000001e6d1947f50,0x000001e6d1947fc8] = 120
 metadata       [0x000001e6d1947fc8,0x000001e6d1947ff8] = 48
 scopes data    [0x000001e6d1947ff8,0x000001e6d19480e8] = 240
 scopes pcs     [0x000001e6d19480e8,0x000001e6d19481c8] = 224
 dependencies   [0x000001e6d19481c8,0x000001e6d19481d0] = 8
 nul chk table  [0x000001e6d19481d0,0x000001e6d19481f8] = 40

[Constant Pool (empty)]

[MachCode]
[Entry Point]
  # {method} {0x000001e680439db0} 'defineClass' '(Ljava/lang/String;[BIILjava/security/ProtectionDomain;)Ljava/lang/Class;' in 'java/lang/ClassLoader'
  # this:     rdx:rdx   = 'java/lang/ClassLoader'
  # parm0:    r8:r8     = 'java/lang/String'
  # parm1:    r9:r9     = '[B'
  # parm2:    rdi       = int
  # parm3:    rsi       = int
  # parm4:    rcx:rcx   = 'java/security/ProtectionDomain'
  #           [sp+0xc0]  (sp of caller)
  0x000001e6d1947aa0: 448b 5208 | 49bb 0000 | 0080 e601 | 0000 4d03 | d34c 3bd0 

  0x000001e6d1947ab4: ;   {runtime_call ic_miss_stub}
  0x000001e6d1947ab4: 0f85 c66c | 3a07 660f | 1f44 0000 
[Verified Entry Point]
  0x000001e6d1947ac0: 8984 2400 | 80ff ff55 | 4881 ecb0 | 0000 0090 | 4181 7f20 | 0100 0000 

  0x000001e6d1947ad8: ;   {runtime_call StubRoutines (final stubs)}
  0x000001e6d1947ad8: 7405 e881 | d238 0748 | 8954 2478 

  0x000001e6d1947ae4: ;   {metadata(method data for {method} {0x000001e680439db0} 'defineClass' '(Ljava/lang/String;[BIILjava/security/ProtectionDomain;)Ljava/lang/Class;' in 'java/lang/ClassLoader')}
  0x000001e6d1947ae4: 48bb d837 | 19e7 e601 | 0000 8b83 | cc00 0000 | 83c0 0289 | 83cc 0000 | 0025 fe07 | 0000 85c0 
  0x000001e6d1947b04: 0f84 6803 | 0000 89b4 | 2494 0000 | 0089 bc24 | 9000 0000 | 4c89 8c24 | 8800 0000 

  0x000001e6d1947b20: ;   {metadata(method data for {method} {0x000001e680439db0} 'defineClass' '(Ljava/lang/String;[BIILjava/security/ProtectionDomain;)Ljava/lang/Class;' in 'java/lang/ClassLoader')}
  0x000001e6d1947b20: 488b da48 | b8d8 3719 | e7e6 0100 | 0048 8380 | 1001 0000 | 0149 8bd8 | 4c8b c34c | 8bc9 488b 
  0x000001e6d1947b40: ca48 8bd1 | 4889 9c24 | 8000 0000 

  0x000001e6d1947b4c: ;   {optimized virtual_call}
  0x000001e6d1947b4c: 6666 90e8 

  0x000001e6d1947b50: ; ImmutableOopMap {[120]=Oop [128]=Oop [136]=Oop }
                      ;*invokevirtual preDefineClass {reexecute=0 rethrow=0 return_oop=0}
                      ; - java.lang.ClassLoader::defineClass@4 (line 1025)
  0x000001e6d1947b50: cca6 fdff 

  0x000001e6d1947b54: ;   {other}
  0x000001e6d1947b54: 0f1f 8400 | c402 0000 | 4889 8424 | 9800 0000 | 488b 5424 

  0x000001e6d1947b68: ;   {metadata(method data for {method} {0x000001e680439db0} 'defineClass' '(Ljava/lang/String;[BIILjava/security/ProtectionDomain;)Ljava/lang/Class;' in 'java/lang/ClassLoader')}
  0x000001e6d1947b68: 7849 b8d8 | 3719 e7e6 | 0100 0049 | 8380 4801 

  0x000001e6d1947b78: ;   {metadata(method data for {method} {0x000001e680439a98} 'defineClassSourceLocation' '(Ljava/security/ProtectionDomain;)Ljava/lang/String;' in 'java/lang/ClassLoader')}
  0x000001e6d1947b78: 0000 0149 | b8b8 d41b | e7e6 0100 | 0041 8b90 | cc00 0000 | 83c2 0241 | 8990 cc00 | 0000 81e2 
  0x000001e6d1947b98: feff 1f00 | 85d2 0f84 | ef02 0000 

  0x000001e6d1947ba4: ; implicit exception: dispatches to 0x000001e6d1947eb4
  0x000001e6d1947ba4: 483b 004c 

  0x000001e6d1947ba8: ;   {metadata(method data for {method} {0x000001e680439a98} 'defineClassSourceLocation' '(Ljava/security/ProtectionDomain;)Ljava/lang/String;' in 'java/lang/ClassLoader')}
  0x000001e6d1947ba8: 8bc0 48ba | b8d4 1be7 | e601 0000 | 4883 8210 | 0100 0001 | 448b 4010 | 49c1 e003 

  0x000001e6d1947bc4: ;   {metadata(method data for {method} {0x000001e680439a98} 'defineClassSourceLocation' '(Ljava/security/ProtectionDomain;)Ljava/lang/String;' in 'java/lang/ClassLoader')}
  0x000001e6d1947bc4: 4d85 c048 | bab8 d41b | e7e6 0100 | 0048 be58 | 0100 0000 | 0000 0075 | 0a48 be48 | 0100 0000 
  0x000001e6d1947be4: 0000 0048 | 8b3c 3248 | 8d7f 0148 | 893c 320f | 850f 0000 

  0x000001e6d1947bf8: ;   {oop(nullptr)}
  0x000001e6d1947bf8: 0048 bb00 | 0000 0000 | 0000 00e9 | af01 0000 

  0x000001e6d1947c08: ; implicit exception: dispatches to 0x000001e6d1947eb9
  0x000001e6d1947c08: 493b 0049 

  0x000001e6d1947c0c: ;   {metadata(method data for {method} {0x000001e680439a98} 'defineClassSourceLocation' '(Ljava/security/ProtectionDomain;)Ljava/lang/String;' in 'java/lang/ClassLoader')}
  0x000001e6d1947c0c: 8bd0 48be | b8d4 1be7 | e601 0000 | 4883 8668 | 0100 0001 | 418b 500c | 48c1 e203 

  0x000001e6d1947c28: ;   {metadata(method data for {method} {0x000001e680439a98} 'defineClassSourceLocation' '(Ljava/security/ProtectionDomain;)Ljava/lang/String;' in 'java/lang/ClassLoader')}
  0x000001e6d1947c28: 4885 d248 | beb8 d41b | e7e6 0100 | 0048 bfb0 | 0100 0000 | 0000 0075 | 0a48 bfa0 | 0100 0000 
  0x000001e6d1947c48: 0000 0048 | 8b1c 3e48 | 8d5b 0148 | 891c 3e0f | 850f 0000 

  0x000001e6d1947c5c: ;   {oop(nullptr)}
  0x000001e6d1947c5c: 0048 bb00 | 0000 0000 | 0000 00e9 | 4b01 0000 

  0x000001e6d1947c6c: ;   {metadata(method data for {method} {0x000001e680439a98} 'defineClassSourceLocation' '(Ljava/security/ProtectionDomain;)Ljava/lang/String;' in 'java/lang/ClassLoader')}
  0x000001e6d1947c6c: 48be b8d4 | 1be7 e601 | 0000 4883 | 86c0 0100 | 0001 483b | 024c 8bc2 

  0x000001e6d1947c84: ;   {metadata(method data for {method} {0x000001e680439a98} 'defineClassSourceLocation' '(Ljava/security/ProtectionDomain;)Ljava/lang/String;' in 'java/lang/ClassLoader')}
  0x000001e6d1947c84: 48be b8d4 | 1be7 e601 | 0000 4883 | 86f8 0100 

  0x000001e6d1947c94: ;   {metadata(method data for {method} {0x000001e68001a7c0} 'toString' '()Ljava/lang/String;' in 'java/net/URL')}
  0x000001e6d1947c94: 0001 49b8 | d80e 17e7 | e601 0000 | 418b b0cc | 0000 0083 | c602 4189 | b0cc 0000 | 0081 e6fe 
  0x000001e6d1947cb4: ff1f 0085 | f60f 8404 | 0200 004c 

  0x000001e6d1947cc0: ;   {metadata(method data for {method} {0x000001e68001a7c0} 'toString' '()Ljava/lang/String;' in 'java/net/URL')}
  0x000001e6d1947cc0: 8bc2 48be | d80e 17e7 | e601 0000 | 4883 8610 | 0100 0001 

  0x000001e6d1947cd4: ;   {metadata(method data for {method} {0x000001e68042d6b0} 'toExternalForm' '()Ljava/lang/String;' in 'java/net/URL')}
  0x000001e6d1947cd4: 49b8 b0bb | 12e7 e601 | 0000 418b | b0cc 0000 | 0083 c602 | 4189 b0cc | 0000 0081 | e6fe ff1f 
  0x000001e6d1947cf4: 0085 f60f | 84e7 0100 | 008b 7238 | 48c1 e603 

  0x000001e6d1947d04: ; implicit exception: dispatches to 0x000001e6d1947f05
  0x000001e6d1947d04: 483b 064c 

  0x000001e6d1947d08: ;   {metadata(method data for {method} {0x000001e68042d6b0} 'toExternalForm' '()Ljava/lang/String;' in 'java/net/URL')}
  0x000001e6d1947d08: 8bc6 48bf | b0bb 12e7 | e601 0000 | 458b 4008 | 49ba 0000 | 0080 e601 | 0000 4d03 | c24c 3b87 
  0x000001e6d1947d28: 2001 0000 | 750d 4883 | 8728 0100 | 0001 e960 | 0000 004c | 3b87 3001 | 0000 750d | 4883 8738 
  0x000001e6d1947d48: 0100 0001 | e94a 0000 | 0048 83bf | 2001 0000 | 0075 174c | 8987 2001 | 0000 48c7 | 8728 0100 
  0x000001e6d1947d68: 0001 0000 | 00e9 2900 | 0000 4883 | bf30 0100 | 0000 7517 | 4c89 8730 | 0100 0048 | c787 3801 
  0x000001e6d1947d88: 0000 0100 | 0000 e908 | 0000 0048 | 8387 1001 | 0000 014c | 8bc2 488b | d666 0f1f 

  0x000001e6d1947da4: ;   {optimized virtual_call}
  0x000001e6d1947da4: 4400 00e8 

  0x000001e6d1947da8: ; ImmutableOopMap {[120]=Oop [128]=Oop [136]=Oop [152]=Oop }
                      ;*invokevirtual toExternalForm {reexecute=0 rethrow=0 return_oop=0}
                      ; - java.net.URL::toExternalForm@5 (line 1203)
                      ; - java.net.URL::toString@1 (line 1189)
                      ; - java.lang.ClassLoader::defineClassSourceLocation@22 (line 927)
                      ; - java.lang.ClassLoader::defineClass@12 (line 1026)
  0x000001e6d1947da8: 7479 f1ff 

  0x000001e6d1947dac: ;   {other}
  0x000001e6d1947dac: 0f1f 8400 | 1c05 0001 | 488b d848 | 8b84 2498 | 0000 008b | b424 9400 | 0000 8bbc | 2490 0000 
  0x000001e6d1947dcc: 004c 8b8c | 2488 0000 | 004c 8b84 | 2480 0000 | 0048 8b54 

  0x000001e6d1947de0: ;   {metadata(method data for {method} {0x000001e680439db0} 'defineClass' '(Ljava/lang/String;[BIILjava/security/ProtectionDomain;)Ljava/lang/Class;' in 'java/lang/ClassLoader')}
  0x000001e6d1947de0: 2478 48b9 | d837 19e7 | e601 0000 | 4883 8180 | 0100 0001 | 4c8b da49 | 8bd3 488b | c848 891c 
  0x000001e6d1947e00: 2466 0f1f 

  0x000001e6d1947e04: ;   {static_call}
  0x000001e6d1947e04: 4400 00e8 

  0x000001e6d1947e08: ; ImmutableOopMap {[120]=Oop [152]=Oop }
                      ;*invokestatic defineClass1 {reexecute=0 rethrow=0 return_oop=0}
                      ; - java.lang.ClassLoader::defineClass@27 (line 1027)
  0x000001e6d1947e08: 5457 9207 

  0x000001e6d1947e0c: ;   {other}
  0x000001e6d1947e0c: 0f1f 8400 | 7c05 0002 | 488b 5424 

  0x000001e6d1947e18: ;   {metadata(method data for {method} {0x000001e680439db0} 'defineClass' '(Ljava/lang/String;[BIILjava/security/ProtectionDomain;)Ljava/lang/Class;' in 'java/lang/ClassLoader')}
  0x000001e6d1947e18: 7849 b8d8 | 3719 e7e6 | 0100 0049 | 8380 9001 | 0000 014c | 8bc0 4c8b | 8c24 9800 | 0000 488b 
  0x000001e6d1947e38: 5424 7848 | 8984 24a0 | 0000 000f 

  0x000001e6d1947e44: ;   {optimized virtual_call}
  0x000001e6d1947e44: 1f40 00e8 

  0x000001e6d1947e48: ; ImmutableOopMap {[160]=Oop }
                      ;*invokevirtual postDefineClass {reexecute=0 rethrow=0 return_oop=0}
                      ; - java.lang.ClassLoader::defineClass@37 (line 1028)
  0x000001e6d1947e48: d44d faff 

  0x000001e6d1947e4c: ;   {other}
  0x000001e6d1947e4c: 0f1f 8400 | bc05 0003 | 488b 8424 | a000 0000 | 4881 c4b0 | 0000 005d 

  0x000001e6d1947e64: ;   {poll_return}
  0x000001e6d1947e64: 493b a748 | 0400 000f | 8799 0000 

  0x000001e6d1947e70: ;   {metadata({method} {0x000001e680439db0} 'defineClass' '(Ljava/lang/String;[BIILjava/security/ProtectionDomain;)Ljava/lang/Class;' in 'java/lang/ClassLoader')}
  0x000001e6d1947e70: 00c3 49ba | a89d 4380 | e601 0000 | 4c89 5424 | 0848 c704 | 24ff ffff 

  0x000001e6d1947e88: ;   {runtime_call counter_overflow Runtime1 stub}
  0x000001e6d1947e88: ffe8 f22c 

  0x000001e6d1947e8c: ; ImmutableOopMap {rdx=Oop r8=Oop r9=Oop rcx=Oop [120]=Oop }
                      ;*synchronization entry
                      ; - java.lang.ClassLoader::defineClass@-1 (line 1025)
  0x000001e6d1947e8c: 4707 e977 

  0x000001e6d1947e90: ;   {metadata({method} {0x000001e680439a98} 'defineClassSourceLocation' '(Ljava/security/ProtectionDomain;)Ljava/lang/String;' in 'java/lang/ClassLoader')}
  0x000001e6d1947e90: fcff ff49 | ba90 9a43 | 80e6 0100 | 004c 8954 | 2408 48c7 | 0424 ffff 

  0x000001e6d1947ea8: ;   {runtime_call counter_overflow Runtime1 stub}
  0x000001e6d1947ea8: ffff e8d1 

  0x000001e6d1947eac: ; ImmutableOopMap {rax=Oop [120]=Oop [128]=Oop [136]=Oop [152]=Oop }
                      ;*synchronization entry
                      ; - java.lang.ClassLoader::defineClassSourceLocation@-1 (line 924)
                      ; - java.lang.ClassLoader::defineClass@12 (line 1026)
  0x000001e6d1947eac: 2c47 07e9 | f0fc ffff 

  0x000001e6d1947eb4: ;   {runtime_call throw_null_pointer_exception Runtime1 stub}
  0x000001e6d1947eb4: e847 f046 

  0x000001e6d1947eb8: ; ImmutableOopMap {rax=Oop [120]=Oop [128]=Oop [136]=Oop [152]=Oop }
                      ;*invokevirtual getCodeSource {reexecute=0 rethrow=0 return_oop=0}
                      ; - java.lang.ClassLoader::defineClassSourceLocation@1 (line 924)
                      ; - java.lang.ClassLoader::defineClass@12 (line 1026)
                      ;   {runtime_call throw_null_pointer_exception Runtime1 stub}
  0x000001e6d1947eb8: 07e8 42f0 

  0x000001e6d1947ebc: ; ImmutableOopMap {rax=Oop r8=Oop [120]=Oop [128]=Oop [136]=Oop [152]=Oop }
                      ;*invokevirtual getLocation {reexecute=0 rethrow=0 return_oop=0}
                      ; - java.lang.ClassLoader::defineClassSourceLocation@12 (line 926)
                      ; - java.lang.ClassLoader::defineClass@12 (line 1026)
                      ;   {runtime_call throw_null_pointer_exception Runtime1 stub}
  0x000001e6d1947ebc: 4607 e83d 

  0x000001e6d1947ec0: ; ImmutableOopMap {rdx=Oop [120]=Oop [128]=Oop [136]=Oop [152]=Oop }
                      ;*invokevirtual toString {reexecute=0 rethrow=0 return_oop=0}
                      ; - java.lang.ClassLoader::defineClassSourceLocation@22 (line 927)
                      ; - java.lang.ClassLoader::defineClass@12 (line 1026)
                      ;   {metadata({method} {0x000001e68001a7c0} 'toString' '()Ljava/lang/String;' in 'java/net/URL')}
  0x000001e6d1947ec0: f046 0749 | bab8 a701 | 80e6 0100 | 004c 8954 | 2408 48c7 | 0424 ffff 

  0x000001e6d1947ed8: ;   {runtime_call counter_overflow Runtime1 stub}
  0x000001e6d1947ed8: ffff e8a1 

  0x000001e6d1947edc: ; ImmutableOopMap {rdx=Oop [120]=Oop [128]=Oop [136]=Oop [152]=Oop }
                      ;*synchronization entry
                      ; - java.net.URL::toString@-1 (line 1189)
                      ; - java.lang.ClassLoader::defineClassSourceLocation@22 (line 927)
                      ; - java.lang.ClassLoader::defineClass@12 (line 1026)
  0x000001e6d1947edc: 2c47 07e9 | dbfd ffff 

  0x000001e6d1947ee4: ;   {metadata({method} {0x000001e68042d6b0} 'toExternalForm' '()Ljava/lang/String;' in 'java/net/URL')}
  0x000001e6d1947ee4: 49ba a8d6 | 4280 e601 | 0000 4c89 | 5424 0848 | c704 24ff 

  0x000001e6d1947ef8: ;   {runtime_call counter_overflow Runtime1 stub}
  0x000001e6d1947ef8: ffff ffe8 

  0x000001e6d1947efc: ; ImmutableOopMap {rdx=Oop [120]=Oop [128]=Oop [136]=Oop [152]=Oop }
                      ;*synchronization entry
                      ; - java.net.URL::toExternalForm@-1 (line 1203)
                      ; - java.net.URL::toString@1 (line 1189)
                      ; - java.lang.ClassLoader::defineClassSourceLocation@22 (line 927)
                      ; - java.lang.ClassLoader::defineClass@12 (line 1026)
  0x000001e6d1947efc: 802c 4707 | e9f8 fdff 

  0x000001e6d1947f04: ;   {runtime_call throw_null_pointer_exception Runtime1 stub}
  0x000001e6d1947f04: ffe8 f6ef 

  0x000001e6d1947f08: ; ImmutableOopMap {rdx=Oop rsi=Oop [120]=Oop [128]=Oop [136]=Oop [152]=Oop }
                      ;*invokevirtual toExternalForm {reexecute=0 rethrow=0 return_oop=0}
                      ; - java.net.URL::toExternalForm@5 (line 1203)
                      ; - java.net.URL::toString@1 (line 1189)
                      ; - java.lang.ClassLoader::defineClassSourceLocation@22 (line 927)
                      ; - java.lang.ClassLoader::defineClass@12 (line 1026)
                      ;   {internal_word}
  0x000001e6d1947f08: 4607 49ba | 647e 94d1 | e601 0000 | 4d89 9760 

  0x000001e6d1947f18: ;   {runtime_call SafepointBlob}
  0x000001e6d1947f18: 0400 00e9 | e0d7 3a07 | 498b 87f8 | 0400 0049 | c787 f804 | 0000 0000 | 0000 49c7 | 8700 0500 
  0x000001e6d1947f38: 0000 0000 | 0048 81c4 | b000 0000 

  0x000001e6d1947f44: ;   {runtime_call unwind_exception Runtime1 stub}
  0x000001e6d1947f44: 5de9 36bc | 4607 f4f4 | f4f4 f4f4 
[Stub Code]
  0x000001e6d1947f50: ;   {no_reloc}
  0x000001e6d1947f50: 0f1f 4400 

  0x000001e6d1947f54: ;   {static_stub}
  0x000001e6d1947f54: 0048 bb00 | 0000 0000 

  0x000001e6d1947f5c: ;   {runtime_call}
  0x000001e6d1947f5c: 0000 00e9 | fbff ffff 

  0x000001e6d1947f64: ;   {static_stub}
  0x000001e6d1947f64: 48bb 0000 | 0000 0000 

  0x000001e6d1947f6c: ;   {runtime_call}
  0x000001e6d1947f6c: 0000 e9fb 

  0x000001e6d1947f70: ;   {static_stub}
  0x000001e6d1947f70: ffff ff48 | bb00 0000 | 0000 0000 

  0x000001e6d1947f7c: ;   {runtime_call}
  0x000001e6d1947f7c: 00e9 fbff 

  0x000001e6d1947f80: ;   {static_stub}
  0x000001e6d1947f80: ffff 48bb | 0000 0000 | 0000 0000 

  0x000001e6d1947f8c: ;   {runtime_call}
  0x000001e6d1947f8c: e9fb ffff 

  0x000001e6d1947f90: ;   {runtime_call handle_exception_from_callee Runtime1 stub}
  0x000001e6d1947f90: ffe8 6ad7 

  0x000001e6d1947f94: ;   {external_word}
  0x000001e6d1947f94: 4607 48b9 | b048 588f | f97f 0000 | 4883 e4f0 

  0x000001e6d1947fa4: ;   {runtime_call}
  0x000001e6d1947fa4: 48b8 202f | 208f f97f | 0000 ffd0 

  0x000001e6d1947fb0: ;   {section_word}
  0x000001e6d1947fb0: f449 bab1 | 7f94 d1e6 | 0100 0041 

  0x000001e6d1947fbc: ;   {runtime_call DeoptimizationBlob}
  0x000001e6d1947fbc: 52e9 dec9 | 3a07 f4f4 | f4f4 f4f4 
[/MachCode]


Compiled method (c1)   33062  921       3       java.security.SecureClassLoader::defineClass (16 bytes)
 total in heap  [0x000001e6d1933d10,0x000001e6d1934110] = 1024
 relocation     [0x000001e6d1933e70,0x000001e6d1933ec0] = 80
 main code      [0x000001e6d1933ec0,0x000001e6d1934018] = 344
 stub code      [0x000001e6d1934018,0x000001e6d1934068] = 80
 metadata       [0x000001e6d1934068,0x000001e6d1934070] = 8
 scopes data    [0x000001e6d1934070,0x000001e6d19340b8] = 72
 scopes pcs     [0x000001e6d19340b8,0x000001e6d1934108] = 80
 dependencies   [0x000001e6d1934108,0x000001e6d1934110] = 8

[Constant Pool (empty)]

[MachCode]
[Entry Point]
  # {method} {0x000001e68004d370} 'defineClass' '(Ljava/lang/String;[BIILjava/security/CodeSource;)Ljava/lang/Class;' in 'java/security/SecureClassLoader'
  # this:     rdx:rdx   = 'java/security/SecureClassLoader'
  # parm0:    r8:r8     = 'java/lang/String'
  # parm1:    r9:r9     = '[B'
  # parm2:    rdi       = int
  # parm3:    rsi       = int
  # parm4:    rcx:rcx   = 'java/security/CodeSource'
  #           [sp+0x80]  (sp of caller)
  0x000001e6d1933ec0: 448b 5208 | 49bb 0000 | 0080 e601 | 0000 4d03 | d34c 3bd0 

  0x000001e6d1933ed4: ;   {runtime_call ic_miss_stub}
  0x000001e6d1933ed4: 0f85 a6a8 | 3b07 660f | 1f44 0000 
[Verified Entry Point]
  0x000001e6d1933ee0: 8984 2400 | 80ff ff55 | 4883 ec70 | 4181 7f20 | 0100 0000 

  0x000001e6d1933ef4: ;   {runtime_call StubRoutines (final stubs)}
  0x000001e6d1933ef4: 7405 e865 

  0x000001e6d1933ef8: ;   {metadata(method data for {method} {0x000001e68004d370} 'defineClass' '(Ljava/lang/String;[BIILjava/security/CodeSource;)Ljava/lang/Class;' in 'java/security/SecureClassLoader')}
  0x000001e6d1933ef8: 0e3a 0748 | bb38 a617 | e7e6 0100 | 008b 83cc | 0000 0083 | c002 8983 | cc00 0000 | 25fe 0700 
  0x000001e6d1933f18: 0085 c00f | 8496 0000 | 0089 7424 | 5c89 7c24 | 584c 894c | 2450 4c89 | 4424 4848 

  0x000001e6d1933f34: ;   {metadata(method data for {method} {0x000001e68004d370} 'defineClass' '(Ljava/lang/String;[BIILjava/security/CodeSource;)Ljava/lang/Class;' in 'java/security/SecureClassLoader')}
  0x000001e6d1933f34: 8bda 48b8 | 38a6 17e7 | e601 0000 | 4883 8010 | 0100 0001 | 4c8b c148 | 8bc2 488b | d048 8944 
  0x000001e6d1933f54: ;   {optimized virtual_call}
  0x000001e6d1933f54: 2440 90e8 

  0x000001e6d1933f58: ; ImmutableOopMap {[64]=Oop [72]=Oop [80]=Oop }
                      ;*invokevirtual getProtectionDomain {reexecute=0 rethrow=0 return_oop=0}
                      ; - java.security.SecureClassLoader::defineClass@9 (line 150)
  0x000001e6d1933f58: c4c8 feff 

  0x000001e6d1933f5c: ;   {other}
  0x000001e6d1933f5c: 0f1f 8400 | 4c02 0000 | 488b 5424 

  0x000001e6d1933f68: ;   {metadata(method data for {method} {0x000001e68004d370} 'defineClass' '(Ljava/lang/String;[BIILjava/security/CodeSource;)Ljava/lang/Class;' in 'java/security/SecureClassLoader')}
  0x000001e6d1933f68: 4049 b838 | a617 e7e6 | 0100 0049 | 8380 4801 | 0000 014c | 8b44 2448 | 4c8b 4c24 | 508b 7c24 
  0x000001e6d1933f88: 588b 7424 | 5c48 8bc8 | 488b 5424 

  0x000001e6d1933f94: ;   {optimized virtual_call}
  0x000001e6d1933f94: 4066 90e8 

  0x000001e6d1933f98: ; ImmutableOopMap {}
                      ;*invokevirtual defineClass {reexecute=0 rethrow=0 return_oop=0}
                      ; - java.security.SecureClassLoader::defineClass@12 (line 150)
  0x000001e6d1933f98: 243b 0100 

  0x000001e6d1933f9c: ;   {other}
  0x000001e6d1933f9c: 0f1f 8400 | 8c02 0001 | 4883 c470 

  0x000001e6d1933fa8: ;   {poll_return}
  0x000001e6d1933fa8: 5d49 3ba7 | 4804 0000 | 0f87 2200 

  0x000001e6d1933fb4: ;   {metadata({method} {0x000001e68004d370} 'defineClass' '(Ljava/lang/String;[BIILjava/security/CodeSource;)Ljava/lang/Class;' in 'java/security/SecureClassLoader')}
  0x000001e6d1933fb4: 0000 c349 | ba68 d304 | 80e6 0100 | 004c 8954 | 2408 48c7 | 0424 ffff 

  0x000001e6d1933fcc: ;   {runtime_call counter_overflow Runtime1 stub}
  0x000001e6d1933fcc: ffff e8ad 

  0x000001e6d1933fd0: ; ImmutableOopMap {rdx=Oop r8=Oop r9=Oop rcx=Oop }
                      ;*synchronization entry
                      ; - java.security.SecureClassLoader::defineClass@-1 (line 150)
  0x000001e6d1933fd0: 6b48 07e9 | 49ff ffff 

  0x000001e6d1933fd8: ;   {internal_word}
  0x000001e6d1933fd8: 49ba a93f | 93d1 e601 | 0000 4d89 | 9760 0400 

  0x000001e6d1933fe8: ;   {runtime_call SafepointBlob}
  0x000001e6d1933fe8: 00e9 1217 | 3c07 498b | 87f8 0400 | 0049 c787 | f804 0000 | 0000 0000 | 49c7 8700 | 0500 0000 
  0x000001e6d1934008: 0000 0048 | 83c4 705d 

  0x000001e6d1934010: ;   {runtime_call unwind_exception Runtime1 stub}
  0x000001e6d1934010: e96b fb47 | 07f4 f4f4 
[Stub Code]
  0x000001e6d1934018: ;   {no_reloc}
  0x000001e6d1934018: 48bb 0000 | 0000 0000 

  0x000001e6d1934020: ;   {runtime_call}
  0x000001e6d1934020: 0000 e9fb 

  0x000001e6d1934024: ;   {static_stub}
  0x000001e6d1934024: ffff ff48 | bba8 9d43 | 80e6 0100 

  0x000001e6d1934030: ;   {runtime_call I2C/C2I adapters}
  0x000001e6d1934030: 00e9 3fd1 

  0x000001e6d1934034: ;   {runtime_call handle_exception_from_callee Runtime1 stub}
  0x000001e6d1934034: 3a07 e8c5 

  0x000001e6d1934038: ;   {external_word}
  0x000001e6d1934038: 1648 0748 | b9b0 4858 | 8ff9 7f00 | 0048 83e4 

  0x000001e6d1934048: ;   {runtime_call}
  0x000001e6d1934048: f048 b820 | 2f20 8ff9 | 7f00 00ff 

  0x000001e6d1934054: ;   {section_word}
  0x000001e6d1934054: d0f4 49ba | 5640 93d1 | e601 0000 

  0x000001e6d1934060: ;   {runtime_call DeoptimizationBlob}
  0x000001e6d1934060: 4152 e939 | 093c 07f4 
[/MachCode]


---------------  P R O C E S S  ---------------

Threads class SMR info:
_java_thread_list=0x000001e6eb3c8b90, length=11, elements={
0x000001e6c70ef120, 0x000001e6e6dfafa0, 0x000001e6e6dfbda0, 0x000001e6e6dff9f0,
0x000001e6e6e00950, 0x000001e6e6e01b40, 0x000001e6e6e02590, 0x000001e6e6e078e0,
0x000001e6e6e09c40, 0x000001e6eb0b8930, 0x000001e6eb0ba3a0
}

Java Threads: ( => current thread )
=>0x000001e6c70ef120 JavaThread "main"                              [_thread_in_vm, id=13048, stack(0x00000049d6200000,0x00000049d6300000) (1024K)]
  0x000001e6e6dfafa0 JavaThread "Reference Handler"          daemon [_thread_blocked, id=32048, stack(0x00000049d6a00000,0x00000049d6b00000) (1024K)]
  0x000001e6e6dfbda0 JavaThread "Finalizer"                  daemon [_thread_blocked, id=32132, stack(0x00000049d6b00000,0x00000049d6c00000) (1024K)]
  0x000001e6e6dff9f0 JavaThread "Signal Dispatcher"          daemon [_thread_blocked, id=31248, stack(0x00000049d6c00000,0x00000049d6d00000) (1024K)]
  0x000001e6e6e00950 JavaThread "Attach Listener"            daemon [_thread_blocked, id=30052, stack(0x00000049d6d00000,0x00000049d6e00000) (1024K)]
  0x000001e6e6e01b40 JavaThread "Service Thread"             daemon [_thread_blocked, id=31564, stack(0x00000049d6e00000,0x00000049d6f00000) (1024K)]
  0x000001e6e6e02590 JavaThread "Monitor Deflation Thread"   daemon [_thread_blocked, id=32188, stack(0x00000049d6f00000,0x00000049d7000000) (1024K)]
  0x000001e6e6e078e0 JavaThread "C2 CompilerThread0"         daemon [_thread_in_native, id=32372, stack(0x00000049d7000000,0x00000049d7100000) (1024K)]
  0x000001e6e6e09c40 JavaThread "C1 CompilerThread0"         daemon [_thread_blocked, id=6312, stack(0x00000049d7100000,0x00000049d7200000) (1024K)]
  0x000001e6eb0b8930 JavaThread "Notification Thread"        daemon [_thread_blocked, id=31864, stack(0x00000049d7200000,0x00000049d7300000) (1024K)]
  0x000001e6eb0ba3a0 JavaThread "Common-Cleaner"             daemon [_thread_blocked, id=29708, stack(0x00000049d7300000,0x00000049d7400000) (1024K)]
Total: 11

Other Threads:
  0x000001e6e6ddf3d0 VMThread "VM Thread"                           [id=15036, stack(0x00000049d6900000,0x00000049d6a00000) (1024K)]
  0x000001e6e6dc9c00 WatcherThread "VM Periodic Task Thread"        [id=4708, stack(0x00000049d6800000,0x00000049d6900000) (1024K)]
  0x000001e6c931fdd0 WorkerThread "GC Thread#0"                     [id=32220, stack(0x00000049d6300000,0x00000049d6400000) (1024K)]
  0x000001e6ebd24610 WorkerThread "GC Thread#1"                     [id=15024, stack(0x00000049d7400000,0x00000049d7500000) (1024K)]
  0x000001e6ebac7a80 WorkerThread "GC Thread#2"                     [id=28168, stack(0x00000049d7500000,0x00000049d7600000) (1024K)]
  0x000001e6ebac7e20 WorkerThread "GC Thread#3"                     [id=10320, stack(0x00000049d7600000,0x00000049d7700000) (1024K)]
  0x000001e6eb0560a0 WorkerThread "GC Thread#4"                     [id=24056, stack(0x00000049d7700000,0x00000049d7800000) (1024K)]
  0x000001e6eb73ccb0 WorkerThread "GC Thread#5"                     [id=6904, stack(0x00000049d7800000,0x00000049d7900000) (1024K)]
  0x000001e6eb73d050 WorkerThread "GC Thread#6"                     [id=2020, stack(0x00000049d7900000,0x00000049d7a00000) (1024K)]
  0x000001e6eb73d3f0 WorkerThread "GC Thread#7"                     [id=16168, stack(0x00000049d7a00000,0x00000049d7b00000) (1024K)]
  0x000001e6c932cc10 ConcurrentGCThread "G1 Main Marker"            [id=32140, stack(0x00000049d6400000,0x00000049d6500000) (1024K)]
  0x000001e6c932d620 WorkerThread "G1 Conc#0"                       [id=32064, stack(0x00000049d6500000,0x00000049d6600000) (1024K)]
  0x000001e6c939e4d0 ConcurrentGCThread "G1 Refine#0"               [id=16688, stack(0x00000049d6600000,0x00000049d6700000) (1024K)]
  0x000001e6e6ca0240 ConcurrentGCThread "G1 Service"                [id=32196, stack(0x00000049d6700000,0x00000049d6800000) (1024K)]
Total: 14

Threads with active compile tasks:
C2 CompilerThread0    33073 2733   !   4       java.net.URL::<init> (543 bytes)
Total: 1

VM state: not at safepoint (normal execution)

VM Mutex/Monitor currently owned by a thread:  ([mutex/lock_event])
[0x00007ff98f81be50] Metaspace_lock - owner thread: 0x000001e6c70ef120

Heap address: 0x0000000748c00000, size: 2932 MB, Compressed Oops mode: Zero based, Oop shift amount: 3

CDS archive(s) mapped at: [0x000001e680000000-0x000001e680c90000-0x000001e680c90000), size 13172736, SharedBaseAddress: 0x000001e680000000, ArchiveRelocationMode: 1.
Compressed class space mapped at: 0x000001e681000000-0x000001e6c1000000, reserved size: 1073741824
Narrow klass base: 0x000001e680000000, Narrow klass shift: 0, Narrow klass range: 0x100000000

GC Precious Log:
 CardTable entry size: 512
 Card Set container configuration: InlinePtr #cards 4 size 8 Array Of Cards #cards 16 size 48 Howl #buckets 8 coarsen threshold 3686 Howl Bitmap #cards 512 size 80 coarsen threshold 460 Card regions per heap region 1 cards per card region 4096
 CPUs: 8 total, 8 available
 Memory: 11723M
 Large Page Support: Disabled
 NUMA Support: Disabled
 Compressed Oops: Enabled (Zero based)
 Heap Region Size: 2M
 Heap Min Capacity: 8M
 Heap Initial Capacity: 184M
 Heap Max Capacity: 2932M
 Pre-touch: Disabled
 Parallel Workers: 8
 Concurrent Workers: 2
 Concurrent Refinement Workers: 8
 Periodic GC: Disabled

Heap:
 garbage-first heap   total 188416K, used 21765K [0x0000000748c00000, 0x0000000800000000)
  region size 2048K, 10 young (20480K), 1 survivors (2048K)
 Metaspace       used 13483K, committed 13696K, reserved 1114112K
  class space    used 1605K, committed 1728K, reserved 1048576K

Heap Regions: E=young(eden), S=young(survivor), O=old, HS=humongous(starts), HC=humongous(continues), CS=collection set, F=free, TAMS=top-at-mark-start, PB=parsable bottom
|   0|0x0000000748c00000, 0x0000000748e00000, 0x0000000748e00000|100%| O|  |TAMS 0x0000000748c00000| PB 0x0000000748c00000| Untracked 
|   1|0x0000000748e00000, 0x0000000748f76fc0, 0x0000000749000000| 73%| O|  |TAMS 0x0000000748e00000| PB 0x0000000748e00000| Untracked 
|   2|0x0000000749000000, 0x0000000749000000, 0x0000000749200000|  0%| F|  |TAMS 0x0000000749000000| PB 0x0000000749000000| Untracked 
|   3|0x0000000749200000, 0x0000000749200000, 0x0000000749400000|  0%| F|  |TAMS 0x0000000749200000| PB 0x0000000749200000| Untracked 
|   4|0x0000000749400000, 0x0000000749400000, 0x0000000749600000|  0%| F|  |TAMS 0x0000000749400000| PB 0x0000000749400000| Untracked 
|   5|0x0000000749600000, 0x0000000749600000, 0x0000000749800000|  0%| F|  |TAMS 0x0000000749600000| PB 0x0000000749600000| Untracked 
|   6|0x0000000749800000, 0x0000000749800000, 0x0000000749a00000|  0%| F|  |TAMS 0x0000000749800000| PB 0x0000000749800000| Untracked 
|   7|0x0000000749a00000, 0x0000000749a00000, 0x0000000749c00000|  0%| F|  |TAMS 0x0000000749a00000| PB 0x0000000749a00000| Untracked 
|   8|0x0000000749c00000, 0x0000000749c00000, 0x0000000749e00000|  0%| F|  |TAMS 0x0000000749c00000| PB 0x0000000749c00000| Untracked 
|   9|0x0000000749e00000, 0x0000000749e00000, 0x000000074a000000|  0%| F|  |TAMS 0x0000000749e00000| PB 0x0000000749e00000| Untracked 
|  10|0x000000074a000000, 0x000000074a000000, 0x000000074a200000|  0%| F|  |TAMS 0x000000074a000000| PB 0x000000074a000000| Untracked 
|  11|0x000000074a200000, 0x000000074a200000, 0x000000074a400000|  0%| F|  |TAMS 0x000000074a200000| PB 0x000000074a200000| Untracked 
|  12|0x000000074a400000, 0x000000074a400000, 0x000000074a600000|  0%| F|  |TAMS 0x000000074a400000| PB 0x000000074a400000| Untracked 
|  13|0x000000074a600000, 0x000000074a600000, 0x000000074a800000|  0%| F|  |TAMS 0x000000074a600000| PB 0x000000074a600000| Untracked 
|  14|0x000000074a800000, 0x000000074a800000, 0x000000074aa00000|  0%| F|  |TAMS 0x000000074a800000| PB 0x000000074a800000| Untracked 
|  15|0x000000074aa00000, 0x000000074aa00000, 0x000000074ac00000|  0%| F|  |TAMS 0x000000074aa00000| PB 0x000000074aa00000| Untracked 
|  16|0x000000074ac00000, 0x000000074ac00000, 0x000000074ae00000|  0%| F|  |TAMS 0x000000074ac00000| PB 0x000000074ac00000| Untracked 
|  17|0x000000074ae00000, 0x000000074ae00000, 0x000000074b000000|  0%| F|  |TAMS 0x000000074ae00000| PB 0x000000074ae00000| Untracked 
|  18|0x000000074b000000, 0x000000074b000000, 0x000000074b200000|  0%| F|  |TAMS 0x000000074b000000| PB 0x000000074b000000| Untracked 
|  19|0x000000074b200000, 0x000000074b200000, 0x000000074b400000|  0%| F|  |TAMS 0x000000074b200000| PB 0x000000074b200000| Untracked 
|  20|0x000000074b400000, 0x000000074b400000, 0x000000074b600000|  0%| F|  |TAMS 0x000000074b400000| PB 0x000000074b400000| Untracked 
|  21|0x000000074b600000, 0x000000074b600000, 0x000000074b800000|  0%| F|  |TAMS 0x000000074b600000| PB 0x000000074b600000| Untracked 
|  22|0x000000074b800000, 0x000000074b800000, 0x000000074ba00000|  0%| F|  |TAMS 0x000000074b800000| PB 0x000000074b800000| Untracked 
|  23|0x000000074ba00000, 0x000000074ba00000, 0x000000074bc00000|  0%| F|  |TAMS 0x000000074ba00000| PB 0x000000074ba00000| Untracked 
|  24|0x000000074bc00000, 0x000000074bc00000, 0x000000074be00000|  0%| F|  |TAMS 0x000000074bc00000| PB 0x000000074bc00000| Untracked 
|  25|0x000000074be00000, 0x000000074be00000, 0x000000074c000000|  0%| F|  |TAMS 0x000000074be00000| PB 0x000000074be00000| Untracked 
|  26|0x000000074c000000, 0x000000074c000000, 0x000000074c200000|  0%| F|  |TAMS 0x000000074c000000| PB 0x000000074c000000| Untracked 
|  27|0x000000074c200000, 0x000000074c200000, 0x000000074c400000|  0%| F|  |TAMS 0x000000074c200000| PB 0x000000074c200000| Untracked 
|  28|0x000000074c400000, 0x000000074c400000, 0x000000074c600000|  0%| F|  |TAMS 0x000000074c400000| PB 0x000000074c400000| Untracked 
|  29|0x000000074c600000, 0x000000074c600000, 0x000000074c800000|  0%| F|  |TAMS 0x000000074c600000| PB 0x000000074c600000| Untracked 
|  30|0x000000074c800000, 0x000000074c800000, 0x000000074ca00000|  0%| F|  |TAMS 0x000000074c800000| PB 0x000000074c800000| Untracked 
|  31|0x000000074ca00000, 0x000000074ca00000, 0x000000074cc00000|  0%| F|  |TAMS 0x000000074ca00000| PB 0x000000074ca00000| Untracked 
|  32|0x000000074cc00000, 0x000000074cc00000, 0x000000074ce00000|  0%| F|  |TAMS 0x000000074cc00000| PB 0x000000074cc00000| Untracked 
|  33|0x000000074ce00000, 0x000000074ce00000, 0x000000074d000000|  0%| F|  |TAMS 0x000000074ce00000| PB 0x000000074ce00000| Untracked 
|  34|0x000000074d000000, 0x000000074d000000, 0x000000074d200000|  0%| F|  |TAMS 0x000000074d000000| PB 0x000000074d000000| Untracked 
|  35|0x000000074d200000, 0x000000074d200000, 0x000000074d400000|  0%| F|  |TAMS 0x000000074d200000| PB 0x000000074d200000| Untracked 
|  36|0x000000074d400000, 0x000000074d400000, 0x000000074d600000|  0%| F|  |TAMS 0x000000074d400000| PB 0x000000074d400000| Untracked 
|  37|0x000000074d600000, 0x000000074d600000, 0x000000074d800000|  0%| F|  |TAMS 0x000000074d600000| PB 0x000000074d600000| Untracked 
|  38|0x000000074d800000, 0x000000074d800000, 0x000000074da00000|  0%| F|  |TAMS 0x000000074d800000| PB 0x000000074d800000| Untracked 
|  39|0x000000074da00000, 0x000000074da00000, 0x000000074dc00000|  0%| F|  |TAMS 0x000000074da00000| PB 0x000000074da00000| Untracked 
|  40|0x000000074dc00000, 0x000000074dc00000, 0x000000074de00000|  0%| F|  |TAMS 0x000000074dc00000| PB 0x000000074dc00000| Untracked 
|  41|0x000000074de00000, 0x000000074de00000, 0x000000074e000000|  0%| F|  |TAMS 0x000000074de00000| PB 0x000000074de00000| Untracked 
|  42|0x000000074e000000, 0x000000074e000000, 0x000000074e200000|  0%| F|  |TAMS 0x000000074e000000| PB 0x000000074e000000| Untracked 
|  43|0x000000074e200000, 0x000000074e200000, 0x000000074e400000|  0%| F|  |TAMS 0x000000074e200000| PB 0x000000074e200000| Untracked 
|  44|0x000000074e400000, 0x000000074e400000, 0x000000074e600000|  0%| F|  |TAMS 0x000000074e400000| PB 0x000000074e400000| Untracked 
|  45|0x000000074e600000, 0x000000074e600000, 0x000000074e800000|  0%| F|  |TAMS 0x000000074e600000| PB 0x000000074e600000| Untracked 
|  46|0x000000074e800000, 0x000000074e800000, 0x000000074ea00000|  0%| F|  |TAMS 0x000000074e800000| PB 0x000000074e800000| Untracked 
|  47|0x000000074ea00000, 0x000000074ea00000, 0x000000074ec00000|  0%| F|  |TAMS 0x000000074ea00000| PB 0x000000074ea00000| Untracked 
|  48|0x000000074ec00000, 0x000000074ec00000, 0x000000074ee00000|  0%| F|  |TAMS 0x000000074ec00000| PB 0x000000074ec00000| Untracked 
|  49|0x000000074ee00000, 0x000000074ee00000, 0x000000074f000000|  0%| F|  |TAMS 0x000000074ee00000| PB 0x000000074ee00000| Untracked 
|  50|0x000000074f000000, 0x000000074f000000, 0x000000074f200000|  0%| F|  |TAMS 0x000000074f000000| PB 0x000000074f000000| Untracked 
|  51|0x000000074f200000, 0x000000074f200000, 0x000000074f400000|  0%| F|  |TAMS 0x000000074f200000| PB 0x000000074f200000| Untracked 
|  52|0x000000074f400000, 0x000000074f400000, 0x000000074f600000|  0%| F|  |TAMS 0x000000074f400000| PB 0x000000074f400000| Untracked 
|  53|0x000000074f600000, 0x000000074f600000, 0x000000074f800000|  0%| F|  |TAMS 0x000000074f600000| PB 0x000000074f600000| Untracked 
|  54|0x000000074f800000, 0x000000074f800000, 0x000000074fa00000|  0%| F|  |TAMS 0x000000074f800000| PB 0x000000074f800000| Untracked 
|  55|0x000000074fa00000, 0x000000074fa00000, 0x000000074fc00000|  0%| F|  |TAMS 0x000000074fa00000| PB 0x000000074fa00000| Untracked 
|  56|0x000000074fc00000, 0x000000074fc00000, 0x000000074fe00000|  0%| F|  |TAMS 0x000000074fc00000| PB 0x000000074fc00000| Untracked 
|  57|0x000000074fe00000, 0x000000074fe00000, 0x0000000750000000|  0%| F|  |TAMS 0x000000074fe00000| PB 0x000000074fe00000| Untracked 
|  58|0x0000000750000000, 0x0000000750000000, 0x0000000750200000|  0%| F|  |TAMS 0x0000000750000000| PB 0x0000000750000000| Untracked 
|  59|0x0000000750200000, 0x0000000750200000, 0x0000000750400000|  0%| F|  |TAMS 0x0000000750200000| PB 0x0000000750200000| Untracked 
|  60|0x0000000750400000, 0x0000000750400000, 0x0000000750600000|  0%| F|  |TAMS 0x0000000750400000| PB 0x0000000750400000| Untracked 
|  61|0x0000000750600000, 0x0000000750600000, 0x0000000750800000|  0%| F|  |TAMS 0x0000000750600000| PB 0x0000000750600000| Untracked 
|  62|0x0000000750800000, 0x0000000750800000, 0x0000000750a00000|  0%| F|  |TAMS 0x0000000750800000| PB 0x0000000750800000| Untracked 
|  63|0x0000000750a00000, 0x0000000750a00000, 0x0000000750c00000|  0%| F|  |TAMS 0x0000000750a00000| PB 0x0000000750a00000| Untracked 
|  64|0x0000000750c00000, 0x0000000750c00000, 0x0000000750e00000|  0%| F|  |TAMS 0x0000000750c00000| PB 0x0000000750c00000| Untracked 
|  65|0x0000000750e00000, 0x0000000750e00000, 0x0000000751000000|  0%| F|  |TAMS 0x0000000750e00000| PB 0x0000000750e00000| Untracked 
|  66|0x0000000751000000, 0x0000000751000000, 0x0000000751200000|  0%| F|  |TAMS 0x0000000751000000| PB 0x0000000751000000| Untracked 
|  67|0x0000000751200000, 0x0000000751200000, 0x0000000751400000|  0%| F|  |TAMS 0x0000000751200000| PB 0x0000000751200000| Untracked 
|  68|0x0000000751400000, 0x0000000751400000, 0x0000000751600000|  0%| F|  |TAMS 0x0000000751400000| PB 0x0000000751400000| Untracked 
|  69|0x0000000751600000, 0x0000000751600000, 0x0000000751800000|  0%| F|  |TAMS 0x0000000751600000| PB 0x0000000751600000| Untracked 
|  70|0x0000000751800000, 0x0000000751800000, 0x0000000751a00000|  0%| F|  |TAMS 0x0000000751800000| PB 0x0000000751800000| Untracked 
|  71|0x0000000751a00000, 0x0000000751a00000, 0x0000000751c00000|  0%| F|  |TAMS 0x0000000751a00000| PB 0x0000000751a00000| Untracked 
|  72|0x0000000751c00000, 0x0000000751c00000, 0x0000000751e00000|  0%| F|  |TAMS 0x0000000751c00000| PB 0x0000000751c00000| Untracked 
|  73|0x0000000751e00000, 0x0000000751fca698, 0x0000000752000000| 89%| S|CS|TAMS 0x0000000751e00000| PB 0x0000000751e00000| Complete 
|  74|0x0000000752000000, 0x0000000752000000, 0x0000000752200000|  0%| F|  |TAMS 0x0000000752000000| PB 0x0000000752000000| Untracked 
|  75|0x0000000752200000, 0x0000000752200000, 0x0000000752400000|  0%| F|  |TAMS 0x0000000752200000| PB 0x0000000752200000| Untracked 
|  76|0x0000000752400000, 0x0000000752400000, 0x0000000752600000|  0%| F|  |TAMS 0x0000000752400000| PB 0x0000000752400000| Untracked 
|  77|0x0000000752600000, 0x0000000752600000, 0x0000000752800000|  0%| F|  |TAMS 0x0000000752600000| PB 0x0000000752600000| Untracked 
|  78|0x0000000752800000, 0x0000000752800000, 0x0000000752a00000|  0%| F|  |TAMS 0x0000000752800000| PB 0x0000000752800000| Untracked 
|  79|0x0000000752a00000, 0x0000000752a00000, 0x0000000752c00000|  0%| F|  |TAMS 0x0000000752a00000| PB 0x0000000752a00000| Untracked 
|  80|0x0000000752c00000, 0x0000000752c00000, 0x0000000752e00000|  0%| F|  |TAMS 0x0000000752c00000| PB 0x0000000752c00000| Untracked 
|  81|0x0000000752e00000, 0x0000000752e00000, 0x0000000753000000|  0%| F|  |TAMS 0x0000000752e00000| PB 0x0000000752e00000| Untracked 
|  82|0x0000000753000000, 0x0000000753000000, 0x0000000753200000|  0%| F|  |TAMS 0x0000000753000000| PB 0x0000000753000000| Untracked 
|  83|0x0000000753200000, 0x0000000753400000, 0x0000000753400000|100%| E|  |TAMS 0x0000000753200000| PB 0x0000000753200000| Complete 
|  84|0x0000000753400000, 0x0000000753600000, 0x0000000753600000|100%| E|CS|TAMS 0x0000000753400000| PB 0x0000000753400000| Complete 
|  85|0x0000000753600000, 0x0000000753800000, 0x0000000753800000|100%| E|CS|TAMS 0x0000000753600000| PB 0x0000000753600000| Complete 
|  86|0x0000000753800000, 0x0000000753a00000, 0x0000000753a00000|100%| E|CS|TAMS 0x0000000753800000| PB 0x0000000753800000| Complete 
|  87|0x0000000753a00000, 0x0000000753c00000, 0x0000000753c00000|100%| E|CS|TAMS 0x0000000753a00000| PB 0x0000000753a00000| Complete 
|  88|0x0000000753c00000, 0x0000000753e00000, 0x0000000753e00000|100%| E|CS|TAMS 0x0000000753c00000| PB 0x0000000753c00000| Complete 
|  89|0x0000000753e00000, 0x0000000754000000, 0x0000000754000000|100%| E|CS|TAMS 0x0000000753e00000| PB 0x0000000753e00000| Complete 
|  90|0x0000000754000000, 0x0000000754200000, 0x0000000754200000|100%| E|CS|TAMS 0x0000000754000000| PB 0x0000000754000000| Complete 
|  91|0x0000000754200000, 0x0000000754400000, 0x0000000754400000|100%| E|CS|TAMS 0x0000000754200000| PB 0x0000000754200000| Complete 

Card table byte_map: [0x000001e6e1070000,0x000001e6e1630000] _byte_map_base: 0x000001e6dd62a000

Marking Bits: (CMBitMap*) 0x000001e6c93203e0
 Bits: [0x000001e6e1630000, 0x000001e6e4400000)

Polling page: 0x000001e6c7430000

Metaspace:

Usage:
  Non-class:     11.60 MB used.
      Class:      1.57 MB used.
       Both:     13.17 MB used.

Virtual space:
  Non-class space:       64.00 MB reserved,      11.69 MB ( 18%) committed,  1 nodes.
      Class space:        1.00 GB reserved,       1.69 MB ( <1%) committed,  1 nodes.
             Both:        1.06 GB reserved,      13.38 MB (  1%) committed. 

Chunk freelists:
   Non-Class:  3.55 MB
       Class:  14.16 MB
        Both:  17.70 MB

MaxMetaspaceSize: unlimited
CompressedClassSpaceSize: 1.00 GB
Initial GC threshold: 21.00 MB
Current GC threshold: 21.00 MB
CDS: on
 - commit_granule_bytes: 65536.
 - commit_granule_words: 8192.
 - virtual_space_node_default_size: 8388608.
 - enlarge_chunks_in_place: 1.
 - use_allocation_guard: 0.


Internal statistics:

num_allocs_failed_limit: 0.
num_arena_births: 132.
num_arena_deaths: 0.
num_vsnodes_births: 2.
num_vsnodes_deaths: 0.
num_space_committed: 214.
num_space_uncommitted: 0.
num_chunks_returned_to_freelist: 0.
num_chunks_taken_from_freelist: 556.
num_chunk_merges: 0.
num_chunk_splits: 401.
num_chunks_enlarged: 333.
num_inconsistent_stats: 0.

CodeHeap 'non-profiled nmethods': size=120000Kb used=1062Kb max_used=1062Kb free=118937Kb
 bounds [0x000001e6d9240000, 0x000001e6d94b0000, 0x000001e6e0770000]
CodeHeap 'profiled nmethods': size=120000Kb used=5550Kb max_used=5550Kb free=114449Kb
 bounds [0x000001e6d1770000, 0x000001e6d1ce0000, 0x000001e6d8ca0000]
CodeHeap 'non-nmethods': size=5760Kb used=1378Kb max_used=1395Kb free=4381Kb
 bounds [0x000001e6d8ca0000, 0x000001e6d8f10000, 0x000001e6d9240000]
 total_blobs=3203 nmethods=2728 adapters=379
 compilation: enabled
              stopped_count=0, restarted_count=0
 full_count=0

Compilation events (20 events):
Event: 32.032 Thread 0x000001e6e6e09c40 nmethod 2720 0x000001e6d1cd8790 code [0x000001e6d1cd8940, 0x000001e6d1cd8b18]
Event: 32.033 Thread 0x000001e6e6e09c40 2724       3       java.util.concurrent.ConcurrentHashMap$EntryIterator::next (5 bytes)
Event: 32.034 Thread 0x000001e6e6e09c40 nmethod 2724 0x000001e6d1cd8c10 code [0x000001e6d1cd8dc0, 0x000001e6d1cd8ef8]
Event: 32.034 Thread 0x000001e6e6e09c40 2725       3       java.util.concurrent.ConcurrentHashMap$EntryIterator::next (51 bytes)
Event: 32.034 Thread 0x000001e6e6e09c40 nmethod 2725 0x000001e6d1cd8f90 code [0x000001e6d1cd9180, 0x000001e6d1cd96c8]
Event: 32.238 Thread 0x000001e6e6e09c40 2726       3       java.lang.StringLatin1::toChars (16 bytes)
Event: 32.238 Thread 0x000001e6e6e09c40 nmethod 2726 0x000001e6d1cd9890 code [0x000001e6d1cd9a40, 0x000001e6d1cd9c20]
Event: 32.240 Thread 0x000001e6e6e078e0 2727       4       java.lang.Character::isHighSurrogate (18 bytes)
Event: 32.240 Thread 0x000001e6e6e078e0 nmethod 2727 0x000001e6d9349590 code [0x000001e6d9349720, 0x000001e6d93497a8]
Event: 32.240 Thread 0x000001e6e6e078e0 2728       4       org.codehaus.plexus.util.xml.pull.MXParser::isValidCodePoint (65 bytes)
Event: 32.241 Thread 0x000001e6e6e078e0 nmethod 2728 0x000001e6d9349890 code [0x000001e6d9349a20, 0x000001e6d9349ae8]
Event: 32.320 Thread 0x000001e6e6e09c40 2729       3       java.util.regex.Pattern::isSupplementary (21 bytes)
Event: 32.320 Thread 0x000001e6e6e09c40 nmethod 2729 0x000001e6d1cd9d10 code [0x000001e6d1cd9ec0, 0x000001e6d1cda130]
Event: 32.320 Thread 0x000001e6e6e09c40 2731       3       java.util.regex.Pattern$Slice::match (79 bytes)
Event: 32.321 Thread 0x000001e6e6e09c40 nmethod 2731 0x000001e6d1cda210 code [0x000001e6d1cda400, 0x000001e6d1cda8a0]
Event: 32.321 Thread 0x000001e6e6e09c40 2732       3       org.codehaus.plexus.util.xml.pull.MXParser::more (106 bytes)
Event: 32.321 Thread 0x000001e6e6e09c40 nmethod 2732 0x000001e6d1cdaa90 code [0x000001e6d1cdace0, 0x000001e6d1cdb410]
Event: 32.321 Thread 0x000001e6e6e09c40 2730       3       java.lang.Character::isSurrogate (18 bytes)
Event: 32.322 Thread 0x000001e6e6e09c40 nmethod 2730 0x000001e6d1cdb710 code [0x000001e6d1cdb8a0, 0x000001e6d1cdba20]
Event: 32.327 Thread 0x000001e6e6e078e0 2733   !   4       java.net.URL::<init> (543 bytes)

GC Heap History (4 events):
Event: 21.078 GC heap before
{Heap before GC invocations=0 (full 0):
 garbage-first heap   total 188416K, used 20480K [0x0000000748c00000, 0x0000000800000000)
  region size 2048K, 11 young (22528K), 0 survivors (0K)
 Metaspace       used 5612K, committed 5824K, reserved 1114112K
  class space    used 645K, committed 768K, reserved 1048576K
}
Event: 21.948 GC heap after
{Heap after GC invocations=1 (full 0):
 garbage-first heap   total 188416K, used 3840K [0x0000000748c00000, 0x0000000800000000)
  region size 2048K, 2 young (4096K), 2 survivors (4096K)
 Metaspace       used 5612K, committed 5824K, reserved 1114112K
  class space    used 645K, committed 768K, reserved 1048576K
}
Event: 27.315 GC heap before
{Heap before GC invocations=1 (full 0):
 garbage-first heap   total 188416K, used 36608K [0x0000000748c00000, 0x0000000800000000)
  region size 2048K, 18 young (36864K), 2 survivors (4096K)
 Metaspace       used 9775K, committed 9984K, reserved 1114112K
  class space    used 1146K, committed 1216K, reserved 1048576K
}
Event: 27.325 GC heap after
{Heap after GC invocations=2 (full 0):
 garbage-first heap   total 188416K, used 5381K [0x0000000748c00000, 0x0000000800000000)
  region size 2048K, 1 young (2048K), 1 survivors (2048K)
 Metaspace       used 9775K, committed 9984K, reserved 1114112K
  class space    used 1146K, committed 1216K, reserved 1048576K
}

Dll operation events (8 events):
Event: 0.901 Loaded shared library C:\Program Files\Java\jdk-21\bin\java.dll
Event: 2.954 Loaded shared library C:\Program Files\Java\jdk-21\bin\jsvml.dll
Event: 11.182 Loaded shared library C:\Program Files\Java\jdk-21\bin\net.dll
Event: 11.186 Loaded shared library C:\Program Files\Java\jdk-21\bin\nio.dll
Event: 11.201 Loaded shared library C:\Program Files\Java\jdk-21\bin\zip.dll
Event: 12.155 Loaded shared library C:\Users\2oleg\Downloads\apache-maven-3.9.11-bin\apache-maven-3.9.11\lib\jansi-native\Windows\x86_64\jansi.dll
Event: 12.212 Loaded shared library C:\Program Files\Java\jdk-21\bin\verify.dll
Event: 12.267 Loaded shared library C:\Program Files\Java\jdk-21\bin\jimage.dll

Deoptimization events (20 events):
Event: 31.888 Thread 0x000001e6c70ef120 Uncommon trap: trap_request=0xffffff45 fr.pc=0x000001e6d930e1e4 relative=0x0000000000000324
Event: 31.888 Thread 0x000001e6c70ef120 Uncommon trap: reason=unstable_if action=reinterpret pc=0x000001e6d930e1e4 method=jdk.internal.org.objectweb.asm.SymbolTable.put(Ljdk/internal/org/objectweb/asm/SymbolTable$Entry;)Ljdk/internal/org/objectweb/asm/SymbolTable$Entry; @ 13 c2
Event: 31.888 Thread 0x000001e6c70ef120 DEOPT PACKING pc=0x000001e6d930e1e4 sp=0x00000049d62f92a0
Event: 31.888 Thread 0x000001e6c70ef120 DEOPT UNPACKING pc=0x000001e6d8cf46a2 sp=0x00000049d62f9220 mode 2
Event: 31.895 Thread 0x000001e6c70ef120 Uncommon trap: trap_request=0xffffffd6 fr.pc=0x000001e6d933e494 relative=0x0000000000000ad4
Event: 31.895 Thread 0x000001e6c70ef120 Uncommon trap: reason=array_check action=maybe_recompile pc=0x000001e6d933e494 method=com.google.inject.internal.MoreTypes$ParameterizedTypeImpl.<init>(Ljava/lang/reflect/Type;Ljava/lang/reflect/Type;[Ljava/lang/reflect/Type;)V @ 200 c2
Event: 31.895 Thread 0x000001e6c70ef120 DEOPT PACKING pc=0x000001e6d933e494 sp=0x00000049d62fad00
Event: 31.895 Thread 0x000001e6c70ef120 DEOPT UNPACKING pc=0x000001e6d8cf46a2 sp=0x00000049d62fac18 mode 2
Event: 32.023 Thread 0x000001e6c70ef120 Uncommon trap: trap_request=0xffffff45 fr.pc=0x000001e6d9343548 relative=0x0000000000000728
Event: 32.023 Thread 0x000001e6c70ef120 Uncommon trap: reason=unstable_if action=reinterpret pc=0x000001e6d9343548 method=org.eclipse.sisu.inject.InjectorBindings.isAssignableFrom(Lcom/google/inject/TypeLiteral;Lcom/google/inject/Binding;)Z @ 15 c2
Event: 32.023 Thread 0x000001e6c70ef120 DEOPT PACKING pc=0x000001e6d9343548 sp=0x00000049d62fd9d0
Event: 32.023 Thread 0x000001e6c70ef120 DEOPT UNPACKING pc=0x000001e6d8cf46a2 sp=0x00000049d62fd990 mode 2
Event: 32.310 Thread 0x000001e6c70ef120 Uncommon trap: trap_request=0xffffff45 fr.pc=0x000001e6d92b1ea8 relative=0x00000000000008a8
Event: 32.310 Thread 0x000001e6c70ef120 Uncommon trap: reason=unstable_if action=reinterpret pc=0x000001e6d92b1ea8 method=sun.nio.cs.StreamDecoder.implRead([CII)I @ 36 c2
Event: 32.310 Thread 0x000001e6c70ef120 DEOPT PACKING pc=0x000001e6d92b1ea8 sp=0x00000049d62fe4a0
Event: 32.310 Thread 0x000001e6c70ef120 DEOPT UNPACKING pc=0x000001e6d8cf46a2 sp=0x00000049d62fe460 mode 2
Event: 32.311 Thread 0x000001e6c70ef120 Uncommon trap: trap_request=0x00000259 fr.pc=0x000001e6d929c588 relative=0x00000000000000e8
Event: 32.311 Thread 0x000001e6c70ef120 Uncommon trap: reason=unloaded action=reinterpret pc=0x000001e6d929c588 method=org.codehaus.plexus.util.xml.pull.MXParser.more()C @ 22 c2
Event: 32.311 Thread 0x000001e6c70ef120 DEOPT PACKING pc=0x000001e6d929c588 sp=0x00000049d62fe850
Event: 32.311 Thread 0x000001e6c70ef120 DEOPT UNPACKING pc=0x000001e6d8cf46a2 sp=0x00000049d62fe7f0 mode 2

Classes loaded (20 events):
Event: 31.756 Loading class java/security/SecureRandomSpi done
Event: 31.756 Loading class sun/security/provider/DRBG done
Event: 31.757 Loading class java/security/DrbgParameters$Capability
Event: 31.757 Loading class java/security/DrbgParameters$Capability done
Event: 31.757 Loading class sun/security/provider/MoreDrbgParameters
Event: 31.757 Loading class sun/security/provider/MoreDrbgParameters done
Event: 31.758 Loading class java/security/DrbgParameters
Event: 31.758 Loading class java/security/DrbgParameters done
Event: 31.758 Loading class java/security/DrbgParameters$Instantiation
Event: 31.758 Loading class java/security/DrbgParameters$Instantiation done
Event: 31.758 Loading class sun/security/provider/HashDrbg
Event: 31.758 Loading class sun/security/provider/AbstractHashDrbg
Event: 31.758 Loading class sun/security/provider/AbstractDrbg
Event: 31.758 Loading class sun/security/provider/AbstractDrbg done
Event: 31.758 Loading class sun/security/provider/AbstractHashDrbg done
Event: 31.758 Loading class sun/security/provider/HashDrbg done
Event: 31.759 Loading class sun/security/provider/EntropySource
Event: 31.759 Loading class sun/security/provider/EntropySource done
Event: 32.319 Loading class java/lang/ProcessEnvironment$CheckedKeySet
Event: 32.319 Loading class java/lang/ProcessEnvironment$CheckedKeySet done

Classes unloaded (0 events):
No events

Classes redefined (0 events):
No events

Internal exceptions (20 events):
Event: 19.657 Thread 0x000001e6c70ef120 Exception <a 'java/lang/NoSuchMethodError'{0x00000007535e9878}: 'java.lang.Object java.lang.invoke.DirectMethodHandle$Holder.invokeInterface(java.lang.Object, java.lang.Object)'> (0x00000007535e9878) 
thrown [s\open\src\hotspot\share\interpreter\linkResolver.cpp, line 773]
Event: 19.823 Thread 0x000001e6c70ef120 Exception <a 'java/lang/NoSuchMethodError'{0x000000075328dd30}: 'int java.lang.invoke.DirectMethodHandle$Holder.invokeStatic(java.lang.Object, java.lang.Object, java.lang.Object, java.lang.Object)'> (0x000000075328dd30) 
thrown [s\open\src\hotspot\share\interpreter\linkResolver.cpp, line 773]
Event: 19.824 Thread 0x000001e6c70ef120 Exception <a 'java/lang/NoSuchMethodError'{0x00000007532913c0}: 'java.lang.Object java.lang.invoke.Invokers$Holder.invokeExact_MT(java.lang.Object, java.lang.Object, java.lang.Object, java.lang.Object, java.lang.Object, java.lang.Object)'> (0x00000007532913c0) 
thrown [s\open\src\hotspot\share\interpreter\linkResolver.cpp, line 773]
Event: 19.828 Thread 0x000001e6c70ef120 Exception <a 'java/lang/NoSuchMethodError'{0x000000075329fa68}: 'int java.lang.invoke.DirectMethodHandle$Holder.invokeSpecialIFC(java.lang.Object, java.lang.Object, java.lang.Object, java.lang.Object, java.lang.Object)'> (0x000000075329fa68) 
thrown [s\open\src\hotspot\share\interpreter\linkResolver.cpp, line 773]
Event: 20.258 Thread 0x000001e6c70ef120 Exception <a 'java/lang/NoSuchMethodError'{0x0000000753045368}: 'java.lang.Object java.lang.invoke.DirectMethodHandle$Holder.newInvokeSpecial(java.lang.Object, java.lang.Object, java.lang.Object, java.lang.Object, java.lang.Object)'> (0x0000000753045368) 
thrown [s\open\src\hotspot\share\interpreter\linkResolver.cpp, line 773]
Event: 20.478 Thread 0x000001e6c70ef120 Exception <a 'java/lang/NoSuchMethodError'{0x0000000753166198}: 'int java.lang.invoke.DirectMethodHandle$Holder.invokeStaticInit(java.lang.Object, java.lang.Object)'> (0x0000000753166198) 
thrown [s\open\src\hotspot\share\interpreter\linkResolver.cpp, line 773]
Event: 20.619 Thread 0x000001e6c70ef120 Exception <a 'java/lang/NoClassDefFoundError'{0x000000075319e288}: javax/enterprise/inject/Typed> (0x000000075319e288) 
thrown [s\open\src\hotspot\share\classfile\systemDictionary.cpp, line 301]
Event: 28.338 Thread 0x000001e6c70ef120 Exception <a 'java/lang/NoSuchMethodError'{0x0000000753e32158}: 'void java.lang.invoke.DirectMethodHandle$Holder.invokeStaticInit(java.lang.Object, java.lang.Object, java.lang.Object)'> (0x0000000753e32158) 
thrown [s\open\src\hotspot\share\interpreter\linkResolver.cpp, line 773]
Event: 28.347 Thread 0x000001e6c70ef120 Exception <a 'java/lang/ExceptionInInitializerError'{0x0000000753e5ff80}> (0x0000000753e5ff80) 
thrown [s\open\src\hotspot\share\oops\instanceKlass.cpp, line 1192]
Event: 28.450 Thread 0x000001e6c70ef120 Exception <a 'java/lang/NoSuchMethodError'{0x0000000753ecafe0}: 'long java.lang.invoke.DirectMethodHandle$Holder.invokeStatic(java.lang.Object, java.lang.Object, int)'> (0x0000000753ecafe0) 
thrown [s\open\src\hotspot\share\interpreter\linkResolver.cpp, line 773]
Event: 28.452 Thread 0x000001e6c70ef120 Exception <a 'java/lang/NoSuchMethodError'{0x0000000753ede0b8}: 'java.lang.Object java.lang.invoke.DirectMethodHandle$Holder.invokeStatic(java.lang.Object, java.lang.Object, java.lang.Object, java.lang.Object, int)'> (0x0000000753ede0b8) 
thrown [s\open\src\hotspot\share\interpreter\linkResolver.cpp, line 773]
Event: 28.454 Thread 0x000001e6c70ef120 Exception <a 'java/lang/NoSuchMethodError'{0x0000000753ee5ff0}: 'java.lang.Object java.lang.invoke.DirectMethodHandle$Holder.invokeSpecial(java.lang.Object, java.lang.Object, java.lang.Object, java.lang.Object, long)'> (0x0000000753ee5ff0) 
thrown [s\open\src\hotspot\share\interpreter\linkResolver.cpp, line 773]
Event: 28.456 Thread 0x000001e6c70ef120 Exception <a 'java/lang/NoSuchMethodError'{0x0000000753ef1b10}: 'java.lang.Object java.lang.invoke.DirectMethodHandle$Holder.invokeSpecial(java.lang.Object, java.lang.Object, java.lang.Object, int, java.lang.Object)'> (0x0000000753ef1b10) 
thrown [s\open\src\hotspot\share\interpreter\linkResolver.cpp, line 773]
Event: 28.457 Thread 0x000001e6c70ef120 Exception <a 'java/lang/NoSuchMethodError'{0x0000000753ef9c50}: 'int java.lang.invoke.DirectMethodHandle$Holder.invokeSpecial(java.lang.Object, java.lang.Object, java.lang.Object, int)'> (0x0000000753ef9c50) 
thrown [s\open\src\hotspot\share\interpreter\linkResolver.cpp, line 773]
Event: 28.466 Thread 0x000001e6c70ef120 Implicit null exception at 0x000001e6d92cc15d to 0x000001e6d92cc368
Event: 28.470 Thread 0x000001e6c70ef120 Exception <a 'java/lang/NoSuchMethodError'{0x0000000753f1e5c0}: 'java.lang.Object java.lang.invoke.Invokers$Holder.invokeExact_MT(java.lang.Object, int, java.lang.Object)'> (0x0000000753f1e5c0) 
thrown [s\open\src\hotspot\share\interpreter\linkResolver.cpp, line 773]
Event: 30.459 Thread 0x000001e6c70ef120 Exception <a 'java/lang/NoSuchMethodError'{0x0000000753723c58}: 'void java.lang.invoke.Invokers$Holder.invokeExact_MT(java.lang.Object, java.lang.Object, java.lang.Object, java.lang.Object)'> (0x0000000753723c58) 
thrown [s\open\src\hotspot\share\interpreter\linkResolver.cpp, line 773]
Event: 30.715 Thread 0x000001e6c70ef120 Exception <a 'java/lang/NoClassDefFoundError'{0x00000007537b3db0}: com/google/inject/servlet/ServletModuleTargetVisitor> (0x00000007537b3db0) 
thrown [s\open\src\hotspot\share\classfile\systemDictionary.cpp, line 301]
Event: 31.445 Thread 0x000001e6c70ef120 Exception <a 'java/lang/NoSuchMethodError'{0x0000000753579360}: 'void java.lang.invoke.DirectMethodHandle$Holder.invokeVirtual(java.lang.Object, java.lang.Object)'> (0x0000000753579360) 
thrown [s\open\src\hotspot\share\interpreter\linkResolver.cpp, line 773]
Event: 31.760 Thread 0x000001e6c70ef120 Exception <a 'java/lang/NoSuchMethodError'{0x00000007535f8c18}: 'java.lang.Object java.lang.invoke.DirectMethodHandle$Holder.invokeStaticInit(java.lang.Object, int, int, int, int)'> (0x00000007535f8c18) 
thrown [s\open\src\hotspot\share\interpreter\linkResolver.cpp, line 773]

ZGC Phase Switch (0 events):
No events

VM Operations (20 events):
Event: 28.358 Executing VM operation: HandshakeAllThreads (Deoptimize)
Event: 28.358 Executing VM operation: HandshakeAllThreads (Deoptimize) done
Event: 28.741 Executing VM operation: HandshakeAllThreads (Deoptimize)
Event: 28.741 Executing VM operation: HandshakeAllThreads (Deoptimize) done
Event: 28.744 Executing VM operation: HandshakeAllThreads (Deoptimize)
Event: 28.744 Executing VM operation: HandshakeAllThreads (Deoptimize) done
Event: 29.114 Executing VM operation: HandshakeAllThreads (Deoptimize)
Event: 29.114 Executing VM operation: HandshakeAllThreads (Deoptimize) done
Event: 30.114 Executing VM operation: Cleanup
Event: 30.115 Executing VM operation: Cleanup done
Event: 30.451 Executing VM operation: HandshakeAllThreads (Deoptimize)
Event: 30.451 Executing VM operation: HandshakeAllThreads (Deoptimize) done
Event: 31.452 Executing VM operation: Cleanup
Event: 31.452 Executing VM operation: Cleanup done
Event: 31.617 Executing VM operation: HandshakeAllThreads (Deoptimize)
Event: 31.617 Executing VM operation: HandshakeAllThreads (Deoptimize) done
Event: 31.886 Executing VM operation: HandshakeAllThreads (Deoptimize)
Event: 31.886 Executing VM operation: HandshakeAllThreads (Deoptimize) done
Event: 32.312 Executing VM operation: HandshakeAllThreads (Deoptimize)
Event: 32.312 Executing VM operation: HandshakeAllThreads (Deoptimize) done

Events (20 events):
Event: 2.946 Thread 0x000001e6e6e078e0 Thread added: 0x000001e6e6e078e0
Event: 2.946 Thread 0x000001e6e6e09c40 Thread added: 0x000001e6e6e09c40
Event: 3.026 Thread 0x000001e6eb0b8930 Thread added: 0x000001e6eb0b8930
Event: 3.297 Thread 0x000001e6eb0ba3a0 Thread added: 0x000001e6eb0ba3a0
Event: 12.151 Thread 0x000001e6eb35d4b0 Thread added: 0x000001e6eb35d4b0
Event: 17.186 Thread 0x000001e6eb35d4b0 Thread exited: 0x000001e6eb35d4b0
Event: 20.651 Thread 0x000001e6ebc08090 Thread added: 0x000001e6ebc08090
Event: 20.713 Thread 0x000001e6eb0555a0 Thread added: 0x000001e6eb0555a0
Event: 21.071 Thread 0x000001e6eb0555a0 Thread exited: 0x000001e6eb0555a0
Event: 21.072 Thread 0x000001e6ebc08090 Thread exited: 0x000001e6ebc08090
Event: 21.950 Thread 0x000001e6ebac81c0 Thread added: 0x000001e6ebac81c0
Event: 21.950 Thread 0x000001e6eb174280 Thread added: 0x000001e6eb174280
Event: 22.427 Thread 0x000001e6eb174280 Thread exited: 0x000001e6eb174280
Event: 22.428 Thread 0x000001e6ebac81c0 Thread exited: 0x000001e6ebac81c0
Event: 23.319 Thread 0x000001e6ebb81e70 Thread added: 0x000001e6ebb81e70
Event: 23.516 Thread 0x000001e6ebb81e70 Thread exited: 0x000001e6ebb81e70
Event: 25.024 Thread 0x000001e6eb238060 Thread added: 0x000001e6eb238060
Event: 25.892 Thread 0x000001e6eb238060 Thread exited: 0x000001e6eb238060
Event: 31.224 Thread 0x000001e6eb5a4c20 Thread added: 0x000001e6eb5a4c20
Event: 31.418 Thread 0x000001e6eb5a4c20 Thread exited: 0x000001e6eb5a4c20


Dynamic libraries:
0x00007ff703c60000 - 0x00007ff703c70000 	C:\Program Files\Java\jdk-21\bin\java.exe
0x00007ff9f5930000 - 0x00007ff9f5b28000 	C:\WINDOWS\SYSTEM32\ntdll.dll
0x00007ff9f5400000 - 0x00007ff9f54c2000 	C:\WINDOWS\System32\KERNEL32.DLL
0x00007ff9f3130000 - 0x00007ff9f3426000 	C:\WINDOWS\System32\KERNELBASE.dll
0x00007ff9e2300000 - 0x00007ff9e2319000 	C:\Program Files\Java\jdk-21\bin\jli.dll
0x00007ff9f3820000 - 0x00007ff9f3920000 	C:\WINDOWS\System32\ucrtbase.dll
0x00007ff9e31d0000 - 0x00007ff9e31eb000 	C:\Program Files\Java\jdk-21\bin\VCRUNTIME140.dll
0x00007ff9f3da0000 - 0x00007ff9f3e51000 	C:\WINDOWS\System32\ADVAPI32.dll
0x00007ff9f5820000 - 0x00007ff9f58be000 	C:\WINDOWS\System32\msvcrt.dll
0x00007ff9f4800000 - 0x00007ff9f489f000 	C:\WINDOWS\System32\sechost.dll
0x00007ff9f3c10000 - 0x00007ff9f3d30000 	C:\WINDOWS\System32\RPCRT4.dll
0x00007ff9f3560000 - 0x00007ff9f3587000 	C:\WINDOWS\System32\bcrypt.dll
0x00007ff9f3f40000 - 0x00007ff9f40e1000 	C:\WINDOWS\System32\USER32.dll
0x00007ff9f3100000 - 0x00007ff9f3122000 	C:\WINDOWS\System32\win32u.dll
0x00007ff9f47c0000 - 0x00007ff9f47eb000 	C:\WINDOWS\System32\GDI32.dll
0x00007ff9f2f90000 - 0x00007ff9f30a9000 	C:\WINDOWS\System32\gdi32full.dll
0x00007ff9f3590000 - 0x00007ff9f362d000 	C:\WINDOWS\System32\msvcp_win.dll
0x00007ff9e4da0000 - 0x00007ff9e503b000 	C:\WINDOWS\WinSxS\amd64_microsoft.windows.common-controls_6595b64144ccf1df_6.0.19041.6456_none_60b8a6cb71f64256\COMCTL32.dll
0x00007ff9ecd10000 - 0x00007ff9ecd1a000 	C:\WINDOWS\SYSTEM32\VERSION.dll
0x00007ff9f3f10000 - 0x00007ff9f3f3f000 	C:\WINDOWS\System32\IMM32.DLL
0x00007ff9ed3a0000 - 0x00007ff9ed3ac000 	C:\Program Files\Java\jdk-21\bin\vcruntime140_1.dll
0x00007ff9c7130000 - 0x00007ff9c71be000 	C:\Program Files\Java\jdk-21\bin\msvcp140.dll
0x00007ff98ebe0000 - 0x00007ff98f8fa000 	C:\Program Files\Java\jdk-21\bin\server\jvm.dll
0x00007ff9f4210000 - 0x00007ff9f427b000 	C:\WINDOWS\System32\WS2_32.dll
0x00007ff9e0140000 - 0x00007ff9e0167000 	C:\WINDOWS\SYSTEM32\WINMM.dll
0x00007ff9f2df0000 - 0x00007ff9f2e3b000 	C:\WINDOWS\SYSTEM32\POWRPROF.dll
0x00007ff9f2dd0000 - 0x00007ff9f2de2000 	C:\WINDOWS\SYSTEM32\UMPDC.dll
0x00007ff9f0dc0000 - 0x00007ff9f0dd2000 	C:\WINDOWS\SYSTEM32\kernel.appcore.dll
0x00007ff9ed370000 - 0x00007ff9ed37a000 	C:\Program Files\Java\jdk-21\bin\jimage.dll
0x00007ff9df840000 - 0x00007ff9dfa41000 	C:\WINDOWS\SYSTEM32\DBGHELP.DLL
0x00007ff9dd350000 - 0x00007ff9dd384000 	C:\WINDOWS\SYSTEM32\dbgcore.DLL
0x00007ff9f3630000 - 0x00007ff9f36b2000 	C:\WINDOWS\System32\bcryptPrimitives.dll
0x00007ff9e0be0000 - 0x00007ff9e0bff000 	C:\Program Files\Java\jdk-21\bin\java.dll
0x00007ff9f4930000 - 0x00007ff9f50a0000 	C:\WINDOWS\System32\SHELL32.dll
0x00007ff9f0fc0000 - 0x00007ff9f1765000 	C:\WINDOWS\SYSTEM32\windows.storage.dll
0x00007ff9f50a0000 - 0x00007ff9f53f4000 	C:\WINDOWS\System32\combase.dll
0x00007ff9f28e0000 - 0x00007ff9f290b000 	C:\WINDOWS\SYSTEM32\Wldp.dll
0x00007ff9f46f0000 - 0x00007ff9f47bd000 	C:\WINDOWS\System32\OLEAUT32.dll
0x00007ff9f3920000 - 0x00007ff9f39cd000 	C:\WINDOWS\System32\SHCORE.dll
0x00007ff9f57c0000 - 0x00007ff9f581b000 	C:\WINDOWS\System32\shlwapi.dll
0x00007ff9f2ec0000 - 0x00007ff9f2ee4000 	C:\WINDOWS\SYSTEM32\profapi.dll
0x00007ff9ab440000 - 0x00007ff9ab517000 	C:\Program Files\Java\jdk-21\bin\jsvml.dll
0x00007ff9ebd20000 - 0x00007ff9ebd30000 	C:\Program Files\Java\jdk-21\bin\net.dll
0x00007ff9ec950000 - 0x00007ff9eca5a000 	C:\WINDOWS\SYSTEM32\WINHTTP.dll
0x00007ff9f25f0000 - 0x00007ff9f265a000 	C:\WINDOWS\system32\mswsock.dll
0x00007ff9dbf20000 - 0x00007ff9dbf36000 	C:\Program Files\Java\jdk-21\bin\nio.dll
0x00007ff9d8a60000 - 0x00007ff9d8a78000 	C:\Program Files\Java\jdk-21\bin\zip.dll
0x00007ff9d0da0000 - 0x00007ff9d0dc4000 	C:\Users\2oleg\Downloads\apache-maven-3.9.11-bin\apache-maven-3.9.11\lib\jansi-native\Windows\x86_64\jansi.dll
0x00007ff9e8580000 - 0x00007ff9e8590000 	C:\Program Files\Java\jdk-21\bin\verify.dll

dbghelp: loaded successfully - version: 4.0.5 - missing functions: none
symbol engine: initialized successfully - sym options: 0x614 - pdb path: .;C:\Program Files\Java\jdk-21\bin;C:\WINDOWS\SYSTEM32;C:\WINDOWS\WinSxS\amd64_microsoft.windows.common-controls_6595b64144ccf1df_6.0.19041.6456_none_60b8a6cb71f64256;C:\Program Files\Java\jdk-21\bin\server;C:\Users\2oleg\Downloads\apache-maven-3.9.11-bin\apache-maven-3.9.11\lib\jansi-native\Windows\x86_64

VM Arguments:
jvm_args: -Dclassworlds.conf=C:\Users\2oleg\Downloads\apache-maven-3.9.11-bin\apache-maven-3.9.11\bin\m2.conf -Dmaven.home=C:\Users\2oleg\Downloads\apache-maven-3.9.11-bin\apache-maven-3.9.11 -Dlibrary.jansi.path=C:\Users\2oleg\Downloads\apache-maven-3.9.11-bin\apache-maven-3.9.11\lib\jansi-native -Dmaven.multiModuleProjectDirectory=C:\Users\2oleg\Downloads\Telegram Desktop\Kefir\Backend\TransactionSaga 
java_command: org.codehaus.plexus.classworlds.launcher.Launcher spring-boot:run -Dserver.port=8090 -DskipTests
java_class_path (initial): C:\Users\2oleg\Downloads\apache-maven-3.9.11-bin\apache-maven-3.9.11\boot\plexus-classworlds-2.9.0.jar
Launcher Type: SUN_STANDARD

[Global flags]
     intx CICompilerCount                          = 4                                         {product} {ergonomic}
     uint ConcGCThreads                            = 2                                         {product} {ergonomic}
     uint G1ConcRefinementThreads                  = 8                                         {product} {ergonomic}
   size_t G1HeapRegionSize                         = 2097152                                   {product} {ergonomic}
    uintx GCDrainStackTargetSize                   = 64                                        {product} {ergonomic}
   size_t InitialHeapSize                          = 192937984                                 {product} {ergonomic}
   size_t MarkStackSize                            = 4194304                                   {product} {ergonomic}
   size_t MaxHeapSize                              = 3074424832                                {product} {ergonomic}
   size_t MaxNewSize                               = 1843396608                                {product} {ergonomic}
   size_t MinHeapDeltaBytes                        = 2097152                                   {product} {ergonomic}
   size_t MinHeapSize                              = 8388608                                   {product} {ergonomic}
    uintx NonNMethodCodeHeapSize                   = 5839372                                {pd product} {ergonomic}
    uintx NonProfiledCodeHeapSize                  = 122909434                              {pd product} {ergonomic}
    uintx ProfiledCodeHeapSize                     = 122909434                              {pd product} {ergonomic}
    uintx ReservedCodeCacheSize                    = 251658240                              {pd product} {ergonomic}
     bool SegmentedCodeCache                       = true                                      {product} {ergonomic}
   size_t SoftMaxHeapSize                          = 3074424832                             {manageable} {ergonomic}
     bool UseCompressedOops                        = true                           {product lp64_product} {ergonomic}
     bool UseG1GC                                  = true                                      {product} {ergonomic}
     bool UseLargePagesIndividualAllocation        = false                                  {pd product} {ergonomic}

Logging:
Log output configuration:
 #0: stdout all=warning uptime,level,tags foldmultilines=false
 #1: stderr all=off uptime,level,tags foldmultilines=false

Environment Variables:
JAVA_HOME=C:\Program Files\Java\jdk-21
PATH=C:\Program Files\Common Files\Oracle\Java\javapath;C:\Program Files (x86)\Cuminas\Document Express DjVu Plug-in\;C:\Program Files (x86)\Razer Chroma SDK\bin;C:\Program Files\Razer Chroma SDK\bin;C:\WINDOWS\system32;C:\WINDOWS;C:\WINDOWS\System32\Wbem;C:\WINDOWS\System32\WindowsPowerShell\v1.0\;C:\WINDOWS\System32\OpenSSH\;C:\Program Files (x86)\NVIDIA Corporation\PhysX\Common;C:\WINDOWS\system32\config\systemprofile\AppData\Local\Microsoft\WindowsApps;C:\Program Files (x86)\Razer\ChromaBroadcast\bin;C:\Program Files\Razer\ChromaBroadcast\bin;C:\Users\2oleg\AppData\Local\Microsoft\WindowsApps;C:\Program Files\JetBrains\IntelliJ IDEA Community Edition 2024.3\bin;C:\Users\2oleg\AppData\Local\Programs\Microsoft VS Code\bin;C:\Program Files\Docker\Docker\resources\bin;C:\Users\2oleg\Downloads\curl-8.16.0_6-win64-mingw.zip\curl-8.16.0_6-win64-mingw\bin;C:\Users\2oleg\Downloads\curl-8.16.0_6-win64-mingw\curl-8.16.0_6-win64-mingw\bin;C:\Users\2oleg\Downloads\apache-maven-3.9.11-bin\apache-maven-3.9.11\bin;C:\ProgramData\chocolatey\bin;C:\Users\2oleg\AppData\Roaming\Cloud Foundry;C:\Program Files\Git\cmd;C:\Program Files\nodejs\;C:\Users\2oleg\AppData\Local\Muse Hub\lib;C:\Users\2oleg\AppData\Local\Microsoft\WindowsApps;C:\Program Files\JetBrains\IntelliJ IDEA Community Edition 2025.2.4\bin;C:\Users\2oleg\AppData\Local\Programs\Microsoft VS Code\bin;C:\Program Files\jq.exe;C:\Users\2oleg\AppData\Local\Microsoft\WinGet\Packages\jqlang.jq_Microsoft.Winget.Source_8wekyb3d8bbwe;C:\Program Files\Java\jdk-24;C:\Users\2oleg\Downloads\gradle-9.0.0-bin\gradle-9.0.0\bin;C:\Program Files\Docker\Docker\resources\bin;C:\Users\2oleg\AppData\Local\GitHubDesktop\bin;C:\Users\2oleg\AppData\Roaming\npm
USERNAME=2oleg
OS=Windows_NT
PROCESSOR_IDENTIFIER=Intel64 Family 6 Model 60 Stepping 3, GenuineIntel
TMP=C:\Users\2oleg\AppData\Local\Temp
TEMP=C:\Users\2oleg\AppData\Local\Temp




Periodic native trim disabled

---------------  S Y S T E M  ---------------

OS:
 Windows 10 , 64 bit Build 19041 (10.0.19041.5915)
OS uptime: 10 days 12:22 hours
Hyper-V role detected

CPU: total 8 (initial active 8) (4 cores per cpu, 2 threads per core) family 6 model 60 stepping 3 microcode 0x27, cx8, cmov, fxsr, ht, mmx, sse, sse2, sse3, ssse3, sse4.1, sse4.2, popcnt, lzcnt, tsc, tscinvbit, avx, avx2, aes, erms, clmul, bmi1, bmi2, fma, vzeroupper, clflush, hv, rdtscp, f16c
Processor Information for all 8 processors :
  Max Mhz: 2401, Current Mhz: 2401, Mhz Limit: 2401

Memory: 4k page, system-wide physical 11723M (2081M free)
TotalPageFile size 23723M (AvailPageFile size 934M)
current process WorkingSet (physical memory assigned to process): 109M, peak: 109M
current process commit charge ("private bytes"): 294M, peak: 295M

vm_info: Java HotSpot(TM) 64-Bit Server VM (21.0.7+8-LTS-245) for windows-amd64 JRE (21.0.7+8-LTS-245), built on 2025-02-21T05:11:27Z by "mach5one" with MS VC++ 17.6 (VS2022)

END.
