#
# There is insufficient memory for the Java Runtime Environment to continue.
# Native memory allocation (malloc) failed to allocate 1004736 bytes for Chunk::new
# Possible reasons:
#   The system is out of physical RAM or swap space
#   The process is running with CompressedOops enabled, and the Java Heap may be blocking the growth of the native heap
# Possible solutions:
#   Reduce memory load on the system
#   Increase physical memory or swap space
#   Check if swap backing store is full
#   Decrease Java heap size (-Xmx/-Xms)
#   Decrease number of Java threads
#   Decrease Java thread stack sizes (-Xss)
#   Set larger code cache with -XX:ReservedCodeCacheSize=
#   JVM is running with Zero Based Compressed Oops mode in which the Java heap is
#     placed in the first 32GB address space. The Java Heap base address is the
#     maximum limit for the native heap growth. Please use -XX:HeapBaseMinAddress
#     to set the Java Heap base and to place the Java Heap above 32GB virtual address.
# This output file may be truncated or incomplete.
#
#  Out of Memory Error (arena.cpp:168), pid=28224, tid=26892
#
# JRE version: Java(TM) SE Runtime Environment (21.0.7+8) (build 21.0.7+8-LTS-245)
# Java VM: Java HotSpot(TM) 64-Bit Server VM (21.0.7+8-LTS-245, mixed mode, tiered, compressed oops, compressed class ptrs, g1 gc, windows-amd64)
# No core dump will be written. Minidumps are not enabled by default on client versions of Windows
#

---------------  S U M M A R Y ------------

Command Line: --enable-native-access=ALL-UNNAMED -Dclassworlds.conf=C:\Users\2oleg\Downloads\apache-maven-3.9.11-bin\apache-maven-3.9.11\bin\m2.conf -Dmaven.home=C:\Users\2oleg\Downloads\apache-maven-3.9.11-bin\apache-maven-3.9.11 -Dlibrary.jansi.path=C:\Users\2oleg\Downloads\apache-maven-3.9.11-bin\apache-maven-3.9.11\lib\jansi-native -Dmaven.multiModuleProjectDirectory=C:\Users\2oleg\Downloads\Telegram Desktop\Kefir\Backend\TransactionSaga org.codehaus.plexus.classworlds.launcher.Launcher spring-boot:run -Dserver.port=8090 -DskipTests

Host: Intel(R) Core(TM) i7-4700HQ CPU @ 2.40GHz, 8 cores, 11G,  Windows 10 , 64 bit Build 19041 (10.0.19041.5915)
Time: Sat Dec 13 01:35:18 2025 RTZ 2 (s 10 , 64 bit Build 19041 (10.0.19041.5915) elapsed time: 22.066394 seconds (0d 0h 0m 22s)

---------------  T H R E A D  ---------------

Current thread (0x000002332fb22760):  JavaThread "C2 CompilerThread0" daemon [_thread_in_native, id=26892, stack(0x000000bd87400000,0x000000bd87500000) (1024K)]


Current CompileTask:
C2:  22066 4038   !   4       org.codehaus.plexus.interpolation.StringSearchInterpolator::interpolate (692 bytes)

Stack: [0x000000bd87400000,0x000000bd87500000]
Native frames: (J=compiled Java code, j=interpreted, Vv=VM code, C=native code)
V  [jvm.dll+0x6cae19]
V  [jvm.dll+0x855741]
V  [jvm.dll+0x857c6e]
V  [jvm.dll+0x858343]
V  [jvm.dll+0x27e0b6]
V  [jvm.dll+0xc4ecd]
V  [jvm.dll+0xc5403]
V  [jvm.dll+0x2f145d]
V  [jvm.dll+0x5f5a8a]
V  [jvm.dll+0x24fbc2]
V  [jvm.dll+0x24ff7f]
V  [jvm.dll+0x248a9c]
V  [jvm.dll+0x246004]
V  [jvm.dll+0x1c6efe]
V  [jvm.dll+0x255819]
V  [jvm.dll+0x253daa]
V  [jvm.dll+0x3eebb6]
V  [jvm.dll+0x7ffa1b]
V  [jvm.dll+0x6c94fd]
C  [ucrtbase.dll+0x21bb2]
C  [KERNEL32.DLL+0x17374]
C  [ntdll.dll+0x4cc91]


---------------  P R O C E S S  ---------------

Threads class SMR info:
_java_thread_list=0x0000023334744b00, length=12, elements={
0x000002330fba3710, 0x000002332fb2fb90, 0x000002332fb307e0, 0x000002332fb1bad0,
0x000002332fb1c520, 0x000002332fb1cf70, 0x000002332fb1d9c0, 0x000002332fb22760,
0x000002332fb26920, 0x000002332fc38730, 0x000002332fc6f860, 0x00000233346d0690
}

Java Threads: ( => current thread )
  0x000002330fba3710 JavaThread "main"                              [_thread_in_Java, id=23572, stack(0x000000bd86600000,0x000000bd86700000) (1024K)]
  0x000002332fb2fb90 JavaThread "Reference Handler"          daemon [_thread_blocked, id=29524, stack(0x000000bd86e00000,0x000000bd86f00000) (1024K)]
  0x000002332fb307e0 JavaThread "Finalizer"                  daemon [_thread_blocked, id=27208, stack(0x000000bd86f00000,0x000000bd87000000) (1024K)]
  0x000002332fb1bad0 JavaThread "Signal Dispatcher"          daemon [_thread_blocked, id=19460, stack(0x000000bd87000000,0x000000bd87100000) (1024K)]
  0x000002332fb1c520 JavaThread "Attach Listener"            daemon [_thread_blocked, id=5512, stack(0x000000bd87100000,0x000000bd87200000) (1024K)]
  0x000002332fb1cf70 JavaThread "Service Thread"             daemon [_thread_blocked, id=18184, stack(0x000000bd87200000,0x000000bd87300000) (1024K)]
  0x000002332fb1d9c0 JavaThread "Monitor Deflation Thread"   daemon [_thread_blocked, id=8944, stack(0x000000bd87300000,0x000000bd87400000) (1024K)]
=>0x000002332fb22760 JavaThread "C2 CompilerThread0"         daemon [_thread_in_native, id=26892, stack(0x000000bd87400000,0x000000bd87500000) (1024K)]
  0x000002332fb26920 JavaThread "C1 CompilerThread0"         daemon [_thread_in_native, id=11688, stack(0x000000bd87500000,0x000000bd87600000) (1024K)]
  0x000002332fc38730 JavaThread "Notification Thread"        daemon [_thread_blocked, id=16460, stack(0x000000bd87600000,0x000000bd87700000) (1024K)]
  0x000002332fc6f860 JavaThread "Common-Cleaner"             daemon [_thread_blocked, id=28712, stack(0x000000bd87700000,0x000000bd87800000) (1024K)]
  0x00000233346d0690 JavaThread "Thread-1"                   daemon [_thread_blocked, id=27232, stack(0x000000bd87900000,0x000000bd87a00000) (1024K)]
Total: 12

Other Threads:
  0x000002332f9a1290 VMThread "VM Thread"                           [id=20352, stack(0x000000bd86d00000,0x000000bd86e00000) (1024K)]
  0x000002332f91eeb0 WatcherThread "VM Periodic Task Thread"        [id=7472, stack(0x000000bd86c00000,0x000000bd86d00000) (1024K)]
  0x0000023311e8e5e0 WorkerThread "GC Thread#0"                     [id=9964, stack(0x000000bd86700000,0x000000bd86800000) (1024K)]
  0x0000023335258010 WorkerThread "GC Thread#1"                     [id=12776, stack(0x000000bd87a00000,0x000000bd87b00000) (1024K)]
  0x000002333418f750 WorkerThread "GC Thread#2"                     [id=29248, stack(0x000000bd87b00000,0x000000bd87c00000) (1024K)]
  0x00000233352587b0 WorkerThread "GC Thread#3"                     [id=19368, stack(0x000000bd87c00000,0x000000bd87d00000) (1024K)]
  0x00000233347b4fa0 WorkerThread "GC Thread#4"                     [id=25336, stack(0x000000bd87d00000,0x000000bd87e00000) (1024K)]
  0x0000023334ee1910 WorkerThread "GC Thread#5"                     [id=29268, stack(0x000000bd87e00000,0x000000bd87f00000) (1024K)]
  0x000002333513c8e0 WorkerThread "GC Thread#6"                     [id=25324, stack(0x000000bd87f00000,0x000000bd88000000) (1024K)]
  0x000002332fce7750 WorkerThread "GC Thread#7"                     [id=14968, stack(0x000000bd88000000,0x000000bd88100000) (1024K)]
  0x0000023311e9ad00 ConcurrentGCThread "G1 Main Marker"            [id=11436, stack(0x000000bd86800000,0x000000bd86900000) (1024K)]
  0x0000023311e9b800 WorkerThread "G1 Conc#0"                       [id=29224, stack(0x000000bd86900000,0x000000bd86a00000) (1024K)]
  0x00000233351ba400 WorkerThread "G1 Conc#1"                       [id=4648, stack(0x000000bd87800000,0x000000bd87900000) (1024K)]
  0x0000023311f0dd50 ConcurrentGCThread "G1 Refine#0"               [id=29556, stack(0x000000bd86a00000,0x000000bd86b00000) (1024K)]
  0x0000023311f0ea70 ConcurrentGCThread "G1 Service"                [id=23156, stack(0x000000bd86b00000,0x000000bd86c00000) (1024K)]
Total: 15

Threads with active compile tasks:
C2 CompilerThread0    22110 4038   !   4       org.codehaus.plexus.interpolation.StringSearchInterpolator::interpolate (692 bytes)
C1 CompilerThread0    22110 4057       3       org.eclipse.aether.internal.impl.DefaultRemoteRepositoryManager::aggregateRepositories (357 bytes)
Total: 2

VM state: not at safepoint (normal execution)

VM Mutex/Monitor currently owned by a thread: None

Heap address: 0x0000000748c00000, size: 2932 MB, Compressed Oops mode: Zero based, Oop shift amount: 3

CDS archive(s) not mapped
Compressed class space mapped at: 0x0000000800000000-0x0000000840000000, reserved size: 1073741824
Narrow klass base: 0x0000000800000000, Narrow klass shift: 0, Narrow klass range: 0x40000000

GC Precious Log:
 CardTable entry size: 512
 Card Set container configuration: InlinePtr #cards 4 size 8 Array Of Cards #cards 16 size 48 Howl #buckets 8 coarsen threshold 3686 Howl Bitmap #cards 512 size 80 coarsen threshold 460 Card regions per heap region 1 cards per card region 4096
 CPUs: 8 total, 8 available
 Memory: 11723M
 Large Page Support: Disabled
 NUMA Support: Disabled
 Compressed Oops: Enabled (Zero based)
 Heap Region Size: 2M
 Heap Min Capacity: 8M
 Heap Initial Capacity: 184M
 Heap Max Capacity: 2932M
 Pre-touch: Disabled
 Parallel Workers: 8
 Concurrent Workers: 2
 Concurrent Refinement Workers: 8
 Periodic GC: Disabled

Heap:
 garbage-first heap   total 65536K, used 27143K [0x0000000748c00000, 0x0000000800000000)
  region size 2048K, 13 young (26624K), 5 survivors (10240K)
 Metaspace       used 25253K, committed 25536K, reserved 1114112K
  class space    used 2631K, committed 2752K, reserved 1048576K

Heap Regions: E=young(eden), S=young(survivor), O=old, HS=humongous(starts), HC=humongous(continues), CS=collection set, F=free, TAMS=top-at-mark-start, PB=parsable bottom
|   0|0x0000000748c00000, 0x0000000748e00000, 0x0000000748e00000|100%| O|  |TAMS 0x0000000748c00000| PB 0x0000000748c00000| Untracked 
|   1|0x0000000748e00000, 0x0000000748f7b990, 0x0000000749000000| 74%| O|Cm|TAMS 0x0000000748e00000| PB 0x0000000748e00000| Complete 
|   2|0x0000000749000000, 0x0000000749000000, 0x0000000749200000|  0%| F|  |TAMS 0x0000000749000000| PB 0x0000000749000000| Untracked 
|   3|0x0000000749200000, 0x0000000749200000, 0x0000000749400000|  0%| F|  |TAMS 0x0000000749200000| PB 0x0000000749200000| Untracked 
|   4|0x0000000749400000, 0x0000000749400000, 0x0000000749600000|  0%| F|  |TAMS 0x0000000749400000| PB 0x0000000749400000| Untracked 
|   5|0x0000000749600000, 0x0000000749600000, 0x0000000749800000|  0%| F|  |TAMS 0x0000000749600000| PB 0x0000000749600000| Untracked 
|   6|0x0000000749800000, 0x0000000749800000, 0x0000000749a00000|  0%| F|  |TAMS 0x0000000749800000| PB 0x0000000749800000| Untracked 
|   7|0x0000000749a00000, 0x0000000749a00000, 0x0000000749c00000|  0%| F|  |TAMS 0x0000000749a00000| PB 0x0000000749a00000| Untracked 
|   8|0x0000000749c00000, 0x0000000749c00000, 0x0000000749e00000|  0%| F|  |TAMS 0x0000000749c00000| PB 0x0000000749c00000| Untracked 
|   9|0x0000000749e00000, 0x0000000749e00000, 0x000000074a000000|  0%| F|  |TAMS 0x0000000749e00000| PB 0x0000000749e00000| Untracked 
|  10|0x000000074a000000, 0x000000074a000000, 0x000000074a200000|  0%| F|  |TAMS 0x000000074a000000| PB 0x000000074a000000| Untracked 
|  11|0x000000074a200000, 0x000000074a200000, 0x000000074a400000|  0%| F|  |TAMS 0x000000074a200000| PB 0x000000074a200000| Untracked 
|  12|0x000000074a400000, 0x000000074a400000, 0x000000074a600000|  0%| F|  |TAMS 0x000000074a400000| PB 0x000000074a400000| Untracked 
|  13|0x000000074a600000, 0x000000074a600000, 0x000000074a800000|  0%| F|  |TAMS 0x000000074a600000| PB 0x000000074a600000| Untracked 
|  14|0x000000074a800000, 0x000000074a800000, 0x000000074aa00000|  0%| F|  |TAMS 0x000000074a800000| PB 0x000000074a800000| Untracked 
|  15|0x000000074aa00000, 0x000000074aa00000, 0x000000074ac00000|  0%| F|  |TAMS 0x000000074aa00000| PB 0x000000074aa00000| Untracked 
|  16|0x000000074ac00000, 0x000000074ac00000, 0x000000074ae00000|  0%| F|  |TAMS 0x000000074ac00000| PB 0x000000074ac00000| Untracked 
|  17|0x000000074ae00000, 0x000000074ae00000, 0x000000074b000000|  0%| F|  |TAMS 0x000000074ae00000| PB 0x000000074ae00000| Untracked 
|  18|0x000000074b000000, 0x000000074b000000, 0x000000074b200000|  0%| F|  |TAMS 0x000000074b000000| PB 0x000000074b000000| Untracked 
|  19|0x000000074b200000, 0x000000074b400000, 0x000000074b400000|100%| E|  |TAMS 0x000000074b200000| PB 0x000000074b200000| Complete 
|  20|0x000000074b400000, 0x000000074b600000, 0x000000074b600000|100%| E|CS|TAMS 0x000000074b400000| PB 0x000000074b400000| Complete 
|  21|0x000000074b600000, 0x000000074b800000, 0x000000074b800000|100%| S|CS|TAMS 0x000000074b600000| PB 0x000000074b600000| Complete 
|  22|0x000000074b800000, 0x000000074ba00000, 0x000000074ba00000|100%| S|CS|TAMS 0x000000074b800000| PB 0x000000074b800000| Complete 
|  23|0x000000074ba00000, 0x000000074bc00000, 0x000000074bc00000|100%| S|CS|TAMS 0x000000074ba00000| PB 0x000000074ba00000| Complete 
|  24|0x000000074bc00000, 0x000000074be00000, 0x000000074be00000|100%| S|CS|TAMS 0x000000074bc00000| PB 0x000000074bc00000| Complete 
|  25|0x000000074be00000, 0x000000074bf06590, 0x000000074c000000| 51%| S|CS|TAMS 0x000000074be00000| PB 0x000000074be00000| Complete 
|  82|0x0000000753000000, 0x0000000753200000, 0x0000000753200000|100%| E|CS|TAMS 0x0000000753000000| PB 0x0000000753000000| Complete 
|  83|0x0000000753200000, 0x0000000753400000, 0x0000000753400000|100%| E|CS|TAMS 0x0000000753200000| PB 0x0000000753200000| Complete 
|  88|0x0000000753c00000, 0x0000000753e00000, 0x0000000753e00000|100%| E|CS|TAMS 0x0000000753c00000| PB 0x0000000753c00000| Complete 
|  89|0x0000000753e00000, 0x0000000754000000, 0x0000000754000000|100%| E|CS|TAMS 0x0000000753e00000| PB 0x0000000753e00000| Complete 
|  90|0x0000000754000000, 0x0000000754200000, 0x0000000754200000|100%| E|CS|TAMS 0x0000000754000000| PB 0x0000000754000000| Complete 
|  91|0x0000000754200000, 0x0000000754400000, 0x0000000754400000|100%| E|CS|TAMS 0x0000000754200000| PB 0x0000000754200000| Complete 

Card table byte_map: [0x0000023329bd0000,0x000002332a190000] _byte_map_base: 0x000002332618a000

Marking Bits: (CMBitMap*) 0x0000023311e8ece0
 Bits: [0x000002332a190000, 0x000002332cf60000)

Polling page: 0x000002330fdf0000

Metaspace:

Usage:
  Non-class:     22.09 MB used.
      Class:      2.57 MB used.
       Both:     24.66 MB used.

Virtual space:
  Non-class space:       64.00 MB reserved,      22.25 MB ( 35%) committed,  1 nodes.
      Class space:        1.00 GB reserved,       2.69 MB ( <1%) committed,  1 nodes.
             Both:        1.06 GB reserved,      24.94 MB (  2%) committed. 

Chunk freelists:
   Non-Class:  9.26 MB
       Class:  13.33 MB
        Both:  22.59 MB

MaxMetaspaceSize: unlimited
CompressedClassSpaceSize: 1.00 GB
Initial GC threshold: 21.00 MB
Current GC threshold: 37.62 MB
CDS: off
 - commit_granule_bytes: 65536.
 - commit_granule_words: 8192.
 - virtual_space_node_default_size: 8388608.
 - enlarge_chunks_in_place: 1.
 - use_allocation_guard: 0.


Internal statistics:

num_allocs_failed_limit: 15.
num_arena_births: 164.
num_arena_deaths: 0.
num_vsnodes_births: 2.
num_vsnodes_deaths: 0.
num_space_committed: 399.
num_space_uncommitted: 0.
num_chunks_returned_to_freelist: 15.
num_chunks_taken_from_freelist: 703.
num_chunk_merges: 9.
num_chunk_splits: 495.
num_chunks_enlarged: 399.
num_inconsistent_stats: 0.

CodeHeap 'non-profiled nmethods': size=120000Kb used=1934Kb max_used=1934Kb free=118065Kb
 bounds [0x0000023321db0000, 0x0000023322020000, 0x00000233292e0000]
CodeHeap 'profiled nmethods': size=120000Kb used=8279Kb max_used=8279Kb free=111720Kb
 bounds [0x000002331a2e0000, 0x000002331ab00000, 0x0000023321810000]
CodeHeap 'non-nmethods': size=5760Kb used=1394Kb max_used=1425Kb free=4366Kb
 bounds [0x0000023321810000, 0x0000023321a80000, 0x0000023321db0000]
 total_blobs=4539 nmethods=4050 adapters=393
 compilation: enabled
              stopped_count=0, restarted_count=0
 full_count=0

Compilation events (20 events):
Event: 21.823 Thread 0x000002332fb22760 nmethod 4026 0x0000023321f8fb90 code [0x0000023321f8fd80, 0x0000023321f90578]
Event: 21.823 Thread 0x000002332fb22760 4027       4       java.util.LinkedHashMap$LinkedValueIterator::next (8 bytes)
Event: 21.825 Thread 0x000002332fb26920 4034  s    3       java.util.Properties::clone (25 bytes)
Event: 21.826 Thread 0x000002332fb26920 nmethod 4034 0x000002331aae6290 code [0x000002331aae64a0, 0x000002331aae6c60]
Event: 21.826 Thread 0x000002332fb22760 nmethod 4027 0x0000023321f90890 code [0x0000023321f90a20, 0x0000023321f90d10]
Event: 21.826 Thread 0x000002332fb22760 4028       4       org.apache.maven.model.Plugin::getDependencies (23 bytes)
Event: 21.828 Thread 0x000002332fb26920 4036       1       org.apache.maven.model.ReportPlugin::setVersion (6 bytes)
Event: 21.828 Thread 0x000002332fb26920 nmethod 4036 0x0000023321f90e10 code [0x0000023321f90fa0, 0x0000023321f910b8]
Event: 21.828 Thread 0x000002332fb26920 4037       1       org.apache.maven.model.Parent::getRelativePath (5 bytes)
Event: 21.828 Thread 0x000002332fb26920 nmethod 4037 0x0000023321f91110 code [0x0000023321f912a0, 0x0000023321f91370]
Event: 21.828 Thread 0x000002332fb22760 nmethod 4028 0x0000023321f91410 code [0x0000023321f915a0, 0x0000023321f91798]
Event: 21.828 Thread 0x000002332fb22760 4035   !   4       org.apache.maven.model.ConfigurationContainer::clone (98 bytes)
Event: 21.830 Thread 0x000002332fb26920 4040       3       org.eclipse.aether.artifact.AbstractArtifact::equals (139 bytes)
Event: 21.832 Thread 0x000002332fb26920 nmethod 4040 0x000002331aae6f10 code [0x000002331aae7240, 0x000002331aae8948]
Event: 21.832 Thread 0x000002332fb26920 4041       3       java.util.LinkedHashMap$LinkedKeySet::iterator (16 bytes)
Event: 21.832 Thread 0x000002332fb26920 nmethod 4041 0x000002331aae8f10 code [0x000002331aae90c0, 0x000002331aae92d8]
Event: 21.832 Thread 0x000002332fb26920 4042       3       java.util.LinkedHashMap$LinkedKeyIterator::<init> (7 bytes)
Event: 21.833 Thread 0x000002332fb26920 nmethod 4042 0x000002331aae9410 code [0x000002331aae95c0, 0x000002331aae96f8]
Event: 21.836 Thread 0x000002332fb22760 nmethod 4035 0x0000023321f91890 code [0x0000023321f91a80, 0x0000023321f92100]
Event: 21.836 Thread 0x000002332fb22760 4038   !   4       org.codehaus.plexus.interpolation.StringSearchInterpolator::interpolate (692 bytes)

GC Heap History (8 events):
Event: 7.344 GC heap before
{Heap before GC invocations=0 (full 0):
 garbage-first heap   total 188416K, used 22528K [0x0000000748c00000, 0x0000000800000000)
  region size 2048K, 11 young (22528K), 0 survivors (0K)
 Metaspace       used 14433K, committed 14592K, reserved 1114112K
  class space    used 1395K, committed 1472K, reserved 1048576K
}
Event: 7.506 GC heap after
{Heap after GC invocations=1 (full 0):
 garbage-first heap   total 188416K, used 3840K [0x0000000748c00000, 0x0000000800000000)
  region size 2048K, 2 young (4096K), 2 survivors (4096K)
 Metaspace       used 14433K, committed 14592K, reserved 1114112K
  class space    used 1395K, committed 1472K, reserved 1048576K
}
Event: 11.560 GC heap before
{Heap before GC invocations=1 (full 0):
 garbage-first heap   total 188416K, used 34560K [0x0000000748c00000, 0x0000000800000000)
  region size 2048K, 17 young (34816K), 2 survivors (4096K)
 Metaspace       used 18377K, committed 18560K, reserved 1114112K
  class space    used 1864K, committed 1984K, reserved 1048576K
}
Event: 11.567 GC heap after
{Heap after GC invocations=2 (full 0):
 garbage-first heap   total 188416K, used 5370K [0x0000000748c00000, 0x0000000800000000)
  region size 2048K, 1 young (2048K), 1 survivors (2048K)
 Metaspace       used 18377K, committed 18560K, reserved 1114112K
  class space    used 1864K, committed 1984K, reserved 1048576K
}
Event: 13.711 GC heap before
{Heap before GC invocations=2 (full 0):
 garbage-first heap   total 188416K, used 19706K [0x0000000748c00000, 0x0000000800000000)
  region size 2048K, 9 young (18432K), 1 survivors (2048K)
 Metaspace       used 21329K, committed 21504K, reserved 1114112K
  class space    used 2266K, committed 2368K, reserved 1048576K
}
Event: 13.716 GC heap after
{Heap after GC invocations=3 (full 0):
 garbage-first heap   total 188416K, used 6779K [0x0000000748c00000, 0x0000000800000000)
  region size 2048K, 2 young (4096K), 2 survivors (4096K)
 Metaspace       used 21329K, committed 21504K, reserved 1114112K
  class space    used 2266K, committed 2368K, reserved 1048576K
}
Event: 20.646 GC heap before
{Heap before GC invocations=4 (full 0):
 garbage-first heap   total 55296K, used 53883K [0x0000000748c00000, 0x0000000800000000)
  region size 2048K, 25 young (51200K), 2 survivors (4096K)
 Metaspace       used 25113K, committed 25408K, reserved 1114112K
  class space    used 2630K, committed 2752K, reserved 1048576K
}
Event: 20.667 GC heap after
{Heap after GC invocations=5 (full 0):
 garbage-first heap   total 65536K, used 12807K [0x0000000748c00000, 0x0000000800000000)
  region size 2048K, 5 young (10240K), 5 survivors (10240K)
 Metaspace       used 25113K, committed 25408K, reserved 1114112K
  class space    used 2630K, committed 2752K, reserved 1048576K
}

Dll operation events (8 events):
Event: 0.083 Loaded shared library C:\Program Files\Java\jdk-21\bin\java.dll
Event: 1.003 Loaded shared library C:\Program Files\Java\jdk-21\bin\jsvml.dll
Event: 1.227 Loaded shared library C:\Program Files\Java\jdk-21\bin\net.dll
Event: 1.232 Loaded shared library C:\Program Files\Java\jdk-21\bin\nio.dll
Event: 1.262 Loaded shared library C:\Program Files\Java\jdk-21\bin\zip.dll
Event: 1.972 Loaded shared library C:\Users\2oleg\Downloads\apache-maven-3.9.11-bin\apache-maven-3.9.11\lib\jansi-native\Windows\x86_64\jansi.dll
Event: 3.897 Loaded shared library C:\Program Files\Java\jdk-21\bin\jimage.dll
Event: 3.900 Loaded shared library C:\Program Files\Java\jdk-21\bin\verify.dll

Deoptimization events (20 events):
Event: 20.757 Thread 0x000002330fba3710 DEOPT PACKING pc=0x0000023321f0ccc0 sp=0x000000bd866fc260
Event: 20.757 Thread 0x000002330fba3710 DEOPT UNPACKING pc=0x00000233218646a2 sp=0x000000bd866fc208 mode 2
Event: 20.803 Thread 0x000002330fba3710 DEOPT PACKING pc=0x000002331a387ad1 sp=0x000000bd866fc1d0
Event: 20.803 Thread 0x000002330fba3710 DEOPT UNPACKING pc=0x0000023321864e42 sp=0x000000bd866fb6d0 mode 0
Event: 21.082 Thread 0x000002330fba3710 Uncommon trap: trap_request=0xffffff45 fr.pc=0x0000023321f689dc relative=0x000000000000177c
Event: 21.082 Thread 0x000002330fba3710 Uncommon trap: reason=unstable_if action=reinterpret pc=0x0000023321f689dc method=org.codehaus.plexus.util.xml.pull.MXParser.nextImpl()I @ 310 c2
Event: 21.082 Thread 0x000002330fba3710 DEOPT PACKING pc=0x0000023321f689dc sp=0x000000bd866fc070
Event: 21.082 Thread 0x000002330fba3710 DEOPT UNPACKING pc=0x00000233218646a2 sp=0x000000bd866fc020 mode 2
Event: 21.328 Thread 0x000002330fba3710 Uncommon trap: trap_request=0xffffffde fr.pc=0x0000023321df60a0 relative=0x0000000000000ea0
Event: 21.328 Thread 0x000002330fba3710 Uncommon trap: reason=class_check action=maybe_recompile pc=0x0000023321df60a0 method=java.util.concurrent.ConcurrentHashMap.putVal(Ljava/lang/Object;Ljava/lang/Object;Z)Ljava/lang/Object; @ 242 c2
Event: 21.328 Thread 0x000002330fba3710 DEOPT PACKING pc=0x0000023321df60a0 sp=0x000000bd866fc820
Event: 21.328 Thread 0x000002330fba3710 DEOPT UNPACKING pc=0x00000233218646a2 sp=0x000000bd866fc790 mode 2
Event: 21.363 Thread 0x000002330fba3710 Uncommon trap: trap_request=0xffffff45 fr.pc=0x0000023321f2bb8c relative=0x000000000000082c
Event: 21.363 Thread 0x000002330fba3710 Uncommon trap: reason=unstable_if action=reinterpret pc=0x0000023321f2bb8c method=java.util.regex.Pattern$Start.match(Ljava/util/regex/Matcher;ILjava/lang/CharSequence;)Z @ 10 c2
Event: 21.363 Thread 0x000002330fba3710 DEOPT PACKING pc=0x0000023321f2bb8c sp=0x000000bd866fc6b0
Event: 21.367 Thread 0x000002330fba3710 DEOPT UNPACKING pc=0x00000233218646a2 sp=0x000000bd866fc610 mode 2
Event: 21.830 Thread 0x000002330fba3710 Uncommon trap: trap_request=0xffffffde fr.pc=0x0000023321df60a0 relative=0x0000000000000ea0
Event: 21.830 Thread 0x000002330fba3710 Uncommon trap: reason=class_check action=maybe_recompile pc=0x0000023321df60a0 method=java.util.concurrent.ConcurrentHashMap.putVal(Ljava/lang/Object;Ljava/lang/Object;Z)Ljava/lang/Object; @ 242 c2
Event: 21.830 Thread 0x000002330fba3710 DEOPT PACKING pc=0x0000023321df60a0 sp=0x000000bd866fcbc0
Event: 21.830 Thread 0x000002330fba3710 DEOPT UNPACKING pc=0x00000233218646a2 sp=0x000000bd866fcb30 mode 2

Classes loaded (20 events):
Event: 18.779 Loading class sun/nio/fs/WindowsDirectoryStream
Event: 18.779 Loading class java/nio/file/DirectoryStream
Event: 18.779 Loading class java/nio/file/DirectoryStream done
Event: 18.779 Loading class sun/nio/fs/WindowsDirectoryStream done
Event: 18.780 Loading class java/nio/file/NoSuchFileException
Event: 18.780 Loading class java/nio/file/NoSuchFileException done
Event: 19.450 Loading class java/util/HashMap$ValueSpliterator
Event: 19.450 Loading class java/util/HashMap$ValueSpliterator done
Event: 19.757 Loading class java/util/stream/MatchOps$MatchKind
Event: 19.757 Loading class java/util/stream/MatchOps$MatchKind done
Event: 19.758 Loading class java/util/stream/MatchOps
Event: 19.758 Loading class java/util/stream/MatchOps done
Event: 19.758 Loading class java/util/stream/MatchOps$MatchOp
Event: 19.758 Loading class java/util/stream/MatchOps$MatchOp done
Event: 19.758 Loading class java/util/stream/MatchOps$BooleanTerminalSink
Event: 19.758 Loading class java/util/stream/MatchOps$BooleanTerminalSink done
Event: 19.759 Loading class java/util/stream/MatchOps$1MatchSink
Event: 19.759 Loading class java/util/stream/MatchOps$1MatchSink done
Event: 19.780 Loading class java/io/RandomAccessFile$1
Event: 19.780 Loading class java/io/RandomAccessFile$1 done

Classes unloaded (0 events):
No events

Classes redefined (0 events):
No events

Internal exceptions (20 events):
Event: 14.353 Thread 0x000002330fba3710 Exception <a 'java/lang/NoSuchMethodError'{0x0000000754134480}: 'java.lang.Object java.lang.invoke.DirectMethodHandle$Holder.invokeStaticInit(java.lang.Object, int, int, int, int)'> (0x0000000754134480) 
thrown [s\open\src\hotspot\share\interpreter\linkResolver.cpp, line 773]
Event: 15.670 Thread 0x000002330fba3710 Implicit null exception at 0x0000023321df8fa4 to 0x0000023321df961c
Event: 15.674 Thread 0x000002330fba3710 Implicit null exception at 0x0000023321ddc9a0 to 0x0000023321ddd00c
Event: 16.927 Thread 0x000002330fba3710 Exception <a 'java/lang/NoSuchMethodError'{0x000000074b522150}: 'void java.lang.invoke.DirectMethodHandle$Holder.invokeSpecial(java.lang.Object, java.lang.Object, java.lang.Object, java.lang.Object, java.lang.Object)'> (0x000000074b522150) 
thrown [s\open\src\hotspot\share\interpreter\linkResolver.cpp, line 773]
Event: 16.931 Thread 0x000002330fba3710 Exception <a 'java/lang/NoSuchMethodError'{0x000000074b5380a0}: 'void java.lang.invoke.DirectMethodHandle$Holder.invokeSpecial(java.lang.Object, java.lang.Object, java.lang.Object, java.lang.Object, java.lang.Object, java.lang.Object)'> (0x000000074b5380a0) 
thrown [s\open\src\hotspot\share\interpreter\linkResolver.cpp, line 773]
Event: 17.023 Thread 0x000002330fba3710 Exception <a 'java/lang/NoSuchMethodError'{0x000000074b228138}: 'java.lang.Object java.lang.invoke.DirectMethodHandle$Holder.invokeVirtual(java.lang.Object, java.lang.Object, java.lang.Object)'> (0x000000074b228138) 
thrown [s\open\src\hotspot\share\interpreter\linkResolver.cpp, line 773]
Event: 17.305 Thread 0x000002330fba3710 Exception <a 'java/lang/NoSuchMethodError'{0x000000074b002f40}: 'void java.lang.invoke.DirectMethodHandle$Holder.invokeVirtual(java.lang.Object, java.lang.Object, int)'> (0x000000074b002f40) 
thrown [s\open\src\hotspot\share\interpreter\linkResolver.cpp, line 773]
Event: 17.305 Thread 0x000002330fba3710 Exception <a 'java/lang/NoSuchMethodError'{0x000000074b006cf0}: 'void java.lang.invoke.DirectMethodHandle$Holder.invokeSpecial(java.lang.Object, java.lang.Object, java.lang.Object, int)'> (0x000000074b006cf0) 
thrown [s\open\src\hotspot\share\interpreter\linkResolver.cpp, line 773]
Event: 17.306 Thread 0x000002330fba3710 Exception <a 'java/lang/NoSuchMethodError'{0x000000074b00a3c0}: 'void java.lang.invoke.DelegatingMethodHandle$Holder.reinvoke_L(java.lang.Object, java.lang.Object, int)'> (0x000000074b00a3c0) 
thrown [s\open\src\hotspot\share\interpreter\linkResolver.cpp, line 773]
Event: 18.779 Thread 0x000002330fba3710 Exception <a 'sun/nio/fs/WindowsException'{0x000000074a25b5d0}> (0x000000074a25b5d0) 
thrown [s\open\src\hotspot\share\prims\jni.cpp, line 520]
Event: 18.780 Thread 0x000002330fba3710 Exception <a 'sun/nio/fs/WindowsException'{0x000000074a25ba50}> (0x000000074a25ba50) 
thrown [s\open\src\hotspot\share\prims\jni.cpp, line 520]
Event: 20.138 Thread 0x000002330fba3710 Exception <a 'sun/nio/fs/WindowsException'{0x00000007497eb9d8}> (0x00000007497eb9d8) 
thrown [s\open\src\hotspot\share\prims\jni.cpp, line 520]
Event: 20.139 Thread 0x000002330fba3710 Exception <a 'sun/nio/fs/WindowsException'{0x00000007497ebd38}> (0x00000007497ebd38) 
thrown [s\open\src\hotspot\share\prims\jni.cpp, line 520]
Event: 20.141 Thread 0x000002330fba3710 Exception <a 'sun/nio/fs/WindowsException'{0x0000000749412c20}> (0x0000000749412c20) 
thrown [s\open\src\hotspot\share\prims\jni.cpp, line 520]
Event: 20.141 Thread 0x000002330fba3710 Exception <a 'sun/nio/fs/WindowsException'{0x0000000749412f48}> (0x0000000749412f48) 
thrown [s\open\src\hotspot\share\prims\jni.cpp, line 520]
Event: 20.146 Thread 0x000002330fba3710 Exception <a 'sun/nio/fs/WindowsException'{0x000000074947bb78}> (0x000000074947bb78) 
thrown [s\open\src\hotspot\share\prims\jni.cpp, line 520]
Event: 20.146 Thread 0x000002330fba3710 Exception <a 'sun/nio/fs/WindowsException'{0x000000074947be58}> (0x000000074947be58) 
thrown [s\open\src\hotspot\share\prims\jni.cpp, line 520]
Event: 20.261 Thread 0x000002330fba3710 Implicit null exception at 0x0000023321f11648 to 0x0000023321f12984
Event: 20.262 Thread 0x000002330fba3710 Implicit null exception at 0x0000023321e9599b to 0x0000023321e95b94
Event: 20.262 Thread 0x000002330fba3710 Implicit null exception at 0x0000023321ee778d to 0x0000023321ee8000

ZGC Phase Switch (0 events):
No events

VM Operations (20 events):
Event: 14.566 Executing VM operation: HandshakeAllThreads (Deoptimize)
Event: 14.566 Executing VM operation: HandshakeAllThreads (Deoptimize) done
Event: 14.590 Executing VM operation: CollectForMetadataAllocation (Metadata GC Threshold)
Event: 14.590 Executing VM operation: CollectForMetadataAllocation (Metadata GC Threshold) done
Event: 14.853 Executing VM operation: HandshakeAllThreads (Deoptimize)
Event: 15.460 Executing VM operation: HandshakeAllThreads (Deoptimize) done
Event: 15.460 Executing VM operation: G1PauseRemark
Event: 15.482 Executing VM operation: G1PauseRemark done
Event: 15.484 Executing VM operation: G1PauseCleanup
Event: 15.485 Executing VM operation: G1PauseCleanup done
Event: 16.486 Executing VM operation: Cleanup
Event: 16.788 Executing VM operation: Cleanup done
Event: 17.789 Executing VM operation: Cleanup
Event: 17.860 Executing VM operation: Cleanup done
Event: 18.861 Executing VM operation: Cleanup
Event: 18.917 Executing VM operation: Cleanup done
Event: 19.918 Executing VM operation: Cleanup
Event: 19.918 Executing VM operation: Cleanup done
Event: 20.646 Executing VM operation: G1CollectForAllocation (G1 Evacuation Pause)
Event: 20.667 Executing VM operation: G1CollectForAllocation (G1 Evacuation Pause) done

Events (20 events):
Event: 0.793 Thread 0x000002332fb307e0 Thread added: 0x000002332fb307e0
Event: 0.796 Thread 0x000002332fb1bad0 Thread added: 0x000002332fb1bad0
Event: 0.796 Thread 0x000002332fb1c520 Thread added: 0x000002332fb1c520
Event: 0.796 Thread 0x000002332fb1cf70 Thread added: 0x000002332fb1cf70
Event: 0.796 Thread 0x000002332fb1d9c0 Thread added: 0x000002332fb1d9c0
Event: 0.796 Thread 0x000002332fb22760 Thread added: 0x000002332fb22760
Event: 0.841 Thread 0x000002332fb26920 Thread added: 0x000002332fb26920
Event: 0.974 Thread 0x000002332fc38730 Thread added: 0x000002332fc38730
Event: 1.027 Thread 0x000002332fc6f860 Thread added: 0x000002332fc6f860
Event: 1.967 Thread 0x0000023334112340 Thread added: 0x0000023334112340
Event: 4.121 Thread 0x0000023334112340 Thread exited: 0x0000023334112340
Event: 7.167 Thread 0x000002332fd06d20 Thread added: 0x000002332fd06d20
Event: 7.231 Thread 0x0000023334ee9010 Thread added: 0x0000023334ee9010
Event: 7.816 Thread 0x0000023334ee9010 Thread exited: 0x0000023334ee9010
Event: 7.816 Thread 0x000002332fd06d20 Thread exited: 0x000002332fd06d20
Event: 14.592 Thread 0x00000233346d0690 Thread added: 0x00000233346d0690
Event: 17.038 Thread 0x0000023335827910 Thread added: 0x0000023335827910
Event: 17.437 Thread 0x0000023335827910 Thread exited: 0x0000023335827910
Event: 17.629 Thread 0x000002333461c0c0 Thread added: 0x000002333461c0c0
Event: 17.861 Thread 0x000002333461c0c0 Thread exited: 0x000002333461c0c0


Dynamic libraries:
0x00007ff703c60000 - 0x00007ff703c70000 	C:\Program Files\Java\jdk-21\bin\java.exe
0x00007ff9f5930000 - 0x00007ff9f5b28000 	C:\WINDOWS\SYSTEM32\ntdll.dll
0x00007ff9f5400000 - 0x00007ff9f54c2000 	C:\WINDOWS\System32\KERNEL32.DLL
0x00007ff9f3130000 - 0x00007ff9f3426000 	C:\WINDOWS\System32\KERNELBASE.dll
0x00007ff9e2300000 - 0x00007ff9e2319000 	C:\Program Files\Java\jdk-21\bin\jli.dll
0x00007ff9f3da0000 - 0x00007ff9f3e51000 	C:\WINDOWS\System32\ADVAPI32.dll
0x00007ff9e31d0000 - 0x00007ff9e31eb000 	C:\Program Files\Java\jdk-21\bin\VCRUNTIME140.dll
0x00007ff9f5820000 - 0x00007ff9f58be000 	C:\WINDOWS\System32\msvcrt.dll
0x00007ff9f4800000 - 0x00007ff9f489f000 	C:\WINDOWS\System32\sechost.dll
0x00007ff9f3c10000 - 0x00007ff9f3d30000 	C:\WINDOWS\System32\RPCRT4.dll
0x00007ff9f3560000 - 0x00007ff9f3587000 	C:\WINDOWS\System32\bcrypt.dll
0x00007ff9f3f40000 - 0x00007ff9f40e1000 	C:\WINDOWS\System32\USER32.dll
0x00007ff9f3100000 - 0x00007ff9f3122000 	C:\WINDOWS\System32\win32u.dll
0x00007ff9e4da0000 - 0x00007ff9e503b000 	C:\WINDOWS\WinSxS\amd64_microsoft.windows.common-controls_6595b64144ccf1df_6.0.19041.6456_none_60b8a6cb71f64256\COMCTL32.dll
0x00007ff9f47c0000 - 0x00007ff9f47eb000 	C:\WINDOWS\System32\GDI32.dll
0x00007ff9f2f90000 - 0x00007ff9f30a9000 	C:\WINDOWS\System32\gdi32full.dll
0x00007ff9f3590000 - 0x00007ff9f362d000 	C:\WINDOWS\System32\msvcp_win.dll
0x00007ff9f3820000 - 0x00007ff9f3920000 	C:\WINDOWS\System32\ucrtbase.dll
0x00007ff9ecd10000 - 0x00007ff9ecd1a000 	C:\WINDOWS\SYSTEM32\VERSION.dll
0x00007ff9f3f10000 - 0x00007ff9f3f3f000 	C:\WINDOWS\System32\IMM32.DLL
0x00007ff9ed3a0000 - 0x00007ff9ed3ac000 	C:\Program Files\Java\jdk-21\bin\vcruntime140_1.dll
0x00007ff9c7130000 - 0x00007ff9c71be000 	C:\Program Files\Java\jdk-21\bin\msvcp140.dll
0x00007ff98ebe0000 - 0x00007ff98f8fa000 	C:\Program Files\Java\jdk-21\bin\server\jvm.dll
0x00007ff9f4210000 - 0x00007ff9f427b000 	C:\WINDOWS\System32\WS2_32.dll
0x00007ff9f2df0000 - 0x00007ff9f2e3b000 	C:\WINDOWS\SYSTEM32\POWRPROF.dll
0x00007ff9e0140000 - 0x00007ff9e0167000 	C:\WINDOWS\SYSTEM32\WINMM.dll
0x00007ff9f2dd0000 - 0x00007ff9f2de2000 	C:\WINDOWS\SYSTEM32\UMPDC.dll
0x00007ff9f0dc0000 - 0x00007ff9f0dd2000 	C:\WINDOWS\SYSTEM32\kernel.appcore.dll
0x00007ff9ed370000 - 0x00007ff9ed37a000 	C:\Program Files\Java\jdk-21\bin\jimage.dll
0x00007ff9df840000 - 0x00007ff9dfa41000 	C:\WINDOWS\SYSTEM32\DBGHELP.DLL
0x00007ff9dd350000 - 0x00007ff9dd384000 	C:\WINDOWS\SYSTEM32\dbgcore.DLL
0x00007ff9f3630000 - 0x00007ff9f36b2000 	C:\WINDOWS\System32\bcryptPrimitives.dll
0x00007ff9e0be0000 - 0x00007ff9e0bff000 	C:\Program Files\Java\jdk-21\bin\java.dll
0x00007ff9f4930000 - 0x00007ff9f50a0000 	C:\WINDOWS\System32\SHELL32.dll
0x00007ff9f0fc0000 - 0x00007ff9f1765000 	C:\WINDOWS\SYSTEM32\windows.storage.dll
0x00007ff9f50a0000 - 0x00007ff9f53f4000 	C:\WINDOWS\System32\combase.dll
0x00007ff9f28e0000 - 0x00007ff9f290b000 	C:\WINDOWS\SYSTEM32\Wldp.dll
0x00007ff9f46f0000 - 0x00007ff9f47bd000 	C:\WINDOWS\System32\OLEAUT32.dll
0x00007ff9f3920000 - 0x00007ff9f39cd000 	C:\WINDOWS\System32\SHCORE.dll
0x00007ff9f57c0000 - 0x00007ff9f581b000 	C:\WINDOWS\System32\shlwapi.dll
0x00007ff9f2ec0000 - 0x00007ff9f2ee4000 	C:\WINDOWS\SYSTEM32\profapi.dll
0x00007ff9ab440000 - 0x00007ff9ab517000 	C:\Program Files\Java\jdk-21\bin\jsvml.dll
0x00007ff9ebd20000 - 0x00007ff9ebd30000 	C:\Program Files\Java\jdk-21\bin\net.dll
0x00007ff9ec950000 - 0x00007ff9eca5a000 	C:\WINDOWS\SYSTEM32\WINHTTP.dll
0x00007ff9f25f0000 - 0x00007ff9f265a000 	C:\WINDOWS\system32\mswsock.dll
0x00007ff9dbf20000 - 0x00007ff9dbf36000 	C:\Program Files\Java\jdk-21\bin\nio.dll
0x00007ff9d8a60000 - 0x00007ff9d8a78000 	C:\Program Files\Java\jdk-21\bin\zip.dll
0x00007ff9d0da0000 - 0x00007ff9d0dc4000 	C:\Users\2oleg\Downloads\apache-maven-3.9.11-bin\apache-maven-3.9.11\lib\jansi-native\Windows\x86_64\jansi.dll
0x00007ff9e8580000 - 0x00007ff9e8590000 	C:\Program Files\Java\jdk-21\bin\verify.dll

dbghelp: loaded successfully - version: 4.0.5 - missing functions: none
symbol engine: initialized successfully - sym options: 0x614 - pdb path: .;C:\Program Files\Java\jdk-21\bin;C:\WINDOWS\SYSTEM32;C:\WINDOWS\WinSxS\amd64_microsoft.windows.common-controls_6595b64144ccf1df_6.0.19041.6456_none_60b8a6cb71f64256;C:\Program Files\Java\jdk-21\bin\server;C:\Users\2oleg\Downloads\apache-maven-3.9.11-bin\apache-maven-3.9.11\lib\jansi-native\Windows\x86_64

VM Arguments:
jvm_args: --enable-native-access=ALL-UNNAMED -Dclassworlds.conf=C:\Users\2oleg\Downloads\apache-maven-3.9.11-bin\apache-maven-3.9.11\bin\m2.conf -Dmaven.home=C:\Users\2oleg\Downloads\apache-maven-3.9.11-bin\apache-maven-3.9.11 -Dlibrary.jansi.path=C:\Users\2oleg\Downloads\apache-maven-3.9.11-bin\apache-maven-3.9.11\lib\jansi-native -Dmaven.multiModuleProjectDirectory=C:\Users\2oleg\Downloads\Telegram Desktop\Kefir\Backend\TransactionSaga 
java_command: org.codehaus.plexus.classworlds.launcher.Launcher spring-boot:run -Dserver.port=8090 -DskipTests
java_class_path (initial): C:\Users\2oleg\Downloads\apache-maven-3.9.11-bin\apache-maven-3.9.11\boot\plexus-classworlds-2.9.0.jar
Launcher Type: SUN_STANDARD

[Global flags]
     intx CICompilerCount                          = 4                                         {product} {ergonomic}
     uint ConcGCThreads                            = 2                                         {product} {ergonomic}
     uint G1ConcRefinementThreads                  = 8                                         {product} {ergonomic}
   size_t G1HeapRegionSize                         = 2097152                                   {product} {ergonomic}
    uintx GCDrainStackTargetSize                   = 64                                        {product} {ergonomic}
   size_t InitialHeapSize                          = 192937984                                 {product} {ergonomic}
   size_t MarkStackSize                            = 4194304                                   {product} {ergonomic}
   size_t MaxHeapSize                              = 3074424832                                {product} {ergonomic}
   size_t MaxNewSize                               = 1843396608                                {product} {ergonomic}
   size_t MinHeapDeltaBytes                        = 2097152                                   {product} {ergonomic}
   size_t MinHeapSize                              = 8388608                                   {product} {ergonomic}
    uintx NonNMethodCodeHeapSize                   = 5839372                                {pd product} {ergonomic}
    uintx NonProfiledCodeHeapSize                  = 122909434                              {pd product} {ergonomic}
    uintx ProfiledCodeHeapSize                     = 122909434                              {pd product} {ergonomic}
    uintx ReservedCodeCacheSize                    = 251658240                              {pd product} {ergonomic}
     bool SegmentedCodeCache                       = true                                      {product} {ergonomic}
   size_t SoftMaxHeapSize                          = 3074424832                             {manageable} {ergonomic}
     bool UseCompressedOops                        = true                           {product lp64_product} {ergonomic}
     bool UseG1GC                                  = true                                      {product} {ergonomic}
     bool UseLargePagesIndividualAllocation        = false                                  {pd product} {ergonomic}

Logging:
Log output configuration:
 #0: stdout all=warning uptime,level,tags foldmultilines=false
 #1: stderr all=off uptime,level,tags foldmultilines=false

Environment Variables:
JAVA_HOME=C:\Program Files\Java\jdk-21
PATH=C:\Program Files\Common Files\Oracle\Java\javapath;C:\Program Files (x86)\Cuminas\Document Express DjVu Plug-in\;C:\Program Files (x86)\Razer Chroma SDK\bin;C:\Program Files\Razer Chroma SDK\bin;C:\WINDOWS\system32;C:\WINDOWS;C:\WINDOWS\System32\Wbem;C:\WINDOWS\System32\WindowsPowerShell\v1.0\;C:\WINDOWS\System32\OpenSSH\;C:\Program Files (x86)\NVIDIA Corporation\PhysX\Common;C:\WINDOWS\system32\config\systemprofile\AppData\Local\Microsoft\WindowsApps;C:\Program Files (x86)\Razer\ChromaBroadcast\bin;C:\Program Files\Razer\ChromaBroadcast\bin;C:\Users\2oleg\AppData\Local\Microsoft\WindowsApps;C:\Program Files\JetBrains\IntelliJ IDEA Community Edition 2024.3\bin;C:\Users\2oleg\AppData\Local\Programs\Microsoft VS Code\bin;C:\Program Files\Docker\Docker\resources\bin;C:\Users\2oleg\Downloads\curl-8.16.0_6-win64-mingw.zip\curl-8.16.0_6-win64-mingw\bin;C:\Users\2oleg\Downloads\curl-8.16.0_6-win64-mingw\curl-8.16.0_6-win64-mingw\bin;C:\Users\2oleg\Downloads\apache-maven-3.9.11-bin\apache-maven-3.9.11\bin;C:\ProgramData\chocolatey\bin;C:\Users\2oleg\AppData\Roaming\Cloud Foundry;C:\Program Files\Git\cmd;C:\Program Files\nodejs\;C:\Users\2oleg\AppData\Local\Muse Hub\lib;C:\Users\2oleg\AppData\Local\Microsoft\WindowsApps;C:\Program Files\JetBrains\IntelliJ IDEA Community Edition 2025.2.4\bin;C:\Users\2oleg\AppData\Local\Programs\Microsoft VS Code\bin;C:\Program Files\jq.exe;C:\Users\2oleg\AppData\Local\Microsoft\WinGet\Packages\jqlang.jq_Microsoft.Winget.Source_8wekyb3d8bbwe;C:\Program Files\Java\jdk-24;C:\Users\2oleg\Downloads\gradle-9.0.0-bin\gradle-9.0.0\bin;C:\Program Files\Docker\Docker\resources\bin;C:\Users\2oleg\AppData\Local\GitHubDesktop\bin;C:\Users\2oleg\AppData\Roaming\npm
USERNAME=2oleg
OS=Windows_NT
PROCESSOR_IDENTIFIER=Intel64 Family 6 Model 60 Stepping 3, GenuineIntel
TMP=C:\Users\2oleg\AppData\Local\Temp
TEMP=C:\Users\2oleg\AppData\Local\Temp




Periodic native trim disabled

---------------  S Y S T E M  ---------------

OS:
 Windows 10 , 64 bit Build 19041 (10.0.19041.5915)
OS uptime: 10 days 12:21 hours
Hyper-V role detected

CPU: total 8 (initial active 8) (4 cores per cpu, 2 threads per core) family 6 model 60 stepping 3 microcode 0x27, cx8, cmov, fxsr, ht, mmx, sse, sse2, sse3, ssse3, sse4.1, sse4.2, popcnt, lzcnt, tsc, tscinvbit, avx, avx2, aes, erms, clmul, bmi1, bmi2, fma, vzeroupper, clflush, hv, rdtscp, f16c
Processor Information for all 8 processors :
  Max Mhz: 2401, Current Mhz: 2401, Mhz Limit: 2401

Memory: 4k page, system-wide physical 11723M (594M free)
TotalPageFile size 23723M (AvailPageFile size 23M)
current process WorkingSet (physical memory assigned to process): 147M, peak: 147M
current process commit charge ("private bytes"): 187M, peak: 302M

vm_info: Java HotSpot(TM) 64-Bit Server VM (21.0.7+8-LTS-245) for windows-amd64 JRE (21.0.7+8-LTS-245), built on 2025-02-21T05:11:27Z by "mach5one" with MS VC++ 17.6 (VS2022)

END.
