#
# There is insufficient memory for the Java Runtime Environment to continue.
# Native memory allocation (malloc) failed to allocate 32784 bytes for Chunk::new
# Possible reasons:
#   The system is out of physical RAM or swap space
#   The process is running with CompressedOops enabled, and the Java Heap may be blocking the growth of the native heap
# Possible solutions:
#   Reduce memory load on the system
#   Increase physical memory or swap space
#   Check if swap backing store is full
#   Decrease Java heap size (-Xmx/-Xms)
#   Decrease number of Java threads
#   Decrease Java thread stack sizes (-Xss)
#   Set larger code cache with -XX:ReservedCodeCacheSize=
#   JVM is running with Zero Based Compressed Oops mode in which the Java heap is
#     placed in the first 32GB address space. The Java Heap base address is the
#     maximum limit for the native heap growth. Please use -XX:HeapBaseMinAddress
#     to set the Java Heap base and to place the Java Heap above 32GB virtual address.
# This output file may be truncated or incomplete.
#
#  Out of Memory Error (arena.cpp:168), pid=18944, tid=19440
#
# JRE version: Java(TM) SE Runtime Environment (21.0.7+8) (build 21.0.7+8-LTS-245)
# Java VM: Java HotSpot(TM) 64-Bit Server VM (21.0.7+8-LTS-245, mixed mode, sharing, tiered, compressed oops, compressed class ptrs, g1 gc, windows-amd64)
# No core dump will be written. Minidumps are not enabled by default on client versions of Windows
#

---------------  S U M M A R Y ------------

Command Line: --enable-native-access=ALL-UNNAMED -Dclassworlds.conf=C:\Users\2oleg\Downloads\apache-maven-3.9.11-bin\apache-maven-3.9.11\bin\m2.conf -Dmaven.home=C:\Users\2oleg\Downloads\apache-maven-3.9.11-bin\apache-maven-3.9.11 -Dlibrary.jansi.path=C:\Users\2oleg\Downloads\apache-maven-3.9.11-bin\apache-maven-3.9.11\lib\jansi-native -Dmaven.multiModuleProjectDirectory=C:\Users\2oleg\Downloads\Telegram Desktop\Kefir\Backend\TransactionSaga org.codehaus.plexus.classworlds.launcher.Launcher spring-boot:run -Dserver.port=8090 -DskipTests

Host: Intel(R) Core(TM) i7-4700HQ CPU @ 2.40GHz, 8 cores, 11G,  Windows 10 , 64 bit Build 19041 (10.0.19041.5915)
Time: Sat Dec 13 01:38:55 2025 RTZ 2 (s 10 , 64 bit Build 19041 (10.0.19041.5915) elapsed time: 52.770204 seconds (0d 0h 0m 52s)

---------------  T H R E A D  ---------------

Current thread (0x0000021e704e30a0):  JavaThread "C2 CompilerThread0" daemon [_thread_in_native, id=19440, stack(0x0000007378400000,0x0000007378500000) (1024K)]


Current CompileTask:
C2:  52770 5587       4       jdk.internal.org.objectweb.asm.SymbolTable::addConstantUtf8Reference (101 bytes)

Stack: [0x0000007378400000,0x0000007378500000]
Native frames: (J=compiled Java code, j=interpreted, Vv=VM code, C=native code)
V  [jvm.dll+0x6cae19]
V  [jvm.dll+0x855741]
V  [jvm.dll+0x857c6e]
V  [jvm.dll+0x858343]
V  [jvm.dll+0x27e0b6]
V  [jvm.dll+0xc4ecd]
V  [jvm.dll+0xc5403]
V  [jvm.dll+0xc4ff5]
V  [jvm.dll+0x6a7e1c]
V  [jvm.dll+0x5e270e]
V  [jvm.dll+0x5e21d3]
V  [jvm.dll+0x5e1bd8]
V  [jvm.dll+0x5e4ad7]
V  [jvm.dll+0x5e4649]
V  [jvm.dll+0x5e3e90]
V  [jvm.dll+0x5e3e56]
V  [jvm.dll+0x5e3ea4]
V  [jvm.dll+0x5f61e5]
V  [jvm.dll+0x24fbc2]
V  [jvm.dll+0x248643]
V  [jvm.dll+0x246004]
V  [jvm.dll+0x1c6efe]
V  [jvm.dll+0x255819]
V  [jvm.dll+0x253daa]
V  [jvm.dll+0x3eebb6]
V  [jvm.dll+0x7ffa1b]
V  [jvm.dll+0x6c94fd]
C  [ucrtbase.dll+0x21bb2]
C  [KERNEL32.DLL+0x17374]
C  [ntdll.dll+0x4cc91]


---------------  P R O C E S S  ---------------

Threads class SMR info:
_java_thread_list=0x0000021e76d8e2b0, length=12, elements={
0x0000021e508e1600, 0x0000021e704d95e0, 0x0000021e704da6a0, 0x0000021e704de420,
0x0000021e704dee70, 0x0000021e704df8c0, 0x0000021e704e0310, 0x0000021e704e30a0,
0x0000021e7054d050, 0x0000021e70732ba0, 0x0000021e707353d0, 0x0000021e75ee8f70
}

Java Threads: ( => current thread )
  0x0000021e508e1600 JavaThread "main"                              [_thread_in_vm, id=28076, stack(0x0000007377600000,0x0000007377700000) (1024K)]
  0x0000021e704d95e0 JavaThread "Reference Handler"          daemon [_thread_blocked, id=32676, stack(0x0000007377e00000,0x0000007377f00000) (1024K)]
  0x0000021e704da6a0 JavaThread "Finalizer"                  daemon [_thread_blocked, id=20484, stack(0x0000007377f00000,0x0000007378000000) (1024K)]
  0x0000021e704de420 JavaThread "Signal Dispatcher"          daemon [_thread_blocked, id=3364, stack(0x0000007378000000,0x0000007378100000) (1024K)]
  0x0000021e704dee70 JavaThread "Attach Listener"            daemon [_thread_blocked, id=28940, stack(0x0000007378100000,0x0000007378200000) (1024K)]
  0x0000021e704df8c0 JavaThread "Service Thread"             daemon [_thread_blocked, id=12788, stack(0x0000007378200000,0x0000007378300000) (1024K)]
  0x0000021e704e0310 JavaThread "Monitor Deflation Thread"   daemon [_thread_blocked, id=21948, stack(0x0000007378300000,0x0000007378400000) (1024K)]
=>0x0000021e704e30a0 JavaThread "C2 CompilerThread0"         daemon [_thread_in_native, id=19440, stack(0x0000007378400000,0x0000007378500000) (1024K)]
  0x0000021e7054d050 JavaThread "C1 CompilerThread0"         daemon [_thread_blocked, id=22216, stack(0x0000007378500000,0x0000007378600000) (1024K)]
  0x0000021e70732ba0 JavaThread "Notification Thread"        daemon [_thread_blocked, id=29516, stack(0x0000007378600000,0x0000007378700000) (1024K)]
  0x0000021e707353d0 JavaThread "Common-Cleaner"             daemon [_thread_blocked, id=6340, stack(0x0000007378700000,0x0000007378800000) (1024K)]
  0x0000021e75ee8f70 JavaThread "Thread-1"                   daemon [_thread_blocked, id=16000, stack(0x0000007378800000,0x0000007378900000) (1024K)]
Total: 12

Other Threads:
  0x0000021e508bedf0 VMThread "VM Thread"                           [id=6528, stack(0x0000007377d00000,0x0000007377e00000) (1024K)]
  0x0000021e704af200 WatcherThread "VM Periodic Task Thread"        [id=11980, stack(0x0000007377c00000,0x0000007377d00000) (1024K)]
  0x0000021e508bdf70 WorkerThread "GC Thread#0"                     [id=27052, stack(0x0000007377700000,0x0000007377800000) (1024K)]
  0x0000021e508bf190 WorkerThread "GC Thread#1"                     [id=19368, stack(0x0000007378a00000,0x0000007378b00000) (1024K)]
  0x0000021e7539dbb0 WorkerThread "GC Thread#2"                     [id=13572, stack(0x0000007378b00000,0x0000007378c00000) (1024K)]
  0x0000021e7539c5f0 WorkerThread "GC Thread#3"                     [id=25284, stack(0x0000007378c00000,0x0000007378d00000) (1024K)]
  0x0000021e7539d470 WorkerThread "GC Thread#4"                     [id=27964, stack(0x0000007378d00000,0x0000007378e00000) (1024K)]
  0x0000021e7539f170 WorkerThread "GC Thread#5"                     [id=24604, stack(0x0000007378e00000,0x0000007378f00000) (1024K)]
  0x0000021e7539bb10 WorkerThread "GC Thread#6"                     [id=27780, stack(0x0000007378f00000,0x0000007379000000) (1024K)]
  0x0000021e7539c990 WorkerThread "GC Thread#7"                     [id=28372, stack(0x0000007379000000,0x0000007379100000) (1024K)]
  0x0000021e52a1c890 ConcurrentGCThread "G1 Main Marker"            [id=26896, stack(0x0000007377800000,0x0000007377900000) (1024K)]
  0x0000021e508bdbd0 WorkerThread "G1 Conc#0"                       [id=4668, stack(0x0000007377900000,0x0000007377a00000) (1024K)]
  0x0000021e7535dd50 WorkerThread "G1 Conc#1"                       [id=25064, stack(0x0000007378900000,0x0000007378a00000) (1024K)]
  0x0000021e52a8e340 ConcurrentGCThread "G1 Refine#0"               [id=28708, stack(0x0000007377a00000,0x0000007377b00000) (1024K)]
  0x0000021e70380090 ConcurrentGCThread "G1 Service"                [id=28284, stack(0x0000007377b00000,0x0000007377c00000) (1024K)]
Total: 15

Threads with active compile tasks:
C2 CompilerThread0    52851 5587       4       jdk.internal.org.objectweb.asm.SymbolTable::addConstantUtf8Reference (101 bytes)
Total: 1

VM state: not at safepoint (normal execution)

VM Mutex/Monitor currently owned by a thread:  ([mutex/lock_event])
[0x00007ff98f81be50] Metaspace_lock - owner thread: 0x0000021e508e1600

Heap address: 0x0000000748c00000, size: 2932 MB, Compressed Oops mode: Zero based, Oop shift amount: 3

CDS archive(s) mapped at: [0x0000021e00000000-0x0000021e00c90000-0x0000021e00c90000), size 13172736, SharedBaseAddress: 0x0000021e00000000, ArchiveRelocationMode: 1.
Compressed class space mapped at: 0x0000021e01000000-0x0000021e41000000, reserved size: 1073741824
Narrow klass base: 0x0000021e00000000, Narrow klass shift: 0, Narrow klass range: 0x100000000

GC Precious Log:
 CardTable entry size: 512
 Card Set container configuration: InlinePtr #cards 4 size 8 Array Of Cards #cards 16 size 48 Howl #buckets 8 coarsen threshold 3686 Howl Bitmap #cards 512 size 80 coarsen threshold 460 Card regions per heap region 1 cards per card region 4096
 CPUs: 8 total, 8 available
 Memory: 11723M
 Large Page Support: Disabled
 NUMA Support: Disabled
 Compressed Oops: Enabled (Zero based)
 Heap Region Size: 2M
 Heap Min Capacity: 8M
 Heap Initial Capacity: 184M
 Heap Max Capacity: 2932M
 Pre-touch: Disabled
 Parallel Workers: 8
 Concurrent Workers: 2
 Concurrent Refinement Workers: 8
 Periodic GC: Disabled

Heap:
 garbage-first heap   total 102400K, used 29347K [0x0000000748c00000, 0x0000000800000000)
  region size 2048K, 7 young (14336K), 5 survivors (10240K)
 Metaspace       used 24832K, committed 25152K, reserved 1114112K
  class space    used 2789K, committed 2944K, reserved 1048576K

Heap Regions: E=young(eden), S=young(survivor), O=old, HS=humongous(starts), HC=humongous(continues), CS=collection set, F=free, TAMS=top-at-mark-start, PB=parsable bottom
|   0|0x0000000748c00000, 0x0000000748e00000, 0x0000000748e00000|100%| O|  |TAMS 0x0000000748c00000| PB 0x0000000748c00000| Untracked 
|   1|0x0000000748e00000, 0x0000000749000000, 0x0000000749000000|100%| O|  |TAMS 0x0000000748e00000| PB 0x0000000748e00000| Untracked 
|   2|0x0000000749000000, 0x0000000749000000, 0x0000000749200000|  0%| F|  |TAMS 0x0000000749000000| PB 0x0000000749000000| Untracked 
|   3|0x0000000749200000, 0x0000000749200000, 0x0000000749400000|  0%| F|  |TAMS 0x0000000749200000| PB 0x0000000749200000| Untracked 
|   4|0x0000000749400000, 0x0000000749400000, 0x0000000749600000|  0%| F|  |TAMS 0x0000000749400000| PB 0x0000000749400000| Untracked 
|   5|0x0000000749600000, 0x0000000749600000, 0x0000000749800000|  0%| F|  |TAMS 0x0000000749600000| PB 0x0000000749600000| Untracked 
|   6|0x0000000749800000, 0x0000000749800000, 0x0000000749a00000|  0%| F|  |TAMS 0x0000000749800000| PB 0x0000000749800000| Untracked 
|   7|0x0000000749a00000, 0x0000000749a00000, 0x0000000749c00000|  0%| F|  |TAMS 0x0000000749a00000| PB 0x0000000749a00000| Untracked 
|   8|0x0000000749c00000, 0x0000000749c00000, 0x0000000749e00000|  0%| F|  |TAMS 0x0000000749c00000| PB 0x0000000749c00000| Untracked 
|   9|0x0000000749e00000, 0x0000000749e00000, 0x000000074a000000|  0%| F|  |TAMS 0x0000000749e00000| PB 0x0000000749e00000| Untracked 
|  10|0x000000074a000000, 0x000000074a000000, 0x000000074a200000|  0%| F|  |TAMS 0x000000074a000000| PB 0x000000074a000000| Untracked 
|  11|0x000000074a200000, 0x000000074a200000, 0x000000074a400000|  0%| F|  |TAMS 0x000000074a200000| PB 0x000000074a200000| Untracked 
|  12|0x000000074a400000, 0x000000074a400000, 0x000000074a600000|  0%| F|  |TAMS 0x000000074a400000| PB 0x000000074a400000| Untracked 
|  13|0x000000074a600000, 0x000000074a600000, 0x000000074a800000|  0%| F|  |TAMS 0x000000074a600000| PB 0x000000074a600000| Untracked 
|  14|0x000000074a800000, 0x000000074a800000, 0x000000074aa00000|  0%| F|  |TAMS 0x000000074a800000| PB 0x000000074a800000| Untracked 
|  15|0x000000074aa00000, 0x000000074aa00000, 0x000000074ac00000|  0%| F|  |TAMS 0x000000074aa00000| PB 0x000000074aa00000| Untracked 
|  16|0x000000074ac00000, 0x000000074ac00000, 0x000000074ae00000|  0%| F|  |TAMS 0x000000074ac00000| PB 0x000000074ac00000| Untracked 
|  17|0x000000074ae00000, 0x000000074ae00000, 0x000000074b000000|  0%| F|  |TAMS 0x000000074ae00000| PB 0x000000074ae00000| Untracked 
|  18|0x000000074b000000, 0x000000074b000000, 0x000000074b200000|  0%| F|  |TAMS 0x000000074b000000| PB 0x000000074b000000| Untracked 
|  19|0x000000074b200000, 0x000000074b200000, 0x000000074b400000|  0%| F|  |TAMS 0x000000074b200000| PB 0x000000074b200000| Untracked 
|  20|0x000000074b400000, 0x000000074b600000, 0x000000074b600000|100%|HS|  |TAMS 0x000000074b400000| PB 0x000000074b400000| Complete 
|  21|0x000000074b600000, 0x000000074b800000, 0x000000074b800000|100%|HC|  |TAMS 0x000000074b600000| PB 0x000000074b600000| Complete 
|  22|0x000000074b800000, 0x000000074ba00000, 0x000000074ba00000|100%| O|  |TAMS 0x000000074b800000| PB 0x000000074b800000| Untracked 
|  23|0x000000074ba00000, 0x000000074bc00000, 0x000000074bc00000|100%| O|  |TAMS 0x000000074ba00000| PB 0x000000074ba00000| Untracked 
|  24|0x000000074bc00000, 0x000000074be00000, 0x000000074be00000|100%| O|  |TAMS 0x000000074bc00000| PB 0x000000074bc00000| Untracked 
|  25|0x000000074be00000, 0x000000074c000000, 0x000000074c000000|100%| O|  |TAMS 0x000000074be00000| PB 0x000000074be00000| Untracked 
|  26|0x000000074c000000, 0x000000074c200000, 0x000000074c200000|100%| O|  |TAMS 0x000000074c000000| PB 0x000000074c000000| Untracked 
|  27|0x000000074c200000, 0x000000074c200000, 0x000000074c400000|  0%| F|  |TAMS 0x000000074c200000| PB 0x000000074c200000| Untracked 
|  28|0x000000074c400000, 0x000000074c400000, 0x000000074c600000|  0%| F|  |TAMS 0x000000074c400000| PB 0x000000074c400000| Untracked 
|  29|0x000000074c600000, 0x000000074c600000, 0x000000074c800000|  0%| F|  |TAMS 0x000000074c600000| PB 0x000000074c600000| Untracked 
|  30|0x000000074c800000, 0x000000074c800000, 0x000000074ca00000|  0%| F|  |TAMS 0x000000074c800000| PB 0x000000074c800000| Untracked 
|  31|0x000000074ca00000, 0x000000074ca00000, 0x000000074cc00000|  0%| F|  |TAMS 0x000000074ca00000| PB 0x000000074ca00000| Untracked 
|  32|0x000000074cc00000, 0x000000074cc00000, 0x000000074ce00000|  0%| F|  |TAMS 0x000000074cc00000| PB 0x000000074cc00000| Untracked 
|  33|0x000000074ce00000, 0x000000074ce00000, 0x000000074d000000|  0%| F|  |TAMS 0x000000074ce00000| PB 0x000000074ce00000| Untracked 
|  34|0x000000074d000000, 0x000000074d000000, 0x000000074d200000|  0%| F|  |TAMS 0x000000074d000000| PB 0x000000074d000000| Untracked 
|  35|0x000000074d200000, 0x000000074d200000, 0x000000074d400000|  0%| F|  |TAMS 0x000000074d200000| PB 0x000000074d200000| Untracked 
|  36|0x000000074d400000, 0x000000074d400000, 0x000000074d600000|  0%| F|  |TAMS 0x000000074d400000| PB 0x000000074d400000| Untracked 
|  37|0x000000074d600000, 0x000000074d600000, 0x000000074d800000|  0%| F|  |TAMS 0x000000074d600000| PB 0x000000074d600000| Untracked 
|  38|0x000000074d800000, 0x000000074d800000, 0x000000074da00000|  0%| F|  |TAMS 0x000000074d800000| PB 0x000000074d800000| Untracked 
|  39|0x000000074da00000, 0x000000074da00000, 0x000000074dc00000|  0%| F|  |TAMS 0x000000074da00000| PB 0x000000074da00000| Untracked 
|  40|0x000000074dc00000, 0x000000074dc00000, 0x000000074de00000|  0%| F|  |TAMS 0x000000074dc00000| PB 0x000000074dc00000| Untracked 
|  41|0x000000074de00000, 0x000000074de00000, 0x000000074e000000|  0%| F|  |TAMS 0x000000074de00000| PB 0x000000074de00000| Untracked 
|  42|0x000000074e000000, 0x000000074e000000, 0x000000074e200000|  0%| F|  |TAMS 0x000000074e000000| PB 0x000000074e000000| Untracked 
|  43|0x000000074e200000, 0x000000074e246580, 0x000000074e400000| 13%| E|  |TAMS 0x000000074e200000| PB 0x000000074e200000| Complete 
|  85|0x0000000753600000, 0x00000007536a8d80, 0x0000000753800000| 32%| S|CS|TAMS 0x0000000753600000| PB 0x0000000753600000| Complete 
|  86|0x0000000753800000, 0x0000000753a00000, 0x0000000753a00000|100%| S|CS|TAMS 0x0000000753800000| PB 0x0000000753800000| Complete 
|  87|0x0000000753a00000, 0x0000000753c00000, 0x0000000753c00000|100%| S|CS|TAMS 0x0000000753a00000| PB 0x0000000753a00000| Complete 
|  88|0x0000000753c00000, 0x0000000753e00000, 0x0000000753e00000|100%| S|CS|TAMS 0x0000000753c00000| PB 0x0000000753c00000| Complete 
|  89|0x0000000753e00000, 0x0000000754000000, 0x0000000754000000|100%| S|CS|TAMS 0x0000000753e00000| PB 0x0000000753e00000| Complete 
|  91|0x0000000754200000, 0x0000000754400000, 0x0000000754400000|100%| E|CS|TAMS 0x0000000754200000| PB 0x0000000754200000| Complete 

Card table byte_map: [0x0000021e6a760000,0x0000021e6ad20000] _byte_map_base: 0x0000021e66d1a000

Marking Bits: (CMBitMap*) 0x0000021e52a10870
 Bits: [0x0000021e6ad20000, 0x0000021e6daf0000)

Polling page: 0x0000021e50860000

Metaspace:

Usage:
  Non-class:     21.53 MB used.
      Class:      2.72 MB used.
       Both:     24.25 MB used.

Virtual space:
  Non-class space:       64.00 MB reserved,      21.69 MB ( 34%) committed,  1 nodes.
      Class space:        1.00 GB reserved,       2.88 MB ( <1%) committed,  1 nodes.
             Both:        1.06 GB reserved,      24.56 MB (  2%) committed. 

Chunk freelists:
   Non-Class:  10.30 MB
       Class:  13.05 MB
        Both:  23.34 MB

MaxMetaspaceSize: unlimited
CompressedClassSpaceSize: 1.00 GB
Initial GC threshold: 21.00 MB
Current GC threshold: 38.12 MB
CDS: on
 - commit_granule_bytes: 65536.
 - commit_granule_words: 8192.
 - virtual_space_node_default_size: 8388608.
 - enlarge_chunks_in_place: 1.
 - use_allocation_guard: 0.


Internal statistics:

num_allocs_failed_limit: 18.
num_arena_births: 220.
num_arena_deaths: 0.
num_vsnodes_births: 2.
num_vsnodes_deaths: 0.
num_space_committed: 393.
num_space_uncommitted: 0.
num_chunks_returned_to_freelist: 18.
num_chunks_taken_from_freelist: 1065.
num_chunk_merges: 18.
num_chunk_splits: 794.
num_chunks_enlarged: 632.
num_inconsistent_stats: 0.

CodeHeap 'non-profiled nmethods': size=120000Kb used=3267Kb max_used=3267Kb free=116732Kb
 bounds [0x0000021e62930000, 0x0000021e62c70000, 0x0000021e69e60000]
CodeHeap 'profiled nmethods': size=120000Kb used=12412Kb max_used=12412Kb free=107587Kb
 bounds [0x0000021e5ae60000, 0x0000021e5ba80000, 0x0000021e62390000]
CodeHeap 'non-nmethods': size=5760Kb used=1437Kb max_used=1473Kb free=4322Kb
 bounds [0x0000021e62390000, 0x0000021e62600000, 0x0000021e62930000]
 total_blobs=6115 nmethods=5589 adapters=430
 compilation: enabled
              stopped_count=0, restarted_count=0
 full_count=0

Compilation events (20 events):
Event: 52.758 Thread 0x0000021e7054d050 nmethod 5586 0x0000021e5ba77a10 code [0x0000021e5ba77bc0, 0x0000021e5ba77d10]
Event: 52.759 Thread 0x0000021e704e30a0 nmethod 5585 0x0000021e62c60490 code [0x0000021e62c60640, 0x0000021e62c60830]
Event: 52.760 Thread 0x0000021e704e30a0 5587       4       jdk.internal.org.objectweb.asm.SymbolTable::addConstantUtf8Reference (101 bytes)
Event: 52.760 Thread 0x0000021e7054d050 5588       3       jdk.internal.misc.VM::initLevel (4 bytes)
Event: 52.760 Thread 0x0000021e7054d050 nmethod 5588 0x0000021e5ba77e10 code [0x0000021e5ba77fa0, 0x0000021e5ba78098]
Event: 52.760 Thread 0x0000021e7054d050 5589       3       java.lang.invoke.ClassSpecializer$SpeciesData::fieldCount (10 bytes)
Event: 52.761 Thread 0x0000021e7054d050 nmethod 5589 0x0000021e5ba78110 code [0x0000021e5ba782c0, 0x0000021e5ba784a0]
Event: 52.762 Thread 0x0000021e7054d050 5590       3       jdk.internal.org.objectweb.asm.MethodVisitor::visitMethodInsn (80 bytes)
Event: 52.762 Thread 0x0000021e7054d050 nmethod 5590 0x0000021e5ba78590 code [0x0000021e5ba78780, 0x0000021e5ba78c50]
Event: 52.764 Thread 0x0000021e7054d050 5592       3       java.lang.invoke.TypeConvertingMethodAdapter::<init> (8 bytes)
Event: 52.764 Thread 0x0000021e7054d050 nmethod 5592 0x0000021e5ba78d90 code [0x0000021e5ba78f40, 0x0000021e5ba79088]
Event: 52.764 Thread 0x0000021e7054d050 5593       3       jdk.internal.org.objectweb.asm.MethodVisitor::visitCode (15 bytes)
Event: 52.764 Thread 0x0000021e7054d050 nmethod 5593 0x0000021e5ba79110 code [0x0000021e5ba792c0, 0x0000021e5ba794d0]
Event: 52.764 Thread 0x0000021e7054d050 5594       3       jdk.internal.org.objectweb.asm.MethodVisitor::visitMaxs (17 bytes)
Event: 52.764 Thread 0x0000021e7054d050 nmethod 5594 0x0000021e5ba79590 code [0x0000021e5ba79740, 0x0000021e5ba79950]
Event: 52.765 Thread 0x0000021e7054d050 5595       3       com.sun.tools.javac.util.List::<init> (15 bytes)
Event: 52.765 Thread 0x0000021e7054d050 nmethod 5595 0x0000021e5ba79a10 code [0x0000021e5ba79bc0, 0x0000021e5ba79e50]
Event: 52.765 Thread 0x0000021e7054d050 5596       3       jdk.internal.org.objectweb.asm.ClassWriter::visitEnd (1 bytes)
Event: 52.765 Thread 0x0000021e7054d050 nmethod 5596 0x0000021e5ba79f10 code [0x0000021e5ba7a0a0, 0x0000021e5ba7a1a8]
Event: 52.765 Thread 0x0000021e7054d050 5597   !   3       java.lang.invoke.InnerClassLambdaMetafactory::generateInnerClass (506 bytes)

GC Heap History (10 events):
Event: 7.831 GC heap before
{Heap before GC invocations=0 (full 0):
 garbage-first heap   total 188416K, used 22528K [0x0000000748c00000, 0x0000000800000000)
  region size 2048K, 11 young (22528K), 0 survivors (0K)
 Metaspace       used 5611K, committed 5824K, reserved 1114112K
  class space    used 645K, committed 768K, reserved 1048576K
}
Event: 8.059 GC heap after
{Heap after GC invocations=1 (full 0):
 garbage-first heap   total 188416K, used 3840K [0x0000000748c00000, 0x0000000800000000)
  region size 2048K, 2 young (4096K), 2 survivors (4096K)
 Metaspace       used 5611K, committed 5824K, reserved 1114112K
  class space    used 645K, committed 768K, reserved 1048576K
}
Event: 12.552 GC heap before
{Heap before GC invocations=1 (full 0):
 garbage-first heap   total 188416K, used 34560K [0x0000000748c00000, 0x0000000800000000)
  region size 2048K, 17 young (34816K), 2 survivors (4096K)
 Metaspace       used 9533K, committed 9664K, reserved 1114112K
  class space    used 1119K, committed 1216K, reserved 1048576K
}
Event: 12.560 GC heap after
{Heap after GC invocations=2 (full 0):
 garbage-first heap   total 188416K, used 5330K [0x0000000748c00000, 0x0000000800000000)
  region size 2048K, 1 young (2048K), 1 survivors (2048K)
 Metaspace       used 9533K, committed 9664K, reserved 1114112K
  class space    used 1119K, committed 1216K, reserved 1048576K
}
Event: 32.788 GC heap before
{Heap before GC invocations=2 (full 0):
 garbage-first heap   total 188416K, used 115922K [0x0000000748c00000, 0x0000000800000000)
  region size 2048K, 55 young (112640K), 1 survivors (2048K)
 Metaspace       used 16490K, committed 16768K, reserved 1114112K
  class space    used 1848K, committed 1984K, reserved 1048576K
}
Event: 32.810 GC heap after
{Heap after GC invocations=3 (full 0):
 garbage-first heap   total 188416K, used 15804K [0x0000000748c00000, 0x0000000800000000)
  region size 2048K, 6 young (12288K), 6 survivors (12288K)
 Metaspace       used 16490K, committed 16768K, reserved 1114112K
  class space    used 1848K, committed 1984K, reserved 1048576K
}
Event: 50.646 GC heap before
{Heap before GC invocations=3 (full 0):
 garbage-first heap   total 188416K, used 155068K [0x0000000748c00000, 0x0000000800000000)
  region size 2048K, 55 young (112640K), 6 survivors (12288K)
 Metaspace       used 20712K, committed 20992K, reserved 1114112K
  class space    used 2296K, committed 2432K, reserved 1048576K
}
Event: 50.668 GC heap after
{Heap after GC invocations=4 (full 0):
 garbage-first heap   total 188416K, used 29600K [0x0000000748c00000, 0x0000000800000000)
  region size 2048K, 4 young (8192K), 4 survivors (8192K)
 Metaspace       used 20712K, committed 20992K, reserved 1114112K
  class space    used 2296K, committed 2432K, reserved 1048576K
}
Event: 51.116 GC heap before
{Heap before GC invocations=4 (full 0):
 garbage-first heap   total 188416K, used 31648K [0x0000000748c00000, 0x0000000800000000)
  region size 2048K, 6 young (12288K), 4 survivors (8192K)
 Metaspace       used 21263K, committed 21504K, reserved 1114112K
  class space    used 2378K, committed 2496K, reserved 1048576K
}
Event: 51.125 GC heap after
{Heap after GC invocations=5 (full 0):
 garbage-first heap   total 188416K, used 27299K [0x0000000748c00000, 0x0000000800000000)
  region size 2048K, 5 young (10240K), 5 survivors (10240K)
 Metaspace       used 21263K, committed 21504K, reserved 1114112K
  class space    used 2378K, committed 2496K, reserved 1048576K
}

Dll operation events (8 events):
Event: 0.369 Loaded shared library C:\Program Files\Java\jdk-21\bin\java.dll
Event: 0.737 Loaded shared library C:\Program Files\Java\jdk-21\bin\jsvml.dll
Event: 1.070 Loaded shared library C:\Program Files\Java\jdk-21\bin\net.dll
Event: 1.074 Loaded shared library C:\Program Files\Java\jdk-21\bin\nio.dll
Event: 1.080 Loaded shared library C:\Program Files\Java\jdk-21\bin\zip.dll
Event: 2.646 Loaded shared library C:\Program Files\Java\jdk-21\bin\jimage.dll
Event: 2.943 Loaded shared library C:\Users\2oleg\Downloads\apache-maven-3.9.11-bin\apache-maven-3.9.11\lib\jansi-native\Windows\x86_64\jansi.dll
Event: 2.969 Loaded shared library C:\Program Files\Java\jdk-21\bin\verify.dll

Deoptimization events (20 events):
Event: 50.683 Thread 0x0000021e508e1600 Uncommon trap: trap_request=0xffffffbe fr.pc=0x0000021e62c40f34 relative=0x0000000000000294
Event: 50.683 Thread 0x0000021e508e1600 Uncommon trap: reason=profile_predicate action=maybe_recompile pc=0x0000021e62c40f34 method=java.util.LinkedHashMap.valuesToArray([Ljava/lang/Object;Z)[Ljava/lang/Object; @ 51 c2
Event: 50.683 Thread 0x0000021e508e1600 DEOPT PACKING pc=0x0000021e62c40f34 sp=0x00000073776fd420
Event: 50.683 Thread 0x0000021e508e1600 DEOPT UNPACKING pc=0x0000021e623e46a2 sp=0x00000073776fd3d8 mode 2
Event: 50.683 Thread 0x0000021e508e1600 Uncommon trap: trap_request=0xffffffbe fr.pc=0x0000021e62c40f34 relative=0x0000000000000294
Event: 50.683 Thread 0x0000021e508e1600 Uncommon trap: reason=profile_predicate action=maybe_recompile pc=0x0000021e62c40f34 method=java.util.LinkedHashMap.valuesToArray([Ljava/lang/Object;Z)[Ljava/lang/Object; @ 51 c2
Event: 50.683 Thread 0x0000021e508e1600 DEOPT PACKING pc=0x0000021e62c40f34 sp=0x00000073776fd420
Event: 50.683 Thread 0x0000021e508e1600 DEOPT UNPACKING pc=0x0000021e623e46a2 sp=0x00000073776fd3d8 mode 2
Event: 50.683 Thread 0x0000021e508e1600 Uncommon trap: trap_request=0xffffffbe fr.pc=0x0000021e62c40f34 relative=0x0000000000000294
Event: 50.683 Thread 0x0000021e508e1600 Uncommon trap: reason=profile_predicate action=maybe_recompile pc=0x0000021e62c40f34 method=java.util.LinkedHashMap.valuesToArray([Ljava/lang/Object;Z)[Ljava/lang/Object; @ 51 c2
Event: 50.683 Thread 0x0000021e508e1600 DEOPT PACKING pc=0x0000021e62c40f34 sp=0x00000073776fd420
Event: 50.683 Thread 0x0000021e508e1600 DEOPT UNPACKING pc=0x0000021e623e46a2 sp=0x00000073776fd3d8 mode 2
Event: 50.683 Thread 0x0000021e508e1600 Uncommon trap: trap_request=0xffffffbe fr.pc=0x0000021e62c40f34 relative=0x0000000000000294
Event: 50.683 Thread 0x0000021e508e1600 Uncommon trap: reason=profile_predicate action=maybe_recompile pc=0x0000021e62c40f34 method=java.util.LinkedHashMap.valuesToArray([Ljava/lang/Object;Z)[Ljava/lang/Object; @ 51 c2
Event: 50.683 Thread 0x0000021e508e1600 DEOPT PACKING pc=0x0000021e62c40f34 sp=0x00000073776fd420
Event: 50.683 Thread 0x0000021e508e1600 DEOPT UNPACKING pc=0x0000021e623e46a2 sp=0x00000073776fd3d8 mode 2
Event: 51.106 Thread 0x0000021e508e1600 Uncommon trap: trap_request=0xffffff45 fr.pc=0x0000021e62c29ec4 relative=0x0000000000002284
Event: 51.106 Thread 0x0000021e508e1600 Uncommon trap: reason=unstable_if action=reinterpret pc=0x0000021e62c29ec4 method=java.util.regex.Pattern.compile()V @ 408 c2
Event: 51.106 Thread 0x0000021e508e1600 DEOPT PACKING pc=0x0000021e62c29ec4 sp=0x00000073776fcc80
Event: 51.106 Thread 0x0000021e508e1600 DEOPT UNPACKING pc=0x0000021e623e46a2 sp=0x00000073776fcc60 mode 2

Classes loaded (20 events):
Event: 49.780 Loading class java/nio/file/attribute/AclFileAttributeView
Event: 49.780 Loading class java/nio/file/attribute/FileOwnerAttributeView
Event: 49.780 Loading class java/nio/file/attribute/FileOwnerAttributeView done
Event: 49.780 Loading class java/nio/file/attribute/AclFileAttributeView done
Event: 49.780 Loading class sun/nio/fs/AbstractAclFileAttributeView done
Event: 49.780 Loading class sun/nio/fs/WindowsAclFileAttributeView done
Event: 49.781 Loading class sun/nio/fs/WindowsSecurity
Event: 49.781 Loading class sun/nio/fs/WindowsSecurity done
Event: 49.788 Loading class java/nio/file/attribute/PosixFileAttributeView
Event: 49.789 Loading class java/nio/file/attribute/PosixFileAttributeView done
Event: 50.387 Loading class java/nio/file/ClosedDirectoryStreamException
Event: 50.387 Loading class java/nio/file/ClosedDirectoryStreamException done
Event: 50.387 Loading class java/nio/file/DirectoryIteratorException
Event: 50.387 Loading class java/nio/file/DirectoryIteratorException done
Event: 50.397 Loading class java/util/TreeMap$KeySpliterator
Event: 50.397 Loading class java/util/TreeMap$TreeMapSpliterator
Event: 50.397 Loading class java/util/TreeMap$TreeMapSpliterator done
Event: 50.397 Loading class java/util/TreeMap$KeySpliterator done
Event: 50.881 Loading class java/util/regex/PatternSyntaxException
Event: 50.881 Loading class java/util/regex/PatternSyntaxException done

Classes unloaded (0 events):
No events

Classes redefined (0 events):
No events

Internal exceptions (20 events):
Event: 42.686 Thread 0x0000021e508e1600 Exception <a 'sun/nio/fs/WindowsException'{0x0000000750392a90}> (0x0000000750392a90) 
thrown [s\open\src\hotspot\share\prims\jni.cpp, line 520]
Event: 42.686 Thread 0x0000021e508e1600 Exception <a 'sun/nio/fs/WindowsException'{0x0000000750392e30}> (0x0000000750392e30) 
thrown [s\open\src\hotspot\share\prims\jni.cpp, line 520]
Event: 42.688 Thread 0x0000021e508e1600 Exception <a 'sun/nio/fs/WindowsException'{0x00000007503b6368}> (0x00000007503b6368) 
thrown [s\open\src\hotspot\share\prims\jni.cpp, line 520]
Event: 42.689 Thread 0x0000021e508e1600 Exception <a 'sun/nio/fs/WindowsException'{0x00000007503b66f8}> (0x00000007503b66f8) 
thrown [s\open\src\hotspot\share\prims\jni.cpp, line 520]
Event: 42.691 Thread 0x0000021e508e1600 Exception <a 'sun/nio/fs/WindowsException'{0x00000007503d89c0}> (0x00000007503d89c0) 
thrown [s\open\src\hotspot\share\prims\jni.cpp, line 520]
Event: 42.691 Thread 0x0000021e508e1600 Exception <a 'sun/nio/fs/WindowsException'{0x00000007503d8ce8}> (0x00000007503d8ce8) 
thrown [s\open\src\hotspot\share\prims\jni.cpp, line 520]
Event: 42.694 Thread 0x0000021e508e1600 Exception <a 'sun/nio/fs/WindowsException'{0x0000000750023938}> (0x0000000750023938) 
thrown [s\open\src\hotspot\share\prims\jni.cpp, line 520]
Event: 42.695 Thread 0x0000021e508e1600 Exception <a 'sun/nio/fs/WindowsException'{0x0000000750023c18}> (0x0000000750023c18) 
thrown [s\open\src\hotspot\share\prims\jni.cpp, line 520]
Event: 43.056 Thread 0x0000021e508e1600 Exception <a 'sun/nio/fs/WindowsException'{0x000000074fc349a0}> (0x000000074fc349a0) 
thrown [s\open\src\hotspot\share\prims\jni.cpp, line 520]
Event: 43.056 Thread 0x0000021e508e1600 Exception <a 'sun/nio/fs/WindowsException'{0x000000074fc34d40}> (0x000000074fc34d40) 
thrown [s\open\src\hotspot\share\prims\jni.cpp, line 520]
Event: 43.134 Thread 0x0000021e508e1600 Exception <a 'sun/nio/fs/WindowsException'{0x000000074fc475c8}> (0x000000074fc475c8) 
thrown [s\open\src\hotspot\share\prims\jni.cpp, line 520]
Event: 43.134 Thread 0x0000021e508e1600 Exception <a 'sun/nio/fs/WindowsException'{0x000000074fc478c8}> (0x000000074fc478c8) 
thrown [s\open\src\hotspot\share\prims\jni.cpp, line 520]
Event: 46.378 Thread 0x0000021e508e1600 Exception <a 'java/lang/IncompatibleClassChangeError'{0x000000074f635660}: Found class java.lang.Object, but interface was expected> (0x000000074f635660) 
thrown [s\open\src\hotspot\share\interpreter\linkResolver.cpp, line 840]
Event: 46.380 Thread 0x0000021e508e1600 Exception <a 'java/lang/NoSuchMethodError'{0x000000074f63b470}: 'void java.lang.invoke.DirectMethodHandle$Holder.invokeInterface(java.lang.Object, java.lang.Object, java.lang.Object)'> (0x000000074f63b470) 
thrown [s\open\src\hotspot\share\interpreter\linkResolver.cpp, line 773]
Event: 46.945 Thread 0x0000021e508e1600 Exception <a 'java/lang/NoSuchMethodError'{0x000000074f7f46e8}: 'int java.lang.invoke.DirectMethodHandle$Holder.invokeInterface(java.lang.Object, java.lang.Object)'> (0x000000074f7f46e8) 
thrown [s\open\src\hotspot\share\interpreter\linkResolver.cpp, line 773]
Event: 49.037 Thread 0x0000021e508e1600 Exception <a 'java/lang/NoSuchMethodError'{0x000000074e9b6780}: 'int java.lang.invoke.DirectMethodHandle$Holder.invokeVirtual(java.lang.Object, java.lang.Object, java.lang.Object)'> (0x000000074e9b6780) 
thrown [s\open\src\hotspot\share\interpreter\linkResolver.cpp, line 773]
Event: 49.116 Thread 0x0000021e508e1600 Exception <a 'java/lang/NoSuchMethodError'{0x000000074e9c34f8}: 'int java.lang.invoke.DirectMethodHandle$Holder.invokeStaticInit(java.lang.Object, java.lang.Object, java.lang.Object)'> (0x000000074e9c34f8) 
thrown [s\open\src\hotspot\share\interpreter\linkResolver.cpp, line 773]
Event: 50.404 Thread 0x0000021e508e1600 Implicit null exception at 0x0000021e62c417dd to 0x0000021e62c41a20
Event: 50.897 Thread 0x0000021e508e1600 Exception <a 'sun/nio/fs/WindowsException'{0x000000075419dbb0}> (0x000000075419dbb0) 
thrown [s\open\src\hotspot\share\prims\jni.cpp, line 520]
Event: 52.762 Thread 0x0000021e508e1600 Exception <a 'java/lang/NoSuchMethodError'{0x00000007543bb8f0}: 'java.lang.Object java.lang.invoke.DirectMethodHandle$Holder.newInvokeSpecial(java.lang.Object, java.lang.Object, java.lang.Object, java.lang.Object, java.lang.Object, java.lang.Object)'> (0x00000007543bb8f0) 
thrown [s\open\src\hotspot\share\interpreter\linkResolver.cpp, line 773]

ZGC Phase Switch (0 events):
No events

VM Operations (20 events):
Event: 49.788 Executing VM operation: HandshakeAllThreads (Deoptimize)
Event: 49.788 Executing VM operation: HandshakeAllThreads (Deoptimize) done
Event: 50.646 Executing VM operation: G1CollectForAllocation (G1 Evacuation Pause)
Event: 50.668 Executing VM operation: G1CollectForAllocation (G1 Evacuation Pause) done
Event: 51.115 Executing VM operation: CollectForMetadataAllocation (Metadata GC Threshold)
Event: 51.125 Executing VM operation: CollectForMetadataAllocation (Metadata GC Threshold) done
Event: 51.152 Executing VM operation: CollectForMetadataAllocation (Metadata GC Threshold)
Event: 51.152 Executing VM operation: CollectForMetadataAllocation (Metadata GC Threshold) done
Event: 51.459 Executing VM operation: CollectForMetadataAllocation (Metadata GC Threshold)
Event: 51.459 Executing VM operation: CollectForMetadataAllocation (Metadata GC Threshold) done
Event: 51.475 Executing VM operation: CollectForMetadataAllocation (Metadata GC Threshold)
Event: 51.475 Executing VM operation: CollectForMetadataAllocation (Metadata GC Threshold) done
Event: 51.657 Executing VM operation: CollectForMetadataAllocation (Metadata GC Threshold)
Event: 51.657 Executing VM operation: CollectForMetadataAllocation (Metadata GC Threshold) done
Event: 51.855 Executing VM operation: CollectForMetadataAllocation (Metadata GC Threshold)
Event: 51.855 Executing VM operation: CollectForMetadataAllocation (Metadata GC Threshold) done
Event: 52.012 Executing VM operation: G1PauseRemark
Event: 52.047 Executing VM operation: G1PauseRemark done
Event: 52.051 Executing VM operation: G1PauseCleanup
Event: 52.061 Executing VM operation: G1PauseCleanup done

Events (20 events):
Event: 36.914 Thread 0x0000021e7555ea90 Thread added: 0x0000021e7555ea90
Event: 37.233 Thread 0x0000021e76471970 Thread added: 0x0000021e76471970
Event: 39.359 Thread 0x0000021e76471970 Thread exited: 0x0000021e76471970
Event: 39.471 Thread 0x0000021e7555ea90 Thread exited: 0x0000021e7555ea90
Event: 40.299 Thread 0x0000021e757e9e80 Thread added: 0x0000021e757e9e80
Event: 40.551 Thread 0x0000021e75fe4b70 Thread added: 0x0000021e75fe4b70
Event: 42.547 Thread 0x0000021e75fe4b70 Thread exited: 0x0000021e75fe4b70
Event: 42.548 Thread 0x0000021e757e9e80 Thread exited: 0x0000021e757e9e80
Event: 42.559 Thread 0x0000021e75fe4b70 Thread added: 0x0000021e75fe4b70
Event: 42.562 Thread 0x0000021e754564c0 Thread added: 0x0000021e754564c0
Event: 46.500 Thread 0x0000021e754564c0 Thread exited: 0x0000021e754564c0
Event: 46.500 Thread 0x0000021e75fe4b70 Thread exited: 0x0000021e75fe4b70
Event: 48.612 Thread 0x0000021e773bd3d0 Thread added: 0x0000021e773bd3d0
Event: 50.025 Thread 0x0000021e773bd3d0 Thread exited: 0x0000021e773bd3d0
Event: 50.033 Thread 0x0000021e773bd3d0 Thread added: 0x0000021e773bd3d0
Event: 50.044 Thread 0x0000021e771f0260 Thread added: 0x0000021e771f0260
Event: 50.352 Thread 0x0000021e771f0260 Thread exited: 0x0000021e771f0260
Event: 50.352 Thread 0x0000021e773bd3d0 Thread exited: 0x0000021e773bd3d0
Event: 50.393 Thread 0x0000021e773bd3d0 Thread added: 0x0000021e773bd3d0
Event: 50.669 Thread 0x0000021e773bd3d0 Thread exited: 0x0000021e773bd3d0


Dynamic libraries:
0x00007ff703c60000 - 0x00007ff703c70000 	C:\Program Files\Java\jdk-21\bin\java.exe
0x00007ff9f5930000 - 0x00007ff9f5b28000 	C:\WINDOWS\SYSTEM32\ntdll.dll
0x00007ff9f5400000 - 0x00007ff9f54c2000 	C:\WINDOWS\System32\KERNEL32.DLL
0x00007ff9f3130000 - 0x00007ff9f3426000 	C:\WINDOWS\System32\KERNELBASE.dll
0x00007ff9f3820000 - 0x00007ff9f3920000 	C:\WINDOWS\System32\ucrtbase.dll
0x00007ff9e2300000 - 0x00007ff9e2319000 	C:\Program Files\Java\jdk-21\bin\jli.dll
0x00007ff9e31d0000 - 0x00007ff9e31eb000 	C:\Program Files\Java\jdk-21\bin\VCRUNTIME140.dll
0x00007ff9f3da0000 - 0x00007ff9f3e51000 	C:\WINDOWS\System32\ADVAPI32.dll
0x00007ff9f5820000 - 0x00007ff9f58be000 	C:\WINDOWS\System32\msvcrt.dll
0x00007ff9f4800000 - 0x00007ff9f489f000 	C:\WINDOWS\System32\sechost.dll
0x00007ff9f3c10000 - 0x00007ff9f3d30000 	C:\WINDOWS\System32\RPCRT4.dll
0x00007ff9f3560000 - 0x00007ff9f3587000 	C:\WINDOWS\System32\bcrypt.dll
0x00007ff9f3f40000 - 0x00007ff9f40e1000 	C:\WINDOWS\System32\USER32.dll
0x00007ff9f3100000 - 0x00007ff9f3122000 	C:\WINDOWS\System32\win32u.dll
0x00007ff9e4da0000 - 0x00007ff9e503b000 	C:\WINDOWS\WinSxS\amd64_microsoft.windows.common-controls_6595b64144ccf1df_6.0.19041.6456_none_60b8a6cb71f64256\COMCTL32.dll
0x00007ff9f47c0000 - 0x00007ff9f47eb000 	C:\WINDOWS\System32\GDI32.dll
0x00007ff9f2f90000 - 0x00007ff9f30a9000 	C:\WINDOWS\System32\gdi32full.dll
0x00007ff9f3590000 - 0x00007ff9f362d000 	C:\WINDOWS\System32\msvcp_win.dll
0x00007ff9ecd10000 - 0x00007ff9ecd1a000 	C:\WINDOWS\SYSTEM32\VERSION.dll
0x00007ff9f3f10000 - 0x00007ff9f3f3f000 	C:\WINDOWS\System32\IMM32.DLL
0x00007ff9ed3a0000 - 0x00007ff9ed3ac000 	C:\Program Files\Java\jdk-21\bin\vcruntime140_1.dll
0x00007ff9c7130000 - 0x00007ff9c71be000 	C:\Program Files\Java\jdk-21\bin\msvcp140.dll
0x00007ff98ebe0000 - 0x00007ff98f8fa000 	C:\Program Files\Java\jdk-21\bin\server\jvm.dll
0x00007ff9f4210000 - 0x00007ff9f427b000 	C:\WINDOWS\System32\WS2_32.dll
0x00007ff9f2df0000 - 0x00007ff9f2e3b000 	C:\WINDOWS\SYSTEM32\POWRPROF.dll
0x00007ff9e0140000 - 0x00007ff9e0167000 	C:\WINDOWS\SYSTEM32\WINMM.dll
0x00007ff9f2dd0000 - 0x00007ff9f2de2000 	C:\WINDOWS\SYSTEM32\UMPDC.dll
0x00007ff9f0dc0000 - 0x00007ff9f0dd2000 	C:\WINDOWS\SYSTEM32\kernel.appcore.dll
0x00007ff9ed370000 - 0x00007ff9ed37a000 	C:\Program Files\Java\jdk-21\bin\jimage.dll
0x00007ff9df840000 - 0x00007ff9dfa41000 	C:\WINDOWS\SYSTEM32\DBGHELP.DLL
0x00007ff9dd350000 - 0x00007ff9dd384000 	C:\WINDOWS\SYSTEM32\dbgcore.DLL
0x00007ff9f3630000 - 0x00007ff9f36b2000 	C:\WINDOWS\System32\bcryptPrimitives.dll
0x00007ff9e0be0000 - 0x00007ff9e0bff000 	C:\Program Files\Java\jdk-21\bin\java.dll
0x00007ff9f4930000 - 0x00007ff9f50a0000 	C:\WINDOWS\System32\SHELL32.dll
0x00007ff9f0fc0000 - 0x00007ff9f1765000 	C:\WINDOWS\SYSTEM32\windows.storage.dll
0x00007ff9f50a0000 - 0x00007ff9f53f4000 	C:\WINDOWS\System32\combase.dll
0x00007ff9f28e0000 - 0x00007ff9f290b000 	C:\WINDOWS\SYSTEM32\Wldp.dll
0x00007ff9f46f0000 - 0x00007ff9f47bd000 	C:\WINDOWS\System32\OLEAUT32.dll
0x00007ff9f3920000 - 0x00007ff9f39cd000 	C:\WINDOWS\System32\SHCORE.dll
0x00007ff9f57c0000 - 0x00007ff9f581b000 	C:\WINDOWS\System32\shlwapi.dll
0x00007ff9f2ec0000 - 0x00007ff9f2ee4000 	C:\WINDOWS\SYSTEM32\profapi.dll
0x00007ff9ab440000 - 0x00007ff9ab517000 	C:\Program Files\Java\jdk-21\bin\jsvml.dll
0x00007ff9ebd20000 - 0x00007ff9ebd30000 	C:\Program Files\Java\jdk-21\bin\net.dll
0x00007ff9ec950000 - 0x00007ff9eca5a000 	C:\WINDOWS\SYSTEM32\WINHTTP.dll
0x00007ff9f25f0000 - 0x00007ff9f265a000 	C:\WINDOWS\system32\mswsock.dll
0x00007ff9dbf20000 - 0x00007ff9dbf36000 	C:\Program Files\Java\jdk-21\bin\nio.dll
0x00007ff9d8a60000 - 0x00007ff9d8a78000 	C:\Program Files\Java\jdk-21\bin\zip.dll
0x00007ff9d0da0000 - 0x00007ff9d0dc4000 	C:\Users\2oleg\Downloads\apache-maven-3.9.11-bin\apache-maven-3.9.11\lib\jansi-native\Windows\x86_64\jansi.dll
0x00007ff9e8580000 - 0x00007ff9e8590000 	C:\Program Files\Java\jdk-21\bin\verify.dll

dbghelp: loaded successfully - version: 4.0.5 - missing functions: none
symbol engine: initialized successfully - sym options: 0x614 - pdb path: .;C:\Program Files\Java\jdk-21\bin;C:\WINDOWS\SYSTEM32;C:\WINDOWS\WinSxS\amd64_microsoft.windows.common-controls_6595b64144ccf1df_6.0.19041.6456_none_60b8a6cb71f64256;C:\Program Files\Java\jdk-21\bin\server;C:\Users\2oleg\Downloads\apache-maven-3.9.11-bin\apache-maven-3.9.11\lib\jansi-native\Windows\x86_64

VM Arguments:
jvm_args: --enable-native-access=ALL-UNNAMED -Dclassworlds.conf=C:\Users\2oleg\Downloads\apache-maven-3.9.11-bin\apache-maven-3.9.11\bin\m2.conf -Dmaven.home=C:\Users\2oleg\Downloads\apache-maven-3.9.11-bin\apache-maven-3.9.11 -Dlibrary.jansi.path=C:\Users\2oleg\Downloads\apache-maven-3.9.11-bin\apache-maven-3.9.11\lib\jansi-native -Dmaven.multiModuleProjectDirectory=C:\Users\2oleg\Downloads\Telegram Desktop\Kefir\Backend\TransactionSaga 
java_command: org.codehaus.plexus.classworlds.launcher.Launcher spring-boot:run -Dserver.port=8090 -DskipTests
java_class_path (initial): C:\Users\2oleg\Downloads\apache-maven-3.9.11-bin\apache-maven-3.9.11\boot\plexus-classworlds-2.9.0.jar
Launcher Type: SUN_STANDARD

[Global flags]
     intx CICompilerCount                          = 4                                         {product} {ergonomic}
     uint ConcGCThreads                            = 2                                         {product} {ergonomic}
     uint G1ConcRefinementThreads                  = 8                                         {product} {ergonomic}
   size_t G1HeapRegionSize                         = 2097152                                   {product} {ergonomic}
    uintx GCDrainStackTargetSize                   = 64                                        {product} {ergonomic}
   size_t InitialHeapSize                          = 192937984                                 {product} {ergonomic}
   size_t MarkStackSize                            = 4194304                                   {product} {ergonomic}
   size_t MaxHeapSize                              = 3074424832                                {product} {ergonomic}
   size_t MaxNewSize                               = 1843396608                                {product} {ergonomic}
   size_t MinHeapDeltaBytes                        = 2097152                                   {product} {ergonomic}
   size_t MinHeapSize                              = 8388608                                   {product} {ergonomic}
    uintx NonNMethodCodeHeapSize                   = 5839372                                {pd product} {ergonomic}
    uintx NonProfiledCodeHeapSize                  = 122909434                              {pd product} {ergonomic}
    uintx ProfiledCodeHeapSize                     = 122909434                              {pd product} {ergonomic}
    uintx ReservedCodeCacheSize                    = 251658240                              {pd product} {ergonomic}
     bool SegmentedCodeCache                       = true                                      {product} {ergonomic}
   size_t SoftMaxHeapSize                          = 3074424832                             {manageable} {ergonomic}
     bool UseCompressedOops                        = true                           {product lp64_product} {ergonomic}
     bool UseG1GC                                  = true                                      {product} {ergonomic}
     bool UseLargePagesIndividualAllocation        = false                                  {pd product} {ergonomic}

Logging:
Log output configuration:
 #0: stdout all=warning uptime,level,tags foldmultilines=false
 #1: stderr all=off uptime,level,tags foldmultilines=false

Environment Variables:
JAVA_HOME=C:\Program Files\Java\jdk-21
PATH=C:\Program Files\Common Files\Oracle\Java\javapath;C:\Program Files (x86)\Cuminas\Document Express DjVu Plug-in\;C:\Program Files (x86)\Razer Chroma SDK\bin;C:\Program Files\Razer Chroma SDK\bin;C:\WINDOWS\system32;C:\WINDOWS;C:\WINDOWS\System32\Wbem;C:\WINDOWS\System32\WindowsPowerShell\v1.0\;C:\WINDOWS\System32\OpenSSH\;C:\Program Files (x86)\NVIDIA Corporation\PhysX\Common;C:\WINDOWS\system32\config\systemprofile\AppData\Local\Microsoft\WindowsApps;C:\Program Files (x86)\Razer\ChromaBroadcast\bin;C:\Program Files\Razer\ChromaBroadcast\bin;C:\Users\2oleg\AppData\Local\Microsoft\WindowsApps;C:\Program Files\JetBrains\IntelliJ IDEA Community Edition 2024.3\bin;C:\Users\2oleg\AppData\Local\Programs\Microsoft VS Code\bin;C:\Program Files\Docker\Docker\resources\bin;C:\Users\2oleg\Downloads\curl-8.16.0_6-win64-mingw.zip\curl-8.16.0_6-win64-mingw\bin;C:\Users\2oleg\Downloads\curl-8.16.0_6-win64-mingw\curl-8.16.0_6-win64-mingw\bin;C:\Users\2oleg\Downloads\apache-maven-3.9.11-bin\apache-maven-3.9.11\bin;C:\ProgramData\chocolatey\bin;C:\Users\2oleg\AppData\Roaming\Cloud Foundry;C:\Program Files\Git\cmd;C:\Program Files\nodejs\;C:\Users\2oleg\AppData\Local\Muse Hub\lib;C:\Users\2oleg\AppData\Local\Microsoft\WindowsApps;C:\Program Files\JetBrains\IntelliJ IDEA Community Edition 2025.2.4\bin;C:\Users\2oleg\AppData\Local\Programs\Microsoft VS Code\bin;C:\Program Files\jq.exe;C:\Users\2oleg\AppData\Local\Microsoft\WinGet\Packages\jqlang.jq_Microsoft.Winget.Source_8wekyb3d8bbwe;C:\Program Files\Java\jdk-24;C:\Users\2oleg\Downloads\gradle-9.0.0-bin\gradle-9.0.0\bin;C:\Program Files\Docker\Docker\resources\bin;C:\Users\2oleg\AppData\Local\GitHubDesktop\bin;C:\Users\2oleg\AppData\Roaming\npm
USERNAME=2oleg
OS=Windows_NT
PROCESSOR_IDENTIFIER=Intel64 Family 6 Model 60 Stepping 3, GenuineIntel
TMP=C:\Users\2oleg\AppData\Local\Temp
TEMP=C:\Users\2oleg\AppData\Local\Temp




Periodic native trim disabled

---------------  S Y S T E M  ---------------

OS:
 Windows 10 , 64 bit Build 19041 (10.0.19041.5915)
OS uptime: 10 days 12:24 hours
Hyper-V role detected

CPU: total 8 (initial active 8) (4 cores per cpu, 2 threads per core) family 6 model 60 stepping 3 microcode 0x27, cx8, cmov, fxsr, ht, mmx, sse, sse2, sse3, ssse3, sse4.1, sse4.2, popcnt, lzcnt, tsc, tscinvbit, avx, avx2, aes, erms, clmul, bmi1, bmi2, fma, vzeroupper, clflush, hv, rdtscp, f16c
Processor Information for all 8 processors :
  Max Mhz: 2401, Current Mhz: 2401, Mhz Limit: 2401

Memory: 4k page, system-wide physical 11723M (1134M free)
TotalPageFile size 23723M (AvailPageFile size 22M)
current process WorkingSet (physical memory assigned to process): 189M, peak: 282M
current process commit charge ("private bytes"): 236M, peak: 336M

vm_info: Java HotSpot(TM) 64-Bit Server VM (21.0.7+8-LTS-245) for windows-amd64 JRE (21.0.7+8-LTS-245), built on 2025-02-21T05:11:27Z by "mach5one" with MS VC++ 17.6 (VS2022)

END.
