#
# There is insufficient memory for the Java Runtime Environment to continue.
# Native memory allocation (malloc) failed to allocate 844656 bytes for Chunk::new
# Possible reasons:
#   The system is out of physical RAM or swap space
#   The process is running with CompressedOops enabled, and the Java Heap may be blocking the growth of the native heap
# Possible solutions:
#   Reduce memory load on the system
#   Increase physical memory or swap space
#   Check if swap backing store is full
#   Decrease Java heap size (-Xmx/-Xms)
#   Decrease number of Java threads
#   Decrease Java thread stack sizes (-Xss)
#   Set larger code cache with -XX:ReservedCodeCacheSize=
#   JVM is running with Zero Based Compressed Oops mode in which the Java heap is
#     placed in the first 32GB address space. The Java Heap base address is the
#     maximum limit for the native heap growth. Please use -XX:HeapBaseMinAddress
#     to set the Java Heap base and to place the Java Heap above 32GB virtual address.
# This output file may be truncated or incomplete.
#
#  Out of Memory Error (arena.cpp:168), pid=20944, tid=11792
#
# JRE version: Java(TM) SE Runtime Environment (21.0.7+8) (build 21.0.7+8-LTS-245)
# Java VM: Java HotSpot(TM) 64-Bit Server VM (21.0.7+8-LTS-245, mixed mode, sharing, tiered, compressed oops, compressed class ptrs, g1 gc, windows-amd64)
# No core dump will be written. Minidumps are not enabled by default on client versions of Windows
#

---------------  S U M M A R Y ------------

Command Line: --enable-native-access=ALL-UNNAMED -Dclassworlds.conf=C:\Users\2oleg\Downloads\apache-maven-3.9.11-bin\apache-maven-3.9.11\bin\m2.conf -Dmaven.home=C:\Users\2oleg\Downloads\apache-maven-3.9.11-bin\apache-maven-3.9.11 -Dlibrary.jansi.path=C:\Users\2oleg\Downloads\apache-maven-3.9.11-bin\apache-maven-3.9.11\lib\jansi-native -Dmaven.multiModuleProjectDirectory=C:\Users\2oleg\Downloads\Telegram Desktop\Kefir\Backend\TransactionSaga org.codehaus.plexus.classworlds.launcher.Launcher spring-boot:run -Dserver.port=8090 -DskipTests

Host: Intel(R) Core(TM) i7-4700HQ CPU @ 2.40GHz, 8 cores, 11G,  Windows 10 , 64 bit Build 19041 (10.0.19041.5915)
Time: Sat Dec 20 01:16:05 2025 RTZ 2 (s 10 , 64 bit Build 19041 (10.0.19041.5915) elapsed time: 60.962562 seconds (0d 0h 1m 0s)

---------------  T H R E A D  ---------------

Current thread (0x000001e1bbff4920):  JavaThread "C2 CompilerThread0" daemon [_thread_in_native, id=11792, stack(0x0000006ca3700000,0x0000006ca3800000) (1024K)]


Current CompileTask:
C2:  60962 4743       4       java.util.regex.Pattern::compile (537 bytes)

Stack: [0x0000006ca3700000,0x0000006ca3800000]
Native frames: (J=compiled Java code, j=interpreted, Vv=VM code, C=native code)
V  [jvm.dll+0x6cae19]
V  [jvm.dll+0x855741]
V  [jvm.dll+0x857c6e]
V  [jvm.dll+0x858343]
V  [jvm.dll+0x27e0b6]
V  [jvm.dll+0xc4ecd]
V  [jvm.dll+0xc5403]
V  [jvm.dll+0x3b5752]
V  [jvm.dll+0x381e25]
V  [jvm.dll+0x38129a]
V  [jvm.dll+0x246b30]
V  [jvm.dll+0x24610f]
V  [jvm.dll+0x1c6efe]
V  [jvm.dll+0x255819]
V  [jvm.dll+0x253daa]
V  [jvm.dll+0x3eebb6]
V  [jvm.dll+0x7ffa1b]
V  [jvm.dll+0x6c94fd]
C  [ucrtbase.dll+0x21bb2]
C  [KERNEL32.DLL+0x17374]
C  [ntdll.dll+0x4cc91]


---------------  P R O C E S S  ---------------

Threads class SMR info:
_java_thread_list=0x000001e1bc7b92d0, length=12, elements={
0x000001e19c314760, 0x000001e1bbfe9be0, 0x000001e1bbfec8f0, 0x000001e1bbfedc90,
0x000001e1bbfee6e0, 0x000001e1bbfef130, 0x000001e1bbff1b90, 0x000001e1bbff4920,
0x000001e1bc05e050, 0x000001e1bc217a10, 0x000001e1bc21a240, 0x000001e1fe0c9be0
}

Java Threads: ( => current thread )
  0x000001e19c314760 JavaThread "main"                              [_thread_in_native, id=15740, stack(0x0000006ca2800000,0x0000006ca2900000) (1024K)]
  0x000001e1bbfe9be0 JavaThread "Reference Handler"          daemon [_thread_blocked, id=23956, stack(0x0000006ca3100000,0x0000006ca3200000) (1024K)]
  0x000001e1bbfec8f0 JavaThread "Finalizer"                  daemon [_thread_blocked, id=12728, stack(0x0000006ca3200000,0x0000006ca3300000) (1024K)]
  0x000001e1bbfedc90 JavaThread "Signal Dispatcher"          daemon [_thread_blocked, id=5084, stack(0x0000006ca3300000,0x0000006ca3400000) (1024K)]
  0x000001e1bbfee6e0 JavaThread "Attach Listener"            daemon [_thread_blocked, id=21136, stack(0x0000006ca3400000,0x0000006ca3500000) (1024K)]
  0x000001e1bbfef130 JavaThread "Service Thread"             daemon [_thread_blocked, id=15376, stack(0x0000006ca3500000,0x0000006ca3600000) (1024K)]
  0x000001e1bbff1b90 JavaThread "Monitor Deflation Thread"   daemon [_thread_blocked, id=21536, stack(0x0000006ca3600000,0x0000006ca3700000) (1024K)]
=>0x000001e1bbff4920 JavaThread "C2 CompilerThread0"         daemon [_thread_in_native, id=11792, stack(0x0000006ca3700000,0x0000006ca3800000) (1024K)]
  0x000001e1bc05e050 JavaThread "C1 CompilerThread0"         daemon [_thread_blocked, id=19684, stack(0x0000006ca3800000,0x0000006ca3900000) (1024K)]
  0x000001e1bc217a10 JavaThread "Notification Thread"        daemon [_thread_blocked, id=5272, stack(0x0000006ca3900000,0x0000006ca3a00000) (1024K)]
  0x000001e1bc21a240 JavaThread "Common-Cleaner"             daemon [_thread_blocked, id=4512, stack(0x0000006ca3a00000,0x0000006ca3b00000) (1024K)]
  0x000001e1fe0c9be0 JavaThread "Thread-1"                   daemon [_thread_blocked, id=19648, stack(0x0000006ca3b00000,0x0000006ca3c00000) (1024K)]
Total: 12

Other Threads:
  0x000001e1bbfcfcb0 VMThread "VM Thread"                           [id=24028, stack(0x0000006ca3000000,0x0000006ca3100000) (1024K)]
  0x000001e1bbfbc2f0 WatcherThread "VM Periodic Task Thread"        [id=18780, stack(0x0000006ca2f00000,0x0000006ca3000000) (1024K)]
  0x000001e19e51efb0 WorkerThread "GC Thread#0"                     [id=11720, stack(0x0000006ca2a00000,0x0000006ca2b00000) (1024K)]
  0x000001e1bc9418c0 WorkerThread "GC Thread#1"                     [id=14352, stack(0x0000006ca3c00000,0x0000006ca3d00000) (1024K)]
  0x000001e1bcca6d20 WorkerThread "GC Thread#2"                     [id=21352, stack(0x0000006ca3d00000,0x0000006ca3e00000) (1024K)]
  0x000001e1bcca70c0 WorkerThread "GC Thread#3"                     [id=9708, stack(0x0000006ca3e00000,0x0000006ca3f00000) (1024K)]
  0x000001e1bc8b9210 WorkerThread "GC Thread#4"                     [id=14752, stack(0x0000006ca3f00000,0x0000006ca4000000) (1024K)]
  0x000001e1bc8b95b0 WorkerThread "GC Thread#5"                     [id=18092, stack(0x0000006ca4000000,0x0000006ca4100000) (1024K)]
  0x000001e1bc8b9950 WorkerThread "GC Thread#6"                     [id=24392, stack(0x0000006ca4100000,0x0000006ca4200000) (1024K)]
  0x000001e1fe0d4610 WorkerThread "GC Thread#7"                     [id=21100, stack(0x0000006ca4200000,0x0000006ca4300000) (1024K)]
  0x000001e19e52b6d0 ConcurrentGCThread "G1 Main Marker"            [id=17820, stack(0x0000006ca2b00000,0x0000006ca2c00000) (1024K)]
  0x000001e19e52c1d0 WorkerThread "G1 Conc#0"                       [id=18568, stack(0x0000006ca2c00000,0x0000006ca2d00000) (1024K)]
  0x000001e19e59d480 ConcurrentGCThread "G1 Refine#0"               [id=7884, stack(0x0000006ca2d00000,0x0000006ca2e00000) (1024K)]
  0x000001e19e59dff0 ConcurrentGCThread "G1 Service"                [id=10380, stack(0x0000006ca2e00000,0x0000006ca2f00000) (1024K)]
Total: 14

Threads with active compile tasks:
C2 CompilerThread0    61000 4743       4       java.util.regex.Pattern::compile (537 bytes)
Total: 1

VM state: not at safepoint (normal execution)

VM Mutex/Monitor currently owned by a thread: None

Heap address: 0x0000000748c00000, size: 2932 MB, Compressed Oops mode: Zero based, Oop shift amount: 3

CDS archive(s) mapped at: [0x000001e1bd000000-0x000001e1bdc90000-0x000001e1bdc90000), size 13172736, SharedBaseAddress: 0x000001e1bd000000, ArchiveRelocationMode: 1.
Compressed class space mapped at: 0x000001e1be000000-0x000001e1fe000000, reserved size: 1073741824
Narrow klass base: 0x000001e1bd000000, Narrow klass shift: 0, Narrow klass range: 0x100000000

GC Precious Log:
 CardTable entry size: 512
 Card Set container configuration: InlinePtr #cards 4 size 8 Array Of Cards #cards 16 size 48 Howl #buckets 8 coarsen threshold 3686 Howl Bitmap #cards 512 size 80 coarsen threshold 460 Card regions per heap region 1 cards per card region 4096
 CPUs: 8 total, 8 available
 Memory: 11723M
 Large Page Support: Disabled
 NUMA Support: Disabled
 Compressed Oops: Enabled (Zero based)
 Heap Region Size: 2M
 Heap Min Capacity: 8M
 Heap Initial Capacity: 184M
 Heap Max Capacity: 2932M
 Pre-touch: Disabled
 Parallel Workers: 8
 Concurrent Workers: 2
 Concurrent Refinement Workers: 8
 Periodic GC: Disabled

Heap:
 garbage-first heap   total 188416K, used 51188K [0x0000000748c00000, 0x0000000800000000)
  region size 2048K, 25 young (51200K), 7 survivors (14336K)
 Metaspace       used 16739K, committed 16960K, reserved 1114112K
  class space    used 1854K, committed 1984K, reserved 1048576K

Heap Regions: E=young(eden), S=young(survivor), O=old, HS=humongous(starts), HC=humongous(continues), CS=collection set, F=free, TAMS=top-at-mark-start, PB=parsable bottom
|   0|0x0000000748c00000, 0x0000000748e00000, 0x0000000748e00000|100%| O|  |TAMS 0x0000000748c00000| PB 0x0000000748c00000| Untracked 
|   1|0x0000000748e00000, 0x0000000748f9f560, 0x0000000749000000| 81%| O|  |TAMS 0x0000000748e00000| PB 0x0000000748e00000| Untracked 
|   2|0x0000000749000000, 0x0000000749000000, 0x0000000749200000|  0%| F|  |TAMS 0x0000000749000000| PB 0x0000000749000000| Untracked 
|   3|0x0000000749200000, 0x0000000749200000, 0x0000000749400000|  0%| F|  |TAMS 0x0000000749200000| PB 0x0000000749200000| Untracked 
|   4|0x0000000749400000, 0x0000000749400000, 0x0000000749600000|  0%| F|  |TAMS 0x0000000749400000| PB 0x0000000749400000| Untracked 
|   5|0x0000000749600000, 0x0000000749600000, 0x0000000749800000|  0%| F|  |TAMS 0x0000000749600000| PB 0x0000000749600000| Untracked 
|   6|0x0000000749800000, 0x0000000749800000, 0x0000000749a00000|  0%| F|  |TAMS 0x0000000749800000| PB 0x0000000749800000| Untracked 
|   7|0x0000000749a00000, 0x0000000749a00000, 0x0000000749c00000|  0%| F|  |TAMS 0x0000000749a00000| PB 0x0000000749a00000| Untracked 
|   8|0x0000000749c00000, 0x0000000749c00000, 0x0000000749e00000|  0%| F|  |TAMS 0x0000000749c00000| PB 0x0000000749c00000| Untracked 
|   9|0x0000000749e00000, 0x0000000749e00000, 0x000000074a000000|  0%| F|  |TAMS 0x0000000749e00000| PB 0x0000000749e00000| Untracked 
|  10|0x000000074a000000, 0x000000074a000000, 0x000000074a200000|  0%| F|  |TAMS 0x000000074a000000| PB 0x000000074a000000| Untracked 
|  11|0x000000074a200000, 0x000000074a200000, 0x000000074a400000|  0%| F|  |TAMS 0x000000074a200000| PB 0x000000074a200000| Untracked 
|  12|0x000000074a400000, 0x000000074a400000, 0x000000074a600000|  0%| F|  |TAMS 0x000000074a400000| PB 0x000000074a400000| Untracked 
|  13|0x000000074a600000, 0x000000074a600000, 0x000000074a800000|  0%| F|  |TAMS 0x000000074a600000| PB 0x000000074a600000| Untracked 
|  14|0x000000074a800000, 0x000000074a800000, 0x000000074aa00000|  0%| F|  |TAMS 0x000000074a800000| PB 0x000000074a800000| Untracked 
|  15|0x000000074aa00000, 0x000000074aa00000, 0x000000074ac00000|  0%| F|  |TAMS 0x000000074aa00000| PB 0x000000074aa00000| Untracked 
|  16|0x000000074ac00000, 0x000000074ac00000, 0x000000074ae00000|  0%| F|  |TAMS 0x000000074ac00000| PB 0x000000074ac00000| Untracked 
|  17|0x000000074ae00000, 0x000000074ae00000, 0x000000074b000000|  0%| F|  |TAMS 0x000000074ae00000| PB 0x000000074ae00000| Untracked 
|  18|0x000000074b000000, 0x000000074b000000, 0x000000074b200000|  0%| F|  |TAMS 0x000000074b000000| PB 0x000000074b000000| Untracked 
|  19|0x000000074b200000, 0x000000074b200000, 0x000000074b400000|  0%| F|  |TAMS 0x000000074b200000| PB 0x000000074b200000| Untracked 
|  20|0x000000074b400000, 0x000000074b400000, 0x000000074b600000|  0%| F|  |TAMS 0x000000074b400000| PB 0x000000074b400000| Untracked 
|  21|0x000000074b600000, 0x000000074b600000, 0x000000074b800000|  0%| F|  |TAMS 0x000000074b600000| PB 0x000000074b600000| Untracked 
|  22|0x000000074b800000, 0x000000074b800000, 0x000000074ba00000|  0%| F|  |TAMS 0x000000074b800000| PB 0x000000074b800000| Untracked 
|  23|0x000000074ba00000, 0x000000074ba00000, 0x000000074bc00000|  0%| F|  |TAMS 0x000000074ba00000| PB 0x000000074ba00000| Untracked 
|  24|0x000000074bc00000, 0x000000074bc00000, 0x000000074be00000|  0%| F|  |TAMS 0x000000074bc00000| PB 0x000000074bc00000| Untracked 
|  25|0x000000074be00000, 0x000000074be00000, 0x000000074c000000|  0%| F|  |TAMS 0x000000074be00000| PB 0x000000074be00000| Untracked 
|  26|0x000000074c000000, 0x000000074c000000, 0x000000074c200000|  0%| F|  |TAMS 0x000000074c000000| PB 0x000000074c000000| Untracked 
|  27|0x000000074c200000, 0x000000074c200000, 0x000000074c400000|  0%| F|  |TAMS 0x000000074c200000| PB 0x000000074c200000| Untracked 
|  28|0x000000074c400000, 0x000000074c400000, 0x000000074c600000|  0%| F|  |TAMS 0x000000074c400000| PB 0x000000074c400000| Untracked 
|  29|0x000000074c600000, 0x000000074c600000, 0x000000074c800000|  0%| F|  |TAMS 0x000000074c600000| PB 0x000000074c600000| Untracked 
|  30|0x000000074c800000, 0x000000074c85dbc0, 0x000000074ca00000| 18%| S|CS|TAMS 0x000000074c800000| PB 0x000000074c800000| Complete 
|  31|0x000000074ca00000, 0x000000074cc00000, 0x000000074cc00000|100%| S|CS|TAMS 0x000000074ca00000| PB 0x000000074ca00000| Complete 
|  32|0x000000074cc00000, 0x000000074ce00000, 0x000000074ce00000|100%| S|CS|TAMS 0x000000074cc00000| PB 0x000000074cc00000| Complete 
|  33|0x000000074ce00000, 0x000000074d000000, 0x000000074d000000|100%| S|CS|TAMS 0x000000074ce00000| PB 0x000000074ce00000| Complete 
|  34|0x000000074d000000, 0x000000074d200000, 0x000000074d200000|100%| S|CS|TAMS 0x000000074d000000| PB 0x000000074d000000| Complete 
|  35|0x000000074d200000, 0x000000074d400000, 0x000000074d400000|100%| S|CS|TAMS 0x000000074d200000| PB 0x000000074d200000| Complete 
|  36|0x000000074d400000, 0x000000074d600000, 0x000000074d600000|100%| S|CS|TAMS 0x000000074d400000| PB 0x000000074d400000| Complete 
|  37|0x000000074d600000, 0x000000074d600000, 0x000000074d800000|  0%| F|  |TAMS 0x000000074d600000| PB 0x000000074d600000| Untracked 
|  38|0x000000074d800000, 0x000000074d800000, 0x000000074da00000|  0%| F|  |TAMS 0x000000074d800000| PB 0x000000074d800000| Untracked 
|  39|0x000000074da00000, 0x000000074da00000, 0x000000074dc00000|  0%| F|  |TAMS 0x000000074da00000| PB 0x000000074da00000| Untracked 
|  40|0x000000074dc00000, 0x000000074dc00000, 0x000000074de00000|  0%| F|  |TAMS 0x000000074dc00000| PB 0x000000074dc00000| Untracked 
|  41|0x000000074de00000, 0x000000074de00000, 0x000000074e000000|  0%| F|  |TAMS 0x000000074de00000| PB 0x000000074de00000| Untracked 
|  42|0x000000074e000000, 0x000000074e000000, 0x000000074e200000|  0%| F|  |TAMS 0x000000074e000000| PB 0x000000074e000000| Untracked 
|  43|0x000000074e200000, 0x000000074e200000, 0x000000074e400000|  0%| F|  |TAMS 0x000000074e200000| PB 0x000000074e200000| Untracked 
|  44|0x000000074e400000, 0x000000074e400000, 0x000000074e600000|  0%| F|  |TAMS 0x000000074e400000| PB 0x000000074e400000| Untracked 
|  45|0x000000074e600000, 0x000000074e600000, 0x000000074e800000|  0%| F|  |TAMS 0x000000074e600000| PB 0x000000074e600000| Untracked 
|  46|0x000000074e800000, 0x000000074e800000, 0x000000074ea00000|  0%| F|  |TAMS 0x000000074e800000| PB 0x000000074e800000| Untracked 
|  47|0x000000074ea00000, 0x000000074ea00000, 0x000000074ec00000|  0%| F|  |TAMS 0x000000074ea00000| PB 0x000000074ea00000| Untracked 
|  48|0x000000074ec00000, 0x000000074ec00000, 0x000000074ee00000|  0%| F|  |TAMS 0x000000074ec00000| PB 0x000000074ec00000| Untracked 
|  49|0x000000074ee00000, 0x000000074ee00000, 0x000000074f000000|  0%| F|  |TAMS 0x000000074ee00000| PB 0x000000074ee00000| Untracked 
|  50|0x000000074f000000, 0x000000074f000000, 0x000000074f200000|  0%| F|  |TAMS 0x000000074f000000| PB 0x000000074f000000| Untracked 
|  51|0x000000074f200000, 0x000000074f200000, 0x000000074f400000|  0%| F|  |TAMS 0x000000074f200000| PB 0x000000074f200000| Untracked 
|  52|0x000000074f400000, 0x000000074f400000, 0x000000074f600000|  0%| F|  |TAMS 0x000000074f400000| PB 0x000000074f400000| Untracked 
|  53|0x000000074f600000, 0x000000074f600000, 0x000000074f800000|  0%| F|  |TAMS 0x000000074f600000| PB 0x000000074f600000| Untracked 
|  54|0x000000074f800000, 0x000000074f800000, 0x000000074fa00000|  0%| F|  |TAMS 0x000000074f800000| PB 0x000000074f800000| Untracked 
|  55|0x000000074fa00000, 0x000000074fa00000, 0x000000074fc00000|  0%| F|  |TAMS 0x000000074fa00000| PB 0x000000074fa00000| Untracked 
|  56|0x000000074fc00000, 0x000000074fc00000, 0x000000074fe00000|  0%| F|  |TAMS 0x000000074fc00000| PB 0x000000074fc00000| Untracked 
|  57|0x000000074fe00000, 0x000000074fe00000, 0x0000000750000000|  0%| F|  |TAMS 0x000000074fe00000| PB 0x000000074fe00000| Untracked 
|  58|0x0000000750000000, 0x0000000750000000, 0x0000000750200000|  0%| F|  |TAMS 0x0000000750000000| PB 0x0000000750000000| Untracked 
|  59|0x0000000750200000, 0x0000000750200000, 0x0000000750400000|  0%| F|  |TAMS 0x0000000750200000| PB 0x0000000750200000| Untracked 
|  60|0x0000000750400000, 0x0000000750400000, 0x0000000750600000|  0%| F|  |TAMS 0x0000000750400000| PB 0x0000000750400000| Untracked 
|  61|0x0000000750600000, 0x0000000750600000, 0x0000000750800000|  0%| F|  |TAMS 0x0000000750600000| PB 0x0000000750600000| Untracked 
|  62|0x0000000750800000, 0x0000000750800000, 0x0000000750a00000|  0%| F|  |TAMS 0x0000000750800000| PB 0x0000000750800000| Untracked 
|  63|0x0000000750a00000, 0x0000000750a00000, 0x0000000750c00000|  0%| F|  |TAMS 0x0000000750a00000| PB 0x0000000750a00000| Untracked 
|  64|0x0000000750c00000, 0x0000000750c00000, 0x0000000750e00000|  0%| F|  |TAMS 0x0000000750c00000| PB 0x0000000750c00000| Untracked 
|  65|0x0000000750e00000, 0x0000000750e00000, 0x0000000751000000|  0%| F|  |TAMS 0x0000000750e00000| PB 0x0000000750e00000| Untracked 
|  66|0x0000000751000000, 0x0000000751000000, 0x0000000751200000|  0%| F|  |TAMS 0x0000000751000000| PB 0x0000000751000000| Untracked 
|  67|0x0000000751200000, 0x0000000751200000, 0x0000000751400000|  0%| F|  |TAMS 0x0000000751200000| PB 0x0000000751200000| Untracked 
|  68|0x0000000751400000, 0x0000000751400000, 0x0000000751600000|  0%| F|  |TAMS 0x0000000751400000| PB 0x0000000751400000| Untracked 
|  69|0x0000000751600000, 0x0000000751600000, 0x0000000751800000|  0%| F|  |TAMS 0x0000000751600000| PB 0x0000000751600000| Untracked 
|  70|0x0000000751800000, 0x0000000751800000, 0x0000000751a00000|  0%| F|  |TAMS 0x0000000751800000| PB 0x0000000751800000| Untracked 
|  71|0x0000000751a00000, 0x0000000751a00000, 0x0000000751c00000|  0%| F|  |TAMS 0x0000000751a00000| PB 0x0000000751a00000| Untracked 
|  72|0x0000000751c00000, 0x0000000751c00000, 0x0000000751e00000|  0%| F|  |TAMS 0x0000000751c00000| PB 0x0000000751c00000| Untracked 
|  73|0x0000000751e00000, 0x0000000751e00000, 0x0000000752000000|  0%| F|  |TAMS 0x0000000751e00000| PB 0x0000000751e00000| Untracked 
|  74|0x0000000752000000, 0x0000000752200000, 0x0000000752200000|100%| E|  |TAMS 0x0000000752000000| PB 0x0000000752000000| Complete 
|  75|0x0000000752200000, 0x0000000752400000, 0x0000000752400000|100%| E|CS|TAMS 0x0000000752200000| PB 0x0000000752200000| Complete 
|  76|0x0000000752400000, 0x0000000752600000, 0x0000000752600000|100%| E|CS|TAMS 0x0000000752400000| PB 0x0000000752400000| Complete 
|  77|0x0000000752600000, 0x0000000752800000, 0x0000000752800000|100%| E|CS|TAMS 0x0000000752600000| PB 0x0000000752600000| Complete 
|  78|0x0000000752800000, 0x0000000752a00000, 0x0000000752a00000|100%| E|CS|TAMS 0x0000000752800000| PB 0x0000000752800000| Complete 
|  79|0x0000000752a00000, 0x0000000752c00000, 0x0000000752c00000|100%| E|CS|TAMS 0x0000000752a00000| PB 0x0000000752a00000| Complete 
|  80|0x0000000752c00000, 0x0000000752e00000, 0x0000000752e00000|100%| E|CS|TAMS 0x0000000752c00000| PB 0x0000000752c00000| Complete 
|  81|0x0000000752e00000, 0x0000000753000000, 0x0000000753000000|100%| E|CS|TAMS 0x0000000752e00000| PB 0x0000000752e00000| Complete 
|  82|0x0000000753000000, 0x0000000753200000, 0x0000000753200000|100%| E|CS|TAMS 0x0000000753000000| PB 0x0000000753000000| Complete 
|  83|0x0000000753200000, 0x0000000753400000, 0x0000000753400000|100%| E|CS|TAMS 0x0000000753200000| PB 0x0000000753200000| Complete 
|  84|0x0000000753400000, 0x0000000753600000, 0x0000000753600000|100%| E|CS|TAMS 0x0000000753400000| PB 0x0000000753400000| Complete 
|  85|0x0000000753600000, 0x0000000753800000, 0x0000000753800000|100%| E|CS|TAMS 0x0000000753600000| PB 0x0000000753600000| Complete 
|  86|0x0000000753800000, 0x0000000753a00000, 0x0000000753a00000|100%| E|CS|TAMS 0x0000000753800000| PB 0x0000000753800000| Complete 
|  87|0x0000000753a00000, 0x0000000753c00000, 0x0000000753c00000|100%| E|CS|TAMS 0x0000000753a00000| PB 0x0000000753a00000| Complete 
|  88|0x0000000753c00000, 0x0000000753e00000, 0x0000000753e00000|100%| E|CS|TAMS 0x0000000753c00000| PB 0x0000000753c00000| Complete 
|  89|0x0000000753e00000, 0x0000000754000000, 0x0000000754000000|100%| E|CS|TAMS 0x0000000753e00000| PB 0x0000000753e00000| Complete 
|  90|0x0000000754000000, 0x0000000754200000, 0x0000000754200000|100%| E|CS|TAMS 0x0000000754000000| PB 0x0000000754000000| Complete 
|  91|0x0000000754200000, 0x0000000754400000, 0x0000000754400000|100%| E|CS|TAMS 0x0000000754200000| PB 0x0000000754200000| Complete 

Card table byte_map: [0x000001e1b6270000,0x000001e1b6830000] _byte_map_base: 0x000001e1b282a000

Marking Bits: (CMBitMap*) 0x000001e19e51f6b0
 Bits: [0x000001e1b6830000, 0x000001e1b9600000)

Polling page: 0x000001e19c450000

Metaspace:

Usage:
  Non-class:     14.54 MB used.
      Class:      1.81 MB used.
       Both:     16.35 MB used.

Virtual space:
  Non-class space:       64.00 MB reserved,      14.62 MB ( 23%) committed,  1 nodes.
      Class space:        1.00 GB reserved,       1.94 MB ( <1%) committed,  1 nodes.
             Both:        1.06 GB reserved,      16.56 MB (  2%) committed. 

Chunk freelists:
   Non-Class:  1.19 MB
       Class:  13.92 MB
        Both:  15.11 MB

MaxMetaspaceSize: unlimited
CompressedClassSpaceSize: 1.00 GB
Initial GC threshold: 21.00 MB
Current GC threshold: 21.00 MB
CDS: on
 - commit_granule_bytes: 65536.
 - commit_granule_words: 8192.
 - virtual_space_node_default_size: 8388608.
 - enlarge_chunks_in_place: 1.
 - use_allocation_guard: 0.


Internal statistics:

num_allocs_failed_limit: 0.
num_arena_births: 170.
num_arena_deaths: 0.
num_vsnodes_births: 2.
num_vsnodes_deaths: 0.
num_space_committed: 265.
num_space_uncommitted: 0.
num_chunks_returned_to_freelist: 0.
num_chunks_taken_from_freelist: 709.
num_chunk_merges: 0.
num_chunk_splits: 509.
num_chunks_enlarged: 423.
num_inconsistent_stats: 0.

CodeHeap 'non-profiled nmethods': size=120000Kb used=2674Kb max_used=2674Kb free=117325Kb
 bounds [0x000001e1ae440000, 0x000001e1ae6e0000, 0x000001e1b5970000]
CodeHeap 'profiled nmethods': size=120000Kb used=10438Kb max_used=10438Kb free=109561Kb
 bounds [0x000001e1a6970000, 0x000001e1a73b0000, 0x000001e1adea0000]
CodeHeap 'non-nmethods': size=5760Kb used=1393Kb max_used=1449Kb free=4366Kb
 bounds [0x000001e1adea0000, 0x000001e1ae110000, 0x000001e1ae440000]
 total_blobs=5230 nmethods=4741 adapters=393
 compilation: enabled
              stopped_count=0, restarted_count=0
 full_count=0

Compilation events (20 events):
Event: 60.736 Thread 0x000001e1bc05e050 4736       1       org.apache.maven.model.Site::getId (5 bytes)
Event: 60.736 Thread 0x000001e1bc05e050 nmethod 4736 0x000001e1ae6da710 code [0x000001e1ae6da8a0, 0x000001e1ae6da970]
Event: 60.737 Thread 0x000001e1bc05e050 4737       1       org.apache.maven.model.Site::setUrl (6 bytes)
Event: 60.737 Thread 0x000001e1bc05e050 nmethod 4737 0x000001e1ae6daa10 code [0x000001e1ae6daba0, 0x000001e1ae6dacb8]
Event: 60.738 Thread 0x000001e1bc05e050 4738       3       org.apache.maven.model.merge.ModelMerger::mergeDependency_GroupId (41 bytes)
Event: 60.739 Thread 0x000001e1bc05e050 nmethod 4738 0x000001e1a739f210 code [0x000001e1a739f3e0, 0x000001e1a739f720]
Event: 60.739 Thread 0x000001e1bc05e050 4739       3       org.apache.maven.model.merge.ModelMerger::mergeDependency_ArtifactId (41 bytes)
Event: 60.739 Thread 0x000001e1bc05e050 nmethod 4739 0x000001e1a739f890 code [0x000001e1a739fa60, 0x000001e1a739fda0]
Event: 60.739 Thread 0x000001e1bc05e050 4740       3       org.apache.maven.model.merge.ModelMerger::mergeDependency_Version (41 bytes)
Event: 60.739 Thread 0x000001e1bc05e050 nmethod 4740 0x000001e1a739ff10 code [0x000001e1a73a00e0, 0x000001e1a73a03f0]
Event: 60.739 Thread 0x000001e1bc05e050 4741       3       org.apache.maven.model.merge.ModelMerger::mergeDependency_Type (43 bytes)
Event: 60.740 Thread 0x000001e1bc05e050 nmethod 4741 0x000001e1a73a0590 code [0x000001e1a73a0760, 0x000001e1a73a0aa0]
Event: 60.740 Thread 0x000001e1bc05e050 4742       3       org.apache.maven.model.merge.ModelMerger::mergeDependency_Classifier (43 bytes)
Event: 60.740 Thread 0x000001e1bc05e050 nmethod 4742 0x000001e1a73a0c10 code [0x000001e1a73a0de0, 0x000001e1a73a1130]
Event: 60.746 Thread 0x000001e1bbff4920 nmethod 4733 0x000001e1ae6dad10 code [0x000001e1ae6daf80, 0x000001e1ae6dc238]
Event: 60.858 Thread 0x000001e1bbff4920 4743       4       java.util.regex.Pattern::compile (537 bytes)
Event: 60.873 Thread 0x000001e1bc05e050 4744       3       org.eclipse.aether.resolution.ArtifactDescriptorRequest::setRequestContext (19 bytes)
Event: 60.873 Thread 0x000001e1bc05e050 nmethod 4744 0x000001e1a73a1290 code [0x000001e1a73a1440, 0x000001e1a73a1638]
Event: 60.873 Thread 0x000001e1bc05e050 4745       3       org.eclipse.aether.resolution.ArtifactDescriptorRequest::setTrace (7 bytes)
Event: 60.873 Thread 0x000001e1bc05e050 nmethod 4745 0x000001e1a73a1710 code [0x000001e1a73a18a0, 0x000001e1a73a1a00]

GC Heap History (6 events):
Event: 11.152 GC heap before
{Heap before GC invocations=0 (full 0):
 garbage-first heap   total 188416K, used 22528K [0x0000000748c00000, 0x0000000800000000)
  region size 2048K, 11 young (22528K), 0 survivors (0K)
 Metaspace       used 5628K, committed 5824K, reserved 1114112K
  class space    used 646K, committed 768K, reserved 1048576K
}
Event: 11.723 GC heap after
{Heap after GC invocations=1 (full 0):
 garbage-first heap   total 188416K, used 3840K [0x0000000748c00000, 0x0000000800000000)
  region size 2048K, 2 young (4096K), 2 survivors (4096K)
 Metaspace       used 5628K, committed 5824K, reserved 1114112K
  class space    used 646K, committed 768K, reserved 1048576K
}
Event: 15.706 GC heap before
{Heap before GC invocations=1 (full 0):
 garbage-first heap   total 188416K, used 34560K [0x0000000748c00000, 0x0000000800000000)
  region size 2048K, 17 young (34816K), 2 survivors (4096K)
 Metaspace       used 9511K, committed 9728K, reserved 1114112K
  class space    used 1109K, committed 1216K, reserved 1048576K
}
Event: 15.715 GC heap after
{Heap after GC invocations=2 (full 0):
 garbage-first heap   total 188416K, used 5350K [0x0000000748c00000, 0x0000000800000000)
  region size 2048K, 1 young (2048K), 1 survivors (2048K)
 Metaspace       used 9511K, committed 9728K, reserved 1114112K
  class space    used 1109K, committed 1216K, reserved 1048576K
}
Event: 51.554 GC heap before
{Heap before GC invocations=2 (full 0):
 garbage-first heap   total 188416K, used 115942K [0x0000000748c00000, 0x0000000800000000)
  region size 2048K, 55 young (112640K), 1 survivors (2048K)
 Metaspace       used 16556K, committed 16832K, reserved 1114112K
  class space    used 1852K, committed 1984K, reserved 1048576K
}
Event: 51.575 GC heap after
{Heap after GC invocations=3 (full 0):
 garbage-first heap   total 188416K, used 16372K [0x0000000748c00000, 0x0000000800000000)
  region size 2048K, 7 young (14336K), 7 survivors (14336K)
 Metaspace       used 16556K, committed 16832K, reserved 1114112K
  class space    used 1852K, committed 1984K, reserved 1048576K
}

Dll operation events (8 events):
Event: 0.164 Loaded shared library C:\Program Files\Java\jdk-21\bin\java.dll
Event: 0.418 Loaded shared library C:\Program Files\Java\jdk-21\bin\jsvml.dll
Event: 0.862 Loaded shared library C:\Program Files\Java\jdk-21\bin\net.dll
Event: 0.866 Loaded shared library C:\Program Files\Java\jdk-21\bin\nio.dll
Event: 0.875 Loaded shared library C:\Program Files\Java\jdk-21\bin\zip.dll
Event: 1.735 Loaded shared library C:\Users\2oleg\Downloads\apache-maven-3.9.11-bin\apache-maven-3.9.11\lib\jansi-native\Windows\x86_64\jansi.dll
Event: 1.808 Loaded shared library C:\Program Files\Java\jdk-21\bin\verify.dll
Event: 1.935 Loaded shared library C:\Program Files\Java\jdk-21\bin\jimage.dll

Deoptimization events (20 events):
Event: 55.016 Thread 0x000001e19c314760 Uncommon trap: trap_request=0xffffff76 fr.pc=0x000001e1ae4c4a50 relative=0x00000000000002f0
Event: 55.016 Thread 0x000001e19c314760 Uncommon trap: reason=predicate action=maybe_recompile pc=0x000001e1ae4c4a50 method=java.nio.charset.CharsetDecoder.decode(Ljava/nio/ByteBuffer;Ljava/nio/CharBuffer;Z)Ljava/nio/charset/CoderResult; @ 54 c2
Event: 55.017 Thread 0x000001e19c314760 DEOPT PACKING pc=0x000001e1ae4c4a50 sp=0x0000006ca28fb7c0
Event: 55.017 Thread 0x000001e19c314760 DEOPT UNPACKING pc=0x000001e1adef46a2 sp=0x0000006ca28fb750 mode 2
Event: 57.730 Thread 0x000001e19c314760 Uncommon trap: trap_request=0xffffffde fr.pc=0x000001e1ae4874a0 relative=0x0000000000000ea0
Event: 57.730 Thread 0x000001e19c314760 Uncommon trap: reason=class_check action=maybe_recompile pc=0x000001e1ae4874a0 method=java.util.concurrent.ConcurrentHashMap.putVal(Ljava/lang/Object;Ljava/lang/Object;Z)Ljava/lang/Object; @ 242 c2
Event: 57.730 Thread 0x000001e19c314760 DEOPT PACKING pc=0x000001e1ae4874a0 sp=0x0000006ca28fce20
Event: 57.730 Thread 0x000001e19c314760 DEOPT UNPACKING pc=0x000001e1adef46a2 sp=0x0000006ca28fcd90 mode 2
Event: 57.730 Thread 0x000001e19c314760 Uncommon trap: trap_request=0xffffffde fr.pc=0x000001e1ae4874a0 relative=0x0000000000000ea0
Event: 57.730 Thread 0x000001e19c314760 Uncommon trap: reason=class_check action=maybe_recompile pc=0x000001e1ae4874a0 method=java.util.concurrent.ConcurrentHashMap.putVal(Ljava/lang/Object;Ljava/lang/Object;Z)Ljava/lang/Object; @ 242 c2
Event: 57.730 Thread 0x000001e19c314760 DEOPT PACKING pc=0x000001e1ae4874a0 sp=0x0000006ca28fc920
Event: 57.730 Thread 0x000001e19c314760 DEOPT UNPACKING pc=0x000001e1adef46a2 sp=0x0000006ca28fc890 mode 2
Event: 57.935 Thread 0x000001e19c314760 Uncommon trap: trap_request=0xffffff45 fr.pc=0x000001e1ae55d0fc relative=0x00000000000002bc
Event: 57.935 Thread 0x000001e19c314760 Uncommon trap: reason=unstable_if action=reinterpret pc=0x000001e1ae55d0fc method=java.util.concurrent.ConcurrentHashMap.get(Ljava/lang/Object;)Ljava/lang/Object; @ 152 c2
Event: 57.935 Thread 0x000001e19c314760 DEOPT PACKING pc=0x000001e1ae55d0fc sp=0x0000006ca28fced0
Event: 57.935 Thread 0x000001e19c314760 DEOPT UNPACKING pc=0x000001e1adef46a2 sp=0x0000006ca28fce48 mode 2
Event: 58.966 Thread 0x000001e19c314760 Uncommon trap: trap_request=0xffffff45 fr.pc=0x000001e1ae6ad808 relative=0x0000000000003dc8
Event: 58.966 Thread 0x000001e19c314760 Uncommon trap: reason=unstable_if action=reinterpret pc=0x000001e1ae6ad808 method=org.codehaus.plexus.interpolation.util.StringUtils.capitalizeFirstLetter(Ljava/lang/String;)Ljava/lang/String; @ 13 c2
Event: 58.966 Thread 0x000001e19c314760 DEOPT PACKING pc=0x000001e1ae6ad808 sp=0x0000006ca28fc090
Event: 58.966 Thread 0x000001e19c314760 DEOPT UNPACKING pc=0x000001e1adef46a2 sp=0x0000006ca28fbf98 mode 2

Classes loaded (20 events):
Event: 24.562 Loading class sun/nio/fs/WindowsException
Event: 24.562 Loading class sun/nio/fs/WindowsException done
Event: 24.563 Loading class sun/nio/fs/WindowsDirectoryStream
Event: 24.563 Loading class java/nio/file/DirectoryStream
Event: 24.563 Loading class java/nio/file/DirectoryStream done
Event: 24.563 Loading class sun/nio/fs/WindowsDirectoryStream done
Event: 24.564 Loading class java/nio/file/NoSuchFileException
Event: 24.564 Loading class java/nio/file/NoSuchFileException done
Event: 25.635 Loading class java/util/stream/MatchOps$MatchKind
Event: 25.635 Loading class java/util/stream/MatchOps$MatchKind done
Event: 25.635 Loading class java/util/stream/MatchOps
Event: 25.636 Loading class java/util/stream/MatchOps done
Event: 25.636 Loading class java/util/stream/MatchOps$MatchOp
Event: 25.636 Loading class java/util/stream/MatchOps$MatchOp done
Event: 25.636 Loading class java/util/stream/MatchOps$BooleanTerminalSink
Event: 25.636 Loading class java/util/stream/MatchOps$BooleanTerminalSink done
Event: 25.636 Loading class java/util/stream/MatchOps$1MatchSink
Event: 25.637 Loading class java/util/stream/MatchOps$1MatchSink done
Event: 55.016 Loading class sun/nio/cs/ISO_8859_1$Decoder
Event: 55.016 Loading class sun/nio/cs/ISO_8859_1$Decoder done

Classes unloaded (0 events):
No events

Classes redefined (0 events):
No events

Internal exceptions (20 events):
Event: 24.563 Thread 0x000001e19c314760 Exception <a 'sun/nio/fs/WindowsException'{0x00000007519461f0}> (0x00000007519461f0) 
thrown [s\open\src\hotspot\share\prims\jni.cpp, line 520]
Event: 27.928 Thread 0x000001e19c314760 Exception <a 'sun/nio/fs/WindowsException'{0x0000000750adc5f8}> (0x0000000750adc5f8) 
thrown [s\open\src\hotspot\share\prims\jni.cpp, line 520]
Event: 27.928 Thread 0x000001e19c314760 Exception <a 'sun/nio/fs/WindowsException'{0x0000000750adc958}> (0x0000000750adc958) 
thrown [s\open\src\hotspot\share\prims\jni.cpp, line 520]
Event: 27.933 Thread 0x000001e19c314760 Exception <a 'sun/nio/fs/WindowsException'{0x0000000750b035e8}> (0x0000000750b035e8) 
thrown [s\open\src\hotspot\share\prims\jni.cpp, line 520]
Event: 27.933 Thread 0x000001e19c314760 Exception <a 'sun/nio/fs/WindowsException'{0x0000000750b03910}> (0x0000000750b03910) 
thrown [s\open\src\hotspot\share\prims\jni.cpp, line 520]
Event: 27.939 Thread 0x000001e19c314760 Exception <a 'sun/nio/fs/WindowsException'{0x0000000750b6c790}> (0x0000000750b6c790) 
thrown [s\open\src\hotspot\share\prims\jni.cpp, line 520]
Event: 27.939 Thread 0x000001e19c314760 Exception <a 'sun/nio/fs/WindowsException'{0x0000000750b6ca70}> (0x0000000750b6ca70) 
thrown [s\open\src\hotspot\share\prims\jni.cpp, line 520]
Event: 27.998 Thread 0x000001e19c314760 Implicit null exception at 0x000001e1ae5b1aec to 0x000001e1ae5b2e6c
Event: 27.998 Thread 0x000001e19c314760 Implicit null exception at 0x000001e1ae525a9b to 0x000001e1ae525c94
Event: 27.998 Thread 0x000001e19c314760 Implicit null exception at 0x000001e1ae570e0d to 0x000001e1ae571698
Event: 36.286 Thread 0x000001e19c314760 Exception <a 'sun/nio/fs/WindowsException'{0x000000074edffcc0}> (0x000000074edffcc0) 
thrown [s\open\src\hotspot\share\prims\jni.cpp, line 520]
Event: 36.286 Thread 0x000001e19c314760 Exception <a 'sun/nio/fs/WindowsException'{0x000000074ea00270}> (0x000000074ea00270) 
thrown [s\open\src\hotspot\share\prims\jni.cpp, line 520]
Event: 55.058 Thread 0x000001e19c314760 Exception <a 'sun/nio/fs/WindowsException'{0x0000000753daa798}> (0x0000000753daa798) 
thrown [s\open\src\hotspot\share\prims\jni.cpp, line 520]
Event: 55.058 Thread 0x000001e19c314760 Exception <a 'sun/nio/fs/WindowsException'{0x0000000753daaa98}> (0x0000000753daaa98) 
thrown [s\open\src\hotspot\share\prims\jni.cpp, line 520]
Event: 58.097 Thread 0x000001e19c314760 Exception <a 'sun/nio/fs/WindowsException'{0x0000000753067f58}> (0x0000000753067f58) 
thrown [s\open\src\hotspot\share\prims\jni.cpp, line 520]
Event: 58.097 Thread 0x000001e19c314760 Exception <a 'sun/nio/fs/WindowsException'{0x0000000753068228}> (0x0000000753068228) 
thrown [s\open\src\hotspot\share\prims\jni.cpp, line 520]
Event: 58.134 Thread 0x000001e19c314760 Exception <a 'sun/nio/fs/WindowsException'{0x00000007531bc6f8}> (0x00000007531bc6f8) 
thrown [s\open\src\hotspot\share\prims\jni.cpp, line 520]
Event: 58.134 Thread 0x000001e19c314760 Exception <a 'sun/nio/fs/WindowsException'{0x00000007531bca18}> (0x00000007531bca18) 
thrown [s\open\src\hotspot\share\prims\jni.cpp, line 520]
Event: 58.142 Thread 0x000001e19c314760 Exception <a 'sun/nio/fs/WindowsException'{0x0000000752e1a618}> (0x0000000752e1a618) 
thrown [s\open\src\hotspot\share\prims\jni.cpp, line 520]
Event: 58.142 Thread 0x000001e19c314760 Exception <a 'sun/nio/fs/WindowsException'{0x0000000752e1a960}> (0x0000000752e1a960) 
thrown [s\open\src\hotspot\share\prims\jni.cpp, line 520]

ZGC Phase Switch (0 events):
No events

VM Operations (20 events):
Event: 52.575 Executing VM operation: Cleanup
Event: 52.575 Executing VM operation: Cleanup done
Event: 53.576 Executing VM operation: Cleanup
Event: 53.577 Executing VM operation: Cleanup done
Event: 54.577 Executing VM operation: Cleanup
Event: 54.577 Executing VM operation: Cleanup done
Event: 55.578 Executing VM operation: Cleanup
Event: 55.578 Executing VM operation: Cleanup done
Event: 56.578 Executing VM operation: Cleanup
Event: 56.578 Executing VM operation: Cleanup done
Event: 57.579 Executing VM operation: Cleanup
Event: 57.579 Executing VM operation: Cleanup done
Event: 58.581 Executing VM operation: Cleanup
Event: 58.581 Executing VM operation: Cleanup done
Event: 60.138 Executing VM operation: HandshakeAllThreads (HandshakeForDeflation)
Event: 60.138 Executing VM operation: HandshakeAllThreads (HandshakeForDeflation) done
Event: 60.138 Executing VM operation: Cleanup
Event: 60.138 Executing VM operation: Cleanup done
Event: 60.138 Executing VM operation: RendezvousGCThreads
Event: 60.138 Executing VM operation: RendezvousGCThreads done

Events (20 events):
Event: 0.263 Thread 0x000001e19c314760 Thread added: 0x000001e19c314760
Event: 0.409 Thread 0x000001e1bbfe9be0 Thread added: 0x000001e1bbfe9be0
Event: 0.410 Thread 0x000001e1bbfec8f0 Thread added: 0x000001e1bbfec8f0
Event: 0.410 Thread 0x000001e1bbfedc90 Thread added: 0x000001e1bbfedc90
Event: 0.410 Thread 0x000001e1bbfee6e0 Thread added: 0x000001e1bbfee6e0
Event: 0.411 Thread 0x000001e1bbfef130 Thread added: 0x000001e1bbfef130
Event: 0.411 Thread 0x000001e1bbff1b90 Thread added: 0x000001e1bbff1b90
Event: 0.411 Thread 0x000001e1bbff4920 Thread added: 0x000001e1bbff4920
Event: 0.444 Thread 0x000001e1bc05e050 Thread added: 0x000001e1bc05e050
Event: 0.638 Thread 0x000001e1bc217a10 Thread added: 0x000001e1bc217a10
Event: 0.795 Thread 0x000001e1bc21a240 Thread added: 0x000001e1bc21a240
Event: 1.731 Thread 0x000001e1bc5c4910 Thread added: 0x000001e1bc5c4910
Event: 9.214 Thread 0x000001e1bc5c4910 Thread exited: 0x000001e1bc5c4910
Event: 10.886 Thread 0x000001e1fe00c0a0 Thread added: 0x000001e1fe00c0a0
Event: 12.084 Thread 0x000001e1fe00c0a0 Thread exited: 0x000001e1fe00c0a0
Event: 16.567 Thread 0x000001e1bc8413b0 Thread added: 0x000001e1bc8413b0
Event: 16.891 Thread 0x000001e1bc8413b0 Thread exited: 0x000001e1bc8413b0
Event: 16.958 Thread 0x000001e1fe0c9be0 Thread added: 0x000001e1fe0c9be0
Event: 17.702 Thread 0x000001e1fe465500 Thread added: 0x000001e1fe465500
Event: 18.176 Thread 0x000001e1fe465500 Thread exited: 0x000001e1fe465500


Dynamic libraries:
0x00007ff6085b0000 - 0x00007ff6085c0000 	C:\Program Files\Java\jdk-21\bin\java.exe
0x00007ffde7a30000 - 0x00007ffde7c28000 	C:\WINDOWS\SYSTEM32\ntdll.dll
0x00007ffde6e80000 - 0x00007ffde6f42000 	C:\WINDOWS\System32\KERNEL32.DLL
0x00007ffde56c0000 - 0x00007ffde59b6000 	C:\WINDOWS\System32\KERNELBASE.dll
0x00007ffde51c0000 - 0x00007ffde52c0000 	C:\WINDOWS\System32\ucrtbase.dll
0x00007ffdb7fb0000 - 0x00007ffdb7fc9000 	C:\Program Files\Java\jdk-21\bin\jli.dll
0x00007ffde6a90000 - 0x00007ffde6b41000 	C:\WINDOWS\System32\ADVAPI32.dll
0x00007ffde7070000 - 0x00007ffde710e000 	C:\WINDOWS\System32\msvcrt.dll
0x00007ffde5d60000 - 0x00007ffde5dff000 	C:\WINDOWS\System32\sechost.dll
0x00007ffde6d60000 - 0x00007ffde6e80000 	C:\WINDOWS\System32\RPCRT4.dll
0x00007ffde59f0000 - 0x00007ffde5a17000 	C:\WINDOWS\System32\bcrypt.dll
0x00007ffde5b30000 - 0x00007ffde5cd1000 	C:\WINDOWS\System32\USER32.dll
0x00007ffde59c0000 - 0x00007ffde59e2000 	C:\WINDOWS\System32\win32u.dll
0x00007ffde67d0000 - 0x00007ffde67fb000 	C:\WINDOWS\System32\GDI32.dll
0x00007ffde54d0000 - 0x00007ffde55e9000 	C:\WINDOWS\System32\gdi32full.dll
0x00007ffde5120000 - 0x00007ffde51bd000 	C:\WINDOWS\System32\msvcp_win.dll
0x00007ffdb7ee0000 - 0x00007ffdb7efb000 	C:\Program Files\Java\jdk-21\bin\VCRUNTIME140.dll
0x00007ffddaa50000 - 0x00007ffddaceb000 	C:\WINDOWS\WinSxS\amd64_microsoft.windows.common-controls_6595b64144ccf1df_6.0.19041.6456_none_60b8a6cb71f64256\COMCTL32.dll
0x00007ffddee20000 - 0x00007ffddee2a000 	C:\WINDOWS\SYSTEM32\VERSION.dll
0x00007ffde7990000 - 0x00007ffde79bf000 	C:\WINDOWS\System32\IMM32.DLL
0x00007ffdcee10000 - 0x00007ffdcee1c000 	C:\Program Files\Java\jdk-21\bin\vcruntime140_1.dll
0x00007ffda0360000 - 0x00007ffda03ee000 	C:\Program Files\Java\jdk-21\bin\msvcp140.dll
0x00007ffd8ecf0000 - 0x00007ffd8fa0a000 	C:\Program Files\Java\jdk-21\bin\server\jvm.dll
0x00007ffde6800000 - 0x00007ffde686b000 	C:\WINDOWS\System32\WS2_32.dll
0x00007ffde4ef0000 - 0x00007ffde4f3b000 	C:\WINDOWS\SYSTEM32\POWRPROF.dll
0x00007ffdc4e10000 - 0x00007ffdc4e37000 	C:\WINDOWS\SYSTEM32\WINMM.dll
0x00007ffde4ed0000 - 0x00007ffde4ee2000 	C:\WINDOWS\SYSTEM32\UMPDC.dll
0x00007ffde2de0000 - 0x00007ffde2df2000 	C:\WINDOWS\SYSTEM32\kernel.appcore.dll
0x00007ffdccc20000 - 0x00007ffdccc2a000 	C:\Program Files\Java\jdk-21\bin\jimage.dll
0x00007ffdd3a40000 - 0x00007ffdd3c41000 	C:\WINDOWS\SYSTEM32\DBGHELP.DLL
0x00007ffdd00c0000 - 0x00007ffdd00f4000 	C:\WINDOWS\SYSTEM32\dbgcore.DLL
0x00007ffde5090000 - 0x00007ffde5112000 	C:\WINDOWS\System32\bcryptPrimitives.dll
0x00007ffdb7ec0000 - 0x00007ffdb7edf000 	C:\Program Files\Java\jdk-21\bin\java.dll
0x00007ffde5e00000 - 0x00007ffde6570000 	C:\WINDOWS\System32\SHELL32.dll
0x00007ffde30c0000 - 0x00007ffde3865000 	C:\WINDOWS\SYSTEM32\windows.storage.dll
0x00007ffde7580000 - 0x00007ffde78d4000 	C:\WINDOWS\System32\combase.dll
0x00007ffde49e0000 - 0x00007ffde4a0b000 	C:\WINDOWS\SYSTEM32\Wldp.dll
0x00007ffde69b0000 - 0x00007ffde6a7d000 	C:\WINDOWS\System32\OLEAUT32.dll
0x00007ffde78e0000 - 0x00007ffde798d000 	C:\WINDOWS\System32\SHCORE.dll
0x00007ffde5ce0000 - 0x00007ffde5d3b000 	C:\WINDOWS\System32\shlwapi.dll
0x00007ffde4fc0000 - 0x00007ffde4fe4000 	C:\WINDOWS\SYSTEM32\profapi.dll
0x00007ffd9b9e0000 - 0x00007ffd9bab7000 	C:\Program Files\Java\jdk-21\bin\jsvml.dll
0x00007ffdccb00000 - 0x00007ffdccb10000 	C:\Program Files\Java\jdk-21\bin\net.dll
0x00007ffddeac0000 - 0x00007ffddebca000 	C:\WINDOWS\SYSTEM32\WINHTTP.dll
0x00007ffde46f0000 - 0x00007ffde475a000 	C:\WINDOWS\system32\mswsock.dll
0x00007ffdb7ea0000 - 0x00007ffdb7eb6000 	C:\Program Files\Java\jdk-21\bin\nio.dll
0x00007ffdb7960000 - 0x00007ffdb7978000 	C:\Program Files\Java\jdk-21\bin\zip.dll
0x00007ffdb60a0000 - 0x00007ffdb60c4000 	C:\Users\2oleg\Downloads\apache-maven-3.9.11-bin\apache-maven-3.9.11\lib\jansi-native\Windows\x86_64\jansi.dll
0x00007ffdcba00000 - 0x00007ffdcba10000 	C:\Program Files\Java\jdk-21\bin\verify.dll

dbghelp: loaded successfully - version: 4.0.5 - missing functions: none
symbol engine: initialized successfully - sym options: 0x614 - pdb path: .;C:\Program Files\Java\jdk-21\bin;C:\WINDOWS\SYSTEM32;C:\WINDOWS\WinSxS\amd64_microsoft.windows.common-controls_6595b64144ccf1df_6.0.19041.6456_none_60b8a6cb71f64256;C:\Program Files\Java\jdk-21\bin\server;C:\Users\2oleg\Downloads\apache-maven-3.9.11-bin\apache-maven-3.9.11\lib\jansi-native\Windows\x86_64

VM Arguments:
jvm_args: --enable-native-access=ALL-UNNAMED -Dclassworlds.conf=C:\Users\2oleg\Downloads\apache-maven-3.9.11-bin\apache-maven-3.9.11\bin\m2.conf -Dmaven.home=C:\Users\2oleg\Downloads\apache-maven-3.9.11-bin\apache-maven-3.9.11 -Dlibrary.jansi.path=C:\Users\2oleg\Downloads\apache-maven-3.9.11-bin\apache-maven-3.9.11\lib\jansi-native -Dmaven.multiModuleProjectDirectory=C:\Users\2oleg\Downloads\Telegram Desktop\Kefir\Backend\TransactionSaga 
java_command: org.codehaus.plexus.classworlds.launcher.Launcher spring-boot:run -Dserver.port=8090 -DskipTests
java_class_path (initial): C:\Users\2oleg\Downloads\apache-maven-3.9.11-bin\apache-maven-3.9.11\boot\plexus-classworlds-2.9.0.jar
Launcher Type: SUN_STANDARD

[Global flags]
     intx CICompilerCount                          = 4                                         {product} {ergonomic}
     uint ConcGCThreads                            = 2                                         {product} {ergonomic}
     uint G1ConcRefinementThreads                  = 8                                         {product} {ergonomic}
   size_t G1HeapRegionSize                         = 2097152                                   {product} {ergonomic}
    uintx GCDrainStackTargetSize                   = 64                                        {product} {ergonomic}
   size_t InitialHeapSize                          = 192937984                                 {product} {ergonomic}
   size_t MarkStackSize                            = 4194304                                   {product} {ergonomic}
   size_t MaxHeapSize                              = 3074424832                                {product} {ergonomic}
   size_t MaxNewSize                               = 1843396608                                {product} {ergonomic}
   size_t MinHeapDeltaBytes                        = 2097152                                   {product} {ergonomic}
   size_t MinHeapSize                              = 8388608                                   {product} {ergonomic}
    uintx NonNMethodCodeHeapSize                   = 5839372                                {pd product} {ergonomic}
    uintx NonProfiledCodeHeapSize                  = 122909434                              {pd product} {ergonomic}
    uintx ProfiledCodeHeapSize                     = 122909434                              {pd product} {ergonomic}
    uintx ReservedCodeCacheSize                    = 251658240                              {pd product} {ergonomic}
     bool SegmentedCodeCache                       = true                                      {product} {ergonomic}
   size_t SoftMaxHeapSize                          = 3074424832                             {manageable} {ergonomic}
     bool UseCompressedOops                        = true                           {product lp64_product} {ergonomic}
     bool UseG1GC                                  = true                                      {product} {ergonomic}
     bool UseLargePagesIndividualAllocation        = false                                  {pd product} {ergonomic}

Logging:
Log output configuration:
 #0: stdout all=warning uptime,level,tags foldmultilines=false
 #1: stderr all=off uptime,level,tags foldmultilines=false

Environment Variables:
JAVA_HOME=C:\Program Files\Java\jdk-21
PATH=C:\Program Files\Common Files\Oracle\Java\javapath;C:\Program Files (x86)\Cuminas\Document Express DjVu Plug-in\;C:\Program Files (x86)\Razer Chroma SDK\bin;C:\Program Files\Razer Chroma SDK\bin;C:\WINDOWS\system32;C:\WINDOWS;C:\WINDOWS\System32\Wbem;C:\WINDOWS\System32\WindowsPowerShell\v1.0\;C:\WINDOWS\System32\OpenSSH\;C:\Program Files (x86)\NVIDIA Corporation\PhysX\Common;C:\WINDOWS\system32\config\systemprofile\AppData\Local\Microsoft\WindowsApps;C:\Program Files (x86)\Razer\ChromaBroadcast\bin;C:\Program Files\Razer\ChromaBroadcast\bin;C:\Users\2oleg\AppData\Local\Microsoft\WindowsApps;C:\Program Files\JetBrains\IntelliJ IDEA Community Edition 2024.3\bin;C:\Users\2oleg\AppData\Local\Programs\Microsoft VS Code\bin;C:\Program Files\Docker\Docker\resources\bin;C:\Users\2oleg\Downloads\curl-8.16.0_6-win64-mingw.zip\curl-8.16.0_6-win64-mingw\bin;C:\Users\2oleg\Downloads\curl-8.16.0_6-win64-mingw\curl-8.16.0_6-win64-mingw\bin;C:\Users\2oleg\Downloads\apache-maven-3.9.11-bin\apache-maven-3.9.11\bin;C:\ProgramData\chocolatey\bin;C:\Users\2oleg\AppData\Roaming\Cloud Foundry;C:\Program Files\Git\cmd;C:\Program Files\nodejs\;C:\WINDOWS\system32\config\systemprofile\AppData\Local\Muse Hub\lib;C:\Users\2oleg\AppData\Local\Microsoft\WindowsApps;C:\Program Files\JetBrains\IntelliJ IDEA Community Edition 2025.2.4\bin;C:\Users\2oleg\AppData\Local\Programs\Microsoft VS Code\bin;C:\Program Files\jq.exe;C:\Users\2oleg\AppData\Local\Microsoft\WinGet\Packages\jqlang.jq_Microsoft.Winget.Source_8wekyb3d8bbwe;C:\Program Files\Java\jdk-24;C:\Users\2oleg\Downloads\gradle-9.0.0-bin\gradle-9.0.0\bin;C:\Program Files\Docker\Docker\resources\bin;C:\Users\2oleg\AppData\Local\GitHubDesktop\bin;C:\Users\2oleg\AppData\Roaming\npm
USERNAME=2oleg
OS=Windows_NT
PROCESSOR_IDENTIFIER=Intel64 Family 6 Model 60 Stepping 3, GenuineIntel
TMP=C:\Users\2oleg\AppData\Local\Temp
TEMP=C:\Users\2oleg\AppData\Local\Temp




Periodic native trim disabled

---------------  S Y S T E M  ---------------

OS:
 Windows 10 , 64 bit Build 19041 (10.0.19041.5915)
OS uptime: 3 days 5:55 hours
Hyper-V role detected

CPU: total 8 (initial active 8) (4 cores per cpu, 2 threads per core) family 6 model 60 stepping 3 microcode 0x27, cx8, cmov, fxsr, ht, mmx, sse, sse2, sse3, ssse3, sse4.1, sse4.2, popcnt, lzcnt, tsc, tscinvbit, avx, avx2, aes, erms, clmul, bmi1, bmi2, fma, vzeroupper, clflush, hv, rdtscp, f16c
Processor Information for all 8 processors :
  Max Mhz: 2401, Current Mhz: 2401, Mhz Limit: 2401

Memory: 4k page, system-wide physical 11723M (331M free)
TotalPageFile size 23723M (AvailPageFile size 0M)
current process WorkingSet (physical memory assigned to process): 213M, peak: 216M
current process commit charge ("private bytes"): 315M, peak: 323M

vm_info: Java HotSpot(TM) 64-Bit Server VM (21.0.7+8-LTS-245) for windows-amd64 JRE (21.0.7+8-LTS-245), built on 2025-02-21T05:11:27Z by "mach5one" with MS VC++ 17.6 (VS2022)

END.
