#
# There is insufficient memory for the Java Runtime Environment to continue.
# Native memory allocation (malloc) failed to allocate 65552 bytes for Chunk::new
# Possible reasons:
#   The system is out of physical RAM or swap space
#   The process is running with CompressedOops enabled, and the Java Heap may be blocking the growth of the native heap
# Possible solutions:
#   Reduce memory load on the system
#   Increase physical memory or swap space
#   Check if swap backing store is full
#   Decrease Java heap size (-Xmx/-Xms)
#   Decrease number of Java threads
#   Decrease Java thread stack sizes (-Xss)
#   Set larger code cache with -XX:ReservedCodeCacheSize=
#   JVM is running with Zero Based Compressed Oops mode in which the Java heap is
#     placed in the first 32GB address space. The Java Heap base address is the
#     maximum limit for the native heap growth. Please use -XX:HeapBaseMinAddress
#     to set the Java Heap base and to place the Java Heap above 32GB virtual address.
# This output file may be truncated or incomplete.
#
#  Out of Memory Error (arena.cpp:168), pid=13840, tid=13696
#
# JRE version: Java(TM) SE Runtime Environment (21.0.7+8) (build 21.0.7+8-LTS-245)
# Java VM: Java HotSpot(TM) 64-Bit Server VM (21.0.7+8-LTS-245, mixed mode, sharing, tiered, compressed oops, compressed class ptrs, g1 gc, windows-amd64)
# No core dump will be written. Minidumps are not enabled by default on client versions of Windows
#

---------------  S U M M A R Y ------------

Command Line: --enable-native-access=ALL-UNNAMED -Dclassworlds.conf=C:\Users\2oleg\Downloads\apache-maven-3.9.11-bin\apache-maven-3.9.11\bin\m2.conf -Dmaven.home=C:\Users\2oleg\Downloads\apache-maven-3.9.11-bin\apache-maven-3.9.11 -Dlibrary.jansi.path=C:\Users\2oleg\Downloads\apache-maven-3.9.11-bin\apache-maven-3.9.11\lib\jansi-native -Dmaven.multiModuleProjectDirectory=C:\Users\2oleg\Downloads\Telegram Desktop\Kefir\Backend\TransactionSaga org.codehaus.plexus.classworlds.launcher.Launcher spring-boot:run -Dserver.port=8090 -DskipTests

Host: Intel(R) Core(TM) i7-4700HQ CPU @ 2.40GHz, 8 cores, 11G,  Windows 10 , 64 bit Build 19041 (10.0.19041.5915)
Time: Sat Dec 13 01:37:34 2025 RTZ 2 (s 10 , 64 bit Build 19041 (10.0.19041.5915) elapsed time: 23.233325 seconds (0d 0h 0m 23s)

---------------  T H R E A D  ---------------

Current thread (0x000001d4e02a2bf0):  JavaThread "C2 CompilerThread0" daemon [_thread_in_native, id=13696, stack(0x000000b514700000,0x000000b514800000) (1024K)]


Current CompileTask:
C2:  23233 2744   !   4       java.net.URL::<init> (543 bytes)

Stack: [0x000000b514700000,0x000000b514800000]
Native frames: (J=compiled Java code, j=interpreted, Vv=VM code, C=native code)
V  [jvm.dll+0x6cae19]
V  [jvm.dll+0x855741]
V  [jvm.dll+0x857c6e]
V  [jvm.dll+0x858343]
V  [jvm.dll+0x27e0b6]
V  [jvm.dll+0xc4ecd]
V  [jvm.dll+0xc5403]
V  [jvm.dll+0xc4ff5]
V  [jvm.dll+0x72056c]
V  [jvm.dll+0x60048f]
V  [jvm.dll+0x5e580c]
V  [jvm.dll+0x5e7b49]
V  [jvm.dll+0x5f24cf]
V  [jvm.dll+0x5eb065]
V  [jvm.dll+0x5ef7ae]
V  [jvm.dll+0x5eeea9]
V  [jvm.dll+0x5eed90]
V  [jvm.dll+0x5eef0c]
V  [jvm.dll+0x5eef0c]
V  [jvm.dll+0x5f6254]
V  [jvm.dll+0x24fbc2]
V  [jvm.dll+0x24ff7f]
V  [jvm.dll+0x248a9c]
V  [jvm.dll+0x246004]
V  [jvm.dll+0x1c6efe]
V  [jvm.dll+0x255819]
V  [jvm.dll+0x253daa]
V  [jvm.dll+0x3eebb6]
V  [jvm.dll+0x7ffa1b]
V  [jvm.dll+0x6c94fd]
C  [ucrtbase.dll+0x21bb2]
C  [KERNEL32.DLL+0x17374]
C  [ntdll.dll+0x4cc91]


---------------  P R O C E S S  ---------------

Threads class SMR info:
_java_thread_list=0x000001d52636fc40, length=12, elements={
0x000001d4c0683c80, 0x000001d4e0298450, 0x000001d4e0299250, 0x000001d4e029bf60,
0x000001d4e029e9c0, 0x000001d4e029f410, 0x000001d4e029fe60, 0x000001d4e02a2bf0,
0x000001d4e030ead0, 0x000001d4e049afc0, 0x000001d4e049d630, 0x000001d526c97e10
}

Java Threads: ( => current thread )
  0x000001d4c0683c80 JavaThread "main"                              [_thread_in_native, id=15408, stack(0x000000b513900000,0x000000b513a00000) (1024K)]
  0x000001d4e0298450 JavaThread "Reference Handler"          daemon [_thread_blocked, id=8400, stack(0x000000b514100000,0x000000b514200000) (1024K)]
  0x000001d4e0299250 JavaThread "Finalizer"                  daemon [_thread_blocked, id=25044, stack(0x000000b514200000,0x000000b514300000) (1024K)]
  0x000001d4e029bf60 JavaThread "Signal Dispatcher"          daemon [_thread_blocked, id=4184, stack(0x000000b514300000,0x000000b514400000) (1024K)]
  0x000001d4e029e9c0 JavaThread "Attach Listener"            daemon [_thread_blocked, id=14836, stack(0x000000b514400000,0x000000b514500000) (1024K)]
  0x000001d4e029f410 JavaThread "Service Thread"             daemon [_thread_blocked, id=25448, stack(0x000000b514500000,0x000000b514600000) (1024K)]
  0x000001d4e029fe60 JavaThread "Monitor Deflation Thread"   daemon [_thread_blocked, id=25784, stack(0x000000b514600000,0x000000b514700000) (1024K)]
=>0x000001d4e02a2bf0 JavaThread "C2 CompilerThread0"         daemon [_thread_in_native, id=13696, stack(0x000000b514700000,0x000000b514800000) (1024K)]
  0x000001d4e030ead0 JavaThread "C1 CompilerThread0"         daemon [_thread_blocked, id=20932, stack(0x000000b514800000,0x000000b514900000) (1024K)]
  0x000001d4e049afc0 JavaThread "Notification Thread"        daemon [_thread_blocked, id=20980, stack(0x000000b514900000,0x000000b514a00000) (1024K)]
  0x000001d4e049d630 JavaThread "Common-Cleaner"             daemon [_thread_blocked, id=22584, stack(0x000000b514a00000,0x000000b514b00000) (1024K)]
  0x000001d526c97e10 JavaThread "Thread-1"                   daemon [_thread_blocked, id=28236, stack(0x000000b514b00000,0x000000b514c00000) (1024K)]
Total: 12

Other Threads:
  0x000001d4e027b4b0 VMThread "VM Thread"                           [id=21912, stack(0x000000b514000000,0x000000b514100000) (1024K)]
  0x000001d4e0268be0 WatcherThread "VM Periodic Task Thread"        [id=31192, stack(0x000000b513f00000,0x000000b514000000) (1024K)]
  0x000001d4c084d8f0 WorkerThread "GC Thread#0"                     [id=29616, stack(0x000000b513a00000,0x000000b513b00000) (1024K)]
  0x000001d5267213d0 WorkerThread "GC Thread#1"                     [id=31012, stack(0x000000b514d00000,0x000000b514e00000) (1024K)]
  0x000001d526721770 WorkerThread "GC Thread#2"                     [id=31752, stack(0x000000b514e00000,0x000000b514f00000) (1024K)]
  0x000001d526721b10 WorkerThread "GC Thread#3"                     [id=29940, stack(0x000000b514f00000,0x000000b515000000) (1024K)]
  0x000001d52677eaa0 WorkerThread "GC Thread#4"                     [id=31436, stack(0x000000b515000000,0x000000b515100000) (1024K)]
  0x000001d5265c0f90 WorkerThread "GC Thread#5"                     [id=28192, stack(0x000000b515100000,0x000000b515200000) (1024K)]
  0x000001d5265c1330 WorkerThread "GC Thread#6"                     [id=28900, stack(0x000000b515200000,0x000000b515300000) (1024K)]
  0x000001d5264e3510 WorkerThread "GC Thread#7"                     [id=19596, stack(0x000000b515300000,0x000000b515400000) (1024K)]
  0x000001d4c085a010 ConcurrentGCThread "G1 Main Marker"            [id=14212, stack(0x000000b513b00000,0x000000b513c00000) (1024K)]
  0x000001d4c085ab10 WorkerThread "G1 Conc#0"                       [id=29964, stack(0x000000b513c00000,0x000000b513d00000) (1024K)]
  0x000001d4e0140090 ConcurrentGCThread "G1 Refine#0"               [id=23536, stack(0x000000b513d00000,0x000000b513e00000) (1024K)]
  0x000001d4e0140c00 ConcurrentGCThread "G1 Service"                [id=16508, stack(0x000000b513e00000,0x000000b513f00000) (1024K)]
Total: 14

Threads with active compile tasks:
C2 CompilerThread0    23391 2744   !   4       java.net.URL::<init> (543 bytes)
Total: 1

VM state: not at safepoint (normal execution)

VM Mutex/Monitor currently owned by a thread: None

Heap address: 0x0000000748c00000, size: 2932 MB, Compressed Oops mode: Zero based, Oop shift amount: 3

CDS archive(s) mapped at: [0x000001d4e1000000-0x000001d4e1c90000-0x000001d4e1c90000), size 13172736, SharedBaseAddress: 0x000001d4e1000000, ArchiveRelocationMode: 1.
Compressed class space mapped at: 0x000001d4e2000000-0x000001d522000000, reserved size: 1073741824
Narrow klass base: 0x000001d4e1000000, Narrow klass shift: 0, Narrow klass range: 0x100000000

GC Precious Log:
 CardTable entry size: 512
 Card Set container configuration: InlinePtr #cards 4 size 8 Array Of Cards #cards 16 size 48 Howl #buckets 8 coarsen threshold 3686 Howl Bitmap #cards 512 size 80 coarsen threshold 460 Card regions per heap region 1 cards per card region 4096
 CPUs: 8 total, 8 available
 Memory: 11723M
 Large Page Support: Disabled
 NUMA Support: Disabled
 Compressed Oops: Enabled (Zero based)
 Heap Region Size: 2M
 Heap Min Capacity: 8M
 Heap Initial Capacity: 184M
 Heap Max Capacity: 2932M
 Pre-touch: Disabled
 Parallel Workers: 8
 Concurrent Workers: 2
 Concurrent Refinement Workers: 8
 Periodic GC: Disabled

Heap:
 garbage-first heap   total 188416K, used 27934K [0x0000000748c00000, 0x0000000800000000)
  region size 2048K, 13 young (26624K), 1 survivors (2048K)
 Metaspace       used 14051K, committed 14272K, reserved 1114112K
  class space    used 1675K, committed 1792K, reserved 1048576K

Heap Regions: E=young(eden), S=young(survivor), O=old, HS=humongous(starts), HC=humongous(continues), CS=collection set, F=free, TAMS=top-at-mark-start, PB=parsable bottom
|   0|0x0000000748c00000, 0x0000000748e00000, 0x0000000748e00000|100%| O|  |TAMS 0x0000000748c00000| PB 0x0000000748c00000| Untracked 
|   1|0x0000000748e00000, 0x0000000748f84fd0, 0x0000000749000000| 75%| O|  |TAMS 0x0000000748e00000| PB 0x0000000748e00000| Untracked 
|   2|0x0000000749000000, 0x0000000749000000, 0x0000000749200000|  0%| F|  |TAMS 0x0000000749000000| PB 0x0000000749000000| Untracked 
|   3|0x0000000749200000, 0x0000000749200000, 0x0000000749400000|  0%| F|  |TAMS 0x0000000749200000| PB 0x0000000749200000| Untracked 
|   4|0x0000000749400000, 0x0000000749400000, 0x0000000749600000|  0%| F|  |TAMS 0x0000000749400000| PB 0x0000000749400000| Untracked 
|   5|0x0000000749600000, 0x0000000749600000, 0x0000000749800000|  0%| F|  |TAMS 0x0000000749600000| PB 0x0000000749600000| Untracked 
|   6|0x0000000749800000, 0x0000000749800000, 0x0000000749a00000|  0%| F|  |TAMS 0x0000000749800000| PB 0x0000000749800000| Untracked 
|   7|0x0000000749a00000, 0x0000000749a00000, 0x0000000749c00000|  0%| F|  |TAMS 0x0000000749a00000| PB 0x0000000749a00000| Untracked 
|   8|0x0000000749c00000, 0x0000000749c00000, 0x0000000749e00000|  0%| F|  |TAMS 0x0000000749c00000| PB 0x0000000749c00000| Untracked 
|   9|0x0000000749e00000, 0x0000000749e00000, 0x000000074a000000|  0%| F|  |TAMS 0x0000000749e00000| PB 0x0000000749e00000| Untracked 
|  10|0x000000074a000000, 0x000000074a000000, 0x000000074a200000|  0%| F|  |TAMS 0x000000074a000000| PB 0x000000074a000000| Untracked 
|  11|0x000000074a200000, 0x000000074a200000, 0x000000074a400000|  0%| F|  |TAMS 0x000000074a200000| PB 0x000000074a200000| Untracked 
|  12|0x000000074a400000, 0x000000074a400000, 0x000000074a600000|  0%| F|  |TAMS 0x000000074a400000| PB 0x000000074a400000| Untracked 
|  13|0x000000074a600000, 0x000000074a600000, 0x000000074a800000|  0%| F|  |TAMS 0x000000074a600000| PB 0x000000074a600000| Untracked 
|  14|0x000000074a800000, 0x000000074a800000, 0x000000074aa00000|  0%| F|  |TAMS 0x000000074a800000| PB 0x000000074a800000| Untracked 
|  15|0x000000074aa00000, 0x000000074aa00000, 0x000000074ac00000|  0%| F|  |TAMS 0x000000074aa00000| PB 0x000000074aa00000| Untracked 
|  16|0x000000074ac00000, 0x000000074ac00000, 0x000000074ae00000|  0%| F|  |TAMS 0x000000074ac00000| PB 0x000000074ac00000| Untracked 
|  17|0x000000074ae00000, 0x000000074ae00000, 0x000000074b000000|  0%| F|  |TAMS 0x000000074ae00000| PB 0x000000074ae00000| Untracked 
|  18|0x000000074b000000, 0x000000074b000000, 0x000000074b200000|  0%| F|  |TAMS 0x000000074b000000| PB 0x000000074b000000| Untracked 
|  19|0x000000074b200000, 0x000000074b200000, 0x000000074b400000|  0%| F|  |TAMS 0x000000074b200000| PB 0x000000074b200000| Untracked 
|  20|0x000000074b400000, 0x000000074b400000, 0x000000074b600000|  0%| F|  |TAMS 0x000000074b400000| PB 0x000000074b400000| Untracked 
|  21|0x000000074b600000, 0x000000074b600000, 0x000000074b800000|  0%| F|  |TAMS 0x000000074b600000| PB 0x000000074b600000| Untracked 
|  22|0x000000074b800000, 0x000000074b800000, 0x000000074ba00000|  0%| F|  |TAMS 0x000000074b800000| PB 0x000000074b800000| Untracked 
|  23|0x000000074ba00000, 0x000000074ba00000, 0x000000074bc00000|  0%| F|  |TAMS 0x000000074ba00000| PB 0x000000074ba00000| Untracked 
|  24|0x000000074bc00000, 0x000000074bc00000, 0x000000074be00000|  0%| F|  |TAMS 0x000000074bc00000| PB 0x000000074bc00000| Untracked 
|  25|0x000000074be00000, 0x000000074be00000, 0x000000074c000000|  0%| F|  |TAMS 0x000000074be00000| PB 0x000000074be00000| Untracked 
|  26|0x000000074c000000, 0x000000074c000000, 0x000000074c200000|  0%| F|  |TAMS 0x000000074c000000| PB 0x000000074c000000| Untracked 
|  27|0x000000074c200000, 0x000000074c200000, 0x000000074c400000|  0%| F|  |TAMS 0x000000074c200000| PB 0x000000074c200000| Untracked 
|  28|0x000000074c400000, 0x000000074c400000, 0x000000074c600000|  0%| F|  |TAMS 0x000000074c400000| PB 0x000000074c400000| Untracked 
|  29|0x000000074c600000, 0x000000074c600000, 0x000000074c800000|  0%| F|  |TAMS 0x000000074c600000| PB 0x000000074c600000| Untracked 
|  30|0x000000074c800000, 0x000000074c800000, 0x000000074ca00000|  0%| F|  |TAMS 0x000000074c800000| PB 0x000000074c800000| Untracked 
|  31|0x000000074ca00000, 0x000000074ca00000, 0x000000074cc00000|  0%| F|  |TAMS 0x000000074ca00000| PB 0x000000074ca00000| Untracked 
|  32|0x000000074cc00000, 0x000000074cc00000, 0x000000074ce00000|  0%| F|  |TAMS 0x000000074cc00000| PB 0x000000074cc00000| Untracked 
|  33|0x000000074ce00000, 0x000000074ce00000, 0x000000074d000000|  0%| F|  |TAMS 0x000000074ce00000| PB 0x000000074ce00000| Untracked 
|  34|0x000000074d000000, 0x000000074d000000, 0x000000074d200000|  0%| F|  |TAMS 0x000000074d000000| PB 0x000000074d000000| Untracked 
|  35|0x000000074d200000, 0x000000074d200000, 0x000000074d400000|  0%| F|  |TAMS 0x000000074d200000| PB 0x000000074d200000| Untracked 
|  36|0x000000074d400000, 0x000000074d400000, 0x000000074d600000|  0%| F|  |TAMS 0x000000074d400000| PB 0x000000074d400000| Untracked 
|  37|0x000000074d600000, 0x000000074d600000, 0x000000074d800000|  0%| F|  |TAMS 0x000000074d600000| PB 0x000000074d600000| Untracked 
|  38|0x000000074d800000, 0x000000074d800000, 0x000000074da00000|  0%| F|  |TAMS 0x000000074d800000| PB 0x000000074d800000| Untracked 
|  39|0x000000074da00000, 0x000000074da00000, 0x000000074dc00000|  0%| F|  |TAMS 0x000000074da00000| PB 0x000000074da00000| Untracked 
|  40|0x000000074dc00000, 0x000000074dc00000, 0x000000074de00000|  0%| F|  |TAMS 0x000000074dc00000| PB 0x000000074dc00000| Untracked 
|  41|0x000000074de00000, 0x000000074de00000, 0x000000074e000000|  0%| F|  |TAMS 0x000000074de00000| PB 0x000000074de00000| Untracked 
|  42|0x000000074e000000, 0x000000074e000000, 0x000000074e200000|  0%| F|  |TAMS 0x000000074e000000| PB 0x000000074e000000| Untracked 
|  43|0x000000074e200000, 0x000000074e200000, 0x000000074e400000|  0%| F|  |TAMS 0x000000074e200000| PB 0x000000074e200000| Untracked 
|  44|0x000000074e400000, 0x000000074e400000, 0x000000074e600000|  0%| F|  |TAMS 0x000000074e400000| PB 0x000000074e400000| Untracked 
|  45|0x000000074e600000, 0x000000074e600000, 0x000000074e800000|  0%| F|  |TAMS 0x000000074e600000| PB 0x000000074e600000| Untracked 
|  46|0x000000074e800000, 0x000000074e800000, 0x000000074ea00000|  0%| F|  |TAMS 0x000000074e800000| PB 0x000000074e800000| Untracked 
|  47|0x000000074ea00000, 0x000000074ea00000, 0x000000074ec00000|  0%| F|  |TAMS 0x000000074ea00000| PB 0x000000074ea00000| Untracked 
|  48|0x000000074ec00000, 0x000000074ec00000, 0x000000074ee00000|  0%| F|  |TAMS 0x000000074ec00000| PB 0x000000074ec00000| Untracked 
|  49|0x000000074ee00000, 0x000000074ee00000, 0x000000074f000000|  0%| F|  |TAMS 0x000000074ee00000| PB 0x000000074ee00000| Untracked 
|  50|0x000000074f000000, 0x000000074f000000, 0x000000074f200000|  0%| F|  |TAMS 0x000000074f000000| PB 0x000000074f000000| Untracked 
|  51|0x000000074f200000, 0x000000074f200000, 0x000000074f400000|  0%| F|  |TAMS 0x000000074f200000| PB 0x000000074f200000| Untracked 
|  52|0x000000074f400000, 0x000000074f400000, 0x000000074f600000|  0%| F|  |TAMS 0x000000074f400000| PB 0x000000074f400000| Untracked 
|  53|0x000000074f600000, 0x000000074f600000, 0x000000074f800000|  0%| F|  |TAMS 0x000000074f600000| PB 0x000000074f600000| Untracked 
|  54|0x000000074f800000, 0x000000074f800000, 0x000000074fa00000|  0%| F|  |TAMS 0x000000074f800000| PB 0x000000074f800000| Untracked 
|  55|0x000000074fa00000, 0x000000074fa00000, 0x000000074fc00000|  0%| F|  |TAMS 0x000000074fa00000| PB 0x000000074fa00000| Untracked 
|  56|0x000000074fc00000, 0x000000074fc00000, 0x000000074fe00000|  0%| F|  |TAMS 0x000000074fc00000| PB 0x000000074fc00000| Untracked 
|  57|0x000000074fe00000, 0x000000074fe00000, 0x0000000750000000|  0%| F|  |TAMS 0x000000074fe00000| PB 0x000000074fe00000| Untracked 
|  58|0x0000000750000000, 0x0000000750000000, 0x0000000750200000|  0%| F|  |TAMS 0x0000000750000000| PB 0x0000000750000000| Untracked 
|  59|0x0000000750200000, 0x0000000750200000, 0x0000000750400000|  0%| F|  |TAMS 0x0000000750200000| PB 0x0000000750200000| Untracked 
|  60|0x0000000750400000, 0x0000000750400000, 0x0000000750600000|  0%| F|  |TAMS 0x0000000750400000| PB 0x0000000750400000| Untracked 
|  61|0x0000000750600000, 0x0000000750600000, 0x0000000750800000|  0%| F|  |TAMS 0x0000000750600000| PB 0x0000000750600000| Untracked 
|  62|0x0000000750800000, 0x0000000750800000, 0x0000000750a00000|  0%| F|  |TAMS 0x0000000750800000| PB 0x0000000750800000| Untracked 
|  63|0x0000000750a00000, 0x0000000750a00000, 0x0000000750c00000|  0%| F|  |TAMS 0x0000000750a00000| PB 0x0000000750a00000| Untracked 
|  64|0x0000000750c00000, 0x0000000750c00000, 0x0000000750e00000|  0%| F|  |TAMS 0x0000000750c00000| PB 0x0000000750c00000| Untracked 
|  65|0x0000000750e00000, 0x0000000750e00000, 0x0000000751000000|  0%| F|  |TAMS 0x0000000750e00000| PB 0x0000000750e00000| Untracked 
|  66|0x0000000751000000, 0x0000000751000000, 0x0000000751200000|  0%| F|  |TAMS 0x0000000751000000| PB 0x0000000751000000| Untracked 
|  67|0x0000000751200000, 0x0000000751200000, 0x0000000751400000|  0%| F|  |TAMS 0x0000000751200000| PB 0x0000000751200000| Untracked 
|  68|0x0000000751400000, 0x0000000751400000, 0x0000000751600000|  0%| F|  |TAMS 0x0000000751400000| PB 0x0000000751400000| Untracked 
|  69|0x0000000751600000, 0x0000000751600000, 0x0000000751800000|  0%| F|  |TAMS 0x0000000751600000| PB 0x0000000751600000| Untracked 
|  70|0x0000000751800000, 0x0000000751800000, 0x0000000751a00000|  0%| F|  |TAMS 0x0000000751800000| PB 0x0000000751800000| Untracked 
|  71|0x0000000751a00000, 0x0000000751a00000, 0x0000000751c00000|  0%| F|  |TAMS 0x0000000751a00000| PB 0x0000000751a00000| Untracked 
|  72|0x0000000751c00000, 0x0000000751c00000, 0x0000000751e00000|  0%| F|  |TAMS 0x0000000751c00000| PB 0x0000000751c00000| Untracked 
|  73|0x0000000751e00000, 0x0000000751e00000, 0x0000000752000000|  0%| F|  |TAMS 0x0000000751e00000| PB 0x0000000751e00000| Untracked 
|  74|0x0000000752000000, 0x00000007521c2958, 0x0000000752200000| 88%| S|CS|TAMS 0x0000000752000000| PB 0x0000000752000000| Complete 
|  75|0x0000000752200000, 0x0000000752200000, 0x0000000752400000|  0%| F|  |TAMS 0x0000000752200000| PB 0x0000000752200000| Untracked 
|  76|0x0000000752400000, 0x0000000752400000, 0x0000000752600000|  0%| F|  |TAMS 0x0000000752400000| PB 0x0000000752400000| Untracked 
|  77|0x0000000752600000, 0x0000000752600000, 0x0000000752800000|  0%| F|  |TAMS 0x0000000752600000| PB 0x0000000752600000| Untracked 
|  78|0x0000000752800000, 0x0000000752800000, 0x0000000752a00000|  0%| F|  |TAMS 0x0000000752800000| PB 0x0000000752800000| Untracked 
|  79|0x0000000752a00000, 0x0000000752a00000, 0x0000000752c00000|  0%| F|  |TAMS 0x0000000752a00000| PB 0x0000000752a00000| Untracked 
|  80|0x0000000752c00000, 0x0000000752d41278, 0x0000000752e00000| 62%| E|  |TAMS 0x0000000752c00000| PB 0x0000000752c00000| Complete 
|  81|0x0000000752e00000, 0x0000000753000000, 0x0000000753000000|100%| E|CS|TAMS 0x0000000752e00000| PB 0x0000000752e00000| Complete 
|  82|0x0000000753000000, 0x0000000753200000, 0x0000000753200000|100%| E|CS|TAMS 0x0000000753000000| PB 0x0000000753000000| Complete 
|  83|0x0000000753200000, 0x0000000753400000, 0x0000000753400000|100%| E|CS|TAMS 0x0000000753200000| PB 0x0000000753200000| Complete 
|  84|0x0000000753400000, 0x0000000753600000, 0x0000000753600000|100%| E|CS|TAMS 0x0000000753400000| PB 0x0000000753400000| Complete 
|  85|0x0000000753600000, 0x0000000753800000, 0x0000000753800000|100%| E|CS|TAMS 0x0000000753600000| PB 0x0000000753600000| Complete 
|  86|0x0000000753800000, 0x0000000753a00000, 0x0000000753a00000|100%| E|CS|TAMS 0x0000000753800000| PB 0x0000000753800000| Complete 
|  87|0x0000000753a00000, 0x0000000753c00000, 0x0000000753c00000|100%| E|CS|TAMS 0x0000000753a00000| PB 0x0000000753a00000| Complete 
|  88|0x0000000753c00000, 0x0000000753e00000, 0x0000000753e00000|100%| E|CS|TAMS 0x0000000753c00000| PB 0x0000000753c00000| Complete 
|  89|0x0000000753e00000, 0x0000000754000000, 0x0000000754000000|100%| E|CS|TAMS 0x0000000753e00000| PB 0x0000000753e00000| Complete 
|  90|0x0000000754000000, 0x0000000754200000, 0x0000000754200000|100%| E|CS|TAMS 0x0000000754000000| PB 0x0000000754000000| Complete 
|  91|0x0000000754200000, 0x0000000754400000, 0x0000000754400000|100%| E|CS|TAMS 0x0000000754200000| PB 0x0000000754200000| Complete 

Card table byte_map: [0x000001d4da4a0000,0x000001d4daa60000] _byte_map_base: 0x000001d4d6a5a000

Marking Bits: (CMBitMap*) 0x000001d4c084dff0
 Bits: [0x000001d4daa60000, 0x000001d4dd830000)

Polling page: 0x000001d4c08d0000

Metaspace:

Usage:
  Non-class:     12.09 MB used.
      Class:      1.64 MB used.
       Both:     13.72 MB used.

Virtual space:
  Non-class space:       64.00 MB reserved,      12.19 MB ( 19%) committed,  1 nodes.
      Class space:        1.00 GB reserved,       1.75 MB ( <1%) committed,  1 nodes.
             Both:        1.06 GB reserved,      13.94 MB (  1%) committed. 

Chunk freelists:
   Non-Class:  3.12 MB
       Class:  14.10 MB
        Both:  17.22 MB

MaxMetaspaceSize: unlimited
CompressedClassSpaceSize: 1.00 GB
Initial GC threshold: 21.00 MB
Current GC threshold: 21.00 MB
CDS: on
 - commit_granule_bytes: 65536.
 - commit_granule_words: 8192.
 - virtual_space_node_default_size: 8388608.
 - enlarge_chunks_in_place: 1.
 - use_allocation_guard: 0.


Internal statistics:

num_allocs_failed_limit: 0.
num_arena_births: 134.
num_arena_deaths: 0.
num_vsnodes_births: 2.
num_vsnodes_deaths: 0.
num_space_committed: 223.
num_space_uncommitted: 0.
num_chunks_returned_to_freelist: 0.
num_chunks_taken_from_freelist: 583.
num_chunk_merges: 0.
num_chunk_splits: 418.
num_chunks_enlarged: 348.
num_inconsistent_stats: 0.

CodeHeap 'non-profiled nmethods': size=120000Kb used=1061Kb max_used=1061Kb free=118938Kb
 bounds [0x000001d4d1f50000, 0x000001d4d21c0000, 0x000001d4d9480000]
CodeHeap 'profiled nmethods': size=120000Kb used=5615Kb max_used=5615Kb free=114384Kb
 bounds [0x000001d4ca480000, 0x000001d4caa00000, 0x000001d4d19b0000]
CodeHeap 'non-nmethods': size=5760Kb used=1383Kb max_used=1417Kb free=4376Kb
 bounds [0x000001d4d19b0000, 0x000001d4d1c20000, 0x000001d4d1f50000]
 total_blobs=3237 nmethods=2756 adapters=385
 compilation: enabled
              stopped_count=0, restarted_count=0
 full_count=0

Compilation events (20 events):
Event: 22.770 Thread 0x000001d4e030ead0 2741       3       java.util.regex.Pattern$Slice::match (79 bytes)
Event: 22.771 Thread 0x000001d4e030ead0 nmethod 2741 0x000001d4ca9edf90 code [0x000001d4ca9ee180, 0x000001d4ca9ee620]
Event: 22.771 Thread 0x000001d4e030ead0 2742       3       org.codehaus.plexus.util.xml.pull.MXParser::more (106 bytes)
Event: 22.771 Thread 0x000001d4e030ead0 nmethod 2742 0x000001d4ca9ee810 code [0x000001d4ca9eea60, 0x000001d4ca9ef190]
Event: 22.774 Thread 0x000001d4e02a2bf0 nmethod 2738 0x000001d4d2057810 code [0x000001d4d20579c0, 0x000001d4d2057e10]
Event: 22.777 Thread 0x000001d4e02a2bf0 2743       4       java.lang.String::<init> (99 bytes)
Event: 22.783 Thread 0x000001d4e02a2bf0 nmethod 2743 0x000001d4d2058010 code [0x000001d4d20581c0, 0x000001d4d2058780]
Event: 22.783 Thread 0x000001d4e02a2bf0 2744   !   4       java.net.URL::<init> (543 bytes)
Event: 22.788 Thread 0x000001d4e030ead0 2745   !   3       org.slf4j.impl.SimpleLoggerConfiguration::getStringProperty (28 bytes)
Event: 22.789 Thread 0x000001d4e030ead0 nmethod 2745 0x000001d4ca9ef490 code [0x000001d4ca9ef680, 0x000001d4ca9efb50]
Event: 22.789 Thread 0x000001d4e030ead0 2746       3       java.lang.String::lastIndexOf (10 bytes)
Event: 22.789 Thread 0x000001d4e030ead0 nmethod 2746 0x000001d4ca9efd90 code [0x000001d4ca9eff60, 0x000001d4ca9f01a0]
Event: 22.790 Thread 0x000001d4e030ead0 2747       1       org.apache.commons.cli.Option::getLongOpt (5 bytes)
Event: 22.790 Thread 0x000001d4e030ead0 nmethod 2747 0x000001d4d2058a10 code [0x000001d4d2058ba0, 0x000001d4d2058c70]
Event: 22.961 Thread 0x000001d4e030ead0 2751       3       jdk.internal.org.objectweb.asm.MethodWriter::hasFrames (13 bytes)
Event: 22.961 Thread 0x000001d4e030ead0 nmethod 2751 0x000001d4ca9f0290 code [0x000001d4ca9f0420, 0x000001d4ca9f0588]
Event: 22.961 Thread 0x000001d4e030ead0 2753       3       jdk.internal.org.objectweb.asm.Handler::putExceptionTable (63 bytes)
Event: 22.962 Thread 0x000001d4e030ead0 nmethod 2753 0x000001d4ca9f0610 code [0x000001d4ca9f0840, 0x000001d4ca9f0cd8]
Event: 22.962 Thread 0x000001d4e030ead0 2752       3       jdk.internal.org.objectweb.asm.MethodWriter::putMethodInfo (1274 bytes)
Event: 22.966 Thread 0x000001d4e030ead0 nmethod 2752 0x000001d4ca9f0f90 code [0x000001d4ca9f16a0, 0x000001d4ca9f3f38]

GC Heap History (4 events):
Event: 12.465 GC heap before
{Heap before GC invocations=0 (full 0):
 garbage-first heap   total 188416K, used 22528K [0x0000000748c00000, 0x0000000800000000)
  region size 2048K, 11 young (22528K), 0 survivors (0K)
 Metaspace       used 5622K, committed 5824K, reserved 1114112K
  class space    used 646K, committed 768K, reserved 1048576K
}
Event: 13.024 GC heap after
{Heap after GC invocations=1 (full 0):
 garbage-first heap   total 188416K, used 3840K [0x0000000748c00000, 0x0000000800000000)
  region size 2048K, 2 young (4096K), 2 survivors (4096K)
 Metaspace       used 5622K, committed 5824K, reserved 1114112K
  class space    used 646K, committed 768K, reserved 1048576K
}
Event: 16.877 GC heap before
{Heap before GC invocations=1 (full 0):
 garbage-first heap   total 188416K, used 34560K [0x0000000748c00000, 0x0000000800000000)
  region size 2048K, 17 young (34816K), 2 survivors (4096K)
 Metaspace       used 9489K, committed 9728K, reserved 1114112K
  class space    used 1108K, committed 1216K, reserved 1048576K
}
Event: 16.887 GC heap after
{Heap after GC invocations=2 (full 0):
 garbage-first heap   total 188416K, used 5406K [0x0000000748c00000, 0x0000000800000000)
  region size 2048K, 1 young (2048K), 1 survivors (2048K)
 Metaspace       used 9489K, committed 9728K, reserved 1114112K
  class space    used 1108K, committed 1216K, reserved 1048576K
}

Dll operation events (8 events):
Event: 0.779 Loaded shared library C:\Program Files\Java\jdk-21\bin\java.dll
Event: 1.934 Loaded shared library C:\Program Files\Java\jdk-21\bin\jsvml.dll
Event: 2.294 Loaded shared library C:\Program Files\Java\jdk-21\bin\net.dll
Event: 2.298 Loaded shared library C:\Program Files\Java\jdk-21\bin\nio.dll
Event: 2.305 Loaded shared library C:\Program Files\Java\jdk-21\bin\zip.dll
Event: 4.400 Loaded shared library C:\Users\2oleg\Downloads\apache-maven-3.9.11-bin\apache-maven-3.9.11\lib\jansi-native\Windows\x86_64\jansi.dll
Event: 4.420 Loaded shared library C:\Program Files\Java\jdk-21\bin\verify.dll
Event: 4.653 Loaded shared library C:\Program Files\Java\jdk-21\bin\jimage.dll

Deoptimization events (20 events):
Event: 22.266 Thread 0x000001d4c0683c80 Uncommon trap: trap_request=0xffffff45 fr.pc=0x000001d4d201afe4 relative=0x0000000000000324
Event: 22.266 Thread 0x000001d4c0683c80 Uncommon trap: reason=unstable_if action=reinterpret pc=0x000001d4d201afe4 method=jdk.internal.org.objectweb.asm.SymbolTable.put(Ljdk/internal/org/objectweb/asm/SymbolTable$Entry;)Ljdk/internal/org/objectweb/asm/SymbolTable$Entry; @ 13 c2
Event: 22.266 Thread 0x000001d4c0683c80 DEOPT PACKING pc=0x000001d4d201afe4 sp=0x000000b5139f9470
Event: 22.266 Thread 0x000001d4c0683c80 DEOPT UNPACKING pc=0x000001d4d1a046a2 sp=0x000000b5139f93f0 mode 2
Event: 22.456 Thread 0x000001d4c0683c80 Uncommon trap: trap_request=0xffffff45 fr.pc=0x000001d4d2053a7c relative=0x0000000000000afc
Event: 22.456 Thread 0x000001d4c0683c80 Uncommon trap: reason=unstable_if action=reinterpret pc=0x000001d4d2053a7c method=org.eclipse.sisu.inject.InjectorBindings.isAssignableFrom(Lcom/google/inject/TypeLiteral;Lcom/google/inject/Binding;)Z @ 15 c2
Event: 22.456 Thread 0x000001d4c0683c80 DEOPT PACKING pc=0x000001d4d2053a7c sp=0x000000b5139fdad0
Event: 22.456 Thread 0x000001d4c0683c80 DEOPT UNPACKING pc=0x000001d4d1a046a2 sp=0x000000b5139fdaa0 mode 2
Event: 22.718 Thread 0x000001d4c0683c80 Uncommon trap: trap_request=0xffffff45 fr.pc=0x000001d4d1fc9564 relative=0x0000000000001fa4
Event: 22.718 Thread 0x000001d4c0683c80 Uncommon trap: reason=unstable_if action=reinterpret pc=0x000001d4d1fc9564 method=sun.nio.cs.StreamDecoder.implRead([CII)I @ 36 c2
Event: 22.718 Thread 0x000001d4c0683c80 DEOPT PACKING pc=0x000001d4d1fc9564 sp=0x000000b5139fe580
Event: 22.718 Thread 0x000001d4c0683c80 DEOPT UNPACKING pc=0x000001d4d1a046a2 sp=0x000000b5139fe4e8 mode 2
Event: 22.719 Thread 0x000001d4c0683c80 Uncommon trap: trap_request=0xffffff45 fr.pc=0x000001d4d1fcfcd0 relative=0x00000000000008d0
Event: 22.719 Thread 0x000001d4c0683c80 Uncommon trap: reason=unstable_if action=reinterpret pc=0x000001d4d1fcfcd0 method=sun.nio.cs.StreamDecoder.implRead([CII)I @ 36 c2
Event: 22.719 Thread 0x000001d4c0683c80 DEOPT PACKING pc=0x000001d4d1fcfcd0 sp=0x000000b5139fe650
Event: 22.719 Thread 0x000001d4c0683c80 DEOPT UNPACKING pc=0x000001d4d1a046a2 sp=0x000000b5139fe630 mode 2
Event: 22.719 Thread 0x000001d4c0683c80 Uncommon trap: trap_request=0x00000259 fr.pc=0x000001d4d1fadf88 relative=0x00000000000000e8
Event: 22.719 Thread 0x000001d4c0683c80 Uncommon trap: reason=unloaded action=reinterpret pc=0x000001d4d1fadf88 method=org.codehaus.plexus.util.xml.pull.MXParser.more()C @ 22 c2
Event: 22.719 Thread 0x000001d4c0683c80 DEOPT PACKING pc=0x000001d4d1fadf88 sp=0x000000b5139fe960
Event: 22.719 Thread 0x000001d4c0683c80 DEOPT UNPACKING pc=0x000001d4d1a046a2 sp=0x000000b5139fe900 mode 2

Classes loaded (20 events):
Event: 22.097 Loading class java/security/DrbgParameters$Capability
Event: 22.097 Loading class java/security/DrbgParameters$Capability done
Event: 22.097 Loading class sun/security/provider/MoreDrbgParameters
Event: 22.097 Loading class sun/security/provider/MoreDrbgParameters done
Event: 22.097 Loading class java/security/DrbgParameters
Event: 22.097 Loading class java/security/DrbgParameters done
Event: 22.097 Loading class java/security/DrbgParameters$Instantiation
Event: 22.097 Loading class java/security/DrbgParameters$Instantiation done
Event: 22.235 Loading class sun/security/provider/HashDrbg
Event: 22.235 Loading class sun/security/provider/AbstractHashDrbg
Event: 22.235 Loading class sun/security/provider/AbstractDrbg
Event: 22.236 Loading class sun/security/provider/AbstractDrbg done
Event: 22.236 Loading class sun/security/provider/AbstractHashDrbg done
Event: 22.236 Loading class sun/security/provider/HashDrbg done
Event: 22.236 Loading class sun/security/provider/EntropySource
Event: 22.236 Loading class sun/security/provider/EntropySource done
Event: 22.769 Loading class java/lang/ProcessEnvironment$CheckedKeySet
Event: 22.769 Loading class java/lang/ProcessEnvironment$CheckedKeySet done
Event: 22.785 Loading class java/util/concurrent/ArrayBlockingQueue
Event: 22.785 Loading class java/util/concurrent/ArrayBlockingQueue done

Classes unloaded (0 events):
No events

Classes redefined (0 events):
No events

Internal exceptions (20 events):
Event: 11.110 Thread 0x000001d4c0683c80 Exception <a 'java/lang/NoSuchMethodError'{0x00000007535b52b8}: 'java.lang.Object java.lang.invoke.DirectMethodHandle$Holder.invokeInterface(java.lang.Object, java.lang.Object)'> (0x00000007535b52b8) 
thrown [s\open\src\hotspot\share\interpreter\linkResolver.cpp, line 773]
Event: 11.139 Thread 0x000001d4c0683c80 Exception <a 'java/lang/NoSuchMethodError'{0x000000075325a038}: 'int java.lang.invoke.DirectMethodHandle$Holder.invokeStatic(java.lang.Object, java.lang.Object, java.lang.Object, java.lang.Object)'> (0x000000075325a038) 
thrown [s\open\src\hotspot\share\interpreter\linkResolver.cpp, line 773]
Event: 11.140 Thread 0x000001d4c0683c80 Exception <a 'java/lang/NoSuchMethodError'{0x000000075325d6c8}: 'java.lang.Object java.lang.invoke.Invokers$Holder.invokeExact_MT(java.lang.Object, java.lang.Object, java.lang.Object, java.lang.Object, java.lang.Object, java.lang.Object)'> (0x000000075325d6c8) 
thrown [s\open\src\hotspot\share\interpreter\linkResolver.cpp, line 773]
Event: 11.235 Thread 0x000001d4c0683c80 Exception <a 'java/lang/NoSuchMethodError'{0x000000075326bd70}: 'int java.lang.invoke.DirectMethodHandle$Holder.invokeSpecialIFC(java.lang.Object, java.lang.Object, java.lang.Object, java.lang.Object, java.lang.Object)'> (0x000000075326bd70) 
thrown [s\open\src\hotspot\share\interpreter\linkResolver.cpp, line 773]
Event: 11.594 Thread 0x000001d4c0683c80 Exception <a 'java/lang/NoSuchMethodError'{0x0000000753011730}: 'java.lang.Object java.lang.invoke.DirectMethodHandle$Holder.newInvokeSpecial(java.lang.Object, java.lang.Object, java.lang.Object, java.lang.Object, java.lang.Object)'> (0x0000000753011730) 
thrown [s\open\src\hotspot\share\interpreter\linkResolver.cpp, line 773]
Event: 11.903 Thread 0x000001d4c0683c80 Exception <a 'java/lang/NoSuchMethodError'{0x0000000753131e40}: 'int java.lang.invoke.DirectMethodHandle$Holder.invokeStaticInit(java.lang.Object, java.lang.Object)'> (0x0000000753131e40) 
thrown [s\open\src\hotspot\share\interpreter\linkResolver.cpp, line 773]
Event: 11.914 Thread 0x000001d4c0683c80 Exception <a 'java/lang/NoClassDefFoundError'{0x000000075316a170}: javax/enterprise/inject/Typed> (0x000000075316a170) 
thrown [s\open\src\hotspot\share\classfile\systemDictionary.cpp, line 301]
Event: 18.445 Thread 0x000001d4c0683c80 Exception <a 'java/lang/NoSuchMethodError'{0x0000000753c59c28}: 'void java.lang.invoke.DirectMethodHandle$Holder.invokeStaticInit(java.lang.Object, java.lang.Object, java.lang.Object)'> (0x0000000753c59c28) 
thrown [s\open\src\hotspot\share\interpreter\linkResolver.cpp, line 773]
Event: 18.455 Thread 0x000001d4c0683c80 Exception <a 'java/lang/ExceptionInInitializerError'{0x0000000753c87a50}> (0x0000000753c87a50) 
thrown [s\open\src\hotspot\share\oops\instanceKlass.cpp, line 1192]
Event: 18.600 Thread 0x000001d4c0683c80 Exception <a 'java/lang/NoSuchMethodError'{0x0000000753cf22c8}: 'long java.lang.invoke.DirectMethodHandle$Holder.invokeStatic(java.lang.Object, java.lang.Object, int)'> (0x0000000753cf22c8) 
thrown [s\open\src\hotspot\share\interpreter\linkResolver.cpp, line 773]
Event: 18.603 Thread 0x000001d4c0683c80 Exception <a 'java/lang/NoSuchMethodError'{0x0000000753d053a0}: 'java.lang.Object java.lang.invoke.DirectMethodHandle$Holder.invokeStatic(java.lang.Object, java.lang.Object, java.lang.Object, java.lang.Object, int)'> (0x0000000753d053a0) 
thrown [s\open\src\hotspot\share\interpreter\linkResolver.cpp, line 773]
Event: 18.605 Thread 0x000001d4c0683c80 Exception <a 'java/lang/NoSuchMethodError'{0x0000000753d0d2d8}: 'java.lang.Object java.lang.invoke.DirectMethodHandle$Holder.invokeSpecial(java.lang.Object, java.lang.Object, java.lang.Object, java.lang.Object, long)'> (0x0000000753d0d2d8) 
thrown [s\open\src\hotspot\share\interpreter\linkResolver.cpp, line 773]
Event: 18.607 Thread 0x000001d4c0683c80 Exception <a 'java/lang/NoSuchMethodError'{0x0000000753d18df8}: 'java.lang.Object java.lang.invoke.DirectMethodHandle$Holder.invokeSpecial(java.lang.Object, java.lang.Object, java.lang.Object, int, java.lang.Object)'> (0x0000000753d18df8) 
thrown [s\open\src\hotspot\share\interpreter\linkResolver.cpp, line 773]
Event: 18.609 Thread 0x000001d4c0683c80 Exception <a 'java/lang/NoSuchMethodError'{0x0000000753d20f38}: 'int java.lang.invoke.DirectMethodHandle$Holder.invokeSpecial(java.lang.Object, java.lang.Object, java.lang.Object, int)'> (0x0000000753d20f38) 
thrown [s\open\src\hotspot\share\interpreter\linkResolver.cpp, line 773]
Event: 18.802 Thread 0x000001d4c0683c80 Implicit null exception at 0x000001d4d1fe1fdd to 0x000001d4d1fe21e8
Event: 18.806 Thread 0x000001d4c0683c80 Exception <a 'java/lang/NoSuchMethodError'{0x0000000753d45af0}: 'java.lang.Object java.lang.invoke.Invokers$Holder.invokeExact_MT(java.lang.Object, int, java.lang.Object)'> (0x0000000753d45af0) 
thrown [s\open\src\hotspot\share\interpreter\linkResolver.cpp, line 773]
Event: 20.966 Thread 0x000001d4c0683c80 Exception <a 'java/lang/NoSuchMethodError'{0x000000075354bc48}: 'void java.lang.invoke.Invokers$Holder.invokeExact_MT(java.lang.Object, java.lang.Object, java.lang.Object, java.lang.Object)'> (0x000000075354bc48) 
thrown [s\open\src\hotspot\share\interpreter\linkResolver.cpp, line 773]
Event: 21.148 Thread 0x000001d4c0683c80 Exception <a 'java/lang/NoClassDefFoundError'{0x00000007535dc800}: com/google/inject/servlet/ServletModuleTargetVisitor> (0x00000007535dc800) 
thrown [s\open\src\hotspot\share\classfile\systemDictionary.cpp, line 301]
Event: 21.757 Thread 0x000001d4c0683c80 Exception <a 'java/lang/NoSuchMethodError'{0x00000007533a1570}: 'void java.lang.invoke.DirectMethodHandle$Holder.invokeVirtual(java.lang.Object, java.lang.Object)'> (0x00000007533a1570) 
thrown [s\open\src\hotspot\share\interpreter\linkResolver.cpp, line 773]
Event: 22.237 Thread 0x000001d4c0683c80 Exception <a 'java/lang/NoSuchMethodError'{0x0000000753021068}: 'java.lang.Object java.lang.invoke.DirectMethodHandle$Holder.invokeStaticInit(java.lang.Object, int, int, int, int)'> (0x0000000753021068) 
thrown [s\open\src\hotspot\share\interpreter\linkResolver.cpp, line 773]

ZGC Phase Switch (0 events):
No events

VM Operations (20 events):
Event: 19.066 Executing VM operation: HandshakeAllThreads (Deoptimize)
Event: 19.067 Executing VM operation: HandshakeAllThreads (Deoptimize) done
Event: 19.070 Executing VM operation: HandshakeAllThreads (Deoptimize)
Event: 19.070 Executing VM operation: HandshakeAllThreads (Deoptimize) done
Event: 19.831 Executing VM operation: HandshakeAllThreads (Deoptimize)
Event: 19.831 Executing VM operation: HandshakeAllThreads (Deoptimize) done
Event: 19.831 Executing VM operation: Cleanup
Event: 19.831 Executing VM operation: Cleanup done
Event: 20.954 Executing VM operation: HandshakeAllThreads (Deoptimize)
Event: 20.954 Executing VM operation: HandshakeAllThreads (Deoptimize) done
Event: 20.954 Executing VM operation: Cleanup
Event: 20.956 Executing VM operation: Cleanup done
Event: 21.906 Executing VM operation: HandshakeAllThreads (Deoptimize)
Event: 21.906 Executing VM operation: HandshakeAllThreads (Deoptimize) done
Event: 22.264 Executing VM operation: HandshakeAllThreads (Deoptimize)
Event: 22.264 Executing VM operation: HandshakeAllThreads (Deoptimize) done
Event: 22.264 Executing VM operation: Cleanup
Event: 22.264 Executing VM operation: Cleanup done
Event: 22.721 Executing VM operation: HandshakeAllThreads (Deoptimize)
Event: 22.721 Executing VM operation: HandshakeAllThreads (Deoptimize) done

Events (18 events):
Event: 0.948 Thread 0x000001d4c0683c80 Thread added: 0x000001d4c0683c80
Event: 1.818 Thread 0x000001d4e0298450 Thread added: 0x000001d4e0298450
Event: 1.818 Thread 0x000001d4e0299250 Thread added: 0x000001d4e0299250
Event: 1.818 Thread 0x000001d4e029bf60 Thread added: 0x000001d4e029bf60
Event: 1.819 Thread 0x000001d4e029e9c0 Thread added: 0x000001d4e029e9c0
Event: 1.819 Thread 0x000001d4e029f410 Thread added: 0x000001d4e029f410
Event: 1.819 Thread 0x000001d4e029fe60 Thread added: 0x000001d4e029fe60
Event: 1.819 Thread 0x000001d4e02a2bf0 Thread added: 0x000001d4e02a2bf0
Event: 1.953 Thread 0x000001d4e030ead0 Thread added: 0x000001d4e030ead0
Event: 2.062 Thread 0x000001d4e049afc0 Thread added: 0x000001d4e049afc0
Event: 2.087 Thread 0x000001d4e049d630 Thread added: 0x000001d4e049d630
Event: 4.222 Thread 0x000001d5260a1270 Thread added: 0x000001d5260a1270
Event: 9.290 Thread 0x000001d5260a1270 Thread exited: 0x000001d5260a1270
Event: 12.087 Thread 0x000001d526767cd0 Thread added: 0x000001d526767cd0
Event: 12.111 Thread 0x000001d526780ea0 Thread added: 0x000001d526780ea0
Event: 13.529 Thread 0x000001d526780ea0 Thread exited: 0x000001d526780ea0
Event: 13.531 Thread 0x000001d526767cd0 Thread exited: 0x000001d526767cd0
Event: 22.786 Thread 0x000001d526c97e10 Thread added: 0x000001d526c97e10


Dynamic libraries:
0x00007ff703c60000 - 0x00007ff703c70000 	C:\Program Files\Java\jdk-21\bin\java.exe
0x00007ff9f5930000 - 0x00007ff9f5b28000 	C:\WINDOWS\SYSTEM32\ntdll.dll
0x00007ff9f5400000 - 0x00007ff9f54c2000 	C:\WINDOWS\System32\KERNEL32.DLL
0x00007ff9f3130000 - 0x00007ff9f3426000 	C:\WINDOWS\System32\KERNELBASE.dll
0x00007ff9e2300000 - 0x00007ff9e2319000 	C:\Program Files\Java\jdk-21\bin\jli.dll
0x00007ff9e31d0000 - 0x00007ff9e31eb000 	C:\Program Files\Java\jdk-21\bin\VCRUNTIME140.dll
0x00007ff9f3da0000 - 0x00007ff9f3e51000 	C:\WINDOWS\System32\ADVAPI32.dll
0x00007ff9f5820000 - 0x00007ff9f58be000 	C:\WINDOWS\System32\msvcrt.dll
0x00007ff9f3820000 - 0x00007ff9f3920000 	C:\WINDOWS\System32\ucrtbase.dll
0x00007ff9f4800000 - 0x00007ff9f489f000 	C:\WINDOWS\System32\sechost.dll
0x00007ff9f3c10000 - 0x00007ff9f3d30000 	C:\WINDOWS\System32\RPCRT4.dll
0x00007ff9f3560000 - 0x00007ff9f3587000 	C:\WINDOWS\System32\bcrypt.dll
0x00007ff9f3f40000 - 0x00007ff9f40e1000 	C:\WINDOWS\System32\USER32.dll
0x00007ff9e4da0000 - 0x00007ff9e503b000 	C:\WINDOWS\WinSxS\amd64_microsoft.windows.common-controls_6595b64144ccf1df_6.0.19041.6456_none_60b8a6cb71f64256\COMCTL32.dll
0x00007ff9f3100000 - 0x00007ff9f3122000 	C:\WINDOWS\System32\win32u.dll
0x00007ff9f47c0000 - 0x00007ff9f47eb000 	C:\WINDOWS\System32\GDI32.dll
0x00007ff9f2f90000 - 0x00007ff9f30a9000 	C:\WINDOWS\System32\gdi32full.dll
0x00007ff9ecd10000 - 0x00007ff9ecd1a000 	C:\WINDOWS\SYSTEM32\VERSION.dll
0x00007ff9f3590000 - 0x00007ff9f362d000 	C:\WINDOWS\System32\msvcp_win.dll
0x00007ff9f3f10000 - 0x00007ff9f3f3f000 	C:\WINDOWS\System32\IMM32.DLL
0x00007ff9ed3a0000 - 0x00007ff9ed3ac000 	C:\Program Files\Java\jdk-21\bin\vcruntime140_1.dll
0x00007ff9c7130000 - 0x00007ff9c71be000 	C:\Program Files\Java\jdk-21\bin\msvcp140.dll
0x00007ff98ebe0000 - 0x00007ff98f8fa000 	C:\Program Files\Java\jdk-21\bin\server\jvm.dll
0x00007ff9f4210000 - 0x00007ff9f427b000 	C:\WINDOWS\System32\WS2_32.dll
0x00007ff9f2df0000 - 0x00007ff9f2e3b000 	C:\WINDOWS\SYSTEM32\POWRPROF.dll
0x00007ff9e0140000 - 0x00007ff9e0167000 	C:\WINDOWS\SYSTEM32\WINMM.dll
0x00007ff9f2dd0000 - 0x00007ff9f2de2000 	C:\WINDOWS\SYSTEM32\UMPDC.dll
0x00007ff9f0dc0000 - 0x00007ff9f0dd2000 	C:\WINDOWS\SYSTEM32\kernel.appcore.dll
0x00007ff9ed370000 - 0x00007ff9ed37a000 	C:\Program Files\Java\jdk-21\bin\jimage.dll
0x00007ff9df840000 - 0x00007ff9dfa41000 	C:\WINDOWS\SYSTEM32\DBGHELP.DLL
0x00007ff9dd350000 - 0x00007ff9dd384000 	C:\WINDOWS\SYSTEM32\dbgcore.DLL
0x00007ff9f3630000 - 0x00007ff9f36b2000 	C:\WINDOWS\System32\bcryptPrimitives.dll
0x00007ff9e0be0000 - 0x00007ff9e0bff000 	C:\Program Files\Java\jdk-21\bin\java.dll
0x00007ff9f4930000 - 0x00007ff9f50a0000 	C:\WINDOWS\System32\SHELL32.dll
0x00007ff9f0fc0000 - 0x00007ff9f1765000 	C:\WINDOWS\SYSTEM32\windows.storage.dll
0x00007ff9f50a0000 - 0x00007ff9f53f4000 	C:\WINDOWS\System32\combase.dll
0x00007ff9f28e0000 - 0x00007ff9f290b000 	C:\WINDOWS\SYSTEM32\Wldp.dll
0x00007ff9f46f0000 - 0x00007ff9f47bd000 	C:\WINDOWS\System32\OLEAUT32.dll
0x00007ff9f3920000 - 0x00007ff9f39cd000 	C:\WINDOWS\System32\SHCORE.dll
0x00007ff9f57c0000 - 0x00007ff9f581b000 	C:\WINDOWS\System32\shlwapi.dll
0x00007ff9f2ec0000 - 0x00007ff9f2ee4000 	C:\WINDOWS\SYSTEM32\profapi.dll
0x00007ff9ab440000 - 0x00007ff9ab517000 	C:\Program Files\Java\jdk-21\bin\jsvml.dll
0x00007ff9ebd20000 - 0x00007ff9ebd30000 	C:\Program Files\Java\jdk-21\bin\net.dll
0x00007ff9ec950000 - 0x00007ff9eca5a000 	C:\WINDOWS\SYSTEM32\WINHTTP.dll
0x00007ff9f25f0000 - 0x00007ff9f265a000 	C:\WINDOWS\system32\mswsock.dll
0x00007ff9dbf20000 - 0x00007ff9dbf36000 	C:\Program Files\Java\jdk-21\bin\nio.dll
0x00007ff9d8a60000 - 0x00007ff9d8a78000 	C:\Program Files\Java\jdk-21\bin\zip.dll
0x00007ff9d0da0000 - 0x00007ff9d0dc4000 	C:\Users\2oleg\Downloads\apache-maven-3.9.11-bin\apache-maven-3.9.11\lib\jansi-native\Windows\x86_64\jansi.dll
0x00007ff9e8580000 - 0x00007ff9e8590000 	C:\Program Files\Java\jdk-21\bin\verify.dll

dbghelp: loaded successfully - version: 4.0.5 - missing functions: none
symbol engine: initialized successfully - sym options: 0x614 - pdb path: .;C:\Program Files\Java\jdk-21\bin;C:\WINDOWS\SYSTEM32;C:\WINDOWS\WinSxS\amd64_microsoft.windows.common-controls_6595b64144ccf1df_6.0.19041.6456_none_60b8a6cb71f64256;C:\Program Files\Java\jdk-21\bin\server;C:\Users\2oleg\Downloads\apache-maven-3.9.11-bin\apache-maven-3.9.11\lib\jansi-native\Windows\x86_64

VM Arguments:
jvm_args: --enable-native-access=ALL-UNNAMED -Dclassworlds.conf=C:\Users\2oleg\Downloads\apache-maven-3.9.11-bin\apache-maven-3.9.11\bin\m2.conf -Dmaven.home=C:\Users\2oleg\Downloads\apache-maven-3.9.11-bin\apache-maven-3.9.11 -Dlibrary.jansi.path=C:\Users\2oleg\Downloads\apache-maven-3.9.11-bin\apache-maven-3.9.11\lib\jansi-native -Dmaven.multiModuleProjectDirectory=C:\Users\2oleg\Downloads\Telegram Desktop\Kefir\Backend\TransactionSaga 
java_command: org.codehaus.plexus.classworlds.launcher.Launcher spring-boot:run -Dserver.port=8090 -DskipTests
java_class_path (initial): C:\Users\2oleg\Downloads\apache-maven-3.9.11-bin\apache-maven-3.9.11\boot\plexus-classworlds-2.9.0.jar
Launcher Type: SUN_STANDARD

[Global flags]
     intx CICompilerCount                          = 4                                         {product} {ergonomic}
     uint ConcGCThreads                            = 2                                         {product} {ergonomic}
     uint G1ConcRefinementThreads                  = 8                                         {product} {ergonomic}
   size_t G1HeapRegionSize                         = 2097152                                   {product} {ergonomic}
    uintx GCDrainStackTargetSize                   = 64                                        {product} {ergonomic}
   size_t InitialHeapSize                          = 192937984                                 {product} {ergonomic}
   size_t MarkStackSize                            = 4194304                                   {product} {ergonomic}
   size_t MaxHeapSize                              = 3074424832                                {product} {ergonomic}
   size_t MaxNewSize                               = 1843396608                                {product} {ergonomic}
   size_t MinHeapDeltaBytes                        = 2097152                                   {product} {ergonomic}
   size_t MinHeapSize                              = 8388608                                   {product} {ergonomic}
    uintx NonNMethodCodeHeapSize                   = 5839372                                {pd product} {ergonomic}
    uintx NonProfiledCodeHeapSize                  = 122909434                              {pd product} {ergonomic}
    uintx ProfiledCodeHeapSize                     = 122909434                              {pd product} {ergonomic}
    uintx ReservedCodeCacheSize                    = 251658240                              {pd product} {ergonomic}
     bool SegmentedCodeCache                       = true                                      {product} {ergonomic}
   size_t SoftMaxHeapSize                          = 3074424832                             {manageable} {ergonomic}
     bool UseCompressedOops                        = true                           {product lp64_product} {ergonomic}
     bool UseG1GC                                  = true                                      {product} {ergonomic}
     bool UseLargePagesIndividualAllocation        = false                                  {pd product} {ergonomic}

Logging:
Log output configuration:
 #0: stdout all=warning uptime,level,tags foldmultilines=false
 #1: stderr all=off uptime,level,tags foldmultilines=false

Environment Variables:
JAVA_HOME=C:\Program Files\Java\jdk-21
PATH=C:\Program Files\Common Files\Oracle\Java\javapath;C:\Program Files (x86)\Cuminas\Document Express DjVu Plug-in\;C:\Program Files (x86)\Razer Chroma SDK\bin;C:\Program Files\Razer Chroma SDK\bin;C:\WINDOWS\system32;C:\WINDOWS;C:\WINDOWS\System32\Wbem;C:\WINDOWS\System32\WindowsPowerShell\v1.0\;C:\WINDOWS\System32\OpenSSH\;C:\Program Files (x86)\NVIDIA Corporation\PhysX\Common;C:\WINDOWS\system32\config\systemprofile\AppData\Local\Microsoft\WindowsApps;C:\Program Files (x86)\Razer\ChromaBroadcast\bin;C:\Program Files\Razer\ChromaBroadcast\bin;C:\Users\2oleg\AppData\Local\Microsoft\WindowsApps;C:\Program Files\JetBrains\IntelliJ IDEA Community Edition 2024.3\bin;C:\Users\2oleg\AppData\Local\Programs\Microsoft VS Code\bin;C:\Program Files\Docker\Docker\resources\bin;C:\Users\2oleg\Downloads\curl-8.16.0_6-win64-mingw.zip\curl-8.16.0_6-win64-mingw\bin;C:\Users\2oleg\Downloads\curl-8.16.0_6-win64-mingw\curl-8.16.0_6-win64-mingw\bin;C:\Users\2oleg\Downloads\apache-maven-3.9.11-bin\apache-maven-3.9.11\bin;C:\ProgramData\chocolatey\bin;C:\Users\2oleg\AppData\Roaming\Cloud Foundry;C:\Program Files\Git\cmd;C:\Program Files\nodejs\;C:\Users\2oleg\AppData\Local\Muse Hub\lib;C:\Users\2oleg\AppData\Local\Microsoft\WindowsApps;C:\Program Files\JetBrains\IntelliJ IDEA Community Edition 2025.2.4\bin;C:\Users\2oleg\AppData\Local\Programs\Microsoft VS Code\bin;C:\Program Files\jq.exe;C:\Users\2oleg\AppData\Local\Microsoft\WinGet\Packages\jqlang.jq_Microsoft.Winget.Source_8wekyb3d8bbwe;C:\Program Files\Java\jdk-24;C:\Users\2oleg\Downloads\gradle-9.0.0-bin\gradle-9.0.0\bin;C:\Program Files\Docker\Docker\resources\bin;C:\Users\2oleg\AppData\Local\GitHubDesktop\bin;C:\Users\2oleg\AppData\Roaming\npm
USERNAME=2oleg
OS=Windows_NT
PROCESSOR_IDENTIFIER=Intel64 Family 6 Model 60 Stepping 3, GenuineIntel
TMP=C:\Users\2oleg\AppData\Local\Temp
TEMP=C:\Users\2oleg\AppData\Local\Temp




Periodic native trim disabled

---------------  S Y S T E M  ---------------

OS:
 Windows 10 , 64 bit Build 19041 (10.0.19041.5915)
OS uptime: 10 days 12:23 hours
Hyper-V role detected

CPU: total 8 (initial active 8) (4 cores per cpu, 2 threads per core) family 6 model 60 stepping 3 microcode 0x27, cx8, cmov, fxsr, ht, mmx, sse, sse2, sse3, ssse3, sse4.1, sse4.2, popcnt, lzcnt, tsc, tscinvbit, avx, avx2, aes, erms, clmul, bmi1, bmi2, fma, vzeroupper, clflush, hv, rdtscp, f16c
Processor Information for all 8 processors :
  Max Mhz: 2401, Current Mhz: 2401, Mhz Limit: 2401

Memory: 4k page, system-wide physical 11723M (2062M free)
TotalPageFile size 23723M (AvailPageFile size 5M)
current process WorkingSet (physical memory assigned to process): 114M, peak: 114M
current process commit charge ("private bytes"): 302M, peak: 302M

vm_info: Java HotSpot(TM) 64-Bit Server VM (21.0.7+8-LTS-245) for windows-amd64 JRE (21.0.7+8-LTS-245), built on 2025-02-21T05:11:27Z by "mach5one" with MS VC++ 17.6 (VS2022)

END.
