#
# There is insufficient memory for the Java Runtime Environment to continue.
# Native memory allocation (malloc) failed to allocate 507600 bytes for Chunk::new
# Possible reasons:
#   The system is out of physical RAM or swap space
#   The process is running with CompressedOops enabled, and the Java Heap may be blocking the growth of the native heap
# Possible solutions:
#   Reduce memory load on the system
#   Increase physical memory or swap space
#   Check if swap backing store is full
#   Decrease Java heap size (-Xmx/-Xms)
#   Decrease number of Java threads
#   Decrease Java thread stack sizes (-Xss)
#   Set larger code cache with -XX:ReservedCodeCacheSize=
#   JVM is running with Zero Based Compressed Oops mode in which the Java heap is
#     placed in the first 32GB address space. The Java Heap base address is the
#     maximum limit for the native heap growth. Please use -XX:HeapBaseMinAddress
#     to set the Java Heap base and to place the Java Heap above 32GB virtual address.
# This output file may be truncated or incomplete.
#
#  Out of Memory Error (arena.cpp:168), pid=19132, tid=23656
#
# JRE version: Java(TM) SE Runtime Environment (21.0.7+8) (build 21.0.7+8-LTS-245)
# Java VM: Java HotSpot(TM) 64-Bit Server VM (21.0.7+8-LTS-245, mixed mode, sharing, tiered, compressed oops, compressed class ptrs, g1 gc, windows-amd64)
# No core dump will be written. Minidumps are not enabled by default on client versions of Windows
#

---------------  S U M M A R Y ------------

Command Line: --enable-native-access=ALL-UNNAMED -Dclassworlds.conf=C:\Users\2oleg\Downloads\apache-maven-3.9.11-bin\apache-maven-3.9.11\bin\m2.conf -Dmaven.home=C:\Users\2oleg\Downloads\apache-maven-3.9.11-bin\apache-maven-3.9.11 -Dlibrary.jansi.path=C:\Users\2oleg\Downloads\apache-maven-3.9.11-bin\apache-maven-3.9.11\lib\jansi-native -Dmaven.multiModuleProjectDirectory=C:\Users\2oleg\Downloads\Telegram Desktop\Kefir\Backend\TransactionSaga org.codehaus.plexus.classworlds.launcher.Launcher spring-boot:run -Dserver.port=8090 -DskipTests

Host: Intel(R) Core(TM) i7-4700HQ CPU @ 2.40GHz, 8 cores, 11G,  Windows 10 , 64 bit Build 19041 (10.0.19041.5915)
Time: Sat Dec 13 02:20:59 2025 RTZ 2 (s 10 , 64 bit Build 19041 (10.0.19041.5915) elapsed time: 24.261882 seconds (0d 0h 0m 24s)

---------------  T H R E A D  ---------------

Current thread (0x000002470f4aac70):  JavaThread "C2 CompilerThread0" daemon [_thread_in_native, id=23656, stack(0x0000007eb8c00000,0x0000007eb8d00000) (1024K)]


Current CompileTask:
C2:  24262 5677       4       com.sun.tools.javac.parser.JavaTokenizer::scanIdent (639 bytes)

Stack: [0x0000007eb8c00000,0x0000007eb8d00000]
Native frames: (J=compiled Java code, j=interpreted, Vv=VM code, C=native code)
V  [jvm.dll+0x6cae19]
V  [jvm.dll+0x855741]
V  [jvm.dll+0x857c6e]
V  [jvm.dll+0x858343]
V  [jvm.dll+0x27e0b6]
V  [jvm.dll+0xc4ecd]
V  [jvm.dll+0xc5403]
V  [jvm.dll+0x3b578c]
V  [jvm.dll+0x1dfa19]
V  [jvm.dll+0x246c82]
V  [jvm.dll+0x24610f]
V  [jvm.dll+0x1c6efe]
V  [jvm.dll+0x255819]
V  [jvm.dll+0x253daa]
V  [jvm.dll+0x3eebb6]
V  [jvm.dll+0x7ffa1b]
V  [jvm.dll+0x6c94fd]
C  [ucrtbase.dll+0x21bb2]
C  [KERNEL32.DLL+0x17374]
C  [ntdll.dll+0x4cc91]


---------------  P R O C E S S  ---------------

Threads class SMR info:
_java_thread_list=0x0000024756cf8950, length=13, elements={
0x000002476f81f5a0, 0x000002470f49dfc0, 0x000002470f49e820, 0x000002470f4a0f90,
0x000002470f4a15f0, 0x000002470f4a1c50, 0x000002470f4a82d0, 0x000002470f4aac70,
0x000002470f5137e0, 0x000002470f70ce30, 0x000002470f70f660, 0x0000024755f2c030,
0x0000024756b56cb0
}

Java Threads: ( => current thread )
  0x000002476f81f5a0 JavaThread "main"                              [_thread_in_vm, id=31400, stack(0x0000007eb7e00000,0x0000007eb7f00000) (1024K)]
  0x000002470f49dfc0 JavaThread "Reference Handler"          daemon [_thread_blocked, id=5392, stack(0x0000007eb8600000,0x0000007eb8700000) (1024K)]
  0x000002470f49e820 JavaThread "Finalizer"                  daemon [_thread_blocked, id=26316, stack(0x0000007eb8700000,0x0000007eb8800000) (1024K)]
  0x000002470f4a0f90 JavaThread "Signal Dispatcher"          daemon [_thread_blocked, id=30580, stack(0x0000007eb8800000,0x0000007eb8900000) (1024K)]
  0x000002470f4a15f0 JavaThread "Attach Listener"            daemon [_thread_blocked, id=24496, stack(0x0000007eb8900000,0x0000007eb8a00000) (1024K)]
  0x000002470f4a1c50 JavaThread "Service Thread"             daemon [_thread_blocked, id=6820, stack(0x0000007eb8a00000,0x0000007eb8b00000) (1024K)]
  0x000002470f4a82d0 JavaThread "Monitor Deflation Thread"   daemon [_thread_blocked, id=12968, stack(0x0000007eb8b00000,0x0000007eb8c00000) (1024K)]
=>0x000002470f4aac70 JavaThread "C2 CompilerThread0"         daemon [_thread_in_native, id=23656, stack(0x0000007eb8c00000,0x0000007eb8d00000) (1024K)]
  0x000002470f5137e0 JavaThread "C1 CompilerThread0"         daemon [_thread_blocked, id=3664, stack(0x0000007eb8d00000,0x0000007eb8e00000) (1024K)]
  0x000002470f70ce30 JavaThread "Notification Thread"        daemon [_thread_blocked, id=1204, stack(0x0000007eb8e00000,0x0000007eb8f00000) (1024K)]
  0x000002470f70f660 JavaThread "Common-Cleaner"             daemon [_thread_blocked, id=4896, stack(0x0000007eb8f00000,0x0000007eb9000000) (1024K)]
  0x0000024755f2c030 JavaThread "Thread-1"                   daemon [_thread_blocked, id=24548, stack(0x0000007eb9000000,0x0000007eb9100000) (1024K)]
  0x0000024756b56cb0 JavaThread "C2 CompilerThread1"         daemon [_thread_in_native, id=13544, stack(0x0000007eb9100000,0x0000007eb9200000) (1024K)]
Total: 13

Other Threads:
  0x000002470f482b50 VMThread "VM Thread"                           [id=6696, stack(0x0000007eb8500000,0x0000007eb8600000) (1024K)]
  0x000002470f46f260 WatcherThread "VM Periodic Task Thread"        [id=20316, stack(0x0000007eb8400000,0x0000007eb8500000) (1024K)]
  0x00000247719508c0 WorkerThread "GC Thread#0"                     [id=19392, stack(0x0000007eb7f00000,0x0000007eb8000000) (1024K)]
  0x00000247563da2f0 WorkerThread "GC Thread#1"                     [id=30740, stack(0x0000007eb9200000,0x0000007eb9300000) (1024K)]
  0x0000024755f47110 WorkerThread "GC Thread#2"                     [id=10412, stack(0x0000007eb9300000,0x0000007eb9400000) (1024K)]
  0x00000247563da690 WorkerThread "GC Thread#3"                     [id=12404, stack(0x0000007eb9400000,0x0000007eb9500000) (1024K)]
  0x00000247557d3620 WorkerThread "GC Thread#4"                     [id=28768, stack(0x0000007eb9500000,0x0000007eb9600000) (1024K)]
  0x00000247557d39c0 WorkerThread "GC Thread#5"                     [id=26768, stack(0x0000007eb9600000,0x0000007eb9700000) (1024K)]
  0x00000247557d3d60 WorkerThread "GC Thread#6"                     [id=4612, stack(0x0000007eb9700000,0x0000007eb9800000) (1024K)]
  0x0000024755a97e90 WorkerThread "GC Thread#7"                     [id=28356, stack(0x0000007eb9800000,0x0000007eb9900000) (1024K)]
  0x000002477195d190 ConcurrentGCThread "G1 Main Marker"            [id=27688, stack(0x0000007eb8000000,0x0000007eb8100000) (1024K)]
  0x000002477195dc90 WorkerThread "G1 Conc#0"                       [id=15084, stack(0x0000007eb8100000,0x0000007eb8200000) (1024K)]
  0x0000024755dad280 WorkerThread "G1 Conc#1"                       [id=2144, stack(0x0000007eb9900000,0x0000007eb9a00000) (1024K)]
  0x00000247719cdde0 ConcurrentGCThread "G1 Refine#0"               [id=22324, stack(0x0000007eb8200000,0x0000007eb8300000) (1024K)]
  0x00000247719ce560 ConcurrentGCThread "G1 Service"                [id=23484, stack(0x0000007eb8300000,0x0000007eb8400000) (1024K)]
Total: 15

Threads with active compile tasks:
C2 CompilerThread0    24318 5677       4       com.sun.tools.javac.parser.JavaTokenizer::scanIdent (639 bytes)
C1 CompilerThread0    24318 5711       3       java.util.StringJoiner::checkAddLength (50 bytes)
C2 CompilerThread1    24318 5666   !   4       com.sun.tools.javac.parser.JavaTokenizer::readToken (1823 bytes)
Total: 3

VM state: not at safepoint (normal execution)

VM Mutex/Monitor currently owned by a thread:  ([mutex/lock_event])
[0x00007ff99616c9d0] MethodCompileQueue_lock - owner thread: 0x0000000000000000

Heap address: 0x0000000748c00000, size: 2932 MB, Compressed Oops mode: Zero based, Oop shift amount: 3

CDS archive(s) mapped at: [0x0000024710000000-0x0000024710c90000-0x0000024710c90000), size 13172736, SharedBaseAddress: 0x0000024710000000, ArchiveRelocationMode: 1.
Compressed class space mapped at: 0x0000024711000000-0x0000024751000000, reserved size: 1073741824
Narrow klass base: 0x0000024710000000, Narrow klass shift: 0, Narrow klass range: 0x100000000

GC Precious Log:
 CardTable entry size: 512
 Card Set container configuration: InlinePtr #cards 4 size 8 Array Of Cards #cards 16 size 48 Howl #buckets 8 coarsen threshold 3686 Howl Bitmap #cards 512 size 80 coarsen threshold 460 Card regions per heap region 1 cards per card region 4096
 CPUs: 8 total, 8 available
 Memory: 11723M
 Large Page Support: Disabled
 NUMA Support: Disabled
 Compressed Oops: Enabled (Zero based)
 Heap Region Size: 2M
 Heap Min Capacity: 8M
 Heap Initial Capacity: 184M
 Heap Max Capacity: 2932M
 Pre-touch: Disabled
 Parallel Workers: 8
 Concurrent Workers: 2
 Concurrent Refinement Workers: 8
 Periodic GC: Disabled

Heap:
 garbage-first heap   total 122880K, used 35999K [0x0000000748c00000, 0x0000000800000000)
  region size 2048K, 6 young (12288K), 3 survivors (6144K)
 Metaspace       used 26140K, committed 26496K, reserved 1114112K
  class space    used 2905K, committed 3072K, reserved 1048576K

Heap Regions: E=young(eden), S=young(survivor), O=old, HS=humongous(starts), HC=humongous(continues), CS=collection set, F=free, TAMS=top-at-mark-start, PB=parsable bottom
|   0|0x0000000748c00000, 0x0000000748e00000, 0x0000000748e00000|100%| O|  |TAMS 0x0000000748c00000| PB 0x0000000748c00000| Untracked 
|   1|0x0000000748e00000, 0x0000000749000000, 0x0000000749000000|100%| O|  |TAMS 0x0000000748e00000| PB 0x0000000748e00000| Untracked 
|   2|0x0000000749000000, 0x0000000749200000, 0x0000000749200000|100%|HS|  |TAMS 0x0000000749000000| PB 0x0000000749000000| Complete 
|   3|0x0000000749200000, 0x0000000749400000, 0x0000000749400000|100%|HC|  |TAMS 0x0000000749200000| PB 0x0000000749200000| Complete 
|   4|0x0000000749400000, 0x0000000749600000, 0x0000000749600000|100%| O|  |TAMS 0x0000000749400000| PB 0x0000000749400000| Untracked 
|   5|0x0000000749600000, 0x00000007496c7e00, 0x0000000749800000| 39%| O|Cm|TAMS 0x0000000749600000| PB 0x0000000749600000| Complete 
|   6|0x0000000749800000, 0x0000000749800000, 0x0000000749a00000|  0%| F|  |TAMS 0x0000000749800000| PB 0x0000000749800000| Untracked 
|   7|0x0000000749a00000, 0x0000000749a00000, 0x0000000749c00000|  0%| F|  |TAMS 0x0000000749a00000| PB 0x0000000749a00000| Untracked 
|   8|0x0000000749c00000, 0x0000000749c00000, 0x0000000749e00000|  0%| F|  |TAMS 0x0000000749c00000| PB 0x0000000749c00000| Untracked 
|   9|0x0000000749e00000, 0x0000000749e00000, 0x000000074a000000|  0%| F|  |TAMS 0x0000000749e00000| PB 0x0000000749e00000| Untracked 
|  10|0x000000074a000000, 0x000000074a000000, 0x000000074a200000|  0%| F|  |TAMS 0x000000074a000000| PB 0x000000074a000000| Untracked 
|  11|0x000000074a200000, 0x000000074a200000, 0x000000074a400000|  0%| F|  |TAMS 0x000000074a200000| PB 0x000000074a200000| Untracked 
|  12|0x000000074a400000, 0x000000074a400000, 0x000000074a600000|  0%| F|  |TAMS 0x000000074a400000| PB 0x000000074a400000| Untracked 
|  13|0x000000074a600000, 0x000000074a600000, 0x000000074a800000|  0%| F|  |TAMS 0x000000074a600000| PB 0x000000074a600000| Untracked 
|  14|0x000000074a800000, 0x000000074a800000, 0x000000074aa00000|  0%| F|  |TAMS 0x000000074a800000| PB 0x000000074a800000| Untracked 
|  15|0x000000074aa00000, 0x000000074aa00000, 0x000000074ac00000|  0%| F|  |TAMS 0x000000074aa00000| PB 0x000000074aa00000| Untracked 
|  16|0x000000074ac00000, 0x000000074ac00000, 0x000000074ae00000|  0%| F|  |TAMS 0x000000074ac00000| PB 0x000000074ac00000| Untracked 
|  17|0x000000074ae00000, 0x000000074ae00000, 0x000000074b000000|  0%| F|  |TAMS 0x000000074ae00000| PB 0x000000074ae00000| Untracked 
|  18|0x000000074b000000, 0x000000074b200000, 0x000000074b200000|100%|HS|  |TAMS 0x000000074b000000| PB 0x000000074b000000| Complete 
|  19|0x000000074b200000, 0x000000074b400000, 0x000000074b400000|100%|HC|  |TAMS 0x000000074b200000| PB 0x000000074b200000| Complete 
|  20|0x000000074b400000, 0x000000074b600000, 0x000000074b600000|100%| O|  |TAMS 0x000000074b400000| PB 0x000000074b400000| Untracked 
|  21|0x000000074b600000, 0x000000074b800000, 0x000000074b800000|100%| O|  |TAMS 0x000000074b600000| PB 0x000000074b600000| Untracked 
|  22|0x000000074b800000, 0x000000074ba00000, 0x000000074ba00000|100%| O|  |TAMS 0x000000074b800000| PB 0x000000074b800000| Untracked 
|  23|0x000000074ba00000, 0x000000074bc00000, 0x000000074bc00000|100%| O|  |TAMS 0x000000074ba00000| PB 0x000000074ba00000| Untracked 
|  24|0x000000074bc00000, 0x000000074be00000, 0x000000074be00000|100%| O|  |TAMS 0x000000074bc00000| PB 0x000000074bc00000| Untracked 
|  25|0x000000074be00000, 0x000000074c000000, 0x000000074c000000|100%| O|  |TAMS 0x000000074be00000| PB 0x000000074be00000| Untracked 
|  26|0x000000074c000000, 0x000000074c000000, 0x000000074c200000|  0%| F|  |TAMS 0x000000074c000000| PB 0x000000074c000000| Untracked 
|  27|0x000000074c200000, 0x000000074c200000, 0x000000074c400000|  0%| F|  |TAMS 0x000000074c200000| PB 0x000000074c200000| Untracked 
|  28|0x000000074c400000, 0x000000074c400000, 0x000000074c600000|  0%| F|  |TAMS 0x000000074c400000| PB 0x000000074c400000| Untracked 
|  29|0x000000074c600000, 0x000000074c600000, 0x000000074c800000|  0%| F|  |TAMS 0x000000074c600000| PB 0x000000074c600000| Untracked 
|  30|0x000000074c800000, 0x000000074c800000, 0x000000074ca00000|  0%| F|  |TAMS 0x000000074c800000| PB 0x000000074c800000| Untracked 
|  31|0x000000074ca00000, 0x000000074ca00000, 0x000000074cc00000|  0%| F|  |TAMS 0x000000074ca00000| PB 0x000000074ca00000| Untracked 
|  32|0x000000074cc00000, 0x000000074cc00000, 0x000000074ce00000|  0%| F|  |TAMS 0x000000074cc00000| PB 0x000000074cc00000| Untracked 
|  33|0x000000074ce00000, 0x000000074ce00000, 0x000000074d000000|  0%| F|  |TAMS 0x000000074ce00000| PB 0x000000074ce00000| Untracked 
|  34|0x000000074d000000, 0x000000074d000000, 0x000000074d200000|  0%| F|  |TAMS 0x000000074d000000| PB 0x000000074d000000| Untracked 
|  35|0x000000074d200000, 0x000000074d200000, 0x000000074d400000|  0%| F|  |TAMS 0x000000074d200000| PB 0x000000074d200000| Untracked 
|  36|0x000000074d400000, 0x000000074d400000, 0x000000074d600000|  0%| F|  |TAMS 0x000000074d400000| PB 0x000000074d400000| Untracked 
|  37|0x000000074d600000, 0x000000074d600000, 0x000000074d800000|  0%| F|  |TAMS 0x000000074d600000| PB 0x000000074d600000| Untracked 
|  38|0x000000074d800000, 0x000000074d800000, 0x000000074da00000|  0%| F|  |TAMS 0x000000074d800000| PB 0x000000074d800000| Untracked 
|  39|0x000000074da00000, 0x000000074da00000, 0x000000074dc00000|  0%| F|  |TAMS 0x000000074da00000| PB 0x000000074da00000| Untracked 
|  40|0x000000074dc00000, 0x000000074dc00000, 0x000000074de00000|  0%| F|  |TAMS 0x000000074dc00000| PB 0x000000074dc00000| Untracked 
|  41|0x000000074de00000, 0x000000074de00000, 0x000000074e000000|  0%| F|  |TAMS 0x000000074de00000| PB 0x000000074de00000| Untracked 
|  42|0x000000074e000000, 0x000000074e000000, 0x000000074e200000|  0%| F|  |TAMS 0x000000074e000000| PB 0x000000074e000000| Untracked 
|  43|0x000000074e200000, 0x000000074e200000, 0x000000074e400000|  0%| F|  |TAMS 0x000000074e200000| PB 0x000000074e200000| Untracked 
|  44|0x000000074e400000, 0x000000074e400000, 0x000000074e600000|  0%| F|  |TAMS 0x000000074e400000| PB 0x000000074e400000| Untracked 
|  45|0x000000074e600000, 0x000000074e600000, 0x000000074e800000|  0%| F|  |TAMS 0x000000074e600000| PB 0x000000074e600000| Untracked 
|  46|0x000000074e800000, 0x000000074e800000, 0x000000074ea00000|  0%| F|  |TAMS 0x000000074e800000| PB 0x000000074e800000| Untracked 
|  47|0x000000074ea00000, 0x000000074ea00000, 0x000000074ec00000|  0%| F|  |TAMS 0x000000074ea00000| PB 0x000000074ea00000| Untracked 
|  48|0x000000074ec00000, 0x000000074ec00000, 0x000000074ee00000|  0%| F|  |TAMS 0x000000074ec00000| PB 0x000000074ec00000| Untracked 
|  49|0x000000074ee00000, 0x000000074ee00000, 0x000000074f000000|  0%| F|  |TAMS 0x000000074ee00000| PB 0x000000074ee00000| Untracked 
|  50|0x000000074f000000, 0x000000074f000000, 0x000000074f200000|  0%| F|  |TAMS 0x000000074f000000| PB 0x000000074f000000| Untracked 
|  51|0x000000074f200000, 0x000000074f200000, 0x000000074f400000|  0%| F|  |TAMS 0x000000074f200000| PB 0x000000074f200000| Untracked 
|  52|0x000000074f400000, 0x000000074f400000, 0x000000074f600000|  0%| F|  |TAMS 0x000000074f400000| PB 0x000000074f400000| Untracked 
|  53|0x000000074f600000, 0x000000074f600000, 0x000000074f800000|  0%| F|  |TAMS 0x000000074f600000| PB 0x000000074f600000| Untracked 
|  54|0x000000074f800000, 0x000000074fa00000, 0x000000074fa00000|100%| E|  |TAMS 0x000000074f800000| PB 0x000000074f800000| Complete 
|  55|0x000000074fa00000, 0x000000074fc00000, 0x000000074fc00000|100%| E|CS|TAMS 0x000000074fa00000| PB 0x000000074fa00000| Complete 
|  85|0x0000000753600000, 0x000000075365fe40, 0x0000000753800000| 18%| S|CS|TAMS 0x0000000753600000| PB 0x0000000753600000| Complete 
|  86|0x0000000753800000, 0x0000000753a00000, 0x0000000753a00000|100%| S|CS|TAMS 0x0000000753800000| PB 0x0000000753800000| Complete 
|  87|0x0000000753a00000, 0x0000000753c00000, 0x0000000753c00000|100%| S|CS|TAMS 0x0000000753a00000| PB 0x0000000753a00000| Complete 
|  91|0x0000000754200000, 0x0000000754400000, 0x0000000754400000|100%| E|CS|TAMS 0x0000000754200000| PB 0x0000000754200000| Complete 

Card table byte_map: [0x000002477a690000,0x000002477ac50000] _byte_map_base: 0x0000024776c4a000

Marking Bits: (CMBitMap*) 0x0000024771950fc0
 Bits: [0x000002477ac50000, 0x000002477da20000)

Polling page: 0x000002476f7e0000

Metaspace:

Usage:
  Non-class:     22.71 MB used.
      Class:      2.84 MB used.
       Both:     25.54 MB used.

Virtual space:
  Non-class space:       64.00 MB reserved,      22.88 MB ( 36%) committed,  1 nodes.
      Class space:        1.00 GB reserved,       3.00 MB ( <1%) committed,  1 nodes.
             Both:        1.06 GB reserved,      25.88 MB (  2%) committed. 

Chunk freelists:
   Non-Class:  8.19 MB
       Class:  12.94 MB
        Both:  21.13 MB

MaxMetaspaceSize: unlimited
CompressedClassSpaceSize: 1.00 GB
Initial GC threshold: 21.00 MB
Current GC threshold: 36.56 MB
CDS: on
 - commit_granule_bytes: 65536.
 - commit_granule_words: 8192.
 - virtual_space_node_default_size: 8388608.
 - enlarge_chunks_in_place: 1.
 - use_allocation_guard: 0.


Internal statistics:

num_allocs_failed_limit: 9.
num_arena_births: 220.
num_arena_deaths: 0.
num_vsnodes_births: 2.
num_vsnodes_deaths: 0.
num_space_committed: 414.
num_space_uncommitted: 0.
num_chunks_returned_to_freelist: 9.
num_chunks_taken_from_freelist: 1100.
num_chunk_merges: 9.
num_chunk_splits: 820.
num_chunks_enlarged: 670.
num_inconsistent_stats: 0.

CodeHeap 'non-profiled nmethods': size=120000Kb used=3041Kb max_used=3041Kb free=116958Kb
 bounds [0x0000024707ad0000, 0x0000024707dd0000, 0x000002470f000000]
CodeHeap 'profiled nmethods': size=120000Kb used=13052Kb max_used=13052Kb free=106947Kb
 bounds [0x0000024700000000, 0x0000024700cc0000, 0x0000024707530000]
CodeHeap 'non-nmethods': size=5760Kb used=1444Kb max_used=1476Kb free=4315Kb
 bounds [0x0000024707530000, 0x00000247077a0000, 0x0000024707ad0000]
 total_blobs=6227 nmethods=5698 adapters=433
 compilation: enabled
              stopped_count=0, restarted_count=0
 full_count=0

Compilation events (20 events):
Event: 24.238 Thread 0x000002470f5137e0 5698       3       com.sun.tools.javac.util.Name$Table::equals (44 bytes)
Event: 24.238 Thread 0x000002470f5137e0 nmethod 5698 0x0000024700caec90 code [0x0000024700caee40, 0x0000024700caf0c0]
Event: 24.238 Thread 0x000002470f5137e0 5697       3       com.sun.tools.javac.parser.Tokens$StringToken::<init> (16 bytes)
Event: 24.238 Thread 0x000002470f5137e0 nmethod 5697 0x0000024700caf210 code [0x0000024700caf3e0, 0x0000024700caf7b0]
Event: 24.238 Thread 0x000002470f5137e0 5693       3       java.nio.Buffer::flip (20 bytes)
Event: 24.238 Thread 0x000002470f5137e0 nmethod 5693 0x0000024700caf910 code [0x0000024700cafaa0, 0x0000024700cafbc0]
Event: 24.238 Thread 0x000002470f5137e0 5696       3       com.sun.tools.javac.parser.Tokens$StringToken::checkKind (43 bytes)
Event: 24.239 Thread 0x000002470f5137e0 nmethod 5696 0x0000024700cafc90 code [0x0000024700cafee0, 0x0000024700cb0678]
Event: 24.239 Thread 0x000002470f5137e0 5699       3       com.sun.tools.javac.parser.JavacParser::annotationFieldValuesOpt (24 bytes)
Event: 24.240 Thread 0x000002470f5137e0 nmethod 5699 0x0000024700cb0990 code [0x0000024700cb0b60, 0x0000024700cb0e10]
Event: 24.240 Thread 0x000002470f5137e0 5700 %     3       com.sun.tools.javac.util.Position$LineMapImpl::build @ 25 (128 bytes)
Event: 24.240 Thread 0x000002470f5137e0 nmethod 5700% 0x0000024700cb0f10 code [0x0000024700cb1120, 0x0000024700cb1b00]
Event: 24.241 Thread 0x000002470f5137e0 5701       3       com.sun.tools.javac.tree.TreeMaker::TypeIdent (19 bytes)
Event: 24.241 Thread 0x000002470f5137e0 nmethod 5701 0x0000024700cb1e10 code [0x0000024700cb1fe0, 0x0000024700cb2328]
Event: 24.241 Thread 0x000002470f5137e0 5703       3       com.sun.tools.javac.parser.JavacParser::selectTypeMode (14 bytes)
Event: 24.242 Thread 0x000002470f5137e0 nmethod 5703 0x0000024700cb2490 code [0x0000024700cb2620, 0x0000024700cb27d0]
Event: 24.242 Thread 0x000002470f5137e0 5704       3       com.sun.tools.javac.tree.TreeMaker::Assign (20 bytes)
Event: 24.242 Thread 0x000002470f5137e0 nmethod 5704 0x0000024700cb2890 code [0x0000024700cb2a60, 0x0000024700cb2e10]
Event: 24.242 Thread 0x000002470f5137e0 5705       3       com.sun.tools.javac.tree.JCTree$JCAssign::<init> (15 bytes)
Event: 24.242 Thread 0x000002470f5137e0 nmethod 5705 0x0000024700cb2f90 code [0x0000024700cb3140, 0x0000024700cb3428]

GC Heap History (10 events):
Event: 5.613 GC heap before
{Heap before GC invocations=0 (full 0):
 garbage-first heap   total 188416K, used 22528K [0x0000000748c00000, 0x0000000800000000)
  region size 2048K, 11 young (22528K), 0 survivors (0K)
 Metaspace       used 5614K, committed 5824K, reserved 1114112K
  class space    used 645K, committed 768K, reserved 1048576K
}
Event: 5.780 GC heap after
{Heap after GC invocations=1 (full 0):
 garbage-first heap   total 188416K, used 3840K [0x0000000748c00000, 0x0000000800000000)
  region size 2048K, 2 young (4096K), 2 survivors (4096K)
 Metaspace       used 5614K, committed 5824K, reserved 1114112K
  class space    used 645K, committed 768K, reserved 1048576K
}
Event: 7.730 GC heap before
{Heap before GC invocations=1 (full 0):
 garbage-first heap   total 188416K, used 34560K [0x0000000748c00000, 0x0000000800000000)
  region size 2048K, 17 young (34816K), 2 survivors (4096K)
 Metaspace       used 9447K, committed 9664K, reserved 1114112K
  class space    used 1102K, committed 1216K, reserved 1048576K
}
Event: 7.738 GC heap after
{Heap after GC invocations=2 (full 0):
 garbage-first heap   total 188416K, used 5268K [0x0000000748c00000, 0x0000000800000000)
  region size 2048K, 1 young (2048K), 1 survivors (2048K)
 Metaspace       used 9447K, committed 9664K, reserved 1114112K
  class space    used 1102K, committed 1216K, reserved 1048576K
}
Event: 17.259 GC heap before
{Heap before GC invocations=2 (full 0):
 garbage-first heap   total 188416K, used 115860K [0x0000000748c00000, 0x0000000800000000)
  region size 2048K, 55 young (112640K), 1 survivors (2048K)
 Metaspace       used 16453K, committed 16768K, reserved 1114112K
  class space    used 1848K, committed 1984K, reserved 1048576K
}
Event: 17.280 GC heap after
{Heap after GC invocations=3 (full 0):
 garbage-first heap   total 188416K, used 16319K [0x0000000748c00000, 0x0000000800000000)
  region size 2048K, 7 young (14336K), 7 survivors (14336K)
 Metaspace       used 16453K, committed 16768K, reserved 1114112K
  class space    used 1848K, committed 1984K, reserved 1048576K
}
Event: 21.821 GC heap before
{Heap before GC invocations=3 (full 0):
 garbage-first heap   total 188416K, used 149439K [0x0000000748c00000, 0x0000000800000000)
  region size 2048K, 55 young (112640K), 7 survivors (14336K)
 Metaspace       used 20575K, committed 20864K, reserved 1114112K
  class space    used 2284K, committed 2432K, reserved 1048576K
}
Event: 21.853 GC heap after
{Heap after GC invocations=4 (full 0):
 garbage-first heap   total 188416K, used 26836K [0x0000000748c00000, 0x0000000800000000)
  region size 2048K, 4 young (8192K), 4 survivors (8192K)
 Metaspace       used 20575K, committed 20864K, reserved 1114112K
  class space    used 2284K, committed 2432K, reserved 1048576K
}
Event: 22.278 GC heap before
{Heap before GC invocations=4 (full 0):
 garbage-first heap   total 188416K, used 37076K [0x0000000748c00000, 0x0000000800000000)
  region size 2048K, 8 young (16384K), 4 survivors (8192K)
 Metaspace       used 21197K, committed 21504K, reserved 1114112K
  class space    used 2372K, committed 2496K, reserved 1048576K
}
Event: 22.288 GC heap after
{Heap after GC invocations=5 (full 0):
 garbage-first heap   total 188416K, used 31903K [0x0000000748c00000, 0x0000000800000000)
  region size 2048K, 3 young (6144K), 3 survivors (6144K)
 Metaspace       used 21197K, committed 21504K, reserved 1114112K
  class space    used 2372K, committed 2496K, reserved 1048576K
}

Dll operation events (8 events):
Event: 0.203 Loaded shared library C:\Program Files\Java\jdk-21\bin\java.dll
Event: 0.365 Loaded shared library C:\Program Files\Java\jdk-21\bin\jsvml.dll
Event: 0.522 Loaded shared library C:\Program Files\Java\jdk-21\bin\net.dll
Event: 0.538 Loaded shared library C:\Program Files\Java\jdk-21\bin\nio.dll
Event: 0.556 Loaded shared library C:\Program Files\Java\jdk-21\bin\zip.dll
Event: 1.585 Loaded shared library C:\Users\2oleg\Downloads\apache-maven-3.9.11-bin\apache-maven-3.9.11\lib\jansi-native\Windows\x86_64\jansi.dll
Event: 1.592 Loaded shared library C:\Program Files\Java\jdk-21\bin\jimage.dll
Event: 1.608 Loaded shared library C:\Program Files\Java\jdk-21\bin\verify.dll

Deoptimization events (20 events):
Event: 22.181 Thread 0x000002476f81f5a0 Uncommon trap: trap_request=0xffffffde fr.pc=0x0000024707d74b38 relative=0x0000000000001038
Event: 22.181 Thread 0x000002476f81f5a0 Uncommon trap: reason=class_check action=maybe_recompile pc=0x0000024707d74b38 method=java.util.regex.Pattern.curly(Ljava/util/regex/Pattern$Node;I)Ljava/util/regex/Pattern$Node; @ 33 c2
Event: 22.181 Thread 0x000002476f81f5a0 DEOPT PACKING pc=0x0000024707d74b38 sp=0x0000007eb7efc460
Event: 22.181 Thread 0x000002476f81f5a0 DEOPT UNPACKING pc=0x00000247075846a2 sp=0x0000007eb7efc398 mode 2
Event: 23.684 Thread 0x000002476f81f5a0 Uncommon trap: trap_request=0xffffff45 fr.pc=0x0000024707d60f48 relative=0x0000000000001908
Event: 23.684 Thread 0x000002476f81f5a0 Uncommon trap: reason=unstable_if action=reinterpret pc=0x0000024707d60f48 method=sun.nio.fs.WindowsPathParser.isSlash(C)Z @ 9 c2
Event: 23.684 Thread 0x000002476f81f5a0 DEOPT PACKING pc=0x0000024707d60f48 sp=0x0000007eb7efcd10
Event: 23.684 Thread 0x000002476f81f5a0 DEOPT UNPACKING pc=0x00000247075846a2 sp=0x0000007eb7efccb0 mode 2
Event: 23.830 Thread 0x000002476f81f5a0 Uncommon trap: trap_request=0xffffff45 fr.pc=0x0000024707d9dec8 relative=0x00000000000000a8
Event: 23.830 Thread 0x000002476f81f5a0 Uncommon trap: reason=unstable_if action=reinterpret pc=0x0000024707d9dec8 method=java.lang.CharacterDataLatin1.digit(II)I @ 7 c2
Event: 23.830 Thread 0x000002476f81f5a0 DEOPT PACKING pc=0x0000024707d9dec8 sp=0x0000007eb7efcd20
Event: 23.830 Thread 0x000002476f81f5a0 DEOPT UNPACKING pc=0x00000247075846a2 sp=0x0000007eb7efcca0 mode 2
Event: 24.185 Thread 0x000002476f81f5a0 Uncommon trap: trap_request=0xffffff45 fr.pc=0x0000024707c0e6a0 relative=0x00000000000004e0
Event: 24.185 Thread 0x000002476f81f5a0 Uncommon trap: reason=unstable_if action=reinterpret pc=0x0000024707c0e6a0 method=java.lang.String.<init>(Ljava/lang/AbstractStringBuilder;Ljava/lang/Void;)V @ 19 c2
Event: 24.186 Thread 0x000002476f81f5a0 DEOPT PACKING pc=0x0000024707c0e6a0 sp=0x0000007eb7efcc10
Event: 24.186 Thread 0x000002476f81f5a0 DEOPT UNPACKING pc=0x00000247075846a2 sp=0x0000007eb7efcbc0 mode 2
Event: 24.236 Thread 0x000002476f81f5a0 Uncommon trap: trap_request=0xffffff45 fr.pc=0x0000024707dc4684 relative=0x00000000000001e4
Event: 24.236 Thread 0x000002476f81f5a0 Uncommon trap: reason=unstable_if action=reinterpret pc=0x0000024707dc4684 method=com.sun.tools.javac.util.Name$Table.equals([BI[BII)Z @ 22 c2
Event: 24.236 Thread 0x000002476f81f5a0 DEOPT PACKING pc=0x0000024707dc4684 sp=0x0000007eb7efc320
Event: 24.236 Thread 0x000002476f81f5a0 DEOPT UNPACKING pc=0x00000247075846a2 sp=0x0000007eb7efc298 mode 2

Classes loaded (20 events):
Event: 23.700 Loading class java/security/AllPermissionCollection
Event: 23.700 Loading class java/security/AllPermissionCollection done
Event: 23.701 Loading class jdk/internal/jrtfs/SystemImage$2
Event: 23.701 Loading class jdk/internal/jrtfs/SystemImage$2 done
Event: 23.701 Loading class jdk/internal/jimage/ImageReader$Directory
Event: 23.701 Loading class jdk/internal/jimage/ImageReader$Node
Event: 23.701 Loading class jdk/internal/jimage/ImageReader$Node done
Event: 23.701 Loading class jdk/internal/jimage/ImageReader$Directory done
Event: 23.702 Loading class jdk/internal/jrtfs/SystemImage$1
Event: 23.702 Loading class jdk/internal/jrtfs/SystemImage$1 done
Event: 23.733 Loading class java/lang/UnsupportedClassVersionError
Event: 23.733 Loading class java/lang/UnsupportedClassVersionError done
Event: 23.734 Loading class java/util/ImmutableCollections$Access
Event: 23.734 Loading class java/util/ImmutableCollections$Access done
Event: 23.734 Loading class java/util/ImmutableCollections$Access$1
Event: 23.734 Loading class jdk/internal/access/JavaUtilCollectionAccess
Event: 23.734 Loading class jdk/internal/access/JavaUtilCollectionAccess done
Event: 23.734 Loading class java/util/ImmutableCollections$Access$1 done
Event: 23.832 Loading class java/util/BitSet
Event: 23.833 Loading class java/util/BitSet done

Classes unloaded (0 events):
No events

Classes redefined (0 events):
No events

Internal exceptions (20 events):
Event: 19.298 Thread 0x000002476f81f5a0 Exception <a 'sun/nio/fs/WindowsException'{0x00000007503bd730}> (0x00000007503bd730) 
thrown [s\open\src\hotspot\share\prims\jni.cpp, line 520]
Event: 19.298 Thread 0x000002476f81f5a0 Exception <a 'sun/nio/fs/WindowsException'{0x00000007503bdad0}> (0x00000007503bdad0) 
thrown [s\open\src\hotspot\share\prims\jni.cpp, line 520]
Event: 19.300 Thread 0x000002476f81f5a0 Exception <a 'sun/nio/fs/WindowsException'{0x00000007503e1068}> (0x00000007503e1068) 
thrown [s\open\src\hotspot\share\prims\jni.cpp, line 520]
Event: 19.300 Thread 0x000002476f81f5a0 Exception <a 'sun/nio/fs/WindowsException'{0x00000007503e13f8}> (0x00000007503e13f8) 
thrown [s\open\src\hotspot\share\prims\jni.cpp, line 520]
Event: 19.302 Thread 0x000002476f81f5a0 Exception <a 'sun/nio/fs/WindowsException'{0x0000000750003a78}> (0x0000000750003a78) 
thrown [s\open\src\hotspot\share\prims\jni.cpp, line 520]
Event: 19.302 Thread 0x000002476f81f5a0 Exception <a 'sun/nio/fs/WindowsException'{0x0000000750003da0}> (0x0000000750003da0) 
thrown [s\open\src\hotspot\share\prims\jni.cpp, line 520]
Event: 19.305 Thread 0x000002476f81f5a0 Exception <a 'sun/nio/fs/WindowsException'{0x000000075004ea90}> (0x000000075004ea90) 
thrown [s\open\src\hotspot\share\prims\jni.cpp, line 520]
Event: 19.305 Thread 0x000002476f81f5a0 Exception <a 'sun/nio/fs/WindowsException'{0x000000075004ed70}> (0x000000075004ed70) 
thrown [s\open\src\hotspot\share\prims\jni.cpp, line 520]
Event: 19.394 Thread 0x000002476f81f5a0 Exception <a 'sun/nio/fs/WindowsException'{0x000000074fc7df08}> (0x000000074fc7df08) 
thrown [s\open\src\hotspot\share\prims\jni.cpp, line 520]
Event: 19.394 Thread 0x000002476f81f5a0 Exception <a 'sun/nio/fs/WindowsException'{0x000000074fc7e2a8}> (0x000000074fc7e2a8) 
thrown [s\open\src\hotspot\share\prims\jni.cpp, line 520]
Event: 19.402 Thread 0x000002476f81f5a0 Exception <a 'sun/nio/fs/WindowsException'{0x000000074fc90b30}> (0x000000074fc90b30) 
thrown [s\open\src\hotspot\share\prims\jni.cpp, line 520]
Event: 19.402 Thread 0x000002476f81f5a0 Exception <a 'sun/nio/fs/WindowsException'{0x000000074fc90e30}> (0x000000074fc90e30) 
thrown [s\open\src\hotspot\share\prims\jni.cpp, line 520]
Event: 19.841 Thread 0x000002476f81f5a0 Exception <a 'java/lang/IncompatibleClassChangeError'{0x000000074f680150}: Found class java.lang.Object, but interface was expected> (0x000000074f680150) 
thrown [s\open\src\hotspot\share\interpreter\linkResolver.cpp, line 840]
Event: 19.843 Thread 0x000002476f81f5a0 Exception <a 'java/lang/NoSuchMethodError'{0x000000074f685f60}: 'void java.lang.invoke.DirectMethodHandle$Holder.invokeInterface(java.lang.Object, java.lang.Object, java.lang.Object)'> (0x000000074f685f60) 
thrown [s\open\src\hotspot\share\interpreter\linkResolver.cpp, line 773]
Event: 20.667 Thread 0x000002476f81f5a0 Exception <a 'java/lang/NoSuchMethodError'{0x000000074f4423d0}: 'int java.lang.invoke.DirectMethodHandle$Holder.invokeInterface(java.lang.Object, java.lang.Object)'> (0x000000074f4423d0) 
thrown [s\open\src\hotspot\share\interpreter\linkResolver.cpp, line 773]
Event: 21.553 Thread 0x000002476f81f5a0 Exception <a 'java/lang/NoSuchMethodError'{0x000000074e702560}: 'int java.lang.invoke.DirectMethodHandle$Holder.invokeVirtual(java.lang.Object, java.lang.Object, java.lang.Object)'> (0x000000074e702560) 
thrown [s\open\src\hotspot\share\interpreter\linkResolver.cpp, line 773]
Event: 21.558 Thread 0x000002476f81f5a0 Exception <a 'java/lang/NoSuchMethodError'{0x000000074e70f2d8}: 'int java.lang.invoke.DirectMethodHandle$Holder.invokeStaticInit(java.lang.Object, java.lang.Object, java.lang.Object)'> (0x000000074e70f2d8) 
thrown [s\open\src\hotspot\share\interpreter\linkResolver.cpp, line 773]
Event: 22.153 Thread 0x000002476f81f5a0 Exception <a 'sun/nio/fs/WindowsException'{0x0000000753ce96c0}> (0x0000000753ce96c0) 
thrown [s\open\src\hotspot\share\prims\jni.cpp, line 520]
Event: 23.533 Thread 0x000002476f81f5a0 Exception <a 'java/lang/NoSuchMethodError'{0x00000007543bf3e0}: 'java.lang.Object java.lang.invoke.DirectMethodHandle$Holder.newInvokeSpecial(java.lang.Object, java.lang.Object, java.lang.Object, java.lang.Object, java.lang.Object, java.lang.Object)'> (0x00000007543bf3e0) 
thrown [s\open\src\hotspot\share\interpreter\linkResolver.cpp, line 773]
Event: 23.684 Thread 0x000002476f81f5a0 Exception <a 'sun/nio/fs/WindowsException'{0x000000074fa546e8}> (0x000000074fa546e8) 
thrown [s\open\src\hotspot\share\prims\jni.cpp, line 520]

ZGC Phase Switch (0 events):
No events

VM Operations (20 events):
Event: 21.691 Executing VM operation: HandshakeAllThreads (Deoptimize)
Event: 21.691 Executing VM operation: HandshakeAllThreads (Deoptimize) done
Event: 21.694 Executing VM operation: HandshakeAllThreads (Deoptimize)
Event: 21.694 Executing VM operation: HandshakeAllThreads (Deoptimize) done
Event: 21.821 Executing VM operation: G1CollectForAllocation (G1 Evacuation Pause)
Event: 21.853 Executing VM operation: G1CollectForAllocation (G1 Evacuation Pause) done
Event: 22.278 Executing VM operation: CollectForMetadataAllocation (Metadata GC Threshold)
Event: 22.288 Executing VM operation: CollectForMetadataAllocation (Metadata GC Threshold) done
Event: 22.338 Executing VM operation: CollectForMetadataAllocation (Metadata GC Threshold)
Event: 22.338 Executing VM operation: CollectForMetadataAllocation (Metadata GC Threshold) done
Event: 22.680 Executing VM operation: CollectForMetadataAllocation (Metadata GC Threshold)
Event: 22.681 Executing VM operation: CollectForMetadataAllocation (Metadata GC Threshold) done
Event: 22.729 Executing VM operation: G1PauseRemark
Event: 22.792 Executing VM operation: G1PauseRemark done
Event: 22.802 Executing VM operation: G1PauseCleanup
Event: 22.802 Executing VM operation: G1PauseCleanup done
Event: 23.844 Executing VM operation: HandshakeAllThreads (Deoptimize)
Event: 23.844 Executing VM operation: HandshakeAllThreads (Deoptimize) done
Event: 23.844 Executing VM operation: Cleanup
Event: 23.844 Executing VM operation: Cleanup done

Events (20 events):
Event: 5.426 Thread 0x00000247557aa6c0 Thread added: 0x00000247557aa6c0
Event: 5.456 Thread 0x00000247557d2f80 Thread added: 0x00000247557d2f80
Event: 5.782 Thread 0x00000247557d2f80 Thread exited: 0x00000247557d2f80
Event: 5.978 Thread 0x00000247557aa6c0 Thread exited: 0x00000247557aa6c0
Event: 6.005 Thread 0x00000247560e4480 Thread added: 0x00000247560e4480
Event: 6.013 Thread 0x0000024755ff6ab0 Thread added: 0x0000024755ff6ab0
Event: 6.364 Thread 0x0000024755ff6ab0 Thread exited: 0x0000024755ff6ab0
Event: 6.406 Thread 0x00000247560e4480 Thread exited: 0x00000247560e4480
Event: 7.073 Thread 0x00000247561599b0 Thread added: 0x00000247561599b0
Event: 7.386 Thread 0x00000247561599b0 Thread exited: 0x00000247561599b0
Event: 11.788 Thread 0x0000024755f2c030 Thread added: 0x0000024755f2c030
Event: 12.414 Thread 0x0000024755d9cd10 Thread added: 0x0000024755d9cd10
Event: 13.640 Thread 0x0000024755d9cd10 Thread exited: 0x0000024755d9cd10
Event: 14.269 Thread 0x0000024755af6020 Thread added: 0x0000024755af6020
Event: 15.237 Thread 0x0000024755af6020 Thread exited: 0x0000024755af6020
Event: 15.994 Thread 0x0000024756385590 Thread added: 0x0000024756385590
Event: 20.538 Thread 0x0000024756385590 Thread exited: 0x0000024756385590
Event: 20.905 Thread 0x0000024757a525f0 Thread added: 0x0000024757a525f0
Event: 22.825 Thread 0x0000024757a525f0 Thread exited: 0x0000024757a525f0
Event: 24.067 Thread 0x0000024756b56cb0 Thread added: 0x0000024756b56cb0


Dynamic libraries:
0x00007ff703c60000 - 0x00007ff703c70000 	C:\Program Files\Java\jdk-21\bin\java.exe
0x00007ff9f5930000 - 0x00007ff9f5b28000 	C:\WINDOWS\SYSTEM32\ntdll.dll
0x00007ff9f5400000 - 0x00007ff9f54c2000 	C:\WINDOWS\System32\KERNEL32.DLL
0x00007ff9f3130000 - 0x00007ff9f3426000 	C:\WINDOWS\System32\KERNELBASE.dll
0x00007ff9f3820000 - 0x00007ff9f3920000 	C:\WINDOWS\System32\ucrtbase.dll
0x00007ff9e1770000 - 0x00007ff9e178b000 	C:\Program Files\Java\jdk-21\bin\VCRUNTIME140.dll
0x00007ff9e1750000 - 0x00007ff9e1769000 	C:\Program Files\Java\jdk-21\bin\jli.dll
0x00007ff9f3da0000 - 0x00007ff9f3e51000 	C:\WINDOWS\System32\ADVAPI32.dll
0x00007ff9f5820000 - 0x00007ff9f58be000 	C:\WINDOWS\System32\msvcrt.dll
0x00007ff9f4800000 - 0x00007ff9f489f000 	C:\WINDOWS\System32\sechost.dll
0x00007ff9f3c10000 - 0x00007ff9f3d30000 	C:\WINDOWS\System32\RPCRT4.dll
0x00007ff9f3560000 - 0x00007ff9f3587000 	C:\WINDOWS\System32\bcrypt.dll
0x00007ff9f3f40000 - 0x00007ff9f40e1000 	C:\WINDOWS\System32\USER32.dll
0x00007ff9f3100000 - 0x00007ff9f3122000 	C:\WINDOWS\System32\win32u.dll
0x00007ff9e4da0000 - 0x00007ff9e503b000 	C:\WINDOWS\WinSxS\amd64_microsoft.windows.common-controls_6595b64144ccf1df_6.0.19041.6456_none_60b8a6cb71f64256\COMCTL32.dll
0x00007ff9f47c0000 - 0x00007ff9f47eb000 	C:\WINDOWS\System32\GDI32.dll
0x00007ff9f2f90000 - 0x00007ff9f30a9000 	C:\WINDOWS\System32\gdi32full.dll
0x00007ff9f3590000 - 0x00007ff9f362d000 	C:\WINDOWS\System32\msvcp_win.dll
0x00007ff9ecd10000 - 0x00007ff9ecd1a000 	C:\WINDOWS\SYSTEM32\VERSION.dll
0x00007ff9f3f10000 - 0x00007ff9f3f3f000 	C:\WINDOWS\System32\IMM32.DLL
0x00007ff9e1740000 - 0x00007ff9e174c000 	C:\Program Files\Java\jdk-21\bin\vcruntime140_1.dll
0x00007ff9dc7f0000 - 0x00007ff9dc87e000 	C:\Program Files\Java\jdk-21\bin\msvcp140.dll
0x00007ff995530000 - 0x00007ff99624a000 	C:\Program Files\Java\jdk-21\bin\server\jvm.dll
0x00007ff9f4210000 - 0x00007ff9f427b000 	C:\WINDOWS\System32\WS2_32.dll
0x00007ff9f2df0000 - 0x00007ff9f2e3b000 	C:\WINDOWS\SYSTEM32\POWRPROF.dll
0x00007ff9e0140000 - 0x00007ff9e0167000 	C:\WINDOWS\SYSTEM32\WINMM.dll
0x00007ff9f2dd0000 - 0x00007ff9f2de2000 	C:\WINDOWS\SYSTEM32\UMPDC.dll
0x00007ff9f0dc0000 - 0x00007ff9f0dd2000 	C:\WINDOWS\SYSTEM32\kernel.appcore.dll
0x00007ff9de8a0000 - 0x00007ff9de8aa000 	C:\Program Files\Java\jdk-21\bin\jimage.dll
0x00007ff9df840000 - 0x00007ff9dfa41000 	C:\WINDOWS\SYSTEM32\DBGHELP.DLL
0x00007ff9dd350000 - 0x00007ff9dd384000 	C:\WINDOWS\SYSTEM32\dbgcore.DLL
0x00007ff9f3630000 - 0x00007ff9f36b2000 	C:\WINDOWS\System32\bcryptPrimitives.dll
0x00007ff9dc7d0000 - 0x00007ff9dc7ef000 	C:\Program Files\Java\jdk-21\bin\java.dll
0x00007ff9f4930000 - 0x00007ff9f50a0000 	C:\WINDOWS\System32\SHELL32.dll
0x00007ff9f0fc0000 - 0x00007ff9f1765000 	C:\WINDOWS\SYSTEM32\windows.storage.dll
0x00007ff9f50a0000 - 0x00007ff9f53f4000 	C:\WINDOWS\System32\combase.dll
0x00007ff9f28e0000 - 0x00007ff9f290b000 	C:\WINDOWS\SYSTEM32\Wldp.dll
0x00007ff9f46f0000 - 0x00007ff9f47bd000 	C:\WINDOWS\System32\OLEAUT32.dll
0x00007ff9f3920000 - 0x00007ff9f39cd000 	C:\WINDOWS\System32\SHCORE.dll
0x00007ff9f57c0000 - 0x00007ff9f581b000 	C:\WINDOWS\System32\shlwapi.dll
0x00007ff9f2ec0000 - 0x00007ff9f2ee4000 	C:\WINDOWS\SYSTEM32\profapi.dll
0x00007ff9c31c0000 - 0x00007ff9c3297000 	C:\Program Files\Java\jdk-21\bin\jsvml.dll
0x00007ff9ddc60000 - 0x00007ff9ddc70000 	C:\Program Files\Java\jdk-21\bin\net.dll
0x00007ff9ec950000 - 0x00007ff9eca5a000 	C:\WINDOWS\SYSTEM32\WINHTTP.dll
0x00007ff9f25f0000 - 0x00007ff9f265a000 	C:\WINDOWS\system32\mswsock.dll
0x00007ff9dbf20000 - 0x00007ff9dbf36000 	C:\Program Files\Java\jdk-21\bin\nio.dll
0x00007ff9d8a60000 - 0x00007ff9d8a78000 	C:\Program Files\Java\jdk-21\bin\zip.dll
0x00007ff9d0bd0000 - 0x00007ff9d0bf4000 	C:\Users\2oleg\Downloads\apache-maven-3.9.11-bin\apache-maven-3.9.11\lib\jansi-native\Windows\x86_64\jansi.dll
0x00007ff9dd390000 - 0x00007ff9dd3a0000 	C:\Program Files\Java\jdk-21\bin\verify.dll

dbghelp: loaded successfully - version: 4.0.5 - missing functions: none
symbol engine: initialized successfully - sym options: 0x614 - pdb path: .;C:\Program Files\Java\jdk-21\bin;C:\WINDOWS\SYSTEM32;C:\WINDOWS\WinSxS\amd64_microsoft.windows.common-controls_6595b64144ccf1df_6.0.19041.6456_none_60b8a6cb71f64256;C:\Program Files\Java\jdk-21\bin\server;C:\Users\2oleg\Downloads\apache-maven-3.9.11-bin\apache-maven-3.9.11\lib\jansi-native\Windows\x86_64

VM Arguments:
jvm_args: --enable-native-access=ALL-UNNAMED -Dclassworlds.conf=C:\Users\2oleg\Downloads\apache-maven-3.9.11-bin\apache-maven-3.9.11\bin\m2.conf -Dmaven.home=C:\Users\2oleg\Downloads\apache-maven-3.9.11-bin\apache-maven-3.9.11 -Dlibrary.jansi.path=C:\Users\2oleg\Downloads\apache-maven-3.9.11-bin\apache-maven-3.9.11\lib\jansi-native -Dmaven.multiModuleProjectDirectory=C:\Users\2oleg\Downloads\Telegram Desktop\Kefir\Backend\TransactionSaga 
java_command: org.codehaus.plexus.classworlds.launcher.Launcher spring-boot:run -Dserver.port=8090 -DskipTests
java_class_path (initial): C:\Users\2oleg\Downloads\apache-maven-3.9.11-bin\apache-maven-3.9.11\boot\plexus-classworlds-2.9.0.jar
Launcher Type: SUN_STANDARD

[Global flags]
     intx CICompilerCount                          = 4                                         {product} {ergonomic}
     uint ConcGCThreads                            = 2                                         {product} {ergonomic}
     uint G1ConcRefinementThreads                  = 8                                         {product} {ergonomic}
   size_t G1HeapRegionSize                         = 2097152                                   {product} {ergonomic}
    uintx GCDrainStackTargetSize                   = 64                                        {product} {ergonomic}
   size_t InitialHeapSize                          = 192937984                                 {product} {ergonomic}
   size_t MarkStackSize                            = 4194304                                   {product} {ergonomic}
   size_t MaxHeapSize                              = 3074424832                                {product} {ergonomic}
   size_t MaxNewSize                               = 1843396608                                {product} {ergonomic}
   size_t MinHeapDeltaBytes                        = 2097152                                   {product} {ergonomic}
   size_t MinHeapSize                              = 8388608                                   {product} {ergonomic}
    uintx NonNMethodCodeHeapSize                   = 5839372                                {pd product} {ergonomic}
    uintx NonProfiledCodeHeapSize                  = 122909434                              {pd product} {ergonomic}
    uintx ProfiledCodeHeapSize                     = 122909434                              {pd product} {ergonomic}
    uintx ReservedCodeCacheSize                    = 251658240                              {pd product} {ergonomic}
     bool SegmentedCodeCache                       = true                                      {product} {ergonomic}
   size_t SoftMaxHeapSize                          = 3074424832                             {manageable} {ergonomic}
     bool UseCompressedOops                        = true                           {product lp64_product} {ergonomic}
     bool UseG1GC                                  = true                                      {product} {ergonomic}
     bool UseLargePagesIndividualAllocation        = false                                  {pd product} {ergonomic}

Logging:
Log output configuration:
 #0: stdout all=warning uptime,level,tags foldmultilines=false
 #1: stderr all=off uptime,level,tags foldmultilines=false

Environment Variables:
JAVA_HOME=C:\Program Files\Java\jdk-21
PATH=C:\Program Files\Common Files\Oracle\Java\javapath;C:\Program Files (x86)\Cuminas\Document Express DjVu Plug-in\;C:\Program Files (x86)\Razer Chroma SDK\bin;C:\Program Files\Razer Chroma SDK\bin;C:\WINDOWS\system32;C:\WINDOWS;C:\WINDOWS\System32\Wbem;C:\WINDOWS\System32\WindowsPowerShell\v1.0\;C:\WINDOWS\System32\OpenSSH\;C:\Program Files (x86)\NVIDIA Corporation\PhysX\Common;C:\WINDOWS\system32\config\systemprofile\AppData\Local\Microsoft\WindowsApps;C:\Program Files (x86)\Razer\ChromaBroadcast\bin;C:\Program Files\Razer\ChromaBroadcast\bin;C:\Users\2oleg\AppData\Local\Microsoft\WindowsApps;C:\Program Files\JetBrains\IntelliJ IDEA Community Edition 2024.3\bin;C:\Users\2oleg\AppData\Local\Programs\Microsoft VS Code\bin;C:\Program Files\Docker\Docker\resources\bin;C:\Users\2oleg\Downloads\curl-8.16.0_6-win64-mingw.zip\curl-8.16.0_6-win64-mingw\bin;C:\Users\2oleg\Downloads\curl-8.16.0_6-win64-mingw\curl-8.16.0_6-win64-mingw\bin;C:\Users\2oleg\Downloads\apache-maven-3.9.11-bin\apache-maven-3.9.11\bin;C:\ProgramData\chocolatey\bin;C:\Users\2oleg\AppData\Roaming\Cloud Foundry;C:\Program Files\Git\cmd;C:\Program Files\nodejs\;C:\Users\2oleg\AppData\Local\Muse Hub\lib;C:\Users\2oleg\AppData\Local\Microsoft\WindowsApps;C:\Program Files\JetBrains\IntelliJ IDEA Community Edition 2025.2.4\bin;C:\Users\2oleg\AppData\Local\Programs\Microsoft VS Code\bin;C:\Program Files\jq.exe;C:\Users\2oleg\AppData\Local\Microsoft\WinGet\Packages\jqlang.jq_Microsoft.Winget.Source_8wekyb3d8bbwe;C:\Program Files\Java\jdk-24;C:\Users\2oleg\Downloads\gradle-9.0.0-bin\gradle-9.0.0\bin;C:\Program Files\Docker\Docker\resources\bin;C:\Users\2oleg\AppData\Local\GitHubDesktop\bin;C:\Users\2oleg\AppData\Roaming\npm
USERNAME=2oleg
OS=Windows_NT
PROCESSOR_IDENTIFIER=Intel64 Family 6 Model 60 Stepping 3, GenuineIntel
TMP=C:\Users\2oleg\AppData\Local\Temp
TEMP=C:\Users\2oleg\AppData\Local\Temp




Periodic native trim disabled

---------------  S Y S T E M  ---------------

OS:
 Windows 10 , 64 bit Build 19041 (10.0.19041.5915)
OS uptime: 10 days 13:06 hours
Hyper-V role detected

CPU: total 8 (initial active 8) (4 cores per cpu, 2 threads per core) family 6 model 60 stepping 3 microcode 0x27, cx8, cmov, fxsr, ht, mmx, sse, sse2, sse3, ssse3, sse4.1, sse4.2, popcnt, lzcnt, tsc, tscinvbit, avx, avx2, aes, erms, clmul, bmi1, bmi2, fma, vzeroupper, clflush, hv, rdtscp, f16c
Processor Information for all 8 processors :
  Max Mhz: 2401, Current Mhz: 2401, Mhz Limit: 2401

Memory: 4k page, system-wide physical 11723M (531M free)
TotalPageFile size 23723M (AvailPageFile size 5M)
current process WorkingSet (physical memory assigned to process): 229M, peak: 284M
current process commit charge ("private bytes"): 276M, peak: 338M

vm_info: Java HotSpot(TM) 64-Bit Server VM (21.0.7+8-LTS-245) for windows-amd64 JRE (21.0.7+8-LTS-245), built on 2025-02-21T05:11:27Z by "mach5one" with MS VC++ 17.6 (VS2022)

END.
