#
# There is insufficient memory for the Java Runtime Environment to continue.
# Native memory allocation (malloc) failed to allocate 1303216 bytes for Chunk::new
# Possible reasons:
#   The system is out of physical RAM or swap space
#   The process is running with CompressedOops enabled, and the Java Heap may be blocking the growth of the native heap
# Possible solutions:
#   Reduce memory load on the system
#   Increase physical memory or swap space
#   Check if swap backing store is full
#   Decrease Java heap size (-Xmx/-Xms)
#   Decrease number of Java threads
#   Decrease Java thread stack sizes (-Xss)
#   Set larger code cache with -XX:ReservedCodeCacheSize=
#   JVM is running with Zero Based Compressed Oops mode in which the Java heap is
#     placed in the first 32GB address space. The Java Heap base address is the
#     maximum limit for the native heap growth. Please use -XX:HeapBaseMinAddress
#     to set the Java Heap base and to place the Java Heap above 32GB virtual address.
# This output file may be truncated or incomplete.
#
#  Out of Memory Error (arena.cpp:168), pid=30712, tid=2556
#
# JRE version: Java(TM) SE Runtime Environment (21.0.7+8) (build 21.0.7+8-LTS-245)
# Java VM: Java HotSpot(TM) 64-Bit Server VM (21.0.7+8-LTS-245, mixed mode, sharing, tiered, compressed oops, compressed class ptrs, g1 gc, windows-amd64)
# No core dump will be written. Minidumps are not enabled by default on client versions of Windows
#

---------------  S U M M A R Y ------------

Command Line: --enable-native-access=ALL-UNNAMED -Dclassworlds.conf=C:\Users\2oleg\Downloads\apache-maven-3.9.11-bin\apache-maven-3.9.11\bin\m2.conf -Dmaven.home=C:\Users\2oleg\Downloads\apache-maven-3.9.11-bin\apache-maven-3.9.11 -Dlibrary.jansi.path=C:\Users\2oleg\Downloads\apache-maven-3.9.11-bin\apache-maven-3.9.11\lib\jansi-native -Dmaven.multiModuleProjectDirectory=C:\Users\2oleg\Downloads\Telegram Desktop\Kefir\Backend\TransactionSaga org.codehaus.plexus.classworlds.launcher.Launcher spring-boot:run -Dserver.port=8090 -DskipTests

Host: Intel(R) Core(TM) i7-4700HQ CPU @ 2.40GHz, 8 cores, 11G,  Windows 10 , 64 bit Build 19041 (10.0.19041.5915)
Time: Sat Dec 13 01:36:36 2025 RTZ 2 (s 10 , 64 bit Build 19041 (10.0.19041.5915) elapsed time: 38.963351 seconds (0d 0h 0m 38s)

---------------  T H R E A D  ---------------

Current thread (0x0000018de84f6510):  JavaThread "C2 CompilerThread1" daemon [_thread_in_native, id=2556, stack(0x000000605a900000,0x000000605aa00000) (1024K)]


Current CompileTask:
C2:  38963 5206       4       java.lang.invoke.MethodType::methodType (69 bytes)

Stack: [0x000000605a900000,0x000000605aa00000]
Native frames: (J=compiled Java code, j=interpreted, Vv=VM code, C=native code)
V  [jvm.dll+0x6cae19]
V  [jvm.dll+0x855741]
V  [jvm.dll+0x857c6e]
V  [jvm.dll+0x858343]
V  [jvm.dll+0x27e0b6]
V  [jvm.dll+0xc4ecd]
V  [jvm.dll+0xc5403]
V  [jvm.dll+0x3b5752]
V  [jvm.dll+0x381e25]
V  [jvm.dll+0x38129a]
V  [jvm.dll+0x246b30]
V  [jvm.dll+0x24610f]
V  [jvm.dll+0x1c6efe]
V  [jvm.dll+0x255819]
V  [jvm.dll+0x253daa]
V  [jvm.dll+0x3eebb6]
V  [jvm.dll+0x7ffa1b]
V  [jvm.dll+0x6c94fd]
C  [ucrtbase.dll+0x21bb2]
C  [KERNEL32.DLL+0x17374]
C  [ntdll.dll+0x4cc91]


---------------  P R O C E S S  ---------------

Threads class SMR info:
_java_thread_list=0x0000018de91070b0, length=13, elements={
0x0000018dc3e901a0, 0x0000018de3acaa80, 0x0000018de3acb880, 0x0000018de3ace3e0,
0x0000018de3acee30, 0x0000018de3acf880, 0x0000018de3ad02d0, 0x0000018de3ad5070,
0x0000018de3ae78c0, 0x0000018de3b5e850, 0x0000018de80166d0, 0x0000018de8c9dc80,
0x0000018de84f6510
}

Java Threads: ( => current thread )
  0x0000018dc3e901a0 JavaThread "main"                              [_thread_in_native, id=29412, stack(0x0000006059600000,0x0000006059700000) (1024K)]
  0x0000018de3acaa80 JavaThread "Reference Handler"          daemon [_thread_blocked, id=30644, stack(0x0000006059e00000,0x0000006059f00000) (1024K)]
  0x0000018de3acb880 JavaThread "Finalizer"                  daemon [_thread_blocked, id=12068, stack(0x0000006059f00000,0x000000605a000000) (1024K)]
  0x0000018de3ace3e0 JavaThread "Signal Dispatcher"          daemon [_thread_blocked, id=30656, stack(0x000000605a000000,0x000000605a100000) (1024K)]
  0x0000018de3acee30 JavaThread "Attach Listener"            daemon [_thread_blocked, id=29888, stack(0x000000605a100000,0x000000605a200000) (1024K)]
  0x0000018de3acf880 JavaThread "Service Thread"             daemon [_thread_blocked, id=29852, stack(0x000000605a200000,0x000000605a300000) (1024K)]
  0x0000018de3ad02d0 JavaThread "Monitor Deflation Thread"   daemon [_thread_blocked, id=30204, stack(0x000000605a300000,0x000000605a400000) (1024K)]
  0x0000018de3ad5070 JavaThread "C2 CompilerThread0"         daemon [_thread_in_native, id=30208, stack(0x000000605a400000,0x000000605a500000) (1024K)]
  0x0000018de3ae78c0 JavaThread "C1 CompilerThread0"         daemon [_thread_blocked, id=30340, stack(0x000000605a500000,0x000000605a600000) (1024K)]
  0x0000018de3b5e850 JavaThread "Notification Thread"        daemon [_thread_blocked, id=29908, stack(0x000000605a600000,0x000000605a700000) (1024K)]
  0x0000018de80166d0 JavaThread "Common-Cleaner"             daemon [_thread_blocked, id=23192, stack(0x000000605a700000,0x000000605a800000) (1024K)]
  0x0000018de8c9dc80 JavaThread "Thread-1"                   daemon [_thread_blocked, id=31028, stack(0x000000605a800000,0x000000605a900000) (1024K)]
=>0x0000018de84f6510 JavaThread "C2 CompilerThread1"         daemon [_thread_in_native, id=2556, stack(0x000000605a900000,0x000000605aa00000) (1024K)]
Total: 13

Other Threads:
  0x0000018de3ab0260 VMThread "VM Thread"                           [id=29880, stack(0x0000006059d00000,0x0000006059e00000) (1024K)]
  0x0000018de3a9a9f0 WatcherThread "VM Periodic Task Thread"        [id=28176, stack(0x0000006059c00000,0x0000006059d00000) (1024K)]
  0x0000018dc407f960 WorkerThread "GC Thread#0"                     [id=22416, stack(0x0000006059700000,0x0000006059800000) (1024K)]
  0x0000018de8150200 WorkerThread "GC Thread#1"                     [id=30080, stack(0x000000605aa00000,0x000000605ab00000) (1024K)]
  0x0000018de81505a0 WorkerThread "GC Thread#2"                     [id=13664, stack(0x000000605ab00000,0x000000605ac00000) (1024K)]
  0x0000018de8150940 WorkerThread "GC Thread#3"                     [id=16728, stack(0x000000605ac00000,0x000000605ad00000) (1024K)]
  0x0000018de8a60710 WorkerThread "GC Thread#4"                     [id=31760, stack(0x000000605ad00000,0x000000605ae00000) (1024K)]
  0x0000018de853b030 WorkerThread "GC Thread#5"                     [id=31764, stack(0x000000605ae00000,0x000000605af00000) (1024K)]
  0x0000018de853b3d0 WorkerThread "GC Thread#6"                     [id=31768, stack(0x000000605af00000,0x000000605b000000) (1024K)]
  0x0000018de8a61330 WorkerThread "GC Thread#7"                     [id=31772, stack(0x000000605b000000,0x000000605b100000) (1024K)]
  0x0000018dc408c080 ConcurrentGCThread "G1 Main Marker"            [id=29936, stack(0x0000006059800000,0x0000006059900000) (1024K)]
  0x0000018dc408cb80 WorkerThread "G1 Conc#0"                       [id=30168, stack(0x0000006059900000,0x0000006059a00000) (1024K)]
  0x0000018dc40fdf40 ConcurrentGCThread "G1 Refine#0"               [id=30112, stack(0x0000006059a00000,0x0000006059b00000) (1024K)]
  0x0000018de3970090 ConcurrentGCThread "G1 Service"                [id=30436, stack(0x0000006059b00000,0x0000006059c00000) (1024K)]
Total: 14

Threads with active compile tasks:
C2 CompilerThread0    38999 4950       4       org.apache.maven.model.inheritance.DefaultInheritanceAssembler$InheritanceModelMerger::mergePluginContainer_Plugins (433 bytes)
C2 CompilerThread1    38999 5206       4       java.lang.invoke.MethodType::methodType (69 bytes)
Total: 2

VM state: not at safepoint (normal execution)

VM Mutex/Monitor currently owned by a thread: None

Heap address: 0x0000000748c00000, size: 2932 MB, Compressed Oops mode: Zero based, Oop shift amount: 3

CDS archive(s) mapped at: [0x0000018d80000000-0x0000018d80c90000-0x0000018d80c90000), size 13172736, SharedBaseAddress: 0x0000018d80000000, ArchiveRelocationMode: 1.
Compressed class space mapped at: 0x0000018d81000000-0x0000018dc1000000, reserved size: 1073741824
Narrow klass base: 0x0000018d80000000, Narrow klass shift: 0, Narrow klass range: 0x100000000

GC Precious Log:
 CardTable entry size: 512
 Card Set container configuration: InlinePtr #cards 4 size 8 Array Of Cards #cards 16 size 48 Howl #buckets 8 coarsen threshold 3686 Howl Bitmap #cards 512 size 80 coarsen threshold 460 Card regions per heap region 1 cards per card region 4096
 CPUs: 8 total, 8 available
 Memory: 11723M
 Large Page Support: Disabled
 NUMA Support: Disabled
 Compressed Oops: Enabled (Zero based)
 Heap Region Size: 2M
 Heap Min Capacity: 8M
 Heap Initial Capacity: 184M
 Heap Max Capacity: 2932M
 Pre-touch: Disabled
 Parallel Workers: 8
 Concurrent Workers: 2
 Concurrent Refinement Workers: 8
 Periodic GC: Disabled

Heap:
 garbage-first heap   total 188416K, used 124408K [0x0000000748c00000, 0x0000000800000000)
  region size 2048K, 44 young (90112K), 6 survivors (12288K)
 Metaspace       used 18607K, committed 18944K, reserved 1114112K
  class space    used 2044K, committed 2240K, reserved 1048576K

Heap Regions: E=young(eden), S=young(survivor), O=old, HS=humongous(starts), HC=humongous(continues), CS=collection set, F=free, TAMS=top-at-mark-start, PB=parsable bottom
|   0|0x0000000748c00000, 0x0000000748e00000, 0x0000000748e00000|100%| O|  |TAMS 0x0000000748c00000| PB 0x0000000748c00000| Untracked 
|   1|0x0000000748e00000, 0x0000000748f7e398, 0x0000000749000000| 74%| O|  |TAMS 0x0000000748e00000| PB 0x0000000748e00000| Untracked 
|   2|0x0000000749000000, 0x0000000749200000, 0x0000000749200000|100%|HS|  |TAMS 0x0000000749000000| PB 0x0000000749000000| Complete 
|   3|0x0000000749200000, 0x0000000749400000, 0x0000000749400000|100%|HC|  |TAMS 0x0000000749200000| PB 0x0000000749200000| Complete 
|   4|0x0000000749400000, 0x0000000749600000, 0x0000000749600000|100%|HC|  |TAMS 0x0000000749400000| PB 0x0000000749400000| Complete 
|   5|0x0000000749600000, 0x0000000749800000, 0x0000000749800000|100%|HC|  |TAMS 0x0000000749600000| PB 0x0000000749600000| Complete 
|   6|0x0000000749800000, 0x0000000749a00000, 0x0000000749a00000|100%|HS|  |TAMS 0x0000000749800000| PB 0x0000000749800000| Complete 
|   7|0x0000000749a00000, 0x0000000749c00000, 0x0000000749c00000|100%|HC|  |TAMS 0x0000000749a00000| PB 0x0000000749a00000| Complete 
|   8|0x0000000749c00000, 0x0000000749e00000, 0x0000000749e00000|100%|HC|  |TAMS 0x0000000749c00000| PB 0x0000000749c00000| Complete 
|   9|0x0000000749e00000, 0x000000074a000000, 0x000000074a000000|100%|HC|  |TAMS 0x0000000749e00000| PB 0x0000000749e00000| Complete 
|  10|0x000000074a000000, 0x000000074a200000, 0x000000074a200000|100%|HC|  |TAMS 0x000000074a000000| PB 0x000000074a000000| Complete 
|  11|0x000000074a200000, 0x000000074a400000, 0x000000074a400000|100%|HC|  |TAMS 0x000000074a200000| PB 0x000000074a200000| Complete 
|  12|0x000000074a400000, 0x000000074a600000, 0x000000074a600000|100%|HS|  |TAMS 0x000000074a400000| PB 0x000000074a400000| Complete 
|  13|0x000000074a600000, 0x000000074a800000, 0x000000074a800000|100%|HC|  |TAMS 0x000000074a600000| PB 0x000000074a600000| Complete 
|  14|0x000000074a800000, 0x000000074aa00000, 0x000000074aa00000|100%|HC|  |TAMS 0x000000074a800000| PB 0x000000074a800000| Complete 
|  15|0x000000074aa00000, 0x000000074ac00000, 0x000000074ac00000|100%|HC|  |TAMS 0x000000074aa00000| PB 0x000000074aa00000| Complete 
|  16|0x000000074ac00000, 0x000000074ae00000, 0x000000074ae00000|100%|HC|  |TAMS 0x000000074ac00000| PB 0x000000074ac00000| Complete 
|  17|0x000000074ae00000, 0x000000074b000000, 0x000000074b000000|100%|HC|  |TAMS 0x000000074ae00000| PB 0x000000074ae00000| Complete 
|  18|0x000000074b000000, 0x000000074b000000, 0x000000074b200000|  0%| F|  |TAMS 0x000000074b000000| PB 0x000000074b000000| Untracked 
|  19|0x000000074b200000, 0x000000074b200000, 0x000000074b400000|  0%| F|  |TAMS 0x000000074b200000| PB 0x000000074b200000| Untracked 
|  20|0x000000074b400000, 0x000000074b400000, 0x000000074b600000|  0%| F|  |TAMS 0x000000074b400000| PB 0x000000074b400000| Untracked 
|  21|0x000000074b600000, 0x000000074b600000, 0x000000074b800000|  0%| F|  |TAMS 0x000000074b600000| PB 0x000000074b600000| Untracked 
|  22|0x000000074b800000, 0x000000074b800000, 0x000000074ba00000|  0%| F|  |TAMS 0x000000074b800000| PB 0x000000074b800000| Untracked 
|  23|0x000000074ba00000, 0x000000074ba00000, 0x000000074bc00000|  0%| F|  |TAMS 0x000000074ba00000| PB 0x000000074ba00000| Untracked 
|  24|0x000000074bc00000, 0x000000074bc00000, 0x000000074be00000|  0%| F|  |TAMS 0x000000074bc00000| PB 0x000000074bc00000| Untracked 
|  25|0x000000074be00000, 0x000000074be00000, 0x000000074c000000|  0%| F|  |TAMS 0x000000074be00000| PB 0x000000074be00000| Untracked 
|  26|0x000000074c000000, 0x000000074c000000, 0x000000074c200000|  0%| F|  |TAMS 0x000000074c000000| PB 0x000000074c000000| Untracked 
|  27|0x000000074c200000, 0x000000074c200000, 0x000000074c400000|  0%| F|  |TAMS 0x000000074c200000| PB 0x000000074c200000| Untracked 
|  28|0x000000074c400000, 0x000000074c400000, 0x000000074c600000|  0%| F|  |TAMS 0x000000074c400000| PB 0x000000074c400000| Untracked 
|  29|0x000000074c600000, 0x000000074c600000, 0x000000074c800000|  0%| F|  |TAMS 0x000000074c600000| PB 0x000000074c600000| Untracked 
|  30|0x000000074c800000, 0x000000074c800000, 0x000000074ca00000|  0%| F|  |TAMS 0x000000074c800000| PB 0x000000074c800000| Untracked 
|  31|0x000000074ca00000, 0x000000074cc00000, 0x000000074cc00000|100%| S|CS|TAMS 0x000000074ca00000| PB 0x000000074ca00000| Complete 
|  32|0x000000074cc00000, 0x000000074ce00000, 0x000000074ce00000|100%| S|CS|TAMS 0x000000074cc00000| PB 0x000000074cc00000| Complete 
|  33|0x000000074ce00000, 0x000000074d000000, 0x000000074d000000|100%| S|CS|TAMS 0x000000074ce00000| PB 0x000000074ce00000| Complete 
|  34|0x000000074d000000, 0x000000074d200000, 0x000000074d200000|100%| S|CS|TAMS 0x000000074d000000| PB 0x000000074d000000| Complete 
|  35|0x000000074d200000, 0x000000074d400000, 0x000000074d400000|100%| S|CS|TAMS 0x000000074d200000| PB 0x000000074d200000| Complete 
|  36|0x000000074d400000, 0x000000074d600000, 0x000000074d600000|100%| S|CS|TAMS 0x000000074d400000| PB 0x000000074d400000| Complete 
|  37|0x000000074d600000, 0x000000074d600000, 0x000000074d800000|  0%| F|  |TAMS 0x000000074d600000| PB 0x000000074d600000| Untracked 
|  38|0x000000074d800000, 0x000000074d800000, 0x000000074da00000|  0%| F|  |TAMS 0x000000074d800000| PB 0x000000074d800000| Untracked 
|  39|0x000000074da00000, 0x000000074da00000, 0x000000074dc00000|  0%| F|  |TAMS 0x000000074da00000| PB 0x000000074da00000| Untracked 
|  40|0x000000074dc00000, 0x000000074dc00000, 0x000000074de00000|  0%| F|  |TAMS 0x000000074dc00000| PB 0x000000074dc00000| Untracked 
|  41|0x000000074de00000, 0x000000074de00000, 0x000000074e000000|  0%| F|  |TAMS 0x000000074de00000| PB 0x000000074de00000| Untracked 
|  42|0x000000074e000000, 0x000000074e000000, 0x000000074e200000|  0%| F|  |TAMS 0x000000074e000000| PB 0x000000074e000000| Untracked 
|  43|0x000000074e200000, 0x000000074e200000, 0x000000074e400000|  0%| F|  |TAMS 0x000000074e200000| PB 0x000000074e200000| Untracked 
|  44|0x000000074e400000, 0x000000074e400000, 0x000000074e600000|  0%| F|  |TAMS 0x000000074e400000| PB 0x000000074e400000| Untracked 
|  45|0x000000074e600000, 0x000000074e600000, 0x000000074e800000|  0%| F|  |TAMS 0x000000074e600000| PB 0x000000074e600000| Untracked 
|  46|0x000000074e800000, 0x000000074e800000, 0x000000074ea00000|  0%| F|  |TAMS 0x000000074e800000| PB 0x000000074e800000| Untracked 
|  47|0x000000074ea00000, 0x000000074ea00000, 0x000000074ec00000|  0%| F|  |TAMS 0x000000074ea00000| PB 0x000000074ea00000| Untracked 
|  48|0x000000074ec00000, 0x000000074ec00000, 0x000000074ee00000|  0%| F|  |TAMS 0x000000074ec00000| PB 0x000000074ec00000| Untracked 
|  49|0x000000074ee00000, 0x000000074ee00000, 0x000000074f000000|  0%| F|  |TAMS 0x000000074ee00000| PB 0x000000074ee00000| Untracked 
|  50|0x000000074f000000, 0x000000074f000000, 0x000000074f200000|  0%| F|  |TAMS 0x000000074f000000| PB 0x000000074f000000| Untracked 
|  51|0x000000074f200000, 0x000000074f200000, 0x000000074f400000|  0%| F|  |TAMS 0x000000074f200000| PB 0x000000074f200000| Untracked 
|  52|0x000000074f400000, 0x000000074f400000, 0x000000074f600000|  0%| F|  |TAMS 0x000000074f400000| PB 0x000000074f400000| Untracked 
|  53|0x000000074f600000, 0x000000074f600000, 0x000000074f800000|  0%| F|  |TAMS 0x000000074f600000| PB 0x000000074f600000| Untracked 
|  54|0x000000074f800000, 0x000000074f9a7420, 0x000000074fa00000| 82%| E|  |TAMS 0x000000074f800000| PB 0x000000074f800000| Complete 
|  55|0x000000074fa00000, 0x000000074fc00000, 0x000000074fc00000|100%| E|CS|TAMS 0x000000074fa00000| PB 0x000000074fa00000| Complete 
|  56|0x000000074fc00000, 0x000000074fe00000, 0x000000074fe00000|100%| E|CS|TAMS 0x000000074fc00000| PB 0x000000074fc00000| Complete 
|  57|0x000000074fe00000, 0x0000000750000000, 0x0000000750000000|100%| E|CS|TAMS 0x000000074fe00000| PB 0x000000074fe00000| Complete 
|  58|0x0000000750000000, 0x0000000750200000, 0x0000000750200000|100%| E|CS|TAMS 0x0000000750000000| PB 0x0000000750000000| Complete 
|  59|0x0000000750200000, 0x0000000750400000, 0x0000000750400000|100%| E|CS|TAMS 0x0000000750200000| PB 0x0000000750200000| Complete 
|  60|0x0000000750400000, 0x0000000750600000, 0x0000000750600000|100%| E|CS|TAMS 0x0000000750400000| PB 0x0000000750400000| Complete 
|  61|0x0000000750600000, 0x0000000750800000, 0x0000000750800000|100%| E|CS|TAMS 0x0000000750600000| PB 0x0000000750600000| Complete 
|  62|0x0000000750800000, 0x0000000750a00000, 0x0000000750a00000|100%| E|CS|TAMS 0x0000000750800000| PB 0x0000000750800000| Complete 
|  63|0x0000000750a00000, 0x0000000750c00000, 0x0000000750c00000|100%| E|CS|TAMS 0x0000000750a00000| PB 0x0000000750a00000| Complete 
|  64|0x0000000750c00000, 0x0000000750e00000, 0x0000000750e00000|100%| E|CS|TAMS 0x0000000750c00000| PB 0x0000000750c00000| Complete 
|  65|0x0000000750e00000, 0x0000000751000000, 0x0000000751000000|100%| E|CS|TAMS 0x0000000750e00000| PB 0x0000000750e00000| Complete 
|  66|0x0000000751000000, 0x0000000751200000, 0x0000000751200000|100%| E|CS|TAMS 0x0000000751000000| PB 0x0000000751000000| Complete 
|  67|0x0000000751200000, 0x0000000751400000, 0x0000000751400000|100%| E|CS|TAMS 0x0000000751200000| PB 0x0000000751200000| Complete 
|  68|0x0000000751400000, 0x0000000751600000, 0x0000000751600000|100%| E|CS|TAMS 0x0000000751400000| PB 0x0000000751400000| Complete 
|  69|0x0000000751600000, 0x0000000751800000, 0x0000000751800000|100%| E|CS|TAMS 0x0000000751600000| PB 0x0000000751600000| Complete 
|  70|0x0000000751800000, 0x0000000751a00000, 0x0000000751a00000|100%| E|CS|TAMS 0x0000000751800000| PB 0x0000000751800000| Complete 
|  71|0x0000000751a00000, 0x0000000751c00000, 0x0000000751c00000|100%| E|CS|TAMS 0x0000000751a00000| PB 0x0000000751a00000| Complete 
|  72|0x0000000751c00000, 0x0000000751e00000, 0x0000000751e00000|100%| E|CS|TAMS 0x0000000751c00000| PB 0x0000000751c00000| Complete 
|  73|0x0000000751e00000, 0x0000000752000000, 0x0000000752000000|100%| E|CS|TAMS 0x0000000751e00000| PB 0x0000000751e00000| Complete 
|  74|0x0000000752000000, 0x0000000752200000, 0x0000000752200000|100%| E|CS|TAMS 0x0000000752000000| PB 0x0000000752000000| Complete 
|  75|0x0000000752200000, 0x0000000752400000, 0x0000000752400000|100%| E|CS|TAMS 0x0000000752200000| PB 0x0000000752200000| Complete 
|  76|0x0000000752400000, 0x0000000752600000, 0x0000000752600000|100%| E|CS|TAMS 0x0000000752400000| PB 0x0000000752400000| Complete 
|  77|0x0000000752600000, 0x0000000752800000, 0x0000000752800000|100%| E|CS|TAMS 0x0000000752600000| PB 0x0000000752600000| Complete 
|  78|0x0000000752800000, 0x0000000752a00000, 0x0000000752a00000|100%| E|CS|TAMS 0x0000000752800000| PB 0x0000000752800000| Complete 
|  79|0x0000000752a00000, 0x0000000752c00000, 0x0000000752c00000|100%| E|CS|TAMS 0x0000000752a00000| PB 0x0000000752a00000| Complete 
|  80|0x0000000752c00000, 0x0000000752e00000, 0x0000000752e00000|100%| E|CS|TAMS 0x0000000752c00000| PB 0x0000000752c00000| Complete 
|  81|0x0000000752e00000, 0x0000000753000000, 0x0000000753000000|100%| E|CS|TAMS 0x0000000752e00000| PB 0x0000000752e00000| Complete 
|  82|0x0000000753000000, 0x0000000753200000, 0x0000000753200000|100%| E|CS|TAMS 0x0000000753000000| PB 0x0000000753000000| Complete 
|  83|0x0000000753200000, 0x0000000753400000, 0x0000000753400000|100%| E|CS|TAMS 0x0000000753200000| PB 0x0000000753200000| Complete 
|  84|0x0000000753400000, 0x0000000753600000, 0x0000000753600000|100%| E|CS|TAMS 0x0000000753400000| PB 0x0000000753400000| Complete 
|  85|0x0000000753600000, 0x0000000753800000, 0x0000000753800000|100%| E|CS|TAMS 0x0000000753600000| PB 0x0000000753600000| Complete 
|  86|0x0000000753800000, 0x0000000753a00000, 0x0000000753a00000|100%| E|CS|TAMS 0x0000000753800000| PB 0x0000000753800000| Complete 
|  87|0x0000000753a00000, 0x0000000753c00000, 0x0000000753c00000|100%| E|CS|TAMS 0x0000000753a00000| PB 0x0000000753a00000| Complete 
|  88|0x0000000753c00000, 0x0000000753e00000, 0x0000000753e00000|100%| E|CS|TAMS 0x0000000753c00000| PB 0x0000000753c00000| Complete 
|  89|0x0000000753e00000, 0x0000000754000000, 0x0000000754000000|100%| E|CS|TAMS 0x0000000753e00000| PB 0x0000000753e00000| Complete 
|  90|0x0000000754000000, 0x0000000754200000, 0x0000000754200000|100%| E|CS|TAMS 0x0000000754000000| PB 0x0000000754000000| Complete 
|  91|0x0000000754200000, 0x0000000754400000, 0x0000000754400000|100%| E|CS|TAMS 0x0000000754200000| PB 0x0000000754200000| Complete 

Card table byte_map: [0x0000018dddcf0000,0x0000018dde2b0000] _byte_map_base: 0x0000018dda2aa000

Marking Bits: (CMBitMap*) 0x0000018dc4080060
 Bits: [0x0000018dde2b0000, 0x0000018de1080000)

Polling page: 0x0000018dc4100000

Metaspace:

Usage:
  Non-class:     16.17 MB used.
      Class:      2.00 MB used.
       Both:     18.17 MB used.

Virtual space:
  Non-class space:       64.00 MB reserved,      16.31 MB ( 25%) committed,  1 nodes.
      Class space:        1.00 GB reserved,       2.19 MB ( <1%) committed,  1 nodes.
             Both:        1.06 GB reserved,      18.50 MB (  2%) committed. 

Chunk freelists:
   Non-Class:  15.58 MB
       Class:  13.73 MB
        Both:  29.31 MB

MaxMetaspaceSize: unlimited
CompressedClassSpaceSize: 1.00 GB
Initial GC threshold: 21.00 MB
Current GC threshold: 21.00 MB
CDS: on
 - commit_granule_bytes: 65536.
 - commit_granule_words: 8192.
 - virtual_space_node_default_size: 8388608.
 - enlarge_chunks_in_place: 1.
 - use_allocation_guard: 0.


Internal statistics:

num_allocs_failed_limit: 0.
num_arena_births: 190.
num_arena_deaths: 0.
num_vsnodes_births: 2.
num_vsnodes_deaths: 0.
num_space_committed: 296.
num_space_uncommitted: 0.
num_chunks_returned_to_freelist: 0.
num_chunks_taken_from_freelist: 827.
num_chunk_merges: 0.
num_chunk_splits: 581.
num_chunks_enlarged: 468.
num_inconsistent_stats: 0.

CodeHeap 'non-profiled nmethods': size=120000Kb used=2931Kb max_used=2931Kb free=117068Kb
 bounds [0x0000018dd57a0000, 0x0000018dd5a80000, 0x0000018ddccd0000]
CodeHeap 'profiled nmethods': size=120000Kb used=11632Kb max_used=11632Kb free=108367Kb
 bounds [0x0000018dcdcd0000, 0x0000018dce830000, 0x0000018dd5200000]
CodeHeap 'non-nmethods': size=5760Kb used=1416Kb max_used=1462Kb free=4343Kb
 bounds [0x0000018dd5200000, 0x0000018dd5470000, 0x0000018dd57a0000]
 total_blobs=5726 nmethods=5218 adapters=412
 compilation: enabled
              stopped_count=0, restarted_count=0
 full_count=0

Compilation events (20 events):
Event: 38.847 Thread 0x0000018de3ae78c0 5216       1       org.eclipse.sisu.inject.LazyBeanEntry::getKey (5 bytes)
Event: 38.847 Thread 0x0000018de3ae78c0 nmethod 5216 0x0000018dd5a7c610 code [0x0000018dd5a7c7a0, 0x0000018dd5a7c870]
Event: 38.847 Thread 0x0000018de3ae78c0 5217       1       org.eclipse.sisu.inject.LazyBeanEntry$JsrNamed::value (5 bytes)
Event: 38.848 Thread 0x0000018de3ae78c0 nmethod 5217 0x0000018dd5a7c910 code [0x0000018dd5a7caa0, 0x0000018dd5a7cb70]
Event: 38.848 Thread 0x0000018de3ae78c0 5218       3       org.eclipse.aether.DefaultRepositorySystemSession::verifyStateForMutation (19 bytes)
Event: 38.848 Thread 0x0000018de3ae78c0 nmethod 5218 0x0000018dce826010 code [0x0000018dce8261c0, 0x0000018dce8263e8]
Event: 38.863 Thread 0x0000018de3ae78c0 5219       3       java.util.StringTokenizer::<init> (8 bytes)
Event: 38.863 Thread 0x0000018de3ae78c0 nmethod 5219 0x0000018dce826510 code [0x0000018dce8266c0, 0x0000018dce826800]
Event: 38.863 Thread 0x0000018de3ae78c0 5220       3       java.util.StringTokenizer::<init> (52 bytes)
Event: 38.864 Thread 0x0000018de3ae78c0 nmethod 5220 0x0000018dce826890 code [0x0000018dce826a60, 0x0000018dce826dd8]
Event: 38.866 Thread 0x0000018de3ae78c0 5221       3       org.codehaus.plexus.util.SelectorUtils::isDoubleStar (32 bytes)
Event: 38.867 Thread 0x0000018de3ae78c0 nmethod 5221 0x0000018dce826f90 code [0x0000018dce827140, 0x0000018dce827370]
Event: 38.867 Thread 0x0000018de3ae78c0 5222       3       org.codehaus.plexus.util.SelectorUtils::match (520 bytes)
Event: 38.868 Thread 0x0000018de3ae78c0 nmethod 5222 0x0000018dce827490 code [0x0000018dce8277a0, 0x0000018dce828b80]
Event: 38.868 Thread 0x0000018de3ae78c0 5223       1       org.codehaus.plexus.util.MatchPattern::getTokenizedPathChars (5 bytes)
Event: 38.869 Thread 0x0000018de3ae78c0 nmethod 5223 0x0000018dd5a7cc10 code [0x0000018dd5a7cda0, 0x0000018dd5a7ce70]
Event: 38.869 Thread 0x0000018de3ae78c0 5224       3       org.codehaus.plexus.util.MatchPattern::matchPath (26 bytes)
Event: 38.869 Thread 0x0000018de3ae78c0 nmethod 5224 0x0000018dce829210 code [0x0000018dce829420, 0x0000018dce8298d8]
Event: 38.870 Thread 0x0000018de3ae78c0 5225       3       org.codehaus.plexus.util.SelectorUtils::matchAntPathPattern (423 bytes)
Event: 38.872 Thread 0x0000018de3ae78c0 nmethod 5225 0x0000018dce829b10 code [0x0000018dce829e80, 0x0000018dce82b888]

GC Heap History (6 events):
Event: 12.979 GC heap before
{Heap before GC invocations=0 (full 0):
 garbage-first heap   total 188416K, used 22528K [0x0000000748c00000, 0x0000000800000000)
  region size 2048K, 11 young (22528K), 0 survivors (0K)
 Metaspace       used 5618K, committed 5824K, reserved 1114112K
  class space    used 647K, committed 768K, reserved 1048576K
}
Event: 13.861 GC heap after
{Heap after GC invocations=1 (full 0):
 garbage-first heap   total 188416K, used 3840K [0x0000000748c00000, 0x0000000800000000)
  region size 2048K, 2 young (4096K), 2 survivors (4096K)
 Metaspace       used 5618K, committed 5824K, reserved 1114112K
  class space    used 647K, committed 768K, reserved 1048576K
}
Event: 19.826 GC heap before
{Heap before GC invocations=1 (full 0):
 garbage-first heap   total 188416K, used 34560K [0x0000000748c00000, 0x0000000800000000)
  region size 2048K, 17 young (34816K), 2 survivors (4096K)
 Metaspace       used 9605K, committed 9792K, reserved 1114112K
  class space    used 1122K, committed 1216K, reserved 1048576K
}
Event: 19.835 GC heap after
{Heap after GC invocations=2 (full 0):
 garbage-first heap   total 188416K, used 5574K [0x0000000748c00000, 0x0000000800000000)
  region size 2048K, 1 young (2048K), 1 survivors (2048K)
 Metaspace       used 9605K, committed 9792K, reserved 1114112K
  class space    used 1122K, committed 1216K, reserved 1048576K
}
Event: 33.195 GC heap before
{Heap before GC invocations=2 (full 0):
 garbage-first heap   total 188416K, used 116166K [0x0000000748c00000, 0x0000000800000000)
  region size 2048K, 55 young (112640K), 1 survivors (2048K)
 Metaspace       used 16479K, committed 16768K, reserved 1114112K
  class space    used 1852K, committed 1984K, reserved 1048576K
}
Event: 33.215 GC heap after
{Heap after GC invocations=3 (full 0):
 garbage-first heap   total 188416K, used 15864K [0x0000000748c00000, 0x0000000800000000)
  region size 2048K, 6 young (12288K), 6 survivors (12288K)
 Metaspace       used 16479K, committed 16768K, reserved 1114112K
  class space    used 1852K, committed 1984K, reserved 1048576K
}

Dll operation events (8 events):
Event: 0.974 Loaded shared library C:\Program Files\Java\jdk-21\bin\java.dll
Event: 3.092 Loaded shared library C:\Program Files\Java\jdk-21\bin\jsvml.dll
Event: 3.567 Loaded shared library C:\Program Files\Java\jdk-21\bin\net.dll
Event: 4.184 Loaded shared library C:\Program Files\Java\jdk-21\bin\nio.dll
Event: 4.422 Loaded shared library C:\Program Files\Java\jdk-21\bin\zip.dll
Event: 6.248 Loaded shared library C:\Users\2oleg\Downloads\apache-maven-3.9.11-bin\apache-maven-3.9.11\lib\jansi-native\Windows\x86_64\jansi.dll
Event: 6.281 Loaded shared library C:\Program Files\Java\jdk-21\bin\verify.dll
Event: 7.984 Loaded shared library C:\Program Files\Java\jdk-21\bin\jimage.dll

Deoptimization events (20 events):
Event: 36.864 Thread 0x0000018dc3e901a0 Uncommon trap: trap_request=0xffffff45 fr.pc=0x0000018dd57aa2f8 relative=0x0000000000000058
Event: 36.864 Thread 0x0000018dc3e901a0 Uncommon trap: reason=unstable_if action=reinterpret pc=0x0000018dd57aa2f8 method=java.net.URI.match(CJJ)Z @ 19 c2
Event: 36.864 Thread 0x0000018dc3e901a0 DEOPT PACKING pc=0x0000018dd57aa2f8 sp=0x00000060596fd9c0
Event: 36.864 Thread 0x0000018dc3e901a0 DEOPT UNPACKING pc=0x0000018dd52546a2 sp=0x00000060596fd950 mode 2
Event: 38.595 Thread 0x0000018dc3e901a0 Uncommon trap: trap_request=0xffffffc6 fr.pc=0x0000018dd583baec relative=0x000000000000038c
Event: 38.595 Thread 0x0000018dc3e901a0 Uncommon trap: reason=bimorphic_or_optimized_type_check action=maybe_recompile pc=0x0000018dd583baec method=java.nio.Buffer.<init>(IIIILjava/lang/foreign/MemorySegment;)V @ 39 c2
Event: 38.595 Thread 0x0000018dc3e901a0 DEOPT PACKING pc=0x0000018dd583baec sp=0x00000060596f8100
Event: 38.595 Thread 0x0000018dc3e901a0 DEOPT UNPACKING pc=0x0000018dd52546a2 sp=0x00000060596f80a8 mode 2
Event: 38.595 Thread 0x0000018dc3e901a0 Uncommon trap: trap_request=0xffffffc6 fr.pc=0x0000018dd583baec relative=0x000000000000038c
Event: 38.595 Thread 0x0000018dc3e901a0 Uncommon trap: reason=bimorphic_or_optimized_type_check action=maybe_recompile pc=0x0000018dd583baec method=java.nio.Buffer.<init>(IIIILjava/lang/foreign/MemorySegment;)V @ 39 c2
Event: 38.596 Thread 0x0000018dc3e901a0 DEOPT PACKING pc=0x0000018dd583baec sp=0x00000060596f8100
Event: 38.596 Thread 0x0000018dc3e901a0 DEOPT UNPACKING pc=0x0000018dd52546a2 sp=0x00000060596f80a8 mode 2
Event: 38.745 Thread 0x0000018dc3e901a0 Uncommon trap: trap_request=0xffffffc6 fr.pc=0x0000018dd5a31ab0 relative=0x0000000000002ad0
Event: 38.745 Thread 0x0000018dc3e901a0 Uncommon trap: reason=bimorphic_or_optimized_type_check action=maybe_recompile pc=0x0000018dd5a31ab0 method=java.util.regex.Pattern$Start.<init>(Ljava/util/regex/Pattern$Node;)V @ 22 c2
Event: 38.745 Thread 0x0000018dc3e901a0 DEOPT PACKING pc=0x0000018dd5a31ab0 sp=0x00000060596fcbb0
Event: 38.745 Thread 0x0000018dc3e901a0 DEOPT UNPACKING pc=0x0000018dd52546a2 sp=0x00000060596fcb10 mode 2
Event: 38.852 Thread 0x0000018dc3e901a0 Uncommon trap: trap_request=0xffffff45 fr.pc=0x0000018dd59cd050 relative=0x00000000000001d0
Event: 38.852 Thread 0x0000018dc3e901a0 Uncommon trap: reason=unstable_if action=reinterpret pc=0x0000018dd59cd050 method=java.util.WeakHashMap.matchesKey(Ljava/util/WeakHashMap$Entry;Ljava/lang/Object;)Z @ 24 c2
Event: 38.852 Thread 0x0000018dc3e901a0 DEOPT PACKING pc=0x0000018dd59cd050 sp=0x00000060596fd3f0
Event: 38.852 Thread 0x0000018dc3e901a0 DEOPT UNPACKING pc=0x0000018dd52546a2 sp=0x00000060596fd330 mode 2

Classes loaded (20 events):
Event: 36.843 Loading class java/lang/Character$UnicodeBlock
Event: 36.843 Loading class java/lang/Character$Subset
Event: 36.843 Loading class java/lang/Character$Subset done
Event: 36.845 Loading class java/lang/Character$UnicodeBlock done
Event: 37.059 Loading class sun/nio/cs/UTF_8$Encoder
Event: 37.059 Loading class sun/nio/cs/UTF_8$Encoder done
Event: 37.241 Loading class java/nio/BufferMismatch
Event: 37.241 Loading class java/nio/BufferMismatch done
Event: 37.243 Loading class java/nio/file/attribute/PosixFileAttributes
Event: 37.243 Loading class java/nio/file/attribute/PosixFileAttributes done
Event: 38.593 Loading class java/io/FileWriter
Event: 38.593 Loading class java/io/FileWriter done
Event: 38.741 Loading class jdk/internal/reflect/MethodHandleIntegerFieldAccessorImpl
Event: 38.742 Loading class jdk/internal/reflect/MethodHandleIntegerFieldAccessorImpl done
Event: 38.747 Loading class java/util/concurrent/ConcurrentLinkedDeque
Event: 38.747 Loading class java/util/concurrent/ConcurrentLinkedDeque done
Event: 38.747 Loading class java/util/concurrent/ConcurrentLinkedDeque$Node
Event: 38.747 Loading class java/util/concurrent/ConcurrentLinkedDeque$Node done
Event: 38.837 Loading class java/util/ServiceConfigurationError
Event: 38.837 Loading class java/util/ServiceConfigurationError done

Classes unloaded (0 events):
No events

Classes redefined (0 events):
No events

Internal exceptions (20 events):
Event: 36.079 Thread 0x0000018dc3e901a0 Exception <a 'sun/nio/fs/WindowsException'{0x0000000750f71860}> (0x0000000750f71860) 
thrown [s\open\src\hotspot\share\prims\jni.cpp, line 520]
Event: 36.098 Thread 0x0000018dc3e901a0 Exception <a 'sun/nio/fs/WindowsException'{0x0000000750cb7698}> (0x0000000750cb7698) 
thrown [s\open\src\hotspot\share\prims\jni.cpp, line 520]
Event: 36.098 Thread 0x0000018dc3e901a0 Exception <a 'sun/nio/fs/WindowsException'{0x0000000750cb7978}> (0x0000000750cb7978) 
thrown [s\open\src\hotspot\share\prims\jni.cpp, line 520]
Event: 36.179 Thread 0x0000018dc3e901a0 Exception <a 'sun/nio/fs/WindowsException'{0x0000000750aaefb8}> (0x0000000750aaefb8) 
thrown [s\open\src\hotspot\share\prims\jni.cpp, line 520]
Event: 36.179 Thread 0x0000018dc3e901a0 Exception <a 'sun/nio/fs/WindowsException'{0x0000000750aaf2b8}> (0x0000000750aaf2b8) 
thrown [s\open\src\hotspot\share\prims\jni.cpp, line 520]
Event: 36.524 Thread 0x0000018dc3e901a0 Implicit null exception at 0x0000018dd59967f3 to 0x0000018dd5996fcc
Event: 36.587 Thread 0x0000018dc3e901a0 Exception <a 'java/lang/NoSuchMethodError'{0x00000007509a1138}: 'int java.lang.invoke.DirectMethodHandle$Holder.invokeVirtual(java.lang.Object, java.lang.Object)'> (0x00000007509a1138) 
thrown [s\open\src\hotspot\share\interpreter\linkResolver.cpp, line 773]
Event: 36.672 Thread 0x0000018dc3e901a0 Exception <a 'java/lang/NoSuchMethodError'{0x00000007506cac90}: 'void java.lang.invoke.Invokers$Holder.invokeExact_MT(java.lang.Object, java.lang.Object, int, java.lang.Object)'> (0x00000007506cac90) 
thrown [s\open\src\hotspot\share\interpreter\linkResolver.cpp, line 773]
Event: 37.410 Thread 0x0000018dc3e901a0 Exception <a 'sun/nio/fs/WindowsException'{0x00000007502f4a40}> (0x00000007502f4a40) 
thrown [s\open\src\hotspot\share\prims\jni.cpp, line 520]
Event: 37.410 Thread 0x0000018dc3e901a0 Exception <a 'sun/nio/fs/WindowsException'{0x00000007502f4de0}> (0x00000007502f4de0) 
thrown [s\open\src\hotspot\share\prims\jni.cpp, line 520]
Event: 37.413 Thread 0x0000018dc3e901a0 Exception <a 'sun/nio/fs/WindowsException'{0x0000000750319008}> (0x0000000750319008) 
thrown [s\open\src\hotspot\share\prims\jni.cpp, line 520]
Event: 37.413 Thread 0x0000018dc3e901a0 Exception <a 'sun/nio/fs/WindowsException'{0x0000000750319398}> (0x0000000750319398) 
thrown [s\open\src\hotspot\share\prims\jni.cpp, line 520]
Event: 37.431 Thread 0x0000018dc3e901a0 Exception <a 'sun/nio/fs/WindowsException'{0x000000075033b660}> (0x000000075033b660) 
thrown [s\open\src\hotspot\share\prims\jni.cpp, line 520]
Event: 37.431 Thread 0x0000018dc3e901a0 Exception <a 'sun/nio/fs/WindowsException'{0x000000075033b988}> (0x000000075033b988) 
thrown [s\open\src\hotspot\share\prims\jni.cpp, line 520]
Event: 37.434 Thread 0x0000018dc3e901a0 Exception <a 'sun/nio/fs/WindowsException'{0x0000000750386368}> (0x0000000750386368) 
thrown [s\open\src\hotspot\share\prims\jni.cpp, line 520]
Event: 37.434 Thread 0x0000018dc3e901a0 Exception <a 'sun/nio/fs/WindowsException'{0x0000000750386648}> (0x0000000750386648) 
thrown [s\open\src\hotspot\share\prims\jni.cpp, line 520]
Event: 37.662 Thread 0x0000018dc3e901a0 Exception <a 'sun/nio/fs/WindowsException'{0x000000074ffac388}> (0x000000074ffac388) 
thrown [s\open\src\hotspot\share\prims\jni.cpp, line 520]
Event: 37.662 Thread 0x0000018dc3e901a0 Exception <a 'sun/nio/fs/WindowsException'{0x000000074ffac728}> (0x000000074ffac728) 
thrown [s\open\src\hotspot\share\prims\jni.cpp, line 520]
Event: 37.935 Thread 0x0000018dc3e901a0 Exception <a 'sun/nio/fs/WindowsException'{0x000000074ffbefb0}> (0x000000074ffbefb0) 
thrown [s\open\src\hotspot\share\prims\jni.cpp, line 520]
Event: 37.935 Thread 0x0000018dc3e901a0 Exception <a 'sun/nio/fs/WindowsException'{0x000000074ffbf2b0}> (0x000000074ffbf2b0) 
thrown [s\open\src\hotspot\share\prims\jni.cpp, line 520]

ZGC Phase Switch (0 events):
No events

VM Operations (20 events):
Event: 26.356 Executing VM operation: HandshakeAllThreads (Deoptimize)
Event: 26.356 Executing VM operation: HandshakeAllThreads (Deoptimize) done
Event: 27.356 Executing VM operation: Cleanup
Event: 27.356 Executing VM operation: Cleanup done
Event: 29.357 Executing VM operation: Cleanup
Event: 29.357 Executing VM operation: Cleanup done
Event: 31.144 Executing VM operation: ICBufferFull
Event: 31.144 Executing VM operation: ICBufferFull done
Event: 31.783 Executing VM operation: ICBufferFull
Event: 31.790 Executing VM operation: ICBufferFull done
Event: 32.791 Executing VM operation: Cleanup
Event: 32.791 Executing VM operation: Cleanup done
Event: 33.144 Executing VM operation: G1CollectForAllocation (G1 Evacuation Pause)
Event: 33.215 Executing VM operation: G1CollectForAllocation (G1 Evacuation Pause) done
Event: 34.427 Executing VM operation: ICBufferFull
Event: 34.427 Executing VM operation: ICBufferFull done
Event: 36.409 Executing VM operation: ICBufferFull
Event: 36.409 Executing VM operation: ICBufferFull done
Event: 38.410 Executing VM operation: Cleanup
Event: 38.410 Executing VM operation: Cleanup done

Events (20 events):
Event: 25.087 Thread 0x0000018de8c9dc80 Thread added: 0x0000018de8c9dc80
Event: 27.404 Thread 0x0000018de84f72b0 Thread added: 0x0000018de84f72b0
Event: 27.782 Thread 0x0000018de84f72b0 Thread exited: 0x0000018de84f72b0
Event: 28.162 Thread 0x0000018de84f6be0 Thread added: 0x0000018de84f6be0
Event: 28.818 Thread 0x0000018de84f6be0 Thread exited: 0x0000018de84f6be0
Event: 29.727 Thread 0x0000018de84f5e40 Thread added: 0x0000018de84f5e40
Event: 30.005 Thread 0x0000018de84f5e40 Thread exited: 0x0000018de84f5e40
Event: 30.596 Thread 0x0000018de84f4300 Thread added: 0x0000018de84f4300
Event: 31.743 Thread 0x0000018de84f5e40 Thread added: 0x0000018de84f5e40
Event: 32.898 Thread 0x0000018de84f5e40 Thread exited: 0x0000018de84f5e40
Event: 33.134 Thread 0x0000018de84f5e40 Thread added: 0x0000018de84f5e40
Event: 34.833 Thread 0x0000018de84f5e40 Thread exited: 0x0000018de84f5e40
Event: 35.077 Thread 0x0000018de84f4300 Thread exited: 0x0000018de84f4300
Event: 36.262 Thread 0x0000018de84f5e40 Thread added: 0x0000018de84f5e40
Event: 36.861 Thread 0x0000018de84f5e40 Thread exited: 0x0000018de84f5e40
Event: 37.223 Thread 0x0000018de84f72b0 Thread added: 0x0000018de84f72b0
Event: 37.245 Thread 0x0000018de84f3c30 Thread added: 0x0000018de84f3c30
Event: 37.941 Thread 0x0000018de84f3c30 Thread exited: 0x0000018de84f3c30
Event: 37.941 Thread 0x0000018de84f72b0 Thread exited: 0x0000018de84f72b0
Event: 38.596 Thread 0x0000018de84f6510 Thread added: 0x0000018de84f6510


Dynamic libraries:
0x00007ff703c60000 - 0x00007ff703c70000 	C:\Program Files\Java\jdk-21\bin\java.exe
0x00007ff9f5930000 - 0x00007ff9f5b28000 	C:\WINDOWS\SYSTEM32\ntdll.dll
0x00007ff9f5400000 - 0x00007ff9f54c2000 	C:\WINDOWS\System32\KERNEL32.DLL
0x00007ff9f3130000 - 0x00007ff9f3426000 	C:\WINDOWS\System32\KERNELBASE.dll
0x00007ff9e2300000 - 0x00007ff9e2319000 	C:\Program Files\Java\jdk-21\bin\jli.dll
0x00007ff9f3da0000 - 0x00007ff9f3e51000 	C:\WINDOWS\System32\ADVAPI32.dll
0x00007ff9f5820000 - 0x00007ff9f58be000 	C:\WINDOWS\System32\msvcrt.dll
0x00007ff9f4800000 - 0x00007ff9f489f000 	C:\WINDOWS\System32\sechost.dll
0x00007ff9f3c10000 - 0x00007ff9f3d30000 	C:\WINDOWS\System32\RPCRT4.dll
0x00007ff9f3560000 - 0x00007ff9f3587000 	C:\WINDOWS\System32\bcrypt.dll
0x00007ff9f3f40000 - 0x00007ff9f40e1000 	C:\WINDOWS\System32\USER32.dll
0x00007ff9f3100000 - 0x00007ff9f3122000 	C:\WINDOWS\System32\win32u.dll
0x00007ff9e31d0000 - 0x00007ff9e31eb000 	C:\Program Files\Java\jdk-21\bin\VCRUNTIME140.dll
0x00007ff9f47c0000 - 0x00007ff9f47eb000 	C:\WINDOWS\System32\GDI32.dll
0x00007ff9f3820000 - 0x00007ff9f3920000 	C:\WINDOWS\System32\ucrtbase.dll
0x00007ff9f2f90000 - 0x00007ff9f30a9000 	C:\WINDOWS\System32\gdi32full.dll
0x00007ff9f3590000 - 0x00007ff9f362d000 	C:\WINDOWS\System32\msvcp_win.dll
0x00007ff9ecd10000 - 0x00007ff9ecd1a000 	C:\WINDOWS\SYSTEM32\VERSION.dll
0x00007ff9e4da0000 - 0x00007ff9e503b000 	C:\WINDOWS\WinSxS\amd64_microsoft.windows.common-controls_6595b64144ccf1df_6.0.19041.6456_none_60b8a6cb71f64256\COMCTL32.dll
0x00007ff9f3f10000 - 0x00007ff9f3f3f000 	C:\WINDOWS\System32\IMM32.DLL
0x00007ff9ed3a0000 - 0x00007ff9ed3ac000 	C:\Program Files\Java\jdk-21\bin\vcruntime140_1.dll
0x00007ff9c7130000 - 0x00007ff9c71be000 	C:\Program Files\Java\jdk-21\bin\msvcp140.dll
0x00007ff98ebe0000 - 0x00007ff98f8fa000 	C:\Program Files\Java\jdk-21\bin\server\jvm.dll
0x00007ff9f4210000 - 0x00007ff9f427b000 	C:\WINDOWS\System32\WS2_32.dll
0x00007ff9f2df0000 - 0x00007ff9f2e3b000 	C:\WINDOWS\SYSTEM32\POWRPROF.dll
0x00007ff9e0140000 - 0x00007ff9e0167000 	C:\WINDOWS\SYSTEM32\WINMM.dll
0x00007ff9f2dd0000 - 0x00007ff9f2de2000 	C:\WINDOWS\SYSTEM32\UMPDC.dll
0x00007ff9f0dc0000 - 0x00007ff9f0dd2000 	C:\WINDOWS\SYSTEM32\kernel.appcore.dll
0x00007ff9ed370000 - 0x00007ff9ed37a000 	C:\Program Files\Java\jdk-21\bin\jimage.dll
0x00007ff9df840000 - 0x00007ff9dfa41000 	C:\WINDOWS\SYSTEM32\DBGHELP.DLL
0x00007ff9dd350000 - 0x00007ff9dd384000 	C:\WINDOWS\SYSTEM32\dbgcore.DLL
0x00007ff9f3630000 - 0x00007ff9f36b2000 	C:\WINDOWS\System32\bcryptPrimitives.dll
0x00007ff9e0be0000 - 0x00007ff9e0bff000 	C:\Program Files\Java\jdk-21\bin\java.dll
0x00007ff9f4930000 - 0x00007ff9f50a0000 	C:\WINDOWS\System32\SHELL32.dll
0x00007ff9f0fc0000 - 0x00007ff9f1765000 	C:\WINDOWS\SYSTEM32\windows.storage.dll
0x00007ff9f50a0000 - 0x00007ff9f53f4000 	C:\WINDOWS\System32\combase.dll
0x00007ff9f28e0000 - 0x00007ff9f290b000 	C:\WINDOWS\SYSTEM32\Wldp.dll
0x00007ff9f46f0000 - 0x00007ff9f47bd000 	C:\WINDOWS\System32\OLEAUT32.dll
0x00007ff9f3920000 - 0x00007ff9f39cd000 	C:\WINDOWS\System32\SHCORE.dll
0x00007ff9f57c0000 - 0x00007ff9f581b000 	C:\WINDOWS\System32\shlwapi.dll
0x00007ff9f2ec0000 - 0x00007ff9f2ee4000 	C:\WINDOWS\SYSTEM32\profapi.dll
0x00007ff9ab440000 - 0x00007ff9ab517000 	C:\Program Files\Java\jdk-21\bin\jsvml.dll
0x00007ff9ebd20000 - 0x00007ff9ebd30000 	C:\Program Files\Java\jdk-21\bin\net.dll
0x00007ff9ec950000 - 0x00007ff9eca5a000 	C:\WINDOWS\SYSTEM32\WINHTTP.dll
0x00007ff9f25f0000 - 0x00007ff9f265a000 	C:\WINDOWS\system32\mswsock.dll
0x00007ff9dbf20000 - 0x00007ff9dbf36000 	C:\Program Files\Java\jdk-21\bin\nio.dll
0x00007ff9d8a60000 - 0x00007ff9d8a78000 	C:\Program Files\Java\jdk-21\bin\zip.dll
0x00007ff9d0da0000 - 0x00007ff9d0dc4000 	C:\Users\2oleg\Downloads\apache-maven-3.9.11-bin\apache-maven-3.9.11\lib\jansi-native\Windows\x86_64\jansi.dll
0x00007ff9e8580000 - 0x00007ff9e8590000 	C:\Program Files\Java\jdk-21\bin\verify.dll

dbghelp: loaded successfully - version: 4.0.5 - missing functions: none
symbol engine: initialized successfully - sym options: 0x614 - pdb path: .;C:\Program Files\Java\jdk-21\bin;C:\WINDOWS\SYSTEM32;C:\WINDOWS\WinSxS\amd64_microsoft.windows.common-controls_6595b64144ccf1df_6.0.19041.6456_none_60b8a6cb71f64256;C:\Program Files\Java\jdk-21\bin\server;C:\Users\2oleg\Downloads\apache-maven-3.9.11-bin\apache-maven-3.9.11\lib\jansi-native\Windows\x86_64

VM Arguments:
jvm_args: --enable-native-access=ALL-UNNAMED -Dclassworlds.conf=C:\Users\2oleg\Downloads\apache-maven-3.9.11-bin\apache-maven-3.9.11\bin\m2.conf -Dmaven.home=C:\Users\2oleg\Downloads\apache-maven-3.9.11-bin\apache-maven-3.9.11 -Dlibrary.jansi.path=C:\Users\2oleg\Downloads\apache-maven-3.9.11-bin\apache-maven-3.9.11\lib\jansi-native -Dmaven.multiModuleProjectDirectory=C:\Users\2oleg\Downloads\Telegram Desktop\Kefir\Backend\TransactionSaga 
java_command: org.codehaus.plexus.classworlds.launcher.Launcher spring-boot:run -Dserver.port=8090 -DskipTests
java_class_path (initial): C:\Users\2oleg\Downloads\apache-maven-3.9.11-bin\apache-maven-3.9.11\boot\plexus-classworlds-2.9.0.jar
Launcher Type: SUN_STANDARD

[Global flags]
     intx CICompilerCount                          = 4                                         {product} {ergonomic}
     uint ConcGCThreads                            = 2                                         {product} {ergonomic}
     uint G1ConcRefinementThreads                  = 8                                         {product} {ergonomic}
   size_t G1HeapRegionSize                         = 2097152                                   {product} {ergonomic}
    uintx GCDrainStackTargetSize                   = 64                                        {product} {ergonomic}
   size_t InitialHeapSize                          = 192937984                                 {product} {ergonomic}
   size_t MarkStackSize                            = 4194304                                   {product} {ergonomic}
   size_t MaxHeapSize                              = 3074424832                                {product} {ergonomic}
   size_t MaxNewSize                               = 1843396608                                {product} {ergonomic}
   size_t MinHeapDeltaBytes                        = 2097152                                   {product} {ergonomic}
   size_t MinHeapSize                              = 8388608                                   {product} {ergonomic}
    uintx NonNMethodCodeHeapSize                   = 5839372                                {pd product} {ergonomic}
    uintx NonProfiledCodeHeapSize                  = 122909434                              {pd product} {ergonomic}
    uintx ProfiledCodeHeapSize                     = 122909434                              {pd product} {ergonomic}
    uintx ReservedCodeCacheSize                    = 251658240                              {pd product} {ergonomic}
     bool SegmentedCodeCache                       = true                                      {product} {ergonomic}
   size_t SoftMaxHeapSize                          = 3074424832                             {manageable} {ergonomic}
     bool UseCompressedOops                        = true                           {product lp64_product} {ergonomic}
     bool UseG1GC                                  = true                                      {product} {ergonomic}
     bool UseLargePagesIndividualAllocation        = false                                  {pd product} {ergonomic}

Logging:
Log output configuration:
 #0: stdout all=warning uptime,level,tags foldmultilines=false
 #1: stderr all=off uptime,level,tags foldmultilines=false

Environment Variables:
JAVA_HOME=C:\Program Files\Java\jdk-21
PATH=C:\Program Files\Common Files\Oracle\Java\javapath;C:\Program Files (x86)\Cuminas\Document Express DjVu Plug-in\;C:\Program Files (x86)\Razer Chroma SDK\bin;C:\Program Files\Razer Chroma SDK\bin;C:\WINDOWS\system32;C:\WINDOWS;C:\WINDOWS\System32\Wbem;C:\WINDOWS\System32\WindowsPowerShell\v1.0\;C:\WINDOWS\System32\OpenSSH\;C:\Program Files (x86)\NVIDIA Corporation\PhysX\Common;C:\WINDOWS\system32\config\systemprofile\AppData\Local\Microsoft\WindowsApps;C:\Program Files (x86)\Razer\ChromaBroadcast\bin;C:\Program Files\Razer\ChromaBroadcast\bin;C:\Users\2oleg\AppData\Local\Microsoft\WindowsApps;C:\Program Files\JetBrains\IntelliJ IDEA Community Edition 2024.3\bin;C:\Users\2oleg\AppData\Local\Programs\Microsoft VS Code\bin;C:\Program Files\Docker\Docker\resources\bin;C:\Users\2oleg\Downloads\curl-8.16.0_6-win64-mingw.zip\curl-8.16.0_6-win64-mingw\bin;C:\Users\2oleg\Downloads\curl-8.16.0_6-win64-mingw\curl-8.16.0_6-win64-mingw\bin;C:\Users\2oleg\Downloads\apache-maven-3.9.11-bin\apache-maven-3.9.11\bin;C:\ProgramData\chocolatey\bin;C:\Users\2oleg\AppData\Roaming\Cloud Foundry;C:\Program Files\Git\cmd;C:\Program Files\nodejs\;C:\Users\2oleg\AppData\Local\Muse Hub\lib;C:\Users\2oleg\AppData\Local\Microsoft\WindowsApps;C:\Program Files\JetBrains\IntelliJ IDEA Community Edition 2025.2.4\bin;C:\Users\2oleg\AppData\Local\Programs\Microsoft VS Code\bin;C:\Program Files\jq.exe;C:\Users\2oleg\AppData\Local\Microsoft\WinGet\Packages\jqlang.jq_Microsoft.Winget.Source_8wekyb3d8bbwe;C:\Program Files\Java\jdk-24;C:\Users\2oleg\Downloads\gradle-9.0.0-bin\gradle-9.0.0\bin;C:\Program Files\Docker\Docker\resources\bin;C:\Users\2oleg\AppData\Local\GitHubDesktop\bin;C:\Users\2oleg\AppData\Roaming\npm
USERNAME=2oleg
OS=Windows_NT
PROCESSOR_IDENTIFIER=Intel64 Family 6 Model 60 Stepping 3, GenuineIntel
TMP=C:\Users\2oleg\AppData\Local\Temp
TEMP=C:\Users\2oleg\AppData\Local\Temp




Periodic native trim disabled

---------------  S Y S T E M  ---------------

OS:
 Windows 10 , 64 bit Build 19041 (10.0.19041.5915)
OS uptime: 10 days 12:22 hours
Hyper-V role detected

CPU: total 8 (initial active 8) (4 cores per cpu, 2 threads per core) family 6 model 60 stepping 3 microcode 0x27, cx8, cmov, fxsr, ht, mmx, sse, sse2, sse3, ssse3, sse4.1, sse4.2, popcnt, lzcnt, tsc, tscinvbit, avx, avx2, aes, erms, clmul, bmi1, bmi2, fma, vzeroupper, clflush, hv, rdtscp, f16c
Processor Information for all 8 processors :
  Max Mhz: 2401, Current Mhz: 2401, Mhz Limit: 2401

Memory: 4k page, system-wide physical 11723M (1162M free)
TotalPageFile size 23723M (AvailPageFile size 9M)
current process WorkingSet (physical memory assigned to process): 265M, peak: 265M
current process commit charge ("private bytes"): 336M, peak: 337M

vm_info: Java HotSpot(TM) 64-Bit Server VM (21.0.7+8-LTS-245) for windows-amd64 JRE (21.0.7+8-LTS-245), built on 2025-02-21T05:11:27Z by "mach5one" with MS VC++ 17.6 (VS2022)

END.
