#
# There is insufficient memory for the Java Runtime Environment to continue.
# Native memory allocation (mmap) failed to map 2097152 bytes for G1 virtual space
# Possible reasons:
#   The system is out of physical RAM or swap space
#   The process is running with CompressedOops enabled, and the Java Heap may be blocking the growth of the native heap
# Possible solutions:
#   Reduce memory load on the system
#   Increase physical memory or swap space
#   Check if swap backing store is full
#   Decrease Java heap size (-Xmx/-Xms)
#   Decrease number of Java threads
#   Decrease Java thread stack sizes (-Xss)
#   Set larger code cache with -XX:ReservedCodeCacheSize=
#   JVM is running with Zero Based Compressed Oops mode in which the Java heap is
#     placed in the first 32GB address space. The Java Heap base address is the
#     maximum limit for the native heap growth. Please use -XX:HeapBaseMinAddress
#     to set the Java Heap base and to place the Java Heap above 32GB virtual address.
# This output file may be truncated or incomplete.
#
#  Out of Memory Error (os_windows.cpp:3603), pid=23044, tid=5336
#
# JRE version: Java(TM) SE Runtime Environment (21.0.7+8) (build 21.0.7+8-LTS-245)
# Java VM: Java HotSpot(TM) 64-Bit Server VM (21.0.7+8-LTS-245, mixed mode, sharing, tiered, compressed oops, compressed class ptrs, g1 gc, windows-amd64)
# No core dump will be written. Minidumps are not enabled by default on client versions of Windows
#

---------------  S U M M A R Y ------------

Command Line: --enable-native-access=ALL-UNNAMED -Dclassworlds.conf=C:\Users\2oleg\Downloads\apache-maven-3.9.11-bin\apache-maven-3.9.11\bin\m2.conf -Dmaven.home=C:\Users\2oleg\Downloads\apache-maven-3.9.11-bin\apache-maven-3.9.11 -Dlibrary.jansi.path=C:\Users\2oleg\Downloads\apache-maven-3.9.11-bin\apache-maven-3.9.11\lib\jansi-native -Dmaven.multiModuleProjectDirectory=C:\Users\2oleg\Downloads\Telegram Desktop\Kefir\Backend\TransactionSaga org.codehaus.plexus.classworlds.launcher.Launcher spring-boot:run -Dserver.port=8090 -DskipTests

Host: Intel(R) Core(TM) i7-4700HQ CPU @ 2.40GHz, 8 cores, 11G,  Windows 10 , 64 bit Build 19041 (10.0.19041.5915)
Time: Sat Dec 13 01:36:36 2025 RTZ 2 (s 10 , 64 bit Build 19041 (10.0.19041.5915) elapsed time: 53.712770 seconds (0d 0h 0m 53s)

---------------  T H R E A D  ---------------

Current thread (0x0000012f0ff05520):  WorkerThread "GC Thread#6"    [id=5336, stack(0x00000016b8d00000,0x00000016b8e00000) (1024K)]

Stack: [0x00000016b8d00000,0x00000016b8e00000]
Native frames: (J=compiled Java code, j=interpreted, Vv=VM code, C=native code)
V  [jvm.dll+0x6cae19]
V  [jvm.dll+0x855741]
V  [jvm.dll+0x857c6e]
V  [jvm.dll+0x858343]
V  [jvm.dll+0x27e0b6]
V  [jvm.dll+0x6c7595]
V  [jvm.dll+0x6bc0fa]
V  [jvm.dll+0x353eaa]
V  [jvm.dll+0x35bb26]
V  [jvm.dll+0x3ae22b]
V  [jvm.dll+0x3ae8c4]
V  [jvm.dll+0x3ae98d]
V  [jvm.dll+0x3297ec]
V  [jvm.dll+0x329545]
V  [jvm.dll+0x318466]
V  [jvm.dll+0x31929a]
V  [jvm.dll+0x319697]
V  [jvm.dll+0x319101]
V  [jvm.dll+0x355d36]
V  [jvm.dll+0x3560a3]
V  [jvm.dll+0x357203]
V  [jvm.dll+0x3538be]
V  [jvm.dll+0x36058b]
V  [jvm.dll+0x362249]
V  [jvm.dll+0x360a6a]
V  [jvm.dll+0x361ec1]
V  [jvm.dll+0x36d093]
V  [jvm.dll+0x36d1db]
V  [jvm.dll+0x8834d7]
V  [jvm.dll+0x7ffa1b]
V  [jvm.dll+0x6c94fd]
C  [ucrtbase.dll+0x21bb2]
C  [KERNEL32.DLL+0x17374]
C  [ntdll.dll+0x4cc91]


---------------  P R O C E S S  ---------------

Threads class SMR info:
_java_thread_list=0x0000012f102775f0, length=14, elements={
0x0000012eaa103350, 0x0000012ec9ddc240, 0x0000012ec9ddce40, 0x0000012ec9ddda40,
0x0000012ec9dde490, 0x0000012ec9ddeee0, 0x0000012ec9ddf930, 0x0000012ec9de4ad0,
0x0000012ec9de5a70, 0x0000012ec9e53b00, 0x0000012ec9e6e1f0, 0x0000012f0f5cc360,
0x0000012f0f9e9c00, 0x0000012f10970270
}

Java Threads: ( => current thread )
  0x0000012eaa103350 JavaThread "main"                              [_thread_blocked, id=13460, stack(0x00000016b7400000,0x00000016b7500000) (1024K)]
  0x0000012ec9ddc240 JavaThread "Reference Handler"          daemon [_thread_blocked, id=16512, stack(0x00000016b7c00000,0x00000016b7d00000) (1024K)]
  0x0000012ec9ddce40 JavaThread "Finalizer"                  daemon [_thread_blocked, id=19628, stack(0x00000016b7d00000,0x00000016b7e00000) (1024K)]
  0x0000012ec9ddda40 JavaThread "Signal Dispatcher"          daemon [_thread_blocked, id=28440, stack(0x00000016b7e00000,0x00000016b7f00000) (1024K)]
  0x0000012ec9dde490 JavaThread "Attach Listener"            daemon [_thread_blocked, id=28548, stack(0x00000016b7f00000,0x00000016b8000000) (1024K)]
  0x0000012ec9ddeee0 JavaThread "Service Thread"             daemon [_thread_blocked, id=15548, stack(0x00000016b8000000,0x00000016b8100000) (1024K)]
  0x0000012ec9ddf930 JavaThread "Monitor Deflation Thread"   daemon [_thread_blocked, id=18440, stack(0x00000016b8100000,0x00000016b8200000) (1024K)]
  0x0000012ec9de4ad0 JavaThread "C2 CompilerThread0"         daemon [_thread_blocked, id=17132, stack(0x00000016b8200000,0x00000016b8300000) (1024K)]
  0x0000012ec9de5a70 JavaThread "C1 CompilerThread0"         daemon [_thread_blocked, id=15956, stack(0x00000016b8300000,0x00000016b8400000) (1024K)]
  0x0000012ec9e53b00 JavaThread "Notification Thread"        daemon [_thread_blocked, id=9100, stack(0x00000016b8400000,0x00000016b8500000) (1024K)]
  0x0000012ec9e6e1f0 JavaThread "Common-Cleaner"             daemon [_thread_blocked, id=23556, stack(0x00000016b8500000,0x00000016b8600000) (1024K)]
  0x0000012f0f5cc360 JavaThread "Thread-1"                   daemon [_thread_blocked, id=28676, stack(0x00000016b8700000,0x00000016b8800000) (1024K)]
  0x0000012f0f9e9c00 JavaThread "C2 CompilerThread1"         daemon [_thread_blocked, id=32744, stack(0x00000016b8f00000,0x00000016b9000000) (1024K)]
  0x0000012f10970270 JavaThread "C2 CompilerThread2"         daemon [_thread_blocked, id=13984, stack(0x00000016b9000000,0x00000016b9100000) (1024K)]
Total: 14

Other Threads:
  0x0000012ec9dc1770 VMThread "VM Thread"                           [id=13224, stack(0x00000016b7b00000,0x00000016b7c00000) (1024K)]
  0x0000012ec9daeeb0 WatcherThread "VM Periodic Task Thread"        [id=20968, stack(0x00000016b7a00000,0x00000016b7b00000) (1024K)]
  0x0000012eaa35ee80 WorkerThread "GC Thread#0"                     [id=24708, stack(0x00000016b7500000,0x00000016b7600000) (1024K)]
  0x0000012f0fb83180 WorkerThread "GC Thread#1"                     [id=25956, stack(0x00000016b8800000,0x00000016b8900000) (1024K)]
  0x0000012f0fb83520 WorkerThread "GC Thread#2"                     [id=19668, stack(0x00000016b8900000,0x00000016b8a00000) (1024K)]
  0x0000012f0fb838c0 WorkerThread "GC Thread#3"                     [id=12760, stack(0x00000016b8a00000,0x00000016b8b00000) (1024K)]
  0x0000012f0ff04de0 WorkerThread "GC Thread#4"                     [id=6340, stack(0x00000016b8b00000,0x00000016b8c00000) (1024K)]
  0x0000012f0ff05180 WorkerThread "GC Thread#5"                     [id=23232, stack(0x00000016b8c00000,0x00000016b8d00000) (1024K)]
=>0x0000012f0ff05520 WorkerThread "GC Thread#6"                     [id=5336, stack(0x00000016b8d00000,0x00000016b8e00000) (1024K)]
  0x0000012f0ff058c0 WorkerThread "GC Thread#7"                     [id=29372, stack(0x00000016b8e00000,0x00000016b8f00000) (1024K)]
  0x0000012eaa36b750 ConcurrentGCThread "G1 Main Marker"            [id=12184, stack(0x00000016b7600000,0x00000016b7700000) (1024K)]
  0x0000012eaa36c9f0 WorkerThread "G1 Conc#0"                       [id=29472, stack(0x00000016b7700000,0x00000016b7800000) (1024K)]
  0x0000012f103e3a40 WorkerThread "G1 Conc#1"                       [id=32564, stack(0x00000016b8600000,0x00000016b8700000) (1024K)]
  0x0000012eaa3de450 ConcurrentGCThread "G1 Refine#0"               [id=17256, stack(0x00000016b7800000,0x00000016b7900000) (1024K)]
  0x0000012ec9c820a0 ConcurrentGCThread "G1 Service"                [id=17112, stack(0x00000016b7900000,0x00000016b7a00000) (1024K)]
Total: 15

Threads with active compile tasks:
C2 CompilerThread0    53773 7128       4       com.sun.tools.javac.comp.Check::checkDisjoint (53 bytes)
C2 CompilerThread1    53773 7126       4       com.sun.tools.javac.code.Scope$ScopeImpl::enter (108 bytes)
Total: 2

VM state: at safepoint (normal execution)

VM Mutex/Monitor currently owned by a thread:  ([mutex/lock_event])
[0x00007ff98f81b950] FreeList_lock - owner thread: 0x0000012f0ff05520
[0x00007ff98f81de50] Threads_lock - owner thread: 0x0000012ec9dc1770
[0x00007ff98f81df50] Heap_lock - owner thread: 0x0000012eaa103350

Heap address: 0x0000000748c00000, size: 2932 MB, Compressed Oops mode: Zero based, Oop shift amount: 3

CDS archive(s) mapped at: [0x0000012eca000000-0x0000012ecac90000-0x0000012ecac90000), size 13172736, SharedBaseAddress: 0x0000012eca000000, ArchiveRelocationMode: 1.
Compressed class space mapped at: 0x0000012ecb000000-0x0000012f0b000000, reserved size: 1073741824
Narrow klass base: 0x0000012eca000000, Narrow klass shift: 0, Narrow klass range: 0x100000000

GC Precious Log:
 CardTable entry size: 512
 Card Set container configuration: InlinePtr #cards 4 size 8 Array Of Cards #cards 16 size 48 Howl #buckets 8 coarsen threshold 3686 Howl Bitmap #cards 512 size 80 coarsen threshold 460 Card regions per heap region 1 cards per card region 4096
 CPUs: 8 total, 8 available
 Memory: 11723M
 Large Page Support: Disabled
 NUMA Support: Disabled
 Compressed Oops: Enabled (Zero based)
 Heap Region Size: 2M
 Heap Min Capacity: 8M
 Heap Initial Capacity: 184M
 Heap Max Capacity: 2932M
 Pre-touch: Disabled
 Parallel Workers: 8
 Concurrent Workers: 2
 Concurrent Refinement Workers: 8
 Periodic GC: Disabled

Heap:
 garbage-first heap   total 110592K, used 99401K [0x0000000748c00000, 0x0000000800000000)
  region size 2048K, 37 young (75776K), 2 survivors (4096K)
 Metaspace       used 28242K, committed 28672K, reserved 1114112K
  class space    used 3112K, committed 3328K, reserved 1048576K

Heap Regions: E=young(eden), S=young(survivor), O=old, HS=humongous(starts), HC=humongous(continues), CS=collection set, F=free, TAMS=top-at-mark-start, PB=parsable bottom
|   0|0x0000000748c00000, 0x0000000748e00000, 0x0000000748e00000|100%| O|  |TAMS 0x0000000748c00000| PB 0x0000000748c00000| Untracked 
|   1|0x0000000748e00000, 0x0000000749000000, 0x0000000749000000|100%| O|  |TAMS 0x0000000748e00000| PB 0x0000000748e00000| Untracked 
|   2|0x0000000749000000, 0x0000000749200000, 0x0000000749200000|100%| O|  |TAMS 0x0000000749000000| PB 0x0000000749000000| Untracked 
|   3|0x0000000749200000, 0x0000000749400000, 0x0000000749400000|100%| O|  |TAMS 0x0000000749200000| PB 0x0000000749200000| Untracked 
|   4|0x0000000749400000, 0x0000000749504ce0, 0x0000000749600000| 50%| S|  |TAMS 0x0000000749400000| PB 0x0000000749400000| Complete 
|   5|0x0000000749600000, 0x0000000749800000, 0x0000000749800000|100%| S|  |TAMS 0x0000000749600000| PB 0x0000000749600000| Complete 
|   6|0x0000000749800000, 0x0000000749a00000, 0x0000000749a00000|100%| E|CS|TAMS 0x0000000749800000| PB 0x0000000749800000| Complete 
|   7|0x0000000749a00000, 0x0000000749c00000, 0x0000000749c00000|100%| E|CS|TAMS 0x0000000749a00000| PB 0x0000000749a00000| Complete 
|   8|0x0000000749c00000, 0x0000000749e00000, 0x0000000749e00000|100%| E|CS|TAMS 0x0000000749c00000| PB 0x0000000749c00000| Complete 
|   9|0x0000000749e00000, 0x000000074a000000, 0x000000074a000000|100%| E|CS|TAMS 0x0000000749e00000| PB 0x0000000749e00000| Complete 
|  10|0x000000074a000000, 0x000000074a200000, 0x000000074a200000|100%| E|CS|TAMS 0x000000074a000000| PB 0x000000074a000000| Complete 
|  11|0x000000074a200000, 0x000000074a400000, 0x000000074a400000|100%| E|CS|TAMS 0x000000074a200000| PB 0x000000074a200000| Complete 
|  12|0x000000074a400000, 0x000000074a600000, 0x000000074a600000|100%| E|CS|TAMS 0x000000074a400000| PB 0x000000074a400000| Complete 
|  13|0x000000074a600000, 0x000000074a800000, 0x000000074a800000|100%| E|CS|TAMS 0x000000074a600000| PB 0x000000074a600000| Complete 
|  14|0x000000074a800000, 0x000000074aa00000, 0x000000074aa00000|100%| E|CS|TAMS 0x000000074a800000| PB 0x000000074a800000| Complete 
|  15|0x000000074aa00000, 0x000000074ac00000, 0x000000074ac00000|100%| E|CS|TAMS 0x000000074aa00000| PB 0x000000074aa00000| Complete 
|  16|0x000000074ac00000, 0x000000074ae00000, 0x000000074ae00000|100%| E|CS|TAMS 0x000000074ac00000| PB 0x000000074ac00000| Complete 
|  17|0x000000074ae00000, 0x000000074b000000, 0x000000074b000000|100%| E|CS|TAMS 0x000000074ae00000| PB 0x000000074ae00000| Complete 
|  18|0x000000074b000000, 0x000000074b200000, 0x000000074b200000|100%| E|CS|TAMS 0x000000074b000000| PB 0x000000074b000000| Complete 
|  19|0x000000074b200000, 0x000000074b400000, 0x000000074b400000|100%| E|CS|TAMS 0x000000074b200000| PB 0x000000074b200000| Complete 
|  20|0x000000074b400000, 0x000000074b600000, 0x000000074b600000|100%|HS|  |TAMS 0x000000074b400000| PB 0x000000074b400000| Complete 
|  21|0x000000074b600000, 0x000000074b800000, 0x000000074b800000|100%|HC|  |TAMS 0x000000074b600000| PB 0x000000074b600000| Complete 
|  22|0x000000074b800000, 0x000000074ba00000, 0x000000074ba00000|100%| O|  |TAMS 0x000000074b800000| PB 0x000000074b800000| Untracked 
|  23|0x000000074ba00000, 0x000000074bc00000, 0x000000074bc00000|100%| O|  |TAMS 0x000000074ba00000| PB 0x000000074ba00000| Untracked 
|  24|0x000000074bc00000, 0x000000074be00000, 0x000000074be00000|100%| O|  |TAMS 0x000000074bc00000| PB 0x000000074bc00000| Untracked 
|  25|0x000000074be00000, 0x000000074c000000, 0x000000074c000000|100%| O|  |TAMS 0x000000074be00000| PB 0x000000074be00000| Untracked 
|  26|0x000000074c000000, 0x000000074c200000, 0x000000074c200000|100%| O|  |TAMS 0x000000074c000000| PB 0x000000074c000000| Untracked 
|  27|0x000000074c200000, 0x000000074c26ac00, 0x000000074c400000| 20%| O|Cm|TAMS 0x000000074c200000| PB 0x000000074c200000| Complete 
|  28|0x000000074c400000, 0x000000074c600000, 0x000000074c600000|100%| E|CS|TAMS 0x000000074c400000| PB 0x000000074c400000| Complete 
|  29|0x000000074c600000, 0x000000074c800000, 0x000000074c800000|100%| E|CS|TAMS 0x000000074c600000| PB 0x000000074c600000| Complete 
|  30|0x000000074c800000, 0x000000074ca00000, 0x000000074ca00000|100%| E|CS|TAMS 0x000000074c800000| PB 0x000000074c800000| Complete 
|  31|0x000000074ca00000, 0x000000074cc00000, 0x000000074cc00000|100%| E|CS|TAMS 0x000000074ca00000| PB 0x000000074ca00000| Complete 
|  32|0x000000074cc00000, 0x000000074ce00000, 0x000000074ce00000|100%| E|CS|TAMS 0x000000074cc00000| PB 0x000000074cc00000| Complete 
|  33|0x000000074ce00000, 0x000000074d000000, 0x000000074d000000|100%| E|CS|TAMS 0x000000074ce00000| PB 0x000000074ce00000| Complete 
|  34|0x000000074d000000, 0x000000074d200000, 0x000000074d200000|100%| E|CS|TAMS 0x000000074d000000| PB 0x000000074d000000| Complete 
|  35|0x000000074d200000, 0x000000074d400000, 0x000000074d400000|100%| E|CS|TAMS 0x000000074d200000| PB 0x000000074d200000| Complete 
|  36|0x000000074d400000, 0x000000074d600000, 0x000000074d600000|100%| E|CS|TAMS 0x000000074d400000| PB 0x000000074d400000| Complete 
|  37|0x000000074d600000, 0x000000074d800000, 0x000000074d800000|100%| E|CS|TAMS 0x000000074d600000| PB 0x000000074d600000| Complete 
|  38|0x000000074d800000, 0x000000074da00000, 0x000000074da00000|100%| E|CS|TAMS 0x000000074d800000| PB 0x000000074d800000| Complete 
|  39|0x000000074da00000, 0x000000074dc00000, 0x000000074dc00000|100%| E|CS|TAMS 0x000000074da00000| PB 0x000000074da00000| Complete 
|  40|0x000000074dc00000, 0x000000074de00000, 0x000000074de00000|100%| E|CS|TAMS 0x000000074dc00000| PB 0x000000074dc00000| Complete 
|  41|0x000000074de00000, 0x000000074e000000, 0x000000074e000000|100%| E|CS|TAMS 0x000000074de00000| PB 0x000000074de00000| Complete 
|  42|0x000000074e000000, 0x000000074e200000, 0x000000074e200000|100%| E|CS|TAMS 0x000000074e000000| PB 0x000000074e000000| Complete 
|  43|0x000000074e200000, 0x000000074e400000, 0x000000074e400000|100%| E|CS|TAMS 0x000000074e200000| PB 0x000000074e200000| Complete 
|  44|0x000000074e400000, 0x000000074e600000, 0x000000074e600000|100%| E|CS|TAMS 0x000000074e400000| PB 0x000000074e400000| Complete 
|  45|0x000000074e600000, 0x000000074e800000, 0x000000074e800000|100%| E|CS|TAMS 0x000000074e600000| PB 0x000000074e600000| Complete 
|  46|0x000000074e800000, 0x000000074ea00000, 0x000000074ea00000|100%| E|CS|TAMS 0x000000074e800000| PB 0x000000074e800000| Complete 
|  47|0x000000074ea00000, 0x000000074ec00000, 0x000000074ec00000|100%| E|CS|TAMS 0x000000074ea00000| PB 0x000000074ea00000| Complete 
|  85|0x0000000753600000, 0x00000007536a7800, 0x0000000753800000| 32%| E|CS|TAMS 0x0000000753600000| PB 0x0000000753600000| Complete 
|  86|0x0000000753800000, 0x0000000753a00000, 0x0000000753a00000|100%| E|CS|TAMS 0x0000000753800000| PB 0x0000000753800000| Complete 
|  87|0x0000000753a00000, 0x0000000753c00000, 0x0000000753c00000|100%| E|CS|TAMS 0x0000000753a00000| PB 0x0000000753a00000| Complete 
|  88|0x0000000753c00000, 0x0000000753e00000, 0x0000000753e00000|100%| E|CS|TAMS 0x0000000753c00000| PB 0x0000000753c00000| Complete 
|  89|0x0000000753e00000, 0x0000000754000000, 0x0000000754000000|100%| E|CS|TAMS 0x0000000753e00000| PB 0x0000000753e00000| Complete 
|  91|0x0000000754200000, 0x0000000754400000, 0x0000000754400000|100%| E|CS|TAMS 0x0000000754200000| PB 0x0000000754200000| Complete 

Card table byte_map: [0x0000012ec3ff0000,0x0000012ec45b0000] _byte_map_base: 0x0000012ec05aa000

Marking Bits: (CMBitMap*) 0x0000012eaa35f580
 Bits: [0x0000012ec45b0000, 0x0000012ec7380000)

Polling page: 0x0000012eaa3e0000

Metaspace:

Usage:
  Non-class:     24.54 MB used.
      Class:      3.04 MB used.
       Both:     27.58 MB used.

Virtual space:
  Non-class space:       64.00 MB reserved,      24.75 MB ( 39%) committed,  1 nodes.
      Class space:        1.00 GB reserved,       3.25 MB ( <1%) committed,  1 nodes.
             Both:        1.06 GB reserved,      28.00 MB (  3%) committed. 

Chunk freelists:
   Non-Class:  6.61 MB
       Class:  12.72 MB
        Both:  19.33 MB

MaxMetaspaceSize: unlimited
CompressedClassSpaceSize: 1.00 GB
Initial GC threshold: 21.00 MB
Current GC threshold: 39.19 MB
CDS: on
 - commit_granule_bytes: 65536.
 - commit_granule_words: 8192.
 - virtual_space_node_default_size: 8388608.
 - enlarge_chunks_in_place: 1.
 - use_allocation_guard: 0.


Internal statistics:

num_allocs_failed_limit: 24.
num_arena_births: 298.
num_arena_deaths: 0.
num_vsnodes_births: 2.
num_vsnodes_deaths: 0.
num_space_committed: 448.
num_space_uncommitted: 0.
num_chunks_returned_to_freelist: 24.
num_chunks_taken_from_freelist: 1314.
num_chunk_merges: 21.
num_chunk_splits: 941.
num_chunks_enlarged: 721.
num_inconsistent_stats: 0.

CodeHeap 'non-profiled nmethods': size=120000Kb used=4158Kb max_used=4158Kb free=115841Kb
 bounds [0x0000012ebba90000, 0x0000012ebbea0000, 0x0000012ec2fc0000]
CodeHeap 'profiled nmethods': size=120000Kb used=16388Kb max_used=16388Kb free=103611Kb
 bounds [0x0000012eb3fc0000, 0x0000012eb4fd0000, 0x0000012ebb4f0000]
CodeHeap 'non-nmethods': size=5760Kb used=1453Kb max_used=1485Kb free=4306Kb
 bounds [0x0000012ebb4f0000, 0x0000012ebb760000, 0x0000012ebba90000]
 total_blobs=7651 nmethods=7117 adapters=437
 compilation: enabled
              stopped_count=0, restarted_count=0
 full_count=0

Compilation events (20 events):
Event: 52.772 Thread 0x0000012ec9de5a70 7120       3       com.sun.tools.javac.tree.JCTree$JCImport::accept (6 bytes)
Event: 52.772 Thread 0x0000012ec9de5a70 nmethod 7120 0x0000012eb4fbef10 code [0x0000012eb4fbf0c0, 0x0000012eb4fbf2a0]
Event: 52.772 Thread 0x0000012ec9de5a70 7121       3       com.sun.tools.javac.tree.JCTree$Visitor::visitVarDef (6 bytes)
Event: 52.772 Thread 0x0000012ec9de5a70 nmethod 7121 0x0000012eb4fbf390 code [0x0000012eb4fbf540, 0x0000012eb4fbf708]
Event: 52.773 Thread 0x0000012ec9de5a70 7122       3       com.sun.tools.javac.tree.JCTree$Visitor::visitImport (6 bytes)
Event: 52.773 Thread 0x0000012f0f9e9c00 nmethod 7114 0x0000012ebbe9ae90 code [0x0000012ebbe9b040, 0x0000012ebbe9b430]
Event: 52.773 Thread 0x0000012ec9de5a70 nmethod 7122 0x0000012eb4fbf790 code [0x0000012eb4fbf940, 0x0000012eb4fbfb08]
Event: 52.773 Thread 0x0000012ec9de5a70 7124       3       com.sun.tools.javac.code.Symbol::isDirectlyOrIndirectlyLocal (45 bytes)
Event: 52.773 Thread 0x0000012f0f9e9c00 7123       4       com.sun.tools.javac.comp.Enter::visitTree (6 bytes)
Event: 52.773 Thread 0x0000012ec9de5a70 nmethod 7124 0x0000012eb4fbfb90 code [0x0000012eb4fbfd60, 0x0000012eb4fc0148]
Event: 52.774 Thread 0x0000012f0f9e9c00 nmethod 7123 0x0000012ebbe9b590 code [0x0000012ebbe9b720, 0x0000012ebbe9b800]
Event: 52.774 Thread 0x0000012f0f9e9c00 7092       4       java.util.LinkedList::linkLast (59 bytes)
Event: 52.777 Thread 0x0000012f0f9e9c00 nmethod 7092 0x0000012ebbe9b890 code [0x0000012ebbe9ba20, 0x0000012ebbe9bd40]
Event: 52.860 Thread 0x0000012ec9de4ad0 nmethod 7087 0x0000012ebbe9be10 code [0x0000012ebbe9c240, 0x0000012ebbe9e338]
Event: 53.699 Thread 0x0000012ec9de5a70 7125       3       com.sun.tools.javac.code.Scope$ScopeListenerList::add (20 bytes)
Event: 53.699 Thread 0x0000012ec9de5a70 nmethod 7125 0x0000012eb4fc0310 code [0x0000012eb4fc0500, 0x0000012eb4fc0c70]
Event: 53.699 Thread 0x0000012f0f9e9c00 7126       4       com.sun.tools.javac.code.Scope$ScopeImpl::enter (108 bytes)
Event: 53.699 Thread 0x0000012ec9de5a70 7127       3       com.sun.tools.javac.tree.JCTree$JCCompilationUnit::getTag (4 bytes)
Event: 53.699 Thread 0x0000012ec9de5a70 nmethod 7127 0x0000012eb4fc0f10 code [0x0000012eb4fc10a0, 0x0000012eb4fc11b8]
Event: 53.701 Thread 0x0000012ec9de4ad0 7128       4       com.sun.tools.javac.comp.Check::checkDisjoint (53 bytes)

GC Heap History (11 events):
Event: 2.962 GC heap before
{Heap before GC invocations=0 (full 0):
 garbage-first heap   total 188416K, used 22528K [0x0000000748c00000, 0x0000000800000000)
  region size 2048K, 11 young (22528K), 0 survivors (0K)
 Metaspace       used 5604K, committed 5824K, reserved 1114112K
  class space    used 645K, committed 768K, reserved 1048576K
}
Event: 3.298 GC heap after
{Heap after GC invocations=1 (full 0):
 garbage-first heap   total 188416K, used 3840K [0x0000000748c00000, 0x0000000800000000)
  region size 2048K, 2 young (4096K), 2 survivors (4096K)
 Metaspace       used 5604K, committed 5824K, reserved 1114112K
  class space    used 645K, committed 768K, reserved 1048576K
}
Event: 5.060 GC heap before
{Heap before GC invocations=1 (full 0):
 garbage-first heap   total 188416K, used 34560K [0x0000000748c00000, 0x0000000800000000)
  region size 2048K, 17 young (34816K), 2 survivors (4096K)
 Metaspace       used 9469K, committed 9664K, reserved 1114112K
  class space    used 1108K, committed 1216K, reserved 1048576K
}
Event: 5.072 GC heap after
{Heap after GC invocations=2 (full 0):
 garbage-first heap   total 188416K, used 5238K [0x0000000748c00000, 0x0000000800000000)
  region size 2048K, 1 young (2048K), 1 survivors (2048K)
 Metaspace       used 9469K, committed 9664K, reserved 1114112K
  class space    used 1108K, committed 1216K, reserved 1048576K
}
Event: 15.846 GC heap before
{Heap before GC invocations=2 (full 0):
 garbage-first heap   total 188416K, used 115830K [0x0000000748c00000, 0x0000000800000000)
  region size 2048K, 55 young (112640K), 1 survivors (2048K)
 Metaspace       used 16424K, committed 16704K, reserved 1114112K
  class space    used 1852K, committed 1984K, reserved 1048576K
}
Event: 15.867 GC heap after
{Heap after GC invocations=3 (full 0):
 garbage-first heap   total 188416K, used 15860K [0x0000000748c00000, 0x0000000800000000)
  region size 2048K, 6 young (12288K), 6 survivors (12288K)
 Metaspace       used 16424K, committed 16704K, reserved 1114112K
  class space    used 1852K, committed 1984K, reserved 1048576K
}
Event: 32.243 GC heap before
{Heap before GC invocations=3 (full 0):
 garbage-first heap   total 188416K, used 155124K [0x0000000748c00000, 0x0000000800000000)
  region size 2048K, 55 young (112640K), 6 survivors (12288K)
 Metaspace       used 20668K, committed 20992K, reserved 1114112K
  class space    used 2301K, committed 2432K, reserved 1048576K
}
Event: 32.283 GC heap after
{Heap after GC invocations=4 (full 0):
 garbage-first heap   total 188416K, used 29099K [0x0000000748c00000, 0x0000000800000000)
  region size 2048K, 3 young (6144K), 3 survivors (6144K)
 Metaspace       used 20668K, committed 20992K, reserved 1114112K
  class space    used 2301K, committed 2432K, reserved 1048576K
}
Event: 32.581 GC heap before
{Heap before GC invocations=4 (full 0):
 garbage-first heap   total 188416K, used 31147K [0x0000000748c00000, 0x0000000800000000)
  region size 2048K, 5 young (10240K), 3 survivors (6144K)
 Metaspace       used 21211K, committed 21504K, reserved 1114112K
  class space    used 2379K, committed 2496K, reserved 1048576K
}
Event: 32.594 GC heap after
{Heap after GC invocations=5 (full 0):
 garbage-first heap   total 188416K, used 27721K [0x0000000748c00000, 0x0000000800000000)
  region size 2048K, 5 young (10240K), 5 survivors (10240K)
 Metaspace       used 21211K, committed 21504K, reserved 1114112K
  class space    used 2379K, committed 2496K, reserved 1048576K
}
Event: 53.701 GC heap before
{Heap before GC invocations=6 (full 0):
 garbage-first heap   total 110592K, used 99401K [0x0000000748c00000, 0x0000000800000000)
  region size 2048K, 40 young (81920K), 5 survivors (10240K)
 Metaspace       used 28242K, committed 28672K, reserved 1114112K
  class space    used 3112K, committed 3328K, reserved 1048576K
}

Dll operation events (8 events):
Event: 0.075 Loaded shared library C:\Program Files\Java\jdk-21\bin\java.dll
Event: 0.559 Loaded shared library C:\Program Files\Java\jdk-21\bin\jsvml.dll
Event: 0.568 Loaded shared library C:\Program Files\Java\jdk-21\bin\net.dll
Event: 0.571 Loaded shared library C:\Program Files\Java\jdk-21\bin\nio.dll
Event: 0.578 Loaded shared library C:\Program Files\Java\jdk-21\bin\zip.dll
Event: 1.066 Loaded shared library C:\Users\2oleg\Downloads\apache-maven-3.9.11-bin\apache-maven-3.9.11\lib\jansi-native\Windows\x86_64\jansi.dll
Event: 1.129 Loaded shared library C:\Program Files\Java\jdk-21\bin\verify.dll
Event: 1.200 Loaded shared library C:\Program Files\Java\jdk-21\bin\jimage.dll

Deoptimization events (20 events):
Event: 52.546 Thread 0x0000012eaa103350 Uncommon trap: trap_request=0xffffffde fr.pc=0x0000012ebbdacf74 relative=0x0000000000000054
Event: 52.546 Thread 0x0000012eaa103350 Uncommon trap: reason=class_check action=maybe_recompile pc=0x0000012ebbdacf74 method=java.lang.invoke.DirectMethodHandle.internalMemberName(Ljava/lang/Object;)Ljava/lang/Object; @ 1 c2
Event: 52.546 Thread 0x0000012eaa103350 DEOPT PACKING pc=0x0000012ebbdacf74 sp=0x00000016b74fc180
Event: 52.546 Thread 0x0000012eaa103350 DEOPT UNPACKING pc=0x0000012ebb5446a2 sp=0x00000016b74fc110 mode 2
Event: 52.573 Thread 0x0000012eaa103350 Uncommon trap: trap_request=0xffffffde fr.pc=0x0000012ebbe6d870 relative=0x00000000000004f0
Event: 52.573 Thread 0x0000012eaa103350 Uncommon trap: reason=class_check action=maybe_recompile pc=0x0000012ebbe6d870 method=com.sun.tools.javac.code.Types$15.visitClassType(Lcom/sun/tools/javac/code/Type$ClassType;Ljava/lang/Void;)Lcom/sun/tools/javac/code/Type; @ 19 c2
Event: 52.573 Thread 0x0000012eaa103350 DEOPT PACKING pc=0x0000012ebbe6d870 sp=0x00000016b74fc3b0
Event: 52.573 Thread 0x0000012eaa103350 DEOPT UNPACKING pc=0x0000012ebb5446a2 sp=0x00000016b74fc370 mode 2
Event: 52.573 Thread 0x0000012eaa103350 Uncommon trap: trap_request=0xffffffde fr.pc=0x0000012ebbe6ca3c relative=0x00000000000004dc
Event: 52.573 Thread 0x0000012eaa103350 Uncommon trap: reason=class_check action=maybe_recompile pc=0x0000012ebbe6ca3c method=com.sun.tools.javac.code.Types$16.visitClassType(Lcom/sun/tools/javac/code/Type$ClassType;Ljava/lang/Void;)Lcom/sun/tools/javac/util/List; @ 46 c2
Event: 52.573 Thread 0x0000012eaa103350 DEOPT PACKING pc=0x0000012ebbe6ca3c sp=0x00000016b74fc3f0
Event: 52.573 Thread 0x0000012eaa103350 DEOPT UNPACKING pc=0x0000012ebb5446a2 sp=0x00000016b74fc330 mode 2
Event: 52.762 Thread 0x0000012eaa103350 Uncommon trap: trap_request=0xffffff45 fr.pc=0x0000012ebbe7c228 relative=0x0000000000000108
Event: 52.762 Thread 0x0000012eaa103350 Uncommon trap: reason=unstable_if action=reinterpret pc=0x0000012ebbe7c228 method=com.sun.tools.javac.tree.TreeScanner.scan(Lcom/sun/tools/javac/util/List;)V @ 1 c2
Event: 52.762 Thread 0x0000012eaa103350 DEOPT PACKING pc=0x0000012ebbe7c228 sp=0x00000016b74fcb30
Event: 52.762 Thread 0x0000012eaa103350 DEOPT UNPACKING pc=0x0000012ebb5446a2 sp=0x00000016b74fcac8 mode 2
Event: 52.915 Thread 0x0000012eaa103350 Uncommon trap: trap_request=0xffffff45 fr.pc=0x0000012ebbe9bcec relative=0x00000000000002cc
Event: 52.915 Thread 0x0000012eaa103350 Uncommon trap: reason=unstable_if action=reinterpret pc=0x0000012ebbe9bcec method=java.util.LinkedList.linkLast(Ljava/lang/Object;)V @ 22 c2
Event: 52.915 Thread 0x0000012eaa103350 DEOPT PACKING pc=0x0000012ebbe9bcec sp=0x00000016b74fcf00
Event: 52.915 Thread 0x0000012eaa103350 DEOPT UNPACKING pc=0x0000012ebb5446a2 sp=0x00000016b74fcec0 mode 2

Classes loaded (20 events):
Event: 43.655 Loading class java/nio/file/FileTreeWalker$1
Event: 43.655 Loading class java/nio/file/FileTreeWalker$1 done
Event: 51.833 Loading class java/util/stream/ReduceOps$1
Event: 51.833 Loading class java/util/stream/ReduceOps$1 done
Event: 51.835 Loading class java/util/stream/ReduceOps$1ReducingSink
Event: 51.835 Loading class java/util/stream/ReduceOps$1ReducingSink done
Event: 52.131 Loading class java/util/EnumMap$EntrySet
Event: 52.132 Loading class java/util/EnumMap$EntrySet done
Event: 52.132 Loading class java/util/EnumMap$EntryIterator
Event: 52.132 Loading class java/util/EnumMap$EnumMapIterator
Event: 52.132 Loading class java/util/EnumMap$EnumMapIterator done
Event: 52.132 Loading class java/util/EnumMap$EntryIterator done
Event: 52.132 Loading class java/util/EnumMap$EntryIterator$Entry
Event: 52.132 Loading class java/util/EnumMap$EntryIterator$Entry done
Event: 52.206 Loading class java/text/BreakIterator
Event: 52.206 Loading class java/text/BreakIterator done
Event: 52.339 Loading class java/lang/Byte$ByteCache
Event: 52.339 Loading class java/lang/Byte$ByteCache done
Event: 52.339 Loading class java/lang/Short$ShortCache
Event: 52.339 Loading class java/lang/Short$ShortCache done

Classes unloaded (0 events):
No events

Classes redefined (0 events):
No events

Internal exceptions (20 events):
Event: 52.578 Thread 0x0000012eaa103350 Exception <a 'sun/nio/fs/WindowsException'{0x0000000749862a30}> (0x0000000749862a30) 
thrown [s\open\src\hotspot\share\prims\jni.cpp, line 520]
Event: 52.578 Thread 0x0000012eaa103350 Exception <a 'sun/nio/fs/WindowsException'{0x000000074986a5b0}> (0x000000074986a5b0) 
thrown [s\open\src\hotspot\share\prims\jni.cpp, line 520]
Event: 52.579 Thread 0x0000012eaa103350 Exception <a 'sun/nio/fs/WindowsException'{0x000000074987d890}> (0x000000074987d890) 
thrown [s\open\src\hotspot\share\prims\jni.cpp, line 520]
Event: 52.587 Thread 0x0000012eaa103350 Exception <a 'sun/nio/fs/WindowsException'{0x000000074987f718}> (0x000000074987f718) 
thrown [s\open\src\hotspot\share\prims\jni.cpp, line 520]
Event: 52.588 Thread 0x0000012eaa103350 Exception <a 'sun/nio/fs/WindowsException'{0x0000000749885250}> (0x0000000749885250) 
thrown [s\open\src\hotspot\share\prims\jni.cpp, line 520]
Event: 52.599 Thread 0x0000012eaa103350 Exception <a 'sun/nio/fs/WindowsException'{0x00000007498931b0}> (0x00000007498931b0) 
thrown [s\open\src\hotspot\share\prims\jni.cpp, line 520]
Event: 52.600 Thread 0x0000012eaa103350 Exception <a 'sun/nio/fs/WindowsException'{0x0000000749895020}> (0x0000000749895020) 
thrown [s\open\src\hotspot\share\prims\jni.cpp, line 520]
Event: 52.734 Thread 0x0000012eaa103350 Exception <a 'sun/nio/fs/WindowsException'{0x000000074989b020}> (0x000000074989b020) 
thrown [s\open\src\hotspot\share\prims\jni.cpp, line 520]
Event: 52.735 Thread 0x0000012eaa103350 Exception <a 'sun/nio/fs/WindowsException'{0x00000007498ac9c8}> (0x00000007498ac9c8) 
thrown [s\open\src\hotspot\share\prims\jni.cpp, line 520]
Event: 52.735 Thread 0x0000012eaa103350 Exception <a 'sun/nio/fs/WindowsException'{0x00000007498b1498}> (0x00000007498b1498) 
thrown [s\open\src\hotspot\share\prims\jni.cpp, line 520]
Event: 52.736 Thread 0x0000012eaa103350 Exception <a 'sun/nio/fs/WindowsException'{0x00000007498b7098}> (0x00000007498b7098) 
thrown [s\open\src\hotspot\share\prims\jni.cpp, line 520]
Event: 52.736 Thread 0x0000012eaa103350 Exception <a 'sun/nio/fs/WindowsException'{0x00000007498c67f8}> (0x00000007498c67f8) 
thrown [s\open\src\hotspot\share\prims\jni.cpp, line 520]
Event: 52.742 Thread 0x0000012eaa103350 Exception <a 'sun/nio/fs/WindowsException'{0x00000007498da398}> (0x00000007498da398) 
thrown [s\open\src\hotspot\share\prims\jni.cpp, line 520]
Event: 52.742 Thread 0x0000012eaa103350 Exception <a 'sun/nio/fs/WindowsException'{0x00000007498dde48}> (0x00000007498dde48) 
thrown [s\open\src\hotspot\share\prims\jni.cpp, line 520]
Event: 52.743 Thread 0x0000012eaa103350 Exception <a 'sun/nio/fs/WindowsException'{0x00000007498e69f8}> (0x00000007498e69f8) 
thrown [s\open\src\hotspot\share\prims\jni.cpp, line 520]
Event: 52.743 Thread 0x0000012eaa103350 Exception <a 'sun/nio/fs/WindowsException'{0x00000007498e8868}> (0x00000007498e8868) 
thrown [s\open\src\hotspot\share\prims\jni.cpp, line 520]
Event: 52.743 Thread 0x0000012eaa103350 Exception <a 'sun/nio/fs/WindowsException'{0x00000007498eb980}> (0x00000007498eb980) 
thrown [s\open\src\hotspot\share\prims\jni.cpp, line 520]
Event: 52.744 Thread 0x0000012eaa103350 Exception <a 'sun/nio/fs/WindowsException'{0x00000007498f3450}> (0x00000007498f3450) 
thrown [s\open\src\hotspot\share\prims\jni.cpp, line 520]
Event: 52.768 Thread 0x0000012eaa103350 Exception <a 'sun/nio/fs/WindowsException'{0x000000074998e7e0}> (0x000000074998e7e0) 
thrown [s\open\src\hotspot\share\prims\jni.cpp, line 520]
Event: 52.769 Thread 0x0000012eaa103350 Exception <a 'sun/nio/fs/WindowsException'{0x000000074998f2e0}> (0x000000074998f2e0) 
thrown [s\open\src\hotspot\share\prims\jni.cpp, line 520]

ZGC Phase Switch (0 events):
No events

VM Operations (20 events):
Event: 39.519 Executing VM operation: Cleanup done
Event: 40.520 Executing VM operation: Cleanup
Event: 40.801 Executing VM operation: Cleanup done
Event: 42.802 Executing VM operation: Cleanup
Event: 42.802 Executing VM operation: Cleanup done
Event: 42.810 Executing VM operation: HandshakeAllThreads (Deoptimize)
Event: 42.810 Executing VM operation: HandshakeAllThreads (Deoptimize) done
Event: 43.655 Executing VM operation: HandshakeAllThreads (Deoptimize)
Event: 43.655 Executing VM operation: HandshakeAllThreads (Deoptimize) done
Event: 44.656 Executing VM operation: Cleanup
Event: 44.656 Executing VM operation: Cleanup done
Event: 45.347 Executing VM operation: ICBufferFull
Event: 51.483 Executing VM operation: ICBufferFull done
Event: 51.835 Executing VM operation: HandshakeAllThreads (Deoptimize)
Event: 51.835 Executing VM operation: HandshakeAllThreads (Deoptimize) done
Event: 51.841 Executing VM operation: ICBufferFull
Event: 51.841 Executing VM operation: ICBufferFull done
Event: 52.916 Executing VM operation: ICBufferFull
Event: 53.696 Executing VM operation: ICBufferFull done
Event: 53.701 Executing VM operation: G1CollectForAllocation (G1 Evacuation Pause)

Events (20 events):
Event: 32.210 Thread 0x0000012f0fd73580 Thread exited: 0x0000012f0fd73580
Event: 32.448 Thread 0x0000012f1064d680 Thread exited: 0x0000012f1064d680
Event: 33.132 Thread 0x0000012f107a5da0 Thread added: 0x0000012f107a5da0
Event: 33.553 Thread 0x0000012f107a5da0 Thread exited: 0x0000012f107a5da0
Event: 35.036 Thread 0x0000012f100b7d40 Thread added: 0x0000012f100b7d40
Event: 35.195 Thread 0x0000012f10187910 Thread added: 0x0000012f10187910
Event: 36.664 Thread 0x0000012f10187910 Thread exited: 0x0000012f10187910
Event: 36.664 Thread 0x0000012f100b7d40 Thread exited: 0x0000012f100b7d40
Event: 37.744 Thread 0x0000012f10187910 Thread added: 0x0000012f10187910
Event: 38.111 Thread 0x0000012f10187910 Thread exited: 0x0000012f10187910
Event: 38.128 Thread 0x0000012f10187910 Thread added: 0x0000012f10187910
Event: 39.324 Thread 0x0000012f10187910 Thread exited: 0x0000012f10187910
Event: 40.120 Thread 0x0000012f10187910 Thread added: 0x0000012f10187910
Event: 40.136 Thread 0x0000012f0ff8cf20 Thread added: 0x0000012f0ff8cf20
Event: 41.061 Thread 0x0000012f0ff8cf20 Thread exited: 0x0000012f0ff8cf20
Event: 41.062 Thread 0x0000012f10187910 Thread exited: 0x0000012f10187910
Event: 44.840 Thread 0x0000012f0f9e9c00 Thread added: 0x0000012f0f9e9c00
Event: 45.276 Thread 0x0000012f10970270 Thread added: 0x0000012f10970270
Event: 51.972 Thread 0x0000012f10970270 Thread exited: 0x0000012f10970270
Event: 51.998 Thread 0x0000012f10970270 Thread added: 0x0000012f10970270


Dynamic libraries:
0x00007ff703c60000 - 0x00007ff703c70000 	C:\Program Files\Java\jdk-21\bin\java.exe
0x00007ff9f5930000 - 0x00007ff9f5b28000 	C:\WINDOWS\SYSTEM32\ntdll.dll
0x00007ff9f5400000 - 0x00007ff9f54c2000 	C:\WINDOWS\System32\KERNEL32.DLL
0x00007ff9f3130000 - 0x00007ff9f3426000 	C:\WINDOWS\System32\KERNELBASE.dll
0x00007ff9f3820000 - 0x00007ff9f3920000 	C:\WINDOWS\System32\ucrtbase.dll
0x00007ff9e31d0000 - 0x00007ff9e31eb000 	C:\Program Files\Java\jdk-21\bin\VCRUNTIME140.dll
0x00007ff9e2300000 - 0x00007ff9e2319000 	C:\Program Files\Java\jdk-21\bin\jli.dll
0x00007ff9f3da0000 - 0x00007ff9f3e51000 	C:\WINDOWS\System32\ADVAPI32.dll
0x00007ff9f5820000 - 0x00007ff9f58be000 	C:\WINDOWS\System32\msvcrt.dll
0x00007ff9f4800000 - 0x00007ff9f489f000 	C:\WINDOWS\System32\sechost.dll
0x00007ff9f3c10000 - 0x00007ff9f3d30000 	C:\WINDOWS\System32\RPCRT4.dll
0x00007ff9f3560000 - 0x00007ff9f3587000 	C:\WINDOWS\System32\bcrypt.dll
0x00007ff9f3f40000 - 0x00007ff9f40e1000 	C:\WINDOWS\System32\USER32.dll
0x00007ff9e4da0000 - 0x00007ff9e503b000 	C:\WINDOWS\WinSxS\amd64_microsoft.windows.common-controls_6595b64144ccf1df_6.0.19041.6456_none_60b8a6cb71f64256\COMCTL32.dll
0x00007ff9f3100000 - 0x00007ff9f3122000 	C:\WINDOWS\System32\win32u.dll
0x00007ff9f47c0000 - 0x00007ff9f47eb000 	C:\WINDOWS\System32\GDI32.dll
0x00007ff9f2f90000 - 0x00007ff9f30a9000 	C:\WINDOWS\System32\gdi32full.dll
0x00007ff9ecd10000 - 0x00007ff9ecd1a000 	C:\WINDOWS\SYSTEM32\VERSION.dll
0x00007ff9f3590000 - 0x00007ff9f362d000 	C:\WINDOWS\System32\msvcp_win.dll
0x00007ff9f3f10000 - 0x00007ff9f3f3f000 	C:\WINDOWS\System32\IMM32.DLL
0x00007ff9ed3a0000 - 0x00007ff9ed3ac000 	C:\Program Files\Java\jdk-21\bin\vcruntime140_1.dll
0x00007ff9c7130000 - 0x00007ff9c71be000 	C:\Program Files\Java\jdk-21\bin\msvcp140.dll
0x00007ff98ebe0000 - 0x00007ff98f8fa000 	C:\Program Files\Java\jdk-21\bin\server\jvm.dll
0x00007ff9f4210000 - 0x00007ff9f427b000 	C:\WINDOWS\System32\WS2_32.dll
0x00007ff9f2df0000 - 0x00007ff9f2e3b000 	C:\WINDOWS\SYSTEM32\POWRPROF.dll
0x00007ff9e0140000 - 0x00007ff9e0167000 	C:\WINDOWS\SYSTEM32\WINMM.dll
0x00007ff9f2dd0000 - 0x00007ff9f2de2000 	C:\WINDOWS\SYSTEM32\UMPDC.dll
0x00007ff9f0dc0000 - 0x00007ff9f0dd2000 	C:\WINDOWS\SYSTEM32\kernel.appcore.dll
0x00007ff9ed370000 - 0x00007ff9ed37a000 	C:\Program Files\Java\jdk-21\bin\jimage.dll
0x00007ff9df840000 - 0x00007ff9dfa41000 	C:\WINDOWS\SYSTEM32\DBGHELP.DLL
0x00007ff9dd350000 - 0x00007ff9dd384000 	C:\WINDOWS\SYSTEM32\dbgcore.DLL
0x00007ff9f3630000 - 0x00007ff9f36b2000 	C:\WINDOWS\System32\bcryptPrimitives.dll
0x00007ff9e0be0000 - 0x00007ff9e0bff000 	C:\Program Files\Java\jdk-21\bin\java.dll
0x00007ff9f4930000 - 0x00007ff9f50a0000 	C:\WINDOWS\System32\SHELL32.dll
0x00007ff9f0fc0000 - 0x00007ff9f1765000 	C:\WINDOWS\SYSTEM32\windows.storage.dll
0x00007ff9f50a0000 - 0x00007ff9f53f4000 	C:\WINDOWS\System32\combase.dll
0x00007ff9f28e0000 - 0x00007ff9f290b000 	C:\WINDOWS\SYSTEM32\Wldp.dll
0x00007ff9f46f0000 - 0x00007ff9f47bd000 	C:\WINDOWS\System32\OLEAUT32.dll
0x00007ff9f3920000 - 0x00007ff9f39cd000 	C:\WINDOWS\System32\SHCORE.dll
0x00007ff9f57c0000 - 0x00007ff9f581b000 	C:\WINDOWS\System32\shlwapi.dll
0x00007ff9f2ec0000 - 0x00007ff9f2ee4000 	C:\WINDOWS\SYSTEM32\profapi.dll
0x00007ff9ab440000 - 0x00007ff9ab517000 	C:\Program Files\Java\jdk-21\bin\jsvml.dll
0x00007ff9ebd20000 - 0x00007ff9ebd30000 	C:\Program Files\Java\jdk-21\bin\net.dll
0x00007ff9ec950000 - 0x00007ff9eca5a000 	C:\WINDOWS\SYSTEM32\WINHTTP.dll
0x00007ff9f25f0000 - 0x00007ff9f265a000 	C:\WINDOWS\system32\mswsock.dll
0x00007ff9dbf20000 - 0x00007ff9dbf36000 	C:\Program Files\Java\jdk-21\bin\nio.dll
0x00007ff9d8a60000 - 0x00007ff9d8a78000 	C:\Program Files\Java\jdk-21\bin\zip.dll
0x00007ff9d0da0000 - 0x00007ff9d0dc4000 	C:\Users\2oleg\Downloads\apache-maven-3.9.11-bin\apache-maven-3.9.11\lib\jansi-native\Windows\x86_64\jansi.dll
0x00007ff9e8580000 - 0x00007ff9e8590000 	C:\Program Files\Java\jdk-21\bin\verify.dll

dbghelp: loaded successfully - version: 4.0.5 - missing functions: none
symbol engine: initialized successfully - sym options: 0x614 - pdb path: .;C:\Program Files\Java\jdk-21\bin;C:\WINDOWS\SYSTEM32;C:\WINDOWS\WinSxS\amd64_microsoft.windows.common-controls_6595b64144ccf1df_6.0.19041.6456_none_60b8a6cb71f64256;C:\Program Files\Java\jdk-21\bin\server;C:\Users\2oleg\Downloads\apache-maven-3.9.11-bin\apache-maven-3.9.11\lib\jansi-native\Windows\x86_64

VM Arguments:
jvm_args: --enable-native-access=ALL-UNNAMED -Dclassworlds.conf=C:\Users\2oleg\Downloads\apache-maven-3.9.11-bin\apache-maven-3.9.11\bin\m2.conf -Dmaven.home=C:\Users\2oleg\Downloads\apache-maven-3.9.11-bin\apache-maven-3.9.11 -Dlibrary.jansi.path=C:\Users\2oleg\Downloads\apache-maven-3.9.11-bin\apache-maven-3.9.11\lib\jansi-native -Dmaven.multiModuleProjectDirectory=C:\Users\2oleg\Downloads\Telegram Desktop\Kefir\Backend\TransactionSaga 
java_command: org.codehaus.plexus.classworlds.launcher.Launcher spring-boot:run -Dserver.port=8090 -DskipTests
java_class_path (initial): C:\Users\2oleg\Downloads\apache-maven-3.9.11-bin\apache-maven-3.9.11\boot\plexus-classworlds-2.9.0.jar
Launcher Type: SUN_STANDARD

[Global flags]
     intx CICompilerCount                          = 4                                         {product} {ergonomic}
     uint ConcGCThreads                            = 2                                         {product} {ergonomic}
     uint G1ConcRefinementThreads                  = 8                                         {product} {ergonomic}
   size_t G1HeapRegionSize                         = 2097152                                   {product} {ergonomic}
    uintx GCDrainStackTargetSize                   = 64                                        {product} {ergonomic}
   size_t InitialHeapSize                          = 192937984                                 {product} {ergonomic}
   size_t MarkStackSize                            = 4194304                                   {product} {ergonomic}
   size_t MaxHeapSize                              = 3074424832                                {product} {ergonomic}
   size_t MaxNewSize                               = 1843396608                                {product} {ergonomic}
   size_t MinHeapDeltaBytes                        = 2097152                                   {product} {ergonomic}
   size_t MinHeapSize                              = 8388608                                   {product} {ergonomic}
    uintx NonNMethodCodeHeapSize                   = 5839372                                {pd product} {ergonomic}
    uintx NonProfiledCodeHeapSize                  = 122909434                              {pd product} {ergonomic}
    uintx ProfiledCodeHeapSize                     = 122909434                              {pd product} {ergonomic}
    uintx ReservedCodeCacheSize                    = 251658240                              {pd product} {ergonomic}
     bool SegmentedCodeCache                       = true                                      {product} {ergonomic}
   size_t SoftMaxHeapSize                          = 3074424832                             {manageable} {ergonomic}
     bool UseCompressedOops                        = true                           {product lp64_product} {ergonomic}
     bool UseG1GC                                  = true                                      {product} {ergonomic}
     bool UseLargePagesIndividualAllocation        = false                                  {pd product} {ergonomic}

Logging:
Log output configuration:
 #0: stdout all=warning uptime,level,tags foldmultilines=false
 #1: stderr all=off uptime,level,tags foldmultilines=false

Environment Variables:
JAVA_HOME=C:\Program Files\Java\jdk-21
PATH=C:\Program Files\Common Files\Oracle\Java\javapath;C:\Program Files (x86)\Cuminas\Document Express DjVu Plug-in\;C:\Program Files (x86)\Razer Chroma SDK\bin;C:\Program Files\Razer Chroma SDK\bin;C:\WINDOWS\system32;C:\WINDOWS;C:\WINDOWS\System32\Wbem;C:\WINDOWS\System32\WindowsPowerShell\v1.0\;C:\WINDOWS\System32\OpenSSH\;C:\Program Files (x86)\NVIDIA Corporation\PhysX\Common;C:\WINDOWS\system32\config\systemprofile\AppData\Local\Microsoft\WindowsApps;C:\Program Files (x86)\Razer\ChromaBroadcast\bin;C:\Program Files\Razer\ChromaBroadcast\bin;C:\Users\2oleg\AppData\Local\Microsoft\WindowsApps;C:\Program Files\JetBrains\IntelliJ IDEA Community Edition 2024.3\bin;C:\Users\2oleg\AppData\Local\Programs\Microsoft VS Code\bin;C:\Program Files\Docker\Docker\resources\bin;C:\Users\2oleg\Downloads\curl-8.16.0_6-win64-mingw.zip\curl-8.16.0_6-win64-mingw\bin;C:\Users\2oleg\Downloads\curl-8.16.0_6-win64-mingw\curl-8.16.0_6-win64-mingw\bin;C:\Users\2oleg\Downloads\apache-maven-3.9.11-bin\apache-maven-3.9.11\bin;C:\ProgramData\chocolatey\bin;C:\Users\2oleg\AppData\Roaming\Cloud Foundry;C:\Program Files\Git\cmd;C:\Program Files\nodejs\;C:\Users\2oleg\AppData\Local\Muse Hub\lib;C:\Users\2oleg\AppData\Local\Microsoft\WindowsApps;C:\Program Files\JetBrains\IntelliJ IDEA Community Edition 2025.2.4\bin;C:\Users\2oleg\AppData\Local\Programs\Microsoft VS Code\bin;C:\Program Files\jq.exe;C:\Users\2oleg\AppData\Local\Microsoft\WinGet\Packages\jqlang.jq_Microsoft.Winget.Source_8wekyb3d8bbwe;C:\Program Files\Java\jdk-24;C:\Users\2oleg\Downloads\gradle-9.0.0-bin\gradle-9.0.0\bin;C:\Program Files\Docker\Docker\resources\bin;C:\Users\2oleg\AppData\Local\GitHubDesktop\bin;C:\Users\2oleg\AppData\Roaming\npm
USERNAME=2oleg
OS=Windows_NT
PROCESSOR_IDENTIFIER=Intel64 Family 6 Model 60 Stepping 3, GenuineIntel
TMP=C:\Users\2oleg\AppData\Local\Temp
TEMP=C:\Users\2oleg\AppData\Local\Temp




Periodic native trim disabled

---------------  S Y S T E M  ---------------

OS:
 Windows 10 , 64 bit Build 19041 (10.0.19041.5915)
OS uptime: 10 days 12:22 hours
Hyper-V role detected

CPU: total 8 (initial active 8) (4 cores per cpu, 2 threads per core) family 6 model 60 stepping 3 microcode 0x27, cx8, cmov, fxsr, ht, mmx, sse, sse2, sse3, ssse3, sse4.1, sse4.2, popcnt, lzcnt, tsc, tscinvbit, avx, avx2, aes, erms, clmul, bmi1, bmi2, fma, vzeroupper, clflush, hv, rdtscp, f16c
Processor Information for all 8 processors :
  Max Mhz: 2401, Current Mhz: 2401, Mhz Limit: 2401

Memory: 4k page, system-wide physical 11723M (1166M free)
TotalPageFile size 23723M (AvailPageFile size 18M)
current process WorkingSet (physical memory assigned to process): 238M, peak: 286M
current process commit charge ("private bytes"): 274M, peak: 338M

vm_info: Java HotSpot(TM) 64-Bit Server VM (21.0.7+8-LTS-245) for windows-amd64 JRE (21.0.7+8-LTS-245), built on 2025-02-21T05:11:27Z by "mach5one" with MS VC++ 17.6 (VS2022)

END.
