2025-12-23T09:35:19.079+03:00  INFO 26228 --- [main] c.k.l.l.LauncherServiceApplication       : Starting LauncherServiceApplication using Java 24.0.2 with PID 26228 (C:\Users\2oleg\Downloads\Telegram Desktop\Kefir\Backend\launcher-service\target\classes started by 2oleg in C:\Users\2oleg\Downloads\Telegram Desktop\Kefir\Backend\launcher-service)
2025-12-23T09:35:19.091+03:00  INFO 26228 --- [main] c.k.l.l.LauncherServiceApplication       : No active profile set, falling back to 1 default profile: "default"
2025-12-23T09:35:27.166+03:00  INFO 26228 --- [main] .s.d.r.c.RepositoryConfigurationDelegate : Bootstrapping Spring Data JPA repositories in DEFAULT mode.
2025-12-23T09:35:27.406+03:00  INFO 26228 --- [main] .s.d.r.c.RepositoryConfigurationDelegate : Finished Spring Data repository scanning in 108 ms. Found 0 JPA repository interfaces.
2025-12-23T09:35:30.723+03:00  INFO 26228 --- [main] o.s.b.w.embedded.tomcat.TomcatWebServer  : Tomcat initialized with port(s): 8099 (http)
2025-12-23T09:35:30.753+03:00  INFO 26228 --- [main] o.apache.catalina.core.StandardService   : Starting service [Tomcat]
2025-12-23T09:35:30.754+03:00  INFO 26228 --- [main] o.apache.catalina.core.StandardEngine    : Starting Servlet engine: [Apache Tomcat/10.1.15]
2025-12-23T09:35:31.101+03:00  INFO 26228 --- [main] o.a.c.c.C.[Tomcat].[localhost].[/]       : Initializing Spring embedded WebApplicationContext
2025-12-23T09:35:31.102+03:00  INFO 26228 --- [main] w.s.c.ServletWebServerApplicationContext : Root WebApplicationContext: initialization completed in 11803 ms
2025-12-23T09:35:31.390+03:00  INFO 26228 --- [main] com.zaxxer.hikari.HikariDataSource       : HikariPool-1 - Starting...
2025-12-23T09:35:31.952+03:00  INFO 26228 --- [main] com.zaxxer.hikari.pool.HikariPool        : HikariPool-1 - Added connection conn0: url=jdbc:h2:file:./data/launcherdb user=SA
2025-12-23T09:35:31.956+03:00  INFO 26228 --- [main] com.zaxxer.hikari.HikariDataSource       : HikariPool-1 - Start completed.
2025-12-23T09:35:31.983+03:00  INFO 26228 --- [main] o.s.b.a.h2.H2ConsoleAutoConfiguration    : H2 console available at '/h2-console'. Database available at 'jdbc:h2:file:./data/launcherdb'
2025-12-23T09:35:32.295+03:00  INFO 26228 --- [main] o.hibernate.jpa.internal.util.LogHelper  : HHH000204: Processing PersistenceUnitInfo [name: default]
2025-12-23T09:35:32.400+03:00  INFO 26228 --- [main] org.hibernate.Version                    : HHH000412: Hibernate ORM core version 6.2.13.Final
2025-12-23T09:35:32.405+03:00  INFO 26228 --- [main] org.hibernate.cfg.Environment            : HHH000406: Using bytecode reflection optimizer
2025-12-23T09:35:32.950+03:00  INFO 26228 --- [main] o.s.o.j.p.SpringPersistenceUnitInfo      : No LoadTimeWeaver setup: ignoring JPA class transformer
2025-12-23T09:35:33.027+03:00  WARN 26228 --- [main] org.hibernate.orm.deprecation            : HHH90000025: H2Dialect does not need to be specified explicitly using 'hibernate.dialect' (remove the property setting and it will be selected by default)
2025-12-23T09:35:34.196+03:00  INFO 26228 --- [main] o.h.e.t.j.p.i.JtaPlatformInitiator       : HHH000489: No JTA platform available (set 'hibernate.transaction.jta.platform' to enable JTA platform integration)
2025-12-23T09:35:34.259+03:00  INFO 26228 --- [main] j.LocalContainerEntityManagerFactoryBean : Initialized JPA EntityManagerFactory for persistence unit 'default'
2025-12-23T09:35:34.665+03:00  INFO 26228 --- [main] c.k.l.l.controller.DemoController        : DemoController initialized with mission: Demonstrate transaction error and solution
2025-12-23T09:35:34.679+03:00  INFO 26228 --- [main] c.k.l.l.service.ServiceOrchestrator      : === SERVICE ORCHESTRATOR INITIALIZATION ===
2025-12-23T09:35:34.680+03:00  INFO 26228 --- [main] c.k.l.l.service.ServiceOrchestrator      : Mission: Demonstrate transaction error and solution via Saga
2025-12-23T09:35:38.055+03:00  WARN 26228 --- [main] c.k.l.l.service.ServiceOrchestrator      : ⚠️ Порт 8097 занят внешним процессом (сервис Authentication Service)
2025-12-23T09:35:39.342+03:00  WARN 26228 --- [main] c.k.l.l.service.ServiceOrchestrator      : ⚠️ Порт 8082 занят внешним процессом (сервис Warehouse Service)
2025-12-23T09:35:40.599+03:00  WARN 26228 --- [main] c.k.l.l.service.ServiceOrchestrator      : ⚠️ Порт 8085 занят внешним процессом (сервис Office Management Service)
2025-12-23T09:35:41.877+03:00  WARN 26228 --- [main] c.k.l.l.service.ServiceOrchestrator      : ⚠️ Порт 8086 занят внешним процессом (сервис Collector Service)
2025-12-23T09:35:43.201+03:00  WARN 26228 --- [main] c.k.l.l.service.ServiceOrchestrator      : ⚠️ Порт 8090 занят внешним процессом (сервис Transaction Saga Service)
2025-12-23T09:35:44.504+03:00  WARN 26228 --- [main] c.k.l.l.service.ServiceOrchestrator      : ⚠️ Порт 8080 занят внешним процессом (сервис API Gateway)
2025-12-23T09:35:44.505+03:00  INFO 26228 --- [main] c.k.l.l.service.ServiceOrchestrator      : Инициализировано 9 статусов сервисов
2025-12-23T09:35:44.505+03:00  INFO 26228 --- [main] c.k.l.l.service.ServiceOrchestrator      : Автостарт отключен. Сервисы будут запускаться по требованию.
2025-12-23T09:35:44.511+03:00  INFO 26228 --- [main] c.k.l.l.controller.DemoController        : 🚀 Initializing DemoController for KEFIR mission...
2025-12-23T09:35:44.511+03:00  INFO 26228 --- [main] c.k.l.l.controller.DemoController        : 📌 РЕЖИМ: Только мониторинг, НЕ управление процессами!
2025-12-23T09:35:44.511+03:00  INFO 26228 --- [main] c.k.l.l.controller.DemoController        : Инициализация информации о сервисах (только мониторинг)...
2025-12-23T09:35:44.512+03:00  INFO 26228 --- [main] c.k.l.l.controller.DemoController        :    ❌ Launcher Service (порт 8099) не запущен
2025-12-23T09:35:44.513+03:00  INFO 26228 --- [main] c.k.l.l.controller.DemoController        :    ✅ API Gateway (порт 8080) запущен
2025-12-23T09:35:44.514+03:00  INFO 26228 --- [main] c.k.l.l.controller.DemoController        :    ✅ Authentication Service (порт 8097) запущен
2025-12-23T09:35:44.525+03:00  INFO 26228 --- [main] c.k.l.l.controller.DemoController        :    ❌ User Management Service (порт 8081) не запущен
2025-12-23T09:35:44.526+03:00  INFO 26228 --- [main] c.k.l.l.controller.DemoController        :    ✅ Warehouse Service (порт 8082) запущен
2025-12-23T09:35:44.536+03:00  INFO 26228 --- [main] c.k.l.l.controller.DemoController        :    ❌ Shopping Cart Service (порт 8083) не запущен
2025-12-23T09:35:44.537+03:00  INFO 26228 --- [main] c.k.l.l.controller.DemoController        :    ✅ Office Management Service (порт 8085) запущен
2025-12-23T09:35:44.538+03:00  INFO 26228 --- [main] c.k.l.l.controller.DemoController        :    ✅ Collector Service (порт 8086) запущен
2025-12-23T09:35:44.548+03:00  INFO 26228 --- [main] c.k.l.l.controller.DemoController        :    ❌ Delivery Service (порт 8088) не запущен
2025-12-23T09:35:44.549+03:00  INFO 26228 --- [main] c.k.l.l.controller.DemoController        :    ✅ Transaction Saga Service (порт 8090) запущен
2025-12-23T09:35:44.549+03:00  INFO 26228 --- [main] c.k.l.l.controller.DemoController        : Мониторинг инициализирован для 10 сервисов
2025-12-23T09:35:44.551+03:00  INFO 26228 --- [main] c.k.l.l.controller.DemoController        : 🚀 Фоновые задачи мониторинга запущены (пассивный режим)
2025-12-23T09:35:44.551+03:00  INFO 26228 --- [main] c.k.l.l.controller.DemoController        : ✅ DemoController initialized
2025-12-23T09:35:44.551+03:00  INFO 26228 --- [main] c.k.l.l.controller.DemoController        :    Mission: Demonstrate transaction error → Solution via Saga
2025-12-23T09:35:44.551+03:00  INFO 26228 --- [main] c.k.l.l.controller.DemoController        :    Key Ports: Saga(8090), Warehouse(8082), Cart(8083), Collector(8086)
2025-12-23T09:35:44.551+03:00  INFO 26228 --- [main] c.k.l.l.controller.DemoController        :    ❗ Важно: ServiceOrchestrator управляет сервисами, DemoController только мониторит
2025-12-23T09:35:44.564+03:00  INFO 26228 --- [main] c.k.l.l.service.ServiceMonitor           : Service Monitor initialized
2025-12-23T09:35:44.572+03:00  WARN 26228 --- [main] ConfigServletWebServerApplicationContext : Exception encountered during context initialization - cancelling refresh attempt: org.springframework.beans.factory.UnsatisfiedDependencyException: Error creating bean with name 'unifiedDemoService': Unsatisfied dependency expressed through field 'restTemplate': No qualifying bean of type 'org.springframework.web.client.RestTemplate' available: expected at least 1 bean which qualifies as autowire candidate. Dependency annotations: {@org.springframework.beans.factory.annotation.Autowired(required=true)}
2025-12-23T09:35:44.572+03:00  INFO 26228 --- [main] c.k.l.l.controller.DemoController        : 🧹 Shutting down DemoController...
2025-12-23T09:35:44.573+03:00  INFO 26228 --- [main] c.k.l.l.controller.DemoController        : ✅ DemoController shutdown complete
2025-12-23T09:35:44.574+03:00  INFO 26228 --- [main] j.LocalContainerEntityManagerFactoryBean : Closing JPA EntityManagerFactory for persistence unit 'default'
2025-12-23T09:35:44.578+03:00  INFO 26228 --- [main] com.zaxxer.hikari.HikariDataSource       : HikariPool-1 - Shutdown initiated...
2025-12-23T09:35:44.603+03:00  INFO 26228 --- [main] com.zaxxer.hikari.HikariDataSource       : HikariPool-1 - Shutdown completed.
2025-12-23T09:35:44.607+03:00  INFO 26228 --- [main] o.apache.catalina.core.StandardService   : Stopping service [Tomcat]
2025-12-23T09:35:44.634+03:00  INFO 26228 --- [main] .s.b.a.l.ConditionEvaluationReportLogger : 

Error starting ApplicationContext. To display the condition evaluation report re-run your application with 'debug' enabled.
2025-12-23T09:35:44.673+03:00 ERROR 26228 --- [main] o.s.b.d.LoggingFailureAnalysisReporter   : 

***************************
APPLICATION FAILED TO START
***************************

Description:

Field restTemplate in com.kefir.logistics.launcher_service.service.UnifiedDemoService required a bean of type 'org.springframework.web.client.RestTemplate' that could not be found.

The injection point has the following annotations:
	- @org.springframework.beans.factory.annotation.Autowired(required=true)


Action:

Consider defining a bean of type 'org.springframework.web.client.RestTemplate' in your configuration.

