#
# There is insufficient memory for the Java Runtime Environment to continue.
# Native memory allocation (mmap) failed to map 65536 bytes for Failed to commit metaspace.
# Possible reasons:
#   The system is out of physical RAM or swap space
#   The process is running with CompressedOops enabled, and the Java Heap may be blocking the growth of the native heap
# Possible solutions:
#   Reduce memory load on the system
#   Increase physical memory or swap space
#   Check if swap backing store is full
#   Decrease Java heap size (-Xmx/-Xms)
#   Decrease number of Java threads
#   Decrease Java thread stack sizes (-Xss)
#   Set larger code cache with -XX:ReservedCodeCacheSize=
#   JVM is running with Zero Based Compressed Oops mode in which the Java heap is
#     placed in the first 32GB address space. The Java Heap base address is the
#     maximum limit for the native heap growth. Please use -XX:HeapBaseMinAddress
#     to set the Java Heap base and to place the Java Heap above 32GB virtual address.
# This output file may be truncated or incomplete.
#
#  Out of Memory Error (virtualSpaceNode.cpp:112), pid=8712, tid=5864
#
# JRE version: Java(TM) SE Runtime Environment (21.0.7+8) (build 21.0.7+8-LTS-245)
# Java VM: Java HotSpot(TM) 64-Bit Server VM (21.0.7+8-LTS-245, mixed mode, sharing, tiered, compressed oops, compressed class ptrs, g1 gc, windows-amd64)
# No core dump will be written. Minidumps are not enabled by default on client versions of Windows
#

---------------  S U M M A R Y ------------

Command Line: --enable-native-access=ALL-UNNAMED -Dclassworlds.conf=C:\Users\2oleg\Downloads\apache-maven-3.9.11-bin\apache-maven-3.9.11\bin\m2.conf -Dmaven.home=C:\Users\2oleg\Downloads\apache-maven-3.9.11-bin\apache-maven-3.9.11 -Dlibrary.jansi.path=C:\Users\2oleg\Downloads\apache-maven-3.9.11-bin\apache-maven-3.9.11\lib\jansi-native -Dmaven.multiModuleProjectDirectory=C:\Users\2oleg\Downloads\Telegram Desktop\Kefir\Backend\Sklad org.codehaus.plexus.classworlds.launcher.Launcher spring-boot:run -Dserver.port=8082 -DskipTests

Host: Intel(R) Core(TM) i7-4700HQ CPU @ 2.40GHz, 8 cores, 11G,  Windows 10 , 64 bit Build 19041 (10.0.19041.5915)
Time: Mon Dec 15 23:08:37 2025 RTZ 2 (s 10 , 64 bit Build 19041 (10.0.19041.5915) elapsed time: 8.993855 seconds (0d 0h 0m 8s)

---------------  T H R E A D  ---------------

Current thread (0x000002f110de1400):  JavaThread "main"             [_thread_in_vm, id=5864, stack(0x000000f362a00000,0x000000f362b00000) (1024K)]

Stack: [0x000000f362a00000,0x000000f362b00000]
Native frames: (J=compiled Java code, j=interpreted, Vv=VM code, C=native code)
V  [jvm.dll+0x6cae19]
V  [jvm.dll+0x855741]
V  [jvm.dll+0x857c6e]
V  [jvm.dll+0x858343]
V  [jvm.dll+0x27e0b6]
V  [jvm.dll+0x85135e]
V  [jvm.dll+0x66ea55]
V  [jvm.dll+0x1e410c]
V  [jvm.dll+0x1e3ede]
V  [jvm.dll+0x671383]
V  [jvm.dll+0x6711a2]
V  [jvm.dll+0x66f42e]
V  [jvm.dll+0x6797e7]
V  [jvm.dll+0x214ea1]
V  [jvm.dll+0x21532a]
V  [jvm.dll+0x215d51]
V  [jvm.dll+0x20b1ee]
V  [jvm.dll+0x5ad9cc]
V  [jvm.dll+0x7cf846]
V  [jvm.dll+0x471336]
V  [jvm.dll+0x4771b8]
C  [java.dll+0x17ec]

Java frames: (J=compiled Java code, j=interpreted, Vv=VM code)
J 523  java.lang.ClassLoader.defineClass1(Ljava/lang/ClassLoader;Ljava/lang/String;[BIILjava/security/ProtectionDomain;Ljava/lang/String;)Ljava/lang/Class; java.base@21.0.7 (0 bytes) @ 0x000002f12276dd11 [0x000002f12276dc40+0x00000000000000d1]
J 1154 c1 java.lang.ClassLoader.defineClass(Ljava/lang/String;[BIILjava/security/ProtectionDomain;)Ljava/lang/Class; java.base@21.0.7 (43 bytes) @ 0x000002f11aea9a8c [0x000002f11aea9720+0x000000000000036c]
J 1153 c1 java.security.SecureClassLoader.defineClass(Ljava/lang/String;[BIILjava/security/CodeSource;)Ljava/lang/Class; java.base@21.0.7 (16 bytes) @ 0x000002f11aea931c [0x000002f11aea9240+0x00000000000000dc]
J 958 c1 java.net.URLClassLoader.defineClass(Ljava/lang/String;Ljdk/internal/loader/Resource;)Ljava/lang/Class; java.base@21.0.7 (224 bytes) @ 0x000002f11ae42ef4 [0x000002f11ae41bc0+0x0000000000001334]
J 901 c1 java.net.URLClassLoader$1.run()Ljava/lang/Class; java.base@21.0.7 (81 bytes) @ 0x000002f11ae274ec [0x000002f11ae26860+0x0000000000000c8c]
J 900 c1 java.net.URLClassLoader$1.run()Ljava/lang/Object; java.base@21.0.7 (5 bytes) @ 0x000002f11ae262d4 [0x000002f11ae26240+0x0000000000000094]
J 829 c1 java.security.AccessController.doPrivileged(Ljava/security/PrivilegedExceptionAction;Ljava/security/AccessControlContext;)Ljava/lang/Object; java.base@21.0.7 (26 bytes) @ 0x000002f11adeb894 [0x000002f11adeb6a0+0x00000000000001f4]
J 898 c1 java.net.URLClassLoader.findClass(Ljava/lang/String;)Ljava/lang/Class; java.base@21.0.7 (47 bytes) @ 0x000002f11ae25554 [0x000002f11ae253a0+0x00000000000001b4]
J 903 c1 org.codehaus.plexus.classworlds.realm.ClassRealm.loadClassFromSelf(Ljava/lang/String;)Ljava/lang/Class; (40 bytes) @ 0x000002f11ae2a73c [0x000002f11ae2a3a0+0x000000000000039c]
J 857 c1 org.codehaus.plexus.classworlds.strategy.SelfFirstStrategy.loadClass(Ljava/lang/String;)Ljava/lang/Class; (50 bytes) @ 0x000002f11adfbf2c [0x000002f11adfbb40+0x00000000000003ec]
J 575 c1 org.codehaus.plexus.classworlds.realm.ClassRealm.loadClass(Ljava/lang/String;Z)Ljava/lang/Class; (33 bytes) @ 0x000002f11ad5c5e4 [0x000002f11ad5c460+0x0000000000000184]
J 574 c1 org.codehaus.plexus.classworlds.realm.ClassRealm.loadClass(Ljava/lang/String;)Ljava/lang/Class; (7 bytes) @ 0x000002f11ad5c0c4 [0x000002f11ad5bfc0+0x0000000000000104]
v  ~StubRoutines::call_stub 0x000002f1221a100d
j  org.apache.maven.lifecycle.internal.DefaultLifecycleExecutionPlanCalculator.calculateExecutionPlan(Lorg/apache/maven/execution/MavenSession;Lorg/apache/maven/project/MavenProject;Ljava/util/List;Z)Lorg/apache/maven/lifecycle/MavenExecutionPlan;+34
j  org.apache.maven.lifecycle.internal.DefaultLifecycleExecutionPlanCalculator.calculateExecutionPlan(Lorg/apache/maven/execution/MavenSession;Lorg/apache/maven/project/MavenProject;Ljava/util/List;)Lorg/apache/maven/lifecycle/MavenExecutionPlan;+5
j  org.apache.maven.lifecycle.internal.builder.BuilderCommon.resolveBuildPlan(Lorg/apache/maven/execution/MavenSession;Lorg/apache/maven/project/MavenProject;Lorg/apache/maven/lifecycle/internal/TaskSegment;Ljava/util/Set;)Lorg/apache/maven/lifecycle/MavenExecutionPlan;+10
j  org.apache.maven.lifecycle.internal.LifecycleModuleBuilder.buildProject(Lorg/apache/maven/execution/MavenSession;Lorg/apache/maven/execution/MavenSession;Lorg/apache/maven/lifecycle/internal/ReactorContext;Lorg/apache/maven/project/MavenProject;Lorg/apache/maven/lifecycle/internal/TaskSegment;)V+107
j  org.apache.maven.lifecycle.internal.LifecycleModuleBuilder.buildProject(Lorg/apache/maven/execution/MavenSession;Lorg/apache/maven/lifecycle/internal/ReactorContext;Lorg/apache/maven/project/MavenProject;Lorg/apache/maven/lifecycle/internal/TaskSegment;)V+7
j  org.apache.maven.lifecycle.internal.builder.singlethreaded.SingleThreadedBuilder.build(Lorg/apache/maven/execution/MavenSession;Lorg/apache/maven/lifecycle/internal/ReactorContext;Lorg/apache/maven/lifecycle/internal/ProjectBuildList;Ljava/util/List;Lorg/apache/maven/lifecycle/internal/ReactorBuildStatus;)V+77
j  org.apache.maven.lifecycle.internal.LifecycleStarter.execute(Lorg/apache/maven/execution/MavenSession;)V+343
j  org.apache.maven.DefaultMaven.doExecute(Lorg/apache/maven/execution/MavenExecutionRequest;Lorg/apache/maven/execution/MavenSession;Lorg/apache/maven/execution/MavenExecutionResult;Lorg/eclipse/aether/DefaultRepositorySystemSession;)Lorg/apache/maven/execution/MavenExecutionResult;+418
j  org.apache.maven.DefaultMaven.doExecute(Lorg/apache/maven/execution/MavenExecutionRequest;)Lorg/apache/maven/execution/MavenExecutionResult;+98
j  org.apache.maven.DefaultMaven.execute(Lorg/apache/maven/execution/MavenExecutionRequest;)Lorg/apache/maven/execution/MavenExecutionResult;+2
j  org.apache.maven.cli.MavenCli.execute(Lorg/apache/maven/cli/CliRequest;)I+27
j  org.apache.maven.cli.MavenCli.doMain(Lorg/apache/maven/cli/CliRequest;)I+66
j  org.apache.maven.cli.MavenCli.main([Ljava/lang/String;Lorg/codehaus/plexus/classworlds/ClassWorld;)I+24
j  java.lang.invoke.DirectMethodHandle$Holder.invokeStatic(Ljava/lang/Object;Ljava/lang/Object;Ljava/lang/Object;)I+11 java.base@21.0.7
j  java.lang.invoke.LambdaForm$MH+0x000002f132009400.invoke(Ljava/lang/Object;Ljava/lang/Object;Ljava/lang/Object;Ljava/lang/Object;)Ljava/lang/Object;+54 java.base@21.0.7
j  java.lang.invoke.LambdaForm$MH+0x000002f132009800.invokeExact_MT(Ljava/lang/Object;Ljava/lang/Object;Ljava/lang/Object;Ljava/lang/Object;Ljava/lang/Object;)Ljava/lang/Object;+22 java.base@21.0.7
j  jdk.internal.reflect.DirectMethodHandleAccessor.invokeImpl(Ljava/lang/Object;[Ljava/lang/Object;)Ljava/lang/Object;+72 java.base@21.0.7
j  jdk.internal.reflect.DirectMethodHandleAccessor.invoke(Ljava/lang/Object;[Ljava/lang/Object;)Ljava/lang/Object;+23 java.base@21.0.7
j  java.lang.reflect.Method.invoke(Ljava/lang/Object;[Ljava/lang/Object;)Ljava/lang/Object;+102 java.base@21.0.7
j  org.codehaus.plexus.classworlds.launcher.Launcher.launchEnhanced([Ljava/lang/String;)V+45
j  org.codehaus.plexus.classworlds.launcher.Launcher.launch([Ljava/lang/String;)V+2
j  org.codehaus.plexus.classworlds.launcher.Launcher.mainWithExitCode([Ljava/lang/String;)I+108
j  org.codehaus.plexus.classworlds.launcher.Launcher.main([Ljava/lang/String;)V+1
v  ~StubRoutines::call_stub 0x000002f1221a100d

Compiled method (n/a)    9066  523     n 0       java.lang.ClassLoader::defineClass1 (native)
 total in heap  [0x000002f12276da90,0x000002f12276e0f0] = 1632
 relocation     [0x000002f12276dbf0,0x000002f12276dc28] = 56
 main code      [0x000002f12276dc40,0x000002f12276e0ef] = 1199
 stub code      [0x000002f12276e0ef,0x000002f12276e0f0] = 1

[Constant Pool (empty)]

[MachCode]
[Entry Point]
  # {method} {0x000002f131439a30} 'defineClass1' '(Ljava/lang/ClassLoader;Ljava/lang/String;[BIILjava/security/ProtectionDomain;Ljava/lang/String;)Ljava/lang/Class;' in 'java/lang/ClassLoader'
  # parm0:    rdx:rdx   = 'java/lang/ClassLoader'
  # parm1:    r8:r8     = 'java/lang/String'
  # parm2:    r9:r9     = '[B'
  # parm3:    rdi       = int
  # parm4:    rsi       = int
  # parm5:    rcx:rcx   = 'java/security/ProtectionDomain'
  # parm6:    [sp+0xa0]   = 'java/lang/String'  (sp of caller)
  0x000002f12276dc40: 448b 5208 | 49bb 0000 | 0031 f102 | 0000 4d03 | d349 3bc2 | 0f84 0600 

  0x000002f12276dc58: ;   {runtime_call ic_miss_stub}
  0x000002f12276dc58: 0000 e921 | 0ba8 ff90 
[Verified Entry Point]
  0x000002f12276dc60: 8984 2400 | 80ff ff55 | 488b ec48 | 81ec 9000 | 0000 6690 | 4181 7f20 | 0100 0000 

  0x000002f12276dc7c: ;   {runtime_call StubRoutines (final stubs)}
  0x000002f12276dc7c: 7405 e8dd | 70a6 ff48 | 837d 1000 | 488d 4510 | 480f 4445 | 1048 8944 | 2440 4889 | 4c24 7048 
  0x000002f12276dc9c: 83f9 0048 | 8d44 2470 | 480f 4444 | 2470 4889 | 4424 3848 | 8974 2430 | 4889 7c24 | 284c 894c 
  0x000002f12276dcbc: 2458 4983 | f900 488d | 4424 5848 | 0f44 4424 | 5848 8944 | 2420 4c89 | 4424 5049 | 83f8 004c 
  0x000002f12276dcdc: 8d4c 2450 | 4c0f 444c | 2450 4889 | 5424 4848 | 83fa 004c | 8d44 2448 | 4c0f 4444 

  0x000002f12276dcf8: ;   {oop(a 'java/lang/Class'{0x0000000748c2af70} = 'java/lang/ClassLoader')}
  0x000002f12276dcf8: 2448 49be | 70af c248 | 0700 0000 | 4c89 7424 | 784c 8d74 | 2478 498b | d6c5 f877 

  0x000002f12276dd14: ;   {internal_word}
  0x000002f12276dd14: 49ba 11dd | 7622 f102 | 0000 4d89 | 97a0 0300 | 0049 89a7 | 9803 0000 

  0x000002f12276dd2c: ;   {external_word}
  0x000002f12276dd2c: 49ba 2058 | d3a2 f97f | 0000 4180 | 3a00 0f84 | 4e00 0000 | 5241 5041 

  0x000002f12276dd44: ;   {metadata({method} {0x000002f131439a30} 'defineClass1' '(Ljava/lang/ClassLoader;Ljava/lang/String;[BIILjava/security/ProtectionDomain;Ljava/lang/String;)Ljava/lang/Class;' in 'java/lang/ClassLoader')}
  0x000002f12276dd44: 5148 ba28 | 9a43 31f1 | 0200 0049 | 8bcf 4883 | ec20 40f6 | c40f 0f84 | 1900 0000 | 4883 ec08 
  0x000002f12276dd64: ;   {runtime_call}
  0x000002f12276dd64: 48b8 500d | 84a2 f97f | 0000 ffd0 | 4883 c408 | e90c 0000 

  0x000002f12276dd78: ;   {runtime_call}
  0x000002f12276dd78: 0048 b850 | 0d84 a2f9 | 7f00 00ff | d048 83c4 | 2041 5941 | 585a 498d | 8fb8 0300 | 0041 c787 
  0x000002f12276dd98: 4404 0000 | 0400 0000 

  0x000002f12276dda0: ;   {runtime_call}
  0x000002f12276dda0: 48b8 ac16 | 28e2 f97f | 0000 ffd0 | c5f8 7741 | c787 4404 | 0000 0500 | 0000 f083 | 4424 c000 
  0x000002f12276ddc0: 493b af48 | 0400 000f | 870e 0000 | 0041 83bf | 4004 0000 | 000f 842b | 0000 00c5 | f877 4889 
  0x000002f12276dde0: 45f8 498b | cf4c 8be4 | 4883 ec20 | 4883 e4f0 

  0x000002f12276ddf0: ;   {runtime_call}
  0x000002f12276ddf0: 48b8 30b9 | 4fa2 f97f | 0000 ffd0 | 498b e44d | 33e4 488b | 45f8 41c7 | 8744 0400 | 0008 0000 
  0x000002f12276de10: 0041 83bf | c004 0000 | 020f 84a3 

  0x000002f12276de1c: ;   {external_word}
  0x000002f12276de1c: 0200 0049 | ba20 58d3 | a2f9 7f00 | 0041 803a | 000f 844c | 0000 0048 

  0x000002f12276de34: ;   {metadata({method} {0x000002f131439a30} 'defineClass1' '(Ljava/lang/ClassLoader;Ljava/lang/String;[BIILjava/security/ProtectionDomain;Ljava/lang/String;)Ljava/lang/Class;' in 'java/lang/ClassLoader')}
  0x000002f12276de34: 8945 f848 | ba28 9a43 | 31f1 0200 | 0049 8bcf | 4883 ec20 | 40f6 c40f | 0f84 1900 | 0000 4883 
  0x000002f12276de54: ;   {runtime_call}
  0x000002f12276de54: ec08 48b8 | 500d 84a2 | f97f 0000 | ffd0 4883 | c408 e90c 

  0x000002f12276de68: ;   {runtime_call}
  0x000002f12276de68: 0000 0048 | b850 0d84 | a2f9 7f00 | 00ff d048 | 83c4 2048 | 8b45 f849 | c787 9803 | 0000 0000 
  0x000002f12276de88: 0000 49c7 | 87a0 0300 | 0000 0000 | 00c5 f877 | 4885 c00f | 84fe 0100 | 00a8 030f | 8508 0000 
  0x000002f12276dea8: 0048 8b00 | e9ee 0100 | 00a8 010f | 8509 0000 | 0048 8b40 | fee9 dd01 | 0000 488b | 40ff 4180 
  0x000002f12276dec8: 7f40 000f | 84ce 0100 | 0048 83f8 | 000f 84c4 | 0100 0049 | 8b4f 2848 | 83f9 000f | 8414 0000 
  0x000002f12276dee8: 0048 83e9 | 0849 894f | 2849 034f | 3848 8901 | e9a2 0100 | 0048 81ec | d000 0000 | 4889 0424 
  0x000002f12276df08: 4889 4c24 | 0848 8954 | 2410 4889 | 7424 1848 | 897c 2420 | 4c89 4424 | 284c 894c | 2430 4c89 
  0x000002f12276df28: 5424 384c | 895c 2440 | c5fb 1144 | 2450 c5fb | 114c 2458 | c5fb 1154 | 2460 c5fb | 115c 2468 
  0x000002f12276df48: c5fb 1164 | 2470 c5fb | 116c 2478 | c5fb 11b4 | 2480 0000 | 00c5 fb11 | bc24 8800 | 0000 c57b 
  0x000002f12276df68: ;   {no_reloc}
  0x000002f12276df68: 1184 2490 | 0000 00c5 | 7b11 8c24 | 9800 0000 | c57b 1194 | 24a0 0000 | 00c5 7b11 | 9c24 a800 
  0x000002f12276df88: 0000 c57b | 11a4 24b0 | 0000 00c5 | 7b11 ac24 | b800 0000 | c57b 11b4 | 24c0 0000 | 00c5 7b11 
  0x000002f12276dfa8: bc24 c800 | 0000 498b | d748 8bc8 | 4883 ec20 | 40f6 c40f | 0f84 1900 | 0000 4883 

  0x000002f12276dfc4: ;   {runtime_call}
  0x000002f12276dfc4: ec08 48b8 | 90f6 42a2 | f97f 0000 | ffd0 4883 | c408 e90c 

  0x000002f12276dfd8: ;   {runtime_call}
  0x000002f12276dfd8: 0000 0048 | b890 f642 | a2f9 7f00 | 00ff d048 | 83c4 20c5 | 7b10 bc24 | c800 0000 | c57b 10b4 
  0x000002f12276dff8: 24c0 0000 | 00c5 7b10 | ac24 b800 | 0000 c57b | 10a4 24b0 | 0000 00c5 | 7b10 9c24 | a800 0000 
  0x000002f12276e018: c57b 1094 | 24a0 0000 | 00c5 7b10 | 8c24 9800 | 0000 c57b | 1084 2490 | 0000 00c5 | fb10 bc24 
  0x000002f12276e038: 8800 0000 | c5fb 10b4 | 2480 0000 | 00c5 fb10 | 6c24 78c5 | fb10 6424 | 70c5 fb10 | 5c24 68c5 
  0x000002f12276e058: fb10 5424 | 60c5 fb10 | 4c24 58c5 | fb10 4424 | 504c 8b5c | 2440 4c8b | 5424 384c | 8b4c 2430 
  0x000002f12276e078: 4c8b 4424 | 2848 8b7c | 2420 488b | 7424 1848 | 8b54 2410 | 488b 4c24 | 0848 8b04 | 2448 81c4 
  0x000002f12276e098: d000 0000 | c5f8 7749 | 8b8f 2804 | 0000 c781 | 0001 0000 | 0000 0000 | c949 837f | 0800 0f85 
  0x000002f12276e0b8: 0100 0000 

  0x000002f12276e0bc: ;   {runtime_call StubRoutines (initial stubs)}
  0x000002f12276e0bc: c3e9 3e2e | a3ff c5f8 | 7748 8945 | f84c 8be4 | 4883 ec20 | 4883 e4f0 

  0x000002f12276e0d4: ;   {runtime_call}
  0x000002f12276e0d4: 48b8 4045 | 84a2 f97f | 0000 ffd0 | 498b e44d | 33e4 488b | 45f8 e930 | fdff fff4 
[/MachCode]


Compiled method (c1)    9091 1154       3       java.lang.ClassLoader::defineClass (43 bytes)
 total in heap  [0x000002f11aea9510,0x000002f11aea9e78] = 2408
 relocation     [0x000002f11aea9670,0x000002f11aea9710] = 160
 main code      [0x000002f11aea9720,0x000002f11aea9bd0] = 1200
 stub code      [0x000002f11aea9bd0,0x000002f11aea9c48] = 120
 metadata       [0x000002f11aea9c48,0x000002f11aea9c78] = 48
 scopes data    [0x000002f11aea9c78,0x000002f11aea9d68] = 240
 scopes pcs     [0x000002f11aea9d68,0x000002f11aea9e48] = 224
 dependencies   [0x000002f11aea9e48,0x000002f11aea9e50] = 8
 nul chk table  [0x000002f11aea9e50,0x000002f11aea9e78] = 40

[Constant Pool (empty)]

[MachCode]
[Entry Point]
  # {method} {0x000002f131439db0} 'defineClass' '(Ljava/lang/String;[BIILjava/security/ProtectionDomain;)Ljava/lang/Class;' in 'java/lang/ClassLoader'
  # this:     rdx:rdx   = 'java/lang/ClassLoader'
  # parm0:    r8:r8     = 'java/lang/String'
  # parm1:    r9:r9     = '[B'
  # parm2:    rdi       = int
  # parm3:    rsi       = int
  # parm4:    rcx:rcx   = 'java/security/ProtectionDomain'
  #           [sp+0xc0]  (sp of caller)
  0x000002f11aea9720: 448b 5208 | 49bb 0000 | 0031 f102 | 0000 4d03 | d34c 3bd0 

  0x000002f11aea9734: ;   {runtime_call ic_miss_stub}
  0x000002f11aea9734: 0f85 4650 | 3407 660f | 1f44 0000 
[Verified Entry Point]
  0x000002f11aea9740: 8984 2400 | 80ff ff55 | 4881 ecb0 | 0000 0090 | 4181 7f20 | 0100 0000 

  0x000002f11aea9758: ;   {runtime_call StubRoutines (final stubs)}
  0x000002f11aea9758: 7405 e801 | b632 0748 | 8954 2478 

  0x000002f11aea9764: ;   {metadata(method data for {method} {0x000002f131439db0} 'defineClass' '(Ljava/lang/String;[BIILjava/security/ProtectionDomain;)Ljava/lang/Class;' in 'java/lang/ClassLoader')}
  0x000002f11aea9764: 48bb a0e6 | 1b72 f102 | 0000 8b83 | cc00 0000 | 83c0 0289 | 83cc 0000 | 0025 fe07 | 0000 85c0 
  0x000002f11aea9784: 0f84 6803 | 0000 89b4 | 2494 0000 | 0089 bc24 | 9000 0000 | 4c89 8c24 | 8800 0000 

  0x000002f11aea97a0: ;   {metadata(method data for {method} {0x000002f131439db0} 'defineClass' '(Ljava/lang/String;[BIILjava/security/ProtectionDomain;)Ljava/lang/Class;' in 'java/lang/ClassLoader')}
  0x000002f11aea97a0: 488b da48 | b8a0 e61b | 72f1 0200 | 0048 8380 | 1001 0000 | 0149 8bd8 | 4c8b c34c | 8bc9 488b 
  0x000002f11aea97c0: ca48 8bd1 | 4889 9c24 | 8000 0000 

  0x000002f11aea97cc: ;   {optimized virtual_call}
  0x000002f11aea97cc: 6666 90e8 

  0x000002f11aea97d0: ; ImmutableOopMap {[120]=Oop [128]=Oop [136]=Oop }
                      ;*invokevirtual preDefineClass {reexecute=0 rethrow=0 return_oop=0}
                      ; - java.lang.ClassLoader::defineClass@4 (line 1025)
  0x000002f11aea97d0: 4c22 f9ff 

  0x000002f11aea97d4: ;   {other}
  0x000002f11aea97d4: 0f1f 8400 | c402 0000 | 4889 8424 | 9800 0000 | 488b 5424 

  0x000002f11aea97e8: ;   {metadata(method data for {method} {0x000002f131439db0} 'defineClass' '(Ljava/lang/String;[BIILjava/security/ProtectionDomain;)Ljava/lang/Class;' in 'java/lang/ClassLoader')}
  0x000002f11aea97e8: 7849 b8a0 | e61b 72f1 | 0200 0049 | 8380 4801 

  0x000002f11aea97f8: ;   {metadata(method data for {method} {0x000002f131439a98} 'defineClassSourceLocation' '(Ljava/security/ProtectionDomain;)Ljava/lang/String;' in 'java/lang/ClassLoader')}
  0x000002f11aea97f8: 0000 0149 | b880 d41b | 72f1 0200 | 0041 8b90 | cc00 0000 | 83c2 0241 | 8990 cc00 | 0000 81e2 
  0x000002f11aea9818: feff 1f00 | 85d2 0f84 | ef02 0000 

  0x000002f11aea9824: ; implicit exception: dispatches to 0x000002f11aea9b34
  0x000002f11aea9824: 483b 004c 

  0x000002f11aea9828: ;   {metadata(method data for {method} {0x000002f131439a98} 'defineClassSourceLocation' '(Ljava/security/ProtectionDomain;)Ljava/lang/String;' in 'java/lang/ClassLoader')}
  0x000002f11aea9828: 8bc0 48ba | 80d4 1b72 | f102 0000 | 4883 8210 | 0100 0001 | 448b 4010 | 49c1 e003 

  0x000002f11aea9844: ;   {metadata(method data for {method} {0x000002f131439a98} 'defineClassSourceLocation' '(Ljava/security/ProtectionDomain;)Ljava/lang/String;' in 'java/lang/ClassLoader')}
  0x000002f11aea9844: 4d85 c048 | ba80 d41b | 72f1 0200 | 0048 be58 | 0100 0000 | 0000 0075 | 0a48 be48 | 0100 0000 
  0x000002f11aea9864: 0000 0048 | 8b3c 3248 | 8d7f 0148 | 893c 320f | 850f 0000 

  0x000002f11aea9878: ;   {oop(nullptr)}
  0x000002f11aea9878: 0048 bb00 | 0000 0000 | 0000 00e9 | af01 0000 

  0x000002f11aea9888: ; implicit exception: dispatches to 0x000002f11aea9b39
  0x000002f11aea9888: 493b 0049 

  0x000002f11aea988c: ;   {metadata(method data for {method} {0x000002f131439a98} 'defineClassSourceLocation' '(Ljava/security/ProtectionDomain;)Ljava/lang/String;' in 'java/lang/ClassLoader')}
  0x000002f11aea988c: 8bd0 48be | 80d4 1b72 | f102 0000 | 4883 8668 | 0100 0001 | 418b 500c | 48c1 e203 

  0x000002f11aea98a8: ;   {metadata(method data for {method} {0x000002f131439a98} 'defineClassSourceLocation' '(Ljava/security/ProtectionDomain;)Ljava/lang/String;' in 'java/lang/ClassLoader')}
  0x000002f11aea98a8: 4885 d248 | be80 d41b | 72f1 0200 | 0048 bfb0 | 0100 0000 | 0000 0075 | 0a48 bfa0 | 0100 0000 
  0x000002f11aea98c8: 0000 0048 | 8b1c 3e48 | 8d5b 0148 | 891c 3e0f | 850f 0000 

  0x000002f11aea98dc: ;   {oop(nullptr)}
  0x000002f11aea98dc: 0048 bb00 | 0000 0000 | 0000 00e9 | 4b01 0000 

  0x000002f11aea98ec: ;   {metadata(method data for {method} {0x000002f131439a98} 'defineClassSourceLocation' '(Ljava/security/ProtectionDomain;)Ljava/lang/String;' in 'java/lang/ClassLoader')}
  0x000002f11aea98ec: 48be 80d4 | 1b72 f102 | 0000 4883 | 86c0 0100 | 0001 483b | 024c 8bc2 

  0x000002f11aea9904: ;   {metadata(method data for {method} {0x000002f131439a98} 'defineClassSourceLocation' '(Ljava/security/ProtectionDomain;)Ljava/lang/String;' in 'java/lang/ClassLoader')}
  0x000002f11aea9904: 48be 80d4 | 1b72 f102 | 0000 4883 | 86f8 0100 

  0x000002f11aea9914: ;   {metadata(method data for {method} {0x000002f13101a7c0} 'toString' '()Ljava/lang/String;' in 'java/net/URL')}
  0x000002f11aea9914: 0001 49b8 | 280e 1772 | f102 0000 | 418b b0cc | 0000 0083 | c602 4189 | b0cc 0000 | 0081 e6fe 
  0x000002f11aea9934: ff1f 0085 | f60f 8404 | 0200 004c 

  0x000002f11aea9940: ;   {metadata(method data for {method} {0x000002f13101a7c0} 'toString' '()Ljava/lang/String;' in 'java/net/URL')}
  0x000002f11aea9940: 8bc2 48be | 280e 1772 | f102 0000 | 4883 8610 | 0100 0001 

  0x000002f11aea9954: ;   {metadata(method data for {method} {0x000002f13142d6b0} 'toExternalForm' '()Ljava/lang/String;' in 'java/net/URL')}
  0x000002f11aea9954: 49b8 989f | 1272 f102 | 0000 418b | b0cc 0000 | 0083 c602 | 4189 b0cc | 0000 0081 | e6fe ff1f 
  0x000002f11aea9974: 0085 f60f | 84e7 0100 | 008b 7238 | 48c1 e603 

  0x000002f11aea9984: ; implicit exception: dispatches to 0x000002f11aea9b85
  0x000002f11aea9984: 483b 064c 

  0x000002f11aea9988: ;   {metadata(method data for {method} {0x000002f13142d6b0} 'toExternalForm' '()Ljava/lang/String;' in 'java/net/URL')}
  0x000002f11aea9988: 8bc6 48bf | 989f 1272 | f102 0000 | 458b 4008 | 49ba 0000 | 0031 f102 | 0000 4d03 | c24c 3b87 
  0x000002f11aea99a8: 2001 0000 | 750d 4883 | 8728 0100 | 0001 e960 | 0000 004c | 3b87 3001 | 0000 750d | 4883 8738 
  0x000002f11aea99c8: 0100 0001 | e94a 0000 | 0048 83bf | 2001 0000 | 0075 174c | 8987 2001 | 0000 48c7 | 8728 0100 
  0x000002f11aea99e8: 0001 0000 | 00e9 2900 | 0000 4883 | bf30 0100 | 0000 7517 | 4c89 8730 | 0100 0048 | c787 3801 
  0x000002f11aea9a08: 0000 0100 | 0000 e908 | 0000 0048 | 8387 1001 | 0000 014c | 8bc2 488b | d666 0f1f 

  0x000002f11aea9a24: ;   {optimized virtual_call}
  0x000002f11aea9a24: 4400 00e8 

  0x000002f11aea9a28: ; ImmutableOopMap {[120]=Oop [128]=Oop [136]=Oop [152]=Oop }
                      ;*invokevirtual toExternalForm {reexecute=0 rethrow=0 return_oop=0}
                      ; - java.net.URL::toExternalForm@5 (line 1203)
                      ; - java.net.URL::toString@1 (line 1189)
                      ; - java.lang.ClassLoader::defineClassSourceLocation@22 (line 927)
                      ; - java.lang.ClassLoader::defineClass@12 (line 1026)
  0x000002f11aea9a28: f436 ebff 

  0x000002f11aea9a2c: ;   {other}
  0x000002f11aea9a2c: 0f1f 8400 | 1c05 0001 | 488b d848 | 8b84 2498 | 0000 008b | b424 9400 | 0000 8bbc | 2490 0000 
  0x000002f11aea9a4c: 004c 8b8c | 2488 0000 | 004c 8b84 | 2480 0000 | 0048 8b54 

  0x000002f11aea9a60: ;   {metadata(method data for {method} {0x000002f131439db0} 'defineClass' '(Ljava/lang/String;[BIILjava/security/ProtectionDomain;)Ljava/lang/Class;' in 'java/lang/ClassLoader')}
  0x000002f11aea9a60: 2478 48b9 | a0e6 1b72 | f102 0000 | 4883 8180 | 0100 0001 | 4c8b da49 | 8bd3 488b | c848 891c 
  0x000002f11aea9a80: 2466 0f1f 

  0x000002f11aea9a84: ;   {static_call}
  0x000002f11aea9a84: 4400 00e8 

  0x000002f11aea9a88: ; ImmutableOopMap {[120]=Oop [152]=Oop }
                      ;*invokestatic defineClass1 {reexecute=0 rethrow=0 return_oop=0}
                      ; - java.lang.ClassLoader::defineClass@27 (line 1027)
  0x000002f11aea9a88: d441 8c07 

  0x000002f11aea9a8c: ;   {other}
  0x000002f11aea9a8c: 0f1f 8400 | 7c05 0002 | 488b 5424 

  0x000002f11aea9a98: ;   {metadata(method data for {method} {0x000002f131439db0} 'defineClass' '(Ljava/lang/String;[BIILjava/security/ProtectionDomain;)Ljava/lang/Class;' in 'java/lang/ClassLoader')}
  0x000002f11aea9a98: 7849 b8a0 | e61b 72f1 | 0200 0049 | 8380 9001 | 0000 014c | 8bc0 4c8b | 8c24 9800 | 0000 488b 
  0x000002f11aea9ab8: 5424 7848 | 8984 24a0 | 0000 000f 

  0x000002f11aea9ac4: ;   {optimized virtual_call}
  0x000002f11aea9ac4: 1f40 00e8 

  0x000002f11aea9ac8: ; ImmutableOopMap {[160]=Oop }
                      ;*invokevirtual postDefineClass {reexecute=0 rethrow=0 return_oop=0}
                      ; - java.lang.ClassLoader::defineClass@37 (line 1028)
  0x000002f11aea9ac8: 548e f3ff 

  0x000002f11aea9acc: ;   {other}
  0x000002f11aea9acc: 0f1f 8400 | bc05 0003 | 488b 8424 | a000 0000 | 4881 c4b0 | 0000 005d 

  0x000002f11aea9ae4: ;   {poll_return}
  0x000002f11aea9ae4: 493b a748 | 0400 000f | 8799 0000 

  0x000002f11aea9af0: ;   {metadata({method} {0x000002f131439db0} 'defineClass' '(Ljava/lang/String;[BIILjava/security/ProtectionDomain;)Ljava/lang/Class;' in 'java/lang/ClassLoader')}
  0x000002f11aea9af0: 00c3 49ba | a89d 4331 | f102 0000 | 4c89 5424 | 0848 c704 | 24ff ffff 

  0x000002f11aea9b08: ;   {runtime_call counter_overflow Runtime1 stub}
  0x000002f11aea9b08: ffe8 f21b 

  0x000002f11aea9b0c: ; ImmutableOopMap {rdx=Oop r8=Oop r9=Oop rcx=Oop [120]=Oop }
                      ;*synchronization entry
                      ; - java.lang.ClassLoader::defineClass@-1 (line 1025)
  0x000002f11aea9b0c: 4107 e977 

  0x000002f11aea9b10: ;   {metadata({method} {0x000002f131439a98} 'defineClassSourceLocation' '(Ljava/security/ProtectionDomain;)Ljava/lang/String;' in 'java/lang/ClassLoader')}
  0x000002f11aea9b10: fcff ff49 | ba90 9a43 | 31f1 0200 | 004c 8954 | 2408 48c7 | 0424 ffff 

  0x000002f11aea9b28: ;   {runtime_call counter_overflow Runtime1 stub}
  0x000002f11aea9b28: ffff e8d1 

  0x000002f11aea9b2c: ; ImmutableOopMap {rax=Oop [120]=Oop [128]=Oop [136]=Oop [152]=Oop }
                      ;*synchronization entry
                      ; - java.lang.ClassLoader::defineClassSourceLocation@-1 (line 924)
                      ; - java.lang.ClassLoader::defineClass@12 (line 1026)
  0x000002f11aea9b2c: 1b41 07e9 | f0fc ffff 

  0x000002f11aea9b34: ;   {runtime_call throw_null_pointer_exception Runtime1 stub}
  0x000002f11aea9b34: e8c7 ca40 

  0x000002f11aea9b38: ; ImmutableOopMap {rax=Oop [120]=Oop [128]=Oop [136]=Oop [152]=Oop }
                      ;*invokevirtual getCodeSource {reexecute=0 rethrow=0 return_oop=0}
                      ; - java.lang.ClassLoader::defineClassSourceLocation@1 (line 924)
                      ; - java.lang.ClassLoader::defineClass@12 (line 1026)
                      ;   {runtime_call throw_null_pointer_exception Runtime1 stub}
  0x000002f11aea9b38: 07e8 c2ca 

  0x000002f11aea9b3c: ; ImmutableOopMap {rax=Oop r8=Oop [120]=Oop [128]=Oop [136]=Oop [152]=Oop }
                      ;*invokevirtual getLocation {reexecute=0 rethrow=0 return_oop=0}
                      ; - java.lang.ClassLoader::defineClassSourceLocation@12 (line 926)
                      ; - java.lang.ClassLoader::defineClass@12 (line 1026)
                      ;   {runtime_call throw_null_pointer_exception Runtime1 stub}
  0x000002f11aea9b3c: 4007 e8bd 

  0x000002f11aea9b40: ; ImmutableOopMap {rdx=Oop [120]=Oop [128]=Oop [136]=Oop [152]=Oop }
                      ;*invokevirtual toString {reexecute=0 rethrow=0 return_oop=0}
                      ; - java.lang.ClassLoader::defineClassSourceLocation@22 (line 927)
                      ; - java.lang.ClassLoader::defineClass@12 (line 1026)
                      ;   {metadata({method} {0x000002f13101a7c0} 'toString' '()Ljava/lang/String;' in 'java/net/URL')}
  0x000002f11aea9b40: ca40 0749 | bab8 a701 | 31f1 0200 | 004c 8954 | 2408 48c7 | 0424 ffff 

  0x000002f11aea9b58: ;   {runtime_call counter_overflow Runtime1 stub}
  0x000002f11aea9b58: ffff e8a1 

  0x000002f11aea9b5c: ; ImmutableOopMap {rdx=Oop [120]=Oop [128]=Oop [136]=Oop [152]=Oop }
                      ;*synchronization entry
                      ; - java.net.URL::toString@-1 (line 1189)
                      ; - java.lang.ClassLoader::defineClassSourceLocation@22 (line 927)
                      ; - java.lang.ClassLoader::defineClass@12 (line 1026)
  0x000002f11aea9b5c: 1b41 07e9 | dbfd ffff 

  0x000002f11aea9b64: ;   {metadata({method} {0x000002f13142d6b0} 'toExternalForm' '()Ljava/lang/String;' in 'java/net/URL')}
  0x000002f11aea9b64: 49ba a8d6 | 4231 f102 | 0000 4c89 | 5424 0848 | c704 24ff 

  0x000002f11aea9b78: ;   {runtime_call counter_overflow Runtime1 stub}
  0x000002f11aea9b78: ffff ffe8 

  0x000002f11aea9b7c: ; ImmutableOopMap {rdx=Oop [120]=Oop [128]=Oop [136]=Oop [152]=Oop }
                      ;*synchronization entry
                      ; - java.net.URL::toExternalForm@-1 (line 1203)
                      ; - java.net.URL::toString@1 (line 1189)
                      ; - java.lang.ClassLoader::defineClassSourceLocation@22 (line 927)
                      ; - java.lang.ClassLoader::defineClass@12 (line 1026)
  0x000002f11aea9b7c: 801b 4107 | e9f8 fdff 

  0x000002f11aea9b84: ;   {runtime_call throw_null_pointer_exception Runtime1 stub}
  0x000002f11aea9b84: ffe8 76ca 

  0x000002f11aea9b88: ; ImmutableOopMap {rdx=Oop rsi=Oop [120]=Oop [128]=Oop [136]=Oop [152]=Oop }
                      ;*invokevirtual toExternalForm {reexecute=0 rethrow=0 return_oop=0}
                      ; - java.net.URL::toExternalForm@5 (line 1203)
                      ; - java.net.URL::toString@1 (line 1189)
                      ; - java.lang.ClassLoader::defineClassSourceLocation@22 (line 927)
                      ; - java.lang.ClassLoader::defineClass@12 (line 1026)
                      ;   {internal_word}
  0x000002f11aea9b88: 4007 49ba | e49a ea1a | f102 0000 | 4d89 9760 

  0x000002f11aea9b98: ;   {runtime_call SafepointBlob}
  0x000002f11aea9b98: 0400 00e9 | 60bb 3407 | 498b 87f8 | 0400 0049 | c787 f804 | 0000 0000 | 0000 49c7 | 8700 0500 
  0x000002f11aea9bb8: 0000 0000 | 0048 81c4 | b000 0000 

  0x000002f11aea9bc4: ;   {runtime_call unwind_exception Runtime1 stub}
  0x000002f11aea9bc4: 5de9 36bb | 4007 f4f4 | f4f4 f4f4 
[Stub Code]
  0x000002f11aea9bd0: ;   {no_reloc}
  0x000002f11aea9bd0: 0f1f 4400 

  0x000002f11aea9bd4: ;   {static_stub}
  0x000002f11aea9bd4: 0048 bb00 | 0000 0000 

  0x000002f11aea9bdc: ;   {runtime_call}
  0x000002f11aea9bdc: 0000 00e9 | fbff ffff 

  0x000002f11aea9be4: ;   {static_stub}
  0x000002f11aea9be4: 48bb 0000 | 0000 0000 

  0x000002f11aea9bec: ;   {runtime_call}
  0x000002f11aea9bec: 0000 e9fb 

  0x000002f11aea9bf0: ;   {static_stub}
  0x000002f11aea9bf0: ffff ff48 | bb00 0000 | 0000 0000 

  0x000002f11aea9bfc: ;   {runtime_call}
  0x000002f11aea9bfc: 00e9 fbff 

  0x000002f11aea9c00: ;   {static_stub}
  0x000002f11aea9c00: ffff 48bb | 0000 0000 | 0000 0000 

  0x000002f11aea9c0c: ;   {runtime_call}
  0x000002f11aea9c0c: e9fb ffff 

  0x000002f11aea9c10: ;   {runtime_call handle_exception_from_callee Runtime1 stub}
  0x000002f11aea9c10: ffe8 eae7 

  0x000002f11aea9c14: ;   {external_word}
  0x000002f11aea9c14: 4007 48b9 | b048 aba2 | f97f 0000 | 4883 e4f0 

  0x000002f11aea9c24: ;   {runtime_call}
  0x000002f11aea9c24: 48b8 202f | 73a2 f97f | 0000 ffd0 

  0x000002f11aea9c30: ;   {section_word}
  0x000002f11aea9c30: f449 ba31 | 9cea 1af1 | 0200 0041 

  0x000002f11aea9c3c: ;   {runtime_call DeoptimizationBlob}
  0x000002f11aea9c3c: 52e9 5ead | 3407 f4f4 | f4f4 f4f4 
[/MachCode]


Compiled method (c1)    9150 1153       3       java.security.SecureClassLoader::defineClass (16 bytes)
 total in heap  [0x000002f11aea9090,0x000002f11aea9490] = 1024
 relocation     [0x000002f11aea91f0,0x000002f11aea9240] = 80
 main code      [0x000002f11aea9240,0x000002f11aea9398] = 344
 stub code      [0x000002f11aea9398,0x000002f11aea93e8] = 80
 metadata       [0x000002f11aea93e8,0x000002f11aea93f0] = 8
 scopes data    [0x000002f11aea93f0,0x000002f11aea9438] = 72
 scopes pcs     [0x000002f11aea9438,0x000002f11aea9488] = 80
 dependencies   [0x000002f11aea9488,0x000002f11aea9490] = 8

[Constant Pool (empty)]

[MachCode]
[Entry Point]
  # {method} {0x000002f13104d370} 'defineClass' '(Ljava/lang/String;[BIILjava/security/CodeSource;)Ljava/lang/Class;' in 'java/security/SecureClassLoader'
  # this:     rdx:rdx   = 'java/security/SecureClassLoader'
  # parm0:    r8:r8     = 'java/lang/String'
  # parm1:    r9:r9     = '[B'
  # parm2:    rdi       = int
  # parm3:    rsi       = int
  # parm4:    rcx:rcx   = 'java/security/CodeSource'
  #           [sp+0x80]  (sp of caller)
  0x000002f11aea9240: 448b 5208 | 49bb 0000 | 0031 f102 | 0000 4d03 | d34c 3bd0 

  0x000002f11aea9254: ;   {runtime_call ic_miss_stub}
  0x000002f11aea9254: 0f85 2655 | 3407 660f | 1f44 0000 
[Verified Entry Point]
  0x000002f11aea9260: 8984 2400 | 80ff ff55 | 4883 ec70 | 4181 7f20 | 0100 0000 

  0x000002f11aea9274: ;   {runtime_call StubRoutines (final stubs)}
  0x000002f11aea9274: 7405 e8e5 

  0x000002f11aea9278: ;   {metadata(method data for {method} {0x000002f13104d370} 'defineClass' '(Ljava/lang/String;[BIILjava/security/CodeSource;)Ljava/lang/Class;' in 'java/security/SecureClassLoader')}
  0x000002f11aea9278: ba32 0748 | bbb8 e41b | 72f1 0200 | 008b 83cc | 0000 0083 | c002 8983 | cc00 0000 | 25fe 0700 
  0x000002f11aea9298: 0085 c00f | 8496 0000 | 0089 7424 | 5c89 7c24 | 584c 894c | 2450 4c89 | 4424 4848 

  0x000002f11aea92b4: ;   {metadata(method data for {method} {0x000002f13104d370} 'defineClass' '(Ljava/lang/String;[BIILjava/security/CodeSource;)Ljava/lang/Class;' in 'java/security/SecureClassLoader')}
  0x000002f11aea92b4: 8bda 48b8 | b8e4 1b72 | f102 0000 | 4883 8010 | 0100 0001 | 4c8b c148 | 8bc2 488b | d048 8944 
  0x000002f11aea92d4: ;   {optimized virtual_call}
  0x000002f11aea92d4: 2440 90e8 

  0x000002f11aea92d8: ; ImmutableOopMap {[64]=Oop [72]=Oop [80]=Oop }
                      ;*invokevirtual getProtectionDomain {reexecute=0 rethrow=0 return_oop=0}
                      ; - java.security.SecureClassLoader::defineClass@9 (line 150)
  0x000002f11aea92d8: c47d f7ff 

  0x000002f11aea92dc: ;   {other}
  0x000002f11aea92dc: 0f1f 8400 | 4c02 0000 | 488b 5424 

  0x000002f11aea92e8: ;   {metadata(method data for {method} {0x000002f13104d370} 'defineClass' '(Ljava/lang/String;[BIILjava/security/CodeSource;)Ljava/lang/Class;' in 'java/security/SecureClassLoader')}
  0x000002f11aea92e8: 4049 b8b8 | e41b 72f1 | 0200 0049 | 8380 4801 | 0000 014c | 8b44 2448 | 4c8b 4c24 | 508b 7c24 
  0x000002f11aea9308: 588b 7424 | 5c48 8bc8 | 488b 5424 

  0x000002f11aea9314: ;   {optimized virtual_call}
  0x000002f11aea9314: 4066 90e8 

  0x000002f11aea9318: ; ImmutableOopMap {}
                      ;*invokevirtual defineClass {reexecute=0 rethrow=0 return_oop=0}
                      ; - java.security.SecureClassLoader::defineClass@12 (line 150)
  0x000002f11aea9318: 2404 0000 

  0x000002f11aea931c: ;   {other}
  0x000002f11aea931c: 0f1f 8400 | 8c02 0001 | 4883 c470 

  0x000002f11aea9328: ;   {poll_return}
  0x000002f11aea9328: 5d49 3ba7 | 4804 0000 | 0f87 2200 

  0x000002f11aea9334: ;   {metadata({method} {0x000002f13104d370} 'defineClass' '(Ljava/lang/String;[BIILjava/security/CodeSource;)Ljava/lang/Class;' in 'java/security/SecureClassLoader')}
  0x000002f11aea9334: 0000 c349 | ba68 d304 | 31f1 0200 | 004c 8954 | 2408 48c7 | 0424 ffff 

  0x000002f11aea934c: ;   {runtime_call counter_overflow Runtime1 stub}
  0x000002f11aea934c: ffff e8ad 

  0x000002f11aea9350: ; ImmutableOopMap {rdx=Oop r8=Oop r9=Oop rcx=Oop }
                      ;*synchronization entry
                      ; - java.security.SecureClassLoader::defineClass@-1 (line 150)
  0x000002f11aea9350: 2341 07e9 | 49ff ffff 

  0x000002f11aea9358: ;   {internal_word}
  0x000002f11aea9358: 49ba 2993 | ea1a f102 | 0000 4d89 | 9760 0400 

  0x000002f11aea9368: ;   {runtime_call SafepointBlob}
  0x000002f11aea9368: 00e9 92c3 | 3407 498b | 87f8 0400 | 0049 c787 | f804 0000 | 0000 0000 | 49c7 8700 | 0500 0000 
  0x000002f11aea9388: 0000 0048 | 83c4 705d 

  0x000002f11aea9390: ;   {runtime_call unwind_exception Runtime1 stub}
  0x000002f11aea9390: e96b c340 | 07f4 f4f4 
[Stub Code]
  0x000002f11aea9398: ;   {no_reloc}
  0x000002f11aea9398: 48bb 0000 | 0000 0000 

  0x000002f11aea93a0: ;   {runtime_call}
  0x000002f11aea93a0: 0000 e9fb 

  0x000002f11aea93a4: ;   {static_stub}
  0x000002f11aea93a4: ffff ff48 | bb00 0000 | 0000 0000 

  0x000002f11aea93b0: ;   {runtime_call}
  0x000002f11aea93b0: 00e9 fbff 

  0x000002f11aea93b4: ;   {runtime_call handle_exception_from_callee Runtime1 stub}
  0x000002f11aea93b4: ffff e845 

  0x000002f11aea93b8: ;   {external_word}
  0x000002f11aea93b8: f040 0748 | b9b0 48ab | a2f9 7f00 | 0048 83e4 

  0x000002f11aea93c8: ;   {runtime_call}
  0x000002f11aea93c8: f048 b820 | 2f73 a2f9 | 7f00 00ff 

  0x000002f11aea93d4: ;   {section_word}
  0x000002f11aea93d4: d0f4 49ba | d693 ea1a | f102 0000 

  0x000002f11aea93e0: ;   {runtime_call DeoptimizationBlob}
  0x000002f11aea93e0: 4152 e9b9 | b534 07f4 
[/MachCode]


---------------  P R O C E S S  ---------------

Threads class SMR info:
_java_thread_list=0x000002f1762fe5e0, length=12, elements={
0x000002f110de1400, 0x000002f130a8e850, 0x000002f130a8f3a0, 0x000002f130a92310,
0x000002f130a92d60, 0x000002f130a93f50, 0x000002f130a949a0, 0x000002f130a97730,
0x000002f130a9a7c0, 0x000002f1760bcc60, 0x000002f1760bf490, 0x000002f17603ef70
}

Java Threads: ( => current thread )
=>0x000002f110de1400 JavaThread "main"                              [_thread_in_vm, id=5864, stack(0x000000f362a00000,0x000000f362b00000) (1024K)]
  0x000002f130a8e850 JavaThread "Reference Handler"          daemon [_thread_blocked, id=11800, stack(0x000000f363200000,0x000000f363300000) (1024K)]
  0x000002f130a8f3a0 JavaThread "Finalizer"                  daemon [_thread_blocked, id=13596, stack(0x000000f363300000,0x000000f363400000) (1024K)]
  0x000002f130a92310 JavaThread "Signal Dispatcher"          daemon [_thread_blocked, id=16648, stack(0x000000f363400000,0x000000f363500000) (1024K)]
  0x000002f130a92d60 JavaThread "Attach Listener"            daemon [_thread_blocked, id=12060, stack(0x000000f363500000,0x000000f363600000) (1024K)]
  0x000002f130a93f50 JavaThread "Service Thread"             daemon [_thread_blocked, id=20800, stack(0x000000f363600000,0x000000f363700000) (1024K)]
  0x000002f130a949a0 JavaThread "Monitor Deflation Thread"   daemon [_thread_blocked, id=13752, stack(0x000000f363700000,0x000000f363800000) (1024K)]
  0x000002f130a97730 JavaThread "C2 CompilerThread0"         daemon [_thread_blocked, id=29620, stack(0x000000f363800000,0x000000f363900000) (1024K)]
  0x000002f130a9a7c0 JavaThread "C1 CompilerThread0"         daemon [_thread_blocked, id=28384, stack(0x000000f363900000,0x000000f363a00000) (1024K)]
  0x000002f1760bcc60 JavaThread "Notification Thread"        daemon [_thread_blocked, id=24308, stack(0x000000f363a00000,0x000000f363b00000) (1024K)]
  0x000002f1760bf490 JavaThread "Common-Cleaner"             daemon [_thread_blocked, id=21024, stack(0x000000f363b00000,0x000000f363c00000) (1024K)]
  0x000002f17603ef70 JavaThread "Thread-1"                   daemon [_thread_blocked, id=8872, stack(0x000000f363c00000,0x000000f363d00000) (1024K)]
Total: 12

Other Threads:
  0x000002f130a6e880 VMThread "VM Thread"                           [id=2804, stack(0x000000f363100000,0x000000f363200000) (1024K)]
  0x000002f130a5a3c0 WatcherThread "VM Periodic Task Thread"        [id=25656, stack(0x000000f363000000,0x000000f363100000) (1024K)]
  0x000002f11104fef0 WorkerThread "GC Thread#0"                     [id=30164, stack(0x000000f362b00000,0x000000f362c00000) (1024K)]
  0x000002f176be6030 WorkerThread "GC Thread#1"                     [id=26240, stack(0x000000f363e00000,0x000000f363f00000) (1024K)]
  0x000002f176be63d0 WorkerThread "GC Thread#2"                     [id=21296, stack(0x000000f363f00000,0x000000f364000000) (1024K)]
  0x000002f176be6770 WorkerThread "GC Thread#3"                     [id=17372, stack(0x000000f364000000,0x000000f364100000) (1024K)]
  0x000002f176c109a0 WorkerThread "GC Thread#4"                     [id=9656, stack(0x000000f364100000,0x000000f364200000) (1024K)]
  0x000002f176c89f00 WorkerThread "GC Thread#5"                     [id=32016, stack(0x000000f364200000,0x000000f364300000) (1024K)]
  0x000002f176c8a2a0 WorkerThread "GC Thread#6"                     [id=16428, stack(0x000000f364300000,0x000000f364400000) (1024K)]
  0x000002f176c8a640 WorkerThread "GC Thread#7"                     [id=30296, stack(0x000000f364400000,0x000000f364500000) (1024K)]
  0x000002f11105c610 ConcurrentGCThread "G1 Main Marker"            [id=12140, stack(0x000000f362c00000,0x000000f362d00000) (1024K)]
  0x000002f11105d2c0 WorkerThread "G1 Conc#0"                       [id=32496, stack(0x000000f362d00000,0x000000f362e00000) (1024K)]
  0x000002f1110cd620 ConcurrentGCThread "G1 Refine#0"               [id=20804, stack(0x000000f362e00000,0x000000f362f00000) (1024K)]
  0x000002f1110ce190 ConcurrentGCThread "G1 Service"                [id=9396, stack(0x000000f362f00000,0x000000f363000000) (1024K)]
Total: 14

Threads with active compile tasks:
Total: 0

VM state: not at safepoint (normal execution)

VM Mutex/Monitor currently owned by a thread:  ([mutex/lock_event])
[0x00007ff9a2d4be50] Metaspace_lock - owner thread: 0x000002f110de1400

Heap address: 0x0000000748c00000, size: 2932 MB, Compressed Oops mode: Zero based, Oop shift amount: 3

CDS archive(s) mapped at: [0x000002f131000000-0x000002f131c90000-0x000002f131c90000), size 13172736, SharedBaseAddress: 0x000002f131000000, ArchiveRelocationMode: 1.
Compressed class space mapped at: 0x000002f132000000-0x000002f172000000, reserved size: 1073741824
Narrow klass base: 0x000002f131000000, Narrow klass shift: 0, Narrow klass range: 0x100000000

GC Precious Log:
 CardTable entry size: 512
 Card Set container configuration: InlinePtr #cards 4 size 8 Array Of Cards #cards 16 size 48 Howl #buckets 8 coarsen threshold 3686 Howl Bitmap #cards 512 size 80 coarsen threshold 460 Card regions per heap region 1 cards per card region 4096
 CPUs: 8 total, 8 available
 Memory: 11723M
 Large Page Support: Disabled
 NUMA Support: Disabled
 Compressed Oops: Enabled (Zero based)
 Heap Region Size: 2M
 Heap Min Capacity: 8M
 Heap Initial Capacity: 184M
 Heap Max Capacity: 2932M
 Pre-touch: Disabled
 Parallel Workers: 8
 Concurrent Workers: 2
 Concurrent Refinement Workers: 8
 Periodic GC: Disabled

Heap:
 garbage-first heap   total 188416K, used 54640K [0x0000000748c00000, 0x0000000800000000)
  region size 2048K, 26 young (53248K), 1 survivors (2048K)
 Metaspace       used 15675K, committed 15872K, reserved 1114112K
  class space    used 1819K, committed 1920K, reserved 1048576K

Heap Regions: E=young(eden), S=young(survivor), O=old, HS=humongous(starts), HC=humongous(continues), CS=collection set, F=free, TAMS=top-at-mark-start, PB=parsable bottom
|   0|0x0000000748c00000, 0x0000000748e00000, 0x0000000748e00000|100%| O|  |TAMS 0x0000000748c00000| PB 0x0000000748c00000| Untracked 
|   1|0x0000000748e00000, 0x0000000748f767a0, 0x0000000749000000| 73%| O|  |TAMS 0x0000000748e00000| PB 0x0000000748e00000| Untracked 
|   2|0x0000000749000000, 0x0000000749000000, 0x0000000749200000|  0%| F|  |TAMS 0x0000000749000000| PB 0x0000000749000000| Untracked 
|   3|0x0000000749200000, 0x0000000749200000, 0x0000000749400000|  0%| F|  |TAMS 0x0000000749200000| PB 0x0000000749200000| Untracked 
|   4|0x0000000749400000, 0x0000000749400000, 0x0000000749600000|  0%| F|  |TAMS 0x0000000749400000| PB 0x0000000749400000| Untracked 
|   5|0x0000000749600000, 0x0000000749600000, 0x0000000749800000|  0%| F|  |TAMS 0x0000000749600000| PB 0x0000000749600000| Untracked 
|   6|0x0000000749800000, 0x0000000749800000, 0x0000000749a00000|  0%| F|  |TAMS 0x0000000749800000| PB 0x0000000749800000| Untracked 
|   7|0x0000000749a00000, 0x0000000749a00000, 0x0000000749c00000|  0%| F|  |TAMS 0x0000000749a00000| PB 0x0000000749a00000| Untracked 
|   8|0x0000000749c00000, 0x0000000749c00000, 0x0000000749e00000|  0%| F|  |TAMS 0x0000000749c00000| PB 0x0000000749c00000| Untracked 
|   9|0x0000000749e00000, 0x0000000749e00000, 0x000000074a000000|  0%| F|  |TAMS 0x0000000749e00000| PB 0x0000000749e00000| Untracked 
|  10|0x000000074a000000, 0x000000074a000000, 0x000000074a200000|  0%| F|  |TAMS 0x000000074a000000| PB 0x000000074a000000| Untracked 
|  11|0x000000074a200000, 0x000000074a200000, 0x000000074a400000|  0%| F|  |TAMS 0x000000074a200000| PB 0x000000074a200000| Untracked 
|  12|0x000000074a400000, 0x000000074a400000, 0x000000074a600000|  0%| F|  |TAMS 0x000000074a400000| PB 0x000000074a400000| Untracked 
|  13|0x000000074a600000, 0x000000074a600000, 0x000000074a800000|  0%| F|  |TAMS 0x000000074a600000| PB 0x000000074a600000| Untracked 
|  14|0x000000074a800000, 0x000000074a800000, 0x000000074aa00000|  0%| F|  |TAMS 0x000000074a800000| PB 0x000000074a800000| Untracked 
|  15|0x000000074aa00000, 0x000000074aa00000, 0x000000074ac00000|  0%| F|  |TAMS 0x000000074aa00000| PB 0x000000074aa00000| Untracked 
|  16|0x000000074ac00000, 0x000000074ac00000, 0x000000074ae00000|  0%| F|  |TAMS 0x000000074ac00000| PB 0x000000074ac00000| Untracked 
|  17|0x000000074ae00000, 0x000000074ae00000, 0x000000074b000000|  0%| F|  |TAMS 0x000000074ae00000| PB 0x000000074ae00000| Untracked 
|  18|0x000000074b000000, 0x000000074b000000, 0x000000074b200000|  0%| F|  |TAMS 0x000000074b000000| PB 0x000000074b000000| Untracked 
|  19|0x000000074b200000, 0x000000074b200000, 0x000000074b400000|  0%| F|  |TAMS 0x000000074b200000| PB 0x000000074b200000| Untracked 
|  20|0x000000074b400000, 0x000000074b400000, 0x000000074b600000|  0%| F|  |TAMS 0x000000074b400000| PB 0x000000074b400000| Untracked 
|  21|0x000000074b600000, 0x000000074b600000, 0x000000074b800000|  0%| F|  |TAMS 0x000000074b600000| PB 0x000000074b600000| Untracked 
|  22|0x000000074b800000, 0x000000074b800000, 0x000000074ba00000|  0%| F|  |TAMS 0x000000074b800000| PB 0x000000074b800000| Untracked 
|  23|0x000000074ba00000, 0x000000074ba00000, 0x000000074bc00000|  0%| F|  |TAMS 0x000000074ba00000| PB 0x000000074ba00000| Untracked 
|  24|0x000000074bc00000, 0x000000074bc00000, 0x000000074be00000|  0%| F|  |TAMS 0x000000074bc00000| PB 0x000000074bc00000| Untracked 
|  25|0x000000074be00000, 0x000000074be00000, 0x000000074c000000|  0%| F|  |TAMS 0x000000074be00000| PB 0x000000074be00000| Untracked 
|  26|0x000000074c000000, 0x000000074c000000, 0x000000074c200000|  0%| F|  |TAMS 0x000000074c000000| PB 0x000000074c000000| Untracked 
|  27|0x000000074c200000, 0x000000074c200000, 0x000000074c400000|  0%| F|  |TAMS 0x000000074c200000| PB 0x000000074c200000| Untracked 
|  28|0x000000074c400000, 0x000000074c400000, 0x000000074c600000|  0%| F|  |TAMS 0x000000074c400000| PB 0x000000074c400000| Untracked 
|  29|0x000000074c600000, 0x000000074c600000, 0x000000074c800000|  0%| F|  |TAMS 0x000000074c600000| PB 0x000000074c600000| Untracked 
|  30|0x000000074c800000, 0x000000074c800000, 0x000000074ca00000|  0%| F|  |TAMS 0x000000074c800000| PB 0x000000074c800000| Untracked 
|  31|0x000000074ca00000, 0x000000074ca00000, 0x000000074cc00000|  0%| F|  |TAMS 0x000000074ca00000| PB 0x000000074ca00000| Untracked 
|  32|0x000000074cc00000, 0x000000074cc00000, 0x000000074ce00000|  0%| F|  |TAMS 0x000000074cc00000| PB 0x000000074cc00000| Untracked 
|  33|0x000000074ce00000, 0x000000074ce00000, 0x000000074d000000|  0%| F|  |TAMS 0x000000074ce00000| PB 0x000000074ce00000| Untracked 
|  34|0x000000074d000000, 0x000000074d000000, 0x000000074d200000|  0%| F|  |TAMS 0x000000074d000000| PB 0x000000074d000000| Untracked 
|  35|0x000000074d200000, 0x000000074d200000, 0x000000074d400000|  0%| F|  |TAMS 0x000000074d200000| PB 0x000000074d200000| Untracked 
|  36|0x000000074d400000, 0x000000074d400000, 0x000000074d600000|  0%| F|  |TAMS 0x000000074d400000| PB 0x000000074d400000| Untracked 
|  37|0x000000074d600000, 0x000000074d600000, 0x000000074d800000|  0%| F|  |TAMS 0x000000074d600000| PB 0x000000074d600000| Untracked 
|  38|0x000000074d800000, 0x000000074d800000, 0x000000074da00000|  0%| F|  |TAMS 0x000000074d800000| PB 0x000000074d800000| Untracked 
|  39|0x000000074da00000, 0x000000074da00000, 0x000000074dc00000|  0%| F|  |TAMS 0x000000074da00000| PB 0x000000074da00000| Untracked 
|  40|0x000000074dc00000, 0x000000074dc00000, 0x000000074de00000|  0%| F|  |TAMS 0x000000074dc00000| PB 0x000000074dc00000| Untracked 
|  41|0x000000074de00000, 0x000000074de00000, 0x000000074e000000|  0%| F|  |TAMS 0x000000074de00000| PB 0x000000074de00000| Untracked 
|  42|0x000000074e000000, 0x000000074e000000, 0x000000074e200000|  0%| F|  |TAMS 0x000000074e000000| PB 0x000000074e000000| Untracked 
|  43|0x000000074e200000, 0x000000074e200000, 0x000000074e400000|  0%| F|  |TAMS 0x000000074e200000| PB 0x000000074e200000| Untracked 
|  44|0x000000074e400000, 0x000000074e400000, 0x000000074e600000|  0%| F|  |TAMS 0x000000074e400000| PB 0x000000074e400000| Untracked 
|  45|0x000000074e600000, 0x000000074e600000, 0x000000074e800000|  0%| F|  |TAMS 0x000000074e600000| PB 0x000000074e600000| Untracked 
|  46|0x000000074e800000, 0x000000074e800000, 0x000000074ea00000|  0%| F|  |TAMS 0x000000074e800000| PB 0x000000074e800000| Untracked 
|  47|0x000000074ea00000, 0x000000074ea00000, 0x000000074ec00000|  0%| F|  |TAMS 0x000000074ea00000| PB 0x000000074ea00000| Untracked 
|  48|0x000000074ec00000, 0x000000074ec00000, 0x000000074ee00000|  0%| F|  |TAMS 0x000000074ec00000| PB 0x000000074ec00000| Untracked 
|  49|0x000000074ee00000, 0x000000074ee00000, 0x000000074f000000|  0%| F|  |TAMS 0x000000074ee00000| PB 0x000000074ee00000| Untracked 
|  50|0x000000074f000000, 0x000000074f000000, 0x000000074f200000|  0%| F|  |TAMS 0x000000074f000000| PB 0x000000074f000000| Untracked 
|  51|0x000000074f200000, 0x000000074f200000, 0x000000074f400000|  0%| F|  |TAMS 0x000000074f200000| PB 0x000000074f200000| Untracked 
|  52|0x000000074f400000, 0x000000074f400000, 0x000000074f600000|  0%| F|  |TAMS 0x000000074f400000| PB 0x000000074f400000| Untracked 
|  53|0x000000074f600000, 0x000000074f600000, 0x000000074f800000|  0%| F|  |TAMS 0x000000074f600000| PB 0x000000074f600000| Untracked 
|  54|0x000000074f800000, 0x000000074f800000, 0x000000074fa00000|  0%| F|  |TAMS 0x000000074f800000| PB 0x000000074f800000| Untracked 
|  55|0x000000074fa00000, 0x000000074fa00000, 0x000000074fc00000|  0%| F|  |TAMS 0x000000074fa00000| PB 0x000000074fa00000| Untracked 
|  56|0x000000074fc00000, 0x000000074fc00000, 0x000000074fe00000|  0%| F|  |TAMS 0x000000074fc00000| PB 0x000000074fc00000| Untracked 
|  57|0x000000074fe00000, 0x000000074fe00000, 0x0000000750000000|  0%| F|  |TAMS 0x000000074fe00000| PB 0x000000074fe00000| Untracked 
|  58|0x0000000750000000, 0x0000000750000000, 0x0000000750200000|  0%| F|  |TAMS 0x0000000750000000| PB 0x0000000750000000| Untracked 
|  59|0x0000000750200000, 0x0000000750200000, 0x0000000750400000|  0%| F|  |TAMS 0x0000000750200000| PB 0x0000000750200000| Untracked 
|  60|0x0000000750400000, 0x0000000750400000, 0x0000000750600000|  0%| F|  |TAMS 0x0000000750400000| PB 0x0000000750400000| Untracked 
|  61|0x0000000750600000, 0x0000000750600000, 0x0000000750800000|  0%| F|  |TAMS 0x0000000750600000| PB 0x0000000750600000| Untracked 
|  62|0x0000000750800000, 0x0000000750800000, 0x0000000750a00000|  0%| F|  |TAMS 0x0000000750800000| PB 0x0000000750800000| Untracked 
|  63|0x0000000750a00000, 0x0000000750a00000, 0x0000000750c00000|  0%| F|  |TAMS 0x0000000750a00000| PB 0x0000000750a00000| Untracked 
|  64|0x0000000750c00000, 0x0000000750c00000, 0x0000000750e00000|  0%| F|  |TAMS 0x0000000750c00000| PB 0x0000000750c00000| Untracked 
|  65|0x0000000750e00000, 0x0000000750e00000, 0x0000000751000000|  0%| F|  |TAMS 0x0000000750e00000| PB 0x0000000750e00000| Untracked 
|  66|0x0000000751000000, 0x000000075114c660, 0x0000000751200000| 64%| E|  |TAMS 0x0000000751000000| PB 0x0000000751000000| Complete 
|  67|0x0000000751200000, 0x0000000751400000, 0x0000000751400000|100%| E|CS|TAMS 0x0000000751200000| PB 0x0000000751200000| Complete 
|  68|0x0000000751400000, 0x0000000751600000, 0x0000000751600000|100%| E|CS|TAMS 0x0000000751400000| PB 0x0000000751400000| Complete 
|  69|0x0000000751600000, 0x0000000751800000, 0x0000000751800000|100%| E|CS|TAMS 0x0000000751600000| PB 0x0000000751600000| Complete 
|  70|0x0000000751800000, 0x0000000751a00000, 0x0000000751a00000|100%| E|CS|TAMS 0x0000000751800000| PB 0x0000000751800000| Complete 
|  71|0x0000000751a00000, 0x0000000751c00000, 0x0000000751c00000|100%| E|CS|TAMS 0x0000000751a00000| PB 0x0000000751a00000| Complete 
|  72|0x0000000751c00000, 0x0000000751e00000, 0x0000000751e00000|100%| E|CS|TAMS 0x0000000751c00000| PB 0x0000000751c00000| Complete 
|  73|0x0000000751e00000, 0x0000000751fe5880, 0x0000000752000000| 94%| S|CS|TAMS 0x0000000751e00000| PB 0x0000000751e00000| Complete 
|  74|0x0000000752000000, 0x0000000752200000, 0x0000000752200000|100%| E|CS|TAMS 0x0000000752000000| PB 0x0000000752000000| Complete 
|  75|0x0000000752200000, 0x0000000752400000, 0x0000000752400000|100%| E|CS|TAMS 0x0000000752200000| PB 0x0000000752200000| Complete 
|  76|0x0000000752400000, 0x0000000752600000, 0x0000000752600000|100%| E|CS|TAMS 0x0000000752400000| PB 0x0000000752400000| Complete 
|  77|0x0000000752600000, 0x0000000752800000, 0x0000000752800000|100%| E|CS|TAMS 0x0000000752600000| PB 0x0000000752600000| Complete 
|  78|0x0000000752800000, 0x0000000752a00000, 0x0000000752a00000|100%| E|CS|TAMS 0x0000000752800000| PB 0x0000000752800000| Complete 
|  79|0x0000000752a00000, 0x0000000752c00000, 0x0000000752c00000|100%| E|CS|TAMS 0x0000000752a00000| PB 0x0000000752a00000| Complete 
|  80|0x0000000752c00000, 0x0000000752e00000, 0x0000000752e00000|100%| E|CS|TAMS 0x0000000752c00000| PB 0x0000000752c00000| Complete 
|  81|0x0000000752e00000, 0x0000000753000000, 0x0000000753000000|100%| E|CS|TAMS 0x0000000752e00000| PB 0x0000000752e00000| Complete 
|  82|0x0000000753000000, 0x0000000753200000, 0x0000000753200000|100%| E|CS|TAMS 0x0000000753000000| PB 0x0000000753000000| Complete 
|  83|0x0000000753200000, 0x0000000753400000, 0x0000000753400000|100%| E|CS|TAMS 0x0000000753200000| PB 0x0000000753200000| Complete 
|  84|0x0000000753400000, 0x0000000753600000, 0x0000000753600000|100%| E|CS|TAMS 0x0000000753400000| PB 0x0000000753400000| Complete 
|  85|0x0000000753600000, 0x0000000753800000, 0x0000000753800000|100%| E|CS|TAMS 0x0000000753600000| PB 0x0000000753600000| Complete 
|  86|0x0000000753800000, 0x0000000753a00000, 0x0000000753a00000|100%| E|CS|TAMS 0x0000000753800000| PB 0x0000000753800000| Complete 
|  87|0x0000000753a00000, 0x0000000753c00000, 0x0000000753c00000|100%| E|CS|TAMS 0x0000000753a00000| PB 0x0000000753a00000| Complete 
|  88|0x0000000753c00000, 0x0000000753e00000, 0x0000000753e00000|100%| E|CS|TAMS 0x0000000753c00000| PB 0x0000000753c00000| Complete 
|  89|0x0000000753e00000, 0x0000000754000000, 0x0000000754000000|100%| E|CS|TAMS 0x0000000753e00000| PB 0x0000000753e00000| Complete 
|  90|0x0000000754000000, 0x0000000754200000, 0x0000000754200000|100%| E|CS|TAMS 0x0000000754000000| PB 0x0000000754000000| Complete 
|  91|0x0000000754200000, 0x0000000754400000, 0x0000000754400000|100%| E|CS|TAMS 0x0000000754200000| PB 0x0000000754200000| Complete 

Card table byte_map: [0x000002f12aca0000,0x000002f12b260000] _byte_map_base: 0x000002f12725a000

Marking Bits: (CMBitMap*) 0x000002f1110505f0
 Bits: [0x000002f12b260000, 0x000002f12e030000)

Polling page: 0x000002f1110d0000

Metaspace:

Usage:
  Non-class:     13.53 MB used.
      Class:      1.78 MB used.
       Both:     15.31 MB used.

Virtual space:
  Non-class space:       64.00 MB reserved,      13.62 MB ( 21%) committed,  1 nodes.
      Class space:        1.00 GB reserved,       1.88 MB ( <1%) committed,  1 nodes.
             Both:        1.06 GB reserved,      15.50 MB (  1%) committed. 

Chunk freelists:
   Non-Class:  1.98 MB
       Class:  13.95 MB
        Both:  15.94 MB

MaxMetaspaceSize: unlimited
CompressedClassSpaceSize: 1.00 GB
Initial GC threshold: 21.00 MB
Current GC threshold: 21.00 MB
CDS: on
 - commit_granule_bytes: 65536.
 - commit_granule_words: 8192.
 - virtual_space_node_default_size: 8388608.
 - enlarge_chunks_in_place: 1.
 - use_allocation_guard: 0.


Internal statistics:

num_allocs_failed_limit: 0.
num_arena_births: 162.
num_arena_deaths: 0.
num_vsnodes_births: 2.
num_vsnodes_deaths: 0.
num_space_committed: 248.
num_space_uncommitted: 0.
num_chunks_returned_to_freelist: 0.
num_chunks_taken_from_freelist: 669.
num_chunk_merges: 0.
num_chunk_splits: 478.
num_chunks_enlarged: 391.
num_inconsistent_stats: 0.

CodeHeap 'non-profiled nmethods': size=120000Kb used=1545Kb max_used=1545Kb free=118454Kb
 bounds [0x000002f122740000, 0x000002f1229b0000, 0x000002f129c70000]
CodeHeap 'profiled nmethods': size=120000Kb used=7345Kb max_used=7345Kb free=112654Kb
 bounds [0x000002f11ac70000, 0x000002f11b3a0000, 0x000002f1221a0000]
CodeHeap 'non-nmethods': size=5760Kb used=1390Kb max_used=1419Kb free=4370Kb
 bounds [0x000002f1221a0000, 0x000002f122410000, 0x000002f122740000]
 total_blobs=4045 nmethods=3559 adapters=390
 compilation: enabled
              stopped_count=0, restarted_count=0
 full_count=0

Compilation events (20 events):
Event: 8.971 Thread 0x000002f130a9a7c0 nmethod 3551 0x000002f11b398910 code [0x000002f11b398c20, 0x000002f11b399cb8]
Event: 8.971 Thread 0x000002f130a9a7c0 3552       1       org.apache.maven.plugin.descriptor.Parameter::getAlias (5 bytes)
Event: 8.971 Thread 0x000002f130a9a7c0 nmethod 3552 0x000002f1228c0910 code [0x000002f1228c0aa0, 0x000002f1228c0b70]
Event: 8.971 Thread 0x000002f130a9a7c0 3549       1       org.apache.maven.plugin.descriptor.MojoDescriptor::getPluginDescriptor (5 bytes)
Event: 8.971 Thread 0x000002f130a9a7c0 nmethod 3549 0x000002f1228c0c10 code [0x000002f1228c0da0, 0x000002f1228c0e70]
Event: 8.971 Thread 0x000002f130a9a7c0 3555       3       java.util.ArrayList$ListItr::previous (59 bytes)
Event: 8.971 Thread 0x000002f130a9a7c0 nmethod 3555 0x000002f11b39a290 code [0x000002f11b39a480, 0x000002f11b39a968]
Event: 8.971 Thread 0x000002f130a9a7c0 3553       1       java.util.stream.Streams$AbstractStreamBuilderImpl::characteristics (4 bytes)
Event: 8.971 Thread 0x000002f130a97730 nmethod 3550 0x000002f1228c0f10 code [0x000002f1228c10a0, 0x000002f1228c12d8]
Event: 8.971 Thread 0x000002f130a9a7c0 nmethod 3553 0x000002f1228c1410 code [0x000002f1228c15a0, 0x000002f1228c1668]
Event: 8.972 Thread 0x000002f130a97730 3554       4       java.util.ArrayList$Itr::checkForComodification (23 bytes)
Event: 8.972 Thread 0x000002f130a9a7c0 3557       3       org.codehaus.plexus.util.StringUtils::isEmpty (17 bytes)
Event: 8.972 Thread 0x000002f130a9a7c0 nmethod 3557 0x000002f11b39ab90 code [0x000002f11b39ad40, 0x000002f11b39af80]
Event: 8.972 Thread 0x000002f130a9a7c0 3559       3       org.codehaus.plexus.util.xml.Xpp3Dom::getChild (60 bytes)
Event: 8.972 Thread 0x000002f130a9a7c0 nmethod 3559 0x000002f11b39b090 code [0x000002f11b39b2c0, 0x000002f11b39b9b0]
Event: 8.972 Thread 0x000002f130a97730 nmethod 3554 0x000002f1228c1710 code [0x000002f1228c18a0, 0x000002f1228c1960]
Event: 8.972 Thread 0x000002f130a9a7c0 3558       3       java.util.ArrayList::listIterator (15 bytes)
Event: 8.972 Thread 0x000002f130a97730 3556       4       org.codehaus.plexus.util.xml.Xpp3Dom::addChild (17 bytes)
Event: 8.973 Thread 0x000002f130a9a7c0 nmethod 3558 0x000002f11b39bb90 code [0x000002f11b39bd80, 0x000002f11b39c2e8]
Event: 8.973 Thread 0x000002f130a9a7c0 3560       1       org.apache.maven.plugin.descriptor.Parameter::getImplementation (5 bytes)

GC Heap History (4 events):
Event: 3.344 GC heap before
{Heap before GC invocations=0 (full 0):
 garbage-first heap   total 188416K, used 22528K [0x0000000748c00000, 0x0000000800000000)
  region size 2048K, 11 young (22528K), 0 survivors (0K)
 Metaspace       used 5616K, committed 5824K, reserved 1114112K
  class space    used 645K, committed 768K, reserved 1048576K
}
Event: 3.519 GC heap after
{Heap after GC invocations=1 (full 0):
 garbage-first heap   total 188416K, used 3584K [0x0000000748c00000, 0x0000000800000000)
  region size 2048K, 2 young (4096K), 2 survivors (4096K)
 Metaspace       used 5616K, committed 5824K, reserved 1114112K
  class space    used 645K, committed 768K, reserved 1048576K
}
Event: 5.373 GC heap before
{Heap before GC invocations=1 (full 0):
 garbage-first heap   total 188416K, used 36352K [0x0000000748c00000, 0x0000000800000000)
  region size 2048K, 18 young (36864K), 2 survivors (4096K)
 Metaspace       used 9788K, committed 10048K, reserved 1114112K
  class space    used 1144K, committed 1280K, reserved 1048576K
}
Event: 5.381 GC heap after
{Heap after GC invocations=2 (full 0):
 garbage-first heap   total 188416K, used 5488K [0x0000000748c00000, 0x0000000800000000)
  region size 2048K, 1 young (2048K), 1 survivors (2048K)
 Metaspace       used 9788K, committed 10048K, reserved 1114112K
  class space    used 1144K, committed 1280K, reserved 1048576K
}

Dll operation events (8 events):
Event: 0.121 Loaded shared library C:\Program Files\Java\jdk-21\bin\java.dll
Event: 0.228 Loaded shared library C:\Program Files\Java\jdk-21\bin\jsvml.dll
Event: 0.285 Loaded shared library C:\Program Files\Java\jdk-21\bin\net.dll
Event: 0.289 Loaded shared library C:\Program Files\Java\jdk-21\bin\nio.dll
Event: 0.295 Loaded shared library C:\Program Files\Java\jdk-21\bin\zip.dll
Event: 0.897 Loaded shared library C:\Users\2oleg\Downloads\apache-maven-3.9.11-bin\apache-maven-3.9.11\lib\jansi-native\Windows\x86_64\jansi.dll
Event: 0.916 Loaded shared library C:\Program Files\Java\jdk-21\bin\jimage.dll
Event: 0.931 Loaded shared library C:\Program Files\Java\jdk-21\bin\verify.dll

Deoptimization events (20 events):
Event: 8.020 Thread 0x000002f110de1400 DEOPT PACKING pc=0x000002f12284a97c sp=0x000000f362afe0d0
Event: 8.020 Thread 0x000002f110de1400 DEOPT UNPACKING pc=0x000002f1221f46a2 sp=0x000000f362afe060 mode 2
Event: 8.169 Thread 0x000002f110de1400 Uncommon trap: trap_request=0xffffff45 fr.pc=0x000002f12274b5e8 relative=0x00000000000001c8
Event: 8.169 Thread 0x000002f110de1400 Uncommon trap: reason=unstable_if action=reinterpret pc=0x000002f12274b5e8 method=java.lang.String.indexOf(II)I @ 4 c2
Event: 8.169 Thread 0x000002f110de1400 DEOPT PACKING pc=0x000002f12274b5e8 sp=0x000000f362afe230
Event: 8.169 Thread 0x000002f110de1400 DEOPT UNPACKING pc=0x000002f1221f46a2 sp=0x000000f362afe160 mode 2
Event: 8.169 Thread 0x000002f110de1400 Uncommon trap: trap_request=0xffffff45 fr.pc=0x000002f12277ef88 relative=0x0000000000000628
Event: 8.181 Thread 0x000002f110de1400 Uncommon trap: reason=unstable_if action=reinterpret pc=0x000002f12277ef88 method=java.lang.String.substring(II)Ljava/lang/String; @ 31 c2
Event: 8.181 Thread 0x000002f110de1400 DEOPT PACKING pc=0x000002f12277ef88 sp=0x000000f362afe1d0
Event: 8.181 Thread 0x000002f110de1400 DEOPT UNPACKING pc=0x000002f1221f46a2 sp=0x000000f362afe1a0 mode 2
Event: 8.197 Thread 0x000002f110de1400 Uncommon trap: trap_request=0xffffff45 fr.pc=0x000002f12287bb68 relative=0x00000000000005a8
Event: 8.197 Thread 0x000002f110de1400 Uncommon trap: reason=unstable_if action=reinterpret pc=0x000002f12287bb68 method=java.lang.String.indexOf(Ljava/lang/String;)I @ 10 c2
Event: 8.197 Thread 0x000002f110de1400 DEOPT PACKING pc=0x000002f12287bb68 sp=0x000000f362afe510
Event: 8.197 Thread 0x000002f110de1400 DEOPT UNPACKING pc=0x000002f1221f46a2 sp=0x000000f362afe378 mode 2
Event: 8.439 Thread 0x000002f110de1400 Uncommon trap: trap_request=0xffffff45 fr.pc=0x000002f12274c19c relative=0x00000000000001fc
Event: 8.439 Thread 0x000002f110de1400 Uncommon trap: reason=unstable_if action=reinterpret pc=0x000002f12274c19c method=java.lang.String.indexOf(II)I @ 4 c2
Event: 8.439 Thread 0x000002f110de1400 DEOPT PACKING pc=0x000002f12274c19c sp=0x000000f362afe370
Event: 8.439 Thread 0x000002f110de1400 DEOPT UNPACKING pc=0x000002f1221f46a2 sp=0x000000f362afe2f8 mode 2
Event: 8.874 Thread 0x000002f110de1400 DEOPT PACKING pc=0x000002f11b24e2fd sp=0x000000f362afda60
Event: 8.874 Thread 0x000002f110de1400 DEOPT UNPACKING pc=0x000002f1221f4e42 sp=0x000000f362afcfa0 mode 0

Classes loaded (20 events):
Event: 7.881 Loading class java/util/stream/Streams$RangeIntSpliterator
Event: 7.881 Loading class java/util/stream/Streams$RangeIntSpliterator done
Event: 8.233 Loading class sun/nio/fs/WindowsException
Event: 8.233 Loading class sun/nio/fs/WindowsException done
Event: 8.233 Loading class sun/nio/fs/WindowsDirectoryStream
Event: 8.233 Loading class java/nio/file/DirectoryStream
Event: 8.233 Loading class java/nio/file/DirectoryStream done
Event: 8.233 Loading class sun/nio/fs/WindowsDirectoryStream done
Event: 8.234 Loading class java/nio/file/NoSuchFileException
Event: 8.234 Loading class java/nio/file/NoSuchFileException done
Event: 8.745 Loading class java/util/stream/MatchOps$MatchKind
Event: 8.745 Loading class java/util/stream/MatchOps$MatchKind done
Event: 8.745 Loading class java/util/stream/MatchOps
Event: 8.745 Loading class java/util/stream/MatchOps done
Event: 8.745 Loading class java/util/stream/MatchOps$MatchOp
Event: 8.746 Loading class java/util/stream/MatchOps$MatchOp done
Event: 8.746 Loading class java/util/stream/MatchOps$BooleanTerminalSink
Event: 8.746 Loading class java/util/stream/MatchOps$BooleanTerminalSink done
Event: 8.746 Loading class java/util/stream/MatchOps$1MatchSink
Event: 8.746 Loading class java/util/stream/MatchOps$1MatchSink done

Classes unloaded (0 events):
No events

Classes redefined (0 events):
No events

Internal exceptions (20 events):
Event: 6.402 Thread 0x000002f110de1400 Exception <a 'java/lang/NoSuchMethodError'{0x0000000753721f10}: 'void java.lang.invoke.Invokers$Holder.invokeExact_MT(java.lang.Object, java.lang.Object, java.lang.Object, java.lang.Object)'> (0x0000000753721f10) 
thrown [s\open\src\hotspot\share\interpreter\linkResolver.cpp, line 773]
Event: 6.467 Thread 0x000002f110de1400 Exception <a 'java/lang/NoClassDefFoundError'{0x00000007537b87e0}: com/google/inject/servlet/ServletModuleTargetVisitor> (0x00000007537b87e0) 
thrown [s\open\src\hotspot\share\classfile\systemDictionary.cpp, line 301]
Event: 6.636 Thread 0x000002f110de1400 Exception <a 'java/lang/NoSuchMethodError'{0x0000000753576e20}: 'void java.lang.invoke.DirectMethodHandle$Holder.invokeVirtual(java.lang.Object, java.lang.Object)'> (0x0000000753576e20) 
thrown [s\open\src\hotspot\share\interpreter\linkResolver.cpp, line 773]
Event: 6.747 Thread 0x000002f110de1400 Exception <a 'java/lang/NoSuchMethodError'{0x00000007535f6720}: 'java.lang.Object java.lang.invoke.DirectMethodHandle$Holder.invokeStaticInit(java.lang.Object, int, int, int, int)'> (0x00000007535f6720) 
thrown [s\open\src\hotspot\share\interpreter\linkResolver.cpp, line 773]
Event: 7.290 Thread 0x000002f110de1400 Implicit null exception at 0x000002f12276eca4 to 0x000002f12276f31c
Event: 7.290 Thread 0x000002f110de1400 Implicit null exception at 0x000002f12276c020 to 0x000002f12276c68c
Event: 7.393 Thread 0x000002f110de1400 Exception <a 'java/lang/NoSuchMethodError'{0x0000000752fc9e30}: 'void java.lang.invoke.DirectMethodHandle$Holder.invokeSpecial(java.lang.Object, java.lang.Object, java.lang.Object, java.lang.Object, java.lang.Object)'> (0x0000000752fc9e30) 
thrown [s\open\src\hotspot\share\interpreter\linkResolver.cpp, line 773]
Event: 7.396 Thread 0x000002f110de1400 Exception <a 'java/lang/NoSuchMethodError'{0x0000000752fdfd80}: 'void java.lang.invoke.DirectMethodHandle$Holder.invokeSpecial(java.lang.Object, java.lang.Object, java.lang.Object, java.lang.Object, java.lang.Object, java.lang.Object)'> (0x0000000752fdfd80) 
thrown [s\open\src\hotspot\share\interpreter\linkResolver.cpp, line 773]
Event: 7.416 Thread 0x000002f110de1400 Exception <a 'java/lang/NoSuchMethodError'{0x0000000752cd5160}: 'java.lang.Object java.lang.invoke.DirectMethodHandle$Holder.invokeVirtual(java.lang.Object, java.lang.Object, java.lang.Object)'> (0x0000000752cd5160) 
thrown [s\open\src\hotspot\share\interpreter\linkResolver.cpp, line 773]
Event: 7.566 Thread 0x000002f110de1400 Exception <a 'java/lang/NoSuchMethodError'{0x0000000752ab2f48}: 'void java.lang.invoke.DirectMethodHandle$Holder.invokeVirtual(java.lang.Object, java.lang.Object, int)'> (0x0000000752ab2f48) 
thrown [s\open\src\hotspot\share\interpreter\linkResolver.cpp, line 773]
Event: 7.566 Thread 0x000002f110de1400 Exception <a 'java/lang/NoSuchMethodError'{0x0000000752ab6cf8}: 'void java.lang.invoke.DirectMethodHandle$Holder.invokeSpecial(java.lang.Object, java.lang.Object, java.lang.Object, int)'> (0x0000000752ab6cf8) 
thrown [s\open\src\hotspot\share\interpreter\linkResolver.cpp, line 773]
Event: 7.567 Thread 0x000002f110de1400 Exception <a 'java/lang/NoSuchMethodError'{0x0000000752aba3c8}: 'void java.lang.invoke.DelegatingMethodHandle$Holder.reinvoke_L(java.lang.Object, java.lang.Object, int)'> (0x0000000752aba3c8) 
thrown [s\open\src\hotspot\share\interpreter\linkResolver.cpp, line 773]
Event: 8.233 Thread 0x000002f110de1400 Exception <a 'sun/nio/fs/WindowsException'{0x00000007523d1538}> (0x00000007523d1538) 
thrown [s\open\src\hotspot\share\prims\jni.cpp, line 520]
Event: 8.234 Thread 0x000002f110de1400 Exception <a 'sun/nio/fs/WindowsException'{0x00000007523d19b8}> (0x00000007523d19b8) 
thrown [s\open\src\hotspot\share\prims\jni.cpp, line 520]
Event: 8.870 Thread 0x000002f110de1400 Exception <a 'sun/nio/fs/WindowsException'{0x00000007514edfc8}> (0x00000007514edfc8) 
thrown [s\open\src\hotspot\share\prims\jni.cpp, line 520]
Event: 8.870 Thread 0x000002f110de1400 Exception <a 'sun/nio/fs/WindowsException'{0x00000007514ee328}> (0x00000007514ee328) 
thrown [s\open\src\hotspot\share\prims\jni.cpp, line 520]
Event: 8.873 Thread 0x000002f110de1400 Exception <a 'sun/nio/fs/WindowsException'{0x0000000751514fb8}> (0x0000000751514fb8) 
thrown [s\open\src\hotspot\share\prims\jni.cpp, line 520]
Event: 8.873 Thread 0x000002f110de1400 Exception <a 'sun/nio/fs/WindowsException'{0x00000007515152e0}> (0x00000007515152e0) 
thrown [s\open\src\hotspot\share\prims\jni.cpp, line 520]
Event: 8.880 Thread 0x000002f110de1400 Exception <a 'sun/nio/fs/WindowsException'{0x00000007515838c8}> (0x00000007515838c8) 
thrown [s\open\src\hotspot\share\prims\jni.cpp, line 520]
Event: 8.880 Thread 0x000002f110de1400 Exception <a 'sun/nio/fs/WindowsException'{0x0000000751583ba8}> (0x0000000751583ba8) 
thrown [s\open\src\hotspot\share\prims\jni.cpp, line 520]

ZGC Phase Switch (0 events):
No events

VM Operations (20 events):
Event: 6.059 Executing VM operation: HandshakeAllThreads (Deoptimize)
Event: 6.059 Executing VM operation: HandshakeAllThreads (Deoptimize) done
Event: 6.391 Executing VM operation: ICBufferFull
Event: 6.391 Executing VM operation: ICBufferFull done
Event: 6.395 Executing VM operation: HandshakeAllThreads (Deoptimize)
Event: 6.395 Executing VM operation: HandshakeAllThreads (Deoptimize) done
Event: 6.654 Executing VM operation: HandshakeAllThreads (Deoptimize)
Event: 6.654 Executing VM operation: HandshakeAllThreads (Deoptimize) done
Event: 6.792 Executing VM operation: HandshakeAllThreads (Deoptimize)
Event: 6.792 Executing VM operation: HandshakeAllThreads (Deoptimize) done
Event: 6.893 Executing VM operation: HandshakeAllThreads (Deoptimize)
Event: 6.893 Executing VM operation: HandshakeAllThreads (Deoptimize) done
Event: 7.010 Executing VM operation: HandshakeAllThreads (Deoptimize)
Event: 7.207 Executing VM operation: HandshakeAllThreads (Deoptimize) done
Event: 7.209 Executing VM operation: HandshakeAllThreads (Deoptimize)
Event: 7.209 Executing VM operation: HandshakeAllThreads (Deoptimize) done
Event: 7.533 Executing VM operation: ICBufferFull
Event: 7.533 Executing VM operation: ICBufferFull done
Event: 8.522 Executing VM operation: ICBufferFull
Event: 8.522 Executing VM operation: ICBufferFull done

Events (20 events):
Event: 0.213 Thread 0x000002f130a8f3a0 Thread added: 0x000002f130a8f3a0
Event: 0.213 Thread 0x000002f130a92310 Thread added: 0x000002f130a92310
Event: 0.213 Thread 0x000002f130a92d60 Thread added: 0x000002f130a92d60
Event: 0.214 Thread 0x000002f130a93f50 Thread added: 0x000002f130a93f50
Event: 0.214 Thread 0x000002f130a949a0 Thread added: 0x000002f130a949a0
Event: 0.214 Thread 0x000002f130a97730 Thread added: 0x000002f130a97730
Event: 0.214 Thread 0x000002f130a9a7c0 Thread added: 0x000002f130a9a7c0
Event: 0.251 Thread 0x000002f1760bcc60 Thread added: 0x000002f1760bcc60
Event: 0.255 Thread 0x000002f1760bf490 Thread added: 0x000002f1760bf490
Event: 0.784 Thread 0x000002f1764150d0 Thread added: 0x000002f1764150d0
Event: 0.957 Thread 0x000002f1764150d0 Thread exited: 0x000002f1764150d0
Event: 3.273 Thread 0x000002f17661b3d0 Thread added: 0x000002f17661b3d0
Event: 3.321 Thread 0x000002f176d9c640 Thread added: 0x000002f176d9c640
Event: 4.267 Thread 0x000002f176d9c640 Thread exited: 0x000002f176d9c640
Event: 5.505 Thread 0x000002f17661b3d0 Thread exited: 0x000002f17661b3d0
Event: 6.300 Thread 0x000002f177287ad0 Thread added: 0x000002f177287ad0
Event: 6.733 Thread 0x000002f177287ad0 Thread exited: 0x000002f177287ad0
Event: 6.951 Thread 0x000002f17603ef70 Thread added: 0x000002f17603ef70
Event: 7.424 Thread 0x000002f1777a52c0 Thread added: 0x000002f1777a52c0
Event: 8.728 Thread 0x000002f1777a52c0 Thread exited: 0x000002f1777a52c0


Dynamic libraries:
0x00007ff6a5e00000 - 0x00007ff6a5e10000 	C:\Program Files\Java\jdk-21\bin\java.exe
0x00007ff9f5930000 - 0x00007ff9f5b28000 	C:\WINDOWS\SYSTEM32\ntdll.dll
0x00007ff9f5400000 - 0x00007ff9f54c2000 	C:\WINDOWS\System32\KERNEL32.DLL
0x00007ff9f3130000 - 0x00007ff9f3426000 	C:\WINDOWS\System32\KERNELBASE.dll
0x00007ff9f3820000 - 0x00007ff9f3920000 	C:\WINDOWS\System32\ucrtbase.dll
0x00007ff9e2e70000 - 0x00007ff9e2e89000 	C:\Program Files\Java\jdk-21\bin\jli.dll
0x00007ff9f3da0000 - 0x00007ff9f3e51000 	C:\WINDOWS\System32\ADVAPI32.dll
0x00007ff9f5820000 - 0x00007ff9f58be000 	C:\WINDOWS\System32\msvcrt.dll
0x00007ff9f4800000 - 0x00007ff9f489f000 	C:\WINDOWS\System32\sechost.dll
0x00007ff9f3c10000 - 0x00007ff9f3d30000 	C:\WINDOWS\System32\RPCRT4.dll
0x00007ff9f3560000 - 0x00007ff9f3587000 	C:\WINDOWS\System32\bcrypt.dll
0x00007ff9f3f40000 - 0x00007ff9f40e1000 	C:\WINDOWS\System32\USER32.dll
0x00007ff9f3100000 - 0x00007ff9f3122000 	C:\WINDOWS\System32\win32u.dll
0x00007ff9e2dc0000 - 0x00007ff9e2ddb000 	C:\Program Files\Java\jdk-21\bin\VCRUNTIME140.dll
0x00007ff9f47c0000 - 0x00007ff9f47eb000 	C:\WINDOWS\System32\GDI32.dll
0x00007ff9e4da0000 - 0x00007ff9e503b000 	C:\WINDOWS\WinSxS\amd64_microsoft.windows.common-controls_6595b64144ccf1df_6.0.19041.6456_none_60b8a6cb71f64256\COMCTL32.dll
0x00007ff9f2f90000 - 0x00007ff9f30a9000 	C:\WINDOWS\System32\gdi32full.dll
0x00007ff9f3590000 - 0x00007ff9f362d000 	C:\WINDOWS\System32\msvcp_win.dll
0x00007ff9ecd10000 - 0x00007ff9ecd1a000 	C:\WINDOWS\SYSTEM32\VERSION.dll
0x00007ff9f3f10000 - 0x00007ff9f3f3f000 	C:\WINDOWS\System32\IMM32.DLL
0x00007ff9e25a0000 - 0x00007ff9e25ac000 	C:\Program Files\Java\jdk-21\bin\vcruntime140_1.dll
0x00007ff9d12b0000 - 0x00007ff9d133e000 	C:\Program Files\Java\jdk-21\bin\msvcp140.dll
0x00007ff9a2110000 - 0x00007ff9a2e2a000 	C:\Program Files\Java\jdk-21\bin\server\jvm.dll
0x00007ff9f4210000 - 0x00007ff9f427b000 	C:\WINDOWS\System32\WS2_32.dll
0x00007ff9e0140000 - 0x00007ff9e0167000 	C:\WINDOWS\SYSTEM32\WINMM.dll
0x00007ff9f2df0000 - 0x00007ff9f2e3b000 	C:\WINDOWS\SYSTEM32\POWRPROF.dll
0x00007ff9f2dd0000 - 0x00007ff9f2de2000 	C:\WINDOWS\SYSTEM32\UMPDC.dll
0x00007ff9f0dc0000 - 0x00007ff9f0dd2000 	C:\WINDOWS\SYSTEM32\kernel.appcore.dll
0x00007ff9e2590000 - 0x00007ff9e259a000 	C:\Program Files\Java\jdk-21\bin\jimage.dll
0x00007ff9df840000 - 0x00007ff9dfa41000 	C:\WINDOWS\SYSTEM32\DBGHELP.DLL
0x00007ff9dd350000 - 0x00007ff9dd384000 	C:\WINDOWS\SYSTEM32\dbgcore.DLL
0x00007ff9f3630000 - 0x00007ff9f36b2000 	C:\WINDOWS\System32\bcryptPrimitives.dll
0x00007ff9e2280000 - 0x00007ff9e229f000 	C:\Program Files\Java\jdk-21\bin\java.dll
0x00007ff9f4930000 - 0x00007ff9f50a0000 	C:\WINDOWS\System32\SHELL32.dll
0x00007ff9f0fc0000 - 0x00007ff9f1765000 	C:\WINDOWS\SYSTEM32\windows.storage.dll
0x00007ff9f50a0000 - 0x00007ff9f53f4000 	C:\WINDOWS\System32\combase.dll
0x00007ff9f28e0000 - 0x00007ff9f290b000 	C:\WINDOWS\SYSTEM32\Wldp.dll
0x00007ff9f46f0000 - 0x00007ff9f47bd000 	C:\WINDOWS\System32\OLEAUT32.dll
0x00007ff9f3920000 - 0x00007ff9f39cd000 	C:\WINDOWS\System32\SHCORE.dll
0x00007ff9f57c0000 - 0x00007ff9f581b000 	C:\WINDOWS\System32\shlwapi.dll
0x00007ff9f2ec0000 - 0x00007ff9f2ee4000 	C:\WINDOWS\SYSTEM32\profapi.dll
0x00007ff9c1e40000 - 0x00007ff9c1f17000 	C:\Program Files\Java\jdk-21\bin\jsvml.dll
0x00007ff9e2270000 - 0x00007ff9e2280000 	C:\Program Files\Java\jdk-21\bin\net.dll
0x00007ff9ec950000 - 0x00007ff9eca5a000 	C:\WINDOWS\SYSTEM32\WINHTTP.dll
0x00007ff9f25f0000 - 0x00007ff9f265a000 	C:\WINDOWS\system32\mswsock.dll
0x00007ff9e0dd0000 - 0x00007ff9e0de6000 	C:\Program Files\Java\jdk-21\bin\nio.dll
0x00007ff9e09b0000 - 0x00007ff9e09c8000 	C:\Program Files\Java\jdk-21\bin\zip.dll
0x00007ff9df250000 - 0x00007ff9df274000 	C:\Users\2oleg\Downloads\apache-maven-3.9.11-bin\apache-maven-3.9.11\lib\jansi-native\Windows\x86_64\jansi.dll
0x00007ff9e1970000 - 0x00007ff9e1980000 	C:\Program Files\Java\jdk-21\bin\verify.dll

dbghelp: loaded successfully - version: 4.0.5 - missing functions: none
symbol engine: initialized successfully - sym options: 0x614 - pdb path: .;C:\Program Files\Java\jdk-21\bin;C:\WINDOWS\SYSTEM32;C:\WINDOWS\WinSxS\amd64_microsoft.windows.common-controls_6595b64144ccf1df_6.0.19041.6456_none_60b8a6cb71f64256;C:\Program Files\Java\jdk-21\bin\server;C:\Users\2oleg\Downloads\apache-maven-3.9.11-bin\apache-maven-3.9.11\lib\jansi-native\Windows\x86_64

VM Arguments:
jvm_args: --enable-native-access=ALL-UNNAMED -Dclassworlds.conf=C:\Users\2oleg\Downloads\apache-maven-3.9.11-bin\apache-maven-3.9.11\bin\m2.conf -Dmaven.home=C:\Users\2oleg\Downloads\apache-maven-3.9.11-bin\apache-maven-3.9.11 -Dlibrary.jansi.path=C:\Users\2oleg\Downloads\apache-maven-3.9.11-bin\apache-maven-3.9.11\lib\jansi-native -Dmaven.multiModuleProjectDirectory=C:\Users\2oleg\Downloads\Telegram Desktop\Kefir\Backend\Sklad 
java_command: org.codehaus.plexus.classworlds.launcher.Launcher spring-boot:run -Dserver.port=8082 -DskipTests
java_class_path (initial): C:\Users\2oleg\Downloads\apache-maven-3.9.11-bin\apache-maven-3.9.11\boot\plexus-classworlds-2.9.0.jar
Launcher Type: SUN_STANDARD

[Global flags]
     intx CICompilerCount                          = 4                                         {product} {ergonomic}
     uint ConcGCThreads                            = 2                                         {product} {ergonomic}
     uint G1ConcRefinementThreads                  = 8                                         {product} {ergonomic}
   size_t G1HeapRegionSize                         = 2097152                                   {product} {ergonomic}
    uintx GCDrainStackTargetSize                   = 64                                        {product} {ergonomic}
   size_t InitialHeapSize                          = 192937984                                 {product} {ergonomic}
   size_t MarkStackSize                            = 4194304                                   {product} {ergonomic}
   size_t MaxHeapSize                              = 3074424832                                {product} {ergonomic}
   size_t MaxNewSize                               = 1843396608                                {product} {ergonomic}
   size_t MinHeapDeltaBytes                        = 2097152                                   {product} {ergonomic}
   size_t MinHeapSize                              = 8388608                                   {product} {ergonomic}
    uintx NonNMethodCodeHeapSize                   = 5839372                                {pd product} {ergonomic}
    uintx NonProfiledCodeHeapSize                  = 122909434                              {pd product} {ergonomic}
    uintx ProfiledCodeHeapSize                     = 122909434                              {pd product} {ergonomic}
    uintx ReservedCodeCacheSize                    = 251658240                              {pd product} {ergonomic}
     bool SegmentedCodeCache                       = true                                      {product} {ergonomic}
   size_t SoftMaxHeapSize                          = 3074424832                             {manageable} {ergonomic}
     bool UseCompressedOops                        = true                           {product lp64_product} {ergonomic}
     bool UseG1GC                                  = true                                      {product} {ergonomic}
     bool UseLargePagesIndividualAllocation        = false                                  {pd product} {ergonomic}

Logging:
Log output configuration:
 #0: stdout all=warning uptime,level,tags foldmultilines=false
 #1: stderr all=off uptime,level,tags foldmultilines=false

Environment Variables:
JAVA_HOME=C:\Program Files\Java\jdk-21
PATH=C:\Program Files\Common Files\Oracle\Java\javapath;C:\Program Files (x86)\Cuminas\Document Express DjVu Plug-in\;C:\Program Files (x86)\Razer Chroma SDK\bin;C:\Program Files\Razer Chroma SDK\bin;C:\WINDOWS\system32;C:\WINDOWS;C:\WINDOWS\System32\Wbem;C:\WINDOWS\System32\WindowsPowerShell\v1.0\;C:\WINDOWS\System32\OpenSSH\;C:\Program Files (x86)\NVIDIA Corporation\PhysX\Common;C:\WINDOWS\system32\config\systemprofile\AppData\Local\Microsoft\WindowsApps;C:\Program Files (x86)\Razer\ChromaBroadcast\bin;C:\Program Files\Razer\ChromaBroadcast\bin;C:\Users\2oleg\AppData\Local\Microsoft\WindowsApps;C:\Program Files\JetBrains\IntelliJ IDEA Community Edition 2024.3\bin;C:\Users\2oleg\AppData\Local\Programs\Microsoft VS Code\bin;C:\Program Files\Docker\Docker\resources\bin;C:\Users\2oleg\Downloads\curl-8.16.0_6-win64-mingw.zip\curl-8.16.0_6-win64-mingw\bin;C:\Users\2oleg\Downloads\curl-8.16.0_6-win64-mingw\curl-8.16.0_6-win64-mingw\bin;C:\Users\2oleg\Downloads\apache-maven-3.9.11-bin\apache-maven-3.9.11\bin;C:\ProgramData\chocolatey\bin;C:\Users\2oleg\AppData\Roaming\Cloud Foundry;C:\Program Files\Git\cmd;C:\Program Files\nodejs\;C:\Users\2oleg\AppData\Local\Muse Hub\lib;C:\Users\2oleg\AppData\Local\Microsoft\WindowsApps;C:\Program Files\JetBrains\IntelliJ IDEA Community Edition 2025.2.4\bin;C:\Users\2oleg\AppData\Local\Programs\Microsoft VS Code\bin;C:\Program Files\jq.exe;C:\Users\2oleg\AppData\Local\Microsoft\WinGet\Packages\jqlang.jq_Microsoft.Winget.Source_8wekyb3d8bbwe;C:\Program Files\Java\jdk-24;C:\Users\2oleg\Downloads\gradle-9.0.0-bin\gradle-9.0.0\bin;C:\Program Files\Docker\Docker\resources\bin;C:\Users\2oleg\AppData\Local\GitHubDesktop\bin;C:\Users\2oleg\AppData\Roaming\npm
USERNAME=2oleg
OS=Windows_NT
PROCESSOR_IDENTIFIER=Intel64 Family 6 Model 60 Stepping 3, GenuineIntel
TMP=C:\Users\2oleg\AppData\Local\Temp
TEMP=C:\Users\2oleg\AppData\Local\Temp




Periodic native trim disabled

---------------  S Y S T E M  ---------------

OS:
 Windows 10 , 64 bit Build 19041 (10.0.19041.5915)
OS uptime: 13 days 9:54 hours
Hyper-V role detected

CPU: total 8 (initial active 8) (4 cores per cpu, 2 threads per core) family 6 model 60 stepping 3 microcode 0x27, cx8, cmov, fxsr, ht, mmx, sse, sse2, sse3, ssse3, sse4.1, sse4.2, popcnt, lzcnt, tsc, tscinvbit, avx, avx2, aes, erms, clmul, bmi1, bmi2, fma, vzeroupper, clflush, hv, rdtscp, f16c
Processor Information for all 8 processors :
  Max Mhz: 2401, Current Mhz: 2401, Mhz Limit: 2401

Memory: 4k page, system-wide physical 11723M (883M free)
TotalPageFile size 23723M (AvailPageFile size 319M)
current process WorkingSet (physical memory assigned to process): 133M, peak: 133M
current process commit charge ("private bytes"): 304M, peak: 305M

vm_info: Java HotSpot(TM) 64-Bit Server VM (21.0.7+8-LTS-245) for windows-amd64 JRE (21.0.7+8-LTS-245), built on 2025-02-21T05:11:27Z by "mach5one" with MS VC++ 17.6 (VS2022)

END.
